[2024-02-16 10:25:59,560][    INFO] {'batch_size': 1,
 'conf_thresh': 0.95,
 'config': 'configs/ukbb.yaml',
 'crop_size': 256,
 'data_desc': 'UKBB Test Data - 1 Patients',
 'data_root': '/vol/aimspace/projects/ukbb/data/cardiac/cardiac_segmentations/subjects',
 'dataset': 'ukbb',
 'epochs': 1,
 'labeled_id_path': 'splits/ukbb/7/labeled.txt',
 'labeled_split': 'splits/ukbb/7/labeled.txt',
 'local_rank': 0,
 'lr': 0.01,
 'mode': 'test',
 'model': 'exp/acdc/unimatch/unet/7/best.pth',
 'model_desc': 'Unimatch Unet 7 Pretrained on ACDC',
 'nclass': 4,
 'ngpus': 1,
 'num_workers': 2,
 'port': 8013,
 'pred_mask_path': 'outputs/results/imgs/ukbb/unimatch_ukbb_pred_mask_',
 'results_path': 'outputs/results/csv/unimatch_ukbb_scores_test_1_patients.csv',
 'save_path': 'exp/ukbb/unimatch/unet/7',
 'test_split': 'splits/ukbb/test.txt',
 'unlabeled_id_path': 'splits/ukbb/7/unlabeled.txt',
 'unlabeled_split': 'splits/ukbb/7/unlabeled.txt',
 'val_split': 'splits/ukbb/val.txt'}

[2024-02-16 10:25:59,733][    INFO] Total params: 1.8M

[2024-02-16 10:26:01,304][    INFO] ===========> Epoch: 0, LR: 0.01000, Previous best: 0.00
[2024-02-16 10:26:02,823][    INFO] torch.Size([1, 1, 256, 256])
[2024-02-16 10:26:02,824][    INFO] torch.Size([1, 256, 256])
[2024-02-16 10:26:02,824][    INFO] torch.Size([1, 1, 256, 256])
[2024-02-16 10:26:02,824][    INFO] torch.Size([1, 1, 256, 256])
[2024-02-16 10:26:02,824][    INFO] torch.Size([1, 1, 256, 256])
[2024-02-16 10:26:02,824][    INFO] torch.Size([1, 256, 256])
[2024-02-16 10:26:02,824][    INFO] torch.Size([1, 256, 256])
[2024-02-16 10:26:02,824][    INFO] torch.Size([1, 1, 256, 256])
[2024-02-16 10:26:02,824][    INFO] torch.Size([1, 1, 256, 256])
[2024-02-16 10:26:02,824][    INFO] torch.Size([1, 1, 256, 256])
