[2024-02-16 14:14:45,820][    INFO] Unimatch Unet 7 Pretrained on UKBB
[2024-02-16 14:14:45,835][    INFO] UKBB Test Data - 1 Patients
[2024-02-16 14:14:51,684][    INFO] ***** Evaluation ***** >>>> Class [0 Right Ventricle] Dice: 39.03
[2024-02-16 14:14:51,684][    INFO] ***** Evaluation ***** >>>> Class [1 Myocardium] Dice: 83.87
[2024-02-16 14:14:51,684][    INFO] ***** Evaluation ***** >>>> Class [2 Left Ventricle] Dice: 91.82
[2024-02-16 14:14:51,684][    INFO] ***** Evaluation ***** >>>> MeanDice: 71.57

[2024-02-16 14:14:51,686][    INFO] ***** Evaluation ***** >>>> Class [0 Right Ventricle] Dice: 88.14
[2024-02-16 14:14:51,686][    INFO] ***** Evaluation ***** >>>> Class [1 Myocardium] Dice: 82.13
[2024-02-16 14:14:51,686][    INFO] ***** Evaluation ***** >>>> Class [2 Left Ventricle] Dice: 98.43
[2024-02-16 14:14:51,686][    INFO] ***** Evaluation ***** >>>> MeanDice: 89.56

[2024-02-16 14:14:51,735][    INFO] ***** Evaluation ***** >>>> Class [0 Right Ventricle] Dice: 96.76
[2024-02-16 14:14:51,735][    INFO] ***** Evaluation ***** >>>> Class [1 Myocardium] Dice: 88.66
[2024-02-16 14:14:51,735][    INFO] ***** Evaluation ***** >>>> Class [2 Left Ventricle] Dice: 98.11
[2024-02-16 14:14:51,735][    INFO] ***** Evaluation ***** >>>> MeanDice: 94.51

[2024-02-16 14:14:51,736][    INFO] ***** Evaluation ***** >>>> Class [0 Right Ventricle] Dice: 95.13
[2024-02-16 14:14:51,736][    INFO] ***** Evaluation ***** >>>> Class [1 Myocardium] Dice: 84.33
[2024-02-16 14:14:51,736][    INFO] ***** Evaluation ***** >>>> Class [2 Left Ventricle] Dice: 97.68
[2024-02-16 14:14:51,736][    INFO] ***** Evaluation ***** >>>> MeanDice: 92.38

[2024-02-16 14:14:51,737][    INFO] ***** Evaluation ***** >>>> Class [0 Right Ventricle] Dice: 83.72
[2024-02-16 14:14:51,737][    INFO] ***** Evaluation ***** >>>> Class [1 Myocardium] Dice: 86.07
[2024-02-16 14:14:51,737][    INFO] ***** Evaluation ***** >>>> Class [2 Left Ventricle] Dice: 97.29
[2024-02-16 14:14:51,737][    INFO] ***** Evaluation ***** >>>> MeanDice: 89.03

[2024-02-16 14:14:51,738][    INFO] ***** Evaluation ***** >>>> Class [0 Right Ventricle] Dice: 28.12
[2024-02-16 14:14:51,738][    INFO] ***** Evaluation ***** >>>> Class [1 Myocardium] Dice: 68.24
[2024-02-16 14:14:51,738][    INFO] ***** Evaluation ***** >>>> Class [2 Left Ventricle] Dice: 89.33
[2024-02-16 14:14:51,738][    INFO] ***** Evaluation ***** >>>> MeanDice: 61.90

[2024-02-16 14:14:51,739][    INFO] ***** Evaluation ***** >>>> Class [0 Right Ventricle] Dice: 0.00
[2024-02-16 14:14:51,739][    INFO] ***** Evaluation ***** >>>> Class [1 Myocardium] Dice: 72.00
[2024-02-16 14:14:51,739][    INFO] ***** Evaluation ***** >>>> Class [2 Left Ventricle] Dice: 81.35
[2024-02-16 14:14:51,739][    INFO] ***** Evaluation ***** >>>> MeanDice: 51.12

[2024-02-16 14:14:51,739][    INFO] ***** Evaluation ***** >>>> Class [0 Right Ventricle] Dice: 0.00
[2024-02-16 14:14:51,739][    INFO] ***** Evaluation ***** >>>> Class [1 Myocardium] Dice: 66.51
[2024-02-16 14:14:51,739][    INFO] ***** Evaluation ***** >>>> Class [2 Left Ventricle] Dice: 75.84
[2024-02-16 14:14:51,739][    INFO] ***** Evaluation ***** >>>> MeanDice: 47.45

[2024-02-16 14:14:51,740][    INFO] ***** Evaluation ***** >>>> Class [0 Right Ventricle] Dice: 100.00
[2024-02-16 14:14:51,740][    INFO] ***** Evaluation ***** >>>> Class [1 Myocardium] Dice: 0.00
[2024-02-16 14:14:51,740][    INFO] ***** Evaluation ***** >>>> Class [2 Left Ventricle] Dice: 0.00
[2024-02-16 14:14:51,740][    INFO] ***** Evaluation ***** >>>> MeanDice: 33.33

[2024-02-16 14:14:51,741][    INFO] ***** Evaluation ***** >>>> Class [0 Right Ventricle] Dice: 100.00
[2024-02-16 14:14:51,741][    INFO] ***** Evaluation ***** >>>> Class [1 Myocardium] Dice: 0.00
[2024-02-16 14:14:51,741][    INFO] ***** Evaluation ***** >>>> Class [2 Left Ventricle] Dice: 100.00
[2024-02-16 14:14:51,741][    INFO] ***** Evaluation ***** >>>> MeanDice: 66.67

[2024-02-16 14:14:51,742][    INFO] ***** Evaluation ***** >>>> Class [0 Right Ventricle] Dice: 0.00
[2024-02-16 14:14:51,742][    INFO] ***** Evaluation ***** >>>> Class [1 Myocardium] Dice: 0.00
[2024-02-16 14:14:51,742][    INFO] ***** Evaluation ***** >>>> Class [2 Left Ventricle] Dice: 0.00
[2024-02-16 14:14:51,742][    INFO] ***** Evaluation ***** >>>> MeanDice: 0.00

[2024-02-16 14:14:52,580][    INFO] ***** Evaluation ***** >>>> Class [0 Right Ventricle] Dice: 0.00
[2024-02-16 14:14:52,580][    INFO] ***** Evaluation ***** >>>> Class [1 Myocardium] Dice: 0.00
[2024-02-16 14:14:52,580][    INFO] ***** Evaluation ***** >>>> Class [2 Left Ventricle] Dice: 0.00
[2024-02-16 14:14:52,580][    INFO] ***** Evaluation ***** >>>> MeanDice: 0.00

[2024-02-16 14:14:52,582][    INFO] ***** Evaluation ***** >>>> Class [0 Right Ventricle] Dice: 5.63
[2024-02-16 14:14:52,582][    INFO] ***** Evaluation ***** >>>> Class [1 Myocardium] Dice: 0.00
[2024-02-16 14:14:52,582][    INFO] ***** Evaluation ***** >>>> Class [2 Left Ventricle] Dice: 0.00
[2024-02-16 14:14:52,582][    INFO] ***** Evaluation ***** >>>> MeanDice: 1.88

[2024-02-16 14:14:52,584][    INFO] ***** Evaluation ***** >>>> Class [0 Right Ventricle] Dice: 44.27
[2024-02-16 14:14:52,584][    INFO] ***** Evaluation ***** >>>> Class [1 Myocardium] Dice: 80.54
[2024-02-16 14:14:52,584][    INFO] ***** Evaluation ***** >>>> Class [2 Left Ventricle] Dice: 95.72
[2024-02-16 14:14:52,584][    INFO] ***** Evaluation ***** >>>> MeanDice: 73.51

[2024-02-16 14:14:52,586][    INFO] ***** Evaluation ***** >>>> Class [0 Right Ventricle] Dice: 77.85
[2024-02-16 14:14:52,586][    INFO] ***** Evaluation ***** >>>> Class [1 Myocardium] Dice: 89.62
[2024-02-16 14:14:52,586][    INFO] ***** Evaluation ***** >>>> Class [2 Left Ventricle] Dice: 97.76
[2024-02-16 14:14:52,586][    INFO] ***** Evaluation ***** >>>> MeanDice: 88.41

[2024-02-16 14:14:52,587][    INFO] ***** Evaluation ***** >>>> Class [0 Right Ventricle] Dice: 80.56
[2024-02-16 14:14:52,587][    INFO] ***** Evaluation ***** >>>> Class [1 Myocardium] Dice: 84.95
[2024-02-16 14:14:52,587][    INFO] ***** Evaluation ***** >>>> Class [2 Left Ventricle] Dice: 90.49
[2024-02-16 14:14:52,588][    INFO] ***** Evaluation ***** >>>> MeanDice: 85.33

[2024-02-16 14:14:52,589][    INFO] ***** Evaluation ***** >>>> Class [0 Right Ventricle] Dice: 0.00
[2024-02-16 14:14:52,589][    INFO] ***** Evaluation ***** >>>> Class [1 Myocardium] Dice: 76.15
[2024-02-16 14:14:52,589][    INFO] ***** Evaluation ***** >>>> Class [2 Left Ventricle] Dice: 81.43
[2024-02-16 14:14:52,589][    INFO] ***** Evaluation ***** >>>> MeanDice: 52.53

[2024-02-16 14:14:52,591][    INFO] ***** Evaluation ***** >>>> Class [0 Right Ventricle] Dice: 0.00
[2024-02-16 14:14:52,591][    INFO] ***** Evaluation ***** >>>> Class [1 Myocardium] Dice: 54.51
[2024-02-16 14:14:52,591][    INFO] ***** Evaluation ***** >>>> Class [2 Left Ventricle] Dice: 63.00
[2024-02-16 14:14:52,591][    INFO] ***** Evaluation ***** >>>> MeanDice: 39.17

[2024-02-16 14:14:52,592][    INFO] ***** Evaluation ***** >>>> Class [0 Right Ventricle] Dice: 0.00
[2024-02-16 14:14:52,592][    INFO] ***** Evaluation ***** >>>> Class [1 Myocardium] Dice: 0.00
[2024-02-16 14:14:52,592][    INFO] ***** Evaluation ***** >>>> Class [2 Left Ventricle] Dice: 0.00
[2024-02-16 14:14:52,592][    INFO] ***** Evaluation ***** >>>> MeanDice: 0.00

[2024-02-16 14:14:52,594][    INFO] ***** Evaluation ***** >>>> Class [0 Right Ventricle] Dice: 100.00
[2024-02-16 14:14:52,594][    INFO] ***** Evaluation ***** >>>> Class [1 Myocardium] Dice: 0.00
[2024-02-16 14:14:52,594][    INFO] ***** Evaluation ***** >>>> Class [2 Left Ventricle] Dice: 0.00
[2024-02-16 14:14:52,594][    INFO] ***** Evaluation ***** >>>> MeanDice: 33.33

[2024-02-16 14:14:52,595][    INFO] ***** Evaluation ***** >>>> Class [0 Right Ventricle] Dice: 100.00
[2024-02-16 14:14:52,595][    INFO] ***** Evaluation ***** >>>> Class [1 Myocardium] Dice: 100.00
[2024-02-16 14:14:52,595][    INFO] ***** Evaluation ***** >>>> Class [2 Left Ventricle] Dice: 100.00
[2024-02-16 14:14:52,595][    INFO] ***** Evaluation ***** >>>> MeanDice: 100.00

[2024-02-16 14:14:52,600][    INFO] ***** Evaluation ***** >>>> Class [0 Right Ventricle] Dice: 0.00
[2024-02-16 14:14:52,600][    INFO] ***** Evaluation ***** >>>> Class [1 Myocardium] Dice: 0.00
[2024-02-16 14:14:52,600][    INFO] ***** Evaluation ***** >>>> Class [2 Left Ventricle] Dice: 0.00
[2024-02-16 14:14:52,600][    INFO] ***** Evaluation ***** >>>> MeanDice: 0.00

