[2024-02-16 12:43:48,705][    INFO] {'batch_size': 1,
 'conf_thresh': 0.95,
 'config': 'configs/ukbb.yaml',
 'crop_size': 256,
 'data_desc': 'UKBB Train Data - 8 Labeled Patients, 8 Unlabeled Patients',
 'data_root': '/vol/aimspace/projects/ukbb/data/cardiac/cardiac_segmentations/subjects',
 'dataset': 'ukbb',
 'epochs': 10,
 'labeled_id_path': 'splits/ukbb/7/labeled.txt',
 'labeled_split': 'splits/ukbb/7/labeled.txt',
 'local_rank': 0,
 'lr': 0.01,
 'mode': 'test',
 'model': 'exp/acdc/unimatch/unet/7/best.pth',
 'model_desc': 'Unimatch Unet 7 Training on UKBB',
 'nclass': 4,
 'ngpus': 1,
 'num_workers': 2,
 'port': 8013,
 'pred_mask_path': 'outputs/results/imgs/ukbb/unimatch_ukbb_pred_mask_',
 'results_path': 'outputs/results/csv/unimatch_ukbb_scores_test_1_patients.csv',
 'save_path': 'exp/ukbb/unimatch/unet/7',
 'test_split': 'splits/ukbb/test.txt',
 'unlabeled_id_path': 'splits/ukbb/7/unlabeled.txt',
 'unlabeled_split': 'splits/ukbb/7/unlabeled.txt',
 'val_split': 'splits/ukbb/val.txt'}

[2024-02-16 12:43:48,788][    INFO] Total params: 1.8M

[2024-02-16 12:43:50,638][    INFO] ===========> Epoch: 0, LR: 0.01000, Previous best: 0.00
[2024-02-16 12:43:54,395][    INFO] Iters: 0, Total loss: 0.990, Loss x: 1.218, Loss s: 0.767, Loss w_fp: 0.757, Mask ratio: 0.000
[2024-02-16 12:43:54,477][    INFO] Iters: 1, Total loss: 0.977, Loss x: 1.196, Loss s: 0.763, Loss w_fp: 0.752, Mask ratio: 0.000
[2024-02-16 12:43:54,550][    INFO] Iters: 2, Total loss: 0.842, Loss x: 1.179, Loss s: 0.509, Loss w_fp: 0.501, Mask ratio: 0.000
[2024-02-16 12:43:54,611][    INFO] Iters: 3, Total loss: 0.769, Loss x: 1.159, Loss s: 0.382, Loss w_fp: 0.376, Mask ratio: 0.000
[2024-02-16 12:43:54,685][    INFO] Iters: 4, Total loss: 0.720, Loss x: 1.138, Loss s: 0.305, Loss w_fp: 0.301, Mask ratio: 0.000
[2024-02-16 12:43:54,747][    INFO] Iters: 5, Total loss: 0.684, Loss x: 1.115, Loss s: 0.254, Loss w_fp: 0.251, Mask ratio: 0.000
[2024-02-16 12:43:54,848][    INFO] Iters: 6, Total loss: 0.653, Loss x: 1.090, Loss s: 0.218, Loss w_fp: 0.215, Mask ratio: 0.000
[2024-02-16 12:43:54,939][    INFO] Iters: 7, Total loss: 0.675, Loss x: 1.066, Loss s: 0.285, Loss w_fp: 0.282, Mask ratio: 0.000
Traceback (most recent call last):
  File "/vol/aimspace/users/khattab/UniMatch/more-scenarios/medical/unimatch_ukbb.py", line 279, in <module>
    main()
  File "/vol/aimspace/users/khattab/UniMatch/more-scenarios/medical/unimatch_ukbb.py", line 244, in main
    pred_class = (pred[slice] == cls).float()
IndexError: only integers, slices (`:`), ellipsis (`...`), None and long or byte Variables are valid indices (got type)
