[2024-02-16 12:48:04,065][    INFO] {'batch_size': 1,
 'conf_thresh': 0.95,
 'config': 'configs/ukbb.yaml',
 'crop_size': 256,
 'data_desc': 'UKBB Train Data - 8 Labeled Patients, 8 Unlabeled Patients',
 'data_root': '/vol/aimspace/projects/ukbb/data/cardiac/cardiac_segmentations/subjects',
 'dataset': 'ukbb',
 'epochs': 10,
 'labeled_id_path': 'splits/ukbb/7/labeled.txt',
 'labeled_split': 'splits/ukbb/7/labeled.txt',
 'local_rank': 0,
 'lr': 0.01,
 'mode': 'test',
 'model': 'exp/acdc/unimatch/unet/7/best.pth',
 'model_desc': 'Unimatch Unet 7 Training on UKBB',
 'nclass': 4,
 'ngpus': 1,
 'num_workers': 2,
 'port': 8013,
 'pred_mask_path': 'outputs/results/imgs/ukbb/unimatch_ukbb_pred_mask_',
 'results_path': 'outputs/results/csv/unimatch_ukbb_scores_test_1_patients.csv',
 'save_path': 'exp/ukbb/unimatch/unet/7',
 'test_split': 'splits/ukbb/test.txt',
 'unlabeled_id_path': 'splits/ukbb/7/unlabeled.txt',
 'unlabeled_split': 'splits/ukbb/7/unlabeled.txt',
 'val_split': 'splits/ukbb/val.txt'}

[2024-02-16 12:48:04,276][    INFO] Total params: 1.8M

[2024-02-16 12:48:05,723][    INFO] ===========> Epoch: 0, LR: 0.01000, Previous best: 0.00
[2024-02-16 12:48:09,513][    INFO] Iters: 0, Total loss: 0.589, Loss x: 1.179, Loss s: 0.000, Loss w_fp: 0.000, Mask ratio: 0.000
[2024-02-16 12:48:09,581][    INFO] Iters: 1, Total loss: 0.591, Loss x: 1.183, Loss s: 0.000, Loss w_fp: 0.000, Mask ratio: 0.000
[2024-02-16 12:48:09,637][    INFO] Iters: 2, Total loss: 0.578, Loss x: 1.156, Loss s: 0.000, Loss w_fp: 0.000, Mask ratio: 0.000
[2024-02-16 12:48:09,709][    INFO] Iters: 3, Total loss: 0.567, Loss x: 1.135, Loss s: 0.000, Loss w_fp: 0.000, Mask ratio: 0.000
[2024-02-16 12:48:09,845][    INFO] Iters: 4, Total loss: 0.560, Loss x: 1.119, Loss s: 0.000, Loss w_fp: 0.000, Mask ratio: 0.000
[2024-02-16 12:48:10,006][    INFO] Iters: 5, Total loss: 0.548, Loss x: 1.095, Loss s: 0.000, Loss w_fp: 0.000, Mask ratio: 0.000
[2024-02-16 12:48:10,212][    INFO] Iters: 6, Total loss: 0.536, Loss x: 1.072, Loss s: 0.000, Loss w_fp: 0.000, Mask ratio: 0.000
[2024-02-16 12:48:10,432][    INFO] Iters: 7, Total loss: 0.520, Loss x: 1.039, Loss s: 0.000, Loss w_fp: 0.000, Mask ratio: 0.000
[2024-02-16 12:48:11,985][    INFO] ***** Evaluation ***** >>>> Class [0 Right Ventricle] Dice: 0.00
[2024-02-16 12:48:11,986][    INFO] ***** Evaluation ***** >>>> Class [1 Myocardium] Dice: 0.00
[2024-02-16 12:48:11,986][    INFO] ***** Evaluation ***** >>>> Class [2 Left Ventricle] Dice: 0.00
[2024-02-16 12:48:11,986][    INFO] ***** Evaluation ***** >>>> MeanDice: 0.00

[2024-02-16 12:48:12,483][    INFO] ===========> Epoch: 1, LR: 0.00921, Previous best: 0.00
[2024-02-16 12:48:12,866][    INFO] Iters: 0, Total loss: 0.775, Loss x: 0.774, Loss s: 0.755, Loss w_fp: 0.799, Mask ratio: 0.000
[2024-02-16 12:48:13,002][    INFO] Iters: 1, Total loss: 0.766, Loss x: 0.761, Loss s: 0.787, Loss w_fp: 0.757, Mask ratio: 0.000
[2024-02-16 12:48:13,205][    INFO] Iters: 2, Total loss: 0.752, Loss x: 0.743, Loss s: 0.766, Loss w_fp: 0.755, Mask ratio: 0.000
[2024-02-16 12:48:13,436][    INFO] Iters: 3, Total loss: 0.738, Loss x: 0.716, Loss s: 0.765, Loss w_fp: 0.754, Mask ratio: 0.000
[2024-02-16 12:48:13,581][    INFO] Iters: 4, Total loss: 0.697, Loss x: 0.693, Loss s: 0.761, Loss w_fp: 0.640, Mask ratio: 0.000
[2024-02-16 12:48:13,711][    INFO] Iters: 5, Total loss: 0.690, Loss x: 0.671, Loss s: 0.760, Loss w_fp: 0.659, Mask ratio: 0.003
[2024-02-16 12:48:13,877][    INFO] Iters: 6, Total loss: 0.683, Loss x: 0.650, Loss s: 0.758, Loss w_fp: 0.672, Mask ratio: 0.008
[2024-02-16 12:48:13,927][    INFO] Iters: 7, Total loss: 0.678, Loss x: 0.636, Loss s: 0.758, Loss w_fp: 0.681, Mask ratio: 0.013
[2024-02-16 12:48:15,078][    INFO] ***** Evaluation ***** >>>> Class [0 Right Ventricle] Dice: 0.00
[2024-02-16 12:48:15,079][    INFO] ***** Evaluation ***** >>>> Class [1 Myocardium] Dice: 0.00
[2024-02-16 12:48:15,079][    INFO] ***** Evaluation ***** >>>> Class [2 Left Ventricle] Dice: 0.00
[2024-02-16 12:48:15,079][    INFO] ***** Evaluation ***** >>>> MeanDice: 0.00

[2024-02-16 12:48:15,370][    INFO] ===========> Epoch: 2, LR: 0.00830, Previous best: 0.00
[2024-02-16 12:48:15,821][    INFO] Iters: 0, Total loss: 0.617, Loss x: 0.485, Loss s: 0.750, Loss w_fp: 0.750, Mask ratio: 0.050
[2024-02-16 12:48:15,886][    INFO] Iters: 1, Total loss: 0.627, Loss x: 0.503, Loss s: 0.750, Loss w_fp: 0.750, Mask ratio: 0.066
[2024-02-16 12:48:15,956][    INFO] Iters: 2, Total loss: 0.622, Loss x: 0.494, Loss s: 0.751, Loss w_fp: 0.750, Mask ratio: 0.098
[2024-02-16 12:48:16,020][    INFO] Iters: 3, Total loss: 0.630, Loss x: 0.509, Loss s: 0.751, Loss w_fp: 0.750, Mask ratio: 0.099
[2024-02-16 12:48:16,079][    INFO] Iters: 4, Total loss: 0.626, Loss x: 0.502, Loss s: 0.751, Loss w_fp: 0.751, Mask ratio: 0.140
[2024-02-16 12:48:16,244][    INFO] Iters: 5, Total loss: 0.624, Loss x: 0.498, Loss s: 0.751, Loss w_fp: 0.751, Mask ratio: 0.143
[2024-02-16 12:48:16,392][    INFO] Iters: 6, Total loss: 0.619, Loss x: 0.487, Loss s: 0.751, Loss w_fp: 0.751, Mask ratio: 0.200
[2024-02-16 12:48:16,578][    INFO] Iters: 7, Total loss: 0.617, Loss x: 0.483, Loss s: 0.751, Loss w_fp: 0.751, Mask ratio: 0.221
[2024-02-16 12:48:17,692][    INFO] ***** Evaluation ***** >>>> Class [0 Right Ventricle] Dice: 0.00
[2024-02-16 12:48:17,692][    INFO] ***** Evaluation ***** >>>> Class [1 Myocardium] Dice: 0.00
[2024-02-16 12:48:17,692][    INFO] ***** Evaluation ***** >>>> Class [2 Left Ventricle] Dice: 0.00
[2024-02-16 12:48:17,692][    INFO] ***** Evaluation ***** >>>> MeanDice: 0.00

[2024-02-16 12:48:17,941][    INFO] ===========> Epoch: 3, LR: 0.00737, Previous best: 0.00
[2024-02-16 12:48:18,409][    INFO] Iters: 0, Total loss: 0.615, Loss x: 0.478, Loss s: 0.750, Loss w_fp: 0.753, Mask ratio: 0.443
[2024-02-16 12:48:18,487][    INFO] Iters: 1, Total loss: 0.606, Loss x: 0.462, Loss s: 0.750, Loss w_fp: 0.752, Mask ratio: 0.433
[2024-02-16 12:48:18,636][    INFO] Iters: 2, Total loss: 0.599, Loss x: 0.446, Loss s: 0.750, Loss w_fp: 0.752, Mask ratio: 0.527
[2024-02-16 12:48:18,854][    INFO] Iters: 3, Total loss: 0.593, Loss x: 0.434, Loss s: 0.750, Loss w_fp: 0.752, Mask ratio: 0.547
[2024-02-16 12:48:19,036][    INFO] Iters: 4, Total loss: 0.592, Loss x: 0.432, Loss s: 0.750, Loss w_fp: 0.752, Mask ratio: 0.580
[2024-02-16 12:48:19,169][    INFO] Iters: 5, Total loss: 0.590, Loss x: 0.430, Loss s: 0.750, Loss w_fp: 0.751, Mask ratio: 0.603
[2024-02-16 12:48:19,314][    INFO] Iters: 6, Total loss: 0.591, Loss x: 0.430, Loss s: 0.750, Loss w_fp: 0.751, Mask ratio: 0.611
[2024-02-16 12:48:19,428][    INFO] Iters: 7, Total loss: 0.591, Loss x: 0.432, Loss s: 0.750, Loss w_fp: 0.751, Mask ratio: 0.626
[2024-02-16 12:48:20,698][    INFO] ***** Evaluation ***** >>>> Class [0 Right Ventricle] Dice: 0.00
[2024-02-16 12:48:20,698][    INFO] ***** Evaluation ***** >>>> Class [1 Myocardium] Dice: 0.00
[2024-02-16 12:48:20,698][    INFO] ***** Evaluation ***** >>>> Class [2 Left Ventricle] Dice: 0.00
[2024-02-16 12:48:20,698][    INFO] ***** Evaluation ***** >>>> MeanDice: 0.00

[2024-02-16 12:48:20,944][    INFO] ===========> Epoch: 4, LR: 0.00643, Previous best: 0.00
[2024-02-16 12:48:21,431][    INFO] Iters: 0, Total loss: 0.588, Loss x: 0.425, Loss s: 0.750, Loss w_fp: 0.751, Mask ratio: 0.704
[2024-02-16 12:48:21,492][    INFO] Iters: 1, Total loss: 0.590, Loss x: 0.429, Loss s: 0.750, Loss w_fp: 0.750, Mask ratio: 0.675
[2024-02-16 12:48:21,604][    INFO] Iters: 2, Total loss: 0.584, Loss x: 0.417, Loss s: 0.750, Loss w_fp: 0.750, Mask ratio: 0.687
[2024-02-16 12:48:21,750][    INFO] Iters: 3, Total loss: 0.585, Loss x: 0.420, Loss s: 0.750, Loss w_fp: 0.750, Mask ratio: 0.699
[2024-02-16 12:48:22,061][    INFO] Iters: 4, Total loss: 0.582, Loss x: 0.414, Loss s: 0.750, Loss w_fp: 0.750, Mask ratio: 0.716
[2024-02-16 12:48:22,280][    INFO] Iters: 5, Total loss: 0.584, Loss x: 0.417, Loss s: 0.750, Loss w_fp: 0.750, Mask ratio: 0.720
[2024-02-16 12:48:22,440][    INFO] Iters: 6, Total loss: 0.582, Loss x: 0.414, Loss s: 0.750, Loss w_fp: 0.750, Mask ratio: 0.720
[2024-02-16 12:48:22,531][    INFO] Iters: 7, Total loss: 0.583, Loss x: 0.415, Loss s: 0.750, Loss w_fp: 0.750, Mask ratio: 0.726
[2024-02-16 12:48:23,381][    INFO] ***** Evaluation ***** >>>> Class [0 Right Ventricle] Dice: 0.00
[2024-02-16 12:48:23,381][    INFO] ***** Evaluation ***** >>>> Class [1 Myocardium] Dice: 0.00
[2024-02-16 12:48:23,381][    INFO] ***** Evaluation ***** >>>> Class [2 Left Ventricle] Dice: 0.00
[2024-02-16 12:48:23,381][    INFO] ***** Evaluation ***** >>>> MeanDice: 0.00

[2024-02-16 12:48:23,623][    INFO] ===========> Epoch: 5, LR: 0.00548, Previous best: 0.00
[2024-02-16 12:48:24,076][    INFO] Iters: 0, Total loss: 0.567, Loss x: 0.383, Loss s: 0.750, Loss w_fp: 0.751, Mask ratio: 0.765
[2024-02-16 12:48:24,160][    INFO] Iters: 1, Total loss: 0.576, Loss x: 0.401, Loss s: 0.750, Loss w_fp: 0.751, Mask ratio: 0.761
[2024-02-16 12:48:24,296][    INFO] Iters: 2, Total loss: 0.577, Loss x: 0.404, Loss s: 0.750, Loss w_fp: 0.751, Mask ratio: 0.787
[2024-02-16 12:48:24,416][    INFO] Iters: 3, Total loss: 0.576, Loss x: 0.402, Loss s: 0.750, Loss w_fp: 0.751, Mask ratio: 0.774
[2024-02-16 12:48:24,567][    INFO] Iters: 4, Total loss: 0.577, Loss x: 0.403, Loss s: 0.750, Loss w_fp: 0.751, Mask ratio: 0.786
[2024-02-16 12:48:24,687][    INFO] Iters: 5, Total loss: 0.576, Loss x: 0.402, Loss s: 0.750, Loss w_fp: 0.751, Mask ratio: 0.785
[2024-02-16 12:48:24,818][    INFO] Iters: 6, Total loss: 0.574, Loss x: 0.398, Loss s: 0.750, Loss w_fp: 0.751, Mask ratio: 0.785
[2024-02-16 12:48:24,923][    INFO] Iters: 7, Total loss: 0.576, Loss x: 0.401, Loss s: 0.750, Loss w_fp: 0.751, Mask ratio: 0.783
[2024-02-16 12:48:26,488][    INFO] ***** Evaluation ***** >>>> Class [0 Right Ventricle] Dice: 0.00
[2024-02-16 12:48:26,488][    INFO] ***** Evaluation ***** >>>> Class [1 Myocardium] Dice: 0.00
[2024-02-16 12:48:26,489][    INFO] ***** Evaluation ***** >>>> Class [2 Left Ventricle] Dice: 0.00
[2024-02-16 12:48:26,489][    INFO] ***** Evaluation ***** >>>> MeanDice: 0.00

[2024-02-16 12:48:26,794][    INFO] ===========> Epoch: 6, LR: 0.00451, Previous best: 0.00
[2024-02-16 12:48:27,302][    INFO] Iters: 0, Total loss: 0.570, Loss x: 0.389, Loss s: 0.750, Loss w_fp: 0.751, Mask ratio: 0.692
[2024-02-16 12:48:27,367][    INFO] Iters: 1, Total loss: 0.578, Loss x: 0.405, Loss s: 0.750, Loss w_fp: 0.751, Mask ratio: 0.721
[2024-02-16 12:48:27,444][    INFO] Iters: 2, Total loss: 0.571, Loss x: 0.391, Loss s: 0.750, Loss w_fp: 0.751, Mask ratio: 0.731
[2024-02-16 12:48:27,505][    INFO] Iters: 3, Total loss: 0.572, Loss x: 0.394, Loss s: 0.750, Loss w_fp: 0.751, Mask ratio: 0.748
[2024-02-16 12:48:27,639][    INFO] Iters: 4, Total loss: 0.574, Loss x: 0.397, Loss s: 0.750, Loss w_fp: 0.751, Mask ratio: 0.749
[2024-02-16 12:48:27,788][    INFO] Iters: 5, Total loss: 0.571, Loss x: 0.391, Loss s: 0.751, Loss w_fp: 0.751, Mask ratio: 0.749
[2024-02-16 12:48:27,946][    INFO] Iters: 6, Total loss: 0.573, Loss x: 0.395, Loss s: 0.750, Loss w_fp: 0.751, Mask ratio: 0.744
[2024-02-16 12:48:28,065][    INFO] Iters: 7, Total loss: 0.572, Loss x: 0.394, Loss s: 0.750, Loss w_fp: 0.751, Mask ratio: 0.751
[2024-02-16 12:48:29,371][    INFO] ***** Evaluation ***** >>>> Class [0 Right Ventricle] Dice: 0.00
[2024-02-16 12:48:29,371][    INFO] ***** Evaluation ***** >>>> Class [1 Myocardium] Dice: 0.00
[2024-02-16 12:48:29,371][    INFO] ***** Evaluation ***** >>>> Class [2 Left Ventricle] Dice: 0.00
[2024-02-16 12:48:29,371][    INFO] ***** Evaluation ***** >>>> MeanDice: 0.00

[2024-02-16 12:48:29,623][    INFO] ===========> Epoch: 7, LR: 0.00351, Previous best: 0.00
[2024-02-16 12:48:30,131][    INFO] Iters: 0, Total loss: 0.576, Loss x: 0.400, Loss s: 0.751, Loss w_fp: 0.751, Mask ratio: 0.733
[2024-02-16 12:48:30,193][    INFO] Iters: 1, Total loss: 0.577, Loss x: 0.402, Loss s: 0.751, Loss w_fp: 0.751, Mask ratio: 0.737
[2024-02-16 12:48:30,337][    INFO] Iters: 2, Total loss: 0.569, Loss x: 0.386, Loss s: 0.751, Loss w_fp: 0.751, Mask ratio: 0.738
[2024-02-16 12:48:30,488][    INFO] Iters: 3, Total loss: 0.568, Loss x: 0.386, Loss s: 0.751, Loss w_fp: 0.751, Mask ratio: 0.745
[2024-02-16 12:48:30,556][    INFO] Iters: 4, Total loss: 0.571, Loss x: 0.390, Loss s: 0.751, Loss w_fp: 0.751, Mask ratio: 0.751
[2024-02-16 12:48:30,664][    INFO] Iters: 5, Total loss: 0.569, Loss x: 0.388, Loss s: 0.751, Loss w_fp: 0.751, Mask ratio: 0.750
[2024-02-16 12:48:30,739][    INFO] Iters: 6, Total loss: 0.569, Loss x: 0.386, Loss s: 0.751, Loss w_fp: 0.751, Mask ratio: 0.740
[2024-02-16 12:48:30,790][    INFO] Iters: 7, Total loss: 0.569, Loss x: 0.388, Loss s: 0.751, Loss w_fp: 0.751, Mask ratio: 0.742
[2024-02-16 12:48:32,178][    INFO] ***** Evaluation ***** >>>> Class [0 Right Ventricle] Dice: 0.00
[2024-02-16 12:48:32,178][    INFO] ***** Evaluation ***** >>>> Class [1 Myocardium] Dice: 0.00
[2024-02-16 12:48:32,178][    INFO] ***** Evaluation ***** >>>> Class [2 Left Ventricle] Dice: 0.00
[2024-02-16 12:48:32,178][    INFO] ***** Evaluation ***** >>>> MeanDice: 0.00

[2024-02-16 12:48:32,408][    INFO] ===========> Epoch: 8, LR: 0.00248, Previous best: 0.00
[2024-02-16 12:48:32,909][    INFO] Iters: 0, Total loss: 0.558, Loss x: 0.366, Loss s: 0.751, Loss w_fp: 0.750, Mask ratio: 0.720
[2024-02-16 12:48:32,965][    INFO] Iters: 1, Total loss: 0.561, Loss x: 0.372, Loss s: 0.751, Loss w_fp: 0.750, Mask ratio: 0.721
[2024-02-16 12:48:33,130][    INFO] Iters: 2, Total loss: 0.557, Loss x: 0.364, Loss s: 0.751, Loss w_fp: 0.751, Mask ratio: 0.747
[2024-02-16 12:48:33,444][    INFO] Iters: 3, Total loss: 0.560, Loss x: 0.370, Loss s: 0.751, Loss w_fp: 0.751, Mask ratio: 0.755
[2024-02-16 12:48:33,604][    INFO] Iters: 4, Total loss: 0.561, Loss x: 0.370, Loss s: 0.751, Loss w_fp: 0.751, Mask ratio: 0.744
[2024-02-16 12:48:33,775][    INFO] Iters: 5, Total loss: 0.563, Loss x: 0.376, Loss s: 0.751, Loss w_fp: 0.751, Mask ratio: 0.758
[2024-02-16 12:48:33,960][    INFO] Iters: 6, Total loss: 0.562, Loss x: 0.372, Loss s: 0.751, Loss w_fp: 0.751, Mask ratio: 0.758
[2024-02-16 12:48:34,042][    INFO] Iters: 7, Total loss: 0.563, Loss x: 0.376, Loss s: 0.751, Loss w_fp: 0.751, Mask ratio: 0.756
[2024-02-16 12:48:35,208][    INFO] ***** Evaluation ***** >>>> Class [0 Right Ventricle] Dice: 0.00
[2024-02-16 12:48:35,209][    INFO] ***** Evaluation ***** >>>> Class [1 Myocardium] Dice: 0.00
[2024-02-16 12:48:35,209][    INFO] ***** Evaluation ***** >>>> Class [2 Left Ventricle] Dice: 0.00
[2024-02-16 12:48:35,209][    INFO] ***** Evaluation ***** >>>> MeanDice: 0.00

[2024-02-16 12:48:35,477][    INFO] ===========> Epoch: 9, LR: 0.00140, Previous best: 0.00
[2024-02-16 12:48:35,941][    INFO] Iters: 0, Total loss: 0.564, Loss x: 0.378, Loss s: 0.752, Loss w_fp: 0.751, Mask ratio: 0.793
[2024-02-16 12:48:36,014][    INFO] Iters: 1, Total loss: 0.569, Loss x: 0.386, Loss s: 0.752, Loss w_fp: 0.751, Mask ratio: 0.814
[2024-02-16 12:48:36,081][    INFO] Iters: 2, Total loss: 0.564, Loss x: 0.378, Loss s: 0.752, Loss w_fp: 0.751, Mask ratio: 0.798
[2024-02-16 12:48:36,132][    INFO] Iters: 3, Total loss: 0.561, Loss x: 0.370, Loss s: 0.751, Loss w_fp: 0.751, Mask ratio: 0.797
[2024-02-16 12:48:36,209][    INFO] Iters: 4, Total loss: 0.565, Loss x: 0.379, Loss s: 0.751, Loss w_fp: 0.751, Mask ratio: 0.797
[2024-02-16 12:48:36,291][    INFO] Iters: 5, Total loss: 0.566, Loss x: 0.381, Loss s: 0.751, Loss w_fp: 0.751, Mask ratio: 0.790
[2024-02-16 12:48:36,443][    INFO] Iters: 6, Total loss: 0.563, Loss x: 0.376, Loss s: 0.751, Loss w_fp: 0.751, Mask ratio: 0.786
[2024-02-16 12:48:36,602][    INFO] Iters: 7, Total loss: 0.563, Loss x: 0.375, Loss s: 0.751, Loss w_fp: 0.751, Mask ratio: 0.788
[2024-02-16 12:48:37,787][    INFO] ***** Evaluation ***** >>>> Class [0 Right Ventricle] Dice: 0.00
[2024-02-16 12:48:37,787][    INFO] ***** Evaluation ***** >>>> Class [1 Myocardium] Dice: 0.00
[2024-02-16 12:48:37,787][    INFO] ***** Evaluation ***** >>>> Class [2 Left Ventricle] Dice: 0.00
[2024-02-16 12:48:37,787][    INFO] ***** Evaluation ***** >>>> MeanDice: 0.00

