Traceback (most recent call last):
  File "/vol/aimspace/users/khattab/UniMatch/more-scenarios/medical/inference_ukbb.py", line 65, in <module>
    main()
  File "/vol/aimspace/users/khattab/UniMatch/more-scenarios/medical/inference_ukbb.py", line 46, in main
    pred = model(es_image)
  File "/u/home/khattab/.conda/envs/unimatch/lib/python3.10/site-packages/torch/nn/modules/module.py", line 1130, in _call_impl
    return forward_call(*input, **kwargs)
  File "/vol/aimspace/users/khattab/UniMatch/more-scenarios/medical/model/unet.py", line 169, in forward
    feature = self.encoder(x)
  File "/u/home/khattab/.conda/envs/unimatch/lib/python3.10/site-packages/torch/nn/modules/module.py", line 1130, in _call_impl
    return forward_call(*input, **kwargs)
  File "/vol/aimspace/users/khattab/UniMatch/more-scenarios/medical/model/unet.py", line 109, in forward
    x0 = self.in_conv(x)
  File "/u/home/khattab/.conda/envs/unimatch/lib/python3.10/site-packages/torch/nn/modules/module.py", line 1130, in _call_impl
    return forward_call(*input, **kwargs)
  File "/vol/aimspace/users/khattab/UniMatch/more-scenarios/medical/model/unet.py", line 45, in forward
    return self.conv_conv(x)
  File "/u/home/khattab/.conda/envs/unimatch/lib/python3.10/site-packages/torch/nn/modules/module.py", line 1130, in _call_impl
    return forward_call(*input, **kwargs)
  File "/u/home/khattab/.conda/envs/unimatch/lib/python3.10/site-packages/torch/nn/modules/container.py", line 139, in forward
    input = module(input)
  File "/u/home/khattab/.conda/envs/unimatch/lib/python3.10/site-packages/torch/nn/modules/module.py", line 1130, in _call_impl
    return forward_call(*input, **kwargs)
  File "/u/home/khattab/.conda/envs/unimatch/lib/python3.10/site-packages/torch/nn/modules/conv.py", line 457, in forward
    return self._conv_forward(input, self.weight, self.bias)
  File "/u/home/khattab/.conda/envs/unimatch/lib/python3.10/site-packages/torch/nn/modules/conv.py", line 453, in _conv_forward
    return F.conv2d(input, weight, bias, self.stride,
RuntimeError: Input type (torch.cuda.FloatTensor) and weight type (torch.FloatTensor) should be the same
