[2024-02-16 10:36:26,924][    INFO] {'batch_size': 1,
 'conf_thresh': 0.95,
 'config': 'configs/acdc.yaml',
 'crop_size': 256,
 'data_root': 'ACDC/',
 'dataset': 'acdc',
 'epochs': 300,
 'labeled_id_path': 'splits/acdc/7/labeled.txt',
 'local_rank': 0,
 'lr': 0.01,
 'nclass': 4,
 'ngpus': 1,
 'port': 8013,
 'save_path': 'exp/acdc/unimatch/unet/7',
 'unlabeled_id_path': 'splits/acdc/7/unlabeled.txt'}

[2024-02-16 10:36:27,167][    INFO] Total params: 1.8M

[2024-02-16 10:36:28,759][    INFO] ===========> Epoch: 0, LR: 0.01000, Previous best: 0.00
[2024-02-16 10:36:30,002][    INFO] torch.Size([1, 1, 256, 256])
[2024-02-16 10:36:30,002][    INFO] torch.Size([1, 256, 256])
[2024-02-16 10:36:30,002][    INFO] torch.Size([1, 1, 256, 256])
[2024-02-16 10:36:30,002][    INFO] torch.Size([1, 1, 256, 256])
[2024-02-16 10:36:30,002][    INFO] torch.Size([1, 1, 256, 256])
[2024-02-16 10:36:30,002][    INFO] torch.Size([1, 256, 256])
[2024-02-16 10:36:30,003][    INFO] torch.Size([1, 256, 256])
[2024-02-16 10:36:30,003][    INFO] torch.Size([1, 1, 256, 256])
[2024-02-16 10:36:30,003][    INFO] torch.Size([1, 1, 256, 256])
[2024-02-16 10:36:30,003][    INFO] torch.Size([1, 1, 256, 256])
