[2024-02-13 21:19:13,248][    INFO] Unimatch Unet 7 Pretrained on ACDC
[2024-02-13 21:19:13,254][    INFO] Test Data - 20 Patients
[2024-02-13 21:19:17,874][    INFO] ***** Evaluation ***** >>>> Class [0 Right Ventricle] Dice: 95.54
[2024-02-13 21:19:17,874][    INFO] ***** Evaluation ***** >>>> Class [1 Myocardium] Dice: 92.90
[2024-02-13 21:19:17,874][    INFO] ***** Evaluation ***** >>>> Class [2 Left Ventricle] Dice: 96.13
[2024-02-13 21:19:17,874][    INFO] ***** Evaluation ***** >>>> MeanDice: 94.86

[2024-02-13 21:19:17,876][    INFO] ***** Evaluation ***** >>>> Class [0 Right Ventricle] Dice: 93.14
[2024-02-13 21:19:17,876][    INFO] ***** Evaluation ***** >>>> Class [1 Myocardium] Dice: 93.13
[2024-02-13 21:19:17,877][    INFO] ***** Evaluation ***** >>>> Class [2 Left Ventricle] Dice: 96.76
[2024-02-13 21:19:17,877][    INFO] ***** Evaluation ***** >>>> MeanDice: 94.34

[2024-02-13 21:19:17,878][    INFO] ***** Evaluation ***** >>>> Class [0 Right Ventricle] Dice: 90.00
[2024-02-13 21:19:17,878][    INFO] ***** Evaluation ***** >>>> Class [1 Myocardium] Dice: 90.66
[2024-02-13 21:19:17,878][    INFO] ***** Evaluation ***** >>>> Class [2 Left Ventricle] Dice: 95.35
[2024-02-13 21:19:17,878][    INFO] ***** Evaluation ***** >>>> MeanDice: 92.01

[2024-02-13 21:19:17,879][    INFO] ***** Evaluation ***** >>>> Class [0 Right Ventricle] Dice: 91.20
[2024-02-13 21:19:17,879][    INFO] ***** Evaluation ***** >>>> Class [1 Myocardium] Dice: 91.16
[2024-02-13 21:19:17,879][    INFO] ***** Evaluation ***** >>>> Class [2 Left Ventricle] Dice: 96.38
[2024-02-13 21:19:17,879][    INFO] ***** Evaluation ***** >>>> MeanDice: 92.91

[2024-02-13 21:19:17,880][    INFO] ***** Evaluation ***** >>>> Class [0 Right Ventricle] Dice: 91.72
[2024-02-13 21:19:17,880][    INFO] ***** Evaluation ***** >>>> Class [1 Myocardium] Dice: 91.85
[2024-02-13 21:19:17,880][    INFO] ***** Evaluation ***** >>>> Class [2 Left Ventricle] Dice: 95.19
[2024-02-13 21:19:17,880][    INFO] ***** Evaluation ***** >>>> MeanDice: 92.92

[2024-02-13 21:19:17,881][    INFO] ***** Evaluation ***** >>>> Class [0 Right Ventricle] Dice: 93.96
[2024-02-13 21:19:17,881][    INFO] ***** Evaluation ***** >>>> Class [1 Myocardium] Dice: 91.07
[2024-02-13 21:19:17,881][    INFO] ***** Evaluation ***** >>>> Class [2 Left Ventricle] Dice: 94.94
[2024-02-13 21:19:17,881][    INFO] ***** Evaluation ***** >>>> MeanDice: 93.32

[2024-02-13 21:19:17,882][    INFO] ***** Evaluation ***** >>>> Class [0 Right Ventricle] Dice: 89.17
[2024-02-13 21:19:17,882][    INFO] ***** Evaluation ***** >>>> Class [1 Myocardium] Dice: 92.09
[2024-02-13 21:19:17,882][    INFO] ***** Evaluation ***** >>>> Class [2 Left Ventricle] Dice: 95.59
[2024-02-13 21:19:17,882][    INFO] ***** Evaluation ***** >>>> MeanDice: 92.28

[2024-02-13 21:19:17,882][    INFO] ***** Evaluation ***** >>>> Class [0 Right Ventricle] Dice: 59.46
[2024-02-13 21:19:17,882][    INFO] ***** Evaluation ***** >>>> Class [1 Myocardium] Dice: 90.78
[2024-02-13 21:19:17,882][    INFO] ***** Evaluation ***** >>>> Class [2 Left Ventricle] Dice: 96.09
[2024-02-13 21:19:17,882][    INFO] ***** Evaluation ***** >>>> MeanDice: 82.11

[2024-02-13 21:19:17,883][    INFO] ***** Evaluation ***** >>>> Class [0 Right Ventricle] Dice: 100.00
[2024-02-13 21:19:17,883][    INFO] ***** Evaluation ***** >>>> Class [1 Myocardium] Dice: 89.56
[2024-02-13 21:19:17,883][    INFO] ***** Evaluation ***** >>>> Class [2 Left Ventricle] Dice: 88.26
[2024-02-13 21:19:17,883][    INFO] ***** Evaluation ***** >>>> MeanDice: 92.61

[2024-02-13 21:19:17,884][    INFO] ***** Evaluation ***** >>>> Class [0 Right Ventricle] Dice: 0.00
[2024-02-13 21:19:17,884][    INFO] ***** Evaluation ***** >>>> Class [1 Myocardium] Dice: 0.00
[2024-02-13 21:19:17,884][    INFO] ***** Evaluation ***** >>>> Class [2 Left Ventricle] Dice: 0.00
[2024-02-13 21:19:17,884][    INFO] ***** Evaluation ***** >>>> MeanDice: 0.00

[2024-02-13 21:19:17,900][    INFO] ***** Evaluation ***** >>>> Class [0 Right Ventricle] Dice: 0.00
[2024-02-13 21:19:17,900][    INFO] ***** Evaluation ***** >>>> Class [1 Myocardium] Dice: 91.78
[2024-02-13 21:19:17,900][    INFO] ***** Evaluation ***** >>>> Class [2 Left Ventricle] Dice: 93.98
[2024-02-13 21:19:17,900][    INFO] ***** Evaluation ***** >>>> MeanDice: 61.92

[2024-02-13 21:19:17,901][    INFO] ***** Evaluation ***** >>>> Class [0 Right Ventricle] Dice: 91.58
[2024-02-13 21:19:17,901][    INFO] ***** Evaluation ***** >>>> Class [1 Myocardium] Dice: 94.24
[2024-02-13 21:19:17,901][    INFO] ***** Evaluation ***** >>>> Class [2 Left Ventricle] Dice: 93.03
[2024-02-13 21:19:17,901][    INFO] ***** Evaluation ***** >>>> MeanDice: 92.95

[2024-02-13 21:19:17,901][    INFO] ***** Evaluation ***** >>>> Class [0 Right Ventricle] Dice: 79.62
[2024-02-13 21:19:17,901][    INFO] ***** Evaluation ***** >>>> Class [1 Myocardium] Dice: 93.86
[2024-02-13 21:19:17,901][    INFO] ***** Evaluation ***** >>>> Class [2 Left Ventricle] Dice: 92.21
[2024-02-13 21:19:17,902][    INFO] ***** Evaluation ***** >>>> MeanDice: 88.56

[2024-02-13 21:19:17,902][    INFO] ***** Evaluation ***** >>>> Class [0 Right Ventricle] Dice: 78.18
[2024-02-13 21:19:17,902][    INFO] ***** Evaluation ***** >>>> Class [1 Myocardium] Dice: 91.43
[2024-02-13 21:19:17,902][    INFO] ***** Evaluation ***** >>>> Class [2 Left Ventricle] Dice: 87.15
[2024-02-13 21:19:17,902][    INFO] ***** Evaluation ***** >>>> MeanDice: 85.59

[2024-02-13 21:19:17,903][    INFO] ***** Evaluation ***** >>>> Class [0 Right Ventricle] Dice: 81.68
[2024-02-13 21:19:17,903][    INFO] ***** Evaluation ***** >>>> Class [1 Myocardium] Dice: 93.91
[2024-02-13 21:19:17,903][    INFO] ***** Evaluation ***** >>>> Class [2 Left Ventricle] Dice: 88.89
[2024-02-13 21:19:17,903][    INFO] ***** Evaluation ***** >>>> MeanDice: 88.16

[2024-02-13 21:19:17,904][    INFO] ***** Evaluation ***** >>>> Class [0 Right Ventricle] Dice: 76.67
[2024-02-13 21:19:17,904][    INFO] ***** Evaluation ***** >>>> Class [1 Myocardium] Dice: 92.43
[2024-02-13 21:19:17,904][    INFO] ***** Evaluation ***** >>>> Class [2 Left Ventricle] Dice: 85.86
[2024-02-13 21:19:17,904][    INFO] ***** Evaluation ***** >>>> MeanDice: 84.99

[2024-02-13 21:19:17,905][    INFO] ***** Evaluation ***** >>>> Class [0 Right Ventricle] Dice: 64.19
[2024-02-13 21:19:17,905][    INFO] ***** Evaluation ***** >>>> Class [1 Myocardium] Dice: 88.12
[2024-02-13 21:19:17,905][    INFO] ***** Evaluation ***** >>>> Class [2 Left Ventricle] Dice: 39.34
[2024-02-13 21:19:17,905][    INFO] ***** Evaluation ***** >>>> MeanDice: 63.88

[2024-02-13 21:19:17,906][    INFO] ***** Evaluation ***** >>>> Class [0 Right Ventricle] Dice: 22.92
[2024-02-13 21:19:17,906][    INFO] ***** Evaluation ***** >>>> Class [1 Myocardium] Dice: 86.75
[2024-02-13 21:19:17,906][    INFO] ***** Evaluation ***** >>>> Class [2 Left Ventricle] Dice: 0.00
[2024-02-13 21:19:17,906][    INFO] ***** Evaluation ***** >>>> MeanDice: 36.56

[2024-02-13 21:19:17,907][    INFO] ***** Evaluation ***** >>>> Class [0 Right Ventricle] Dice: 0.00
[2024-02-13 21:19:17,907][    INFO] ***** Evaluation ***** >>>> Class [1 Myocardium] Dice: 87.18
[2024-02-13 21:19:17,907][    INFO] ***** Evaluation ***** >>>> Class [2 Left Ventricle] Dice: 0.00
[2024-02-13 21:19:17,907][    INFO] ***** Evaluation ***** >>>> MeanDice: 29.06

[2024-02-13 21:19:17,907][    INFO] ***** Evaluation ***** >>>> Class [0 Right Ventricle] Dice: 100.00
[2024-02-13 21:19:17,908][    INFO] ***** Evaluation ***** >>>> Class [1 Myocardium] Dice: 0.00
[2024-02-13 21:19:17,908][    INFO] ***** Evaluation ***** >>>> Class [2 Left Ventricle] Dice: 0.00
[2024-02-13 21:19:17,908][    INFO] ***** Evaluation ***** >>>> MeanDice: 33.33

[2024-02-13 21:19:17,930][    INFO] ***** Evaluation ***** >>>> Class [0 Right Ventricle] Dice: 94.27
[2024-02-13 21:19:17,930][    INFO] ***** Evaluation ***** >>>> Class [1 Myocardium] Dice: 81.36
[2024-02-13 21:19:17,930][    INFO] ***** Evaluation ***** >>>> Class [2 Left Ventricle] Dice: 93.45
[2024-02-13 21:19:17,930][    INFO] ***** Evaluation ***** >>>> MeanDice: 89.69

[2024-02-13 21:19:17,931][    INFO] ***** Evaluation ***** >>>> Class [0 Right Ventricle] Dice: 85.10
[2024-02-13 21:19:17,931][    INFO] ***** Evaluation ***** >>>> Class [1 Myocardium] Dice: 81.90
[2024-02-13 21:19:17,931][    INFO] ***** Evaluation ***** >>>> Class [2 Left Ventricle] Dice: 93.66
[2024-02-13 21:19:17,931][    INFO] ***** Evaluation ***** >>>> MeanDice: 86.89

[2024-02-13 21:19:17,932][    INFO] ***** Evaluation ***** >>>> Class [0 Right Ventricle] Dice: 80.44
[2024-02-13 21:19:17,932][    INFO] ***** Evaluation ***** >>>> Class [1 Myocardium] Dice: 85.89
[2024-02-13 21:19:17,932][    INFO] ***** Evaluation ***** >>>> Class [2 Left Ventricle] Dice: 95.67
[2024-02-13 21:19:17,932][    INFO] ***** Evaluation ***** >>>> MeanDice: 87.33

[2024-02-13 21:19:17,932][    INFO] ***** Evaluation ***** >>>> Class [0 Right Ventricle] Dice: 97.70
[2024-02-13 21:19:17,932][    INFO] ***** Evaluation ***** >>>> Class [1 Myocardium] Dice: 88.40
[2024-02-13 21:19:17,933][    INFO] ***** Evaluation ***** >>>> Class [2 Left Ventricle] Dice: 96.71
[2024-02-13 21:19:17,933][    INFO] ***** Evaluation ***** >>>> MeanDice: 94.27

[2024-02-13 21:19:17,933][    INFO] ***** Evaluation ***** >>>> Class [0 Right Ventricle] Dice: 98.02
[2024-02-13 21:19:17,933][    INFO] ***** Evaluation ***** >>>> Class [1 Myocardium] Dice: 88.81
[2024-02-13 21:19:17,933][    INFO] ***** Evaluation ***** >>>> Class [2 Left Ventricle] Dice: 96.57
[2024-02-13 21:19:17,933][    INFO] ***** Evaluation ***** >>>> MeanDice: 94.47

[2024-02-13 21:19:17,934][    INFO] ***** Evaluation ***** >>>> Class [0 Right Ventricle] Dice: 96.06
[2024-02-13 21:19:17,934][    INFO] ***** Evaluation ***** >>>> Class [1 Myocardium] Dice: 87.27
[2024-02-13 21:19:17,934][    INFO] ***** Evaluation ***** >>>> Class [2 Left Ventricle] Dice: 97.69
[2024-02-13 21:19:17,934][    INFO] ***** Evaluation ***** >>>> MeanDice: 93.67

[2024-02-13 21:19:17,935][    INFO] ***** Evaluation ***** >>>> Class [0 Right Ventricle] Dice: 96.83
[2024-02-13 21:19:17,935][    INFO] ***** Evaluation ***** >>>> Class [1 Myocardium] Dice: 85.32
[2024-02-13 21:19:17,935][    INFO] ***** Evaluation ***** >>>> Class [2 Left Ventricle] Dice: 97.28
[2024-02-13 21:19:17,935][    INFO] ***** Evaluation ***** >>>> MeanDice: 93.14

[2024-02-13 21:19:17,936][    INFO] ***** Evaluation ***** >>>> Class [0 Right Ventricle] Dice: 91.69
[2024-02-13 21:19:17,936][    INFO] ***** Evaluation ***** >>>> Class [1 Myocardium] Dice: 85.34
[2024-02-13 21:19:17,936][    INFO] ***** Evaluation ***** >>>> Class [2 Left Ventricle] Dice: 96.36
[2024-02-13 21:19:17,936][    INFO] ***** Evaluation ***** >>>> MeanDice: 91.13

[2024-02-13 21:19:17,937][    INFO] ***** Evaluation ***** >>>> Class [0 Right Ventricle] Dice: 95.61
[2024-02-13 21:19:17,937][    INFO] ***** Evaluation ***** >>>> Class [1 Myocardium] Dice: 83.79
[2024-02-13 21:19:17,937][    INFO] ***** Evaluation ***** >>>> Class [2 Left Ventricle] Dice: 96.73
[2024-02-13 21:19:17,937][    INFO] ***** Evaluation ***** >>>> MeanDice: 92.04

[2024-02-13 21:19:17,938][    INFO] ***** Evaluation ***** >>>> Class [0 Right Ventricle] Dice: 96.33
[2024-02-13 21:19:17,938][    INFO] ***** Evaluation ***** >>>> Class [1 Myocardium] Dice: 86.83
[2024-02-13 21:19:17,938][    INFO] ***** Evaluation ***** >>>> Class [2 Left Ventricle] Dice: 97.40
[2024-02-13 21:19:17,938][    INFO] ***** Evaluation ***** >>>> MeanDice: 93.52

[2024-02-13 21:19:17,938][    INFO] ***** Evaluation ***** >>>> Class [0 Right Ventricle] Dice: 94.67
[2024-02-13 21:19:17,939][    INFO] ***** Evaluation ***** >>>> Class [1 Myocardium] Dice: 90.22
[2024-02-13 21:19:17,939][    INFO] ***** Evaluation ***** >>>> Class [2 Left Ventricle] Dice: 95.40
[2024-02-13 21:19:17,939][    INFO] ***** Evaluation ***** >>>> MeanDice: 93.43

[2024-02-13 21:19:17,939][    INFO] ***** Evaluation ***** >>>> Class [0 Right Ventricle] Dice: 95.41
[2024-02-13 21:19:17,939][    INFO] ***** Evaluation ***** >>>> Class [1 Myocardium] Dice: 90.14
[2024-02-13 21:19:17,939][    INFO] ***** Evaluation ***** >>>> Class [2 Left Ventricle] Dice: 95.76
[2024-02-13 21:19:17,939][    INFO] ***** Evaluation ***** >>>> MeanDice: 93.77

[2024-02-13 21:19:17,940][    INFO] ***** Evaluation ***** >>>> Class [0 Right Ventricle] Dice: 93.55
[2024-02-13 21:19:17,940][    INFO] ***** Evaluation ***** >>>> Class [1 Myocardium] Dice: 73.97
[2024-02-13 21:19:17,940][    INFO] ***** Evaluation ***** >>>> Class [2 Left Ventricle] Dice: 89.23
[2024-02-13 21:19:17,940][    INFO] ***** Evaluation ***** >>>> MeanDice: 85.58

[2024-02-13 21:19:17,941][    INFO] ***** Evaluation ***** >>>> Class [0 Right Ventricle] Dice: 97.27
[2024-02-13 21:19:17,941][    INFO] ***** Evaluation ***** >>>> Class [1 Myocardium] Dice: 77.10
[2024-02-13 21:19:17,941][    INFO] ***** Evaluation ***** >>>> Class [2 Left Ventricle] Dice: 74.00
[2024-02-13 21:19:17,941][    INFO] ***** Evaluation ***** >>>> MeanDice: 82.79

[2024-02-13 21:19:17,942][    INFO] ***** Evaluation ***** >>>> Class [0 Right Ventricle] Dice: 87.24
[2024-02-13 21:19:17,942][    INFO] ***** Evaluation ***** >>>> Class [1 Myocardium] Dice: 0.00
[2024-02-13 21:19:17,942][    INFO] ***** Evaluation ***** >>>> Class [2 Left Ventricle] Dice: 0.00
[2024-02-13 21:19:17,942][    INFO] ***** Evaluation ***** >>>> MeanDice: 29.08

[2024-02-13 21:19:17,964][    INFO] ***** Evaluation ***** >>>> Class [0 Right Ventricle] Dice: 93.64
[2024-02-13 21:19:17,964][    INFO] ***** Evaluation ***** >>>> Class [1 Myocardium] Dice: 82.32
[2024-02-13 21:19:17,964][    INFO] ***** Evaluation ***** >>>> Class [2 Left Ventricle] Dice: 95.02
[2024-02-13 21:19:17,964][    INFO] ***** Evaluation ***** >>>> MeanDice: 90.33

[2024-02-13 21:19:17,965][    INFO] ***** Evaluation ***** >>>> Class [0 Right Ventricle] Dice: 94.78
[2024-02-13 21:19:17,965][    INFO] ***** Evaluation ***** >>>> Class [1 Myocardium] Dice: 91.59
[2024-02-13 21:19:17,965][    INFO] ***** Evaluation ***** >>>> Class [2 Left Ventricle] Dice: 92.97
[2024-02-13 21:19:17,965][    INFO] ***** Evaluation ***** >>>> MeanDice: 93.11

[2024-02-13 21:19:17,966][    INFO] ***** Evaluation ***** >>>> Class [0 Right Ventricle] Dice: 85.04
[2024-02-13 21:19:17,966][    INFO] ***** Evaluation ***** >>>> Class [1 Myocardium] Dice: 91.97
[2024-02-13 21:19:17,966][    INFO] ***** Evaluation ***** >>>> Class [2 Left Ventricle] Dice: 93.39
[2024-02-13 21:19:17,966][    INFO] ***** Evaluation ***** >>>> MeanDice: 90.13

[2024-02-13 21:19:17,967][    INFO] ***** Evaluation ***** >>>> Class [0 Right Ventricle] Dice: 97.20
[2024-02-13 21:19:17,967][    INFO] ***** Evaluation ***** >>>> Class [1 Myocardium] Dice: 89.18
[2024-02-13 21:19:17,967][    INFO] ***** Evaluation ***** >>>> Class [2 Left Ventricle] Dice: 91.17
[2024-02-13 21:19:17,967][    INFO] ***** Evaluation ***** >>>> MeanDice: 92.52

[2024-02-13 21:19:17,968][    INFO] ***** Evaluation ***** >>>> Class [0 Right Ventricle] Dice: 95.52
[2024-02-13 21:19:17,968][    INFO] ***** Evaluation ***** >>>> Class [1 Myocardium] Dice: 89.13
[2024-02-13 21:19:17,968][    INFO] ***** Evaluation ***** >>>> Class [2 Left Ventricle] Dice: 92.68
[2024-02-13 21:19:17,968][    INFO] ***** Evaluation ***** >>>> MeanDice: 92.44

[2024-02-13 21:19:17,968][    INFO] ***** Evaluation ***** >>>> Class [0 Right Ventricle] Dice: 95.67
[2024-02-13 21:19:17,968][    INFO] ***** Evaluation ***** >>>> Class [1 Myocardium] Dice: 89.43
[2024-02-13 21:19:17,969][    INFO] ***** Evaluation ***** >>>> Class [2 Left Ventricle] Dice: 93.55
[2024-02-13 21:19:17,969][    INFO] ***** Evaluation ***** >>>> MeanDice: 92.88

[2024-02-13 21:19:17,969][    INFO] ***** Evaluation ***** >>>> Class [0 Right Ventricle] Dice: 94.50
[2024-02-13 21:19:17,969][    INFO] ***** Evaluation ***** >>>> Class [1 Myocardium] Dice: 90.64
[2024-02-13 21:19:17,969][    INFO] ***** Evaluation ***** >>>> Class [2 Left Ventricle] Dice: 95.73
[2024-02-13 21:19:17,969][    INFO] ***** Evaluation ***** >>>> MeanDice: 93.62

[2024-02-13 21:19:17,970][    INFO] ***** Evaluation ***** >>>> Class [0 Right Ventricle] Dice: 87.69
[2024-02-13 21:19:17,970][    INFO] ***** Evaluation ***** >>>> Class [1 Myocardium] Dice: 90.86
[2024-02-13 21:19:17,970][    INFO] ***** Evaluation ***** >>>> Class [2 Left Ventricle] Dice: 90.21
[2024-02-13 21:19:17,970][    INFO] ***** Evaluation ***** >>>> MeanDice: 89.58

[2024-02-13 21:19:17,971][    INFO] ***** Evaluation ***** >>>> Class [0 Right Ventricle] Dice: 94.28
[2024-02-13 21:19:17,971][    INFO] ***** Evaluation ***** >>>> Class [1 Myocardium] Dice: 87.26
[2024-02-13 21:19:17,971][    INFO] ***** Evaluation ***** >>>> Class [2 Left Ventricle] Dice: 89.87
[2024-02-13 21:19:17,971][    INFO] ***** Evaluation ***** >>>> MeanDice: 90.47

[2024-02-13 21:19:17,972][    INFO] ***** Evaluation ***** >>>> Class [0 Right Ventricle] Dice: 97.08
[2024-02-13 21:19:17,972][    INFO] ***** Evaluation ***** >>>> Class [1 Myocardium] Dice: 88.34
[2024-02-13 21:19:17,972][    INFO] ***** Evaluation ***** >>>> Class [2 Left Ventricle] Dice: 93.55
[2024-02-13 21:19:17,972][    INFO] ***** Evaluation ***** >>>> MeanDice: 92.99

[2024-02-13 21:19:17,973][    INFO] ***** Evaluation ***** >>>> Class [0 Right Ventricle] Dice: 96.11
[2024-02-13 21:19:17,973][    INFO] ***** Evaluation ***** >>>> Class [1 Myocardium] Dice: 90.68
[2024-02-13 21:19:17,973][    INFO] ***** Evaluation ***** >>>> Class [2 Left Ventricle] Dice: 87.21
[2024-02-13 21:19:17,973][    INFO] ***** Evaluation ***** >>>> MeanDice: 91.33

[2024-02-13 21:19:17,974][    INFO] ***** Evaluation ***** >>>> Class [0 Right Ventricle] Dice: 95.23
[2024-02-13 21:19:17,974][    INFO] ***** Evaluation ***** >>>> Class [1 Myocardium] Dice: 83.33
[2024-02-13 21:19:17,974][    INFO] ***** Evaluation ***** >>>> Class [2 Left Ventricle] Dice: 77.49
[2024-02-13 21:19:17,974][    INFO] ***** Evaluation ***** >>>> MeanDice: 85.35

[2024-02-13 21:19:17,974][    INFO] ***** Evaluation ***** >>>> Class [0 Right Ventricle] Dice: 94.41
[2024-02-13 21:19:17,974][    INFO] ***** Evaluation ***** >>>> Class [1 Myocardium] Dice: 76.23
[2024-02-13 21:19:17,974][    INFO] ***** Evaluation ***** >>>> Class [2 Left Ventricle] Dice: 56.14
[2024-02-13 21:19:17,974][    INFO] ***** Evaluation ***** >>>> MeanDice: 75.59

[2024-02-13 21:19:17,975][    INFO] ***** Evaluation ***** >>>> Class [0 Right Ventricle] Dice: 94.10
[2024-02-13 21:19:17,975][    INFO] ***** Evaluation ***** >>>> Class [1 Myocardium] Dice: 0.00
[2024-02-13 21:19:17,975][    INFO] ***** Evaluation ***** >>>> Class [2 Left Ventricle] Dice: 0.00
[2024-02-13 21:19:17,975][    INFO] ***** Evaluation ***** >>>> MeanDice: 31.37

[2024-02-13 21:19:17,976][    INFO] ***** Evaluation ***** >>>> Class [0 Right Ventricle] Dice: 58.91
[2024-02-13 21:19:17,976][    INFO] ***** Evaluation ***** >>>> Class [1 Myocardium] Dice: 0.00
[2024-02-13 21:19:17,976][    INFO] ***** Evaluation ***** >>>> Class [2 Left Ventricle] Dice: 100.00
[2024-02-13 21:19:17,976][    INFO] ***** Evaluation ***** >>>> MeanDice: 52.97

[2024-02-13 21:19:18,001][    INFO] ***** Evaluation ***** >>>> Class [0 Right Ventricle] Dice: 94.87
[2024-02-13 21:19:18,001][    INFO] ***** Evaluation ***** >>>> Class [1 Myocardium] Dice: 89.41
[2024-02-13 21:19:18,001][    INFO] ***** Evaluation ***** >>>> Class [2 Left Ventricle] Dice: 97.78
[2024-02-13 21:19:18,001][    INFO] ***** Evaluation ***** >>>> MeanDice: 94.02

[2024-02-13 21:19:18,002][    INFO] ***** Evaluation ***** >>>> Class [0 Right Ventricle] Dice: 94.68
[2024-02-13 21:19:18,002][    INFO] ***** Evaluation ***** >>>> Class [1 Myocardium] Dice: 92.28
[2024-02-13 21:19:18,002][    INFO] ***** Evaluation ***** >>>> Class [2 Left Ventricle] Dice: 97.01
[2024-02-13 21:19:18,002][    INFO] ***** Evaluation ***** >>>> MeanDice: 94.66

[2024-02-13 21:19:18,003][    INFO] ***** Evaluation ***** >>>> Class [0 Right Ventricle] Dice: 95.15
[2024-02-13 21:19:18,003][    INFO] ***** Evaluation ***** >>>> Class [1 Myocardium] Dice: 92.47
[2024-02-13 21:19:18,003][    INFO] ***** Evaluation ***** >>>> Class [2 Left Ventricle] Dice: 97.81
[2024-02-13 21:19:18,003][    INFO] ***** Evaluation ***** >>>> MeanDice: 95.14

[2024-02-13 21:19:18,004][    INFO] ***** Evaluation ***** >>>> Class [0 Right Ventricle] Dice: 94.68
[2024-02-13 21:19:18,004][    INFO] ***** Evaluation ***** >>>> Class [1 Myocardium] Dice: 91.02
[2024-02-13 21:19:18,004][    INFO] ***** Evaluation ***** >>>> Class [2 Left Ventricle] Dice: 98.54
[2024-02-13 21:19:18,004][    INFO] ***** Evaluation ***** >>>> MeanDice: 94.75

[2024-02-13 21:19:18,005][    INFO] ***** Evaluation ***** >>>> Class [0 Right Ventricle] Dice: 96.43
[2024-02-13 21:19:18,005][    INFO] ***** Evaluation ***** >>>> Class [1 Myocardium] Dice: 90.67
[2024-02-13 21:19:18,005][    INFO] ***** Evaluation ***** >>>> Class [2 Left Ventricle] Dice: 97.56
[2024-02-13 21:19:18,005][    INFO] ***** Evaluation ***** >>>> MeanDice: 94.89

[2024-02-13 21:19:18,005][    INFO] ***** Evaluation ***** >>>> Class [0 Right Ventricle] Dice: 96.09
[2024-02-13 21:19:18,006][    INFO] ***** Evaluation ***** >>>> Class [1 Myocardium] Dice: 90.07
[2024-02-13 21:19:18,006][    INFO] ***** Evaluation ***** >>>> Class [2 Left Ventricle] Dice: 97.92
[2024-02-13 21:19:18,006][    INFO] ***** Evaluation ***** >>>> MeanDice: 94.69

[2024-02-13 21:19:18,006][    INFO] ***** Evaluation ***** >>>> Class [0 Right Ventricle] Dice: 96.10
[2024-02-13 21:19:18,006][    INFO] ***** Evaluation ***** >>>> Class [1 Myocardium] Dice: 92.84
[2024-02-13 21:19:18,006][    INFO] ***** Evaluation ***** >>>> Class [2 Left Ventricle] Dice: 98.92
[2024-02-13 21:19:18,006][    INFO] ***** Evaluation ***** >>>> MeanDice: 95.95

[2024-02-13 21:19:18,007][    INFO] ***** Evaluation ***** >>>> Class [0 Right Ventricle] Dice: 96.54
[2024-02-13 21:19:18,007][    INFO] ***** Evaluation ***** >>>> Class [1 Myocardium] Dice: 89.67
[2024-02-13 21:19:18,007][    INFO] ***** Evaluation ***** >>>> Class [2 Left Ventricle] Dice: 97.57
[2024-02-13 21:19:18,007][    INFO] ***** Evaluation ***** >>>> MeanDice: 94.59

[2024-02-13 21:19:18,008][    INFO] ***** Evaluation ***** >>>> Class [0 Right Ventricle] Dice: 96.33
[2024-02-13 21:19:18,008][    INFO] ***** Evaluation ***** >>>> Class [1 Myocardium] Dice: 88.86
[2024-02-13 21:19:18,008][    INFO] ***** Evaluation ***** >>>> Class [2 Left Ventricle] Dice: 98.06
[2024-02-13 21:19:18,008][    INFO] ***** Evaluation ***** >>>> MeanDice: 94.42

[2024-02-13 21:19:18,009][    INFO] ***** Evaluation ***** >>>> Class [0 Right Ventricle] Dice: 96.53
[2024-02-13 21:19:18,009][    INFO] ***** Evaluation ***** >>>> Class [1 Myocardium] Dice: 91.92
[2024-02-13 21:19:18,009][    INFO] ***** Evaluation ***** >>>> Class [2 Left Ventricle] Dice: 97.82
[2024-02-13 21:19:18,009][    INFO] ***** Evaluation ***** >>>> MeanDice: 95.42

[2024-02-13 21:19:18,010][    INFO] ***** Evaluation ***** >>>> Class [0 Right Ventricle] Dice: 95.66
[2024-02-13 21:19:18,010][    INFO] ***** Evaluation ***** >>>> Class [1 Myocardium] Dice: 90.04
[2024-02-13 21:19:18,010][    INFO] ***** Evaluation ***** >>>> Class [2 Left Ventricle] Dice: 97.47
[2024-02-13 21:19:18,010][    INFO] ***** Evaluation ***** >>>> MeanDice: 94.39

[2024-02-13 21:19:18,011][    INFO] ***** Evaluation ***** >>>> Class [0 Right Ventricle] Dice: 93.97
[2024-02-13 21:19:18,011][    INFO] ***** Evaluation ***** >>>> Class [1 Myocardium] Dice: 88.92
[2024-02-13 21:19:18,011][    INFO] ***** Evaluation ***** >>>> Class [2 Left Ventricle] Dice: 97.29
[2024-02-13 21:19:18,011][    INFO] ***** Evaluation ***** >>>> MeanDice: 93.39

[2024-02-13 21:19:18,011][    INFO] ***** Evaluation ***** >>>> Class [0 Right Ventricle] Dice: 80.31
[2024-02-13 21:19:18,012][    INFO] ***** Evaluation ***** >>>> Class [1 Myocardium] Dice: 88.71
[2024-02-13 21:19:18,012][    INFO] ***** Evaluation ***** >>>> Class [2 Left Ventricle] Dice: 98.44
[2024-02-13 21:19:18,012][    INFO] ***** Evaluation ***** >>>> MeanDice: 89.16

[2024-02-13 21:19:18,012][    INFO] ***** Evaluation ***** >>>> Class [0 Right Ventricle] Dice: 83.48
[2024-02-13 21:19:18,012][    INFO] ***** Evaluation ***** >>>> Class [1 Myocardium] Dice: 87.17
[2024-02-13 21:19:18,012][    INFO] ***** Evaluation ***** >>>> Class [2 Left Ventricle] Dice: 96.98
[2024-02-13 21:19:18,012][    INFO] ***** Evaluation ***** >>>> MeanDice: 89.21

[2024-02-13 21:19:18,013][    INFO] ***** Evaluation ***** >>>> Class [0 Right Ventricle] Dice: 75.22
[2024-02-13 21:19:18,013][    INFO] ***** Evaluation ***** >>>> Class [1 Myocardium] Dice: 85.14
[2024-02-13 21:19:18,013][    INFO] ***** Evaluation ***** >>>> Class [2 Left Ventricle] Dice: 95.59
[2024-02-13 21:19:18,013][    INFO] ***** Evaluation ***** >>>> MeanDice: 85.32

[2024-02-13 21:19:18,014][    INFO] ***** Evaluation ***** >>>> Class [0 Right Ventricle] Dice: 18.00
[2024-02-13 21:19:18,014][    INFO] ***** Evaluation ***** >>>> Class [1 Myocardium] Dice: 0.00
[2024-02-13 21:19:18,014][    INFO] ***** Evaluation ***** >>>> Class [2 Left Ventricle] Dice: 0.00
[2024-02-13 21:19:18,014][    INFO] ***** Evaluation ***** >>>> MeanDice: 6.00

[2024-02-13 21:19:18,223][    INFO] ***** Evaluation ***** >>>> Class [0 Right Ventricle] Dice: 100.00
[2024-02-13 21:19:18,223][    INFO] ***** Evaluation ***** >>>> Class [1 Myocardium] Dice: 35.56
[2024-02-13 21:19:18,223][    INFO] ***** Evaluation ***** >>>> Class [2 Left Ventricle] Dice: 0.00
[2024-02-13 21:19:18,223][    INFO] ***** Evaluation ***** >>>> MeanDice: 45.19

[2024-02-13 21:19:18,224][    INFO] ***** Evaluation ***** >>>> Class [0 Right Ventricle] Dice: 0.00
[2024-02-13 21:19:18,224][    INFO] ***** Evaluation ***** >>>> Class [1 Myocardium] Dice: 87.70
[2024-02-13 21:19:18,224][    INFO] ***** Evaluation ***** >>>> Class [2 Left Ventricle] Dice: 94.79
[2024-02-13 21:19:18,224][    INFO] ***** Evaluation ***** >>>> MeanDice: 60.83

[2024-02-13 21:19:18,225][    INFO] ***** Evaluation ***** >>>> Class [0 Right Ventricle] Dice: 84.00
[2024-02-13 21:19:18,225][    INFO] ***** Evaluation ***** >>>> Class [1 Myocardium] Dice: 92.28
[2024-02-13 21:19:18,225][    INFO] ***** Evaluation ***** >>>> Class [2 Left Ventricle] Dice: 96.33
[2024-02-13 21:19:18,225][    INFO] ***** Evaluation ***** >>>> MeanDice: 90.87

[2024-02-13 21:19:18,226][    INFO] ***** Evaluation ***** >>>> Class [0 Right Ventricle] Dice: 92.15
[2024-02-13 21:19:18,226][    INFO] ***** Evaluation ***** >>>> Class [1 Myocardium] Dice: 93.99
[2024-02-13 21:19:18,226][    INFO] ***** Evaluation ***** >>>> Class [2 Left Ventricle] Dice: 96.63
[2024-02-13 21:19:18,226][    INFO] ***** Evaluation ***** >>>> MeanDice: 94.26

[2024-02-13 21:19:18,227][    INFO] ***** Evaluation ***** >>>> Class [0 Right Ventricle] Dice: 91.21
[2024-02-13 21:19:18,227][    INFO] ***** Evaluation ***** >>>> Class [1 Myocardium] Dice: 94.57
[2024-02-13 21:19:18,227][    INFO] ***** Evaluation ***** >>>> Class [2 Left Ventricle] Dice: 96.49
[2024-02-13 21:19:18,227][    INFO] ***** Evaluation ***** >>>> MeanDice: 94.09

[2024-02-13 21:19:18,227][    INFO] ***** Evaluation ***** >>>> Class [0 Right Ventricle] Dice: 94.52
[2024-02-13 21:19:18,227][    INFO] ***** Evaluation ***** >>>> Class [1 Myocardium] Dice: 91.91
[2024-02-13 21:19:18,227][    INFO] ***** Evaluation ***** >>>> Class [2 Left Ventricle] Dice: 96.02
[2024-02-13 21:19:18,227][    INFO] ***** Evaluation ***** >>>> MeanDice: 94.15

[2024-02-13 21:19:18,228][    INFO] ***** Evaluation ***** >>>> Class [0 Right Ventricle] Dice: 93.15
[2024-02-13 21:19:18,228][    INFO] ***** Evaluation ***** >>>> Class [1 Myocardium] Dice: 92.20
[2024-02-13 21:19:18,228][    INFO] ***** Evaluation ***** >>>> Class [2 Left Ventricle] Dice: 97.49
[2024-02-13 21:19:18,228][    INFO] ***** Evaluation ***** >>>> MeanDice: 94.28

[2024-02-13 21:19:18,229][    INFO] ***** Evaluation ***** >>>> Class [0 Right Ventricle] Dice: 96.36
[2024-02-13 21:19:18,229][    INFO] ***** Evaluation ***** >>>> Class [1 Myocardium] Dice: 93.62
[2024-02-13 21:19:18,229][    INFO] ***** Evaluation ***** >>>> Class [2 Left Ventricle] Dice: 97.02
[2024-02-13 21:19:18,229][    INFO] ***** Evaluation ***** >>>> MeanDice: 95.67

[2024-02-13 21:19:18,230][    INFO] ***** Evaluation ***** >>>> Class [0 Right Ventricle] Dice: 93.39
[2024-02-13 21:19:18,230][    INFO] ***** Evaluation ***** >>>> Class [1 Myocardium] Dice: 92.96
[2024-02-13 21:19:18,230][    INFO] ***** Evaluation ***** >>>> Class [2 Left Ventricle] Dice: 96.21
[2024-02-13 21:19:18,230][    INFO] ***** Evaluation ***** >>>> MeanDice: 94.18

[2024-02-13 21:19:18,231][    INFO] ***** Evaluation ***** >>>> Class [0 Right Ventricle] Dice: 90.87
[2024-02-13 21:19:18,231][    INFO] ***** Evaluation ***** >>>> Class [1 Myocardium] Dice: 90.98
[2024-02-13 21:19:18,231][    INFO] ***** Evaluation ***** >>>> Class [2 Left Ventricle] Dice: 93.36
[2024-02-13 21:19:18,231][    INFO] ***** Evaluation ***** >>>> MeanDice: 91.73

[2024-02-13 21:19:18,232][    INFO] ***** Evaluation ***** >>>> Class [0 Right Ventricle] Dice: 79.74
[2024-02-13 21:19:18,232][    INFO] ***** Evaluation ***** >>>> Class [1 Myocardium] Dice: 91.56
[2024-02-13 21:19:18,232][    INFO] ***** Evaluation ***** >>>> Class [2 Left Ventricle] Dice: 89.97
[2024-02-13 21:19:18,232][    INFO] ***** Evaluation ***** >>>> MeanDice: 87.09

[2024-02-13 21:19:18,232][    INFO] ***** Evaluation ***** >>>> Class [0 Right Ventricle] Dice: 68.75
[2024-02-13 21:19:18,233][    INFO] ***** Evaluation ***** >>>> Class [1 Myocardium] Dice: 92.45
[2024-02-13 21:19:18,233][    INFO] ***** Evaluation ***** >>>> Class [2 Left Ventricle] Dice: 91.96
[2024-02-13 21:19:18,233][    INFO] ***** Evaluation ***** >>>> MeanDice: 84.39

[2024-02-13 21:19:18,233][    INFO] ***** Evaluation ***** >>>> Class [0 Right Ventricle] Dice: 55.13
[2024-02-13 21:19:18,233][    INFO] ***** Evaluation ***** >>>> Class [1 Myocardium] Dice: 89.85
[2024-02-13 21:19:18,233][    INFO] ***** Evaluation ***** >>>> Class [2 Left Ventricle] Dice: 87.77
[2024-02-13 21:19:18,233][    INFO] ***** Evaluation ***** >>>> MeanDice: 77.58

[2024-02-13 21:19:18,234][    INFO] ***** Evaluation ***** >>>> Class [0 Right Ventricle] Dice: 24.14
[2024-02-13 21:19:18,234][    INFO] ***** Evaluation ***** >>>> Class [1 Myocardium] Dice: 86.99
[2024-02-13 21:19:18,234][    INFO] ***** Evaluation ***** >>>> Class [2 Left Ventricle] Dice: 76.47
[2024-02-13 21:19:18,234][    INFO] ***** Evaluation ***** >>>> MeanDice: 62.53

[2024-02-13 21:19:18,235][    INFO] ***** Evaluation ***** >>>> Class [0 Right Ventricle] Dice: 0.00
[2024-02-13 21:19:18,235][    INFO] ***** Evaluation ***** >>>> Class [1 Myocardium] Dice: 0.00
[2024-02-13 21:19:18,235][    INFO] ***** Evaluation ***** >>>> Class [2 Left Ventricle] Dice: 0.00
[2024-02-13 21:19:18,235][    INFO] ***** Evaluation ***** >>>> MeanDice: 0.00

[2024-02-13 21:19:18,236][    INFO] ***** Evaluation ***** >>>> Class [0 Right Ventricle] Dice: 0.00
[2024-02-13 21:19:18,236][    INFO] ***** Evaluation ***** >>>> Class [1 Myocardium] Dice: 0.00
[2024-02-13 21:19:18,236][    INFO] ***** Evaluation ***** >>>> Class [2 Left Ventricle] Dice: 0.00
[2024-02-13 21:19:18,236][    INFO] ***** Evaluation ***** >>>> MeanDice: 0.00

[2024-02-13 21:19:18,249][    INFO] ***** Evaluation ***** >>>> Class [0 Right Ventricle] Dice: 93.03
[2024-02-13 21:19:18,249][    INFO] ***** Evaluation ***** >>>> Class [1 Myocardium] Dice: 91.66
[2024-02-13 21:19:18,249][    INFO] ***** Evaluation ***** >>>> Class [2 Left Ventricle] Dice: 97.74
[2024-02-13 21:19:18,249][    INFO] ***** Evaluation ***** >>>> MeanDice: 94.15

[2024-02-13 21:19:18,250][    INFO] ***** Evaluation ***** >>>> Class [0 Right Ventricle] Dice: 96.60
[2024-02-13 21:19:18,250][    INFO] ***** Evaluation ***** >>>> Class [1 Myocardium] Dice: 90.93
[2024-02-13 21:19:18,250][    INFO] ***** Evaluation ***** >>>> Class [2 Left Ventricle] Dice: 97.72
[2024-02-13 21:19:18,250][    INFO] ***** Evaluation ***** >>>> MeanDice: 95.08

[2024-02-13 21:19:18,250][    INFO] ***** Evaluation ***** >>>> Class [0 Right Ventricle] Dice: 91.58
[2024-02-13 21:19:18,250][    INFO] ***** Evaluation ***** >>>> Class [1 Myocardium] Dice: 91.57
[2024-02-13 21:19:18,250][    INFO] ***** Evaluation ***** >>>> Class [2 Left Ventricle] Dice: 97.91
[2024-02-13 21:19:18,250][    INFO] ***** Evaluation ***** >>>> MeanDice: 93.69

[2024-02-13 21:19:18,251][    INFO] ***** Evaluation ***** >>>> Class [0 Right Ventricle] Dice: 92.08
[2024-02-13 21:19:18,251][    INFO] ***** Evaluation ***** >>>> Class [1 Myocardium] Dice: 89.36
[2024-02-13 21:19:18,251][    INFO] ***** Evaluation ***** >>>> Class [2 Left Ventricle] Dice: 96.89
[2024-02-13 21:19:18,251][    INFO] ***** Evaluation ***** >>>> MeanDice: 92.78

[2024-02-13 21:19:18,252][    INFO] ***** Evaluation ***** >>>> Class [0 Right Ventricle] Dice: 94.76
[2024-02-13 21:19:18,252][    INFO] ***** Evaluation ***** >>>> Class [1 Myocardium] Dice: 91.39
[2024-02-13 21:19:18,252][    INFO] ***** Evaluation ***** >>>> Class [2 Left Ventricle] Dice: 97.37
[2024-02-13 21:19:18,252][    INFO] ***** Evaluation ***** >>>> MeanDice: 94.51

[2024-02-13 21:19:18,253][    INFO] ***** Evaluation ***** >>>> Class [0 Right Ventricle] Dice: 93.45
[2024-02-13 21:19:18,253][    INFO] ***** Evaluation ***** >>>> Class [1 Myocardium] Dice: 86.74
[2024-02-13 21:19:18,253][    INFO] ***** Evaluation ***** >>>> Class [2 Left Ventricle] Dice: 93.97
[2024-02-13 21:19:18,253][    INFO] ***** Evaluation ***** >>>> MeanDice: 91.39

[2024-02-13 21:19:18,254][    INFO] ***** Evaluation ***** >>>> Class [0 Right Ventricle] Dice: 2.33
[2024-02-13 21:19:18,254][    INFO] ***** Evaluation ***** >>>> Class [1 Myocardium] Dice: 69.09
[2024-02-13 21:19:18,254][    INFO] ***** Evaluation ***** >>>> Class [2 Left Ventricle] Dice: 76.76
[2024-02-13 21:19:18,254][    INFO] ***** Evaluation ***** >>>> MeanDice: 49.39

[2024-02-13 21:19:18,255][    INFO] ***** Evaluation ***** >>>> Class [0 Right Ventricle] Dice: 0.00
[2024-02-13 21:19:18,255][    INFO] ***** Evaluation ***** >>>> Class [1 Myocardium] Dice: 0.00
[2024-02-13 21:19:18,255][    INFO] ***** Evaluation ***** >>>> Class [2 Left Ventricle] Dice: 0.00
[2024-02-13 21:19:18,255][    INFO] ***** Evaluation ***** >>>> MeanDice: 0.00

[2024-02-13 21:19:18,335][    INFO] ***** Evaluation ***** >>>> Class [0 Right Ventricle] Dice: 17.35
[2024-02-13 21:19:18,335][    INFO] ***** Evaluation ***** >>>> Class [1 Myocardium] Dice: 92.69
[2024-02-13 21:19:18,335][    INFO] ***** Evaluation ***** >>>> Class [2 Left Ventricle] Dice: 95.40
[2024-02-13 21:19:18,335][    INFO] ***** Evaluation ***** >>>> MeanDice: 68.48

[2024-02-13 21:19:18,336][    INFO] ***** Evaluation ***** >>>> Class [0 Right Ventricle] Dice: 95.54
[2024-02-13 21:19:18,336][    INFO] ***** Evaluation ***** >>>> Class [1 Myocardium] Dice: 92.16
[2024-02-13 21:19:18,336][    INFO] ***** Evaluation ***** >>>> Class [2 Left Ventricle] Dice: 94.96
[2024-02-13 21:19:18,336][    INFO] ***** Evaluation ***** >>>> MeanDice: 94.22

[2024-02-13 21:19:18,337][    INFO] ***** Evaluation ***** >>>> Class [0 Right Ventricle] Dice: 95.06
[2024-02-13 21:19:18,337][    INFO] ***** Evaluation ***** >>>> Class [1 Myocardium] Dice: 92.25
[2024-02-13 21:19:18,337][    INFO] ***** Evaluation ***** >>>> Class [2 Left Ventricle] Dice: 95.62
[2024-02-13 21:19:18,337][    INFO] ***** Evaluation ***** >>>> MeanDice: 94.31

[2024-02-13 21:19:18,338][    INFO] ***** Evaluation ***** >>>> Class [0 Right Ventricle] Dice: 91.07
[2024-02-13 21:19:18,338][    INFO] ***** Evaluation ***** >>>> Class [1 Myocardium] Dice: 92.28
[2024-02-13 21:19:18,338][    INFO] ***** Evaluation ***** >>>> Class [2 Left Ventricle] Dice: 94.71
[2024-02-13 21:19:18,338][    INFO] ***** Evaluation ***** >>>> MeanDice: 92.69

[2024-02-13 21:19:18,338][    INFO] ***** Evaluation ***** >>>> Class [0 Right Ventricle] Dice: 84.96
[2024-02-13 21:19:18,339][    INFO] ***** Evaluation ***** >>>> Class [1 Myocardium] Dice: 92.89
[2024-02-13 21:19:18,339][    INFO] ***** Evaluation ***** >>>> Class [2 Left Ventricle] Dice: 94.26
[2024-02-13 21:19:18,339][    INFO] ***** Evaluation ***** >>>> MeanDice: 90.71

[2024-02-13 21:19:18,339][    INFO] ***** Evaluation ***** >>>> Class [0 Right Ventricle] Dice: 90.69
[2024-02-13 21:19:18,339][    INFO] ***** Evaluation ***** >>>> Class [1 Myocardium] Dice: 95.38
[2024-02-13 21:19:18,339][    INFO] ***** Evaluation ***** >>>> Class [2 Left Ventricle] Dice: 95.57
[2024-02-13 21:19:18,339][    INFO] ***** Evaluation ***** >>>> MeanDice: 93.88

[2024-02-13 21:19:18,340][    INFO] ***** Evaluation ***** >>>> Class [0 Right Ventricle] Dice: 34.79
[2024-02-13 21:19:18,340][    INFO] ***** Evaluation ***** >>>> Class [1 Myocardium] Dice: 90.24
[2024-02-13 21:19:18,340][    INFO] ***** Evaluation ***** >>>> Class [2 Left Ventricle] Dice: 91.13
[2024-02-13 21:19:18,340][    INFO] ***** Evaluation ***** >>>> MeanDice: 72.05

[2024-02-13 21:19:18,341][    INFO] ***** Evaluation ***** >>>> Class [0 Right Ventricle] Dice: 0.00
[2024-02-13 21:19:18,341][    INFO] ***** Evaluation ***** >>>> Class [1 Myocardium] Dice: 0.00
[2024-02-13 21:19:18,341][    INFO] ***** Evaluation ***** >>>> Class [2 Left Ventricle] Dice: 0.00
[2024-02-13 21:19:18,341][    INFO] ***** Evaluation ***** >>>> MeanDice: 0.00

[2024-02-13 21:19:18,358][    INFO] ***** Evaluation ***** >>>> Class [0 Right Ventricle] Dice: 98.00
[2024-02-13 21:19:18,358][    INFO] ***** Evaluation ***** >>>> Class [1 Myocardium] Dice: 92.19
[2024-02-13 21:19:18,358][    INFO] ***** Evaluation ***** >>>> Class [2 Left Ventricle] Dice: 99.02
[2024-02-13 21:19:18,358][    INFO] ***** Evaluation ***** >>>> MeanDice: 96.40

[2024-02-13 21:19:18,359][    INFO] ***** Evaluation ***** >>>> Class [0 Right Ventricle] Dice: 97.09
[2024-02-13 21:19:18,359][    INFO] ***** Evaluation ***** >>>> Class [1 Myocardium] Dice: 92.92
[2024-02-13 21:19:18,359][    INFO] ***** Evaluation ***** >>>> Class [2 Left Ventricle] Dice: 98.71
[2024-02-13 21:19:18,359][    INFO] ***** Evaluation ***** >>>> MeanDice: 96.24

[2024-02-13 21:19:18,360][    INFO] ***** Evaluation ***** >>>> Class [0 Right Ventricle] Dice: 95.51
[2024-02-13 21:19:18,360][    INFO] ***** Evaluation ***** >>>> Class [1 Myocardium] Dice: 93.03
[2024-02-13 21:19:18,360][    INFO] ***** Evaluation ***** >>>> Class [2 Left Ventricle] Dice: 98.76
[2024-02-13 21:19:18,360][    INFO] ***** Evaluation ***** >>>> MeanDice: 95.76

[2024-02-13 21:19:18,361][    INFO] ***** Evaluation ***** >>>> Class [0 Right Ventricle] Dice: 93.91
[2024-02-13 21:19:18,361][    INFO] ***** Evaluation ***** >>>> Class [1 Myocardium] Dice: 94.21
[2024-02-13 21:19:18,361][    INFO] ***** Evaluation ***** >>>> Class [2 Left Ventricle] Dice: 99.27
[2024-02-13 21:19:18,361][    INFO] ***** Evaluation ***** >>>> MeanDice: 95.80

[2024-02-13 21:19:18,362][    INFO] ***** Evaluation ***** >>>> Class [0 Right Ventricle] Dice: 93.71
[2024-02-13 21:19:18,362][    INFO] ***** Evaluation ***** >>>> Class [1 Myocardium] Dice: 94.46
[2024-02-13 21:19:18,362][    INFO] ***** Evaluation ***** >>>> Class [2 Left Ventricle] Dice: 98.54
[2024-02-13 21:19:18,362][    INFO] ***** Evaluation ***** >>>> MeanDice: 95.57

[2024-02-13 21:19:18,362][    INFO] ***** Evaluation ***** >>>> Class [0 Right Ventricle] Dice: 95.22
[2024-02-13 21:19:18,363][    INFO] ***** Evaluation ***** >>>> Class [1 Myocardium] Dice: 92.58
[2024-02-13 21:19:18,363][    INFO] ***** Evaluation ***** >>>> Class [2 Left Ventricle] Dice: 98.55
[2024-02-13 21:19:18,363][    INFO] ***** Evaluation ***** >>>> MeanDice: 95.45

[2024-02-13 21:19:18,363][    INFO] ***** Evaluation ***** >>>> Class [0 Right Ventricle] Dice: 96.53
[2024-02-13 21:19:18,363][    INFO] ***** Evaluation ***** >>>> Class [1 Myocardium] Dice: 91.63
[2024-02-13 21:19:18,363][    INFO] ***** Evaluation ***** >>>> Class [2 Left Ventricle] Dice: 98.00
[2024-02-13 21:19:18,363][    INFO] ***** Evaluation ***** >>>> MeanDice: 95.39

[2024-02-13 21:19:18,364][    INFO] ***** Evaluation ***** >>>> Class [0 Right Ventricle] Dice: 94.50
[2024-02-13 21:19:18,364][    INFO] ***** Evaluation ***** >>>> Class [1 Myocardium] Dice: 95.98
[2024-02-13 21:19:18,364][    INFO] ***** Evaluation ***** >>>> Class [2 Left Ventricle] Dice: 99.41
[2024-02-13 21:19:18,364][    INFO] ***** Evaluation ***** >>>> MeanDice: 96.63

[2024-02-13 21:19:18,365][    INFO] ***** Evaluation ***** >>>> Class [0 Right Ventricle] Dice: 96.80
[2024-02-13 21:19:18,365][    INFO] ***** Evaluation ***** >>>> Class [1 Myocardium] Dice: 90.51
[2024-02-13 21:19:18,365][    INFO] ***** Evaluation ***** >>>> Class [2 Left Ventricle] Dice: 97.07
[2024-02-13 21:19:18,365][    INFO] ***** Evaluation ***** >>>> MeanDice: 94.80

[2024-02-13 21:19:18,366][    INFO] ***** Evaluation ***** >>>> Class [0 Right Ventricle] Dice: 96.34
[2024-02-13 21:19:18,366][    INFO] ***** Evaluation ***** >>>> Class [1 Myocardium] Dice: 88.78
[2024-02-13 21:19:18,366][    INFO] ***** Evaluation ***** >>>> Class [2 Left Ventricle] Dice: 96.22
[2024-02-13 21:19:18,366][    INFO] ***** Evaluation ***** >>>> MeanDice: 93.78

[2024-02-13 21:19:18,367][    INFO] ***** Evaluation ***** >>>> Class [0 Right Ventricle] Dice: 100.00
[2024-02-13 21:19:18,367][    INFO] ***** Evaluation ***** >>>> Class [1 Myocardium] Dice: 0.00
[2024-02-13 21:19:18,367][    INFO] ***** Evaluation ***** >>>> Class [2 Left Ventricle] Dice: 0.00
[2024-02-13 21:19:18,367][    INFO] ***** Evaluation ***** >>>> MeanDice: 33.33

[2024-02-13 21:19:18,718][    INFO] ***** Evaluation ***** >>>> Class [0 Right Ventricle] Dice: 97.61
[2024-02-13 21:19:18,718][    INFO] ***** Evaluation ***** >>>> Class [1 Myocardium] Dice: 90.38
[2024-02-13 21:19:18,718][    INFO] ***** Evaluation ***** >>>> Class [2 Left Ventricle] Dice: 97.46
[2024-02-13 21:19:18,718][    INFO] ***** Evaluation ***** >>>> MeanDice: 95.15

[2024-02-13 21:19:18,719][    INFO] ***** Evaluation ***** >>>> Class [0 Right Ventricle] Dice: 95.11
[2024-02-13 21:19:18,719][    INFO] ***** Evaluation ***** >>>> Class [1 Myocardium] Dice: 92.20
[2024-02-13 21:19:18,719][    INFO] ***** Evaluation ***** >>>> Class [2 Left Ventricle] Dice: 98.53
[2024-02-13 21:19:18,719][    INFO] ***** Evaluation ***** >>>> MeanDice: 95.28

[2024-02-13 21:19:18,720][    INFO] ***** Evaluation ***** >>>> Class [0 Right Ventricle] Dice: 90.21
[2024-02-13 21:19:18,720][    INFO] ***** Evaluation ***** >>>> Class [1 Myocardium] Dice: 94.43
[2024-02-13 21:19:18,720][    INFO] ***** Evaluation ***** >>>> Class [2 Left Ventricle] Dice: 97.66
[2024-02-13 21:19:18,720][    INFO] ***** Evaluation ***** >>>> MeanDice: 94.10

[2024-02-13 21:19:18,721][    INFO] ***** Evaluation ***** >>>> Class [0 Right Ventricle] Dice: 90.70
[2024-02-13 21:19:18,721][    INFO] ***** Evaluation ***** >>>> Class [1 Myocardium] Dice: 95.16
[2024-02-13 21:19:18,721][    INFO] ***** Evaluation ***** >>>> Class [2 Left Ventricle] Dice: 98.44
[2024-02-13 21:19:18,721][    INFO] ***** Evaluation ***** >>>> MeanDice: 94.77

[2024-02-13 21:19:18,721][    INFO] ***** Evaluation ***** >>>> Class [0 Right Ventricle] Dice: 86.65
[2024-02-13 21:19:18,721][    INFO] ***** Evaluation ***** >>>> Class [1 Myocardium] Dice: 95.92
[2024-02-13 21:19:18,721][    INFO] ***** Evaluation ***** >>>> Class [2 Left Ventricle] Dice: 98.96
[2024-02-13 21:19:18,722][    INFO] ***** Evaluation ***** >>>> MeanDice: 93.84

[2024-02-13 21:19:18,722][    INFO] ***** Evaluation ***** >>>> Class [0 Right Ventricle] Dice: 84.00
[2024-02-13 21:19:18,723][    INFO] ***** Evaluation ***** >>>> Class [1 Myocardium] Dice: 94.12
[2024-02-13 21:19:18,723][    INFO] ***** Evaluation ***** >>>> Class [2 Left Ventricle] Dice: 98.72
[2024-02-13 21:19:18,723][    INFO] ***** Evaluation ***** >>>> MeanDice: 92.28

[2024-02-13 21:19:18,723][    INFO] ***** Evaluation ***** >>>> Class [0 Right Ventricle] Dice: 85.97
[2024-02-13 21:19:18,723][    INFO] ***** Evaluation ***** >>>> Class [1 Myocardium] Dice: 93.31
[2024-02-13 21:19:18,723][    INFO] ***** Evaluation ***** >>>> Class [2 Left Ventricle] Dice: 97.54
[2024-02-13 21:19:18,723][    INFO] ***** Evaluation ***** >>>> MeanDice: 92.27

[2024-02-13 21:19:18,724][    INFO] ***** Evaluation ***** >>>> Class [0 Right Ventricle] Dice: 85.77
[2024-02-13 21:19:18,724][    INFO] ***** Evaluation ***** >>>> Class [1 Myocardium] Dice: 94.93
[2024-02-13 21:19:18,724][    INFO] ***** Evaluation ***** >>>> Class [2 Left Ventricle] Dice: 98.42
[2024-02-13 21:19:18,724][    INFO] ***** Evaluation ***** >>>> MeanDice: 93.04

[2024-02-13 21:19:18,725][    INFO] ***** Evaluation ***** >>>> Class [0 Right Ventricle] Dice: 85.23
[2024-02-13 21:19:18,725][    INFO] ***** Evaluation ***** >>>> Class [1 Myocardium] Dice: 93.37
[2024-02-13 21:19:18,725][    INFO] ***** Evaluation ***** >>>> Class [2 Left Ventricle] Dice: 98.49
[2024-02-13 21:19:18,725][    INFO] ***** Evaluation ***** >>>> MeanDice: 92.37

[2024-02-13 21:19:18,726][    INFO] ***** Evaluation ***** >>>> Class [0 Right Ventricle] Dice: 67.50
[2024-02-13 21:19:18,726][    INFO] ***** Evaluation ***** >>>> Class [1 Myocardium] Dice: 89.72
[2024-02-13 21:19:18,726][    INFO] ***** Evaluation ***** >>>> Class [2 Left Ventricle] Dice: 94.47
[2024-02-13 21:19:18,726][    INFO] ***** Evaluation ***** >>>> MeanDice: 83.90

[2024-02-13 21:19:18,727][    INFO] ***** Evaluation ***** >>>> Class [0 Right Ventricle] Dice: 100.00
[2024-02-13 21:19:18,727][    INFO] ***** Evaluation ***** >>>> Class [1 Myocardium] Dice: 0.00
[2024-02-13 21:19:18,727][    INFO] ***** Evaluation ***** >>>> Class [2 Left Ventricle] Dice: 100.00
[2024-02-13 21:19:18,727][    INFO] ***** Evaluation ***** >>>> MeanDice: 66.67

[2024-02-13 21:19:18,846][    INFO] ***** Evaluation ***** >>>> Class [0 Right Ventricle] Dice: 0.00
[2024-02-13 21:19:18,846][    INFO] ***** Evaluation ***** >>>> Class [1 Myocardium] Dice: 0.00
[2024-02-13 21:19:18,846][    INFO] ***** Evaluation ***** >>>> Class [2 Left Ventricle] Dice: 0.00
[2024-02-13 21:19:18,846][    INFO] ***** Evaluation ***** >>>> MeanDice: 0.00

[2024-02-13 21:19:18,847][    INFO] ***** Evaluation ***** >>>> Class [0 Right Ventricle] Dice: 91.37
[2024-02-13 21:19:18,847][    INFO] ***** Evaluation ***** >>>> Class [1 Myocardium] Dice: 95.31
[2024-02-13 21:19:18,847][    INFO] ***** Evaluation ***** >>>> Class [2 Left Ventricle] Dice: 96.87
[2024-02-13 21:19:18,847][    INFO] ***** Evaluation ***** >>>> MeanDice: 94.52

[2024-02-13 21:19:18,848][    INFO] ***** Evaluation ***** >>>> Class [0 Right Ventricle] Dice: 91.92
[2024-02-13 21:19:18,848][    INFO] ***** Evaluation ***** >>>> Class [1 Myocardium] Dice: 94.26
[2024-02-13 21:19:18,848][    INFO] ***** Evaluation ***** >>>> Class [2 Left Ventricle] Dice: 96.76
[2024-02-13 21:19:18,848][    INFO] ***** Evaluation ***** >>>> MeanDice: 94.31

[2024-02-13 21:19:18,849][    INFO] ***** Evaluation ***** >>>> Class [0 Right Ventricle] Dice: 84.83
[2024-02-13 21:19:18,849][    INFO] ***** Evaluation ***** >>>> Class [1 Myocardium] Dice: 94.03
[2024-02-13 21:19:18,849][    INFO] ***** Evaluation ***** >>>> Class [2 Left Ventricle] Dice: 96.15
[2024-02-13 21:19:18,849][    INFO] ***** Evaluation ***** >>>> MeanDice: 91.67

[2024-02-13 21:19:18,850][    INFO] ***** Evaluation ***** >>>> Class [0 Right Ventricle] Dice: 91.02
[2024-02-13 21:19:18,850][    INFO] ***** Evaluation ***** >>>> Class [1 Myocardium] Dice: 93.76
[2024-02-13 21:19:18,850][    INFO] ***** Evaluation ***** >>>> Class [2 Left Ventricle] Dice: 96.33
[2024-02-13 21:19:18,850][    INFO] ***** Evaluation ***** >>>> MeanDice: 93.71

[2024-02-13 21:19:18,851][    INFO] ***** Evaluation ***** >>>> Class [0 Right Ventricle] Dice: 91.58
[2024-02-13 21:19:18,851][    INFO] ***** Evaluation ***** >>>> Class [1 Myocardium] Dice: 94.58
[2024-02-13 21:19:18,851][    INFO] ***** Evaluation ***** >>>> Class [2 Left Ventricle] Dice: 97.62
[2024-02-13 21:19:18,851][    INFO] ***** Evaluation ***** >>>> MeanDice: 94.59

[2024-02-13 21:19:18,852][    INFO] ***** Evaluation ***** >>>> Class [0 Right Ventricle] Dice: 93.14
[2024-02-13 21:19:18,852][    INFO] ***** Evaluation ***** >>>> Class [1 Myocardium] Dice: 96.15
[2024-02-13 21:19:18,852][    INFO] ***** Evaluation ***** >>>> Class [2 Left Ventricle] Dice: 97.55
[2024-02-13 21:19:18,852][    INFO] ***** Evaluation ***** >>>> MeanDice: 95.61

[2024-02-13 21:19:18,852][    INFO] ***** Evaluation ***** >>>> Class [0 Right Ventricle] Dice: 62.62
[2024-02-13 21:19:18,853][    INFO] ***** Evaluation ***** >>>> Class [1 Myocardium] Dice: 95.93
[2024-02-13 21:19:18,853][    INFO] ***** Evaluation ***** >>>> Class [2 Left Ventricle] Dice: 96.90
[2024-02-13 21:19:18,853][    INFO] ***** Evaluation ***** >>>> MeanDice: 85.15

[2024-02-13 21:19:18,854][    INFO] ***** Evaluation ***** >>>> Class [0 Right Ventricle] Dice: 0.00
[2024-02-13 21:19:18,854][    INFO] ***** Evaluation ***** >>>> Class [1 Myocardium] Dice: 94.03
[2024-02-13 21:19:18,854][    INFO] ***** Evaluation ***** >>>> Class [2 Left Ventricle] Dice: 92.46
[2024-02-13 21:19:18,854][    INFO] ***** Evaluation ***** >>>> MeanDice: 62.16

[2024-02-13 21:19:18,855][    INFO] ***** Evaluation ***** >>>> Class [0 Right Ventricle] Dice: 0.00
[2024-02-13 21:19:18,855][    INFO] ***** Evaluation ***** >>>> Class [1 Myocardium] Dice: 0.00
[2024-02-13 21:19:18,855][    INFO] ***** Evaluation ***** >>>> Class [2 Left Ventricle] Dice: 100.00
[2024-02-13 21:19:18,855][    INFO] ***** Evaluation ***** >>>> MeanDice: 33.33

[2024-02-13 21:19:19,070][    INFO] ***** Evaluation ***** >>>> Class [0 Right Ventricle] Dice: 100.00
[2024-02-13 21:19:19,070][    INFO] ***** Evaluation ***** >>>> Class [1 Myocardium] Dice: 0.00
[2024-02-13 21:19:19,070][    INFO] ***** Evaluation ***** >>>> Class [2 Left Ventricle] Dice: 100.00
[2024-02-13 21:19:19,070][    INFO] ***** Evaluation ***** >>>> MeanDice: 66.67

[2024-02-13 21:19:19,071][    INFO] ***** Evaluation ***** >>>> Class [0 Right Ventricle] Dice: 0.00
[2024-02-13 21:19:19,071][    INFO] ***** Evaluation ***** >>>> Class [1 Myocardium] Dice: 96.33
[2024-02-13 21:19:19,071][    INFO] ***** Evaluation ***** >>>> Class [2 Left Ventricle] Dice: 98.14
[2024-02-13 21:19:19,071][    INFO] ***** Evaluation ***** >>>> MeanDice: 64.82

[2024-02-13 21:19:19,072][    INFO] ***** Evaluation ***** >>>> Class [0 Right Ventricle] Dice: 81.10
[2024-02-13 21:19:19,072][    INFO] ***** Evaluation ***** >>>> Class [1 Myocardium] Dice: 91.43
[2024-02-13 21:19:19,072][    INFO] ***** Evaluation ***** >>>> Class [2 Left Ventricle] Dice: 90.58
[2024-02-13 21:19:19,072][    INFO] ***** Evaluation ***** >>>> MeanDice: 87.70

[2024-02-13 21:19:19,073][    INFO] ***** Evaluation ***** >>>> Class [0 Right Ventricle] Dice: 65.60
[2024-02-13 21:19:19,073][    INFO] ***** Evaluation ***** >>>> Class [1 Myocardium] Dice: 90.74
[2024-02-13 21:19:19,073][    INFO] ***** Evaluation ***** >>>> Class [2 Left Ventricle] Dice: 91.28
[2024-02-13 21:19:19,073][    INFO] ***** Evaluation ***** >>>> MeanDice: 82.54

[2024-02-13 21:19:19,073][    INFO] ***** Evaluation ***** >>>> Class [0 Right Ventricle] Dice: 68.79
[2024-02-13 21:19:19,074][    INFO] ***** Evaluation ***** >>>> Class [1 Myocardium] Dice: 94.23
[2024-02-13 21:19:19,074][    INFO] ***** Evaluation ***** >>>> Class [2 Left Ventricle] Dice: 73.75
[2024-02-13 21:19:19,074][    INFO] ***** Evaluation ***** >>>> MeanDice: 78.92

[2024-02-13 21:19:19,074][    INFO] ***** Evaluation ***** >>>> Class [0 Right Ventricle] Dice: 0.00
[2024-02-13 21:19:19,074][    INFO] ***** Evaluation ***** >>>> Class [1 Myocardium] Dice: 90.73
[2024-02-13 21:19:19,074][    INFO] ***** Evaluation ***** >>>> Class [2 Left Ventricle] Dice: 36.87
[2024-02-13 21:19:19,074][    INFO] ***** Evaluation ***** >>>> MeanDice: 42.53

[2024-02-13 21:19:19,075][    INFO] ***** Evaluation ***** >>>> Class [0 Right Ventricle] Dice: 0.00
[2024-02-13 21:19:19,075][    INFO] ***** Evaluation ***** >>>> Class [1 Myocardium] Dice: 94.44
[2024-02-13 21:19:19,075][    INFO] ***** Evaluation ***** >>>> Class [2 Left Ventricle] Dice: 90.11
[2024-02-13 21:19:19,075][    INFO] ***** Evaluation ***** >>>> MeanDice: 61.52

[2024-02-13 21:19:19,076][    INFO] ***** Evaluation ***** >>>> Class [0 Right Ventricle] Dice: 0.00
[2024-02-13 21:19:19,076][    INFO] ***** Evaluation ***** >>>> Class [1 Myocardium] Dice: 94.58
[2024-02-13 21:19:19,076][    INFO] ***** Evaluation ***** >>>> Class [2 Left Ventricle] Dice: 79.25
[2024-02-13 21:19:19,076][    INFO] ***** Evaluation ***** >>>> MeanDice: 57.94

[2024-02-13 21:19:19,077][    INFO] ***** Evaluation ***** >>>> Class [0 Right Ventricle] Dice: 0.00
[2024-02-13 21:19:19,077][    INFO] ***** Evaluation ***** >>>> Class [1 Myocardium] Dice: 96.24
[2024-02-13 21:19:19,077][    INFO] ***** Evaluation ***** >>>> Class [2 Left Ventricle] Dice: 78.26
[2024-02-13 21:19:19,077][    INFO] ***** Evaluation ***** >>>> MeanDice: 58.17

[2024-02-13 21:19:19,078][    INFO] ***** Evaluation ***** >>>> Class [0 Right Ventricle] Dice: 0.00
[2024-02-13 21:19:19,078][    INFO] ***** Evaluation ***** >>>> Class [1 Myocardium] Dice: 100.00
[2024-02-13 21:19:19,078][    INFO] ***** Evaluation ***** >>>> Class [2 Left Ventricle] Dice: 100.00
[2024-02-13 21:19:19,078][    INFO] ***** Evaluation ***** >>>> MeanDice: 66.67

[2024-02-13 21:19:19,090][    INFO] ***** Evaluation ***** >>>> Class [0 Right Ventricle] Dice: 98.52
[2024-02-13 21:19:19,090][    INFO] ***** Evaluation ***** >>>> Class [1 Myocardium] Dice: 95.84
[2024-02-13 21:19:19,090][    INFO] ***** Evaluation ***** >>>> Class [2 Left Ventricle] Dice: 98.83
[2024-02-13 21:19:19,090][    INFO] ***** Evaluation ***** >>>> MeanDice: 97.73

[2024-02-13 21:19:19,091][    INFO] ***** Evaluation ***** >>>> Class [0 Right Ventricle] Dice: 98.34
[2024-02-13 21:19:19,091][    INFO] ***** Evaluation ***** >>>> Class [1 Myocardium] Dice: 95.30
[2024-02-13 21:19:19,091][    INFO] ***** Evaluation ***** >>>> Class [2 Left Ventricle] Dice: 98.43
[2024-02-13 21:19:19,091][    INFO] ***** Evaluation ***** >>>> MeanDice: 97.36

[2024-02-13 21:19:19,092][    INFO] ***** Evaluation ***** >>>> Class [0 Right Ventricle] Dice: 97.86
[2024-02-13 21:19:19,092][    INFO] ***** Evaluation ***** >>>> Class [1 Myocardium] Dice: 95.07
[2024-02-13 21:19:19,092][    INFO] ***** Evaluation ***** >>>> Class [2 Left Ventricle] Dice: 98.69
[2024-02-13 21:19:19,092][    INFO] ***** Evaluation ***** >>>> MeanDice: 97.21

[2024-02-13 21:19:19,093][    INFO] ***** Evaluation ***** >>>> Class [0 Right Ventricle] Dice: 97.14
[2024-02-13 21:19:19,093][    INFO] ***** Evaluation ***** >>>> Class [1 Myocardium] Dice: 95.01
[2024-02-13 21:19:19,093][    INFO] ***** Evaluation ***** >>>> Class [2 Left Ventricle] Dice: 98.52
[2024-02-13 21:19:19,093][    INFO] ***** Evaluation ***** >>>> MeanDice: 96.89

[2024-02-13 21:19:19,094][    INFO] ***** Evaluation ***** >>>> Class [0 Right Ventricle] Dice: 97.12
[2024-02-13 21:19:19,094][    INFO] ***** Evaluation ***** >>>> Class [1 Myocardium] Dice: 94.48
[2024-02-13 21:19:19,094][    INFO] ***** Evaluation ***** >>>> Class [2 Left Ventricle] Dice: 98.45
[2024-02-13 21:19:19,094][    INFO] ***** Evaluation ***** >>>> MeanDice: 96.69

[2024-02-13 21:19:19,094][    INFO] ***** Evaluation ***** >>>> Class [0 Right Ventricle] Dice: 96.77
[2024-02-13 21:19:19,094][    INFO] ***** Evaluation ***** >>>> Class [1 Myocardium] Dice: 93.84
[2024-02-13 21:19:19,094][    INFO] ***** Evaluation ***** >>>> Class [2 Left Ventricle] Dice: 98.61
[2024-02-13 21:19:19,094][    INFO] ***** Evaluation ***** >>>> MeanDice: 96.40

[2024-02-13 21:19:19,095][    INFO] ***** Evaluation ***** >>>> Class [0 Right Ventricle] Dice: 96.00
[2024-02-13 21:19:19,095][    INFO] ***** Evaluation ***** >>>> Class [1 Myocardium] Dice: 93.13
[2024-02-13 21:19:19,095][    INFO] ***** Evaluation ***** >>>> Class [2 Left Ventricle] Dice: 98.46
[2024-02-13 21:19:19,095][    INFO] ***** Evaluation ***** >>>> MeanDice: 95.86

[2024-02-13 21:19:19,096][    INFO] ***** Evaluation ***** >>>> Class [0 Right Ventricle] Dice: 93.51
[2024-02-13 21:19:19,096][    INFO] ***** Evaluation ***** >>>> Class [1 Myocardium] Dice: 90.89
[2024-02-13 21:19:19,096][    INFO] ***** Evaluation ***** >>>> Class [2 Left Ventricle] Dice: 95.98
[2024-02-13 21:19:19,096][    INFO] ***** Evaluation ***** >>>> MeanDice: 93.46

[2024-02-13 21:19:19,223][    INFO] ***** Evaluation ***** >>>> Class [0 Right Ventricle] Dice: 0.00
[2024-02-13 21:19:19,223][    INFO] ***** Evaluation ***** >>>> Class [1 Myocardium] Dice: 86.43
[2024-02-13 21:19:19,223][    INFO] ***** Evaluation ***** >>>> Class [2 Left Ventricle] Dice: 91.58
[2024-02-13 21:19:19,223][    INFO] ***** Evaluation ***** >>>> MeanDice: 59.34

[2024-02-13 21:19:19,224][    INFO] ***** Evaluation ***** >>>> Class [0 Right Ventricle] Dice: 91.06
[2024-02-13 21:19:19,224][    INFO] ***** Evaluation ***** >>>> Class [1 Myocardium] Dice: 96.80
[2024-02-13 21:19:19,224][    INFO] ***** Evaluation ***** >>>> Class [2 Left Ventricle] Dice: 96.91
[2024-02-13 21:19:19,224][    INFO] ***** Evaluation ***** >>>> MeanDice: 94.93

[2024-02-13 21:19:19,225][    INFO] ***** Evaluation ***** >>>> Class [0 Right Ventricle] Dice: 89.15
[2024-02-13 21:19:19,225][    INFO] ***** Evaluation ***** >>>> Class [1 Myocardium] Dice: 94.95
[2024-02-13 21:19:19,225][    INFO] ***** Evaluation ***** >>>> Class [2 Left Ventricle] Dice: 95.32
[2024-02-13 21:19:19,225][    INFO] ***** Evaluation ***** >>>> MeanDice: 93.14

[2024-02-13 21:19:19,226][    INFO] ***** Evaluation ***** >>>> Class [0 Right Ventricle] Dice: 87.48
[2024-02-13 21:19:19,226][    INFO] ***** Evaluation ***** >>>> Class [1 Myocardium] Dice: 95.52
[2024-02-13 21:19:19,226][    INFO] ***** Evaluation ***** >>>> Class [2 Left Ventricle] Dice: 95.55
[2024-02-13 21:19:19,226][    INFO] ***** Evaluation ***** >>>> MeanDice: 92.85

[2024-02-13 21:19:19,226][    INFO] ***** Evaluation ***** >>>> Class [0 Right Ventricle] Dice: 82.66
[2024-02-13 21:19:19,226][    INFO] ***** Evaluation ***** >>>> Class [1 Myocardium] Dice: 95.68
[2024-02-13 21:19:19,227][    INFO] ***** Evaluation ***** >>>> Class [2 Left Ventricle] Dice: 97.61
[2024-02-13 21:19:19,227][    INFO] ***** Evaluation ***** >>>> MeanDice: 91.98

[2024-02-13 21:19:19,227][    INFO] ***** Evaluation ***** >>>> Class [0 Right Ventricle] Dice: 66.22
[2024-02-13 21:19:19,227][    INFO] ***** Evaluation ***** >>>> Class [1 Myocardium] Dice: 92.49
[2024-02-13 21:19:19,227][    INFO] ***** Evaluation ***** >>>> Class [2 Left Ventricle] Dice: 93.43
[2024-02-13 21:19:19,227][    INFO] ***** Evaluation ***** >>>> MeanDice: 84.05

[2024-02-13 21:19:19,228][    INFO] ***** Evaluation ***** >>>> Class [0 Right Ventricle] Dice: 86.15
[2024-02-13 21:19:19,228][    INFO] ***** Evaluation ***** >>>> Class [1 Myocardium] Dice: 91.73
[2024-02-13 21:19:19,228][    INFO] ***** Evaluation ***** >>>> Class [2 Left Ventricle] Dice: 95.41
[2024-02-13 21:19:19,228][    INFO] ***** Evaluation ***** >>>> MeanDice: 91.10

[2024-02-13 21:19:19,229][    INFO] ***** Evaluation ***** >>>> Class [0 Right Ventricle] Dice: 74.26
[2024-02-13 21:19:19,229][    INFO] ***** Evaluation ***** >>>> Class [1 Myocardium] Dice: 81.41
[2024-02-13 21:19:19,229][    INFO] ***** Evaluation ***** >>>> Class [2 Left Ventricle] Dice: 80.60
[2024-02-13 21:19:19,229][    INFO] ***** Evaluation ***** >>>> MeanDice: 78.76

[2024-02-13 21:19:19,241][    INFO] ***** Evaluation ***** >>>> Class [0 Right Ventricle] Dice: 0.00
[2024-02-13 21:19:19,241][    INFO] ***** Evaluation ***** >>>> Class [1 Myocardium] Dice: 89.20
[2024-02-13 21:19:19,241][    INFO] ***** Evaluation ***** >>>> Class [2 Left Ventricle] Dice: 97.70
[2024-02-13 21:19:19,241][    INFO] ***** Evaluation ***** >>>> MeanDice: 62.30

[2024-02-13 21:19:19,242][    INFO] ***** Evaluation ***** >>>> Class [0 Right Ventricle] Dice: 96.73
[2024-02-13 21:19:19,242][    INFO] ***** Evaluation ***** >>>> Class [1 Myocardium] Dice: 86.52
[2024-02-13 21:19:19,242][    INFO] ***** Evaluation ***** >>>> Class [2 Left Ventricle] Dice: 96.83
[2024-02-13 21:19:19,242][    INFO] ***** Evaluation ***** >>>> MeanDice: 93.36

[2024-02-13 21:19:19,243][    INFO] ***** Evaluation ***** >>>> Class [0 Right Ventricle] Dice: 93.85
[2024-02-13 21:19:19,243][    INFO] ***** Evaluation ***** >>>> Class [1 Myocardium] Dice: 83.11
[2024-02-13 21:19:19,243][    INFO] ***** Evaluation ***** >>>> Class [2 Left Ventricle] Dice: 96.70
[2024-02-13 21:19:19,243][    INFO] ***** Evaluation ***** >>>> MeanDice: 91.22

[2024-02-13 21:19:19,246][    INFO] ***** Evaluation ***** >>>> Class [0 Right Ventricle] Dice: 96.40
[2024-02-13 21:19:19,246][    INFO] ***** Evaluation ***** >>>> Class [1 Myocardium] Dice: 86.69
[2024-02-13 21:19:19,246][    INFO] ***** Evaluation ***** >>>> Class [2 Left Ventricle] Dice: 97.26
[2024-02-13 21:19:19,246][    INFO] ***** Evaluation ***** >>>> MeanDice: 93.45

[2024-02-13 21:19:19,247][    INFO] ***** Evaluation ***** >>>> Class [0 Right Ventricle] Dice: 96.63
[2024-02-13 21:19:19,247][    INFO] ***** Evaluation ***** >>>> Class [1 Myocardium] Dice: 85.74
[2024-02-13 21:19:19,247][    INFO] ***** Evaluation ***** >>>> Class [2 Left Ventricle] Dice: 97.34
[2024-02-13 21:19:19,247][    INFO] ***** Evaluation ***** >>>> MeanDice: 93.24

[2024-02-13 21:19:19,248][    INFO] ***** Evaluation ***** >>>> Class [0 Right Ventricle] Dice: 92.70
[2024-02-13 21:19:19,248][    INFO] ***** Evaluation ***** >>>> Class [1 Myocardium] Dice: 84.74
[2024-02-13 21:19:19,248][    INFO] ***** Evaluation ***** >>>> Class [2 Left Ventricle] Dice: 97.13
[2024-02-13 21:19:19,248][    INFO] ***** Evaluation ***** >>>> MeanDice: 91.52

[2024-02-13 21:19:19,249][    INFO] ***** Evaluation ***** >>>> Class [0 Right Ventricle] Dice: 83.46
[2024-02-13 21:19:19,249][    INFO] ***** Evaluation ***** >>>> Class [1 Myocardium] Dice: 87.49
[2024-02-13 21:19:19,249][    INFO] ***** Evaluation ***** >>>> Class [2 Left Ventricle] Dice: 95.78
[2024-02-13 21:19:19,249][    INFO] ***** Evaluation ***** >>>> MeanDice: 88.91

[2024-02-13 21:19:19,250][    INFO] ***** Evaluation ***** >>>> Class [0 Right Ventricle] Dice: 95.04
[2024-02-13 21:19:19,250][    INFO] ***** Evaluation ***** >>>> Class [1 Myocardium] Dice: 87.87
[2024-02-13 21:19:19,250][    INFO] ***** Evaluation ***** >>>> Class [2 Left Ventricle] Dice: 95.66
[2024-02-13 21:19:19,250][    INFO] ***** Evaluation ***** >>>> MeanDice: 92.86

[2024-02-13 21:19:19,266][    INFO] ***** Evaluation ***** >>>> Class [0 Right Ventricle] Dice: 100.00
[2024-02-13 21:19:19,266][    INFO] ***** Evaluation ***** >>>> Class [1 Myocardium] Dice: 88.60
[2024-02-13 21:19:19,266][    INFO] ***** Evaluation ***** >>>> Class [2 Left Ventricle] Dice: 97.32
[2024-02-13 21:19:19,266][    INFO] ***** Evaluation ***** >>>> MeanDice: 95.31

[2024-02-13 21:19:19,267][    INFO] ***** Evaluation ***** >>>> Class [0 Right Ventricle] Dice: 92.59
[2024-02-13 21:19:19,267][    INFO] ***** Evaluation ***** >>>> Class [1 Myocardium] Dice: 94.43
[2024-02-13 21:19:19,267][    INFO] ***** Evaluation ***** >>>> Class [2 Left Ventricle] Dice: 98.22
[2024-02-13 21:19:19,267][    INFO] ***** Evaluation ***** >>>> MeanDice: 95.08

[2024-02-13 21:19:19,268][    INFO] ***** Evaluation ***** >>>> Class [0 Right Ventricle] Dice: 92.59
[2024-02-13 21:19:19,268][    INFO] ***** Evaluation ***** >>>> Class [1 Myocardium] Dice: 90.98
[2024-02-13 21:19:19,268][    INFO] ***** Evaluation ***** >>>> Class [2 Left Ventricle] Dice: 96.88
[2024-02-13 21:19:19,268][    INFO] ***** Evaluation ***** >>>> MeanDice: 93.48

[2024-02-13 21:19:19,269][    INFO] ***** Evaluation ***** >>>> Class [0 Right Ventricle] Dice: 92.02
[2024-02-13 21:19:19,269][    INFO] ***** Evaluation ***** >>>> Class [1 Myocardium] Dice: 88.06
[2024-02-13 21:19:19,269][    INFO] ***** Evaluation ***** >>>> Class [2 Left Ventricle] Dice: 95.48
[2024-02-13 21:19:19,269][    INFO] ***** Evaluation ***** >>>> MeanDice: 91.85

[2024-02-13 21:19:19,270][    INFO] ***** Evaluation ***** >>>> Class [0 Right Ventricle] Dice: 93.26
[2024-02-13 21:19:19,270][    INFO] ***** Evaluation ***** >>>> Class [1 Myocardium] Dice: 90.35
[2024-02-13 21:19:19,270][    INFO] ***** Evaluation ***** >>>> Class [2 Left Ventricle] Dice: 95.98
[2024-02-13 21:19:19,270][    INFO] ***** Evaluation ***** >>>> MeanDice: 93.20

[2024-02-13 21:19:19,271][    INFO] ***** Evaluation ***** >>>> Class [0 Right Ventricle] Dice: 78.19
[2024-02-13 21:19:19,271][    INFO] ***** Evaluation ***** >>>> Class [1 Myocardium] Dice: 80.51
[2024-02-13 21:19:19,271][    INFO] ***** Evaluation ***** >>>> Class [2 Left Ventricle] Dice: 94.42
[2024-02-13 21:19:19,271][    INFO] ***** Evaluation ***** >>>> MeanDice: 84.38

[2024-02-13 21:19:19,272][    INFO] ***** Evaluation ***** >>>> Class [0 Right Ventricle] Dice: 68.18
[2024-02-13 21:19:19,272][    INFO] ***** Evaluation ***** >>>> Class [1 Myocardium] Dice: 86.29
[2024-02-13 21:19:19,272][    INFO] ***** Evaluation ***** >>>> Class [2 Left Ventricle] Dice: 91.90
[2024-02-13 21:19:19,272][    INFO] ***** Evaluation ***** >>>> MeanDice: 82.12

[2024-02-13 21:19:19,272][    INFO] ***** Evaluation ***** >>>> Class [0 Right Ventricle] Dice: 88.71
[2024-02-13 21:19:19,272][    INFO] ***** Evaluation ***** >>>> Class [1 Myocardium] Dice: 88.35
[2024-02-13 21:19:19,272][    INFO] ***** Evaluation ***** >>>> Class [2 Left Ventricle] Dice: 95.60
[2024-02-13 21:19:19,272][    INFO] ***** Evaluation ***** >>>> MeanDice: 90.89

[2024-02-13 21:19:19,359][    INFO] ***** Evaluation ***** >>>> Class [0 Right Ventricle] Dice: 95.67
[2024-02-13 21:19:19,359][    INFO] ***** Evaluation ***** >>>> Class [1 Myocardium] Dice: 91.25
[2024-02-13 21:19:19,359][    INFO] ***** Evaluation ***** >>>> Class [2 Left Ventricle] Dice: 97.90
[2024-02-13 21:19:19,359][    INFO] ***** Evaluation ***** >>>> MeanDice: 94.94

[2024-02-13 21:19:19,360][    INFO] ***** Evaluation ***** >>>> Class [0 Right Ventricle] Dice: 96.86
[2024-02-13 21:19:19,360][    INFO] ***** Evaluation ***** >>>> Class [1 Myocardium] Dice: 90.04
[2024-02-13 21:19:19,360][    INFO] ***** Evaluation ***** >>>> Class [2 Left Ventricle] Dice: 96.95
[2024-02-13 21:19:19,360][    INFO] ***** Evaluation ***** >>>> MeanDice: 94.62

[2024-02-13 21:19:19,361][    INFO] ***** Evaluation ***** >>>> Class [0 Right Ventricle] Dice: 94.85
[2024-02-13 21:19:19,361][    INFO] ***** Evaluation ***** >>>> Class [1 Myocardium] Dice: 92.26
[2024-02-13 21:19:19,361][    INFO] ***** Evaluation ***** >>>> Class [2 Left Ventricle] Dice: 97.44
[2024-02-13 21:19:19,361][    INFO] ***** Evaluation ***** >>>> MeanDice: 94.85

[2024-02-13 21:19:19,362][    INFO] ***** Evaluation ***** >>>> Class [0 Right Ventricle] Dice: 92.09
[2024-02-13 21:19:19,362][    INFO] ***** Evaluation ***** >>>> Class [1 Myocardium] Dice: 89.53
[2024-02-13 21:19:19,362][    INFO] ***** Evaluation ***** >>>> Class [2 Left Ventricle] Dice: 96.65
[2024-02-13 21:19:19,362][    INFO] ***** Evaluation ***** >>>> MeanDice: 92.76

[2024-02-13 21:19:19,363][    INFO] ***** Evaluation ***** >>>> Class [0 Right Ventricle] Dice: 91.36
[2024-02-13 21:19:19,363][    INFO] ***** Evaluation ***** >>>> Class [1 Myocardium] Dice: 86.93
[2024-02-13 21:19:19,363][    INFO] ***** Evaluation ***** >>>> Class [2 Left Ventricle] Dice: 94.99
[2024-02-13 21:19:19,363][    INFO] ***** Evaluation ***** >>>> MeanDice: 91.09

[2024-02-13 21:19:19,364][    INFO] ***** Evaluation ***** >>>> Class [0 Right Ventricle] Dice: 86.50
[2024-02-13 21:19:19,364][    INFO] ***** Evaluation ***** >>>> Class [1 Myocardium] Dice: 89.92
[2024-02-13 21:19:19,364][    INFO] ***** Evaluation ***** >>>> Class [2 Left Ventricle] Dice: 95.48
[2024-02-13 21:19:19,364][    INFO] ***** Evaluation ***** >>>> MeanDice: 90.63

[2024-02-13 21:19:19,365][    INFO] ***** Evaluation ***** >>>> Class [0 Right Ventricle] Dice: 84.29
[2024-02-13 21:19:19,365][    INFO] ***** Evaluation ***** >>>> Class [1 Myocardium] Dice: 88.72
[2024-02-13 21:19:19,365][    INFO] ***** Evaluation ***** >>>> Class [2 Left Ventricle] Dice: 94.89
[2024-02-13 21:19:19,365][    INFO] ***** Evaluation ***** >>>> MeanDice: 89.30

[2024-02-13 21:19:19,365][    INFO] ***** Evaluation ***** >>>> Class [0 Right Ventricle] Dice: 72.41
[2024-02-13 21:19:19,365][    INFO] ***** Evaluation ***** >>>> Class [1 Myocardium] Dice: 85.16
[2024-02-13 21:19:19,365][    INFO] ***** Evaluation ***** >>>> Class [2 Left Ventricle] Dice: 94.32
[2024-02-13 21:19:19,365][    INFO] ***** Evaluation ***** >>>> MeanDice: 83.96

[2024-02-13 21:19:19,366][    INFO] ***** Evaluation ***** >>>> Class [0 Right Ventricle] Dice: 100.00
[2024-02-13 21:19:19,366][    INFO] ***** Evaluation ***** >>>> Class [1 Myocardium] Dice: 79.31
[2024-02-13 21:19:19,366][    INFO] ***** Evaluation ***** >>>> Class [2 Left Ventricle] Dice: 91.35
[2024-02-13 21:19:19,366][    INFO] ***** Evaluation ***** >>>> MeanDice: 90.22

[2024-02-13 21:19:19,367][    INFO] ***** Evaluation ***** >>>> Class [0 Right Ventricle] Dice: 100.00
[2024-02-13 21:19:19,367][    INFO] ***** Evaluation ***** >>>> Class [1 Myocardium] Dice: 73.47
[2024-02-13 21:19:19,367][    INFO] ***** Evaluation ***** >>>> Class [2 Left Ventricle] Dice: 89.61
[2024-02-13 21:19:19,367][    INFO] ***** Evaluation ***** >>>> MeanDice: 87.69

[2024-02-13 21:19:19,477][    INFO] ***** Evaluation ***** >>>> Class [0 Right Ventricle] Dice: 0.00
[2024-02-13 21:19:19,477][    INFO] ***** Evaluation ***** >>>> Class [1 Myocardium] Dice: 93.29
[2024-02-13 21:19:19,477][    INFO] ***** Evaluation ***** >>>> Class [2 Left Ventricle] Dice: 96.87
[2024-02-13 21:19:19,478][    INFO] ***** Evaluation ***** >>>> MeanDice: 63.39

[2024-02-13 21:19:19,478][    INFO] ***** Evaluation ***** >>>> Class [0 Right Ventricle] Dice: 90.50
[2024-02-13 21:19:19,478][    INFO] ***** Evaluation ***** >>>> Class [1 Myocardium] Dice: 89.77
[2024-02-13 21:19:19,478][    INFO] ***** Evaluation ***** >>>> Class [2 Left Ventricle] Dice: 95.49
[2024-02-13 21:19:19,478][    INFO] ***** Evaluation ***** >>>> MeanDice: 91.92

[2024-02-13 21:19:19,479][    INFO] ***** Evaluation ***** >>>> Class [0 Right Ventricle] Dice: 83.49
[2024-02-13 21:19:19,479][    INFO] ***** Evaluation ***** >>>> Class [1 Myocardium] Dice: 92.88
[2024-02-13 21:19:19,479][    INFO] ***** Evaluation ***** >>>> Class [2 Left Ventricle] Dice: 97.71
[2024-02-13 21:19:19,479][    INFO] ***** Evaluation ***** >>>> MeanDice: 91.36

[2024-02-13 21:19:19,480][    INFO] ***** Evaluation ***** >>>> Class [0 Right Ventricle] Dice: 60.62
[2024-02-13 21:19:19,480][    INFO] ***** Evaluation ***** >>>> Class [1 Myocardium] Dice: 88.03
[2024-02-13 21:19:19,480][    INFO] ***** Evaluation ***** >>>> Class [2 Left Ventricle] Dice: 95.18
[2024-02-13 21:19:19,480][    INFO] ***** Evaluation ***** >>>> MeanDice: 81.28

[2024-02-13 21:19:19,481][    INFO] ***** Evaluation ***** >>>> Class [0 Right Ventricle] Dice: 62.04
[2024-02-13 21:19:19,481][    INFO] ***** Evaluation ***** >>>> Class [1 Myocardium] Dice: 90.31
[2024-02-13 21:19:19,481][    INFO] ***** Evaluation ***** >>>> Class [2 Left Ventricle] Dice: 96.36
[2024-02-13 21:19:19,481][    INFO] ***** Evaluation ***** >>>> MeanDice: 82.90

[2024-02-13 21:19:19,482][    INFO] ***** Evaluation ***** >>>> Class [0 Right Ventricle] Dice: 72.07
[2024-02-13 21:19:19,482][    INFO] ***** Evaluation ***** >>>> Class [1 Myocardium] Dice: 92.87
[2024-02-13 21:19:19,482][    INFO] ***** Evaluation ***** >>>> Class [2 Left Ventricle] Dice: 97.65
[2024-02-13 21:19:19,482][    INFO] ***** Evaluation ***** >>>> MeanDice: 87.53

[2024-02-13 21:19:19,483][    INFO] ***** Evaluation ***** >>>> Class [0 Right Ventricle] Dice: 71.74
[2024-02-13 21:19:19,483][    INFO] ***** Evaluation ***** >>>> Class [1 Myocardium] Dice: 90.61
[2024-02-13 21:19:19,483][    INFO] ***** Evaluation ***** >>>> Class [2 Left Ventricle] Dice: 97.00
[2024-02-13 21:19:19,483][    INFO] ***** Evaluation ***** >>>> MeanDice: 86.45

[2024-02-13 21:19:19,483][    INFO] ***** Evaluation ***** >>>> Class [0 Right Ventricle] Dice: 65.31
[2024-02-13 21:19:19,483][    INFO] ***** Evaluation ***** >>>> Class [1 Myocardium] Dice: 90.12
[2024-02-13 21:19:19,483][    INFO] ***** Evaluation ***** >>>> Class [2 Left Ventricle] Dice: 96.10
[2024-02-13 21:19:19,484][    INFO] ***** Evaluation ***** >>>> MeanDice: 83.84

[2024-02-13 21:19:19,484][    INFO] ***** Evaluation ***** >>>> Class [0 Right Ventricle] Dice: 32.79
[2024-02-13 21:19:19,484][    INFO] ***** Evaluation ***** >>>> Class [1 Myocardium] Dice: 79.32
[2024-02-13 21:19:19,484][    INFO] ***** Evaluation ***** >>>> Class [2 Left Ventricle] Dice: 90.19
[2024-02-13 21:19:19,484][    INFO] ***** Evaluation ***** >>>> MeanDice: 67.43

[2024-02-13 21:19:19,485][    INFO] ***** Evaluation ***** >>>> Class [0 Right Ventricle] Dice: 100.00
[2024-02-13 21:19:19,485][    INFO] ***** Evaluation ***** >>>> Class [1 Myocardium] Dice: 0.00
[2024-02-13 21:19:19,485][    INFO] ***** Evaluation ***** >>>> Class [2 Left Ventricle] Dice: 0.00
[2024-02-13 21:19:19,485][    INFO] ***** Evaluation ***** >>>> MeanDice: 33.33

[2024-02-13 21:19:19,499][    INFO] ***** Evaluation ***** >>>> Class [0 Right Ventricle] Dice: 95.82
[2024-02-13 21:19:19,499][    INFO] ***** Evaluation ***** >>>> Class [1 Myocardium] Dice: 95.04
[2024-02-13 21:19:19,499][    INFO] ***** Evaluation ***** >>>> Class [2 Left Ventricle] Dice: 97.76
[2024-02-13 21:19:19,499][    INFO] ***** Evaluation ***** >>>> MeanDice: 96.20

[2024-02-13 21:19:19,500][    INFO] ***** Evaluation ***** >>>> Class [0 Right Ventricle] Dice: 97.06
[2024-02-13 21:19:19,500][    INFO] ***** Evaluation ***** >>>> Class [1 Myocardium] Dice: 94.00
[2024-02-13 21:19:19,500][    INFO] ***** Evaluation ***** >>>> Class [2 Left Ventricle] Dice: 96.62
[2024-02-13 21:19:19,500][    INFO] ***** Evaluation ***** >>>> MeanDice: 95.90

[2024-02-13 21:19:19,501][    INFO] ***** Evaluation ***** >>>> Class [0 Right Ventricle] Dice: 95.45
[2024-02-13 21:19:19,501][    INFO] ***** Evaluation ***** >>>> Class [1 Myocardium] Dice: 93.26
[2024-02-13 21:19:19,501][    INFO] ***** Evaluation ***** >>>> Class [2 Left Ventricle] Dice: 96.97
[2024-02-13 21:19:19,501][    INFO] ***** Evaluation ***** >>>> MeanDice: 95.22

[2024-02-13 21:19:19,502][    INFO] ***** Evaluation ***** >>>> Class [0 Right Ventricle] Dice: 96.01
[2024-02-13 21:19:19,502][    INFO] ***** Evaluation ***** >>>> Class [1 Myocardium] Dice: 91.11
[2024-02-13 21:19:19,502][    INFO] ***** Evaluation ***** >>>> Class [2 Left Ventricle] Dice: 95.39
[2024-02-13 21:19:19,502][    INFO] ***** Evaluation ***** >>>> MeanDice: 94.17

[2024-02-13 21:19:19,503][    INFO] ***** Evaluation ***** >>>> Class [0 Right Ventricle] Dice: 93.77
[2024-02-13 21:19:19,503][    INFO] ***** Evaluation ***** >>>> Class [1 Myocardium] Dice: 91.79
[2024-02-13 21:19:19,503][    INFO] ***** Evaluation ***** >>>> Class [2 Left Ventricle] Dice: 95.44
[2024-02-13 21:19:19,503][    INFO] ***** Evaluation ***** >>>> MeanDice: 93.67

[2024-02-13 21:19:19,503][    INFO] ***** Evaluation ***** >>>> Class [0 Right Ventricle] Dice: 91.85
[2024-02-13 21:19:19,503][    INFO] ***** Evaluation ***** >>>> Class [1 Myocardium] Dice: 88.78
[2024-02-13 21:19:19,503][    INFO] ***** Evaluation ***** >>>> Class [2 Left Ventricle] Dice: 92.86
[2024-02-13 21:19:19,503][    INFO] ***** Evaluation ***** >>>> MeanDice: 91.16

[2024-02-13 21:19:19,504][    INFO] ***** Evaluation ***** >>>> Class [0 Right Ventricle] Dice: 87.06
[2024-02-13 21:19:19,504][    INFO] ***** Evaluation ***** >>>> Class [1 Myocardium] Dice: 88.63
[2024-02-13 21:19:19,504][    INFO] ***** Evaluation ***** >>>> Class [2 Left Ventricle] Dice: 92.81
[2024-02-13 21:19:19,504][    INFO] ***** Evaluation ***** >>>> MeanDice: 89.50

[2024-02-13 21:19:19,505][    INFO] ***** Evaluation ***** >>>> Class [0 Right Ventricle] Dice: 85.29
[2024-02-13 21:19:19,505][    INFO] ***** Evaluation ***** >>>> Class [1 Myocardium] Dice: 83.82
[2024-02-13 21:19:19,505][    INFO] ***** Evaluation ***** >>>> Class [2 Left Ventricle] Dice: 84.67
[2024-02-13 21:19:19,505][    INFO] ***** Evaluation ***** >>>> MeanDice: 84.60

[2024-02-13 21:19:19,506][    INFO] ***** Evaluation ***** >>>> Class [0 Right Ventricle] Dice: 0.00
[2024-02-13 21:19:19,506][    INFO] ***** Evaluation ***** >>>> Class [1 Myocardium] Dice: 33.57
[2024-02-13 21:19:19,506][    INFO] ***** Evaluation ***** >>>> Class [2 Left Ventricle] Dice: 53.06
[2024-02-13 21:19:19,506][    INFO] ***** Evaluation ***** >>>> MeanDice: 28.88

[2024-02-13 21:19:19,607][    INFO] ***** Evaluation ***** >>>> Class [0 Right Ventricle] Dice: 0.00
[2024-02-13 21:19:19,607][    INFO] ***** Evaluation ***** >>>> Class [1 Myocardium] Dice: 85.35
[2024-02-13 21:19:19,607][    INFO] ***** Evaluation ***** >>>> Class [2 Left Ventricle] Dice: 94.25
[2024-02-13 21:19:19,607][    INFO] ***** Evaluation ***** >>>> MeanDice: 59.87

[2024-02-13 21:19:19,608][    INFO] ***** Evaluation ***** >>>> Class [0 Right Ventricle] Dice: 88.53
[2024-02-13 21:19:19,608][    INFO] ***** Evaluation ***** >>>> Class [1 Myocardium] Dice: 94.76
[2024-02-13 21:19:19,608][    INFO] ***** Evaluation ***** >>>> Class [2 Left Ventricle] Dice: 94.33
[2024-02-13 21:19:19,608][    INFO] ***** Evaluation ***** >>>> MeanDice: 92.54

[2024-02-13 21:19:19,609][    INFO] ***** Evaluation ***** >>>> Class [0 Right Ventricle] Dice: 88.05
[2024-02-13 21:19:19,609][    INFO] ***** Evaluation ***** >>>> Class [1 Myocardium] Dice: 96.16
[2024-02-13 21:19:19,609][    INFO] ***** Evaluation ***** >>>> Class [2 Left Ventricle] Dice: 91.72
[2024-02-13 21:19:19,609][    INFO] ***** Evaluation ***** >>>> MeanDice: 91.98

[2024-02-13 21:19:19,609][    INFO] ***** Evaluation ***** >>>> Class [0 Right Ventricle] Dice: 86.29
[2024-02-13 21:19:19,610][    INFO] ***** Evaluation ***** >>>> Class [1 Myocardium] Dice: 94.38
[2024-02-13 21:19:19,610][    INFO] ***** Evaluation ***** >>>> Class [2 Left Ventricle] Dice: 87.82
[2024-02-13 21:19:19,610][    INFO] ***** Evaluation ***** >>>> MeanDice: 89.49

[2024-02-13 21:19:19,610][    INFO] ***** Evaluation ***** >>>> Class [0 Right Ventricle] Dice: 70.85
[2024-02-13 21:19:19,610][    INFO] ***** Evaluation ***** >>>> Class [1 Myocardium] Dice: 94.83
[2024-02-13 21:19:19,610][    INFO] ***** Evaluation ***** >>>> Class [2 Left Ventricle] Dice: 85.21
[2024-02-13 21:19:19,610][    INFO] ***** Evaluation ***** >>>> MeanDice: 83.63

[2024-02-13 21:19:19,611][    INFO] ***** Evaluation ***** >>>> Class [0 Right Ventricle] Dice: 84.56
[2024-02-13 21:19:19,611][    INFO] ***** Evaluation ***** >>>> Class [1 Myocardium] Dice: 94.75
[2024-02-13 21:19:19,611][    INFO] ***** Evaluation ***** >>>> Class [2 Left Ventricle] Dice: 84.30
[2024-02-13 21:19:19,611][    INFO] ***** Evaluation ***** >>>> MeanDice: 87.87

[2024-02-13 21:19:19,612][    INFO] ***** Evaluation ***** >>>> Class [0 Right Ventricle] Dice: 37.21
[2024-02-13 21:19:19,612][    INFO] ***** Evaluation ***** >>>> Class [1 Myocardium] Dice: 92.27
[2024-02-13 21:19:19,612][    INFO] ***** Evaluation ***** >>>> Class [2 Left Ventricle] Dice: 66.20
[2024-02-13 21:19:19,612][    INFO] ***** Evaluation ***** >>>> MeanDice: 65.23

[2024-02-13 21:19:19,613][    INFO] ***** Evaluation ***** >>>> Class [0 Right Ventricle] Dice: 100.00
[2024-02-13 21:19:19,613][    INFO] ***** Evaluation ***** >>>> Class [1 Myocardium] Dice: 39.52
[2024-02-13 21:19:19,613][    INFO] ***** Evaluation ***** >>>> Class [2 Left Ventricle] Dice: 0.00
[2024-02-13 21:19:19,613][    INFO] ***** Evaluation ***** >>>> MeanDice: 46.51

[2024-02-13 21:19:19,614][    INFO] ***** Evaluation ***** >>>> Class [0 Right Ventricle] Dice: 100.00
[2024-02-13 21:19:19,614][    INFO] ***** Evaluation ***** >>>> Class [1 Myocardium] Dice: 0.00
[2024-02-13 21:19:19,614][    INFO] ***** Evaluation ***** >>>> Class [2 Left Ventricle] Dice: 100.00
[2024-02-13 21:19:19,614][    INFO] ***** Evaluation ***** >>>> MeanDice: 66.67

