/var/lib/slurm/slurmd/job04901/slurm_script: line 15: module: command not found
[2024-05-10 03:15:35,407][    INFO] {'batch_size': 12,
 'conf_thresh': 0.95,
 'config': 'configs/ukbb/train/exp3/seed79/config.yaml',
 'crop_size': 256,
 'ctrl': 'age ethnicity',
 'data_desc': 'UKBB Train Data - 264 Patients, 26 Labeled, Rest Unlabeled '
              'Patients',
 'data_root': '/vol/aimspace/projects/ukbb/data/cardiac/cardiac_segmentations/subjects',
 'dataset': 'ukbb',
 'epochs': 100,
 'local_rank': 0,
 'lr': 0.01,
 'mode': 'train',
 'model_desc': 'Unimatch Unet 26 Training on UKBB',
 'nclass': 4,
 'ngpus': 1,
 'num_workers': 1,
 'seed': 79,
 'split': 26,
 'visualize': False}

[2024-05-10 03:15:35,493][    INFO] Total params: 1.8M

[2024-05-10 03:15:37,779][    INFO] ===========> Epoch: 0, LR: 0.01000, Previous best: 0.00
[2024-05-10 03:15:43,066][    INFO] Iters: 0, Total loss: 0.764, Loss x: 1.079, Loss s: 0.480, Loss w_fp: 0.420, Mask ratio: 0.000
[2024-05-10 03:15:59,758][    INFO] ***** Evaluation ***** >>>> Class [0 Right Ventricle] Dice: 0.00
[2024-05-10 03:15:59,758][    INFO] ***** Evaluation ***** >>>> Class [1 Myocardium] Dice: 0.00
[2024-05-10 03:15:59,758][    INFO] ***** Evaluation ***** >>>> Class [2 Left Ventricle] Dice: 0.00
[2024-05-10 03:15:59,758][    INFO] ***** Evaluation ***** >>>> MeanDice: 0.00

[2024-05-10 03:15:59,878][    INFO] ===========> Epoch: 1, LR: 0.00999, Previous best: 0.00
[2024-05-10 03:16:00,730][    INFO] Iters: 0, Total loss: 0.581, Loss x: 0.411, Loss s: 0.750, Loss w_fp: 0.751, Mask ratio: 0.774
[2024-05-10 03:16:17,247][    INFO] ***** Evaluation ***** >>>> Class [0 Right Ventricle] Dice: 0.00
[2024-05-10 03:16:17,248][    INFO] ***** Evaluation ***** >>>> Class [1 Myocardium] Dice: 0.00
[2024-05-10 03:16:17,248][    INFO] ***** Evaluation ***** >>>> Class [2 Left Ventricle] Dice: 0.00
[2024-05-10 03:16:17,248][    INFO] ***** Evaluation ***** >>>> MeanDice: 0.00

[2024-05-10 03:16:17,443][    INFO] ===========> Epoch: 2, LR: 0.00990, Previous best: 0.00
[2024-05-10 03:16:18,450][    INFO] Iters: 0, Total loss: 0.561, Loss x: 0.370, Loss s: 0.751, Loss w_fp: 0.751, Mask ratio: 0.707
[2024-05-10 03:16:34,171][    INFO] ***** Evaluation ***** >>>> Class [0 Right Ventricle] Dice: 0.00
[2024-05-10 03:16:34,171][    INFO] ***** Evaluation ***** >>>> Class [1 Myocardium] Dice: 29.32
[2024-05-10 03:16:34,172][    INFO] ***** Evaluation ***** >>>> Class [2 Left Ventricle] Dice: 0.00
[2024-05-10 03:16:34,172][    INFO] ***** Evaluation ***** >>>> MeanDice: 9.77

[2024-05-10 03:16:34,288][    INFO] ===========> Epoch: 3, LR: 0.00981, Previous best: 9.77
[2024-05-10 03:16:35,148][    INFO] Iters: 0, Total loss: 0.541, Loss x: 0.332, Loss s: 0.748, Loss w_fp: 0.752, Mask ratio: 0.806
[2024-05-10 03:16:50,645][    INFO] ***** Evaluation ***** >>>> Class [0 Right Ventricle] Dice: 0.00
[2024-05-10 03:16:50,645][    INFO] ***** Evaluation ***** >>>> Class [1 Myocardium] Dice: 35.19
[2024-05-10 03:16:50,645][    INFO] ***** Evaluation ***** >>>> Class [2 Left Ventricle] Dice: 30.50
[2024-05-10 03:16:50,645][    INFO] ***** Evaluation ***** >>>> MeanDice: 21.89

[2024-05-10 03:16:50,763][    INFO] ===========> Epoch: 4, LR: 0.00972, Previous best: 21.89
[2024-05-10 03:16:51,608][    INFO] Iters: 0, Total loss: 0.460, Loss x: 0.293, Loss s: 0.597, Loss w_fp: 0.657, Mask ratio: 0.852
[2024-05-10 03:17:08,360][    INFO] ***** Evaluation ***** >>>> Class [0 Right Ventricle] Dice: 4.58
[2024-05-10 03:17:08,360][    INFO] ***** Evaluation ***** >>>> Class [1 Myocardium] Dice: 23.38
[2024-05-10 03:17:08,360][    INFO] ***** Evaluation ***** >>>> Class [2 Left Ventricle] Dice: 23.22
[2024-05-10 03:17:08,360][    INFO] ***** Evaluation ***** >>>> MeanDice: 17.06

[2024-05-10 03:17:08,406][    INFO] ===========> Epoch: 5, LR: 0.00963, Previous best: 21.89
[2024-05-10 03:17:09,254][    INFO] Iters: 0, Total loss: 0.415, Loss x: 0.226, Loss s: 0.600, Loss w_fp: 0.609, Mask ratio: 0.930
[2024-05-10 03:17:24,690][    INFO] ***** Evaluation ***** >>>> Class [0 Right Ventricle] Dice: 4.07
[2024-05-10 03:17:24,691][    INFO] ***** Evaluation ***** >>>> Class [1 Myocardium] Dice: 39.07
[2024-05-10 03:17:24,691][    INFO] ***** Evaluation ***** >>>> Class [2 Left Ventricle] Dice: 47.83
[2024-05-10 03:17:24,691][    INFO] ***** Evaluation ***** >>>> MeanDice: 30.32

[2024-05-10 03:17:24,806][    INFO] ===========> Epoch: 6, LR: 0.00954, Previous best: 30.32
[2024-05-10 03:17:25,638][    INFO] Iters: 0, Total loss: 0.298, Loss x: 0.261, Loss s: 0.390, Loss w_fp: 0.282, Mask ratio: 0.943
[2024-05-10 03:17:41,230][    INFO] ***** Evaluation ***** >>>> Class [0 Right Ventricle] Dice: 8.34
[2024-05-10 03:17:41,231][    INFO] ***** Evaluation ***** >>>> Class [1 Myocardium] Dice: 65.26
[2024-05-10 03:17:41,231][    INFO] ***** Evaluation ***** >>>> Class [2 Left Ventricle] Dice: 72.29
[2024-05-10 03:17:41,231][    INFO] ***** Evaluation ***** >>>> MeanDice: 48.63

[2024-05-10 03:17:41,322][    INFO] ===========> Epoch: 7, LR: 0.00945, Previous best: 48.63
[2024-05-10 03:17:42,178][    INFO] Iters: 0, Total loss: 0.201, Loss x: 0.202, Loss s: 0.327, Loss w_fp: 0.073, Mask ratio: 0.984
[2024-05-10 03:17:57,720][    INFO] ***** Evaluation ***** >>>> Class [0 Right Ventricle] Dice: 65.76
[2024-05-10 03:17:57,721][    INFO] ***** Evaluation ***** >>>> Class [1 Myocardium] Dice: 63.49
[2024-05-10 03:17:57,721][    INFO] ***** Evaluation ***** >>>> Class [2 Left Ventricle] Dice: 76.61
[2024-05-10 03:17:57,721][    INFO] ***** Evaluation ***** >>>> MeanDice: 68.62

[2024-05-10 03:17:57,836][    INFO] ===========> Epoch: 8, LR: 0.00936, Previous best: 68.62
[2024-05-10 03:17:58,774][    INFO] Iters: 0, Total loss: 0.104, Loss x: 0.135, Loss s: 0.133, Loss w_fp: 0.010, Mask ratio: 0.987
[2024-05-10 03:18:15,046][    INFO] ***** Evaluation ***** >>>> Class [0 Right Ventricle] Dice: 70.28
[2024-05-10 03:18:15,046][    INFO] ***** Evaluation ***** >>>> Class [1 Myocardium] Dice: 73.73
[2024-05-10 03:18:15,046][    INFO] ***** Evaluation ***** >>>> Class [2 Left Ventricle] Dice: 83.33
[2024-05-10 03:18:15,046][    INFO] ***** Evaluation ***** >>>> MeanDice: 75.78

[2024-05-10 03:18:15,161][    INFO] ===========> Epoch: 9, LR: 0.00927, Previous best: 75.78
[2024-05-10 03:18:16,111][    INFO] Iters: 0, Total loss: 0.062, Loss x: 0.078, Loss s: 0.082, Loss w_fp: 0.011, Mask ratio: 0.983
[2024-05-10 03:18:32,187][    INFO] ***** Evaluation ***** >>>> Class [0 Right Ventricle] Dice: 70.67
[2024-05-10 03:18:32,187][    INFO] ***** Evaluation ***** >>>> Class [1 Myocardium] Dice: 70.85
[2024-05-10 03:18:32,187][    INFO] ***** Evaluation ***** >>>> Class [2 Left Ventricle] Dice: 81.08
[2024-05-10 03:18:32,187][    INFO] ***** Evaluation ***** >>>> MeanDice: 74.20

[2024-05-10 03:18:32,259][    INFO] ===========> Epoch: 10, LR: 0.00918, Previous best: 75.78
[2024-05-10 03:18:33,165][    INFO] Iters: 0, Total loss: 0.106, Loss x: 0.107, Loss s: 0.176, Loss w_fp: 0.034, Mask ratio: 0.979
[2024-05-10 03:18:48,851][    INFO] ***** Evaluation ***** >>>> Class [0 Right Ventricle] Dice: 72.17
[2024-05-10 03:18:48,852][    INFO] ***** Evaluation ***** >>>> Class [1 Myocardium] Dice: 74.27
[2024-05-10 03:18:48,852][    INFO] ***** Evaluation ***** >>>> Class [2 Left Ventricle] Dice: 85.41
[2024-05-10 03:18:48,852][    INFO] ***** Evaluation ***** >>>> MeanDice: 77.28

[2024-05-10 03:18:48,969][    INFO] ===========> Epoch: 11, LR: 0.00909, Previous best: 77.28
[2024-05-10 03:18:49,836][    INFO] Iters: 0, Total loss: 0.029, Loss x: 0.043, Loss s: 0.022, Loss w_fp: 0.010, Mask ratio: 0.984
[2024-05-10 03:19:05,424][    INFO] ***** Evaluation ***** >>>> Class [0 Right Ventricle] Dice: 75.13
[2024-05-10 03:19:05,425][    INFO] ***** Evaluation ***** >>>> Class [1 Myocardium] Dice: 76.67
[2024-05-10 03:19:05,425][    INFO] ***** Evaluation ***** >>>> Class [2 Left Ventricle] Dice: 87.01
[2024-05-10 03:19:05,425][    INFO] ***** Evaluation ***** >>>> MeanDice: 79.60

[2024-05-10 03:19:05,541][    INFO] ===========> Epoch: 12, LR: 0.00899, Previous best: 79.60
[2024-05-10 03:19:06,383][    INFO] Iters: 0, Total loss: 0.073, Loss x: 0.077, Loss s: 0.129, Loss w_fp: 0.008, Mask ratio: 0.986
[2024-05-10 03:19:22,699][    INFO] ***** Evaluation ***** >>>> Class [0 Right Ventricle] Dice: 65.39
[2024-05-10 03:19:22,699][    INFO] ***** Evaluation ***** >>>> Class [1 Myocardium] Dice: 70.69
[2024-05-10 03:19:22,699][    INFO] ***** Evaluation ***** >>>> Class [2 Left Ventricle] Dice: 83.90
[2024-05-10 03:19:22,699][    INFO] ***** Evaluation ***** >>>> MeanDice: 73.33

[2024-05-10 03:19:22,747][    INFO] ===========> Epoch: 13, LR: 0.00890, Previous best: 79.60
[2024-05-10 03:19:23,610][    INFO] Iters: 0, Total loss: 0.067, Loss x: 0.085, Loss s: 0.076, Loss w_fp: 0.020, Mask ratio: 0.986
[2024-05-10 03:19:38,912][    INFO] ***** Evaluation ***** >>>> Class [0 Right Ventricle] Dice: 73.32
[2024-05-10 03:19:38,912][    INFO] ***** Evaluation ***** >>>> Class [1 Myocardium] Dice: 77.44
[2024-05-10 03:19:38,912][    INFO] ***** Evaluation ***** >>>> Class [2 Left Ventricle] Dice: 86.46
[2024-05-10 03:19:38,912][    INFO] ***** Evaluation ***** >>>> MeanDice: 79.07

[2024-05-10 03:19:38,984][    INFO] ===========> Epoch: 14, LR: 0.00881, Previous best: 79.60
[2024-05-10 03:19:39,826][    INFO] Iters: 0, Total loss: 0.059, Loss x: 0.067, Loss s: 0.090, Loss w_fp: 0.013, Mask ratio: 0.987
[2024-05-10 03:19:55,351][    INFO] ***** Evaluation ***** >>>> Class [0 Right Ventricle] Dice: 77.28
[2024-05-10 03:19:55,351][    INFO] ***** Evaluation ***** >>>> Class [1 Myocardium] Dice: 79.61
[2024-05-10 03:19:55,351][    INFO] ***** Evaluation ***** >>>> Class [2 Left Ventricle] Dice: 88.01
[2024-05-10 03:19:55,351][    INFO] ***** Evaluation ***** >>>> MeanDice: 81.63

[2024-05-10 03:19:55,465][    INFO] ===========> Epoch: 15, LR: 0.00872, Previous best: 81.63
[2024-05-10 03:19:56,421][    INFO] Iters: 0, Total loss: 0.051, Loss x: 0.063, Loss s: 0.071, Loss w_fp: 0.008, Mask ratio: 0.989
[2024-05-10 03:20:13,682][    INFO] ***** Evaluation ***** >>>> Class [0 Right Ventricle] Dice: 77.62
[2024-05-10 03:20:13,682][    INFO] ***** Evaluation ***** >>>> Class [1 Myocardium] Dice: 72.94
[2024-05-10 03:20:13,682][    INFO] ***** Evaluation ***** >>>> Class [2 Left Ventricle] Dice: 84.23
[2024-05-10 03:20:13,682][    INFO] ***** Evaluation ***** >>>> MeanDice: 78.27

[2024-05-10 03:20:13,754][    INFO] ===========> Epoch: 16, LR: 0.00863, Previous best: 81.63
[2024-05-10 03:20:14,587][    INFO] Iters: 0, Total loss: 0.065, Loss x: 0.085, Loss s: 0.082, Loss w_fp: 0.007, Mask ratio: 0.982
[2024-05-10 03:20:30,171][    INFO] ***** Evaluation ***** >>>> Class [0 Right Ventricle] Dice: 79.01
[2024-05-10 03:20:30,171][    INFO] ***** Evaluation ***** >>>> Class [1 Myocardium] Dice: 79.12
[2024-05-10 03:20:30,171][    INFO] ***** Evaluation ***** >>>> Class [2 Left Ventricle] Dice: 86.68
[2024-05-10 03:20:30,171][    INFO] ***** Evaluation ***** >>>> MeanDice: 81.60

[2024-05-10 03:20:30,243][    INFO] ===========> Epoch: 17, LR: 0.00854, Previous best: 81.63
[2024-05-10 03:20:31,194][    INFO] Iters: 0, Total loss: 0.055, Loss x: 0.056, Loss s: 0.070, Loss w_fp: 0.039, Mask ratio: 0.979
[2024-05-10 03:20:46,940][    INFO] ***** Evaluation ***** >>>> Class [0 Right Ventricle] Dice: 80.07
[2024-05-10 03:20:46,940][    INFO] ***** Evaluation ***** >>>> Class [1 Myocardium] Dice: 81.58
[2024-05-10 03:20:46,941][    INFO] ***** Evaluation ***** >>>> Class [2 Left Ventricle] Dice: 89.43
[2024-05-10 03:20:46,941][    INFO] ***** Evaluation ***** >>>> MeanDice: 83.69

[2024-05-10 03:20:47,034][    INFO] ===========> Epoch: 18, LR: 0.00845, Previous best: 83.69
[2024-05-10 03:20:47,894][    INFO] Iters: 0, Total loss: 0.084, Loss x: 0.087, Loss s: 0.153, Loss w_fp: 0.008, Mask ratio: 0.984
[2024-05-10 03:21:03,357][    INFO] ***** Evaluation ***** >>>> Class [0 Right Ventricle] Dice: 69.16
[2024-05-10 03:21:03,357][    INFO] ***** Evaluation ***** >>>> Class [1 Myocardium] Dice: 76.88
[2024-05-10 03:21:03,357][    INFO] ***** Evaluation ***** >>>> Class [2 Left Ventricle] Dice: 88.52
[2024-05-10 03:21:03,357][    INFO] ***** Evaluation ***** >>>> MeanDice: 78.19

[2024-05-10 03:21:03,405][    INFO] ===========> Epoch: 19, LR: 0.00835, Previous best: 83.69
[2024-05-10 03:21:04,256][    INFO] Iters: 0, Total loss: 0.065, Loss x: 0.104, Loss s: 0.036, Loss w_fp: 0.014, Mask ratio: 0.987
[2024-05-10 03:21:20,420][    INFO] ***** Evaluation ***** >>>> Class [0 Right Ventricle] Dice: 78.63
[2024-05-10 03:21:20,420][    INFO] ***** Evaluation ***** >>>> Class [1 Myocardium] Dice: 81.39
[2024-05-10 03:21:20,420][    INFO] ***** Evaluation ***** >>>> Class [2 Left Ventricle] Dice: 89.85
[2024-05-10 03:21:20,420][    INFO] ***** Evaluation ***** >>>> MeanDice: 83.29

[2024-05-10 03:21:20,492][    INFO] ===========> Epoch: 20, LR: 0.00826, Previous best: 83.69
[2024-05-10 03:21:21,471][    INFO] Iters: 0, Total loss: 0.038, Loss x: 0.053, Loss s: 0.040, Loss w_fp: 0.006, Mask ratio: 0.986
[2024-05-10 03:21:40,911][    INFO] ***** Evaluation ***** >>>> Class [0 Right Ventricle] Dice: 76.31
[2024-05-10 03:21:40,911][    INFO] ***** Evaluation ***** >>>> Class [1 Myocardium] Dice: 79.13
[2024-05-10 03:21:40,911][    INFO] ***** Evaluation ***** >>>> Class [2 Left Ventricle] Dice: 89.71
[2024-05-10 03:21:40,911][    INFO] ***** Evaluation ***** >>>> MeanDice: 81.72

[2024-05-10 03:21:40,984][    INFO] ===========> Epoch: 21, LR: 0.00817, Previous best: 83.69
[2024-05-10 03:21:41,863][    INFO] Iters: 0, Total loss: 0.034, Loss x: 0.047, Loss s: 0.036, Loss w_fp: 0.006, Mask ratio: 0.978
[2024-05-10 03:21:58,256][    INFO] ***** Evaluation ***** >>>> Class [0 Right Ventricle] Dice: 78.71
[2024-05-10 03:21:58,256][    INFO] ***** Evaluation ***** >>>> Class [1 Myocardium] Dice: 80.27
[2024-05-10 03:21:58,256][    INFO] ***** Evaluation ***** >>>> Class [2 Left Ventricle] Dice: 89.64
[2024-05-10 03:21:58,256][    INFO] ***** Evaluation ***** >>>> MeanDice: 82.88

[2024-05-10 03:21:58,306][    INFO] ===========> Epoch: 22, LR: 0.00808, Previous best: 83.69
[2024-05-10 03:21:59,139][    INFO] Iters: 0, Total loss: 0.043, Loss x: 0.040, Loss s: 0.081, Loss w_fp: 0.013, Mask ratio: 0.992
[2024-05-10 03:22:14,600][    INFO] ***** Evaluation ***** >>>> Class [0 Right Ventricle] Dice: 80.35
[2024-05-10 03:22:14,600][    INFO] ***** Evaluation ***** >>>> Class [1 Myocardium] Dice: 78.37
[2024-05-10 03:22:14,600][    INFO] ***** Evaluation ***** >>>> Class [2 Left Ventricle] Dice: 87.93
[2024-05-10 03:22:14,600][    INFO] ***** Evaluation ***** >>>> MeanDice: 82.22

[2024-05-10 03:22:14,648][    INFO] ===========> Epoch: 23, LR: 0.00799, Previous best: 83.69
[2024-05-10 03:22:15,506][    INFO] Iters: 0, Total loss: 0.052, Loss x: 0.081, Loss s: 0.041, Loss w_fp: 0.007, Mask ratio: 0.989
[2024-05-10 03:22:31,013][    INFO] ***** Evaluation ***** >>>> Class [0 Right Ventricle] Dice: 81.45
[2024-05-10 03:22:31,013][    INFO] ***** Evaluation ***** >>>> Class [1 Myocardium] Dice: 83.38
[2024-05-10 03:22:31,013][    INFO] ***** Evaluation ***** >>>> Class [2 Left Ventricle] Dice: 90.22
[2024-05-10 03:22:31,013][    INFO] ***** Evaluation ***** >>>> MeanDice: 85.02

[2024-05-10 03:22:31,102][    INFO] ===========> Epoch: 24, LR: 0.00789, Previous best: 85.02
[2024-05-10 03:22:31,963][    INFO] Iters: 0, Total loss: 0.053, Loss x: 0.060, Loss s: 0.085, Loss w_fp: 0.008, Mask ratio: 0.987
[2024-05-10 03:22:48,055][    INFO] ***** Evaluation ***** >>>> Class [0 Right Ventricle] Dice: 76.44
[2024-05-10 03:22:48,055][    INFO] ***** Evaluation ***** >>>> Class [1 Myocardium] Dice: 79.05
[2024-05-10 03:22:48,055][    INFO] ***** Evaluation ***** >>>> Class [2 Left Ventricle] Dice: 89.95
[2024-05-10 03:22:48,055][    INFO] ***** Evaluation ***** >>>> MeanDice: 81.81

[2024-05-10 03:22:48,128][    INFO] ===========> Epoch: 25, LR: 0.00780, Previous best: 85.02
[2024-05-10 03:22:49,001][    INFO] Iters: 0, Total loss: 0.054, Loss x: 0.076, Loss s: 0.059, Loss w_fp: 0.005, Mask ratio: 0.982
[2024-05-10 03:23:07,199][    INFO] ***** Evaluation ***** >>>> Class [0 Right Ventricle] Dice: 76.79
[2024-05-10 03:23:07,199][    INFO] ***** Evaluation ***** >>>> Class [1 Myocardium] Dice: 77.21
[2024-05-10 03:23:07,199][    INFO] ***** Evaluation ***** >>>> Class [2 Left Ventricle] Dice: 88.63
[2024-05-10 03:23:07,199][    INFO] ***** Evaluation ***** >>>> MeanDice: 80.88

[2024-05-10 03:23:07,271][    INFO] ===========> Epoch: 26, LR: 0.00771, Previous best: 85.02
[2024-05-10 03:23:08,150][    INFO] Iters: 0, Total loss: 0.030, Loss x: 0.048, Loss s: 0.020, Loss w_fp: 0.006, Mask ratio: 0.981
[2024-05-10 03:23:27,067][    INFO] ***** Evaluation ***** >>>> Class [0 Right Ventricle] Dice: 81.15
[2024-05-10 03:23:27,067][    INFO] ***** Evaluation ***** >>>> Class [1 Myocardium] Dice: 82.41
[2024-05-10 03:23:27,067][    INFO] ***** Evaluation ***** >>>> Class [2 Left Ventricle] Dice: 90.23
[2024-05-10 03:23:27,067][    INFO] ***** Evaluation ***** >>>> MeanDice: 84.60

[2024-05-10 03:23:27,141][    INFO] ===========> Epoch: 27, LR: 0.00762, Previous best: 85.02
[2024-05-10 03:23:27,993][    INFO] Iters: 0, Total loss: 0.051, Loss x: 0.075, Loss s: 0.047, Loss w_fp: 0.006, Mask ratio: 0.985
[2024-05-10 03:23:43,740][    INFO] ***** Evaluation ***** >>>> Class [0 Right Ventricle] Dice: 82.68
[2024-05-10 03:23:43,740][    INFO] ***** Evaluation ***** >>>> Class [1 Myocardium] Dice: 84.59
[2024-05-10 03:23:43,740][    INFO] ***** Evaluation ***** >>>> Class [2 Left Ventricle] Dice: 91.88
[2024-05-10 03:23:43,740][    INFO] ***** Evaluation ***** >>>> MeanDice: 86.38

[2024-05-10 03:23:43,833][    INFO] ===========> Epoch: 28, LR: 0.00752, Previous best: 86.38
[2024-05-10 03:23:44,646][    INFO] Iters: 0, Total loss: 0.042, Loss x: 0.061, Loss s: 0.041, Loss w_fp: 0.006, Mask ratio: 0.983
[2024-05-10 03:24:00,025][    INFO] ***** Evaluation ***** >>>> Class [0 Right Ventricle] Dice: 79.77
[2024-05-10 03:24:00,026][    INFO] ***** Evaluation ***** >>>> Class [1 Myocardium] Dice: 82.62
[2024-05-10 03:24:00,026][    INFO] ***** Evaluation ***** >>>> Class [2 Left Ventricle] Dice: 90.67
[2024-05-10 03:24:00,026][    INFO] ***** Evaluation ***** >>>> MeanDice: 84.35

[2024-05-10 03:24:00,098][    INFO] ===========> Epoch: 29, LR: 0.00743, Previous best: 86.38
[2024-05-10 03:24:00,928][    INFO] Iters: 0, Total loss: 0.035, Loss x: 0.051, Loss s: 0.033, Loss w_fp: 0.004, Mask ratio: 0.987
[2024-05-10 03:24:17,684][    INFO] ***** Evaluation ***** >>>> Class [0 Right Ventricle] Dice: 82.39
[2024-05-10 03:24:17,684][    INFO] ***** Evaluation ***** >>>> Class [1 Myocardium] Dice: 82.34
[2024-05-10 03:24:17,684][    INFO] ***** Evaluation ***** >>>> Class [2 Left Ventricle] Dice: 90.51
[2024-05-10 03:24:17,684][    INFO] ***** Evaluation ***** >>>> MeanDice: 85.08

[2024-05-10 03:24:17,756][    INFO] ===========> Epoch: 30, LR: 0.00734, Previous best: 86.38
[2024-05-10 03:24:18,720][    INFO] Iters: 0, Total loss: 0.031, Loss x: 0.046, Loss s: 0.025, Loss w_fp: 0.008, Mask ratio: 0.983
[2024-05-10 03:24:36,491][    INFO] ***** Evaluation ***** >>>> Class [0 Right Ventricle] Dice: 83.09
[2024-05-10 03:24:36,491][    INFO] ***** Evaluation ***** >>>> Class [1 Myocardium] Dice: 84.38
[2024-05-10 03:24:36,491][    INFO] ***** Evaluation ***** >>>> Class [2 Left Ventricle] Dice: 90.57
[2024-05-10 03:24:36,491][    INFO] ***** Evaluation ***** >>>> MeanDice: 86.01

[2024-05-10 03:24:36,563][    INFO] ===========> Epoch: 31, LR: 0.00724, Previous best: 86.38
[2024-05-10 03:24:37,430][    INFO] Iters: 0, Total loss: 0.048, Loss x: 0.055, Loss s: 0.079, Loss w_fp: 0.004, Mask ratio: 0.988
[2024-05-10 03:24:52,799][    INFO] ***** Evaluation ***** >>>> Class [0 Right Ventricle] Dice: 80.02
[2024-05-10 03:24:52,800][    INFO] ***** Evaluation ***** >>>> Class [1 Myocardium] Dice: 82.75
[2024-05-10 03:24:52,800][    INFO] ***** Evaluation ***** >>>> Class [2 Left Ventricle] Dice: 91.28
[2024-05-10 03:24:52,800][    INFO] ***** Evaluation ***** >>>> MeanDice: 84.68

[2024-05-10 03:24:52,851][    INFO] ===========> Epoch: 32, LR: 0.00715, Previous best: 86.38
[2024-05-10 03:24:53,688][    INFO] Iters: 0, Total loss: 0.039, Loss x: 0.048, Loss s: 0.054, Loss w_fp: 0.006, Mask ratio: 0.985
[2024-05-10 03:25:09,954][    INFO] ***** Evaluation ***** >>>> Class [0 Right Ventricle] Dice: 78.73
[2024-05-10 03:25:09,954][    INFO] ***** Evaluation ***** >>>> Class [1 Myocardium] Dice: 84.91
[2024-05-10 03:25:09,954][    INFO] ***** Evaluation ***** >>>> Class [2 Left Ventricle] Dice: 91.72
[2024-05-10 03:25:09,954][    INFO] ***** Evaluation ***** >>>> MeanDice: 85.12

[2024-05-10 03:25:10,028][    INFO] ===========> Epoch: 33, LR: 0.00706, Previous best: 86.38
[2024-05-10 03:25:10,856][    INFO] Iters: 0, Total loss: 0.044, Loss x: 0.057, Loss s: 0.051, Loss w_fp: 0.012, Mask ratio: 0.988
[2024-05-10 03:25:26,717][    INFO] ***** Evaluation ***** >>>> Class [0 Right Ventricle] Dice: 79.97
[2024-05-10 03:25:26,717][    INFO] ***** Evaluation ***** >>>> Class [1 Myocardium] Dice: 82.82
[2024-05-10 03:25:26,717][    INFO] ***** Evaluation ***** >>>> Class [2 Left Ventricle] Dice: 91.60
[2024-05-10 03:25:26,717][    INFO] ***** Evaluation ***** >>>> MeanDice: 84.80

[2024-05-10 03:25:26,784][    INFO] ===========> Epoch: 34, LR: 0.00696, Previous best: 86.38
[2024-05-10 03:25:27,629][    INFO] Iters: 0, Total loss: 0.051, Loss x: 0.046, Loss s: 0.104, Loss w_fp: 0.008, Mask ratio: 0.986
[2024-05-10 03:25:43,574][    INFO] ***** Evaluation ***** >>>> Class [0 Right Ventricle] Dice: 80.42
[2024-05-10 03:25:43,574][    INFO] ***** Evaluation ***** >>>> Class [1 Myocardium] Dice: 84.04
[2024-05-10 03:25:43,574][    INFO] ***** Evaluation ***** >>>> Class [2 Left Ventricle] Dice: 92.34
[2024-05-10 03:25:43,574][    INFO] ***** Evaluation ***** >>>> MeanDice: 85.60

[2024-05-10 03:25:43,647][    INFO] ===========> Epoch: 35, LR: 0.00687, Previous best: 86.38
[2024-05-10 03:25:44,506][    INFO] Iters: 0, Total loss: 0.034, Loss x: 0.047, Loss s: 0.034, Loss w_fp: 0.008, Mask ratio: 0.990
[2024-05-10 03:26:00,418][    INFO] ***** Evaluation ***** >>>> Class [0 Right Ventricle] Dice: 82.33
[2024-05-10 03:26:00,418][    INFO] ***** Evaluation ***** >>>> Class [1 Myocardium] Dice: 82.85
[2024-05-10 03:26:00,418][    INFO] ***** Evaluation ***** >>>> Class [2 Left Ventricle] Dice: 91.00
[2024-05-10 03:26:00,418][    INFO] ***** Evaluation ***** >>>> MeanDice: 85.39

[2024-05-10 03:26:00,628][    INFO] ===========> Epoch: 36, LR: 0.00678, Previous best: 86.38
[2024-05-10 03:26:01,564][    INFO] Iters: 0, Total loss: 0.045, Loss x: 0.053, Loss s: 0.064, Loss w_fp: 0.010, Mask ratio: 0.988
[2024-05-10 03:26:18,599][    INFO] ***** Evaluation ***** >>>> Class [0 Right Ventricle] Dice: 84.14
[2024-05-10 03:26:18,599][    INFO] ***** Evaluation ***** >>>> Class [1 Myocardium] Dice: 84.34
[2024-05-10 03:26:18,599][    INFO] ***** Evaluation ***** >>>> Class [2 Left Ventricle] Dice: 91.90
[2024-05-10 03:26:18,599][    INFO] ***** Evaluation ***** >>>> MeanDice: 86.79

[2024-05-10 03:26:18,714][    INFO] ===========> Epoch: 37, LR: 0.00668, Previous best: 86.79
[2024-05-10 03:26:19,592][    INFO] Iters: 0, Total loss: 0.024, Loss x: 0.031, Loss s: 0.031, Loss w_fp: 0.004, Mask ratio: 0.988
[2024-05-10 03:26:35,032][    INFO] ***** Evaluation ***** >>>> Class [0 Right Ventricle] Dice: 83.80
[2024-05-10 03:26:35,032][    INFO] ***** Evaluation ***** >>>> Class [1 Myocardium] Dice: 84.53
[2024-05-10 03:26:35,032][    INFO] ***** Evaluation ***** >>>> Class [2 Left Ventricle] Dice: 91.88
[2024-05-10 03:26:35,032][    INFO] ***** Evaluation ***** >>>> MeanDice: 86.74

[2024-05-10 03:26:35,104][    INFO] ===========> Epoch: 38, LR: 0.00659, Previous best: 86.79
[2024-05-10 03:26:35,962][    INFO] Iters: 0, Total loss: 0.024, Loss x: 0.034, Loss s: 0.023, Loss w_fp: 0.005, Mask ratio: 0.989
[2024-05-10 03:26:51,981][    INFO] ***** Evaluation ***** >>>> Class [0 Right Ventricle] Dice: 83.21
[2024-05-10 03:26:51,981][    INFO] ***** Evaluation ***** >>>> Class [1 Myocardium] Dice: 83.57
[2024-05-10 03:26:51,981][    INFO] ***** Evaluation ***** >>>> Class [2 Left Ventricle] Dice: 91.78
[2024-05-10 03:26:51,982][    INFO] ***** Evaluation ***** >>>> MeanDice: 86.19

[2024-05-10 03:26:52,053][    INFO] ===========> Epoch: 39, LR: 0.00649, Previous best: 86.79
[2024-05-10 03:26:52,874][    INFO] Iters: 0, Total loss: 0.036, Loss x: 0.046, Loss s: 0.050, Loss w_fp: 0.003, Mask ratio: 0.993
[2024-05-10 03:27:08,614][    INFO] ***** Evaluation ***** >>>> Class [0 Right Ventricle] Dice: 83.68
[2024-05-10 03:27:08,614][    INFO] ***** Evaluation ***** >>>> Class [1 Myocardium] Dice: 84.92
[2024-05-10 03:27:08,614][    INFO] ***** Evaluation ***** >>>> Class [2 Left Ventricle] Dice: 92.38
[2024-05-10 03:27:08,614][    INFO] ***** Evaluation ***** >>>> MeanDice: 86.99

[2024-05-10 03:27:08,730][    INFO] ===========> Epoch: 40, LR: 0.00640, Previous best: 86.99
[2024-05-10 03:27:09,607][    INFO] Iters: 0, Total loss: 0.033, Loss x: 0.034, Loss s: 0.062, Loss w_fp: 0.004, Mask ratio: 0.991
[2024-05-10 03:27:25,220][    INFO] ***** Evaluation ***** >>>> Class [0 Right Ventricle] Dice: 82.38
[2024-05-10 03:27:25,220][    INFO] ***** Evaluation ***** >>>> Class [1 Myocardium] Dice: 83.86
[2024-05-10 03:27:25,220][    INFO] ***** Evaluation ***** >>>> Class [2 Left Ventricle] Dice: 92.33
[2024-05-10 03:27:25,220][    INFO] ***** Evaluation ***** >>>> MeanDice: 86.19

[2024-05-10 03:27:25,268][    INFO] ===========> Epoch: 41, LR: 0.00630, Previous best: 86.99
[2024-05-10 03:27:26,211][    INFO] Iters: 0, Total loss: 0.027, Loss x: 0.032, Loss s: 0.038, Loss w_fp: 0.006, Mask ratio: 0.988
[2024-05-10 03:27:41,976][    INFO] ***** Evaluation ***** >>>> Class [0 Right Ventricle] Dice: 84.56
[2024-05-10 03:27:41,977][    INFO] ***** Evaluation ***** >>>> Class [1 Myocardium] Dice: 84.28
[2024-05-10 03:27:41,977][    INFO] ***** Evaluation ***** >>>> Class [2 Left Ventricle] Dice: 92.96
[2024-05-10 03:27:41,977][    INFO] ***** Evaluation ***** >>>> MeanDice: 87.27

[2024-05-10 03:27:42,093][    INFO] ===========> Epoch: 42, LR: 0.00621, Previous best: 87.27
[2024-05-10 03:27:43,050][    INFO] Iters: 0, Total loss: 0.040, Loss x: 0.060, Loss s: 0.035, Loss w_fp: 0.003, Mask ratio: 0.987
[2024-05-10 03:27:58,671][    INFO] ***** Evaluation ***** >>>> Class [0 Right Ventricle] Dice: 82.36
[2024-05-10 03:27:58,671][    INFO] ***** Evaluation ***** >>>> Class [1 Myocardium] Dice: 84.88
[2024-05-10 03:27:58,671][    INFO] ***** Evaluation ***** >>>> Class [2 Left Ventricle] Dice: 92.59
[2024-05-10 03:27:58,671][    INFO] ***** Evaluation ***** >>>> MeanDice: 86.61

[2024-05-10 03:27:58,745][    INFO] ===========> Epoch: 43, LR: 0.00611, Previous best: 87.27
[2024-05-10 03:27:59,560][    INFO] Iters: 0, Total loss: 0.037, Loss x: 0.047, Loss s: 0.046, Loss w_fp: 0.009, Mask ratio: 0.984
[2024-05-10 03:28:15,673][    INFO] ***** Evaluation ***** >>>> Class [0 Right Ventricle] Dice: 82.58
[2024-05-10 03:28:15,674][    INFO] ***** Evaluation ***** >>>> Class [1 Myocardium] Dice: 83.64
[2024-05-10 03:28:15,674][    INFO] ***** Evaluation ***** >>>> Class [2 Left Ventricle] Dice: 91.95
[2024-05-10 03:28:15,674][    INFO] ***** Evaluation ***** >>>> MeanDice: 86.05

[2024-05-10 03:28:15,749][    INFO] ===========> Epoch: 44, LR: 0.00602, Previous best: 87.27
[2024-05-10 03:28:16,586][    INFO] Iters: 0, Total loss: 0.024, Loss x: 0.030, Loss s: 0.031, Loss w_fp: 0.004, Mask ratio: 0.988
[2024-05-10 03:28:32,567][    INFO] ***** Evaluation ***** >>>> Class [0 Right Ventricle] Dice: 84.35
[2024-05-10 03:28:32,567][    INFO] ***** Evaluation ***** >>>> Class [1 Myocardium] Dice: 85.61
[2024-05-10 03:28:32,567][    INFO] ***** Evaluation ***** >>>> Class [2 Left Ventricle] Dice: 91.79
[2024-05-10 03:28:32,567][    INFO] ***** Evaluation ***** >>>> MeanDice: 87.25

[2024-05-10 03:28:32,642][    INFO] ===========> Epoch: 45, LR: 0.00592, Previous best: 87.27
[2024-05-10 03:28:33,513][    INFO] Iters: 0, Total loss: 0.048, Loss x: 0.065, Loss s: 0.059, Loss w_fp: 0.004, Mask ratio: 0.986
[2024-05-10 03:28:49,671][    INFO] ***** Evaluation ***** >>>> Class [0 Right Ventricle] Dice: 84.40
[2024-05-10 03:28:49,671][    INFO] ***** Evaluation ***** >>>> Class [1 Myocardium] Dice: 84.76
[2024-05-10 03:28:49,671][    INFO] ***** Evaluation ***** >>>> Class [2 Left Ventricle] Dice: 89.77
[2024-05-10 03:28:49,671][    INFO] ***** Evaluation ***** >>>> MeanDice: 86.31

[2024-05-10 03:28:49,745][    INFO] ===========> Epoch: 46, LR: 0.00583, Previous best: 87.27
[2024-05-10 03:28:50,616][    INFO] Iters: 0, Total loss: 0.045, Loss x: 0.064, Loss s: 0.048, Loss w_fp: 0.006, Mask ratio: 0.991
[2024-05-10 03:29:06,820][    INFO] ***** Evaluation ***** >>>> Class [0 Right Ventricle] Dice: 82.70
[2024-05-10 03:29:06,820][    INFO] ***** Evaluation ***** >>>> Class [1 Myocardium] Dice: 85.05
[2024-05-10 03:29:06,820][    INFO] ***** Evaluation ***** >>>> Class [2 Left Ventricle] Dice: 92.08
[2024-05-10 03:29:06,820][    INFO] ***** Evaluation ***** >>>> MeanDice: 86.61

[2024-05-10 03:29:06,893][    INFO] ===========> Epoch: 47, LR: 0.00573, Previous best: 87.27
[2024-05-10 03:29:07,847][    INFO] Iters: 0, Total loss: 0.033, Loss x: 0.042, Loss s: 0.040, Loss w_fp: 0.009, Mask ratio: 0.991
[2024-05-10 03:29:23,130][    INFO] ***** Evaluation ***** >>>> Class [0 Right Ventricle] Dice: 81.71
[2024-05-10 03:29:23,130][    INFO] ***** Evaluation ***** >>>> Class [1 Myocardium] Dice: 83.09
[2024-05-10 03:29:23,131][    INFO] ***** Evaluation ***** >>>> Class [2 Left Ventricle] Dice: 91.40
[2024-05-10 03:29:23,131][    INFO] ***** Evaluation ***** >>>> MeanDice: 85.40

[2024-05-10 03:29:23,206][    INFO] ===========> Epoch: 48, LR: 0.00564, Previous best: 87.27
[2024-05-10 03:29:24,151][    INFO] Iters: 0, Total loss: 0.031, Loss x: 0.044, Loss s: 0.024, Loss w_fp: 0.014, Mask ratio: 0.990
[2024-05-10 03:29:40,526][    INFO] ***** Evaluation ***** >>>> Class [0 Right Ventricle] Dice: 82.01
[2024-05-10 03:29:40,526][    INFO] ***** Evaluation ***** >>>> Class [1 Myocardium] Dice: 83.90
[2024-05-10 03:29:40,526][    INFO] ***** Evaluation ***** >>>> Class [2 Left Ventricle] Dice: 91.97
[2024-05-10 03:29:40,527][    INFO] ***** Evaluation ***** >>>> MeanDice: 85.96

[2024-05-10 03:29:40,598][    INFO] ===========> Epoch: 49, LR: 0.00554, Previous best: 87.27
[2024-05-10 03:29:41,445][    INFO] Iters: 0, Total loss: 0.044, Loss x: 0.047, Loss s: 0.077, Loss w_fp: 0.004, Mask ratio: 0.985
[2024-05-10 03:29:58,759][    INFO] ***** Evaluation ***** >>>> Class [0 Right Ventricle] Dice: 83.32
[2024-05-10 03:29:58,760][    INFO] ***** Evaluation ***** >>>> Class [1 Myocardium] Dice: 84.38
[2024-05-10 03:29:58,760][    INFO] ***** Evaluation ***** >>>> Class [2 Left Ventricle] Dice: 92.07
[2024-05-10 03:29:58,760][    INFO] ***** Evaluation ***** >>>> MeanDice: 86.59

[2024-05-10 03:29:58,832][    INFO] ===========> Epoch: 50, LR: 0.00544, Previous best: 87.27
[2024-05-10 03:29:59,661][    INFO] Iters: 0, Total loss: 0.031, Loss x: 0.052, Loss s: 0.018, Loss w_fp: 0.003, Mask ratio: 0.989
[2024-05-10 03:30:15,475][    INFO] ***** Evaluation ***** >>>> Class [0 Right Ventricle] Dice: 83.39
[2024-05-10 03:30:15,475][    INFO] ***** Evaluation ***** >>>> Class [1 Myocardium] Dice: 85.05
[2024-05-10 03:30:15,475][    INFO] ***** Evaluation ***** >>>> Class [2 Left Ventricle] Dice: 92.73
[2024-05-10 03:30:15,475][    INFO] ***** Evaluation ***** >>>> MeanDice: 87.06

[2024-05-10 03:30:15,548][    INFO] ===========> Epoch: 51, LR: 0.00535, Previous best: 87.27
[2024-05-10 03:30:16,395][    INFO] Iters: 0, Total loss: 0.037, Loss x: 0.039, Loss s: 0.064, Loss w_fp: 0.006, Mask ratio: 0.988
[2024-05-10 03:30:34,432][    INFO] ***** Evaluation ***** >>>> Class [0 Right Ventricle] Dice: 82.70
[2024-05-10 03:30:34,433][    INFO] ***** Evaluation ***** >>>> Class [1 Myocardium] Dice: 83.86
[2024-05-10 03:30:34,433][    INFO] ***** Evaluation ***** >>>> Class [2 Left Ventricle] Dice: 92.60
[2024-05-10 03:30:34,433][    INFO] ***** Evaluation ***** >>>> MeanDice: 86.39

[2024-05-10 03:30:34,480][    INFO] ===========> Epoch: 52, LR: 0.00525, Previous best: 87.27
[2024-05-10 03:30:35,328][    INFO] Iters: 0, Total loss: 0.041, Loss x: 0.047, Loss s: 0.060, Loss w_fp: 0.010, Mask ratio: 0.989
[2024-05-10 03:30:53,763][    INFO] ***** Evaluation ***** >>>> Class [0 Right Ventricle] Dice: 84.07
[2024-05-10 03:30:53,763][    INFO] ***** Evaluation ***** >>>> Class [1 Myocardium] Dice: 84.85
[2024-05-10 03:30:53,763][    INFO] ***** Evaluation ***** >>>> Class [2 Left Ventricle] Dice: 92.25
[2024-05-10 03:30:53,763][    INFO] ***** Evaluation ***** >>>> MeanDice: 87.06

[2024-05-10 03:30:53,931][    INFO] ===========> Epoch: 53, LR: 0.00516, Previous best: 87.27
[2024-05-10 03:30:54,831][    INFO] Iters: 0, Total loss: 0.062, Loss x: 0.056, Loss s: 0.126, Loss w_fp: 0.009, Mask ratio: 0.990
[2024-05-10 03:31:12,165][    INFO] ***** Evaluation ***** >>>> Class [0 Right Ventricle] Dice: 84.54
[2024-05-10 03:31:12,165][    INFO] ***** Evaluation ***** >>>> Class [1 Myocardium] Dice: 85.35
[2024-05-10 03:31:12,165][    INFO] ***** Evaluation ***** >>>> Class [2 Left Ventricle] Dice: 92.56
[2024-05-10 03:31:12,165][    INFO] ***** Evaluation ***** >>>> MeanDice: 87.48

[2024-05-10 03:31:12,759][    INFO] ===========> Epoch: 54, LR: 0.00506, Previous best: 87.48
[2024-05-10 03:31:13,709][    INFO] Iters: 0, Total loss: 0.025, Loss x: 0.035, Loss s: 0.022, Loss w_fp: 0.006, Mask ratio: 0.991
[2024-05-10 03:31:30,676][    INFO] ***** Evaluation ***** >>>> Class [0 Right Ventricle] Dice: 83.85
[2024-05-10 03:31:30,676][    INFO] ***** Evaluation ***** >>>> Class [1 Myocardium] Dice: 84.95
[2024-05-10 03:31:30,676][    INFO] ***** Evaluation ***** >>>> Class [2 Left Ventricle] Dice: 92.08
[2024-05-10 03:31:30,676][    INFO] ***** Evaluation ***** >>>> MeanDice: 86.96

[2024-05-10 03:31:30,876][    INFO] ===========> Epoch: 55, LR: 0.00496, Previous best: 87.48
[2024-05-10 03:31:31,753][    INFO] Iters: 0, Total loss: 0.045, Loss x: 0.063, Loss s: 0.048, Loss w_fp: 0.006, Mask ratio: 0.991
[2024-05-10 03:31:48,949][    INFO] ***** Evaluation ***** >>>> Class [0 Right Ventricle] Dice: 83.60
[2024-05-10 03:31:48,949][    INFO] ***** Evaluation ***** >>>> Class [1 Myocardium] Dice: 85.29
[2024-05-10 03:31:48,949][    INFO] ***** Evaluation ***** >>>> Class [2 Left Ventricle] Dice: 92.96
[2024-05-10 03:31:48,949][    INFO] ***** Evaluation ***** >>>> MeanDice: 87.28

[2024-05-10 03:31:49,264][    INFO] ===========> Epoch: 56, LR: 0.00486, Previous best: 87.48
[2024-05-10 03:31:50,109][    INFO] Iters: 0, Total loss: 0.026, Loss x: 0.031, Loss s: 0.037, Loss w_fp: 0.006, Mask ratio: 0.992
[2024-05-10 03:32:07,064][    INFO] ***** Evaluation ***** >>>> Class [0 Right Ventricle] Dice: 85.47
[2024-05-10 03:32:07,064][    INFO] ***** Evaluation ***** >>>> Class [1 Myocardium] Dice: 85.20
[2024-05-10 03:32:07,064][    INFO] ***** Evaluation ***** >>>> Class [2 Left Ventricle] Dice: 92.31
[2024-05-10 03:32:07,065][    INFO] ***** Evaluation ***** >>>> MeanDice: 87.66

[2024-05-10 03:32:07,346][    INFO] ===========> Epoch: 57, LR: 0.00477, Previous best: 87.66
[2024-05-10 03:32:08,239][    INFO] Iters: 0, Total loss: 0.032, Loss x: 0.045, Loss s: 0.035, Loss w_fp: 0.005, Mask ratio: 0.983
[2024-05-10 03:32:25,700][    INFO] ***** Evaluation ***** >>>> Class [0 Right Ventricle] Dice: 84.46
[2024-05-10 03:32:25,700][    INFO] ***** Evaluation ***** >>>> Class [1 Myocardium] Dice: 85.93
[2024-05-10 03:32:25,700][    INFO] ***** Evaluation ***** >>>> Class [2 Left Ventricle] Dice: 92.91
[2024-05-10 03:32:25,700][    INFO] ***** Evaluation ***** >>>> MeanDice: 87.77

[2024-05-10 03:32:26,113][    INFO] ===========> Epoch: 58, LR: 0.00467, Previous best: 87.77
[2024-05-10 03:32:26,986][    INFO] Iters: 0, Total loss: 0.028, Loss x: 0.030, Loss s: 0.050, Loss w_fp: 0.003, Mask ratio: 0.987
[2024-05-10 03:32:43,818][    INFO] ***** Evaluation ***** >>>> Class [0 Right Ventricle] Dice: 84.33
[2024-05-10 03:32:43,818][    INFO] ***** Evaluation ***** >>>> Class [1 Myocardium] Dice: 84.68
[2024-05-10 03:32:43,818][    INFO] ***** Evaluation ***** >>>> Class [2 Left Ventricle] Dice: 93.04
[2024-05-10 03:32:43,818][    INFO] ***** Evaluation ***** >>>> MeanDice: 87.35

[2024-05-10 03:32:44,014][    INFO] ===========> Epoch: 59, LR: 0.00457, Previous best: 87.77
[2024-05-10 03:32:44,900][    INFO] Iters: 0, Total loss: 0.038, Loss x: 0.063, Loss s: 0.025, Loss w_fp: 0.002, Mask ratio: 0.992
[2024-05-10 03:33:01,839][    INFO] ***** Evaluation ***** >>>> Class [0 Right Ventricle] Dice: 82.39
[2024-05-10 03:33:01,839][    INFO] ***** Evaluation ***** >>>> Class [1 Myocardium] Dice: 84.61
[2024-05-10 03:33:01,839][    INFO] ***** Evaluation ***** >>>> Class [2 Left Ventricle] Dice: 92.61
[2024-05-10 03:33:01,839][    INFO] ***** Evaluation ***** >>>> MeanDice: 86.54

[2024-05-10 03:33:02,093][    INFO] ===========> Epoch: 60, LR: 0.00447, Previous best: 87.77
[2024-05-10 03:33:03,094][    INFO] Iters: 0, Total loss: 0.041, Loss x: 0.064, Loss s: 0.027, Loss w_fp: 0.011, Mask ratio: 0.987
[2024-05-10 03:33:20,194][    INFO] ***** Evaluation ***** >>>> Class [0 Right Ventricle] Dice: 84.67
[2024-05-10 03:33:20,194][    INFO] ***** Evaluation ***** >>>> Class [1 Myocardium] Dice: 84.45
[2024-05-10 03:33:20,194][    INFO] ***** Evaluation ***** >>>> Class [2 Left Ventricle] Dice: 92.40
[2024-05-10 03:33:20,194][    INFO] ***** Evaluation ***** >>>> MeanDice: 87.17

[2024-05-10 03:33:20,372][    INFO] ===========> Epoch: 61, LR: 0.00437, Previous best: 87.77
[2024-05-10 03:33:21,243][    INFO] Iters: 0, Total loss: 0.026, Loss x: 0.035, Loss s: 0.024, Loss w_fp: 0.008, Mask ratio: 0.995
[2024-05-10 03:33:38,790][    INFO] ***** Evaluation ***** >>>> Class [0 Right Ventricle] Dice: 83.94
[2024-05-10 03:33:38,790][    INFO] ***** Evaluation ***** >>>> Class [1 Myocardium] Dice: 85.35
[2024-05-10 03:33:38,790][    INFO] ***** Evaluation ***** >>>> Class [2 Left Ventricle] Dice: 92.94
[2024-05-10 03:33:38,790][    INFO] ***** Evaluation ***** >>>> MeanDice: 87.41

[2024-05-10 03:33:39,088][    INFO] ===========> Epoch: 62, LR: 0.00427, Previous best: 87.77
[2024-05-10 03:33:40,052][    INFO] Iters: 0, Total loss: 0.044, Loss x: 0.041, Loss s: 0.087, Loss w_fp: 0.006, Mask ratio: 0.991
[2024-05-10 03:33:57,461][    INFO] ***** Evaluation ***** >>>> Class [0 Right Ventricle] Dice: 83.98
[2024-05-10 03:33:57,462][    INFO] ***** Evaluation ***** >>>> Class [1 Myocardium] Dice: 85.52
[2024-05-10 03:33:57,462][    INFO] ***** Evaluation ***** >>>> Class [2 Left Ventricle] Dice: 93.22
[2024-05-10 03:33:57,462][    INFO] ***** Evaluation ***** >>>> MeanDice: 87.57

[2024-05-10 03:33:57,604][    INFO] ===========> Epoch: 63, LR: 0.00418, Previous best: 87.77
[2024-05-10 03:33:58,458][    INFO] Iters: 0, Total loss: 0.039, Loss x: 0.029, Loss s: 0.081, Loss w_fp: 0.015, Mask ratio: 0.987
[2024-05-10 03:34:15,623][    INFO] ***** Evaluation ***** >>>> Class [0 Right Ventricle] Dice: 85.61
[2024-05-10 03:34:15,623][    INFO] ***** Evaluation ***** >>>> Class [1 Myocardium] Dice: 85.87
[2024-05-10 03:34:15,623][    INFO] ***** Evaluation ***** >>>> Class [2 Left Ventricle] Dice: 92.80
[2024-05-10 03:34:15,623][    INFO] ***** Evaluation ***** >>>> MeanDice: 88.09

[2024-05-10 03:34:16,053][    INFO] ===========> Epoch: 64, LR: 0.00408, Previous best: 88.09
[2024-05-10 03:34:16,957][    INFO] Iters: 0, Total loss: 0.033, Loss x: 0.042, Loss s: 0.044, Loss w_fp: 0.005, Mask ratio: 0.990
[2024-05-10 03:34:35,392][    INFO] ***** Evaluation ***** >>>> Class [0 Right Ventricle] Dice: 83.99
[2024-05-10 03:34:35,392][    INFO] ***** Evaluation ***** >>>> Class [1 Myocardium] Dice: 84.83
[2024-05-10 03:34:35,392][    INFO] ***** Evaluation ***** >>>> Class [2 Left Ventricle] Dice: 93.00
[2024-05-10 03:34:35,392][    INFO] ***** Evaluation ***** >>>> MeanDice: 87.27

[2024-05-10 03:34:35,743][    INFO] ===========> Epoch: 65, LR: 0.00398, Previous best: 88.09
[2024-05-10 03:34:36,642][    INFO] Iters: 0, Total loss: 0.026, Loss x: 0.028, Loss s: 0.044, Loss w_fp: 0.003, Mask ratio: 0.991
[2024-05-10 03:34:54,277][    INFO] ***** Evaluation ***** >>>> Class [0 Right Ventricle] Dice: 80.59
[2024-05-10 03:34:54,277][    INFO] ***** Evaluation ***** >>>> Class [1 Myocardium] Dice: 86.37
[2024-05-10 03:34:54,277][    INFO] ***** Evaluation ***** >>>> Class [2 Left Ventricle] Dice: 93.07
[2024-05-10 03:34:54,278][    INFO] ***** Evaluation ***** >>>> MeanDice: 86.68

[2024-05-10 03:34:54,523][    INFO] ===========> Epoch: 66, LR: 0.00388, Previous best: 88.09
[2024-05-10 03:34:55,461][    INFO] Iters: 0, Total loss: 0.026, Loss x: 0.036, Loss s: 0.029, Loss w_fp: 0.002, Mask ratio: 0.985
[2024-05-10 03:35:13,375][    INFO] ***** Evaluation ***** >>>> Class [0 Right Ventricle] Dice: 85.15
[2024-05-10 03:35:13,375][    INFO] ***** Evaluation ***** >>>> Class [1 Myocardium] Dice: 85.44
[2024-05-10 03:35:13,375][    INFO] ***** Evaluation ***** >>>> Class [2 Left Ventricle] Dice: 92.71
[2024-05-10 03:35:13,375][    INFO] ***** Evaluation ***** >>>> MeanDice: 87.77

[2024-05-10 03:35:13,593][    INFO] ===========> Epoch: 67, LR: 0.00378, Previous best: 88.09
[2024-05-10 03:35:14,535][    INFO] Iters: 0, Total loss: 0.023, Loss x: 0.030, Loss s: 0.026, Loss w_fp: 0.005, Mask ratio: 0.988
[2024-05-10 03:35:32,440][    INFO] ***** Evaluation ***** >>>> Class [0 Right Ventricle] Dice: 84.47
[2024-05-10 03:35:32,440][    INFO] ***** Evaluation ***** >>>> Class [1 Myocardium] Dice: 85.79
[2024-05-10 03:35:32,440][    INFO] ***** Evaluation ***** >>>> Class [2 Left Ventricle] Dice: 93.14
[2024-05-10 03:35:32,440][    INFO] ***** Evaluation ***** >>>> MeanDice: 87.80

[2024-05-10 03:35:32,847][    INFO] ===========> Epoch: 68, LR: 0.00368, Previous best: 88.09
[2024-05-10 03:35:33,724][    INFO] Iters: 0, Total loss: 0.058, Loss x: 0.046, Loss s: 0.137, Loss w_fp: 0.004, Mask ratio: 0.993
[2024-05-10 03:35:51,312][    INFO] ***** Evaluation ***** >>>> Class [0 Right Ventricle] Dice: 84.74
[2024-05-10 03:35:51,312][    INFO] ***** Evaluation ***** >>>> Class [1 Myocardium] Dice: 86.19
[2024-05-10 03:35:51,312][    INFO] ***** Evaluation ***** >>>> Class [2 Left Ventricle] Dice: 93.88
[2024-05-10 03:35:51,312][    INFO] ***** Evaluation ***** >>>> MeanDice: 88.27

[2024-05-10 03:35:51,768][    INFO] ===========> Epoch: 69, LR: 0.00358, Previous best: 88.27
[2024-05-10 03:35:52,598][    INFO] Iters: 0, Total loss: 0.024, Loss x: 0.025, Loss s: 0.042, Loss w_fp: 0.003, Mask ratio: 0.994
[2024-05-10 03:36:09,552][    INFO] ***** Evaluation ***** >>>> Class [0 Right Ventricle] Dice: 85.19
[2024-05-10 03:36:09,552][    INFO] ***** Evaluation ***** >>>> Class [1 Myocardium] Dice: 85.92
[2024-05-10 03:36:09,552][    INFO] ***** Evaluation ***** >>>> Class [2 Left Ventricle] Dice: 92.90
[2024-05-10 03:36:09,552][    INFO] ***** Evaluation ***** >>>> MeanDice: 88.01

[2024-05-10 03:36:09,851][    INFO] ===========> Epoch: 70, LR: 0.00347, Previous best: 88.27
[2024-05-10 03:36:10,697][    INFO] Iters: 0, Total loss: 0.031, Loss x: 0.042, Loss s: 0.030, Loss w_fp: 0.008, Mask ratio: 0.991
[2024-05-10 03:36:28,615][    INFO] ***** Evaluation ***** >>>> Class [0 Right Ventricle] Dice: 84.64
[2024-05-10 03:36:28,615][    INFO] ***** Evaluation ***** >>>> Class [1 Myocardium] Dice: 84.21
[2024-05-10 03:36:28,615][    INFO] ***** Evaluation ***** >>>> Class [2 Left Ventricle] Dice: 92.37
[2024-05-10 03:36:28,615][    INFO] ***** Evaluation ***** >>>> MeanDice: 87.08

[2024-05-10 03:36:28,791][    INFO] ===========> Epoch: 71, LR: 0.00337, Previous best: 88.27
[2024-05-10 03:36:29,718][    INFO] Iters: 0, Total loss: 0.031, Loss x: 0.030, Loss s: 0.049, Loss w_fp: 0.015, Mask ratio: 0.987
[2024-05-10 03:36:49,670][    INFO] ***** Evaluation ***** >>>> Class [0 Right Ventricle] Dice: 84.76
[2024-05-10 03:36:49,671][    INFO] ***** Evaluation ***** >>>> Class [1 Myocardium] Dice: 86.71
[2024-05-10 03:36:49,671][    INFO] ***** Evaluation ***** >>>> Class [2 Left Ventricle] Dice: 93.55
[2024-05-10 03:36:49,671][    INFO] ***** Evaluation ***** >>>> MeanDice: 88.34

[2024-05-10 03:36:50,061][    INFO] ===========> Epoch: 72, LR: 0.00327, Previous best: 88.34
[2024-05-10 03:36:51,035][    INFO] Iters: 0, Total loss: 0.033, Loss x: 0.041, Loss s: 0.047, Loss w_fp: 0.004, Mask ratio: 0.992
[2024-05-10 03:37:09,758][    INFO] ***** Evaluation ***** >>>> Class [0 Right Ventricle] Dice: 85.70
[2024-05-10 03:37:09,758][    INFO] ***** Evaluation ***** >>>> Class [1 Myocardium] Dice: 86.26
[2024-05-10 03:37:09,758][    INFO] ***** Evaluation ***** >>>> Class [2 Left Ventricle] Dice: 93.13
[2024-05-10 03:37:09,758][    INFO] ***** Evaluation ***** >>>> MeanDice: 88.37

[2024-05-10 03:37:10,123][    INFO] ===========> Epoch: 73, LR: 0.00317, Previous best: 88.37
[2024-05-10 03:37:11,035][    INFO] Iters: 0, Total loss: 0.033, Loss x: 0.046, Loss s: 0.030, Loss w_fp: 0.009, Mask ratio: 0.986
[2024-05-10 03:37:28,680][    INFO] ***** Evaluation ***** >>>> Class [0 Right Ventricle] Dice: 84.37
[2024-05-10 03:37:28,681][    INFO] ***** Evaluation ***** >>>> Class [1 Myocardium] Dice: 85.42
[2024-05-10 03:37:28,681][    INFO] ***** Evaluation ***** >>>> Class [2 Left Ventricle] Dice: 93.55
[2024-05-10 03:37:28,681][    INFO] ***** Evaluation ***** >>>> MeanDice: 87.78

[2024-05-10 03:37:28,904][    INFO] ===========> Epoch: 74, LR: 0.00307, Previous best: 88.37
[2024-05-10 03:37:29,786][    INFO] Iters: 0, Total loss: 0.038, Loss x: 0.046, Loss s: 0.053, Loss w_fp: 0.006, Mask ratio: 0.989
[2024-05-10 03:37:48,468][    INFO] ***** Evaluation ***** >>>> Class [0 Right Ventricle] Dice: 85.94
[2024-05-10 03:37:48,468][    INFO] ***** Evaluation ***** >>>> Class [1 Myocardium] Dice: 85.60
[2024-05-10 03:37:48,468][    INFO] ***** Evaluation ***** >>>> Class [2 Left Ventricle] Dice: 92.89
[2024-05-10 03:37:48,468][    INFO] ***** Evaluation ***** >>>> MeanDice: 88.14

[2024-05-10 03:37:48,728][    INFO] ===========> Epoch: 75, LR: 0.00296, Previous best: 88.37
[2024-05-10 03:37:49,632][    INFO] Iters: 0, Total loss: 0.026, Loss x: 0.034, Loss s: 0.032, Loss w_fp: 0.003, Mask ratio: 0.994
[2024-05-10 03:38:07,831][    INFO] ***** Evaluation ***** >>>> Class [0 Right Ventricle] Dice: 85.64
[2024-05-10 03:38:07,832][    INFO] ***** Evaluation ***** >>>> Class [1 Myocardium] Dice: 86.41
[2024-05-10 03:38:07,832][    INFO] ***** Evaluation ***** >>>> Class [2 Left Ventricle] Dice: 93.59
[2024-05-10 03:38:07,832][    INFO] ***** Evaluation ***** >>>> MeanDice: 88.55

[2024-05-10 03:38:08,162][    INFO] ===========> Epoch: 76, LR: 0.00286, Previous best: 88.55
[2024-05-10 03:38:09,023][    INFO] Iters: 0, Total loss: 0.028, Loss x: 0.032, Loss s: 0.039, Loss w_fp: 0.012, Mask ratio: 0.990
[2024-05-10 03:38:27,416][    INFO] ***** Evaluation ***** >>>> Class [0 Right Ventricle] Dice: 84.69
[2024-05-10 03:38:27,417][    INFO] ***** Evaluation ***** >>>> Class [1 Myocardium] Dice: 84.94
[2024-05-10 03:38:27,417][    INFO] ***** Evaluation ***** >>>> Class [2 Left Ventricle] Dice: 93.59
[2024-05-10 03:38:27,417][    INFO] ***** Evaluation ***** >>>> MeanDice: 87.74

[2024-05-10 03:38:27,683][    INFO] ===========> Epoch: 77, LR: 0.00276, Previous best: 88.55
[2024-05-10 03:38:28,513][    INFO] Iters: 0, Total loss: 0.035, Loss x: 0.050, Loss s: 0.034, Loss w_fp: 0.008, Mask ratio: 0.991
[2024-05-10 03:38:45,559][    INFO] ***** Evaluation ***** >>>> Class [0 Right Ventricle] Dice: 85.66
[2024-05-10 03:38:45,559][    INFO] ***** Evaluation ***** >>>> Class [1 Myocardium] Dice: 86.23
[2024-05-10 03:38:45,559][    INFO] ***** Evaluation ***** >>>> Class [2 Left Ventricle] Dice: 93.32
[2024-05-10 03:38:45,559][    INFO] ***** Evaluation ***** >>>> MeanDice: 88.40

[2024-05-10 03:38:45,761][    INFO] ===========> Epoch: 78, LR: 0.00265, Previous best: 88.55
[2024-05-10 03:38:46,837][    INFO] Iters: 0, Total loss: 0.034, Loss x: 0.041, Loss s: 0.049, Loss w_fp: 0.004, Mask ratio: 0.988
[2024-05-10 03:39:05,003][    INFO] ***** Evaluation ***** >>>> Class [0 Right Ventricle] Dice: 84.76
[2024-05-10 03:39:05,003][    INFO] ***** Evaluation ***** >>>> Class [1 Myocardium] Dice: 86.34
[2024-05-10 03:39:05,003][    INFO] ***** Evaluation ***** >>>> Class [2 Left Ventricle] Dice: 93.51
[2024-05-10 03:39:05,003][    INFO] ***** Evaluation ***** >>>> MeanDice: 88.20

[2024-05-10 03:39:05,267][    INFO] ===========> Epoch: 79, LR: 0.00255, Previous best: 88.55
[2024-05-10 03:39:06,265][    INFO] Iters: 0, Total loss: 0.034, Loss x: 0.043, Loss s: 0.046, Loss w_fp: 0.004, Mask ratio: 0.989
[2024-05-10 03:39:23,744][    INFO] ***** Evaluation ***** >>>> Class [0 Right Ventricle] Dice: 85.34
[2024-05-10 03:39:23,744][    INFO] ***** Evaluation ***** >>>> Class [1 Myocardium] Dice: 86.13
[2024-05-10 03:39:23,744][    INFO] ***** Evaluation ***** >>>> Class [2 Left Ventricle] Dice: 93.70
[2024-05-10 03:39:23,744][    INFO] ***** Evaluation ***** >>>> MeanDice: 88.39

[2024-05-10 03:39:23,991][    INFO] ===========> Epoch: 80, LR: 0.00244, Previous best: 88.55
[2024-05-10 03:39:24,930][    INFO] Iters: 0, Total loss: 0.029, Loss x: 0.039, Loss s: 0.032, Loss w_fp: 0.007, Mask ratio: 0.987
[2024-05-10 03:39:42,274][    INFO] ***** Evaluation ***** >>>> Class [0 Right Ventricle] Dice: 85.11
[2024-05-10 03:39:42,274][    INFO] ***** Evaluation ***** >>>> Class [1 Myocardium] Dice: 84.86
[2024-05-10 03:39:42,274][    INFO] ***** Evaluation ***** >>>> Class [2 Left Ventricle] Dice: 92.95
[2024-05-10 03:39:42,274][    INFO] ***** Evaluation ***** >>>> MeanDice: 87.64

[2024-05-10 03:39:42,548][    INFO] ===========> Epoch: 81, LR: 0.00234, Previous best: 88.55
[2024-05-10 03:39:43,461][    INFO] Iters: 0, Total loss: 0.031, Loss x: 0.046, Loss s: 0.030, Loss w_fp: 0.004, Mask ratio: 0.991
[2024-05-10 03:40:00,550][    INFO] ***** Evaluation ***** >>>> Class [0 Right Ventricle] Dice: 85.64
[2024-05-10 03:40:00,551][    INFO] ***** Evaluation ***** >>>> Class [1 Myocardium] Dice: 86.46
[2024-05-10 03:40:00,551][    INFO] ***** Evaluation ***** >>>> Class [2 Left Ventricle] Dice: 93.91
[2024-05-10 03:40:00,551][    INFO] ***** Evaluation ***** >>>> MeanDice: 88.67

[2024-05-10 03:40:00,976][    INFO] ===========> Epoch: 82, LR: 0.00223, Previous best: 88.67
[2024-05-10 03:40:01,882][    INFO] Iters: 0, Total loss: 0.026, Loss x: 0.022, Loss s: 0.052, Loss w_fp: 0.009, Mask ratio: 0.988
[2024-05-10 03:40:19,737][    INFO] ***** Evaluation ***** >>>> Class [0 Right Ventricle] Dice: 84.39
[2024-05-10 03:40:19,737][    INFO] ***** Evaluation ***** >>>> Class [1 Myocardium] Dice: 85.69
[2024-05-10 03:40:19,737][    INFO] ***** Evaluation ***** >>>> Class [2 Left Ventricle] Dice: 93.78
[2024-05-10 03:40:19,738][    INFO] ***** Evaluation ***** >>>> MeanDice: 87.95

[2024-05-10 03:40:20,030][    INFO] ===========> Epoch: 83, LR: 0.00213, Previous best: 88.67
[2024-05-10 03:40:20,889][    INFO] Iters: 0, Total loss: 0.033, Loss x: 0.051, Loss s: 0.026, Loss w_fp: 0.002, Mask ratio: 0.992
[2024-05-10 03:40:38,323][    INFO] ***** Evaluation ***** >>>> Class [0 Right Ventricle] Dice: 85.86
[2024-05-10 03:40:38,323][    INFO] ***** Evaluation ***** >>>> Class [1 Myocardium] Dice: 86.03
[2024-05-10 03:40:38,323][    INFO] ***** Evaluation ***** >>>> Class [2 Left Ventricle] Dice: 93.56
[2024-05-10 03:40:38,323][    INFO] ***** Evaluation ***** >>>> MeanDice: 88.48

[2024-05-10 03:40:38,654][    INFO] ===========> Epoch: 84, LR: 0.00202, Previous best: 88.67
[2024-05-10 03:40:39,593][    INFO] Iters: 0, Total loss: 0.035, Loss x: 0.045, Loss s: 0.039, Loss w_fp: 0.009, Mask ratio: 0.988
[2024-05-10 03:40:57,830][    INFO] ***** Evaluation ***** >>>> Class [0 Right Ventricle] Dice: 85.37
[2024-05-10 03:40:57,830][    INFO] ***** Evaluation ***** >>>> Class [1 Myocardium] Dice: 86.33
[2024-05-10 03:40:57,830][    INFO] ***** Evaluation ***** >>>> Class [2 Left Ventricle] Dice: 93.67
[2024-05-10 03:40:57,830][    INFO] ***** Evaluation ***** >>>> MeanDice: 88.46

[2024-05-10 03:40:58,106][    INFO] ===========> Epoch: 85, LR: 0.00191, Previous best: 88.67
[2024-05-10 03:40:59,064][    INFO] Iters: 0, Total loss: 0.028, Loss x: 0.029, Loss s: 0.043, Loss w_fp: 0.009, Mask ratio: 0.991
[2024-05-10 03:41:15,862][    INFO] ***** Evaluation ***** >>>> Class [0 Right Ventricle] Dice: 86.64
[2024-05-10 03:41:15,863][    INFO] ***** Evaluation ***** >>>> Class [1 Myocardium] Dice: 86.76
[2024-05-10 03:41:15,863][    INFO] ***** Evaluation ***** >>>> Class [2 Left Ventricle] Dice: 93.36
[2024-05-10 03:41:15,863][    INFO] ***** Evaluation ***** >>>> MeanDice: 88.92

[2024-05-10 03:41:16,456][    INFO] ===========> Epoch: 86, LR: 0.00180, Previous best: 88.92
[2024-05-10 03:41:17,436][    INFO] Iters: 0, Total loss: 0.020, Loss x: 0.026, Loss s: 0.025, Loss w_fp: 0.004, Mask ratio: 0.991
[2024-05-10 03:41:35,859][    INFO] ***** Evaluation ***** >>>> Class [0 Right Ventricle] Dice: 86.47
[2024-05-10 03:41:35,859][    INFO] ***** Evaluation ***** >>>> Class [1 Myocardium] Dice: 86.59
[2024-05-10 03:41:35,860][    INFO] ***** Evaluation ***** >>>> Class [2 Left Ventricle] Dice: 93.27
[2024-05-10 03:41:35,860][    INFO] ***** Evaluation ***** >>>> MeanDice: 88.78

[2024-05-10 03:41:36,106][    INFO] ===========> Epoch: 87, LR: 0.00169, Previous best: 88.92
[2024-05-10 03:41:37,003][    INFO] Iters: 0, Total loss: 0.027, Loss x: 0.037, Loss s: 0.026, Loss w_fp: 0.007, Mask ratio: 0.990
[2024-05-10 03:41:57,227][    INFO] ***** Evaluation ***** >>>> Class [0 Right Ventricle] Dice: 85.48
[2024-05-10 03:41:57,227][    INFO] ***** Evaluation ***** >>>> Class [1 Myocardium] Dice: 85.97
[2024-05-10 03:41:57,227][    INFO] ***** Evaluation ***** >>>> Class [2 Left Ventricle] Dice: 93.73
[2024-05-10 03:41:57,227][    INFO] ***** Evaluation ***** >>>> MeanDice: 88.39

[2024-05-10 03:41:57,484][    INFO] ===========> Epoch: 88, LR: 0.00158, Previous best: 88.92
[2024-05-10 03:41:58,367][    INFO] Iters: 0, Total loss: 0.033, Loss x: 0.030, Loss s: 0.061, Loss w_fp: 0.009, Mask ratio: 0.990
[2024-05-10 03:42:17,092][    INFO] ***** Evaluation ***** >>>> Class [0 Right Ventricle] Dice: 85.25
[2024-05-10 03:42:17,092][    INFO] ***** Evaluation ***** >>>> Class [1 Myocardium] Dice: 86.29
[2024-05-10 03:42:17,092][    INFO] ***** Evaluation ***** >>>> Class [2 Left Ventricle] Dice: 93.66
[2024-05-10 03:42:17,092][    INFO] ***** Evaluation ***** >>>> MeanDice: 88.40

[2024-05-10 03:42:17,283][    INFO] ===========> Epoch: 89, LR: 0.00147, Previous best: 88.92
[2024-05-10 03:42:18,251][    INFO] Iters: 0, Total loss: 0.025, Loss x: 0.032, Loss s: 0.029, Loss w_fp: 0.004, Mask ratio: 0.989
[2024-05-10 03:42:35,323][    INFO] ***** Evaluation ***** >>>> Class [0 Right Ventricle] Dice: 85.28
[2024-05-10 03:42:35,323][    INFO] ***** Evaluation ***** >>>> Class [1 Myocardium] Dice: 86.34
[2024-05-10 03:42:35,323][    INFO] ***** Evaluation ***** >>>> Class [2 Left Ventricle] Dice: 93.82
[2024-05-10 03:42:35,323][    INFO] ***** Evaluation ***** >>>> MeanDice: 88.48

[2024-05-10 03:42:35,551][    INFO] ===========> Epoch: 90, LR: 0.00136, Previous best: 88.92
[2024-05-10 03:42:36,403][    INFO] Iters: 0, Total loss: 0.026, Loss x: 0.034, Loss s: 0.030, Loss w_fp: 0.006, Mask ratio: 0.989
[2024-05-10 03:42:53,104][    INFO] ***** Evaluation ***** >>>> Class [0 Right Ventricle] Dice: 85.74
[2024-05-10 03:42:53,105][    INFO] ***** Evaluation ***** >>>> Class [1 Myocardium] Dice: 86.41
[2024-05-10 03:42:53,105][    INFO] ***** Evaluation ***** >>>> Class [2 Left Ventricle] Dice: 93.44
[2024-05-10 03:42:53,105][    INFO] ***** Evaluation ***** >>>> MeanDice: 88.53

[2024-05-10 03:42:53,265][    INFO] ===========> Epoch: 91, LR: 0.00125, Previous best: 88.92
[2024-05-10 03:42:54,228][    INFO] Iters: 0, Total loss: 0.025, Loss x: 0.033, Loss s: 0.029, Loss w_fp: 0.005, Mask ratio: 0.992
[2024-05-10 03:43:12,243][    INFO] ***** Evaluation ***** >>>> Class [0 Right Ventricle] Dice: 85.80
[2024-05-10 03:43:12,243][    INFO] ***** Evaluation ***** >>>> Class [1 Myocardium] Dice: 86.98
[2024-05-10 03:43:12,243][    INFO] ***** Evaluation ***** >>>> Class [2 Left Ventricle] Dice: 93.90
[2024-05-10 03:43:12,243][    INFO] ***** Evaluation ***** >>>> MeanDice: 88.89

[2024-05-10 03:43:12,444][    INFO] ===========> Epoch: 92, LR: 0.00113, Previous best: 88.92
[2024-05-10 03:43:13,326][    INFO] Iters: 0, Total loss: 0.035, Loss x: 0.029, Loss s: 0.077, Loss w_fp: 0.004, Mask ratio: 0.991
[2024-05-10 03:43:30,421][    INFO] ***** Evaluation ***** >>>> Class [0 Right Ventricle] Dice: 85.78
[2024-05-10 03:43:30,421][    INFO] ***** Evaluation ***** >>>> Class [1 Myocardium] Dice: 86.65
[2024-05-10 03:43:30,421][    INFO] ***** Evaluation ***** >>>> Class [2 Left Ventricle] Dice: 93.64
[2024-05-10 03:43:30,421][    INFO] ***** Evaluation ***** >>>> MeanDice: 88.69

[2024-05-10 03:43:30,670][    INFO] ===========> Epoch: 93, LR: 0.00102, Previous best: 88.92
[2024-05-10 03:43:31,527][    INFO] Iters: 0, Total loss: 0.034, Loss x: 0.019, Loss s: 0.085, Loss w_fp: 0.011, Mask ratio: 0.990
[2024-05-10 03:43:48,471][    INFO] ***** Evaluation ***** >>>> Class [0 Right Ventricle] Dice: 85.26
[2024-05-10 03:43:48,471][    INFO] ***** Evaluation ***** >>>> Class [1 Myocardium] Dice: 86.61
[2024-05-10 03:43:48,472][    INFO] ***** Evaluation ***** >>>> Class [2 Left Ventricle] Dice: 93.82
[2024-05-10 03:43:48,472][    INFO] ***** Evaluation ***** >>>> MeanDice: 88.56

[2024-05-10 03:43:48,742][    INFO] ===========> Epoch: 94, LR: 0.00090, Previous best: 88.92
[2024-05-10 03:43:49,625][    INFO] Iters: 0, Total loss: 0.021, Loss x: 0.023, Loss s: 0.030, Loss w_fp: 0.007, Mask ratio: 0.991
[2024-05-10 03:44:06,194][    INFO] ***** Evaluation ***** >>>> Class [0 Right Ventricle] Dice: 85.44
[2024-05-10 03:44:06,195][    INFO] ***** Evaluation ***** >>>> Class [1 Myocardium] Dice: 86.60
[2024-05-10 03:44:06,195][    INFO] ***** Evaluation ***** >>>> Class [2 Left Ventricle] Dice: 93.92
[2024-05-10 03:44:06,195][    INFO] ***** Evaluation ***** >>>> MeanDice: 88.65

[2024-05-10 03:44:06,301][    INFO] ===========> Epoch: 95, LR: 0.00078, Previous best: 88.92
[2024-05-10 03:44:07,230][    INFO] Iters: 0, Total loss: 0.031, Loss x: 0.047, Loss s: 0.028, Loss w_fp: 0.003, Mask ratio: 0.991
[2024-05-10 03:44:24,502][    INFO] ***** Evaluation ***** >>>> Class [0 Right Ventricle] Dice: 85.64
[2024-05-10 03:44:24,502][    INFO] ***** Evaluation ***** >>>> Class [1 Myocardium] Dice: 86.82
[2024-05-10 03:44:24,502][    INFO] ***** Evaluation ***** >>>> Class [2 Left Ventricle] Dice: 93.95
[2024-05-10 03:44:24,502][    INFO] ***** Evaluation ***** >>>> MeanDice: 88.80

[2024-05-10 03:44:24,812][    INFO] ===========> Epoch: 96, LR: 0.00066, Previous best: 88.92
[2024-05-10 03:44:25,805][    INFO] Iters: 0, Total loss: 0.030, Loss x: 0.034, Loss s: 0.043, Loss w_fp: 0.008, Mask ratio: 0.994
[2024-05-10 03:44:42,570][    INFO] ***** Evaluation ***** >>>> Class [0 Right Ventricle] Dice: 85.49
[2024-05-10 03:44:42,570][    INFO] ***** Evaluation ***** >>>> Class [1 Myocardium] Dice: 86.87
[2024-05-10 03:44:42,570][    INFO] ***** Evaluation ***** >>>> Class [2 Left Ventricle] Dice: 93.89
[2024-05-10 03:44:42,570][    INFO] ***** Evaluation ***** >>>> MeanDice: 88.75

[2024-05-10 03:44:42,951][    INFO] ===========> Epoch: 97, LR: 0.00054, Previous best: 88.92
[2024-05-10 03:44:43,997][    INFO] Iters: 0, Total loss: 0.034, Loss x: 0.033, Loss s: 0.063, Loss w_fp: 0.005, Mask ratio: 0.985
[2024-05-10 03:45:01,093][    INFO] ***** Evaluation ***** >>>> Class [0 Right Ventricle] Dice: 85.64
[2024-05-10 03:45:01,093][    INFO] ***** Evaluation ***** >>>> Class [1 Myocardium] Dice: 87.00
[2024-05-10 03:45:01,093][    INFO] ***** Evaluation ***** >>>> Class [2 Left Ventricle] Dice: 93.82
[2024-05-10 03:45:01,093][    INFO] ***** Evaluation ***** >>>> MeanDice: 88.82

[2024-05-10 03:45:01,473][    INFO] ===========> Epoch: 98, LR: 0.00041, Previous best: 88.92
[2024-05-10 03:45:02,431][    INFO] Iters: 0, Total loss: 0.024, Loss x: 0.029, Loss s: 0.036, Loss w_fp: 0.003, Mask ratio: 0.993
[2024-05-10 03:45:19,681][    INFO] ***** Evaluation ***** >>>> Class [0 Right Ventricle] Dice: 85.62
[2024-05-10 03:45:19,682][    INFO] ***** Evaluation ***** >>>> Class [1 Myocardium] Dice: 86.76
[2024-05-10 03:45:19,682][    INFO] ***** Evaluation ***** >>>> Class [2 Left Ventricle] Dice: 93.80
[2024-05-10 03:45:19,682][    INFO] ***** Evaluation ***** >>>> MeanDice: 88.72

[2024-05-10 03:45:19,897][    INFO] ===========> Epoch: 99, LR: 0.00028, Previous best: 88.92
[2024-05-10 03:45:20,860][    INFO] Iters: 0, Total loss: 0.026, Loss x: 0.036, Loss s: 0.031, Loss w_fp: 0.003, Mask ratio: 0.989
[2024-05-10 03:45:37,853][    INFO] ***** Evaluation ***** >>>> Class [0 Right Ventricle] Dice: 85.71
[2024-05-10 03:45:37,853][    INFO] ***** Evaluation ***** >>>> Class [1 Myocardium] Dice: 86.55
[2024-05-10 03:45:37,853][    INFO] ***** Evaluation ***** >>>> Class [2 Left Ventricle] Dice: 93.83
[2024-05-10 03:45:37,853][    INFO] ***** Evaluation ***** >>>> MeanDice: 88.70

