/var/lib/slurm/slurmd/job04883/slurm_script: line 15: module: command not found
[2024-05-09 19:58:36,282][    INFO] {'batch_size': 12,
 'conf_thresh': 0.95,
 'config': 'configs/ukbb/train/exp3/seed47/config.yaml',
 'crop_size': 256,
 'ctrl': 'age ethnicity',
 'data_desc': 'UKBB Train Data - 264 Patients, 26 Labeled, Rest Unlabeled '
              'Patients',
 'data_root': '/vol/aimspace/projects/ukbb/data/cardiac/cardiac_segmentations/subjects',
 'dataset': 'ukbb',
 'epochs': 100,
 'local_rank': 0,
 'lr': 0.01,
 'mode': 'train',
 'model_desc': 'Unimatch Unet 26 Training on UKBB',
 'nclass': 4,
 'ngpus': 1,
 'num_workers': 1,
 'seed': 47,
 'split': 26,
 'visualize': False}

[2024-05-09 19:58:36,384][    INFO] Total params: 1.8M

[2024-05-09 19:58:38,679][    INFO] ===========> Epoch: 0, LR: 0.01000, Previous best: 0.00
[2024-05-09 19:58:43,789][    INFO] Iters: 0, Total loss: 0.801, Loss x: 1.039, Loss s: 0.598, Loss w_fp: 0.530, Mask ratio: 0.000
[2024-05-09 19:59:00,174][    INFO] ***** Evaluation ***** >>>> Class [0 Right Ventricle] Dice: 0.00
[2024-05-09 19:59:00,174][    INFO] ***** Evaluation ***** >>>> Class [1 Myocardium] Dice: 0.00
[2024-05-09 19:59:00,174][    INFO] ***** Evaluation ***** >>>> Class [2 Left Ventricle] Dice: 0.00
[2024-05-09 19:59:00,175][    INFO] ***** Evaluation ***** >>>> MeanDice: 0.00

[2024-05-09 19:59:00,288][    INFO] ===========> Epoch: 1, LR: 0.00999, Previous best: 0.00
[2024-05-09 19:59:01,135][    INFO] Iters: 0, Total loss: 0.573, Loss x: 0.395, Loss s: 0.750, Loss w_fp: 0.751, Mask ratio: 0.704
[2024-05-09 19:59:16,883][    INFO] ***** Evaluation ***** >>>> Class [0 Right Ventricle] Dice: 0.00
[2024-05-09 19:59:16,883][    INFO] ***** Evaluation ***** >>>> Class [1 Myocardium] Dice: 0.00
[2024-05-09 19:59:16,883][    INFO] ***** Evaluation ***** >>>> Class [2 Left Ventricle] Dice: 0.00
[2024-05-09 19:59:16,883][    INFO] ***** Evaluation ***** >>>> MeanDice: 0.00

[2024-05-09 19:59:16,957][    INFO] ===========> Epoch: 2, LR: 0.00990, Previous best: 0.00
[2024-05-09 19:59:17,799][    INFO] Iters: 0, Total loss: 0.572, Loss x: 0.392, Loss s: 0.751, Loss w_fp: 0.751, Mask ratio: 0.745
[2024-05-09 19:59:33,971][    INFO] ***** Evaluation ***** >>>> Class [0 Right Ventricle] Dice: 0.28
[2024-05-09 19:59:33,971][    INFO] ***** Evaluation ***** >>>> Class [1 Myocardium] Dice: 0.16
[2024-05-09 19:59:33,971][    INFO] ***** Evaluation ***** >>>> Class [2 Left Ventricle] Dice: 2.91
[2024-05-09 19:59:33,971][    INFO] ***** Evaluation ***** >>>> MeanDice: 1.12

[2024-05-09 19:59:34,063][    INFO] ===========> Epoch: 3, LR: 0.00981, Previous best: 1.12
[2024-05-09 19:59:34,891][    INFO] Iters: 0, Total loss: 0.544, Loss x: 0.336, Loss s: 0.752, Loss w_fp: 0.754, Mask ratio: 0.904
[2024-05-09 19:59:50,809][    INFO] ***** Evaluation ***** >>>> Class [0 Right Ventricle] Dice: 0.00
[2024-05-09 19:59:50,809][    INFO] ***** Evaluation ***** >>>> Class [1 Myocardium] Dice: 0.86
[2024-05-09 19:59:50,809][    INFO] ***** Evaluation ***** >>>> Class [2 Left Ventricle] Dice: 0.00
[2024-05-09 19:59:50,809][    INFO] ***** Evaluation ***** >>>> MeanDice: 0.29

[2024-05-09 19:59:50,881][    INFO] ===========> Epoch: 4, LR: 0.00972, Previous best: 1.12
[2024-05-09 19:59:51,708][    INFO] Iters: 0, Total loss: 0.492, Loss x: 0.232, Loss s: 0.751, Loss w_fp: 0.753, Mask ratio: 0.952
[2024-05-09 20:00:07,462][    INFO] ***** Evaluation ***** >>>> Class [0 Right Ventricle] Dice: 31.71
[2024-05-09 20:00:07,462][    INFO] ***** Evaluation ***** >>>> Class [1 Myocardium] Dice: 23.44
[2024-05-09 20:00:07,462][    INFO] ***** Evaluation ***** >>>> Class [2 Left Ventricle] Dice: 61.76
[2024-05-09 20:00:07,462][    INFO] ***** Evaluation ***** >>>> MeanDice: 38.97

[2024-05-09 20:00:07,554][    INFO] ===========> Epoch: 5, LR: 0.00963, Previous best: 38.97
[2024-05-09 20:00:08,431][    INFO] Iters: 0, Total loss: 0.412, Loss x: 0.246, Loss s: 0.652, Loss w_fp: 0.505, Mask ratio: 0.960
[2024-05-09 20:00:24,143][    INFO] ***** Evaluation ***** >>>> Class [0 Right Ventricle] Dice: 20.90
[2024-05-09 20:00:24,143][    INFO] ***** Evaluation ***** >>>> Class [1 Myocardium] Dice: 32.12
[2024-05-09 20:00:24,143][    INFO] ***** Evaluation ***** >>>> Class [2 Left Ventricle] Dice: 41.80
[2024-05-09 20:00:24,143][    INFO] ***** Evaluation ***** >>>> MeanDice: 31.61

[2024-05-09 20:00:24,216][    INFO] ===========> Epoch: 6, LR: 0.00954, Previous best: 38.97
[2024-05-09 20:00:25,060][    INFO] Iters: 0, Total loss: 0.152, Loss x: 0.162, Loss s: 0.240, Loss w_fp: 0.043, Mask ratio: 0.985
[2024-05-09 20:00:40,866][    INFO] ***** Evaluation ***** >>>> Class [0 Right Ventricle] Dice: 45.31
[2024-05-09 20:00:40,866][    INFO] ***** Evaluation ***** >>>> Class [1 Myocardium] Dice: 56.81
[2024-05-09 20:00:40,866][    INFO] ***** Evaluation ***** >>>> Class [2 Left Ventricle] Dice: 60.72
[2024-05-09 20:00:40,866][    INFO] ***** Evaluation ***** >>>> MeanDice: 54.28

[2024-05-09 20:00:40,969][    INFO] ===========> Epoch: 7, LR: 0.00945, Previous best: 54.28
[2024-05-09 20:00:41,820][    INFO] Iters: 0, Total loss: 0.190, Loss x: 0.148, Loss s: 0.439, Loss w_fp: 0.025, Mask ratio: 0.986
[2024-05-09 20:00:57,745][    INFO] ***** Evaluation ***** >>>> Class [0 Right Ventricle] Dice: 64.57
[2024-05-09 20:00:57,746][    INFO] ***** Evaluation ***** >>>> Class [1 Myocardium] Dice: 65.93
[2024-05-09 20:00:57,746][    INFO] ***** Evaluation ***** >>>> Class [2 Left Ventricle] Dice: 82.64
[2024-05-09 20:00:57,746][    INFO] ***** Evaluation ***** >>>> MeanDice: 71.05

[2024-05-09 20:00:57,857][    INFO] ===========> Epoch: 8, LR: 0.00936, Previous best: 71.05
[2024-05-09 20:00:58,707][    INFO] Iters: 0, Total loss: 0.108, Loss x: 0.119, Loss s: 0.178, Loss w_fp: 0.017, Mask ratio: 0.981
[2024-05-09 20:01:14,142][    INFO] ***** Evaluation ***** >>>> Class [0 Right Ventricle] Dice: 72.57
[2024-05-09 20:01:14,142][    INFO] ***** Evaluation ***** >>>> Class [1 Myocardium] Dice: 66.49
[2024-05-09 20:01:14,143][    INFO] ***** Evaluation ***** >>>> Class [2 Left Ventricle] Dice: 84.22
[2024-05-09 20:01:14,143][    INFO] ***** Evaluation ***** >>>> MeanDice: 74.43

[2024-05-09 20:01:14,257][    INFO] ===========> Epoch: 9, LR: 0.00927, Previous best: 74.43
[2024-05-09 20:01:15,097][    INFO] Iters: 0, Total loss: 0.108, Loss x: 0.157, Loss s: 0.099, Loss w_fp: 0.019, Mask ratio: 0.984
[2024-05-09 20:01:30,835][    INFO] ***** Evaluation ***** >>>> Class [0 Right Ventricle] Dice: 71.84
[2024-05-09 20:01:30,835][    INFO] ***** Evaluation ***** >>>> Class [1 Myocardium] Dice: 72.30
[2024-05-09 20:01:30,835][    INFO] ***** Evaluation ***** >>>> Class [2 Left Ventricle] Dice: 83.55
[2024-05-09 20:01:30,835][    INFO] ***** Evaluation ***** >>>> MeanDice: 75.90

[2024-05-09 20:01:31,153][    INFO] ===========> Epoch: 10, LR: 0.00918, Previous best: 75.90
[2024-05-09 20:01:31,998][    INFO] Iters: 0, Total loss: 0.079, Loss x: 0.125, Loss s: 0.056, Loss w_fp: 0.010, Mask ratio: 0.983
[2024-05-09 20:01:48,208][    INFO] ***** Evaluation ***** >>>> Class [0 Right Ventricle] Dice: 76.03
[2024-05-09 20:01:48,209][    INFO] ***** Evaluation ***** >>>> Class [1 Myocardium] Dice: 74.49
[2024-05-09 20:01:48,209][    INFO] ***** Evaluation ***** >>>> Class [2 Left Ventricle] Dice: 87.99
[2024-05-09 20:01:48,209][    INFO] ***** Evaluation ***** >>>> MeanDice: 79.50

[2024-05-09 20:01:48,322][    INFO] ===========> Epoch: 11, LR: 0.00909, Previous best: 79.50
[2024-05-09 20:01:49,171][    INFO] Iters: 0, Total loss: 0.103, Loss x: 0.157, Loss s: 0.093, Loss w_fp: 0.004, Mask ratio: 0.982
[2024-05-09 20:02:04,851][    INFO] ***** Evaluation ***** >>>> Class [0 Right Ventricle] Dice: 76.47
[2024-05-09 20:02:04,851][    INFO] ***** Evaluation ***** >>>> Class [1 Myocardium] Dice: 76.29
[2024-05-09 20:02:04,851][    INFO] ***** Evaluation ***** >>>> Class [2 Left Ventricle] Dice: 88.97
[2024-05-09 20:02:04,851][    INFO] ***** Evaluation ***** >>>> MeanDice: 80.58

[2024-05-09 20:02:04,964][    INFO] ===========> Epoch: 12, LR: 0.00899, Previous best: 80.58
[2024-05-09 20:02:05,838][    INFO] Iters: 0, Total loss: 0.066, Loss x: 0.105, Loss s: 0.038, Loss w_fp: 0.015, Mask ratio: 0.976
[2024-05-09 20:02:22,048][    INFO] ***** Evaluation ***** >>>> Class [0 Right Ventricle] Dice: 71.55
[2024-05-09 20:02:22,048][    INFO] ***** Evaluation ***** >>>> Class [1 Myocardium] Dice: 74.19
[2024-05-09 20:02:22,048][    INFO] ***** Evaluation ***** >>>> Class [2 Left Ventricle] Dice: 84.25
[2024-05-09 20:02:22,048][    INFO] ***** Evaluation ***** >>>> MeanDice: 76.66

[2024-05-09 20:02:22,094][    INFO] ===========> Epoch: 13, LR: 0.00890, Previous best: 80.58
[2024-05-09 20:02:22,930][    INFO] Iters: 0, Total loss: 0.081, Loss x: 0.096, Loss s: 0.121, Loss w_fp: 0.012, Mask ratio: 0.986
[2024-05-09 20:02:38,375][    INFO] ***** Evaluation ***** >>>> Class [0 Right Ventricle] Dice: 76.70
[2024-05-09 20:02:38,375][    INFO] ***** Evaluation ***** >>>> Class [1 Myocardium] Dice: 77.26
[2024-05-09 20:02:38,375][    INFO] ***** Evaluation ***** >>>> Class [2 Left Ventricle] Dice: 89.08
[2024-05-09 20:02:38,375][    INFO] ***** Evaluation ***** >>>> MeanDice: 81.01

[2024-05-09 20:02:38,489][    INFO] ===========> Epoch: 14, LR: 0.00881, Previous best: 81.01
[2024-05-09 20:02:39,351][    INFO] Iters: 0, Total loss: 0.073, Loss x: 0.128, Loss s: 0.027, Loss w_fp: 0.007, Mask ratio: 0.976
[2024-05-09 20:02:57,470][    INFO] ***** Evaluation ***** >>>> Class [0 Right Ventricle] Dice: 76.59
[2024-05-09 20:02:57,470][    INFO] ***** Evaluation ***** >>>> Class [1 Myocardium] Dice: 79.20
[2024-05-09 20:02:57,470][    INFO] ***** Evaluation ***** >>>> Class [2 Left Ventricle] Dice: 88.48
[2024-05-09 20:02:57,470][    INFO] ***** Evaluation ***** >>>> MeanDice: 81.42

[2024-05-09 20:02:57,573][    INFO] ===========> Epoch: 15, LR: 0.00872, Previous best: 81.42
[2024-05-09 20:02:58,401][    INFO] Iters: 0, Total loss: 0.044, Loss x: 0.054, Loss s: 0.061, Loss w_fp: 0.007, Mask ratio: 0.979
[2024-05-09 20:03:14,326][    INFO] ***** Evaluation ***** >>>> Class [0 Right Ventricle] Dice: 78.54
[2024-05-09 20:03:14,326][    INFO] ***** Evaluation ***** >>>> Class [1 Myocardium] Dice: 79.13
[2024-05-09 20:03:14,326][    INFO] ***** Evaluation ***** >>>> Class [2 Left Ventricle] Dice: 90.32
[2024-05-09 20:03:14,326][    INFO] ***** Evaluation ***** >>>> MeanDice: 82.66

[2024-05-09 20:03:14,438][    INFO] ===========> Epoch: 16, LR: 0.00863, Previous best: 82.66
[2024-05-09 20:03:15,280][    INFO] Iters: 0, Total loss: 0.062, Loss x: 0.078, Loss s: 0.080, Loss w_fp: 0.012, Mask ratio: 0.982
[2024-05-09 20:03:31,168][    INFO] ***** Evaluation ***** >>>> Class [0 Right Ventricle] Dice: 79.55
[2024-05-09 20:03:31,168][    INFO] ***** Evaluation ***** >>>> Class [1 Myocardium] Dice: 80.17
[2024-05-09 20:03:31,168][    INFO] ***** Evaluation ***** >>>> Class [2 Left Ventricle] Dice: 90.07
[2024-05-09 20:03:31,168][    INFO] ***** Evaluation ***** >>>> MeanDice: 83.26

[2024-05-09 20:03:31,304][    INFO] ===========> Epoch: 17, LR: 0.00854, Previous best: 83.26
[2024-05-09 20:03:32,152][    INFO] Iters: 0, Total loss: 0.039, Loss x: 0.062, Loss s: 0.030, Loss w_fp: 0.002, Mask ratio: 0.988
[2024-05-09 20:03:47,574][    INFO] ***** Evaluation ***** >>>> Class [0 Right Ventricle] Dice: 78.60
[2024-05-09 20:03:47,575][    INFO] ***** Evaluation ***** >>>> Class [1 Myocardium] Dice: 79.66
[2024-05-09 20:03:47,575][    INFO] ***** Evaluation ***** >>>> Class [2 Left Ventricle] Dice: 90.66
[2024-05-09 20:03:47,575][    INFO] ***** Evaluation ***** >>>> MeanDice: 82.97

[2024-05-09 20:03:47,647][    INFO] ===========> Epoch: 18, LR: 0.00845, Previous best: 83.26
[2024-05-09 20:03:48,506][    INFO] Iters: 0, Total loss: 0.065, Loss x: 0.077, Loss s: 0.091, Loss w_fp: 0.016, Mask ratio: 0.986
[2024-05-09 20:04:03,972][    INFO] ***** Evaluation ***** >>>> Class [0 Right Ventricle] Dice: 80.46
[2024-05-09 20:04:03,972][    INFO] ***** Evaluation ***** >>>> Class [1 Myocardium] Dice: 81.30
[2024-05-09 20:04:03,972][    INFO] ***** Evaluation ***** >>>> Class [2 Left Ventricle] Dice: 90.88
[2024-05-09 20:04:03,972][    INFO] ***** Evaluation ***** >>>> MeanDice: 84.21

[2024-05-09 20:04:04,087][    INFO] ===========> Epoch: 19, LR: 0.00835, Previous best: 84.21
[2024-05-09 20:04:04,897][    INFO] Iters: 0, Total loss: 0.039, Loss x: 0.046, Loss s: 0.050, Loss w_fp: 0.011, Mask ratio: 0.983
[2024-05-09 20:04:20,575][    INFO] ***** Evaluation ***** >>>> Class [0 Right Ventricle] Dice: 80.95
[2024-05-09 20:04:20,575][    INFO] ***** Evaluation ***** >>>> Class [1 Myocardium] Dice: 79.10
[2024-05-09 20:04:20,575][    INFO] ***** Evaluation ***** >>>> Class [2 Left Ventricle] Dice: 90.70
[2024-05-09 20:04:20,575][    INFO] ***** Evaluation ***** >>>> MeanDice: 83.58

[2024-05-09 20:04:20,647][    INFO] ===========> Epoch: 20, LR: 0.00826, Previous best: 84.21
[2024-05-09 20:04:21,495][    INFO] Iters: 0, Total loss: 0.056, Loss x: 0.059, Loss s: 0.092, Loss w_fp: 0.013, Mask ratio: 0.983
[2024-05-09 20:04:37,518][    INFO] ***** Evaluation ***** >>>> Class [0 Right Ventricle] Dice: 77.67
[2024-05-09 20:04:37,518][    INFO] ***** Evaluation ***** >>>> Class [1 Myocardium] Dice: 78.72
[2024-05-09 20:04:37,518][    INFO] ***** Evaluation ***** >>>> Class [2 Left Ventricle] Dice: 85.56
[2024-05-09 20:04:37,518][    INFO] ***** Evaluation ***** >>>> MeanDice: 80.65

[2024-05-09 20:04:37,588][    INFO] ===========> Epoch: 21, LR: 0.00817, Previous best: 84.21
[2024-05-09 20:04:38,436][    INFO] Iters: 0, Total loss: 0.032, Loss x: 0.040, Loss s: 0.042, Loss w_fp: 0.007, Mask ratio: 0.993
[2024-05-09 20:04:53,929][    INFO] ***** Evaluation ***** >>>> Class [0 Right Ventricle] Dice: 81.84
[2024-05-09 20:04:53,929][    INFO] ***** Evaluation ***** >>>> Class [1 Myocardium] Dice: 81.72
[2024-05-09 20:04:53,929][    INFO] ***** Evaluation ***** >>>> Class [2 Left Ventricle] Dice: 89.86
[2024-05-09 20:04:53,929][    INFO] ***** Evaluation ***** >>>> MeanDice: 84.47

[2024-05-09 20:04:54,048][    INFO] ===========> Epoch: 22, LR: 0.00808, Previous best: 84.47
[2024-05-09 20:04:54,875][    INFO] Iters: 0, Total loss: 0.050, Loss x: 0.057, Loss s: 0.079, Loss w_fp: 0.007, Mask ratio: 0.987
[2024-05-09 20:05:10,749][    INFO] ***** Evaluation ***** >>>> Class [0 Right Ventricle] Dice: 74.99
[2024-05-09 20:05:10,749][    INFO] ***** Evaluation ***** >>>> Class [1 Myocardium] Dice: 79.67
[2024-05-09 20:05:10,749][    INFO] ***** Evaluation ***** >>>> Class [2 Left Ventricle] Dice: 91.80
[2024-05-09 20:05:10,749][    INFO] ***** Evaluation ***** >>>> MeanDice: 82.15

[2024-05-09 20:05:10,821][    INFO] ===========> Epoch: 23, LR: 0.00799, Previous best: 84.47
[2024-05-09 20:05:11,668][    INFO] Iters: 0, Total loss: 0.040, Loss x: 0.069, Loss s: 0.020, Loss w_fp: 0.004, Mask ratio: 0.986
[2024-05-09 20:05:27,562][    INFO] ***** Evaluation ***** >>>> Class [0 Right Ventricle] Dice: 81.75
[2024-05-09 20:05:27,563][    INFO] ***** Evaluation ***** >>>> Class [1 Myocardium] Dice: 82.21
[2024-05-09 20:05:27,563][    INFO] ***** Evaluation ***** >>>> Class [2 Left Ventricle] Dice: 89.49
[2024-05-09 20:05:27,563][    INFO] ***** Evaluation ***** >>>> MeanDice: 84.48

[2024-05-09 20:05:27,673][    INFO] ===========> Epoch: 24, LR: 0.00789, Previous best: 84.48
[2024-05-09 20:05:28,503][    INFO] Iters: 0, Total loss: 0.051, Loss x: 0.045, Loss s: 0.109, Loss w_fp: 0.005, Mask ratio: 0.987
[2024-05-09 20:05:45,722][    INFO] ***** Evaluation ***** >>>> Class [0 Right Ventricle] Dice: 80.45
[2024-05-09 20:05:45,723][    INFO] ***** Evaluation ***** >>>> Class [1 Myocardium] Dice: 81.06
[2024-05-09 20:05:45,723][    INFO] ***** Evaluation ***** >>>> Class [2 Left Ventricle] Dice: 91.82
[2024-05-09 20:05:45,723][    INFO] ***** Evaluation ***** >>>> MeanDice: 84.44

[2024-05-09 20:05:45,767][    INFO] ===========> Epoch: 25, LR: 0.00780, Previous best: 84.48
[2024-05-09 20:05:46,582][    INFO] Iters: 0, Total loss: 0.037, Loss x: 0.051, Loss s: 0.036, Loss w_fp: 0.010, Mask ratio: 0.994
[2024-05-09 20:06:03,546][    INFO] ***** Evaluation ***** >>>> Class [0 Right Ventricle] Dice: 80.54
[2024-05-09 20:06:03,546][    INFO] ***** Evaluation ***** >>>> Class [1 Myocardium] Dice: 81.51
[2024-05-09 20:06:03,546][    INFO] ***** Evaluation ***** >>>> Class [2 Left Ventricle] Dice: 91.84
[2024-05-09 20:06:03,546][    INFO] ***** Evaluation ***** >>>> MeanDice: 84.63

[2024-05-09 20:06:03,663][    INFO] ===========> Epoch: 26, LR: 0.00771, Previous best: 84.63
[2024-05-09 20:06:04,491][    INFO] Iters: 0, Total loss: 0.048, Loss x: 0.057, Loss s: 0.058, Loss w_fp: 0.019, Mask ratio: 0.992
[2024-05-09 20:06:20,816][    INFO] ***** Evaluation ***** >>>> Class [0 Right Ventricle] Dice: 80.74
[2024-05-09 20:06:20,816][    INFO] ***** Evaluation ***** >>>> Class [1 Myocardium] Dice: 84.52
[2024-05-09 20:06:20,816][    INFO] ***** Evaluation ***** >>>> Class [2 Left Ventricle] Dice: 92.60
[2024-05-09 20:06:20,816][    INFO] ***** Evaluation ***** >>>> MeanDice: 85.95

[2024-05-09 20:06:20,933][    INFO] ===========> Epoch: 27, LR: 0.00762, Previous best: 85.95
[2024-05-09 20:06:21,874][    INFO] Iters: 0, Total loss: 0.049, Loss x: 0.055, Loss s: 0.072, Loss w_fp: 0.016, Mask ratio: 0.979
[2024-05-09 20:06:37,436][    INFO] ***** Evaluation ***** >>>> Class [0 Right Ventricle] Dice: 81.26
[2024-05-09 20:06:37,436][    INFO] ***** Evaluation ***** >>>> Class [1 Myocardium] Dice: 83.94
[2024-05-09 20:06:37,437][    INFO] ***** Evaluation ***** >>>> Class [2 Left Ventricle] Dice: 92.27
[2024-05-09 20:06:37,437][    INFO] ***** Evaluation ***** >>>> MeanDice: 85.82

[2024-05-09 20:06:37,511][    INFO] ===========> Epoch: 28, LR: 0.00752, Previous best: 85.95
[2024-05-09 20:06:38,374][    INFO] Iters: 0, Total loss: 0.043, Loss x: 0.047, Loss s: 0.068, Loss w_fp: 0.010, Mask ratio: 0.979
[2024-05-09 20:06:54,246][    INFO] ***** Evaluation ***** >>>> Class [0 Right Ventricle] Dice: 83.70
[2024-05-09 20:06:54,246][    INFO] ***** Evaluation ***** >>>> Class [1 Myocardium] Dice: 83.21
[2024-05-09 20:06:54,246][    INFO] ***** Evaluation ***** >>>> Class [2 Left Ventricle] Dice: 92.44
[2024-05-09 20:06:54,246][    INFO] ***** Evaluation ***** >>>> MeanDice: 86.45

[2024-05-09 20:06:54,359][    INFO] ===========> Epoch: 29, LR: 0.00743, Previous best: 86.45
[2024-05-09 20:06:55,225][    INFO] Iters: 0, Total loss: 0.038, Loss x: 0.050, Loss s: 0.046, Loss w_fp: 0.005, Mask ratio: 0.988
[2024-05-09 20:07:10,764][    INFO] ***** Evaluation ***** >>>> Class [0 Right Ventricle] Dice: 82.36
[2024-05-09 20:07:10,764][    INFO] ***** Evaluation ***** >>>> Class [1 Myocardium] Dice: 83.66
[2024-05-09 20:07:10,764][    INFO] ***** Evaluation ***** >>>> Class [2 Left Ventricle] Dice: 91.91
[2024-05-09 20:07:10,764][    INFO] ***** Evaluation ***** >>>> MeanDice: 85.97

[2024-05-09 20:07:10,834][    INFO] ===========> Epoch: 30, LR: 0.00734, Previous best: 86.45
[2024-05-09 20:07:11,726][    INFO] Iters: 0, Total loss: 0.030, Loss x: 0.041, Loss s: 0.034, Loss w_fp: 0.006, Mask ratio: 0.978
[2024-05-09 20:07:29,476][    INFO] ***** Evaluation ***** >>>> Class [0 Right Ventricle] Dice: 82.86
[2024-05-09 20:07:29,477][    INFO] ***** Evaluation ***** >>>> Class [1 Myocardium] Dice: 82.41
[2024-05-09 20:07:29,477][    INFO] ***** Evaluation ***** >>>> Class [2 Left Ventricle] Dice: 92.70
[2024-05-09 20:07:29,477][    INFO] ***** Evaluation ***** >>>> MeanDice: 85.99

[2024-05-09 20:07:29,565][    INFO] ===========> Epoch: 31, LR: 0.00724, Previous best: 86.45
[2024-05-09 20:07:30,427][    INFO] Iters: 0, Total loss: 0.038, Loss x: 0.056, Loss s: 0.031, Loss w_fp: 0.008, Mask ratio: 0.989
[2024-05-09 20:07:47,415][    INFO] ***** Evaluation ***** >>>> Class [0 Right Ventricle] Dice: 83.62
[2024-05-09 20:07:47,415][    INFO] ***** Evaluation ***** >>>> Class [1 Myocardium] Dice: 83.75
[2024-05-09 20:07:47,415][    INFO] ***** Evaluation ***** >>>> Class [2 Left Ventricle] Dice: 90.71
[2024-05-09 20:07:47,415][    INFO] ***** Evaluation ***** >>>> MeanDice: 86.02

[2024-05-09 20:07:47,487][    INFO] ===========> Epoch: 32, LR: 0.00715, Previous best: 86.45
[2024-05-09 20:07:48,339][    INFO] Iters: 0, Total loss: 0.028, Loss x: 0.038, Loss s: 0.029, Loss w_fp: 0.006, Mask ratio: 0.989
[2024-05-09 20:08:03,684][    INFO] ***** Evaluation ***** >>>> Class [0 Right Ventricle] Dice: 83.43
[2024-05-09 20:08:03,684][    INFO] ***** Evaluation ***** >>>> Class [1 Myocardium] Dice: 82.76
[2024-05-09 20:08:03,684][    INFO] ***** Evaluation ***** >>>> Class [2 Left Ventricle] Dice: 92.25
[2024-05-09 20:08:03,684][    INFO] ***** Evaluation ***** >>>> MeanDice: 86.15

[2024-05-09 20:08:03,756][    INFO] ===========> Epoch: 33, LR: 0.00706, Previous best: 86.45
[2024-05-09 20:08:04,585][    INFO] Iters: 0, Total loss: 0.045, Loss x: 0.053, Loss s: 0.069, Loss w_fp: 0.005, Mask ratio: 0.988
[2024-05-09 20:08:20,817][    INFO] ***** Evaluation ***** >>>> Class [0 Right Ventricle] Dice: 83.94
[2024-05-09 20:08:20,817][    INFO] ***** Evaluation ***** >>>> Class [1 Myocardium] Dice: 85.72
[2024-05-09 20:08:20,817][    INFO] ***** Evaluation ***** >>>> Class [2 Left Ventricle] Dice: 93.18
[2024-05-09 20:08:20,817][    INFO] ***** Evaluation ***** >>>> MeanDice: 87.62

[2024-05-09 20:08:20,934][    INFO] ===========> Epoch: 34, LR: 0.00696, Previous best: 87.62
[2024-05-09 20:08:21,796][    INFO] Iters: 0, Total loss: 0.049, Loss x: 0.075, Loss s: 0.038, Loss w_fp: 0.007, Mask ratio: 0.988
[2024-05-09 20:08:37,815][    INFO] ***** Evaluation ***** >>>> Class [0 Right Ventricle] Dice: 84.48
[2024-05-09 20:08:37,816][    INFO] ***** Evaluation ***** >>>> Class [1 Myocardium] Dice: 85.89
[2024-05-09 20:08:37,816][    INFO] ***** Evaluation ***** >>>> Class [2 Left Ventricle] Dice: 93.13
[2024-05-09 20:08:37,816][    INFO] ***** Evaluation ***** >>>> MeanDice: 87.84

[2024-05-09 20:08:37,929][    INFO] ===========> Epoch: 35, LR: 0.00687, Previous best: 87.84
[2024-05-09 20:08:38,788][    INFO] Iters: 0, Total loss: 0.050, Loss x: 0.080, Loss s: 0.033, Loss w_fp: 0.006, Mask ratio: 0.989
[2024-05-09 20:08:54,753][    INFO] ***** Evaluation ***** >>>> Class [0 Right Ventricle] Dice: 82.20
[2024-05-09 20:08:54,753][    INFO] ***** Evaluation ***** >>>> Class [1 Myocardium] Dice: 83.91
[2024-05-09 20:08:54,753][    INFO] ***** Evaluation ***** >>>> Class [2 Left Ventricle] Dice: 90.22
[2024-05-09 20:08:54,754][    INFO] ***** Evaluation ***** >>>> MeanDice: 85.44

[2024-05-09 20:08:54,827][    INFO] ===========> Epoch: 36, LR: 0.00678, Previous best: 87.84
[2024-05-09 20:08:55,687][    INFO] Iters: 0, Total loss: 0.039, Loss x: 0.050, Loss s: 0.050, Loss w_fp: 0.007, Mask ratio: 0.989
[2024-05-09 20:09:11,845][    INFO] ***** Evaluation ***** >>>> Class [0 Right Ventricle] Dice: 83.17
[2024-05-09 20:09:11,845][    INFO] ***** Evaluation ***** >>>> Class [1 Myocardium] Dice: 84.31
[2024-05-09 20:09:11,845][    INFO] ***** Evaluation ***** >>>> Class [2 Left Ventricle] Dice: 93.29
[2024-05-09 20:09:11,845][    INFO] ***** Evaluation ***** >>>> MeanDice: 86.92

[2024-05-09 20:09:11,892][    INFO] ===========> Epoch: 37, LR: 0.00668, Previous best: 87.84
[2024-05-09 20:09:12,746][    INFO] Iters: 0, Total loss: 0.043, Loss x: 0.061, Loss s: 0.046, Loss w_fp: 0.006, Mask ratio: 0.985
[2024-05-09 20:09:30,076][    INFO] ***** Evaluation ***** >>>> Class [0 Right Ventricle] Dice: 83.69
[2024-05-09 20:09:30,076][    INFO] ***** Evaluation ***** >>>> Class [1 Myocardium] Dice: 84.65
[2024-05-09 20:09:30,076][    INFO] ***** Evaluation ***** >>>> Class [2 Left Ventricle] Dice: 91.00
[2024-05-09 20:09:30,076][    INFO] ***** Evaluation ***** >>>> MeanDice: 86.45

[2024-05-09 20:09:30,150][    INFO] ===========> Epoch: 38, LR: 0.00659, Previous best: 87.84
[2024-05-09 20:09:30,990][    INFO] Iters: 0, Total loss: 0.048, Loss x: 0.040, Loss s: 0.110, Loss w_fp: 0.004, Mask ratio: 0.992
[2024-05-09 20:09:47,028][    INFO] ***** Evaluation ***** >>>> Class [0 Right Ventricle] Dice: 83.01
[2024-05-09 20:09:47,028][    INFO] ***** Evaluation ***** >>>> Class [1 Myocardium] Dice: 83.36
[2024-05-09 20:09:47,028][    INFO] ***** Evaluation ***** >>>> Class [2 Left Ventricle] Dice: 90.82
[2024-05-09 20:09:47,029][    INFO] ***** Evaluation ***** >>>> MeanDice: 85.73

[2024-05-09 20:09:47,099][    INFO] ===========> Epoch: 39, LR: 0.00649, Previous best: 87.84
[2024-05-09 20:09:47,952][    INFO] Iters: 0, Total loss: 0.030, Loss x: 0.045, Loss s: 0.026, Loss w_fp: 0.003, Mask ratio: 0.987
[2024-05-09 20:10:08,883][    INFO] ***** Evaluation ***** >>>> Class [0 Right Ventricle] Dice: 83.89
[2024-05-09 20:10:08,884][    INFO] ***** Evaluation ***** >>>> Class [1 Myocardium] Dice: 85.96
[2024-05-09 20:10:08,884][    INFO] ***** Evaluation ***** >>>> Class [2 Left Ventricle] Dice: 93.40
[2024-05-09 20:10:08,884][    INFO] ***** Evaluation ***** >>>> MeanDice: 87.75

[2024-05-09 20:10:08,960][    INFO] ===========> Epoch: 40, LR: 0.00640, Previous best: 87.84
[2024-05-09 20:10:09,812][    INFO] Iters: 0, Total loss: 0.027, Loss x: 0.037, Loss s: 0.033, Loss w_fp: 0.003, Mask ratio: 0.984
[2024-05-09 20:10:51,924][    INFO] ***** Evaluation ***** >>>> Class [0 Right Ventricle] Dice: 83.69
[2024-05-09 20:10:51,925][    INFO] ***** Evaluation ***** >>>> Class [1 Myocardium] Dice: 85.10
[2024-05-09 20:10:51,925][    INFO] ***** Evaluation ***** >>>> Class [2 Left Ventricle] Dice: 93.26
[2024-05-09 20:10:51,925][    INFO] ***** Evaluation ***** >>>> MeanDice: 87.35

[2024-05-09 20:10:52,000][    INFO] ===========> Epoch: 41, LR: 0.00630, Previous best: 87.84
[2024-05-09 20:10:52,862][    INFO] Iters: 0, Total loss: 0.024, Loss x: 0.029, Loss s: 0.028, Loss w_fp: 0.008, Mask ratio: 0.988
[2024-05-09 20:11:08,608][    INFO] ***** Evaluation ***** >>>> Class [0 Right Ventricle] Dice: 84.50
[2024-05-09 20:11:08,608][    INFO] ***** Evaluation ***** >>>> Class [1 Myocardium] Dice: 85.15
[2024-05-09 20:11:08,608][    INFO] ***** Evaluation ***** >>>> Class [2 Left Ventricle] Dice: 92.11
[2024-05-09 20:11:08,608][    INFO] ***** Evaluation ***** >>>> MeanDice: 87.25

[2024-05-09 20:11:08,679][    INFO] ===========> Epoch: 42, LR: 0.00621, Previous best: 87.84
[2024-05-09 20:11:09,514][    INFO] Iters: 0, Total loss: 0.036, Loss x: 0.042, Loss s: 0.056, Loss w_fp: 0.004, Mask ratio: 0.984
[2024-05-09 20:11:25,265][    INFO] ***** Evaluation ***** >>>> Class [0 Right Ventricle] Dice: 84.80
[2024-05-09 20:11:25,266][    INFO] ***** Evaluation ***** >>>> Class [1 Myocardium] Dice: 84.34
[2024-05-09 20:11:25,266][    INFO] ***** Evaluation ***** >>>> Class [2 Left Ventricle] Dice: 90.69
[2024-05-09 20:11:25,266][    INFO] ***** Evaluation ***** >>>> MeanDice: 86.61

[2024-05-09 20:11:25,337][    INFO] ===========> Epoch: 43, LR: 0.00611, Previous best: 87.84
[2024-05-09 20:11:26,183][    INFO] Iters: 0, Total loss: 0.033, Loss x: 0.043, Loss s: 0.036, Loss w_fp: 0.008, Mask ratio: 0.990
[2024-05-09 20:11:41,970][    INFO] ***** Evaluation ***** >>>> Class [0 Right Ventricle] Dice: 84.44
[2024-05-09 20:11:41,971][    INFO] ***** Evaluation ***** >>>> Class [1 Myocardium] Dice: 85.47
[2024-05-09 20:11:41,971][    INFO] ***** Evaluation ***** >>>> Class [2 Left Ventricle] Dice: 91.98
[2024-05-09 20:11:41,971][    INFO] ***** Evaluation ***** >>>> MeanDice: 87.30

[2024-05-09 20:11:42,043][    INFO] ===========> Epoch: 44, LR: 0.00602, Previous best: 87.84
[2024-05-09 20:11:42,910][    INFO] Iters: 0, Total loss: 0.032, Loss x: 0.054, Loss s: 0.017, Loss w_fp: 0.005, Mask ratio: 0.989
[2024-05-09 20:11:58,381][    INFO] ***** Evaluation ***** >>>> Class [0 Right Ventricle] Dice: 84.36
[2024-05-09 20:11:58,381][    INFO] ***** Evaluation ***** >>>> Class [1 Myocardium] Dice: 86.03
[2024-05-09 20:11:58,381][    INFO] ***** Evaluation ***** >>>> Class [2 Left Ventricle] Dice: 93.97
[2024-05-09 20:11:58,382][    INFO] ***** Evaluation ***** >>>> MeanDice: 88.12

[2024-05-09 20:11:58,500][    INFO] ===========> Epoch: 45, LR: 0.00592, Previous best: 88.12
[2024-05-09 20:11:59,338][    INFO] Iters: 0, Total loss: 0.029, Loss x: 0.041, Loss s: 0.021, Loss w_fp: 0.012, Mask ratio: 0.990
[2024-05-09 20:12:16,547][    INFO] ***** Evaluation ***** >>>> Class [0 Right Ventricle] Dice: 85.82
[2024-05-09 20:12:16,547][    INFO] ***** Evaluation ***** >>>> Class [1 Myocardium] Dice: 84.88
[2024-05-09 20:12:16,547][    INFO] ***** Evaluation ***** >>>> Class [2 Left Ventricle] Dice: 92.99
[2024-05-09 20:12:16,547][    INFO] ***** Evaluation ***** >>>> MeanDice: 87.89

[2024-05-09 20:12:16,596][    INFO] ===========> Epoch: 46, LR: 0.00583, Previous best: 88.12
[2024-05-09 20:12:17,415][    INFO] Iters: 0, Total loss: 0.028, Loss x: 0.031, Loss s: 0.040, Loss w_fp: 0.010, Mask ratio: 0.987
[2024-05-09 20:12:34,821][    INFO] ***** Evaluation ***** >>>> Class [0 Right Ventricle] Dice: 84.74
[2024-05-09 20:12:34,822][    INFO] ***** Evaluation ***** >>>> Class [1 Myocardium] Dice: 85.61
[2024-05-09 20:12:34,822][    INFO] ***** Evaluation ***** >>>> Class [2 Left Ventricle] Dice: 92.29
[2024-05-09 20:12:34,822][    INFO] ***** Evaluation ***** >>>> MeanDice: 87.55

[2024-05-09 20:12:34,897][    INFO] ===========> Epoch: 47, LR: 0.00573, Previous best: 88.12
[2024-05-09 20:12:35,714][    INFO] Iters: 0, Total loss: 0.030, Loss x: 0.047, Loss s: 0.024, Loss w_fp: 0.004, Mask ratio: 0.990
[2024-05-09 20:12:51,715][    INFO] ***** Evaluation ***** >>>> Class [0 Right Ventricle] Dice: 83.82
[2024-05-09 20:12:51,715][    INFO] ***** Evaluation ***** >>>> Class [1 Myocardium] Dice: 85.65
[2024-05-09 20:12:51,715][    INFO] ***** Evaluation ***** >>>> Class [2 Left Ventricle] Dice: 93.15
[2024-05-09 20:12:51,715][    INFO] ***** Evaluation ***** >>>> MeanDice: 87.54

[2024-05-09 20:12:51,788][    INFO] ===========> Epoch: 48, LR: 0.00564, Previous best: 88.12
[2024-05-09 20:12:52,624][    INFO] Iters: 0, Total loss: 0.045, Loss x: 0.065, Loss s: 0.047, Loss w_fp: 0.004, Mask ratio: 0.990
[2024-05-09 20:13:08,400][    INFO] ***** Evaluation ***** >>>> Class [0 Right Ventricle] Dice: 82.74
[2024-05-09 20:13:08,400][    INFO] ***** Evaluation ***** >>>> Class [1 Myocardium] Dice: 86.56
[2024-05-09 20:13:08,400][    INFO] ***** Evaluation ***** >>>> Class [2 Left Ventricle] Dice: 93.83
[2024-05-09 20:13:08,400][    INFO] ***** Evaluation ***** >>>> MeanDice: 87.71

[2024-05-09 20:13:08,448][    INFO] ===========> Epoch: 49, LR: 0.00554, Previous best: 88.12
[2024-05-09 20:13:09,296][    INFO] Iters: 0, Total loss: 0.029, Loss x: 0.036, Loss s: 0.040, Loss w_fp: 0.005, Mask ratio: 0.985
[2024-05-09 20:13:25,030][    INFO] ***** Evaluation ***** >>>> Class [0 Right Ventricle] Dice: 85.32
[2024-05-09 20:13:25,030][    INFO] ***** Evaluation ***** >>>> Class [1 Myocardium] Dice: 85.43
[2024-05-09 20:13:25,030][    INFO] ***** Evaluation ***** >>>> Class [2 Left Ventricle] Dice: 92.51
[2024-05-09 20:13:25,030][    INFO] ***** Evaluation ***** >>>> MeanDice: 87.75

[2024-05-09 20:13:25,079][    INFO] ===========> Epoch: 50, LR: 0.00544, Previous best: 88.12
[2024-05-09 20:13:25,920][    INFO] Iters: 0, Total loss: 0.031, Loss x: 0.038, Loss s: 0.043, Loss w_fp: 0.004, Mask ratio: 0.989
[2024-05-09 20:13:42,455][    INFO] ***** Evaluation ***** >>>> Class [0 Right Ventricle] Dice: 85.54
[2024-05-09 20:13:42,455][    INFO] ***** Evaluation ***** >>>> Class [1 Myocardium] Dice: 85.95
[2024-05-09 20:13:42,455][    INFO] ***** Evaluation ***** >>>> Class [2 Left Ventricle] Dice: 93.83
[2024-05-09 20:13:42,455][    INFO] ***** Evaluation ***** >>>> MeanDice: 88.44

[2024-05-09 20:13:42,550][    INFO] ===========> Epoch: 51, LR: 0.00535, Previous best: 88.44
[2024-05-09 20:13:43,381][    INFO] Iters: 0, Total loss: 0.039, Loss x: 0.046, Loss s: 0.056, Loss w_fp: 0.008, Mask ratio: 0.988
[2024-05-09 20:13:59,681][    INFO] ***** Evaluation ***** >>>> Class [0 Right Ventricle] Dice: 86.21
[2024-05-09 20:13:59,681][    INFO] ***** Evaluation ***** >>>> Class [1 Myocardium] Dice: 86.20
[2024-05-09 20:13:59,682][    INFO] ***** Evaluation ***** >>>> Class [2 Left Ventricle] Dice: 93.32
[2024-05-09 20:13:59,682][    INFO] ***** Evaluation ***** >>>> MeanDice: 88.58

[2024-05-09 20:14:00,153][    INFO] ===========> Epoch: 52, LR: 0.00525, Previous best: 88.58
[2024-05-09 20:14:01,018][    INFO] Iters: 0, Total loss: 0.053, Loss x: 0.069, Loss s: 0.065, Loss w_fp: 0.012, Mask ratio: 0.990
[2024-05-09 20:14:19,510][    INFO] ***** Evaluation ***** >>>> Class [0 Right Ventricle] Dice: 85.81
[2024-05-09 20:14:19,510][    INFO] ***** Evaluation ***** >>>> Class [1 Myocardium] Dice: 86.05
[2024-05-09 20:14:19,510][    INFO] ***** Evaluation ***** >>>> Class [2 Left Ventricle] Dice: 93.01
[2024-05-09 20:14:19,510][    INFO] ***** Evaluation ***** >>>> MeanDice: 88.29

[2024-05-09 20:14:19,585][    INFO] ===========> Epoch: 53, LR: 0.00516, Previous best: 88.58
[2024-05-09 20:14:20,449][    INFO] Iters: 0, Total loss: 0.032, Loss x: 0.042, Loss s: 0.041, Loss w_fp: 0.004, Mask ratio: 0.989
[2024-05-09 20:14:35,812][    INFO] ***** Evaluation ***** >>>> Class [0 Right Ventricle] Dice: 85.78
[2024-05-09 20:14:35,812][    INFO] ***** Evaluation ***** >>>> Class [1 Myocardium] Dice: 86.17
[2024-05-09 20:14:35,813][    INFO] ***** Evaluation ***** >>>> Class [2 Left Ventricle] Dice: 92.25
[2024-05-09 20:14:35,813][    INFO] ***** Evaluation ***** >>>> MeanDice: 88.07

[2024-05-09 20:14:35,886][    INFO] ===========> Epoch: 54, LR: 0.00506, Previous best: 88.58
[2024-05-09 20:14:36,728][    INFO] Iters: 0, Total loss: 0.026, Loss x: 0.032, Loss s: 0.039, Loss w_fp: 0.002, Mask ratio: 0.993
[2024-05-09 20:14:52,397][    INFO] ***** Evaluation ***** >>>> Class [0 Right Ventricle] Dice: 85.39
[2024-05-09 20:14:52,397][    INFO] ***** Evaluation ***** >>>> Class [1 Myocardium] Dice: 86.08
[2024-05-09 20:14:52,397][    INFO] ***** Evaluation ***** >>>> Class [2 Left Ventricle] Dice: 94.12
[2024-05-09 20:14:52,397][    INFO] ***** Evaluation ***** >>>> MeanDice: 88.53

[2024-05-09 20:14:52,468][    INFO] ===========> Epoch: 55, LR: 0.00496, Previous best: 88.58
[2024-05-09 20:14:53,329][    INFO] Iters: 0, Total loss: 0.046, Loss x: 0.063, Loss s: 0.054, Loss w_fp: 0.003, Mask ratio: 0.992
[2024-05-09 20:15:43,992][    INFO] ***** Evaluation ***** >>>> Class [0 Right Ventricle] Dice: 85.90
[2024-05-09 20:15:44,017][    INFO] ***** Evaluation ***** >>>> Class [1 Myocardium] Dice: 86.18
[2024-05-09 20:15:44,017][    INFO] ***** Evaluation ***** >>>> Class [2 Left Ventricle] Dice: 94.08
[2024-05-09 20:15:44,018][    INFO] ***** Evaluation ***** >>>> MeanDice: 88.72

[2024-05-09 20:15:45,606][    INFO] ===========> Epoch: 56, LR: 0.00486, Previous best: 88.72
[2024-05-09 20:15:53,699][    INFO] Iters: 0, Total loss: 0.034, Loss x: 0.034, Loss s: 0.057, Loss w_fp: 0.010, Mask ratio: 0.988
[2024-05-09 20:20:40,813][    INFO] ***** Evaluation ***** >>>> Class [0 Right Ventricle] Dice: 86.23
[2024-05-09 20:20:40,825][    INFO] ***** Evaluation ***** >>>> Class [1 Myocardium] Dice: 87.15
[2024-05-09 20:20:40,825][    INFO] ***** Evaluation ***** >>>> Class [2 Left Ventricle] Dice: 93.46
[2024-05-09 20:20:40,825][    INFO] ***** Evaluation ***** >>>> MeanDice: 88.95

[2024-05-09 20:20:42,508][    INFO] ===========> Epoch: 57, LR: 0.00477, Previous best: 88.95
[2024-05-09 20:20:48,318][    INFO] Iters: 0, Total loss: 0.034, Loss x: 0.035, Loss s: 0.061, Loss w_fp: 0.005, Mask ratio: 0.985
[2024-05-09 20:25:24,790][    INFO] ***** Evaluation ***** >>>> Class [0 Right Ventricle] Dice: 86.20
[2024-05-09 20:25:24,828][    INFO] ***** Evaluation ***** >>>> Class [1 Myocardium] Dice: 86.93
[2024-05-09 20:25:24,828][    INFO] ***** Evaluation ***** >>>> Class [2 Left Ventricle] Dice: 93.02
[2024-05-09 20:25:24,828][    INFO] ***** Evaluation ***** >>>> MeanDice: 88.71

[2024-05-09 20:25:25,631][    INFO] ===========> Epoch: 58, LR: 0.00467, Previous best: 88.95
[2024-05-09 20:25:30,272][    INFO] Iters: 0, Total loss: 0.020, Loss x: 0.029, Loss s: 0.014, Loss w_fp: 0.007, Mask ratio: 0.988
[2024-05-09 20:30:01,558][    INFO] ***** Evaluation ***** >>>> Class [0 Right Ventricle] Dice: 85.39
[2024-05-09 20:30:01,634][    INFO] ***** Evaluation ***** >>>> Class [1 Myocardium] Dice: 86.54
[2024-05-09 20:30:01,634][    INFO] ***** Evaluation ***** >>>> Class [2 Left Ventricle] Dice: 93.54
[2024-05-09 20:30:01,634][    INFO] ***** Evaluation ***** >>>> MeanDice: 88.49

[2024-05-09 20:30:02,800][    INFO] ===========> Epoch: 59, LR: 0.00457, Previous best: 88.95
[2024-05-09 20:30:09,976][    INFO] Iters: 0, Total loss: 0.028, Loss x: 0.035, Loss s: 0.031, Loss w_fp: 0.011, Mask ratio: 0.986
[2024-05-09 20:33:30,728][    INFO] ***** Evaluation ***** >>>> Class [0 Right Ventricle] Dice: 86.06
[2024-05-09 20:33:30,729][    INFO] ***** Evaluation ***** >>>> Class [1 Myocardium] Dice: 84.81
[2024-05-09 20:33:30,729][    INFO] ***** Evaluation ***** >>>> Class [2 Left Ventricle] Dice: 91.32
[2024-05-09 20:33:30,729][    INFO] ***** Evaluation ***** >>>> MeanDice: 87.40

[2024-05-09 20:33:31,754][    INFO] ===========> Epoch: 60, LR: 0.00447, Previous best: 88.95
[2024-05-09 20:33:38,223][    INFO] Iters: 0, Total loss: 0.029, Loss x: 0.037, Loss s: 0.035, Loss w_fp: 0.007, Mask ratio: 0.992
[2024-05-09 20:38:17,112][    INFO] ***** Evaluation ***** >>>> Class [0 Right Ventricle] Dice: 86.04
[2024-05-09 20:38:17,186][    INFO] ***** Evaluation ***** >>>> Class [1 Myocardium] Dice: 86.02
[2024-05-09 20:38:17,186][    INFO] ***** Evaluation ***** >>>> Class [2 Left Ventricle] Dice: 93.73
[2024-05-09 20:38:17,186][    INFO] ***** Evaluation ***** >>>> MeanDice: 88.60

[2024-05-09 20:38:17,727][    INFO] ===========> Epoch: 61, LR: 0.00437, Previous best: 88.95
[2024-05-09 20:38:24,847][    INFO] Iters: 0, Total loss: 0.033, Loss x: 0.046, Loss s: 0.030, Loss w_fp: 0.011, Mask ratio: 0.984
[2024-05-09 20:42:58,032][    INFO] ***** Evaluation ***** >>>> Class [0 Right Ventricle] Dice: 86.03
[2024-05-09 20:42:58,214][    INFO] ***** Evaluation ***** >>>> Class [1 Myocardium] Dice: 87.00
[2024-05-09 20:42:58,214][    INFO] ***** Evaluation ***** >>>> Class [2 Left Ventricle] Dice: 93.54
[2024-05-09 20:42:58,214][    INFO] ***** Evaluation ***** >>>> MeanDice: 88.86

[2024-05-09 20:42:58,881][    INFO] ===========> Epoch: 62, LR: 0.00427, Previous best: 88.95
[2024-05-09 20:43:04,146][    INFO] Iters: 0, Total loss: 0.030, Loss x: 0.052, Loss s: 0.012, Loss w_fp: 0.005, Mask ratio: 0.991
[2024-05-09 20:47:43,059][    INFO] ***** Evaluation ***** >>>> Class [0 Right Ventricle] Dice: 86.96
[2024-05-09 20:47:43,224][    INFO] ***** Evaluation ***** >>>> Class [1 Myocardium] Dice: 86.34
[2024-05-09 20:47:43,224][    INFO] ***** Evaluation ***** >>>> Class [2 Left Ventricle] Dice: 94.14
[2024-05-09 20:47:43,224][    INFO] ***** Evaluation ***** >>>> MeanDice: 89.15

[2024-05-09 20:47:44,316][    INFO] ===========> Epoch: 63, LR: 0.00418, Previous best: 89.15
[2024-05-09 20:47:51,579][    INFO] Iters: 0, Total loss: 0.025, Loss x: 0.028, Loss s: 0.034, Loss w_fp: 0.011, Mask ratio: 0.984
[2024-05-09 20:52:02,650][    INFO] ***** Evaluation ***** >>>> Class [0 Right Ventricle] Dice: 86.14
[2024-05-09 20:52:02,661][    INFO] ***** Evaluation ***** >>>> Class [1 Myocardium] Dice: 86.65
[2024-05-09 20:52:02,661][    INFO] ***** Evaluation ***** >>>> Class [2 Left Ventricle] Dice: 94.45
[2024-05-09 20:52:02,661][    INFO] ***** Evaluation ***** >>>> MeanDice: 89.08

[2024-05-09 20:52:03,131][    INFO] ===========> Epoch: 64, LR: 0.00408, Previous best: 89.15
[2024-05-09 20:52:08,725][    INFO] Iters: 0, Total loss: 0.028, Loss x: 0.037, Loss s: 0.036, Loss w_fp: 0.003, Mask ratio: 0.991
[2024-05-09 20:56:20,697][    INFO] ***** Evaluation ***** >>>> Class [0 Right Ventricle] Dice: 87.00
[2024-05-09 20:56:20,727][    INFO] ***** Evaluation ***** >>>> Class [1 Myocardium] Dice: 86.45
[2024-05-09 20:56:20,727][    INFO] ***** Evaluation ***** >>>> Class [2 Left Ventricle] Dice: 92.25
[2024-05-09 20:56:20,727][    INFO] ***** Evaluation ***** >>>> MeanDice: 88.57

[2024-05-09 20:56:21,199][    INFO] ===========> Epoch: 65, LR: 0.00398, Previous best: 89.15
[2024-05-09 20:56:27,738][    INFO] Iters: 0, Total loss: 0.036, Loss x: 0.043, Loss s: 0.053, Loss w_fp: 0.004, Mask ratio: 0.991
slurmstepd-atlas: error: *** JOB 4883 ON atlas CANCELLED AT 2024-05-09T20:58:31 DUE TO TIME LIMIT ***
