/var/lib/slurm/slurmd/job04897/slurm_script: line 15: module: command not found
[2024-05-10 01:52:25,650][    INFO] {'batch_size': 12,
 'conf_thresh': 0.95,
 'config': 'configs/ukbb/train/exp2/seed73/config.yaml',
 'crop_size': 256,
 'ctrl': 'age sex',
 'data_desc': 'UKBB Train Data - 805 Patients, 80 Labeled, Rest Unlabeled '
              'Patients',
 'data_root': '/vol/aimspace/projects/ukbb/data/cardiac/cardiac_segmentations/subjects',
 'dataset': 'ukbb',
 'epochs': 50,
 'local_rank': 0,
 'lr': 0.01,
 'mode': 'train',
 'model_desc': 'Unimatch Unet 80 Training on UKBB',
 'nclass': 4,
 'ngpus': 1,
 'num_workers': 1,
 'seed': 73,
 'split': 80,
 'visualize': False}

[2024-05-10 01:52:25,719][    INFO] Total params: 1.8M

[2024-05-10 01:52:28,544][    INFO] ===========> Epoch: 0, LR: 0.01000, Previous best: 0.00
[2024-05-10 01:52:33,611][    INFO] Iters: 0, Total loss: 0.569, Loss x: 1.137, Loss s: 0.000, Loss w_fp: 0.000, Mask ratio: 0.000
[2024-05-10 01:53:27,666][    INFO] ***** Evaluation ***** >>>> Class [0 Right Ventricle] Dice: 0.00
[2024-05-10 01:53:27,667][    INFO] ***** Evaluation ***** >>>> Class [1 Myocardium] Dice: 0.05
[2024-05-10 01:53:27,667][    INFO] ***** Evaluation ***** >>>> Class [2 Left Ventricle] Dice: 0.00
[2024-05-10 01:53:27,667][    INFO] ***** Evaluation ***** >>>> MeanDice: 0.02

[2024-05-10 01:53:27,785][    INFO] ===========> Epoch: 1, LR: 0.00998, Previous best: 0.02
[2024-05-10 01:53:28,641][    INFO] Iters: 0, Total loss: 0.529, Loss x: 0.306, Loss s: 0.751, Loss w_fp: 0.751, Mask ratio: 0.884
[2024-05-10 01:54:17,487][    INFO] ***** Evaluation ***** >>>> Class [0 Right Ventricle] Dice: 12.34
[2024-05-10 01:54:17,488][    INFO] ***** Evaluation ***** >>>> Class [1 Myocardium] Dice: 50.69
[2024-05-10 01:54:17,488][    INFO] ***** Evaluation ***** >>>> Class [2 Left Ventricle] Dice: 60.99
[2024-05-10 01:54:17,488][    INFO] ***** Evaluation ***** >>>> MeanDice: 41.34

[2024-05-10 01:54:17,609][    INFO] ===========> Epoch: 2, LR: 0.00980, Previous best: 41.34
[2024-05-10 01:54:18,477][    INFO] Iters: 0, Total loss: 0.280, Loss x: 0.141, Loss s: 0.547, Loss w_fp: 0.289, Mask ratio: 0.967
[2024-05-10 01:55:06,562][    INFO] ***** Evaluation ***** >>>> Class [0 Right Ventricle] Dice: 57.69
[2024-05-10 01:55:06,563][    INFO] ***** Evaluation ***** >>>> Class [1 Myocardium] Dice: 67.30
[2024-05-10 01:55:06,563][    INFO] ***** Evaluation ***** >>>> Class [2 Left Ventricle] Dice: 72.25
[2024-05-10 01:55:06,563][    INFO] ***** Evaluation ***** >>>> MeanDice: 65.75

[2024-05-10 01:55:06,652][    INFO] ===========> Epoch: 3, LR: 0.00962, Previous best: 65.75
[2024-05-10 01:55:07,520][    INFO] Iters: 0, Total loss: 0.068, Loss x: 0.100, Loss s: 0.063, Loss w_fp: 0.007, Mask ratio: 0.993
[2024-05-10 01:55:57,799][    INFO] ***** Evaluation ***** >>>> Class [0 Right Ventricle] Dice: 78.99
[2024-05-10 01:55:57,799][    INFO] ***** Evaluation ***** >>>> Class [1 Myocardium] Dice: 79.16
[2024-05-10 01:55:57,799][    INFO] ***** Evaluation ***** >>>> Class [2 Left Ventricle] Dice: 89.32
[2024-05-10 01:55:57,799][    INFO] ***** Evaluation ***** >>>> MeanDice: 82.49

[2024-05-10 01:55:57,889][    INFO] ===========> Epoch: 4, LR: 0.00944, Previous best: 82.49
[2024-05-10 01:55:58,740][    INFO] Iters: 0, Total loss: 0.070, Loss x: 0.087, Loss s: 0.094, Loss w_fp: 0.010, Mask ratio: 0.978
[2024-05-10 01:56:48,325][    INFO] ***** Evaluation ***** >>>> Class [0 Right Ventricle] Dice: 74.34
[2024-05-10 01:56:48,326][    INFO] ***** Evaluation ***** >>>> Class [1 Myocardium] Dice: 78.89
[2024-05-10 01:56:48,326][    INFO] ***** Evaluation ***** >>>> Class [2 Left Ventricle] Dice: 85.51
[2024-05-10 01:56:48,326][    INFO] ***** Evaluation ***** >>>> MeanDice: 79.58

[2024-05-10 01:56:48,398][    INFO] ===========> Epoch: 5, LR: 0.00926, Previous best: 82.49
[2024-05-10 01:56:49,241][    INFO] Iters: 0, Total loss: 0.061, Loss x: 0.057, Loss s: 0.119, Loss w_fp: 0.011, Mask ratio: 0.983
[2024-05-10 01:57:37,466][    INFO] ***** Evaluation ***** >>>> Class [0 Right Ventricle] Dice: 80.69
[2024-05-10 01:57:37,466][    INFO] ***** Evaluation ***** >>>> Class [1 Myocardium] Dice: 81.34
[2024-05-10 01:57:37,466][    INFO] ***** Evaluation ***** >>>> Class [2 Left Ventricle] Dice: 89.69
[2024-05-10 01:57:37,466][    INFO] ***** Evaluation ***** >>>> MeanDice: 83.91

[2024-05-10 01:57:37,559][    INFO] ===========> Epoch: 6, LR: 0.00908, Previous best: 83.91
[2024-05-10 01:57:38,427][    INFO] Iters: 0, Total loss: 0.035, Loss x: 0.046, Loss s: 0.040, Loss w_fp: 0.009, Mask ratio: 0.983
[2024-05-10 01:58:25,665][    INFO] ***** Evaluation ***** >>>> Class [0 Right Ventricle] Dice: 81.18
[2024-05-10 01:58:25,665][    INFO] ***** Evaluation ***** >>>> Class [1 Myocardium] Dice: 83.36
[2024-05-10 01:58:25,665][    INFO] ***** Evaluation ***** >>>> Class [2 Left Ventricle] Dice: 91.47
[2024-05-10 01:58:25,665][    INFO] ***** Evaluation ***** >>>> MeanDice: 85.34

[2024-05-10 01:58:25,786][    INFO] ===========> Epoch: 7, LR: 0.00889, Previous best: 85.34
[2024-05-10 01:58:26,653][    INFO] Iters: 0, Total loss: 0.048, Loss x: 0.059, Loss s: 0.069, Loss w_fp: 0.004, Mask ratio: 0.986
[2024-05-10 01:59:14,301][    INFO] ***** Evaluation ***** >>>> Class [0 Right Ventricle] Dice: 82.70
[2024-05-10 01:59:14,302][    INFO] ***** Evaluation ***** >>>> Class [1 Myocardium] Dice: 83.25
[2024-05-10 01:59:14,302][    INFO] ***** Evaluation ***** >>>> Class [2 Left Ventricle] Dice: 89.99
[2024-05-10 01:59:14,302][    INFO] ***** Evaluation ***** >>>> MeanDice: 85.32

[2024-05-10 01:59:14,376][    INFO] ===========> Epoch: 8, LR: 0.00871, Previous best: 85.34
[2024-05-10 01:59:15,228][    INFO] Iters: 0, Total loss: 0.064, Loss x: 0.064, Loss s: 0.116, Loss w_fp: 0.010, Mask ratio: 0.990
[2024-05-10 02:00:05,581][    INFO] ***** Evaluation ***** >>>> Class [0 Right Ventricle] Dice: 84.05
[2024-05-10 02:00:05,581][    INFO] ***** Evaluation ***** >>>> Class [1 Myocardium] Dice: 84.67
[2024-05-10 02:00:05,581][    INFO] ***** Evaluation ***** >>>> Class [2 Left Ventricle] Dice: 92.04
[2024-05-10 02:00:05,581][    INFO] ***** Evaluation ***** >>>> MeanDice: 86.92

[2024-05-10 02:00:05,693][    INFO] ===========> Epoch: 9, LR: 0.00853, Previous best: 86.92
[2024-05-10 02:00:06,529][    INFO] Iters: 0, Total loss: 0.041, Loss x: 0.044, Loss s: 0.068, Loss w_fp: 0.011, Mask ratio: 0.990
[2024-05-10 02:00:54,061][    INFO] ***** Evaluation ***** >>>> Class [0 Right Ventricle] Dice: 85.34
[2024-05-10 02:00:54,062][    INFO] ***** Evaluation ***** >>>> Class [1 Myocardium] Dice: 85.91
[2024-05-10 02:00:54,062][    INFO] ***** Evaluation ***** >>>> Class [2 Left Ventricle] Dice: 92.81
[2024-05-10 02:00:54,062][    INFO] ***** Evaluation ***** >>>> MeanDice: 88.02

[2024-05-10 02:00:54,176][    INFO] ===========> Epoch: 10, LR: 0.00834, Previous best: 88.02
[2024-05-10 02:00:55,017][    INFO] Iters: 0, Total loss: 0.039, Loss x: 0.050, Loss s: 0.048, Loss w_fp: 0.009, Mask ratio: 0.985
[2024-05-10 02:01:45,704][    INFO] ***** Evaluation ***** >>>> Class [0 Right Ventricle] Dice: 84.64
[2024-05-10 02:01:45,704][    INFO] ***** Evaluation ***** >>>> Class [1 Myocardium] Dice: 86.29
[2024-05-10 02:01:45,704][    INFO] ***** Evaluation ***** >>>> Class [2 Left Ventricle] Dice: 92.79
[2024-05-10 02:01:45,704][    INFO] ***** Evaluation ***** >>>> MeanDice: 87.90

[2024-05-10 02:01:45,776][    INFO] ===========> Epoch: 11, LR: 0.00816, Previous best: 88.02
[2024-05-10 02:01:46,598][    INFO] Iters: 0, Total loss: 0.028, Loss x: 0.035, Loss s: 0.036, Loss w_fp: 0.007, Mask ratio: 0.988
[2024-05-10 02:02:34,355][    INFO] ***** Evaluation ***** >>>> Class [0 Right Ventricle] Dice: 86.13
[2024-05-10 02:02:34,355][    INFO] ***** Evaluation ***** >>>> Class [1 Myocardium] Dice: 85.71
[2024-05-10 02:02:34,355][    INFO] ***** Evaluation ***** >>>> Class [2 Left Ventricle] Dice: 92.61
[2024-05-10 02:02:34,355][    INFO] ***** Evaluation ***** >>>> MeanDice: 88.15

[2024-05-10 02:02:34,469][    INFO] ===========> Epoch: 12, LR: 0.00798, Previous best: 88.15
[2024-05-10 02:02:35,304][    INFO] Iters: 0, Total loss: 0.035, Loss x: 0.047, Loss s: 0.042, Loss w_fp: 0.005, Mask ratio: 0.986
[2024-05-10 02:03:27,789][    INFO] ***** Evaluation ***** >>>> Class [0 Right Ventricle] Dice: 86.30
[2024-05-10 02:03:27,790][    INFO] ***** Evaluation ***** >>>> Class [1 Myocardium] Dice: 86.43
[2024-05-10 02:03:27,790][    INFO] ***** Evaluation ***** >>>> Class [2 Left Ventricle] Dice: 93.27
[2024-05-10 02:03:27,790][    INFO] ***** Evaluation ***** >>>> MeanDice: 88.66

[2024-05-10 02:03:27,905][    INFO] ===========> Epoch: 13, LR: 0.00779, Previous best: 88.66
[2024-05-10 02:03:28,741][    INFO] Iters: 0, Total loss: 0.036, Loss x: 0.043, Loss s: 0.054, Loss w_fp: 0.005, Mask ratio: 0.984
[2024-05-10 02:04:19,350][    INFO] ***** Evaluation ***** >>>> Class [0 Right Ventricle] Dice: 86.85
[2024-05-10 02:04:19,350][    INFO] ***** Evaluation ***** >>>> Class [1 Myocardium] Dice: 86.22
[2024-05-10 02:04:19,350][    INFO] ***** Evaluation ***** >>>> Class [2 Left Ventricle] Dice: 92.42
[2024-05-10 02:04:19,350][    INFO] ***** Evaluation ***** >>>> MeanDice: 88.50

[2024-05-10 02:04:19,422][    INFO] ===========> Epoch: 14, LR: 0.00761, Previous best: 88.66
[2024-05-10 02:04:20,301][    INFO] Iters: 0, Total loss: 0.059, Loss x: 0.085, Loss s: 0.057, Loss w_fp: 0.009, Mask ratio: 0.992
[2024-05-10 02:05:10,041][    INFO] ***** Evaluation ***** >>>> Class [0 Right Ventricle] Dice: 86.74
[2024-05-10 02:05:10,041][    INFO] ***** Evaluation ***** >>>> Class [1 Myocardium] Dice: 86.86
[2024-05-10 02:05:10,041][    INFO] ***** Evaluation ***** >>>> Class [2 Left Ventricle] Dice: 92.82
[2024-05-10 02:05:10,041][    INFO] ***** Evaluation ***** >>>> MeanDice: 88.81

[2024-05-10 02:05:10,134][    INFO] ===========> Epoch: 15, LR: 0.00742, Previous best: 88.81
[2024-05-10 02:05:11,005][    INFO] Iters: 0, Total loss: 0.030, Loss x: 0.044, Loss s: 0.028, Loss w_fp: 0.005, Mask ratio: 0.987
[2024-05-10 02:06:02,849][    INFO] ***** Evaluation ***** >>>> Class [0 Right Ventricle] Dice: 86.96
[2024-05-10 02:06:02,850][    INFO] ***** Evaluation ***** >>>> Class [1 Myocardium] Dice: 86.30
[2024-05-10 02:06:02,850][    INFO] ***** Evaluation ***** >>>> Class [2 Left Ventricle] Dice: 92.67
[2024-05-10 02:06:02,850][    INFO] ***** Evaluation ***** >>>> MeanDice: 88.64

[2024-05-10 02:06:02,897][    INFO] ===========> Epoch: 16, LR: 0.00723, Previous best: 88.81
[2024-05-10 02:06:03,765][    INFO] Iters: 0, Total loss: 0.023, Loss x: 0.031, Loss s: 0.025, Loss w_fp: 0.003, Mask ratio: 0.989
[2024-05-10 02:06:55,849][    INFO] ***** Evaluation ***** >>>> Class [0 Right Ventricle] Dice: 86.09
[2024-05-10 02:06:55,849][    INFO] ***** Evaluation ***** >>>> Class [1 Myocardium] Dice: 85.20
[2024-05-10 02:06:55,849][    INFO] ***** Evaluation ***** >>>> Class [2 Left Ventricle] Dice: 91.64
[2024-05-10 02:06:55,849][    INFO] ***** Evaluation ***** >>>> MeanDice: 87.64

[2024-05-10 02:06:55,919][    INFO] ===========> Epoch: 17, LR: 0.00705, Previous best: 88.81
[2024-05-10 02:06:56,775][    INFO] Iters: 0, Total loss: 0.041, Loss x: 0.061, Loss s: 0.035, Loss w_fp: 0.009, Mask ratio: 0.991
[2024-05-10 02:07:46,435][    INFO] ***** Evaluation ***** >>>> Class [0 Right Ventricle] Dice: 87.57
[2024-05-10 02:07:46,436][    INFO] ***** Evaluation ***** >>>> Class [1 Myocardium] Dice: 86.56
[2024-05-10 02:07:46,436][    INFO] ***** Evaluation ***** >>>> Class [2 Left Ventricle] Dice: 93.20
[2024-05-10 02:07:46,436][    INFO] ***** Evaluation ***** >>>> MeanDice: 89.11

[2024-05-10 02:07:46,528][    INFO] ===========> Epoch: 18, LR: 0.00686, Previous best: 89.11
[2024-05-10 02:07:47,351][    INFO] Iters: 0, Total loss: 0.041, Loss x: 0.040, Loss s: 0.079, Loss w_fp: 0.007, Mask ratio: 0.988
[2024-05-10 02:08:34,907][    INFO] ***** Evaluation ***** >>>> Class [0 Right Ventricle] Dice: 88.16
[2024-05-10 02:08:34,908][    INFO] ***** Evaluation ***** >>>> Class [1 Myocardium] Dice: 88.44
[2024-05-10 02:08:34,908][    INFO] ***** Evaluation ***** >>>> Class [2 Left Ventricle] Dice: 93.61
[2024-05-10 02:08:34,908][    INFO] ***** Evaluation ***** >>>> MeanDice: 90.07

[2024-05-10 02:08:35,026][    INFO] ===========> Epoch: 19, LR: 0.00667, Previous best: 90.07
[2024-05-10 02:08:35,848][    INFO] Iters: 0, Total loss: 0.027, Loss x: 0.042, Loss s: 0.016, Loss w_fp: 0.009, Mask ratio: 0.988
[2024-05-10 02:09:25,594][    INFO] ***** Evaluation ***** >>>> Class [0 Right Ventricle] Dice: 88.51
[2024-05-10 02:09:25,594][    INFO] ***** Evaluation ***** >>>> Class [1 Myocardium] Dice: 86.78
[2024-05-10 02:09:25,594][    INFO] ***** Evaluation ***** >>>> Class [2 Left Ventricle] Dice: 92.68
[2024-05-10 02:09:25,594][    INFO] ***** Evaluation ***** >>>> MeanDice: 89.32

[2024-05-10 02:09:25,666][    INFO] ===========> Epoch: 20, LR: 0.00648, Previous best: 90.07
[2024-05-10 02:09:26,534][    INFO] Iters: 0, Total loss: 0.027, Loss x: 0.042, Loss s: 0.017, Loss w_fp: 0.007, Mask ratio: 0.988
[2024-05-10 02:10:15,962][    INFO] ***** Evaluation ***** >>>> Class [0 Right Ventricle] Dice: 88.73
[2024-05-10 02:10:15,962][    INFO] ***** Evaluation ***** >>>> Class [1 Myocardium] Dice: 88.36
[2024-05-10 02:10:15,962][    INFO] ***** Evaluation ***** >>>> Class [2 Left Ventricle] Dice: 94.27
[2024-05-10 02:10:15,962][    INFO] ***** Evaluation ***** >>>> MeanDice: 90.45

[2024-05-10 02:10:16,077][    INFO] ===========> Epoch: 21, LR: 0.00629, Previous best: 90.45
[2024-05-10 02:10:16,943][    INFO] Iters: 0, Total loss: 0.027, Loss x: 0.027, Loss s: 0.047, Loss w_fp: 0.008, Mask ratio: 0.991
[2024-05-10 02:11:05,534][    INFO] ***** Evaluation ***** >>>> Class [0 Right Ventricle] Dice: 88.56
[2024-05-10 02:11:05,534][    INFO] ***** Evaluation ***** >>>> Class [1 Myocardium] Dice: 88.63
[2024-05-10 02:11:05,534][    INFO] ***** Evaluation ***** >>>> Class [2 Left Ventricle] Dice: 94.27
[2024-05-10 02:11:05,534][    INFO] ***** Evaluation ***** >>>> MeanDice: 90.49

[2024-05-10 02:11:05,622][    INFO] ===========> Epoch: 22, LR: 0.00610, Previous best: 90.49
[2024-05-10 02:11:06,473][    INFO] Iters: 0, Total loss: 0.042, Loss x: 0.035, Loss s: 0.092, Loss w_fp: 0.005, Mask ratio: 0.990
[2024-05-10 02:11:53,791][    INFO] ***** Evaluation ***** >>>> Class [0 Right Ventricle] Dice: 87.99
[2024-05-10 02:11:53,792][    INFO] ***** Evaluation ***** >>>> Class [1 Myocardium] Dice: 88.07
[2024-05-10 02:11:53,792][    INFO] ***** Evaluation ***** >>>> Class [2 Left Ventricle] Dice: 93.85
[2024-05-10 02:11:53,792][    INFO] ***** Evaluation ***** >>>> MeanDice: 89.97

[2024-05-10 02:11:53,864][    INFO] ===========> Epoch: 23, LR: 0.00591, Previous best: 90.49
[2024-05-10 02:11:54,707][    INFO] Iters: 0, Total loss: 0.018, Loss x: 0.021, Loss s: 0.027, Loss w_fp: 0.003, Mask ratio: 0.988
[2024-05-10 02:12:48,360][    INFO] ***** Evaluation ***** >>>> Class [0 Right Ventricle] Dice: 88.33
[2024-05-10 02:12:48,360][    INFO] ***** Evaluation ***** >>>> Class [1 Myocardium] Dice: 87.82
[2024-05-10 02:12:48,360][    INFO] ***** Evaluation ***** >>>> Class [2 Left Ventricle] Dice: 93.89
[2024-05-10 02:12:48,360][    INFO] ***** Evaluation ***** >>>> MeanDice: 90.02

[2024-05-10 02:12:48,433][    INFO] ===========> Epoch: 24, LR: 0.00572, Previous best: 90.49
[2024-05-10 02:12:49,276][    INFO] Iters: 0, Total loss: 0.031, Loss x: 0.037, Loss s: 0.044, Loss w_fp: 0.004, Mask ratio: 0.988
[2024-05-10 02:13:42,379][    INFO] ***** Evaluation ***** >>>> Class [0 Right Ventricle] Dice: 89.17
[2024-05-10 02:13:42,379][    INFO] ***** Evaluation ***** >>>> Class [1 Myocardium] Dice: 88.52
[2024-05-10 02:13:42,379][    INFO] ***** Evaluation ***** >>>> Class [2 Left Ventricle] Dice: 93.22
[2024-05-10 02:13:42,379][    INFO] ***** Evaluation ***** >>>> MeanDice: 90.30

[2024-05-10 02:13:42,450][    INFO] ===========> Epoch: 25, LR: 0.00553, Previous best: 90.49
[2024-05-10 02:13:43,287][    INFO] Iters: 0, Total loss: 0.032, Loss x: 0.044, Loss s: 0.033, Loss w_fp: 0.007, Mask ratio: 0.992
[2024-05-10 02:14:35,770][    INFO] ***** Evaluation ***** >>>> Class [0 Right Ventricle] Dice: 89.23
[2024-05-10 02:14:35,770][    INFO] ***** Evaluation ***** >>>> Class [1 Myocardium] Dice: 88.81
[2024-05-10 02:14:35,770][    INFO] ***** Evaluation ***** >>>> Class [2 Left Ventricle] Dice: 94.14
[2024-05-10 02:14:35,770][    INFO] ***** Evaluation ***** >>>> MeanDice: 90.73

[2024-05-10 02:14:35,903][    INFO] ===========> Epoch: 26, LR: 0.00534, Previous best: 90.73
[2024-05-10 02:14:36,758][    INFO] Iters: 0, Total loss: 0.022, Loss x: 0.026, Loss s: 0.030, Loss w_fp: 0.007, Mask ratio: 0.991
[2024-05-10 02:15:31,186][    INFO] ***** Evaluation ***** >>>> Class [0 Right Ventricle] Dice: 89.02
[2024-05-10 02:15:31,186][    INFO] ***** Evaluation ***** >>>> Class [1 Myocardium] Dice: 88.37
[2024-05-10 02:15:31,186][    INFO] ***** Evaluation ***** >>>> Class [2 Left Ventricle] Dice: 93.37
[2024-05-10 02:15:31,186][    INFO] ***** Evaluation ***** >>>> MeanDice: 90.25

[2024-05-10 02:15:31,234][    INFO] ===========> Epoch: 27, LR: 0.00514, Previous best: 90.73
[2024-05-10 02:15:32,093][    INFO] Iters: 0, Total loss: 0.027, Loss x: 0.039, Loss s: 0.026, Loss w_fp: 0.003, Mask ratio: 0.988
[2024-05-10 02:16:20,344][    INFO] ***** Evaluation ***** >>>> Class [0 Right Ventricle] Dice: 88.84
[2024-05-10 02:16:20,344][    INFO] ***** Evaluation ***** >>>> Class [1 Myocardium] Dice: 88.98
[2024-05-10 02:16:20,345][    INFO] ***** Evaluation ***** >>>> Class [2 Left Ventricle] Dice: 94.32
[2024-05-10 02:16:20,345][    INFO] ***** Evaluation ***** >>>> MeanDice: 90.71

[2024-05-10 02:16:20,420][    INFO] ===========> Epoch: 28, LR: 0.00495, Previous best: 90.73
[2024-05-10 02:16:21,266][    INFO] Iters: 0, Total loss: 0.026, Loss x: 0.025, Loss s: 0.044, Loss w_fp: 0.009, Mask ratio: 0.990
[2024-05-10 02:17:08,466][    INFO] ***** Evaluation ***** >>>> Class [0 Right Ventricle] Dice: 89.21
[2024-05-10 02:17:08,466][    INFO] ***** Evaluation ***** >>>> Class [1 Myocardium] Dice: 89.04
[2024-05-10 02:17:08,466][    INFO] ***** Evaluation ***** >>>> Class [2 Left Ventricle] Dice: 95.00
[2024-05-10 02:17:08,466][    INFO] ***** Evaluation ***** >>>> MeanDice: 91.09

[2024-05-10 02:17:08,555][    INFO] ===========> Epoch: 29, LR: 0.00476, Previous best: 91.09
[2024-05-10 02:17:09,392][    INFO] Iters: 0, Total loss: 0.036, Loss x: 0.028, Loss s: 0.078, Loss w_fp: 0.008, Mask ratio: 0.986
[2024-05-10 02:17:58,526][    INFO] ***** Evaluation ***** >>>> Class [0 Right Ventricle] Dice: 87.63
[2024-05-10 02:17:58,526][    INFO] ***** Evaluation ***** >>>> Class [1 Myocardium] Dice: 88.51
[2024-05-10 02:17:58,526][    INFO] ***** Evaluation ***** >>>> Class [2 Left Ventricle] Dice: 94.87
[2024-05-10 02:17:58,526][    INFO] ***** Evaluation ***** >>>> MeanDice: 90.34

[2024-05-10 02:17:58,597][    INFO] ===========> Epoch: 30, LR: 0.00456, Previous best: 91.09
[2024-05-10 02:17:59,417][    INFO] Iters: 0, Total loss: 0.019, Loss x: 0.023, Loss s: 0.030, Loss w_fp: 0.002, Mask ratio: 0.988
[2024-05-10 02:18:47,412][    INFO] ***** Evaluation ***** >>>> Class [0 Right Ventricle] Dice: 89.40
[2024-05-10 02:18:47,413][    INFO] ***** Evaluation ***** >>>> Class [1 Myocardium] Dice: 88.89
[2024-05-10 02:18:47,413][    INFO] ***** Evaluation ***** >>>> Class [2 Left Ventricle] Dice: 94.64
[2024-05-10 02:18:47,413][    INFO] ***** Evaluation ***** >>>> MeanDice: 90.98

[2024-05-10 02:18:47,461][    INFO] ===========> Epoch: 31, LR: 0.00436, Previous best: 91.09
[2024-05-10 02:18:48,305][    INFO] Iters: 0, Total loss: 0.026, Loss x: 0.031, Loss s: 0.041, Loss w_fp: 0.003, Mask ratio: 0.992
[2024-05-10 02:19:37,281][    INFO] ***** Evaluation ***** >>>> Class [0 Right Ventricle] Dice: 89.44
[2024-05-10 02:19:37,281][    INFO] ***** Evaluation ***** >>>> Class [1 Myocardium] Dice: 89.49
[2024-05-10 02:19:37,281][    INFO] ***** Evaluation ***** >>>> Class [2 Left Ventricle] Dice: 95.15
[2024-05-10 02:19:37,281][    INFO] ***** Evaluation ***** >>>> MeanDice: 91.36

[2024-05-10 02:19:37,374][    INFO] ===========> Epoch: 32, LR: 0.00416, Previous best: 91.36
[2024-05-10 02:19:38,214][    INFO] Iters: 0, Total loss: 0.033, Loss x: 0.041, Loss s: 0.045, Loss w_fp: 0.004, Mask ratio: 0.991
[2024-05-10 02:20:35,012][    INFO] ***** Evaluation ***** >>>> Class [0 Right Ventricle] Dice: 89.50
[2024-05-10 02:20:35,012][    INFO] ***** Evaluation ***** >>>> Class [1 Myocardium] Dice: 88.89
[2024-05-10 02:20:35,012][    INFO] ***** Evaluation ***** >>>> Class [2 Left Ventricle] Dice: 94.78
[2024-05-10 02:20:35,012][    INFO] ***** Evaluation ***** >>>> MeanDice: 91.06

[2024-05-10 02:20:35,060][    INFO] ===========> Epoch: 33, LR: 0.00397, Previous best: 91.36
[2024-05-10 02:20:35,918][    INFO] Iters: 0, Total loss: 0.028, Loss x: 0.038, Loss s: 0.032, Loss w_fp: 0.002, Mask ratio: 0.989
[2024-05-10 02:21:27,396][    INFO] ***** Evaluation ***** >>>> Class [0 Right Ventricle] Dice: 89.42
[2024-05-10 02:21:27,396][    INFO] ***** Evaluation ***** >>>> Class [1 Myocardium] Dice: 88.57
[2024-05-10 02:21:27,396][    INFO] ***** Evaluation ***** >>>> Class [2 Left Ventricle] Dice: 93.99
[2024-05-10 02:21:27,397][    INFO] ***** Evaluation ***** >>>> MeanDice: 90.66

[2024-05-10 02:21:27,471][    INFO] ===========> Epoch: 34, LR: 0.00377, Previous best: 91.36
[2024-05-10 02:21:28,354][    INFO] Iters: 0, Total loss: 0.024, Loss x: 0.030, Loss s: 0.028, Loss w_fp: 0.008, Mask ratio: 0.989
[2024-05-10 02:22:17,943][    INFO] ***** Evaluation ***** >>>> Class [0 Right Ventricle] Dice: 89.97
[2024-05-10 02:22:17,944][    INFO] ***** Evaluation ***** >>>> Class [1 Myocardium] Dice: 89.81
[2024-05-10 02:22:17,944][    INFO] ***** Evaluation ***** >>>> Class [2 Left Ventricle] Dice: 95.13
[2024-05-10 02:22:17,944][    INFO] ***** Evaluation ***** >>>> MeanDice: 91.64

[2024-05-10 02:22:18,035][    INFO] ===========> Epoch: 35, LR: 0.00356, Previous best: 91.64
[2024-05-10 02:22:18,894][    INFO] Iters: 0, Total loss: 0.035, Loss x: 0.039, Loss s: 0.053, Loss w_fp: 0.008, Mask ratio: 0.990
[2024-05-10 02:23:09,154][    INFO] ***** Evaluation ***** >>>> Class [0 Right Ventricle] Dice: 89.78
[2024-05-10 02:23:09,154][    INFO] ***** Evaluation ***** >>>> Class [1 Myocardium] Dice: 89.23
[2024-05-10 02:23:09,154][    INFO] ***** Evaluation ***** >>>> Class [2 Left Ventricle] Dice: 94.90
[2024-05-10 02:23:09,154][    INFO] ***** Evaluation ***** >>>> MeanDice: 91.30

[2024-05-10 02:23:09,199][    INFO] ===========> Epoch: 36, LR: 0.00336, Previous best: 91.64
[2024-05-10 02:23:10,066][    INFO] Iters: 0, Total loss: 0.021, Loss x: 0.031, Loss s: 0.017, Loss w_fp: 0.003, Mask ratio: 0.990
[2024-05-10 02:23:57,905][    INFO] ***** Evaluation ***** >>>> Class [0 Right Ventricle] Dice: 89.98
[2024-05-10 02:23:57,905][    INFO] ***** Evaluation ***** >>>> Class [1 Myocardium] Dice: 89.27
[2024-05-10 02:23:57,905][    INFO] ***** Evaluation ***** >>>> Class [2 Left Ventricle] Dice: 94.55
[2024-05-10 02:23:57,905][    INFO] ***** Evaluation ***** >>>> MeanDice: 91.27

[2024-05-10 02:23:57,978][    INFO] ===========> Epoch: 37, LR: 0.00316, Previous best: 91.64
[2024-05-10 02:23:58,797][    INFO] Iters: 0, Total loss: 0.036, Loss x: 0.049, Loss s: 0.045, Loss w_fp: 0.002, Mask ratio: 0.991
[2024-05-10 02:24:47,331][    INFO] ***** Evaluation ***** >>>> Class [0 Right Ventricle] Dice: 89.38
[2024-05-10 02:24:47,332][    INFO] ***** Evaluation ***** >>>> Class [1 Myocardium] Dice: 89.66
[2024-05-10 02:24:47,332][    INFO] ***** Evaluation ***** >>>> Class [2 Left Ventricle] Dice: 95.15
[2024-05-10 02:24:47,332][    INFO] ***** Evaluation ***** >>>> MeanDice: 91.40

[2024-05-10 02:24:47,405][    INFO] ===========> Epoch: 38, LR: 0.00295, Previous best: 91.64
[2024-05-10 02:24:48,258][    INFO] Iters: 0, Total loss: 0.023, Loss x: 0.028, Loss s: 0.032, Loss w_fp: 0.003, Mask ratio: 0.989
[2024-05-10 02:25:37,827][    INFO] ***** Evaluation ***** >>>> Class [0 Right Ventricle] Dice: 89.95
[2024-05-10 02:25:37,828][    INFO] ***** Evaluation ***** >>>> Class [1 Myocardium] Dice: 89.70
[2024-05-10 02:25:37,828][    INFO] ***** Evaluation ***** >>>> Class [2 Left Ventricle] Dice: 94.77
[2024-05-10 02:25:37,828][    INFO] ***** Evaluation ***** >>>> MeanDice: 91.48

[2024-05-10 02:25:37,902][    INFO] ===========> Epoch: 39, LR: 0.00275, Previous best: 91.64
[2024-05-10 02:25:38,731][    INFO] Iters: 0, Total loss: 0.015, Loss x: 0.021, Loss s: 0.015, Loss w_fp: 0.004, Mask ratio: 0.992
[2024-05-10 02:26:28,428][    INFO] ***** Evaluation ***** >>>> Class [0 Right Ventricle] Dice: 89.97
[2024-05-10 02:26:28,428][    INFO] ***** Evaluation ***** >>>> Class [1 Myocardium] Dice: 89.07
[2024-05-10 02:26:28,428][    INFO] ***** Evaluation ***** >>>> Class [2 Left Ventricle] Dice: 94.67
[2024-05-10 02:26:28,428][    INFO] ***** Evaluation ***** >>>> MeanDice: 91.24

[2024-05-10 02:26:28,501][    INFO] ===========> Epoch: 40, LR: 0.00254, Previous best: 91.64
[2024-05-10 02:26:29,347][    INFO] Iters: 0, Total loss: 0.028, Loss x: 0.043, Loss s: 0.023, Loss w_fp: 0.004, Mask ratio: 0.989
[2024-05-10 02:27:19,739][    INFO] ***** Evaluation ***** >>>> Class [0 Right Ventricle] Dice: 89.66
[2024-05-10 02:27:19,739][    INFO] ***** Evaluation ***** >>>> Class [1 Myocardium] Dice: 89.43
[2024-05-10 02:27:19,739][    INFO] ***** Evaluation ***** >>>> Class [2 Left Ventricle] Dice: 94.55
[2024-05-10 02:27:19,739][    INFO] ***** Evaluation ***** >>>> MeanDice: 91.21

[2024-05-10 02:27:19,785][    INFO] ===========> Epoch: 41, LR: 0.00233, Previous best: 91.64
[2024-05-10 02:27:20,612][    INFO] Iters: 0, Total loss: 0.018, Loss x: 0.025, Loss s: 0.019, Loss w_fp: 0.003, Mask ratio: 0.993
[2024-05-10 02:28:10,862][    INFO] ***** Evaluation ***** >>>> Class [0 Right Ventricle] Dice: 89.75
[2024-05-10 02:28:10,862][    INFO] ***** Evaluation ***** >>>> Class [1 Myocardium] Dice: 89.64
[2024-05-10 02:28:10,862][    INFO] ***** Evaluation ***** >>>> Class [2 Left Ventricle] Dice: 94.96
[2024-05-10 02:28:10,863][    INFO] ***** Evaluation ***** >>>> MeanDice: 91.45

[2024-05-10 02:28:10,936][    INFO] ===========> Epoch: 42, LR: 0.00211, Previous best: 91.64
[2024-05-10 02:28:11,777][    INFO] Iters: 0, Total loss: 0.036, Loss x: 0.044, Loss s: 0.051, Loss w_fp: 0.006, Mask ratio: 0.992
[2024-05-10 02:29:01,602][    INFO] ***** Evaluation ***** >>>> Class [0 Right Ventricle] Dice: 90.52
[2024-05-10 02:29:01,602][    INFO] ***** Evaluation ***** >>>> Class [1 Myocardium] Dice: 90.07
[2024-05-10 02:29:01,602][    INFO] ***** Evaluation ***** >>>> Class [2 Left Ventricle] Dice: 94.96
[2024-05-10 02:29:01,603][    INFO] ***** Evaluation ***** >>>> MeanDice: 91.85

[2024-05-10 02:29:01,739][    INFO] ===========> Epoch: 43, LR: 0.00190, Previous best: 91.85
[2024-05-10 02:29:02,606][    INFO] Iters: 0, Total loss: 0.028, Loss x: 0.038, Loss s: 0.032, Loss w_fp: 0.005, Mask ratio: 0.989
[2024-05-10 02:29:51,477][    INFO] ***** Evaluation ***** >>>> Class [0 Right Ventricle] Dice: 90.26
[2024-05-10 02:29:51,477][    INFO] ***** Evaluation ***** >>>> Class [1 Myocardium] Dice: 90.03
[2024-05-10 02:29:51,477][    INFO] ***** Evaluation ***** >>>> Class [2 Left Ventricle] Dice: 94.87
[2024-05-10 02:29:51,477][    INFO] ***** Evaluation ***** >>>> MeanDice: 91.72

[2024-05-10 02:29:51,550][    INFO] ===========> Epoch: 44, LR: 0.00168, Previous best: 91.85
[2024-05-10 02:29:52,425][    INFO] Iters: 0, Total loss: 0.028, Loss x: 0.037, Loss s: 0.036, Loss w_fp: 0.002, Mask ratio: 0.990
[2024-05-10 02:30:40,251][    INFO] ***** Evaluation ***** >>>> Class [0 Right Ventricle] Dice: 90.06
[2024-05-10 02:30:40,251][    INFO] ***** Evaluation ***** >>>> Class [1 Myocardium] Dice: 89.85
[2024-05-10 02:30:40,251][    INFO] ***** Evaluation ***** >>>> Class [2 Left Ventricle] Dice: 94.77
[2024-05-10 02:30:40,251][    INFO] ***** Evaluation ***** >>>> MeanDice: 91.56

[2024-05-10 02:30:40,319][    INFO] ===========> Epoch: 45, LR: 0.00146, Previous best: 91.85
[2024-05-10 02:30:41,152][    INFO] Iters: 0, Total loss: 0.025, Loss x: 0.024, Loss s: 0.043, Loss w_fp: 0.008, Mask ratio: 0.985
[2024-05-10 02:31:33,465][    INFO] ***** Evaluation ***** >>>> Class [0 Right Ventricle] Dice: 90.21
[2024-05-10 02:31:33,465][    INFO] ***** Evaluation ***** >>>> Class [1 Myocardium] Dice: 89.86
[2024-05-10 02:31:33,465][    INFO] ***** Evaluation ***** >>>> Class [2 Left Ventricle] Dice: 95.12
[2024-05-10 02:31:33,465][    INFO] ***** Evaluation ***** >>>> MeanDice: 91.73

[2024-05-10 02:31:33,538][    INFO] ===========> Epoch: 46, LR: 0.00123, Previous best: 91.85
[2024-05-10 02:31:34,370][    INFO] Iters: 0, Total loss: 0.022, Loss x: 0.022, Loss s: 0.039, Loss w_fp: 0.005, Mask ratio: 0.992
[2024-05-10 02:32:23,690][    INFO] ***** Evaluation ***** >>>> Class [0 Right Ventricle] Dice: 90.43
[2024-05-10 02:32:23,690][    INFO] ***** Evaluation ***** >>>> Class [1 Myocardium] Dice: 89.94
[2024-05-10 02:32:23,690][    INFO] ***** Evaluation ***** >>>> Class [2 Left Ventricle] Dice: 94.82
[2024-05-10 02:32:23,690][    INFO] ***** Evaluation ***** >>>> MeanDice: 91.73

[2024-05-10 02:32:23,764][    INFO] ===========> Epoch: 47, LR: 0.00100, Previous best: 91.85
[2024-05-10 02:32:24,625][    INFO] Iters: 0, Total loss: 0.023, Loss x: 0.029, Loss s: 0.030, Loss w_fp: 0.005, Mask ratio: 0.988
[2024-05-10 02:33:15,375][    INFO] ***** Evaluation ***** >>>> Class [0 Right Ventricle] Dice: 89.99
[2024-05-10 02:33:15,375][    INFO] ***** Evaluation ***** >>>> Class [1 Myocardium] Dice: 89.97
[2024-05-10 02:33:15,375][    INFO] ***** Evaluation ***** >>>> Class [2 Left Ventricle] Dice: 95.29
[2024-05-10 02:33:15,375][    INFO] ***** Evaluation ***** >>>> MeanDice: 91.75

[2024-05-10 02:33:15,443][    INFO] ===========> Epoch: 48, LR: 0.00077, Previous best: 91.85
[2024-05-10 02:33:16,290][    INFO] Iters: 0, Total loss: 0.030, Loss x: 0.028, Loss s: 0.061, Loss w_fp: 0.003, Mask ratio: 0.991
[2024-05-10 02:34:06,019][    INFO] ***** Evaluation ***** >>>> Class [0 Right Ventricle] Dice: 90.30
[2024-05-10 02:34:06,019][    INFO] ***** Evaluation ***** >>>> Class [1 Myocardium] Dice: 90.04
[2024-05-10 02:34:06,019][    INFO] ***** Evaluation ***** >>>> Class [2 Left Ventricle] Dice: 95.03
[2024-05-10 02:34:06,019][    INFO] ***** Evaluation ***** >>>> MeanDice: 91.79

[2024-05-10 02:34:06,092][    INFO] ===========> Epoch: 49, LR: 0.00052, Previous best: 91.85
[2024-05-10 02:34:06,965][    INFO] Iters: 0, Total loss: 0.030, Loss x: 0.032, Loss s: 0.055, Loss w_fp: 0.002, Mask ratio: 0.991
[2024-05-10 02:34:54,370][    INFO] ***** Evaluation ***** >>>> Class [0 Right Ventricle] Dice: 90.19
[2024-05-10 02:34:54,370][    INFO] ***** Evaluation ***** >>>> Class [1 Myocardium] Dice: 90.02
[2024-05-10 02:34:54,370][    INFO] ***** Evaluation ***** >>>> Class [2 Left Ventricle] Dice: 95.01
[2024-05-10 02:34:54,370][    INFO] ***** Evaluation ***** >>>> MeanDice: 91.74

