/var/lib/slurm/slurmd/job04889/slurm_script: line 15: module: command not found
[2024-05-09 23:02:13,663][    INFO] {'batch_size': 12,
 'conf_thresh': 0.95,
 'config': 'configs/ukbb/train/exp3/seed57/config.yaml',
 'crop_size': 256,
 'ctrl': 'age ethnicity',
 'data_desc': 'UKBB Train Data - 264 Patients, 26 Labeled, Rest Unlabeled '
              'Patients',
 'data_root': '/vol/aimspace/projects/ukbb/data/cardiac/cardiac_segmentations/subjects',
 'dataset': 'ukbb',
 'epochs': 100,
 'local_rank': 0,
 'lr': 0.01,
 'mode': 'train',
 'model_desc': 'Unimatch Unet 26 Training on UKBB',
 'nclass': 4,
 'ngpus': 1,
 'num_workers': 1,
 'seed': 57,
 'split': 26,
 'visualize': False}

[2024-05-09 23:02:13,761][    INFO] Total params: 1.8M

[2024-05-09 23:02:16,031][    INFO] ===========> Epoch: 0, LR: 0.01000, Previous best: 0.00
[2024-05-09 23:02:21,060][    INFO] Iters: 0, Total loss: 0.578, Loss x: 1.156, Loss s: 0.000, Loss w_fp: 0.000, Mask ratio: 0.000
[2024-05-09 23:02:37,605][    INFO] ***** Evaluation ***** >>>> Class [0 Right Ventricle] Dice: 0.00
[2024-05-09 23:02:37,605][    INFO] ***** Evaluation ***** >>>> Class [1 Myocardium] Dice: 0.00
[2024-05-09 23:02:37,605][    INFO] ***** Evaluation ***** >>>> Class [2 Left Ventricle] Dice: 0.00
[2024-05-09 23:02:37,605][    INFO] ***** Evaluation ***** >>>> MeanDice: 0.00

[2024-05-09 23:02:37,722][    INFO] ===========> Epoch: 1, LR: 0.00999, Previous best: 0.00
[2024-05-09 23:02:38,527][    INFO] Iters: 0, Total loss: 0.573, Loss x: 0.395, Loss s: 0.750, Loss w_fp: 0.751, Mask ratio: 0.653
[2024-05-09 23:02:54,261][    INFO] ***** Evaluation ***** >>>> Class [0 Right Ventricle] Dice: 0.00
[2024-05-09 23:02:54,261][    INFO] ***** Evaluation ***** >>>> Class [1 Myocardium] Dice: 0.00
[2024-05-09 23:02:54,261][    INFO] ***** Evaluation ***** >>>> Class [2 Left Ventricle] Dice: 0.00
[2024-05-09 23:02:54,261][    INFO] ***** Evaluation ***** >>>> MeanDice: 0.00

[2024-05-09 23:02:54,336][    INFO] ===========> Epoch: 2, LR: 0.00990, Previous best: 0.00
[2024-05-09 23:02:55,163][    INFO] Iters: 0, Total loss: 0.566, Loss x: 0.380, Loss s: 0.751, Loss w_fp: 0.751, Mask ratio: 0.768
[2024-05-09 23:03:10,394][    INFO] ***** Evaluation ***** >>>> Class [0 Right Ventricle] Dice: 0.00
[2024-05-09 23:03:10,394][    INFO] ***** Evaluation ***** >>>> Class [1 Myocardium] Dice: 0.00
[2024-05-09 23:03:10,395][    INFO] ***** Evaluation ***** >>>> Class [2 Left Ventricle] Dice: 0.00
[2024-05-09 23:03:10,395][    INFO] ***** Evaluation ***** >>>> MeanDice: 0.00

[2024-05-09 23:03:10,468][    INFO] ===========> Epoch: 3, LR: 0.00981, Previous best: 0.00
[2024-05-09 23:03:11,398][    INFO] Iters: 0, Total loss: 0.554, Loss x: 0.356, Loss s: 0.751, Loss w_fp: 0.751, Mask ratio: 0.775
[2024-05-09 23:03:26,641][    INFO] ***** Evaluation ***** >>>> Class [0 Right Ventricle] Dice: 4.85
[2024-05-09 23:03:26,642][    INFO] ***** Evaluation ***** >>>> Class [1 Myocardium] Dice: 0.04
[2024-05-09 23:03:26,642][    INFO] ***** Evaluation ***** >>>> Class [2 Left Ventricle] Dice: 0.00
[2024-05-09 23:03:26,642][    INFO] ***** Evaluation ***** >>>> MeanDice: 1.63

[2024-05-09 23:03:26,758][    INFO] ===========> Epoch: 4, LR: 0.00972, Previous best: 1.63
[2024-05-09 23:03:27,597][    INFO] Iters: 0, Total loss: 0.528, Loss x: 0.303, Loss s: 0.752, Loss w_fp: 0.753, Mask ratio: 0.905
[2024-05-09 23:03:43,135][    INFO] ***** Evaluation ***** >>>> Class [0 Right Ventricle] Dice: 17.62
[2024-05-09 23:03:43,135][    INFO] ***** Evaluation ***** >>>> Class [1 Myocardium] Dice: 36.80
[2024-05-09 23:03:43,135][    INFO] ***** Evaluation ***** >>>> Class [2 Left Ventricle] Dice: 28.94
[2024-05-09 23:03:43,135][    INFO] ***** Evaluation ***** >>>> MeanDice: 27.79

[2024-05-09 23:03:43,249][    INFO] ===========> Epoch: 5, LR: 0.00963, Previous best: 27.79
[2024-05-09 23:03:44,169][    INFO] Iters: 0, Total loss: 0.480, Loss x: 0.205, Loss s: 0.753, Loss w_fp: 0.755, Mask ratio: 0.927
[2024-05-09 23:04:00,668][    INFO] ***** Evaluation ***** >>>> Class [0 Right Ventricle] Dice: 32.95
[2024-05-09 23:04:00,668][    INFO] ***** Evaluation ***** >>>> Class [1 Myocardium] Dice: 41.53
[2024-05-09 23:04:00,668][    INFO] ***** Evaluation ***** >>>> Class [2 Left Ventricle] Dice: 44.55
[2024-05-09 23:04:00,668][    INFO] ***** Evaluation ***** >>>> MeanDice: 39.67

[2024-05-09 23:04:00,758][    INFO] ===========> Epoch: 6, LR: 0.00954, Previous best: 39.67
[2024-05-09 23:04:01,564][    INFO] Iters: 0, Total loss: 0.425, Loss x: 0.256, Loss s: 0.681, Loss w_fp: 0.509, Mask ratio: 0.921
[2024-05-09 23:04:17,628][    INFO] ***** Evaluation ***** >>>> Class [0 Right Ventricle] Dice: 41.74
[2024-05-09 23:04:17,628][    INFO] ***** Evaluation ***** >>>> Class [1 Myocardium] Dice: 53.44
[2024-05-09 23:04:17,628][    INFO] ***** Evaluation ***** >>>> Class [2 Left Ventricle] Dice: 69.29
[2024-05-09 23:04:17,628][    INFO] ***** Evaluation ***** >>>> MeanDice: 54.82

[2024-05-09 23:04:17,747][    INFO] ===========> Epoch: 7, LR: 0.00945, Previous best: 54.82
[2024-05-09 23:04:18,561][    INFO] Iters: 0, Total loss: 0.276, Loss x: 0.193, Loss s: 0.407, Loss w_fp: 0.310, Mask ratio: 0.965
[2024-05-09 23:04:33,534][    INFO] ***** Evaluation ***** >>>> Class [0 Right Ventricle] Dice: 70.73
[2024-05-09 23:04:33,534][    INFO] ***** Evaluation ***** >>>> Class [1 Myocardium] Dice: 61.66
[2024-05-09 23:04:33,534][    INFO] ***** Evaluation ***** >>>> Class [2 Left Ventricle] Dice: 76.87
[2024-05-09 23:04:33,534][    INFO] ***** Evaluation ***** >>>> MeanDice: 69.75

[2024-05-09 23:04:33,650][    INFO] ===========> Epoch: 8, LR: 0.00936, Previous best: 69.75
[2024-05-09 23:04:34,602][    INFO] Iters: 0, Total loss: 0.103, Loss x: 0.142, Loss s: 0.096, Loss w_fp: 0.033, Mask ratio: 0.968
[2024-05-09 23:04:50,242][    INFO] ***** Evaluation ***** >>>> Class [0 Right Ventricle] Dice: 73.59
[2024-05-09 23:04:50,242][    INFO] ***** Evaluation ***** >>>> Class [1 Myocardium] Dice: 71.89
[2024-05-09 23:04:50,242][    INFO] ***** Evaluation ***** >>>> Class [2 Left Ventricle] Dice: 84.83
[2024-05-09 23:04:50,242][    INFO] ***** Evaluation ***** >>>> MeanDice: 76.77

[2024-05-09 23:04:50,356][    INFO] ===========> Epoch: 9, LR: 0.00927, Previous best: 76.77
[2024-05-09 23:04:51,167][    INFO] Iters: 0, Total loss: 0.080, Loss x: 0.097, Loss s: 0.106, Loss w_fp: 0.019, Mask ratio: 0.971
[2024-05-09 23:05:07,341][    INFO] ***** Evaluation ***** >>>> Class [0 Right Ventricle] Dice: 70.60
[2024-05-09 23:05:07,341][    INFO] ***** Evaluation ***** >>>> Class [1 Myocardium] Dice: 71.34
[2024-05-09 23:05:07,341][    INFO] ***** Evaluation ***** >>>> Class [2 Left Ventricle] Dice: 81.28
[2024-05-09 23:05:07,341][    INFO] ***** Evaluation ***** >>>> MeanDice: 74.41

[2024-05-09 23:05:07,387][    INFO] ===========> Epoch: 10, LR: 0.00918, Previous best: 76.77
[2024-05-09 23:05:08,283][    INFO] Iters: 0, Total loss: 0.091, Loss x: 0.126, Loss s: 0.107, Loss w_fp: 0.006, Mask ratio: 0.984
[2024-05-09 23:05:24,000][    INFO] ***** Evaluation ***** >>>> Class [0 Right Ventricle] Dice: 75.78
[2024-05-09 23:05:24,001][    INFO] ***** Evaluation ***** >>>> Class [1 Myocardium] Dice: 77.87
[2024-05-09 23:05:24,001][    INFO] ***** Evaluation ***** >>>> Class [2 Left Ventricle] Dice: 88.14
[2024-05-09 23:05:24,001][    INFO] ***** Evaluation ***** >>>> MeanDice: 80.60

[2024-05-09 23:05:24,089][    INFO] ===========> Epoch: 11, LR: 0.00909, Previous best: 80.60
[2024-05-09 23:05:24,980][    INFO] Iters: 0, Total loss: 0.052, Loss x: 0.081, Loss s: 0.038, Loss w_fp: 0.010, Mask ratio: 0.973
[2024-05-09 23:05:41,051][    INFO] ***** Evaluation ***** >>>> Class [0 Right Ventricle] Dice: 76.04
[2024-05-09 23:05:41,051][    INFO] ***** Evaluation ***** >>>> Class [1 Myocardium] Dice: 75.77
[2024-05-09 23:05:41,051][    INFO] ***** Evaluation ***** >>>> Class [2 Left Ventricle] Dice: 85.37
[2024-05-09 23:05:41,051][    INFO] ***** Evaluation ***** >>>> MeanDice: 79.06

[2024-05-09 23:05:41,125][    INFO] ===========> Epoch: 12, LR: 0.00899, Previous best: 80.60
[2024-05-09 23:05:42,074][    INFO] Iters: 0, Total loss: 0.054, Loss x: 0.060, Loss s: 0.087, Loss w_fp: 0.009, Mask ratio: 0.980
[2024-05-09 23:05:58,518][    INFO] ***** Evaluation ***** >>>> Class [0 Right Ventricle] Dice: 76.08
[2024-05-09 23:05:58,518][    INFO] ***** Evaluation ***** >>>> Class [1 Myocardium] Dice: 78.09
[2024-05-09 23:05:58,518][    INFO] ***** Evaluation ***** >>>> Class [2 Left Ventricle] Dice: 89.36
[2024-05-09 23:05:58,519][    INFO] ***** Evaluation ***** >>>> MeanDice: 81.17

[2024-05-09 23:05:58,634][    INFO] ===========> Epoch: 13, LR: 0.00890, Previous best: 81.17
[2024-05-09 23:05:59,487][    INFO] Iters: 0, Total loss: 0.043, Loss x: 0.070, Loss s: 0.024, Loss w_fp: 0.007, Mask ratio: 0.984
[2024-05-09 23:06:17,132][    INFO] ***** Evaluation ***** >>>> Class [0 Right Ventricle] Dice: 78.84
[2024-05-09 23:06:17,132][    INFO] ***** Evaluation ***** >>>> Class [1 Myocardium] Dice: 79.47
[2024-05-09 23:06:17,132][    INFO] ***** Evaluation ***** >>>> Class [2 Left Ventricle] Dice: 90.38
[2024-05-09 23:06:17,132][    INFO] ***** Evaluation ***** >>>> MeanDice: 82.90

[2024-05-09 23:06:17,220][    INFO] ===========> Epoch: 14, LR: 0.00881, Previous best: 82.90
[2024-05-09 23:06:18,159][    INFO] Iters: 0, Total loss: 0.057, Loss x: 0.089, Loss s: 0.045, Loss w_fp: 0.007, Mask ratio: 0.986
[2024-05-09 23:06:35,039][    INFO] ***** Evaluation ***** >>>> Class [0 Right Ventricle] Dice: 78.32
[2024-05-09 23:06:35,039][    INFO] ***** Evaluation ***** >>>> Class [1 Myocardium] Dice: 79.26
[2024-05-09 23:06:35,039][    INFO] ***** Evaluation ***** >>>> Class [2 Left Ventricle] Dice: 89.25
[2024-05-09 23:06:35,039][    INFO] ***** Evaluation ***** >>>> MeanDice: 82.28

[2024-05-09 23:06:35,114][    INFO] ===========> Epoch: 15, LR: 0.00872, Previous best: 82.90
[2024-05-09 23:06:35,927][    INFO] Iters: 0, Total loss: 0.052, Loss x: 0.068, Loss s: 0.062, Loss w_fp: 0.007, Mask ratio: 0.979
[2024-05-09 23:06:52,914][    INFO] ***** Evaluation ***** >>>> Class [0 Right Ventricle] Dice: 76.15
[2024-05-09 23:06:52,914][    INFO] ***** Evaluation ***** >>>> Class [1 Myocardium] Dice: 78.03
[2024-05-09 23:06:52,915][    INFO] ***** Evaluation ***** >>>> Class [2 Left Ventricle] Dice: 87.43
[2024-05-09 23:06:52,915][    INFO] ***** Evaluation ***** >>>> MeanDice: 80.54

[2024-05-09 23:06:52,987][    INFO] ===========> Epoch: 16, LR: 0.00863, Previous best: 82.90
[2024-05-09 23:06:53,797][    INFO] Iters: 0, Total loss: 0.043, Loss x: 0.061, Loss s: 0.040, Loss w_fp: 0.010, Mask ratio: 0.986
[2024-05-09 23:07:09,362][    INFO] ***** Evaluation ***** >>>> Class [0 Right Ventricle] Dice: 79.16
[2024-05-09 23:07:09,362][    INFO] ***** Evaluation ***** >>>> Class [1 Myocardium] Dice: 81.47
[2024-05-09 23:07:09,362][    INFO] ***** Evaluation ***** >>>> Class [2 Left Ventricle] Dice: 91.77
[2024-05-09 23:07:09,362][    INFO] ***** Evaluation ***** >>>> MeanDice: 84.13

[2024-05-09 23:07:09,476][    INFO] ===========> Epoch: 17, LR: 0.00854, Previous best: 84.13
[2024-05-09 23:07:10,385][    INFO] Iters: 0, Total loss: 0.061, Loss x: 0.074, Loss s: 0.076, Loss w_fp: 0.022, Mask ratio: 0.983
[2024-05-09 23:07:25,477][    INFO] ***** Evaluation ***** >>>> Class [0 Right Ventricle] Dice: 81.31
[2024-05-09 23:07:25,477][    INFO] ***** Evaluation ***** >>>> Class [1 Myocardium] Dice: 77.68
[2024-05-09 23:07:25,477][    INFO] ***** Evaluation ***** >>>> Class [2 Left Ventricle] Dice: 89.31
[2024-05-09 23:07:25,477][    INFO] ***** Evaluation ***** >>>> MeanDice: 82.77

[2024-05-09 23:07:25,548][    INFO] ===========> Epoch: 18, LR: 0.00845, Previous best: 84.13
[2024-05-09 23:07:26,378][    INFO] Iters: 0, Total loss: 0.063, Loss x: 0.065, Loss s: 0.079, Loss w_fp: 0.042, Mask ratio: 0.980
[2024-05-09 23:07:41,524][    INFO] ***** Evaluation ***** >>>> Class [0 Right Ventricle] Dice: 81.96
[2024-05-09 23:07:41,524][    INFO] ***** Evaluation ***** >>>> Class [1 Myocardium] Dice: 81.87
[2024-05-09 23:07:41,524][    INFO] ***** Evaluation ***** >>>> Class [2 Left Ventricle] Dice: 91.83
[2024-05-09 23:07:41,524][    INFO] ***** Evaluation ***** >>>> MeanDice: 85.22

[2024-05-09 23:07:41,612][    INFO] ===========> Epoch: 19, LR: 0.00835, Previous best: 85.22
[2024-05-09 23:07:42,525][    INFO] Iters: 0, Total loss: 0.047, Loss x: 0.053, Loss s: 0.070, Loss w_fp: 0.014, Mask ratio: 0.982
[2024-05-09 23:07:57,734][    INFO] ***** Evaluation ***** >>>> Class [0 Right Ventricle] Dice: 79.88
[2024-05-09 23:07:57,734][    INFO] ***** Evaluation ***** >>>> Class [1 Myocardium] Dice: 77.64
[2024-05-09 23:07:57,734][    INFO] ***** Evaluation ***** >>>> Class [2 Left Ventricle] Dice: 89.17
[2024-05-09 23:07:57,734][    INFO] ***** Evaluation ***** >>>> MeanDice: 82.23

[2024-05-09 23:07:57,807][    INFO] ===========> Epoch: 20, LR: 0.00826, Previous best: 85.22
[2024-05-09 23:07:58,649][    INFO] Iters: 0, Total loss: 0.087, Loss x: 0.073, Loss s: 0.183, Loss w_fp: 0.020, Mask ratio: 0.985
[2024-05-09 23:08:15,110][    INFO] ***** Evaluation ***** >>>> Class [0 Right Ventricle] Dice: 81.92
[2024-05-09 23:08:15,110][    INFO] ***** Evaluation ***** >>>> Class [1 Myocardium] Dice: 79.72
[2024-05-09 23:08:15,110][    INFO] ***** Evaluation ***** >>>> Class [2 Left Ventricle] Dice: 90.83
[2024-05-09 23:08:15,110][    INFO] ***** Evaluation ***** >>>> MeanDice: 84.16

[2024-05-09 23:08:15,173][    INFO] ===========> Epoch: 21, LR: 0.00817, Previous best: 85.22
[2024-05-09 23:08:15,979][    INFO] Iters: 0, Total loss: 0.047, Loss x: 0.066, Loss s: 0.048, Loss w_fp: 0.007, Mask ratio: 0.983
[2024-05-09 23:08:32,166][    INFO] ***** Evaluation ***** >>>> Class [0 Right Ventricle] Dice: 81.28
[2024-05-09 23:08:32,166][    INFO] ***** Evaluation ***** >>>> Class [1 Myocardium] Dice: 82.13
[2024-05-09 23:08:32,166][    INFO] ***** Evaluation ***** >>>> Class [2 Left Ventricle] Dice: 91.72
[2024-05-09 23:08:32,166][    INFO] ***** Evaluation ***** >>>> MeanDice: 85.04

[2024-05-09 23:08:32,238][    INFO] ===========> Epoch: 22, LR: 0.00808, Previous best: 85.22
[2024-05-09 23:08:33,049][    INFO] Iters: 0, Total loss: 0.039, Loss x: 0.056, Loss s: 0.035, Loss w_fp: 0.009, Mask ratio: 0.987
[2024-05-09 23:08:49,207][    INFO] ***** Evaluation ***** >>>> Class [0 Right Ventricle] Dice: 82.63
[2024-05-09 23:08:49,207][    INFO] ***** Evaluation ***** >>>> Class [1 Myocardium] Dice: 80.20
[2024-05-09 23:08:49,207][    INFO] ***** Evaluation ***** >>>> Class [2 Left Ventricle] Dice: 92.29
[2024-05-09 23:08:49,207][    INFO] ***** Evaluation ***** >>>> MeanDice: 85.04

[2024-05-09 23:08:49,255][    INFO] ===========> Epoch: 23, LR: 0.00799, Previous best: 85.22
[2024-05-09 23:08:50,222][    INFO] Iters: 0, Total loss: 0.034, Loss x: 0.062, Loss s: 0.008, Loss w_fp: 0.004, Mask ratio: 0.986
[2024-05-09 23:09:09,323][    INFO] ***** Evaluation ***** >>>> Class [0 Right Ventricle] Dice: 84.33
[2024-05-09 23:09:09,324][    INFO] ***** Evaluation ***** >>>> Class [1 Myocardium] Dice: 82.25
[2024-05-09 23:09:09,324][    INFO] ***** Evaluation ***** >>>> Class [2 Left Ventricle] Dice: 92.60
[2024-05-09 23:09:09,324][    INFO] ***** Evaluation ***** >>>> MeanDice: 86.39

[2024-05-09 23:09:09,449][    INFO] ===========> Epoch: 24, LR: 0.00789, Previous best: 86.39
[2024-05-09 23:09:10,249][    INFO] Iters: 0, Total loss: 0.055, Loss x: 0.064, Loss s: 0.083, Loss w_fp: 0.008, Mask ratio: 0.988
[2024-05-09 23:09:26,930][    INFO] ***** Evaluation ***** >>>> Class [0 Right Ventricle] Dice: 83.52
[2024-05-09 23:09:26,930][    INFO] ***** Evaluation ***** >>>> Class [1 Myocardium] Dice: 83.64
[2024-05-09 23:09:26,930][    INFO] ***** Evaluation ***** >>>> Class [2 Left Ventricle] Dice: 92.72
[2024-05-09 23:09:26,930][    INFO] ***** Evaluation ***** >>>> MeanDice: 86.63

[2024-05-09 23:09:27,020][    INFO] ===========> Epoch: 25, LR: 0.00780, Previous best: 86.63
[2024-05-09 23:09:27,895][    INFO] Iters: 0, Total loss: 0.058, Loss x: 0.059, Loss s: 0.100, Loss w_fp: 0.012, Mask ratio: 0.978
[2024-05-09 23:09:44,543][    INFO] ***** Evaluation ***** >>>> Class [0 Right Ventricle] Dice: 84.04
[2024-05-09 23:09:44,544][    INFO] ***** Evaluation ***** >>>> Class [1 Myocardium] Dice: 83.26
[2024-05-09 23:09:44,544][    INFO] ***** Evaluation ***** >>>> Class [2 Left Ventricle] Dice: 92.34
[2024-05-09 23:09:44,544][    INFO] ***** Evaluation ***** >>>> MeanDice: 86.54

[2024-05-09 23:09:44,616][    INFO] ===========> Epoch: 26, LR: 0.00771, Previous best: 86.63
[2024-05-09 23:09:45,468][    INFO] Iters: 0, Total loss: 0.050, Loss x: 0.063, Loss s: 0.051, Loss w_fp: 0.024, Mask ratio: 0.986
[2024-05-09 23:10:00,270][    INFO] ***** Evaluation ***** >>>> Class [0 Right Ventricle] Dice: 83.96
[2024-05-09 23:10:00,270][    INFO] ***** Evaluation ***** >>>> Class [1 Myocardium] Dice: 83.15
[2024-05-09 23:10:00,270][    INFO] ***** Evaluation ***** >>>> Class [2 Left Ventricle] Dice: 93.42
[2024-05-09 23:10:00,271][    INFO] ***** Evaluation ***** >>>> MeanDice: 86.84

[2024-05-09 23:10:00,384][    INFO] ===========> Epoch: 27, LR: 0.00762, Previous best: 86.84
[2024-05-09 23:10:01,324][    INFO] Iters: 0, Total loss: 0.044, Loss x: 0.047, Loss s: 0.066, Loss w_fp: 0.018, Mask ratio: 0.985
[2024-05-09 23:10:17,963][    INFO] ***** Evaluation ***** >>>> Class [0 Right Ventricle] Dice: 84.92
[2024-05-09 23:10:17,963][    INFO] ***** Evaluation ***** >>>> Class [1 Myocardium] Dice: 84.29
[2024-05-09 23:10:17,963][    INFO] ***** Evaluation ***** >>>> Class [2 Left Ventricle] Dice: 92.75
[2024-05-09 23:10:17,963][    INFO] ***** Evaluation ***** >>>> MeanDice: 87.32

[2024-05-09 23:10:18,095][    INFO] ===========> Epoch: 28, LR: 0.00752, Previous best: 87.32
[2024-05-09 23:10:18,915][    INFO] Iters: 0, Total loss: 0.038, Loss x: 0.052, Loss s: 0.041, Loss w_fp: 0.007, Mask ratio: 0.990
[2024-05-09 23:10:36,040][    INFO] ***** Evaluation ***** >>>> Class [0 Right Ventricle] Dice: 79.85
[2024-05-09 23:10:36,040][    INFO] ***** Evaluation ***** >>>> Class [1 Myocardium] Dice: 82.44
[2024-05-09 23:10:36,040][    INFO] ***** Evaluation ***** >>>> Class [2 Left Ventricle] Dice: 92.18
[2024-05-09 23:10:36,040][    INFO] ***** Evaluation ***** >>>> MeanDice: 84.82

[2024-05-09 23:10:36,112][    INFO] ===========> Epoch: 29, LR: 0.00743, Previous best: 87.32
[2024-05-09 23:10:36,903][    INFO] Iters: 0, Total loss: 0.040, Loss x: 0.039, Loss s: 0.054, Loss w_fp: 0.030, Mask ratio: 0.986
[2024-05-09 23:10:51,857][    INFO] ***** Evaluation ***** >>>> Class [0 Right Ventricle] Dice: 84.90
[2024-05-09 23:10:51,858][    INFO] ***** Evaluation ***** >>>> Class [1 Myocardium] Dice: 85.21
[2024-05-09 23:10:51,858][    INFO] ***** Evaluation ***** >>>> Class [2 Left Ventricle] Dice: 93.22
[2024-05-09 23:10:51,858][    INFO] ***** Evaluation ***** >>>> MeanDice: 87.78

[2024-05-09 23:10:51,973][    INFO] ===========> Epoch: 30, LR: 0.00734, Previous best: 87.78
[2024-05-09 23:10:52,909][    INFO] Iters: 0, Total loss: 0.031, Loss x: 0.046, Loss s: 0.025, Loss w_fp: 0.006, Mask ratio: 0.988
[2024-05-09 23:11:08,831][    INFO] ***** Evaluation ***** >>>> Class [0 Right Ventricle] Dice: 81.49
[2024-05-09 23:11:08,831][    INFO] ***** Evaluation ***** >>>> Class [1 Myocardium] Dice: 79.74
[2024-05-09 23:11:08,831][    INFO] ***** Evaluation ***** >>>> Class [2 Left Ventricle] Dice: 90.86
[2024-05-09 23:11:08,831][    INFO] ***** Evaluation ***** >>>> MeanDice: 84.03

[2024-05-09 23:11:08,878][    INFO] ===========> Epoch: 31, LR: 0.00724, Previous best: 87.78
[2024-05-09 23:11:09,712][    INFO] Iters: 0, Total loss: 0.043, Loss x: 0.059, Loss s: 0.048, Loss w_fp: 0.004, Mask ratio: 0.984
[2024-05-09 23:11:25,818][    INFO] ***** Evaluation ***** >>>> Class [0 Right Ventricle] Dice: 83.73
[2024-05-09 23:11:25,818][    INFO] ***** Evaluation ***** >>>> Class [1 Myocardium] Dice: 85.24
[2024-05-09 23:11:25,818][    INFO] ***** Evaluation ***** >>>> Class [2 Left Ventricle] Dice: 92.69
[2024-05-09 23:11:25,818][    INFO] ***** Evaluation ***** >>>> MeanDice: 87.22

[2024-05-09 23:11:25,892][    INFO] ===========> Epoch: 32, LR: 0.00715, Previous best: 87.78
[2024-05-09 23:11:26,669][    INFO] Iters: 0, Total loss: 0.042, Loss x: 0.056, Loss s: 0.050, Loss w_fp: 0.006, Mask ratio: 0.992
[2024-05-09 23:11:41,653][    INFO] ***** Evaluation ***** >>>> Class [0 Right Ventricle] Dice: 86.20
[2024-05-09 23:11:41,653][    INFO] ***** Evaluation ***** >>>> Class [1 Myocardium] Dice: 85.92
[2024-05-09 23:11:41,653][    INFO] ***** Evaluation ***** >>>> Class [2 Left Ventricle] Dice: 93.59
[2024-05-09 23:11:41,653][    INFO] ***** Evaluation ***** >>>> MeanDice: 88.57

[2024-05-09 23:11:41,768][    INFO] ===========> Epoch: 33, LR: 0.00706, Previous best: 88.57
[2024-05-09 23:11:42,577][    INFO] Iters: 0, Total loss: 0.022, Loss x: 0.030, Loss s: 0.023, Loss w_fp: 0.006, Mask ratio: 0.986
[2024-05-09 23:11:58,943][    INFO] ***** Evaluation ***** >>>> Class [0 Right Ventricle] Dice: 84.16
[2024-05-09 23:11:58,943][    INFO] ***** Evaluation ***** >>>> Class [1 Myocardium] Dice: 84.62
[2024-05-09 23:11:58,943][    INFO] ***** Evaluation ***** >>>> Class [2 Left Ventricle] Dice: 92.00
[2024-05-09 23:11:58,943][    INFO] ***** Evaluation ***** >>>> MeanDice: 86.93

[2024-05-09 23:11:59,016][    INFO] ===========> Epoch: 34, LR: 0.00696, Previous best: 88.57
[2024-05-09 23:11:59,828][    INFO] Iters: 0, Total loss: 0.039, Loss x: 0.033, Loss s: 0.081, Loss w_fp: 0.010, Mask ratio: 0.982
[2024-05-09 23:12:16,677][    INFO] ***** Evaluation ***** >>>> Class [0 Right Ventricle] Dice: 82.50
[2024-05-09 23:12:16,677][    INFO] ***** Evaluation ***** >>>> Class [1 Myocardium] Dice: 85.17
[2024-05-09 23:12:16,677][    INFO] ***** Evaluation ***** >>>> Class [2 Left Ventricle] Dice: 93.68
[2024-05-09 23:12:16,677][    INFO] ***** Evaluation ***** >>>> MeanDice: 87.12

[2024-05-09 23:12:16,750][    INFO] ===========> Epoch: 35, LR: 0.00687, Previous best: 88.57
[2024-05-09 23:12:17,607][    INFO] Iters: 0, Total loss: 0.038, Loss x: 0.052, Loss s: 0.041, Loss w_fp: 0.008, Mask ratio: 0.986
[2024-05-09 23:12:33,799][    INFO] ***** Evaluation ***** >>>> Class [0 Right Ventricle] Dice: 86.00
[2024-05-09 23:12:33,799][    INFO] ***** Evaluation ***** >>>> Class [1 Myocardium] Dice: 86.14
[2024-05-09 23:12:33,799][    INFO] ***** Evaluation ***** >>>> Class [2 Left Ventricle] Dice: 93.87
[2024-05-09 23:12:33,799][    INFO] ***** Evaluation ***** >>>> MeanDice: 88.67

[2024-05-09 23:12:33,913][    INFO] ===========> Epoch: 36, LR: 0.00678, Previous best: 88.67
[2024-05-09 23:12:34,735][    INFO] Iters: 0, Total loss: 0.035, Loss x: 0.047, Loss s: 0.040, Loss w_fp: 0.006, Mask ratio: 0.985
[2024-05-09 23:12:50,159][    INFO] ***** Evaluation ***** >>>> Class [0 Right Ventricle] Dice: 86.45
[2024-05-09 23:12:50,159][    INFO] ***** Evaluation ***** >>>> Class [1 Myocardium] Dice: 83.25
[2024-05-09 23:12:50,159][    INFO] ***** Evaluation ***** >>>> Class [2 Left Ventricle] Dice: 92.73
[2024-05-09 23:12:50,160][    INFO] ***** Evaluation ***** >>>> MeanDice: 87.48

[2024-05-09 23:12:50,233][    INFO] ===========> Epoch: 37, LR: 0.00668, Previous best: 88.67
[2024-05-09 23:12:51,041][    INFO] Iters: 0, Total loss: 0.026, Loss x: 0.033, Loss s: 0.028, Loss w_fp: 0.008, Mask ratio: 0.994
[2024-05-09 23:13:07,992][    INFO] ***** Evaluation ***** >>>> Class [0 Right Ventricle] Dice: 84.58
[2024-05-09 23:13:07,992][    INFO] ***** Evaluation ***** >>>> Class [1 Myocardium] Dice: 87.02
[2024-05-09 23:13:07,992][    INFO] ***** Evaluation ***** >>>> Class [2 Left Ventricle] Dice: 93.59
[2024-05-09 23:13:07,992][    INFO] ***** Evaluation ***** >>>> MeanDice: 88.40

[2024-05-09 23:13:08,064][    INFO] ===========> Epoch: 38, LR: 0.00659, Previous best: 88.67
[2024-05-09 23:13:08,945][    INFO] Iters: 0, Total loss: 0.033, Loss x: 0.048, Loss s: 0.027, Loss w_fp: 0.007, Mask ratio: 0.986
[2024-05-09 23:13:24,532][    INFO] ***** Evaluation ***** >>>> Class [0 Right Ventricle] Dice: 82.66
[2024-05-09 23:13:24,533][    INFO] ***** Evaluation ***** >>>> Class [1 Myocardium] Dice: 85.20
[2024-05-09 23:13:24,533][    INFO] ***** Evaluation ***** >>>> Class [2 Left Ventricle] Dice: 93.99
[2024-05-09 23:13:24,533][    INFO] ***** Evaluation ***** >>>> MeanDice: 87.28

[2024-05-09 23:13:24,606][    INFO] ===========> Epoch: 39, LR: 0.00649, Previous best: 88.67
[2024-05-09 23:13:25,491][    INFO] Iters: 0, Total loss: 0.033, Loss x: 0.045, Loss s: 0.034, Loss w_fp: 0.007, Mask ratio: 0.987
[2024-05-09 23:13:41,092][    INFO] ***** Evaluation ***** >>>> Class [0 Right Ventricle] Dice: 85.83
[2024-05-09 23:13:41,092][    INFO] ***** Evaluation ***** >>>> Class [1 Myocardium] Dice: 85.27
[2024-05-09 23:13:41,092][    INFO] ***** Evaluation ***** >>>> Class [2 Left Ventricle] Dice: 93.54
[2024-05-09 23:13:41,092][    INFO] ***** Evaluation ***** >>>> MeanDice: 88.21

[2024-05-09 23:13:41,138][    INFO] ===========> Epoch: 40, LR: 0.00640, Previous best: 88.67
[2024-05-09 23:13:41,945][    INFO] Iters: 0, Total loss: 0.040, Loss x: 0.032, Loss s: 0.087, Loss w_fp: 0.009, Mask ratio: 0.993
[2024-05-09 23:13:58,078][    INFO] ***** Evaluation ***** >>>> Class [0 Right Ventricle] Dice: 86.47
[2024-05-09 23:13:58,078][    INFO] ***** Evaluation ***** >>>> Class [1 Myocardium] Dice: 85.15
[2024-05-09 23:13:58,079][    INFO] ***** Evaluation ***** >>>> Class [2 Left Ventricle] Dice: 93.87
[2024-05-09 23:13:58,079][    INFO] ***** Evaluation ***** >>>> MeanDice: 88.50

[2024-05-09 23:13:58,150][    INFO] ===========> Epoch: 41, LR: 0.00630, Previous best: 88.67
[2024-05-09 23:13:59,092][    INFO] Iters: 0, Total loss: 0.035, Loss x: 0.041, Loss s: 0.051, Loss w_fp: 0.007, Mask ratio: 0.990
[2024-05-09 23:14:14,940][    INFO] ***** Evaluation ***** >>>> Class [0 Right Ventricle] Dice: 88.00
[2024-05-09 23:14:14,940][    INFO] ***** Evaluation ***** >>>> Class [1 Myocardium] Dice: 87.74
[2024-05-09 23:14:14,940][    INFO] ***** Evaluation ***** >>>> Class [2 Left Ventricle] Dice: 93.08
[2024-05-09 23:14:14,940][    INFO] ***** Evaluation ***** >>>> MeanDice: 89.61

[2024-05-09 23:14:15,053][    INFO] ===========> Epoch: 42, LR: 0.00621, Previous best: 89.61
[2024-05-09 23:14:15,884][    INFO] Iters: 0, Total loss: 0.023, Loss x: 0.030, Loss s: 0.024, Loss w_fp: 0.009, Mask ratio: 0.986
[2024-05-09 23:14:32,481][    INFO] ***** Evaluation ***** >>>> Class [0 Right Ventricle] Dice: 86.43
[2024-05-09 23:14:32,482][    INFO] ***** Evaluation ***** >>>> Class [1 Myocardium] Dice: 85.10
[2024-05-09 23:14:32,482][    INFO] ***** Evaluation ***** >>>> Class [2 Left Ventricle] Dice: 93.72
[2024-05-09 23:14:32,482][    INFO] ***** Evaluation ***** >>>> MeanDice: 88.42

[2024-05-09 23:14:32,553][    INFO] ===========> Epoch: 43, LR: 0.00611, Previous best: 89.61
[2024-05-09 23:14:33,388][    INFO] Iters: 0, Total loss: 0.044, Loss x: 0.037, Loss s: 0.093, Loss w_fp: 0.008, Mask ratio: 0.986
[2024-05-09 23:14:49,057][    INFO] ***** Evaluation ***** >>>> Class [0 Right Ventricle] Dice: 82.16
[2024-05-09 23:14:49,058][    INFO] ***** Evaluation ***** >>>> Class [1 Myocardium] Dice: 83.16
[2024-05-09 23:14:49,058][    INFO] ***** Evaluation ***** >>>> Class [2 Left Ventricle] Dice: 93.30
[2024-05-09 23:14:49,058][    INFO] ***** Evaluation ***** >>>> MeanDice: 86.21

[2024-05-09 23:14:49,132][    INFO] ===========> Epoch: 44, LR: 0.00602, Previous best: 89.61
[2024-05-09 23:14:49,973][    INFO] Iters: 0, Total loss: 0.039, Loss x: 0.031, Loss s: 0.086, Loss w_fp: 0.010, Mask ratio: 0.988
[2024-05-09 23:15:07,020][    INFO] ***** Evaluation ***** >>>> Class [0 Right Ventricle] Dice: 85.98
[2024-05-09 23:15:07,020][    INFO] ***** Evaluation ***** >>>> Class [1 Myocardium] Dice: 87.01
[2024-05-09 23:15:07,020][    INFO] ***** Evaluation ***** >>>> Class [2 Left Ventricle] Dice: 93.65
[2024-05-09 23:15:07,020][    INFO] ***** Evaluation ***** >>>> MeanDice: 88.88

[2024-05-09 23:15:07,092][    INFO] ===========> Epoch: 45, LR: 0.00592, Previous best: 89.61
[2024-05-09 23:15:07,876][    INFO] Iters: 0, Total loss: 0.042, Loss x: 0.048, Loss s: 0.068, Loss w_fp: 0.004, Mask ratio: 0.988
[2024-05-09 23:15:23,227][    INFO] ***** Evaluation ***** >>>> Class [0 Right Ventricle] Dice: 87.56
[2024-05-09 23:15:23,227][    INFO] ***** Evaluation ***** >>>> Class [1 Myocardium] Dice: 86.76
[2024-05-09 23:15:23,227][    INFO] ***** Evaluation ***** >>>> Class [2 Left Ventricle] Dice: 94.12
[2024-05-09 23:15:23,227][    INFO] ***** Evaluation ***** >>>> MeanDice: 89.48

[2024-05-09 23:15:23,298][    INFO] ===========> Epoch: 46, LR: 0.00583, Previous best: 89.61
[2024-05-09 23:15:24,164][    INFO] Iters: 0, Total loss: 0.046, Loss x: 0.044, Loss s: 0.090, Loss w_fp: 0.004, Mask ratio: 0.992
[2024-05-09 23:15:40,109][    INFO] ***** Evaluation ***** >>>> Class [0 Right Ventricle] Dice: 84.69
[2024-05-09 23:15:40,109][    INFO] ***** Evaluation ***** >>>> Class [1 Myocardium] Dice: 86.38
[2024-05-09 23:15:40,109][    INFO] ***** Evaluation ***** >>>> Class [2 Left Ventricle] Dice: 94.46
[2024-05-09 23:15:40,109][    INFO] ***** Evaluation ***** >>>> MeanDice: 88.51

[2024-05-09 23:15:40,180][    INFO] ===========> Epoch: 47, LR: 0.00573, Previous best: 89.61
[2024-05-09 23:15:41,107][    INFO] Iters: 0, Total loss: 0.050, Loss x: 0.050, Loss s: 0.089, Loss w_fp: 0.011, Mask ratio: 0.987
[2024-05-09 23:15:58,542][    INFO] ***** Evaluation ***** >>>> Class [0 Right Ventricle] Dice: 86.43
[2024-05-09 23:15:58,543][    INFO] ***** Evaluation ***** >>>> Class [1 Myocardium] Dice: 85.23
[2024-05-09 23:15:58,543][    INFO] ***** Evaluation ***** >>>> Class [2 Left Ventricle] Dice: 93.23
[2024-05-09 23:15:58,543][    INFO] ***** Evaluation ***** >>>> MeanDice: 88.30

[2024-05-09 23:15:58,615][    INFO] ===========> Epoch: 48, LR: 0.00564, Previous best: 89.61
[2024-05-09 23:15:59,441][    INFO] Iters: 0, Total loss: 0.032, Loss x: 0.047, Loss s: 0.026, Loss w_fp: 0.008, Mask ratio: 0.986
[2024-05-09 23:16:18,412][    INFO] ***** Evaluation ***** >>>> Class [0 Right Ventricle] Dice: 85.92
[2024-05-09 23:16:18,412][    INFO] ***** Evaluation ***** >>>> Class [1 Myocardium] Dice: 86.57
[2024-05-09 23:16:18,412][    INFO] ***** Evaluation ***** >>>> Class [2 Left Ventricle] Dice: 94.03
[2024-05-09 23:16:18,412][    INFO] ***** Evaluation ***** >>>> MeanDice: 88.84

[2024-05-09 23:16:18,458][    INFO] ===========> Epoch: 49, LR: 0.00554, Previous best: 89.61
[2024-05-09 23:16:19,283][    INFO] Iters: 0, Total loss: 0.053, Loss x: 0.045, Loss s: 0.115, Loss w_fp: 0.007, Mask ratio: 0.989
[2024-05-09 23:16:34,321][    INFO] ***** Evaluation ***** >>>> Class [0 Right Ventricle] Dice: 85.30
[2024-05-09 23:16:34,322][    INFO] ***** Evaluation ***** >>>> Class [1 Myocardium] Dice: 84.73
[2024-05-09 23:16:34,322][    INFO] ***** Evaluation ***** >>>> Class [2 Left Ventricle] Dice: 94.07
[2024-05-09 23:16:34,322][    INFO] ***** Evaluation ***** >>>> MeanDice: 88.03

[2024-05-09 23:16:34,395][    INFO] ===========> Epoch: 50, LR: 0.00544, Previous best: 89.61
[2024-05-09 23:16:35,281][    INFO] Iters: 0, Total loss: 0.025, Loss x: 0.036, Loss s: 0.017, Loss w_fp: 0.012, Mask ratio: 0.986
[2024-05-09 23:16:51,510][    INFO] ***** Evaluation ***** >>>> Class [0 Right Ventricle] Dice: 87.24
[2024-05-09 23:16:51,510][    INFO] ***** Evaluation ***** >>>> Class [1 Myocardium] Dice: 86.95
[2024-05-09 23:16:51,510][    INFO] ***** Evaluation ***** >>>> Class [2 Left Ventricle] Dice: 94.51
[2024-05-09 23:16:51,510][    INFO] ***** Evaluation ***** >>>> MeanDice: 89.57

[2024-05-09 23:16:51,583][    INFO] ===========> Epoch: 51, LR: 0.00535, Previous best: 89.61
[2024-05-09 23:16:52,536][    INFO] Iters: 0, Total loss: 0.030, Loss x: 0.031, Loss s: 0.052, Loss w_fp: 0.005, Mask ratio: 0.986
[2024-05-09 23:17:09,793][    INFO] ***** Evaluation ***** >>>> Class [0 Right Ventricle] Dice: 86.78
[2024-05-09 23:17:09,794][    INFO] ***** Evaluation ***** >>>> Class [1 Myocardium] Dice: 85.82
[2024-05-09 23:17:09,794][    INFO] ***** Evaluation ***** >>>> Class [2 Left Ventricle] Dice: 94.24
[2024-05-09 23:17:09,794][    INFO] ***** Evaluation ***** >>>> MeanDice: 88.95

[2024-05-09 23:17:09,867][    INFO] ===========> Epoch: 52, LR: 0.00525, Previous best: 89.61
[2024-05-09 23:17:10,699][    INFO] Iters: 0, Total loss: 0.030, Loss x: 0.029, Loss s: 0.052, Loss w_fp: 0.010, Mask ratio: 0.989
[2024-05-09 23:17:26,738][    INFO] ***** Evaluation ***** >>>> Class [0 Right Ventricle] Dice: 86.97
[2024-05-09 23:17:26,738][    INFO] ***** Evaluation ***** >>>> Class [1 Myocardium] Dice: 86.47
[2024-05-09 23:17:26,738][    INFO] ***** Evaluation ***** >>>> Class [2 Left Ventricle] Dice: 94.21
[2024-05-09 23:17:26,738][    INFO] ***** Evaluation ***** >>>> MeanDice: 89.22

[2024-05-09 23:17:26,812][    INFO] ===========> Epoch: 53, LR: 0.00516, Previous best: 89.61
[2024-05-09 23:17:27,688][    INFO] Iters: 0, Total loss: 0.032, Loss x: 0.033, Loss s: 0.054, Loss w_fp: 0.009, Mask ratio: 0.988
[2024-05-09 23:17:44,512][    INFO] ***** Evaluation ***** >>>> Class [0 Right Ventricle] Dice: 87.33
[2024-05-09 23:17:44,512][    INFO] ***** Evaluation ***** >>>> Class [1 Myocardium] Dice: 87.34
[2024-05-09 23:17:44,512][    INFO] ***** Evaluation ***** >>>> Class [2 Left Ventricle] Dice: 94.35
[2024-05-09 23:17:44,512][    INFO] ***** Evaluation ***** >>>> MeanDice: 89.68

[2024-05-09 23:17:44,626][    INFO] ===========> Epoch: 54, LR: 0.00506, Previous best: 89.68
[2024-05-09 23:17:45,468][    INFO] Iters: 0, Total loss: 0.040, Loss x: 0.052, Loss s: 0.047, Loss w_fp: 0.010, Mask ratio: 0.988
[2024-05-09 23:18:02,085][    INFO] ***** Evaluation ***** >>>> Class [0 Right Ventricle] Dice: 87.91
[2024-05-09 23:18:02,086][    INFO] ***** Evaluation ***** >>>> Class [1 Myocardium] Dice: 87.65
[2024-05-09 23:18:02,086][    INFO] ***** Evaluation ***** >>>> Class [2 Left Ventricle] Dice: 94.63
[2024-05-09 23:18:02,086][    INFO] ***** Evaluation ***** >>>> MeanDice: 90.06

[2024-05-09 23:18:02,206][    INFO] ===========> Epoch: 55, LR: 0.00496, Previous best: 90.06
[2024-05-09 23:18:03,018][    INFO] Iters: 0, Total loss: 0.021, Loss x: 0.032, Loss s: 0.016, Loss w_fp: 0.003, Mask ratio: 0.989
[2024-05-09 23:18:21,369][    INFO] ***** Evaluation ***** >>>> Class [0 Right Ventricle] Dice: 87.70
[2024-05-09 23:18:21,370][    INFO] ***** Evaluation ***** >>>> Class [1 Myocardium] Dice: 86.83
[2024-05-09 23:18:21,370][    INFO] ***** Evaluation ***** >>>> Class [2 Left Ventricle] Dice: 94.57
[2024-05-09 23:18:21,370][    INFO] ***** Evaluation ***** >>>> MeanDice: 89.70

[2024-05-09 23:18:21,444][    INFO] ===========> Epoch: 56, LR: 0.00486, Previous best: 90.06
[2024-05-09 23:18:22,260][    INFO] Iters: 0, Total loss: 0.030, Loss x: 0.040, Loss s: 0.032, Loss w_fp: 0.006, Mask ratio: 0.990
[2024-05-09 23:18:37,628][    INFO] ***** Evaluation ***** >>>> Class [0 Right Ventricle] Dice: 85.43
[2024-05-09 23:18:37,628][    INFO] ***** Evaluation ***** >>>> Class [1 Myocardium] Dice: 86.57
[2024-05-09 23:18:37,628][    INFO] ***** Evaluation ***** >>>> Class [2 Left Ventricle] Dice: 94.61
[2024-05-09 23:18:37,628][    INFO] ***** Evaluation ***** >>>> MeanDice: 88.87

[2024-05-09 23:18:37,692][    INFO] ===========> Epoch: 57, LR: 0.00477, Previous best: 90.06
[2024-05-09 23:18:38,485][    INFO] Iters: 0, Total loss: 0.028, Loss x: 0.036, Loss s: 0.035, Loss w_fp: 0.007, Mask ratio: 0.990
[2024-05-09 23:18:54,364][    INFO] ***** Evaluation ***** >>>> Class [0 Right Ventricle] Dice: 85.13
[2024-05-09 23:18:54,364][    INFO] ***** Evaluation ***** >>>> Class [1 Myocardium] Dice: 86.05
[2024-05-09 23:18:54,364][    INFO] ***** Evaluation ***** >>>> Class [2 Left Ventricle] Dice: 94.29
[2024-05-09 23:18:54,364][    INFO] ***** Evaluation ***** >>>> MeanDice: 88.49

[2024-05-09 23:18:54,438][    INFO] ===========> Epoch: 58, LR: 0.00467, Previous best: 90.06
[2024-05-09 23:18:55,333][    INFO] Iters: 0, Total loss: 0.042, Loss x: 0.048, Loss s: 0.063, Loss w_fp: 0.008, Mask ratio: 0.987
[2024-05-09 23:19:14,869][    INFO] ***** Evaluation ***** >>>> Class [0 Right Ventricle] Dice: 88.55
[2024-05-09 23:19:14,869][    INFO] ***** Evaluation ***** >>>> Class [1 Myocardium] Dice: 87.33
[2024-05-09 23:19:14,869][    INFO] ***** Evaluation ***** >>>> Class [2 Left Ventricle] Dice: 93.93
[2024-05-09 23:19:14,869][    INFO] ***** Evaluation ***** >>>> MeanDice: 89.94

[2024-05-09 23:19:14,916][    INFO] ===========> Epoch: 59, LR: 0.00457, Previous best: 90.06
[2024-05-09 23:19:15,745][    INFO] Iters: 0, Total loss: 0.028, Loss x: 0.036, Loss s: 0.033, Loss w_fp: 0.006, Mask ratio: 0.991
[2024-05-09 23:19:35,548][    INFO] ***** Evaluation ***** >>>> Class [0 Right Ventricle] Dice: 85.46
[2024-05-09 23:19:35,548][    INFO] ***** Evaluation ***** >>>> Class [1 Myocardium] Dice: 86.52
[2024-05-09 23:19:35,548][    INFO] ***** Evaluation ***** >>>> Class [2 Left Ventricle] Dice: 94.37
[2024-05-09 23:19:35,548][    INFO] ***** Evaluation ***** >>>> MeanDice: 88.78

[2024-05-09 23:19:35,623][    INFO] ===========> Epoch: 60, LR: 0.00447, Previous best: 90.06
[2024-05-09 23:19:36,572][    INFO] Iters: 0, Total loss: 0.028, Loss x: 0.042, Loss s: 0.027, Loss w_fp: 0.003, Mask ratio: 0.987
[2024-05-09 23:19:53,891][    INFO] ***** Evaluation ***** >>>> Class [0 Right Ventricle] Dice: 87.66
[2024-05-09 23:19:53,892][    INFO] ***** Evaluation ***** >>>> Class [1 Myocardium] Dice: 87.77
[2024-05-09 23:19:53,892][    INFO] ***** Evaluation ***** >>>> Class [2 Left Ventricle] Dice: 94.47
[2024-05-09 23:19:53,892][    INFO] ***** Evaluation ***** >>>> MeanDice: 89.97

[2024-05-09 23:19:53,964][    INFO] ===========> Epoch: 61, LR: 0.00437, Previous best: 90.06
[2024-05-09 23:19:54,765][    INFO] Iters: 0, Total loss: 0.038, Loss x: 0.050, Loss s: 0.046, Loss w_fp: 0.005, Mask ratio: 0.985
[2024-05-09 23:20:09,506][    INFO] ***** Evaluation ***** >>>> Class [0 Right Ventricle] Dice: 87.99
[2024-05-09 23:20:09,506][    INFO] ***** Evaluation ***** >>>> Class [1 Myocardium] Dice: 87.70
[2024-05-09 23:20:09,506][    INFO] ***** Evaluation ***** >>>> Class [2 Left Ventricle] Dice: 94.52
[2024-05-09 23:20:09,507][    INFO] ***** Evaluation ***** >>>> MeanDice: 90.07

[2024-05-09 23:20:09,620][    INFO] ===========> Epoch: 62, LR: 0.00427, Previous best: 90.07
[2024-05-09 23:20:10,430][    INFO] Iters: 0, Total loss: 0.023, Loss x: 0.026, Loss s: 0.036, Loss w_fp: 0.004, Mask ratio: 0.993
[2024-05-09 23:20:25,519][    INFO] ***** Evaluation ***** >>>> Class [0 Right Ventricle] Dice: 87.66
[2024-05-09 23:20:25,520][    INFO] ***** Evaluation ***** >>>> Class [1 Myocardium] Dice: 87.66
[2024-05-09 23:20:25,520][    INFO] ***** Evaluation ***** >>>> Class [2 Left Ventricle] Dice: 94.63
[2024-05-09 23:20:25,520][    INFO] ***** Evaluation ***** >>>> MeanDice: 89.98

[2024-05-09 23:20:25,567][    INFO] ===========> Epoch: 63, LR: 0.00418, Previous best: 90.07
[2024-05-09 23:20:26,386][    INFO] Iters: 0, Total loss: 0.037, Loss x: 0.039, Loss s: 0.054, Loss w_fp: 0.014, Mask ratio: 0.990
[2024-05-09 23:20:41,805][    INFO] ***** Evaluation ***** >>>> Class [0 Right Ventricle] Dice: 88.14
[2024-05-09 23:20:41,805][    INFO] ***** Evaluation ***** >>>> Class [1 Myocardium] Dice: 88.35
[2024-05-09 23:20:41,805][    INFO] ***** Evaluation ***** >>>> Class [2 Left Ventricle] Dice: 94.47
[2024-05-09 23:20:41,805][    INFO] ***** Evaluation ***** >>>> MeanDice: 90.32

[2024-05-09 23:20:41,922][    INFO] ===========> Epoch: 64, LR: 0.00408, Previous best: 90.32
[2024-05-09 23:20:42,762][    INFO] Iters: 0, Total loss: 0.039, Loss x: 0.038, Loss s: 0.067, Loss w_fp: 0.012, Mask ratio: 0.988
[2024-05-09 23:20:58,661][    INFO] ***** Evaluation ***** >>>> Class [0 Right Ventricle] Dice: 87.68
[2024-05-09 23:20:58,661][    INFO] ***** Evaluation ***** >>>> Class [1 Myocardium] Dice: 87.63
[2024-05-09 23:20:58,661][    INFO] ***** Evaluation ***** >>>> Class [2 Left Ventricle] Dice: 94.77
[2024-05-09 23:20:58,661][    INFO] ***** Evaluation ***** >>>> MeanDice: 90.03

[2024-05-09 23:20:58,735][    INFO] ===========> Epoch: 65, LR: 0.00398, Previous best: 90.32
[2024-05-09 23:20:59,567][    INFO] Iters: 0, Total loss: 0.034, Loss x: 0.052, Loss s: 0.029, Loss w_fp: 0.005, Mask ratio: 0.991
[2024-05-09 23:21:14,360][    INFO] ***** Evaluation ***** >>>> Class [0 Right Ventricle] Dice: 87.51
[2024-05-09 23:21:14,360][    INFO] ***** Evaluation ***** >>>> Class [1 Myocardium] Dice: 87.35
[2024-05-09 23:21:14,360][    INFO] ***** Evaluation ***** >>>> Class [2 Left Ventricle] Dice: 94.59
[2024-05-09 23:21:14,360][    INFO] ***** Evaluation ***** >>>> MeanDice: 89.81

[2024-05-09 23:21:14,433][    INFO] ===========> Epoch: 66, LR: 0.00388, Previous best: 90.32
[2024-05-09 23:21:15,262][    INFO] Iters: 0, Total loss: 0.025, Loss x: 0.032, Loss s: 0.026, Loss w_fp: 0.008, Mask ratio: 0.988
[2024-05-09 23:21:33,589][    INFO] ***** Evaluation ***** >>>> Class [0 Right Ventricle] Dice: 86.89
[2024-05-09 23:21:33,589][    INFO] ***** Evaluation ***** >>>> Class [1 Myocardium] Dice: 86.85
[2024-05-09 23:21:33,589][    INFO] ***** Evaluation ***** >>>> Class [2 Left Ventricle] Dice: 94.24
[2024-05-09 23:21:33,589][    INFO] ***** Evaluation ***** >>>> MeanDice: 89.33

[2024-05-09 23:21:33,661][    INFO] ===========> Epoch: 67, LR: 0.00378, Previous best: 90.32
[2024-05-09 23:21:34,476][    INFO] Iters: 0, Total loss: 0.028, Loss x: 0.035, Loss s: 0.038, Loss w_fp: 0.005, Mask ratio: 0.988
[2024-05-09 23:21:49,516][    INFO] ***** Evaluation ***** >>>> Class [0 Right Ventricle] Dice: 86.68
[2024-05-09 23:21:49,516][    INFO] ***** Evaluation ***** >>>> Class [1 Myocardium] Dice: 87.34
[2024-05-09 23:21:49,516][    INFO] ***** Evaluation ***** >>>> Class [2 Left Ventricle] Dice: 94.34
[2024-05-09 23:21:49,516][    INFO] ***** Evaluation ***** >>>> MeanDice: 89.45

[2024-05-09 23:21:49,588][    INFO] ===========> Epoch: 68, LR: 0.00368, Previous best: 90.32
[2024-05-09 23:21:50,466][    INFO] Iters: 0, Total loss: 0.045, Loss x: 0.044, Loss s: 0.075, Loss w_fp: 0.018, Mask ratio: 0.989
[2024-05-09 23:22:07,453][    INFO] ***** Evaluation ***** >>>> Class [0 Right Ventricle] Dice: 86.90
[2024-05-09 23:22:07,453][    INFO] ***** Evaluation ***** >>>> Class [1 Myocardium] Dice: 87.65
[2024-05-09 23:22:07,453][    INFO] ***** Evaluation ***** >>>> Class [2 Left Ventricle] Dice: 94.37
[2024-05-09 23:22:07,453][    INFO] ***** Evaluation ***** >>>> MeanDice: 89.64

[2024-05-09 23:22:07,499][    INFO] ===========> Epoch: 69, LR: 0.00358, Previous best: 90.32
[2024-05-09 23:22:08,321][    INFO] Iters: 0, Total loss: 0.030, Loss x: 0.029, Loss s: 0.054, Loss w_fp: 0.007, Mask ratio: 0.989
[2024-05-09 23:22:25,284][    INFO] ***** Evaluation ***** >>>> Class [0 Right Ventricle] Dice: 87.31
[2024-05-09 23:22:25,284][    INFO] ***** Evaluation ***** >>>> Class [1 Myocardium] Dice: 87.60
[2024-05-09 23:22:25,284][    INFO] ***** Evaluation ***** >>>> Class [2 Left Ventricle] Dice: 94.67
[2024-05-09 23:22:25,284][    INFO] ***** Evaluation ***** >>>> MeanDice: 89.86

[2024-05-09 23:22:25,354][    INFO] ===========> Epoch: 70, LR: 0.00347, Previous best: 90.32
[2024-05-09 23:22:26,232][    INFO] Iters: 0, Total loss: 0.031, Loss x: 0.047, Loss s: 0.021, Loss w_fp: 0.010, Mask ratio: 0.988
[2024-05-09 23:22:41,556][    INFO] ***** Evaluation ***** >>>> Class [0 Right Ventricle] Dice: 87.05
[2024-05-09 23:22:41,556][    INFO] ***** Evaluation ***** >>>> Class [1 Myocardium] Dice: 87.39
[2024-05-09 23:22:41,556][    INFO] ***** Evaluation ***** >>>> Class [2 Left Ventricle] Dice: 94.58
[2024-05-09 23:22:41,556][    INFO] ***** Evaluation ***** >>>> MeanDice: 89.68

[2024-05-09 23:22:41,628][    INFO] ===========> Epoch: 71, LR: 0.00337, Previous best: 90.32
[2024-05-09 23:22:42,484][    INFO] Iters: 0, Total loss: 0.029, Loss x: 0.033, Loss s: 0.045, Loss w_fp: 0.003, Mask ratio: 0.990
[2024-05-09 23:22:58,305][    INFO] ***** Evaluation ***** >>>> Class [0 Right Ventricle] Dice: 86.98
[2024-05-09 23:22:58,305][    INFO] ***** Evaluation ***** >>>> Class [1 Myocardium] Dice: 88.18
[2024-05-09 23:22:58,305][    INFO] ***** Evaluation ***** >>>> Class [2 Left Ventricle] Dice: 94.81
[2024-05-09 23:22:58,305][    INFO] ***** Evaluation ***** >>>> MeanDice: 89.99

[2024-05-09 23:22:58,380][    INFO] ===========> Epoch: 72, LR: 0.00327, Previous best: 90.32
[2024-05-09 23:22:59,311][    INFO] Iters: 0, Total loss: 0.033, Loss x: 0.040, Loss s: 0.044, Loss w_fp: 0.008, Mask ratio: 0.988
[2024-05-09 23:23:15,776][    INFO] ***** Evaluation ***** >>>> Class [0 Right Ventricle] Dice: 86.81
[2024-05-09 23:23:15,776][    INFO] ***** Evaluation ***** >>>> Class [1 Myocardium] Dice: 88.01
[2024-05-09 23:23:15,776][    INFO] ***** Evaluation ***** >>>> Class [2 Left Ventricle] Dice: 94.71
[2024-05-09 23:23:15,776][    INFO] ***** Evaluation ***** >>>> MeanDice: 89.84

[2024-05-09 23:23:15,867][    INFO] ===========> Epoch: 73, LR: 0.00317, Previous best: 90.32
[2024-05-09 23:23:16,758][    INFO] Iters: 0, Total loss: 0.026, Loss x: 0.031, Loss s: 0.039, Loss w_fp: 0.004, Mask ratio: 0.986
[2024-05-09 23:23:34,181][    INFO] ***** Evaluation ***** >>>> Class [0 Right Ventricle] Dice: 88.88
[2024-05-09 23:23:34,181][    INFO] ***** Evaluation ***** >>>> Class [1 Myocardium] Dice: 88.18
[2024-05-09 23:23:34,181][    INFO] ***** Evaluation ***** >>>> Class [2 Left Ventricle] Dice: 94.20
[2024-05-09 23:23:34,182][    INFO] ***** Evaluation ***** >>>> MeanDice: 90.42

[2024-05-09 23:23:34,299][    INFO] ===========> Epoch: 74, LR: 0.00307, Previous best: 90.42
[2024-05-09 23:23:35,133][    INFO] Iters: 0, Total loss: 0.030, Loss x: 0.045, Loss s: 0.020, Loss w_fp: 0.009, Mask ratio: 0.987
[2024-05-09 23:23:50,389][    INFO] ***** Evaluation ***** >>>> Class [0 Right Ventricle] Dice: 87.69
[2024-05-09 23:23:50,389][    INFO] ***** Evaluation ***** >>>> Class [1 Myocardium] Dice: 87.97
[2024-05-09 23:23:50,389][    INFO] ***** Evaluation ***** >>>> Class [2 Left Ventricle] Dice: 94.63
[2024-05-09 23:23:50,390][    INFO] ***** Evaluation ***** >>>> MeanDice: 90.10

[2024-05-09 23:23:50,461][    INFO] ===========> Epoch: 75, LR: 0.00296, Previous best: 90.42
[2024-05-09 23:23:51,361][    INFO] Iters: 0, Total loss: 0.031, Loss x: 0.035, Loss s: 0.047, Loss w_fp: 0.006, Mask ratio: 0.992
[2024-05-09 23:24:07,095][    INFO] ***** Evaluation ***** >>>> Class [0 Right Ventricle] Dice: 86.65
[2024-05-09 23:24:07,096][    INFO] ***** Evaluation ***** >>>> Class [1 Myocardium] Dice: 87.58
[2024-05-09 23:24:07,096][    INFO] ***** Evaluation ***** >>>> Class [2 Left Ventricle] Dice: 94.79
[2024-05-09 23:24:07,096][    INFO] ***** Evaluation ***** >>>> MeanDice: 89.68

[2024-05-09 23:24:07,168][    INFO] ===========> Epoch: 76, LR: 0.00286, Previous best: 90.42
[2024-05-09 23:24:08,011][    INFO] Iters: 0, Total loss: 0.031, Loss x: 0.036, Loss s: 0.048, Loss w_fp: 0.002, Mask ratio: 0.990
[2024-05-09 23:24:23,675][    INFO] ***** Evaluation ***** >>>> Class [0 Right Ventricle] Dice: 88.52
[2024-05-09 23:24:23,675][    INFO] ***** Evaluation ***** >>>> Class [1 Myocardium] Dice: 88.21
[2024-05-09 23:24:23,675][    INFO] ***** Evaluation ***** >>>> Class [2 Left Ventricle] Dice: 94.67
[2024-05-09 23:24:23,675][    INFO] ***** Evaluation ***** >>>> MeanDice: 90.47

[2024-05-09 23:24:23,789][    INFO] ===========> Epoch: 77, LR: 0.00276, Previous best: 90.47
[2024-05-09 23:24:24,708][    INFO] Iters: 0, Total loss: 0.025, Loss x: 0.029, Loss s: 0.029, Loss w_fp: 0.012, Mask ratio: 0.990
[2024-05-09 23:24:42,013][    INFO] ***** Evaluation ***** >>>> Class [0 Right Ventricle] Dice: 88.05
[2024-05-09 23:24:42,013][    INFO] ***** Evaluation ***** >>>> Class [1 Myocardium] Dice: 87.67
[2024-05-09 23:24:42,013][    INFO] ***** Evaluation ***** >>>> Class [2 Left Ventricle] Dice: 94.70
[2024-05-09 23:24:42,014][    INFO] ***** Evaluation ***** >>>> MeanDice: 90.14

[2024-05-09 23:24:42,086][    INFO] ===========> Epoch: 78, LR: 0.00265, Previous best: 90.47
[2024-05-09 23:24:42,911][    INFO] Iters: 0, Total loss: 0.029, Loss x: 0.038, Loss s: 0.032, Loss w_fp: 0.009, Mask ratio: 0.991
[2024-05-09 23:24:58,411][    INFO] ***** Evaluation ***** >>>> Class [0 Right Ventricle] Dice: 87.64
[2024-05-09 23:24:58,411][    INFO] ***** Evaluation ***** >>>> Class [1 Myocardium] Dice: 88.11
[2024-05-09 23:24:58,411][    INFO] ***** Evaluation ***** >>>> Class [2 Left Ventricle] Dice: 94.75
[2024-05-09 23:24:58,411][    INFO] ***** Evaluation ***** >>>> MeanDice: 90.16

[2024-05-09 23:24:58,483][    INFO] ===========> Epoch: 79, LR: 0.00255, Previous best: 90.47
[2024-05-09 23:24:59,398][    INFO] Iters: 0, Total loss: 0.019, Loss x: 0.026, Loss s: 0.016, Loss w_fp: 0.007, Mask ratio: 0.989
[2024-05-09 23:25:14,925][    INFO] ***** Evaluation ***** >>>> Class [0 Right Ventricle] Dice: 88.49
[2024-05-09 23:25:14,926][    INFO] ***** Evaluation ***** >>>> Class [1 Myocardium] Dice: 87.96
[2024-05-09 23:25:14,926][    INFO] ***** Evaluation ***** >>>> Class [2 Left Ventricle] Dice: 94.70
[2024-05-09 23:25:14,926][    INFO] ***** Evaluation ***** >>>> MeanDice: 90.38

[2024-05-09 23:25:15,000][    INFO] ===========> Epoch: 80, LR: 0.00244, Previous best: 90.47
[2024-05-09 23:25:15,803][    INFO] Iters: 0, Total loss: 0.026, Loss x: 0.034, Loss s: 0.033, Loss w_fp: 0.004, Mask ratio: 0.986
[2024-05-09 23:25:31,391][    INFO] ***** Evaluation ***** >>>> Class [0 Right Ventricle] Dice: 88.79
[2024-05-09 23:25:31,391][    INFO] ***** Evaluation ***** >>>> Class [1 Myocardium] Dice: 87.88
[2024-05-09 23:25:31,391][    INFO] ***** Evaluation ***** >>>> Class [2 Left Ventricle] Dice: 94.58
[2024-05-09 23:25:31,391][    INFO] ***** Evaluation ***** >>>> MeanDice: 90.42

[2024-05-09 23:25:31,465][    INFO] ===========> Epoch: 81, LR: 0.00234, Previous best: 90.47
[2024-05-09 23:25:32,285][    INFO] Iters: 0, Total loss: 0.020, Loss x: 0.037, Loss s: 0.005, Loss w_fp: 0.003, Mask ratio: 0.989
[2024-05-09 23:25:48,465][    INFO] ***** Evaluation ***** >>>> Class [0 Right Ventricle] Dice: 87.48
[2024-05-09 23:25:48,465][    INFO] ***** Evaluation ***** >>>> Class [1 Myocardium] Dice: 87.11
[2024-05-09 23:25:48,466][    INFO] ***** Evaluation ***** >>>> Class [2 Left Ventricle] Dice: 94.29
[2024-05-09 23:25:48,466][    INFO] ***** Evaluation ***** >>>> MeanDice: 89.63

[2024-05-09 23:25:48,554][    INFO] ===========> Epoch: 82, LR: 0.00223, Previous best: 90.47
[2024-05-09 23:25:49,491][    INFO] Iters: 0, Total loss: 0.032, Loss x: 0.029, Loss s: 0.067, Loss w_fp: 0.004, Mask ratio: 0.993
[2024-05-09 23:26:07,260][    INFO] ***** Evaluation ***** >>>> Class [0 Right Ventricle] Dice: 87.62
[2024-05-09 23:26:07,260][    INFO] ***** Evaluation ***** >>>> Class [1 Myocardium] Dice: 87.84
[2024-05-09 23:26:07,260][    INFO] ***** Evaluation ***** >>>> Class [2 Left Ventricle] Dice: 94.73
[2024-05-09 23:26:07,260][    INFO] ***** Evaluation ***** >>>> MeanDice: 90.07

[2024-05-09 23:26:07,395][    INFO] ===========> Epoch: 83, LR: 0.00213, Previous best: 90.47
[2024-05-09 23:26:08,359][    INFO] Iters: 0, Total loss: 0.026, Loss x: 0.036, Loss s: 0.029, Loss w_fp: 0.005, Mask ratio: 0.988
[2024-05-09 23:26:24,444][    INFO] ***** Evaluation ***** >>>> Class [0 Right Ventricle] Dice: 88.74
[2024-05-09 23:26:24,444][    INFO] ***** Evaluation ***** >>>> Class [1 Myocardium] Dice: 87.71
[2024-05-09 23:26:24,444][    INFO] ***** Evaluation ***** >>>> Class [2 Left Ventricle] Dice: 94.62
[2024-05-09 23:26:24,444][    INFO] ***** Evaluation ***** >>>> MeanDice: 90.35

[2024-05-09 23:26:24,520][    INFO] ===========> Epoch: 84, LR: 0.00202, Previous best: 90.47
[2024-05-09 23:26:25,461][    INFO] Iters: 0, Total loss: 0.029, Loss x: 0.036, Loss s: 0.041, Loss w_fp: 0.002, Mask ratio: 0.992
[2024-05-09 23:26:40,931][    INFO] ***** Evaluation ***** >>>> Class [0 Right Ventricle] Dice: 87.94
[2024-05-09 23:26:40,931][    INFO] ***** Evaluation ***** >>>> Class [1 Myocardium] Dice: 87.90
[2024-05-09 23:26:40,931][    INFO] ***** Evaluation ***** >>>> Class [2 Left Ventricle] Dice: 94.71
[2024-05-09 23:26:40,931][    INFO] ***** Evaluation ***** >>>> MeanDice: 90.18

[2024-05-09 23:26:41,004][    INFO] ===========> Epoch: 85, LR: 0.00191, Previous best: 90.47
[2024-05-09 23:26:41,928][    INFO] Iters: 0, Total loss: 0.025, Loss x: 0.033, Loss s: 0.027, Loss w_fp: 0.007, Mask ratio: 0.991
[2024-05-09 23:26:57,301][    INFO] ***** Evaluation ***** >>>> Class [0 Right Ventricle] Dice: 86.51
[2024-05-09 23:26:57,301][    INFO] ***** Evaluation ***** >>>> Class [1 Myocardium] Dice: 87.79
[2024-05-09 23:26:57,301][    INFO] ***** Evaluation ***** >>>> Class [2 Left Ventricle] Dice: 94.75
[2024-05-09 23:26:57,301][    INFO] ***** Evaluation ***** >>>> MeanDice: 89.68

[2024-05-09 23:26:57,365][    INFO] ===========> Epoch: 86, LR: 0.00180, Previous best: 90.47
[2024-05-09 23:26:58,211][    INFO] Iters: 0, Total loss: 0.033, Loss x: 0.044, Loss s: 0.037, Loss w_fp: 0.005, Mask ratio: 0.987
[2024-05-09 23:27:13,980][    INFO] ***** Evaluation ***** >>>> Class [0 Right Ventricle] Dice: 87.82
[2024-05-09 23:27:13,980][    INFO] ***** Evaluation ***** >>>> Class [1 Myocardium] Dice: 88.02
[2024-05-09 23:27:13,980][    INFO] ***** Evaluation ***** >>>> Class [2 Left Ventricle] Dice: 94.83
[2024-05-09 23:27:13,981][    INFO] ***** Evaluation ***** >>>> MeanDice: 90.22

[2024-05-09 23:27:14,033][    INFO] ===========> Epoch: 87, LR: 0.00169, Previous best: 90.47
[2024-05-09 23:27:14,906][    INFO] Iters: 0, Total loss: 0.028, Loss x: 0.036, Loss s: 0.035, Loss w_fp: 0.005, Mask ratio: 0.990
[2024-05-09 23:27:31,523][    INFO] ***** Evaluation ***** >>>> Class [0 Right Ventricle] Dice: 87.92
[2024-05-09 23:27:31,523][    INFO] ***** Evaluation ***** >>>> Class [1 Myocardium] Dice: 87.79
[2024-05-09 23:27:31,524][    INFO] ***** Evaluation ***** >>>> Class [2 Left Ventricle] Dice: 94.68
[2024-05-09 23:27:31,524][    INFO] ***** Evaluation ***** >>>> MeanDice: 90.13

[2024-05-09 23:27:31,595][    INFO] ===========> Epoch: 88, LR: 0.00158, Previous best: 90.47
[2024-05-09 23:27:32,527][    INFO] Iters: 0, Total loss: 0.027, Loss x: 0.020, Loss s: 0.063, Loss w_fp: 0.003, Mask ratio: 0.989
[2024-05-09 23:27:47,995][    INFO] ***** Evaluation ***** >>>> Class [0 Right Ventricle] Dice: 88.36
[2024-05-09 23:27:47,995][    INFO] ***** Evaluation ***** >>>> Class [1 Myocardium] Dice: 88.18
[2024-05-09 23:27:47,995][    INFO] ***** Evaluation ***** >>>> Class [2 Left Ventricle] Dice: 94.84
[2024-05-09 23:27:47,995][    INFO] ***** Evaluation ***** >>>> MeanDice: 90.46

[2024-05-09 23:27:48,041][    INFO] ===========> Epoch: 89, LR: 0.00147, Previous best: 90.47
[2024-05-09 23:27:48,970][    INFO] Iters: 0, Total loss: 0.021, Loss x: 0.023, Loss s: 0.030, Loss w_fp: 0.008, Mask ratio: 0.990
[2024-05-09 23:28:04,807][    INFO] ***** Evaluation ***** >>>> Class [0 Right Ventricle] Dice: 88.03
[2024-05-09 23:28:04,808][    INFO] ***** Evaluation ***** >>>> Class [1 Myocardium] Dice: 87.98
[2024-05-09 23:28:04,808][    INFO] ***** Evaluation ***** >>>> Class [2 Left Ventricle] Dice: 94.81
[2024-05-09 23:28:04,808][    INFO] ***** Evaluation ***** >>>> MeanDice: 90.27

[2024-05-09 23:28:04,880][    INFO] ===========> Epoch: 90, LR: 0.00136, Previous best: 90.47
[2024-05-09 23:28:05,665][    INFO] Iters: 0, Total loss: 0.026, Loss x: 0.025, Loss s: 0.052, Loss w_fp: 0.003, Mask ratio: 0.993
[2024-05-09 23:28:21,267][    INFO] ***** Evaluation ***** >>>> Class [0 Right Ventricle] Dice: 88.37
[2024-05-09 23:28:21,268][    INFO] ***** Evaluation ***** >>>> Class [1 Myocardium] Dice: 88.51
[2024-05-09 23:28:21,268][    INFO] ***** Evaluation ***** >>>> Class [2 Left Ventricle] Dice: 94.86
[2024-05-09 23:28:21,268][    INFO] ***** Evaluation ***** >>>> MeanDice: 90.58

[2024-05-09 23:28:21,398][    INFO] ===========> Epoch: 91, LR: 0.00125, Previous best: 90.58
[2024-05-09 23:28:22,191][    INFO] Iters: 0, Total loss: 0.047, Loss x: 0.059, Loss s: 0.054, Loss w_fp: 0.015, Mask ratio: 0.993
[2024-05-09 23:28:38,668][    INFO] ***** Evaluation ***** >>>> Class [0 Right Ventricle] Dice: 88.56
[2024-05-09 23:28:38,668][    INFO] ***** Evaluation ***** >>>> Class [1 Myocardium] Dice: 87.83
[2024-05-09 23:28:38,668][    INFO] ***** Evaluation ***** >>>> Class [2 Left Ventricle] Dice: 94.92
[2024-05-09 23:28:38,668][    INFO] ***** Evaluation ***** >>>> MeanDice: 90.44

[2024-05-09 23:28:38,735][    INFO] ===========> Epoch: 92, LR: 0.00113, Previous best: 90.58
[2024-05-09 23:28:39,528][    INFO] Iters: 0, Total loss: 0.035, Loss x: 0.040, Loss s: 0.056, Loss w_fp: 0.004, Mask ratio: 0.992
[2024-05-09 23:28:55,194][    INFO] ***** Evaluation ***** >>>> Class [0 Right Ventricle] Dice: 87.17
[2024-05-09 23:28:55,194][    INFO] ***** Evaluation ***** >>>> Class [1 Myocardium] Dice: 88.05
[2024-05-09 23:28:55,194][    INFO] ***** Evaluation ***** >>>> Class [2 Left Ventricle] Dice: 94.93
[2024-05-09 23:28:55,194][    INFO] ***** Evaluation ***** >>>> MeanDice: 90.05

[2024-05-09 23:28:55,267][    INFO] ===========> Epoch: 93, LR: 0.00102, Previous best: 90.58
[2024-05-09 23:28:56,202][    INFO] Iters: 0, Total loss: 0.020, Loss x: 0.030, Loss s: 0.014, Loss w_fp: 0.004, Mask ratio: 0.991
[2024-05-09 23:29:11,629][    INFO] ***** Evaluation ***** >>>> Class [0 Right Ventricle] Dice: 88.18
[2024-05-09 23:29:11,629][    INFO] ***** Evaluation ***** >>>> Class [1 Myocardium] Dice: 88.03
[2024-05-09 23:29:11,629][    INFO] ***** Evaluation ***** >>>> Class [2 Left Ventricle] Dice: 94.90
[2024-05-09 23:29:11,629][    INFO] ***** Evaluation ***** >>>> MeanDice: 90.37

[2024-05-09 23:29:11,677][    INFO] ===========> Epoch: 94, LR: 0.00090, Previous best: 90.58
[2024-05-09 23:29:12,490][    INFO] Iters: 0, Total loss: 0.017, Loss x: 0.028, Loss s: 0.012, Loss w_fp: 0.002, Mask ratio: 0.988
[2024-05-09 23:29:28,287][    INFO] ***** Evaluation ***** >>>> Class [0 Right Ventricle] Dice: 88.56
[2024-05-09 23:29:28,287][    INFO] ***** Evaluation ***** >>>> Class [1 Myocardium] Dice: 88.16
[2024-05-09 23:29:28,287][    INFO] ***** Evaluation ***** >>>> Class [2 Left Ventricle] Dice: 94.92
[2024-05-09 23:29:28,287][    INFO] ***** Evaluation ***** >>>> MeanDice: 90.55

[2024-05-09 23:29:28,360][    INFO] ===========> Epoch: 95, LR: 0.00078, Previous best: 90.58
[2024-05-09 23:29:29,300][    INFO] Iters: 0, Total loss: 0.021, Loss x: 0.026, Loss s: 0.028, Loss w_fp: 0.004, Mask ratio: 0.990
[2024-05-09 23:29:45,224][    INFO] ***** Evaluation ***** >>>> Class [0 Right Ventricle] Dice: 87.99
[2024-05-09 23:29:45,225][    INFO] ***** Evaluation ***** >>>> Class [1 Myocardium] Dice: 88.34
[2024-05-09 23:29:45,225][    INFO] ***** Evaluation ***** >>>> Class [2 Left Ventricle] Dice: 95.00
[2024-05-09 23:29:45,225][    INFO] ***** Evaluation ***** >>>> MeanDice: 90.44

[2024-05-09 23:29:45,272][    INFO] ===========> Epoch: 96, LR: 0.00066, Previous best: 90.58
[2024-05-09 23:29:46,156][    INFO] Iters: 0, Total loss: 0.019, Loss x: 0.028, Loss s: 0.018, Loss w_fp: 0.003, Mask ratio: 0.993
[2024-05-09 23:30:01,993][    INFO] ***** Evaluation ***** >>>> Class [0 Right Ventricle] Dice: 88.38
[2024-05-09 23:30:01,993][    INFO] ***** Evaluation ***** >>>> Class [1 Myocardium] Dice: 88.15
[2024-05-09 23:30:01,993][    INFO] ***** Evaluation ***** >>>> Class [2 Left Ventricle] Dice: 94.94
[2024-05-09 23:30:01,993][    INFO] ***** Evaluation ***** >>>> MeanDice: 90.49

[2024-05-09 23:30:02,062][    INFO] ===========> Epoch: 97, LR: 0.00054, Previous best: 90.58
[2024-05-09 23:30:02,972][    INFO] Iters: 0, Total loss: 0.035, Loss x: 0.046, Loss s: 0.045, Loss w_fp: 0.003, Mask ratio: 0.992
[2024-05-09 23:30:18,944][    INFO] ***** Evaluation ***** >>>> Class [0 Right Ventricle] Dice: 88.02
[2024-05-09 23:30:18,945][    INFO] ***** Evaluation ***** >>>> Class [1 Myocardium] Dice: 88.15
[2024-05-09 23:30:18,945][    INFO] ***** Evaluation ***** >>>> Class [2 Left Ventricle] Dice: 94.93
[2024-05-09 23:30:18,945][    INFO] ***** Evaluation ***** >>>> MeanDice: 90.37

[2024-05-09 23:30:18,991][    INFO] ===========> Epoch: 98, LR: 0.00041, Previous best: 90.58
[2024-05-09 23:30:19,810][    INFO] Iters: 0, Total loss: 0.024, Loss x: 0.031, Loss s: 0.032, Loss w_fp: 0.002, Mask ratio: 0.993
[2024-05-09 23:30:35,182][    INFO] ***** Evaluation ***** >>>> Class [0 Right Ventricle] Dice: 88.43
[2024-05-09 23:30:35,182][    INFO] ***** Evaluation ***** >>>> Class [1 Myocardium] Dice: 88.36
[2024-05-09 23:30:35,182][    INFO] ***** Evaluation ***** >>>> Class [2 Left Ventricle] Dice: 94.97
[2024-05-09 23:30:35,182][    INFO] ***** Evaluation ***** >>>> MeanDice: 90.58

[2024-05-09 23:30:35,301][    INFO] ===========> Epoch: 99, LR: 0.00028, Previous best: 90.58
[2024-05-09 23:30:36,238][    INFO] Iters: 0, Total loss: 0.022, Loss x: 0.032, Loss s: 0.021, Loss w_fp: 0.003, Mask ratio: 0.988
[2024-05-09 23:30:52,100][    INFO] ***** Evaluation ***** >>>> Class [0 Right Ventricle] Dice: 87.69
[2024-05-09 23:30:52,100][    INFO] ***** Evaluation ***** >>>> Class [1 Myocardium] Dice: 88.12
[2024-05-09 23:30:52,100][    INFO] ***** Evaluation ***** >>>> Class [2 Left Ventricle] Dice: 94.95
[2024-05-09 23:30:52,100][    INFO] ***** Evaluation ***** >>>> MeanDice: 90.25

