/var/lib/slurm-llnl/slurmd/job04672/slurm_script: line 12: module: command not found
[2024-07-07 20:11:35,170][    INFO] {'batch_size': 12,
 'conf_thresh': 0.95,
 'crop_size': 256,
 'data_root': '/vol/aimspace/projects/ukbb/data/cardiac/cardiac_segmentations/subjects',
 'dataset': 'ukbb',
 'epochs': 50,
 'exp': '4',
 'local_rank': 0,
 'lr': 0.01,
 'mode': 'train',
 'nclass': 4,
 'nclass_classif': 3,
 'ngpus': 1,
 'num_workers': 1,
 'port': 8043,
 'seed': '43',
 'seg_model': 'unet',
 'split': 18,
 'task': 'multi_task',
 'visualize': False}

[2024-07-07 20:11:35,242][    INFO] Total params: 1.9M

[2024-07-07 20:11:36,350][    INFO] ************ Load from checkpoint at epoch 0

[2024-07-07 20:11:36,350][    INFO] ===========> Epoch: 1, LR: 0.00013, Previous best: 9.06
[2024-07-07 20:11:39,915][    INFO] Iters: 0, Total loss: 0.589
[2024-07-07 20:11:53,736][    INFO] Iters: 15, Total loss: 0.566
[2024-07-07 20:12:01,507][    INFO] Iters: 30, Total loss: 0.546
[2024-07-07 20:12:09,600][    INFO] Iters: 45, Total loss: 0.525
[2024-07-07 20:12:18,124][    INFO] Iters: 60, Total loss: 0.505
[2024-07-07 20:12:30,801][    INFO] Iters: 75, Total loss: 0.490
[2024-07-07 20:12:42,142][    INFO] Iters: 90, Total loss: 0.476
[2024-07-07 20:12:51,251][    INFO] Iters: 105, Total loss: 0.468
[2024-07-07 20:13:00,382][    INFO] Iters: 120, Total loss: 0.458
[2024-07-07 20:13:09,458][    INFO] ***** Evaluation ***** >>>> Class [0 Right Ventricle] Dice: 36.57
[2024-07-07 20:13:09,458][    INFO] ***** Evaluation ***** >>>> Class [1 Myocardium] Dice: 65.81
[2024-07-07 20:13:09,458][    INFO] ***** Evaluation ***** >>>> Class [2 Left Ventricle] Dice: 71.05
[2024-07-07 20:13:09,458][    INFO] ***** Evaluation ***** >>>> MeanDice: 57.81
[2024-07-07 20:13:09,458][    INFO] ***** Evaluation ***** >>>> Classifications Accuracy: 25.925925925925924

[2024-07-07 20:13:09,937][    INFO] ===========> Epoch: 2, LR: 0.00964, Previous best: 57.81
[2024-07-07 20:13:10,685][    INFO] Iters: 0, Total loss: 0.362
[2024-07-07 20:13:17,615][    INFO] Iters: 15, Total loss: 0.377
[2024-07-07 20:13:35,907][    INFO] Iters: 30, Total loss: 0.373
[2024-07-07 20:13:47,001][    INFO] Iters: 45, Total loss: 0.380
[2024-07-07 20:13:58,767][    INFO] Iters: 60, Total loss: 0.381
[2024-07-07 20:14:11,281][    INFO] Iters: 75, Total loss: 0.377
[2024-07-07 20:14:24,833][    INFO] Iters: 90, Total loss: 0.375
[2024-07-07 20:14:36,403][    INFO] Iters: 105, Total loss: 0.372
[2024-07-07 20:14:47,564][    INFO] Iters: 120, Total loss: 0.372
[2024-07-07 20:15:02,250][    INFO] ***** Evaluation ***** >>>> Class [0 Right Ventricle] Dice: 78.82
[2024-07-07 20:15:02,250][    INFO] ***** Evaluation ***** >>>> Class [1 Myocardium] Dice: 75.10
[2024-07-07 20:15:02,250][    INFO] ***** Evaluation ***** >>>> Class [2 Left Ventricle] Dice: 86.21
[2024-07-07 20:15:02,250][    INFO] ***** Evaluation ***** >>>> MeanDice: 80.04
[2024-07-07 20:15:02,250][    INFO] ***** Evaluation ***** >>>> Classifications Accuracy: 25.925925925925924

[2024-07-07 20:15:03,353][    INFO] ===========> Epoch: 3, LR: 0.00946, Previous best: 80.04
[2024-07-07 20:15:04,362][    INFO] Iters: 0, Total loss: 0.299
[2024-07-07 20:15:15,638][    INFO] Iters: 15, Total loss: 0.363
[2024-07-07 20:15:28,050][    INFO] Iters: 30, Total loss: 0.354
[2024-07-07 20:15:39,626][    INFO] Iters: 45, Total loss: 0.352
[2024-07-07 20:15:51,411][    INFO] Iters: 60, Total loss: 0.353
[2024-07-07 20:16:04,221][    INFO] Iters: 75, Total loss: 0.353
[2024-07-07 20:16:13,884][    INFO] Iters: 90, Total loss: 0.354
[2024-07-07 20:16:24,333][    INFO] Iters: 105, Total loss: 0.353
[2024-07-07 20:16:37,757][    INFO] Iters: 120, Total loss: 0.355
[2024-07-07 20:16:53,130][    INFO] ***** Evaluation ***** >>>> Class [0 Right Ventricle] Dice: 79.34
[2024-07-07 20:16:53,130][    INFO] ***** Evaluation ***** >>>> Class [1 Myocardium] Dice: 73.98
[2024-07-07 20:16:53,130][    INFO] ***** Evaluation ***** >>>> Class [2 Left Ventricle] Dice: 86.77
[2024-07-07 20:16:53,130][    INFO] ***** Evaluation ***** >>>> MeanDice: 80.03
[2024-07-07 20:16:53,130][    INFO] ***** Evaluation ***** >>>> Classifications Accuracy: 34.25925925925926

[2024-07-07 20:16:53,663][    INFO] ===========> Epoch: 4, LR: 0.00928, Previous best: 80.04
[2024-07-07 20:16:54,547][    INFO] Iters: 0, Total loss: 0.295
[2024-07-07 20:17:04,779][    INFO] Iters: 15, Total loss: 0.331
[2024-07-07 20:17:14,389][    INFO] Iters: 30, Total loss: 0.343
[2024-07-07 20:17:22,615][    INFO] Iters: 45, Total loss: 0.345
[2024-07-07 20:17:34,348][    INFO] Iters: 60, Total loss: 0.343
[2024-07-07 20:17:44,137][    INFO] Iters: 75, Total loss: 0.340
[2024-07-07 20:17:56,557][    INFO] Iters: 90, Total loss: 0.340
[2024-07-07 20:18:06,144][    INFO] Iters: 105, Total loss: 0.337
[2024-07-07 20:18:16,312][    INFO] Iters: 120, Total loss: 0.336
[2024-07-07 20:18:32,070][    INFO] ***** Evaluation ***** >>>> Class [0 Right Ventricle] Dice: 60.57
[2024-07-07 20:18:32,070][    INFO] ***** Evaluation ***** >>>> Class [1 Myocardium] Dice: 69.35
[2024-07-07 20:18:32,070][    INFO] ***** Evaluation ***** >>>> Class [2 Left Ventricle] Dice: 73.47
[2024-07-07 20:18:32,070][    INFO] ***** Evaluation ***** >>>> MeanDice: 67.80
[2024-07-07 20:18:32,070][    INFO] ***** Evaluation ***** >>>> Classifications Accuracy: 37.03703703703704

[2024-07-07 20:18:32,339][    INFO] ===========> Epoch: 5, LR: 0.00910, Previous best: 80.04
[2024-07-07 20:18:32,968][    INFO] Iters: 0, Total loss: 0.340
[2024-07-07 20:18:41,864][    INFO] Iters: 15, Total loss: 0.336
[2024-07-07 20:18:51,272][    INFO] Iters: 30, Total loss: 0.330
[2024-07-07 20:19:00,546][    INFO] Iters: 45, Total loss: 0.328
[2024-07-07 20:19:10,104][    INFO] Iters: 60, Total loss: 0.329
[2024-07-07 20:19:16,980][    INFO] Iters: 75, Total loss: 0.329
[2024-07-07 20:19:28,172][    INFO] Iters: 90, Total loss: 0.327
[2024-07-07 20:19:39,446][    INFO] Iters: 105, Total loss: 0.326
[2024-07-07 20:19:52,334][    INFO] Iters: 120, Total loss: 0.326
[2024-07-07 20:20:08,995][    INFO] ***** Evaluation ***** >>>> Class [0 Right Ventricle] Dice: 82.87
[2024-07-07 20:20:08,995][    INFO] ***** Evaluation ***** >>>> Class [1 Myocardium] Dice: 86.04
[2024-07-07 20:20:08,995][    INFO] ***** Evaluation ***** >>>> Class [2 Left Ventricle] Dice: 94.49
[2024-07-07 20:20:08,995][    INFO] ***** Evaluation ***** >>>> MeanDice: 87.80
[2024-07-07 20:20:08,995][    INFO] ***** Evaluation ***** >>>> Classifications Accuracy: 37.03703703703704

[2024-07-07 20:20:10,408][    INFO] ===========> Epoch: 6, LR: 0.00891, Previous best: 87.80
[2024-07-07 20:20:11,616][    INFO] Iters: 0, Total loss: 0.298
[2024-07-07 20:20:22,714][    INFO] Iters: 15, Total loss: 0.307
[2024-07-07 20:20:32,174][    INFO] Iters: 30, Total loss: 0.316
[2024-07-07 20:20:41,520][    INFO] Iters: 45, Total loss: 0.322
[2024-07-07 20:20:48,604][    INFO] Iters: 60, Total loss: 0.321
[2024-07-07 20:20:57,850][    INFO] Iters: 75, Total loss: 0.319
[2024-07-07 20:21:05,993][    INFO] Iters: 90, Total loss: 0.316
[2024-07-07 20:21:13,495][    INFO] Iters: 105, Total loss: 0.316
[2024-07-07 20:21:25,124][    INFO] Iters: 120, Total loss: 0.320
[2024-07-07 20:21:39,081][    INFO] ***** Evaluation ***** >>>> Class [0 Right Ventricle] Dice: 79.63
[2024-07-07 20:21:39,082][    INFO] ***** Evaluation ***** >>>> Class [1 Myocardium] Dice: 83.35
[2024-07-07 20:21:39,082][    INFO] ***** Evaluation ***** >>>> Class [2 Left Ventricle] Dice: 90.87
[2024-07-07 20:21:39,082][    INFO] ***** Evaluation ***** >>>> MeanDice: 84.62
[2024-07-07 20:21:39,082][    INFO] ***** Evaluation ***** >>>> Classifications Accuracy: 36.11111111111111

[2024-07-07 20:21:39,300][    INFO] ===========> Epoch: 7, LR: 0.00873, Previous best: 87.80
[2024-07-07 20:21:40,353][    INFO] Iters: 0, Total loss: 0.348
[2024-07-07 20:21:52,130][    INFO] Iters: 15, Total loss: 0.324
[2024-07-07 20:22:02,860][    INFO] Iters: 30, Total loss: 0.327
[2024-07-07 20:22:13,948][    INFO] Iters: 45, Total loss: 0.317
[2024-07-07 20:22:25,125][    INFO] Iters: 60, Total loss: 0.314
[2024-07-07 20:22:35,189][    INFO] Iters: 75, Total loss: 0.315
[2024-07-07 20:22:46,094][    INFO] Iters: 90, Total loss: 0.315
[2024-07-07 20:22:58,720][    INFO] Iters: 105, Total loss: 0.316
[2024-07-07 20:23:07,122][    INFO] Iters: 120, Total loss: 0.311
[2024-07-07 20:23:21,760][    INFO] ***** Evaluation ***** >>>> Class [0 Right Ventricle] Dice: 85.31
[2024-07-07 20:23:21,760][    INFO] ***** Evaluation ***** >>>> Class [1 Myocardium] Dice: 85.65
[2024-07-07 20:23:21,760][    INFO] ***** Evaluation ***** >>>> Class [2 Left Ventricle] Dice: 93.93
[2024-07-07 20:23:21,760][    INFO] ***** Evaluation ***** >>>> MeanDice: 88.30
[2024-07-07 20:23:21,760][    INFO] ***** Evaluation ***** >>>> Classifications Accuracy: 32.407407407407405

[2024-07-07 20:23:22,326][    INFO] ===========> Epoch: 8, LR: 0.00855, Previous best: 88.30
[2024-07-07 20:23:23,129][    INFO] Iters: 0, Total loss: 0.383
[2024-07-07 20:23:35,418][    INFO] Iters: 15, Total loss: 0.297
[2024-07-07 20:23:45,057][    INFO] Iters: 30, Total loss: 0.302
[2024-07-07 20:23:55,758][    INFO] Iters: 45, Total loss: 0.302
[2024-07-07 20:24:02,966][    INFO] Iters: 60, Total loss: 0.300
[2024-07-07 20:24:11,127][    INFO] Iters: 75, Total loss: 0.297
[2024-07-07 20:24:24,586][    INFO] Iters: 90, Total loss: 0.295
[2024-07-07 20:24:33,889][    INFO] Iters: 105, Total loss: 0.298
[2024-07-07 20:24:41,323][    INFO] Iters: 120, Total loss: 0.298
[2024-07-07 20:24:53,904][    INFO] ***** Evaluation ***** >>>> Class [0 Right Ventricle] Dice: 84.07
[2024-07-07 20:24:53,904][    INFO] ***** Evaluation ***** >>>> Class [1 Myocardium] Dice: 84.41
[2024-07-07 20:24:53,904][    INFO] ***** Evaluation ***** >>>> Class [2 Left Ventricle] Dice: 91.57
[2024-07-07 20:24:53,904][    INFO] ***** Evaluation ***** >>>> MeanDice: 86.69
[2024-07-07 20:24:53,904][    INFO] ***** Evaluation ***** >>>> Classifications Accuracy: 40.27777777777778

[2024-07-07 20:24:54,137][    INFO] ===========> Epoch: 9, LR: 0.00837, Previous best: 88.30
[2024-07-07 20:24:55,509][    INFO] Iters: 0, Total loss: 0.219
[2024-07-07 20:25:03,710][    INFO] Iters: 15, Total loss: 0.278
[2024-07-07 20:25:14,721][    INFO] Iters: 30, Total loss: 0.292
[2024-07-07 20:25:22,962][    INFO] Iters: 45, Total loss: 0.289
[2024-07-07 20:25:34,577][    INFO] Iters: 60, Total loss: 0.292
[2024-07-07 20:25:42,124][    INFO] Iters: 75, Total loss: 0.297
[2024-07-07 20:25:49,844][    INFO] Iters: 90, Total loss: 0.295
[2024-07-07 20:25:58,375][    INFO] Iters: 105, Total loss: 0.296
[2024-07-07 20:26:05,621][    INFO] Iters: 120, Total loss: 0.297
[2024-07-07 20:26:20,346][    INFO] ***** Evaluation ***** >>>> Class [0 Right Ventricle] Dice: 81.68
[2024-07-07 20:26:20,347][    INFO] ***** Evaluation ***** >>>> Class [1 Myocardium] Dice: 85.04
[2024-07-07 20:26:20,347][    INFO] ***** Evaluation ***** >>>> Class [2 Left Ventricle] Dice: 93.20
[2024-07-07 20:26:20,347][    INFO] ***** Evaluation ***** >>>> MeanDice: 86.64
[2024-07-07 20:26:20,347][    INFO] ***** Evaluation ***** >>>> Classifications Accuracy: 37.5

[2024-07-07 20:26:20,610][    INFO] ===========> Epoch: 10, LR: 0.00818, Previous best: 88.30
[2024-07-07 20:26:21,520][    INFO] Iters: 0, Total loss: 0.345
[2024-07-07 20:26:32,920][    INFO] Iters: 15, Total loss: 0.318
[2024-07-07 20:26:40,939][    INFO] Iters: 30, Total loss: 0.299
[2024-07-07 20:26:50,437][    INFO] Iters: 45, Total loss: 0.288
[2024-07-07 20:26:56,916][    INFO] Iters: 60, Total loss: 0.288
[2024-07-07 20:27:03,247][    INFO] Iters: 75, Total loss: 0.282
[2024-07-07 20:27:10,927][    INFO] Iters: 90, Total loss: 0.283
[2024-07-07 20:27:19,337][    INFO] Iters: 105, Total loss: 0.283
[2024-07-07 20:27:29,731][    INFO] Iters: 120, Total loss: 0.286
[2024-07-07 20:27:42,306][    INFO] ***** Evaluation ***** >>>> Class [0 Right Ventricle] Dice: 83.70
[2024-07-07 20:27:42,307][    INFO] ***** Evaluation ***** >>>> Class [1 Myocardium] Dice: 83.00
[2024-07-07 20:27:42,307][    INFO] ***** Evaluation ***** >>>> Class [2 Left Ventricle] Dice: 88.03
[2024-07-07 20:27:42,307][    INFO] ***** Evaluation ***** >>>> MeanDice: 84.91
[2024-07-07 20:27:42,307][    INFO] ***** Evaluation ***** >>>> Classifications Accuracy: 34.72222222222222

[2024-07-07 20:27:42,540][    INFO] ===========> Epoch: 11, LR: 0.00800, Previous best: 88.30
[2024-07-07 20:27:43,203][    INFO] Iters: 0, Total loss: 0.214
[2024-07-07 20:27:51,837][    INFO] Iters: 15, Total loss: 0.310
[2024-07-07 20:27:58,820][    INFO] Iters: 30, Total loss: 0.289
[2024-07-07 20:28:06,846][    INFO] Iters: 45, Total loss: 0.279
[2024-07-07 20:28:16,050][    INFO] Iters: 60, Total loss: 0.282
[2024-07-07 20:28:25,360][    INFO] Iters: 75, Total loss: 0.285
[2024-07-07 20:28:36,785][    INFO] Iters: 90, Total loss: 0.283
[2024-07-07 20:28:43,946][    INFO] Iters: 105, Total loss: 0.283
[2024-07-07 20:28:52,013][    INFO] Iters: 120, Total loss: 0.280
[2024-07-07 20:29:01,439][    INFO] ***** Evaluation ***** >>>> Class [0 Right Ventricle] Dice: 83.38
[2024-07-07 20:29:01,439][    INFO] ***** Evaluation ***** >>>> Class [1 Myocardium] Dice: 86.31
[2024-07-07 20:29:01,439][    INFO] ***** Evaluation ***** >>>> Class [2 Left Ventricle] Dice: 93.45
[2024-07-07 20:29:01,439][    INFO] ***** Evaluation ***** >>>> MeanDice: 87.71
[2024-07-07 20:29:01,439][    INFO] ***** Evaluation ***** >>>> Classifications Accuracy: 27.77777777777778

[2024-07-07 20:29:01,687][    INFO] ===========> Epoch: 12, LR: 0.00781, Previous best: 88.30
[2024-07-07 20:29:02,309][    INFO] Iters: 0, Total loss: 0.219
[2024-07-07 20:29:16,413][    INFO] Iters: 15, Total loss: 0.238
[2024-07-07 20:29:29,082][    INFO] Iters: 30, Total loss: 0.249
[2024-07-07 20:29:38,533][    INFO] Iters: 45, Total loss: 0.269
[2024-07-07 20:29:48,566][    INFO] Iters: 60, Total loss: 0.265
[2024-07-07 20:29:56,872][    INFO] Iters: 75, Total loss: 0.265
[2024-07-07 20:30:07,800][    INFO] Iters: 90, Total loss: 0.265
[2024-07-07 20:30:22,848][    INFO] Iters: 105, Total loss: 0.260
[2024-07-07 20:30:34,550][    INFO] Iters: 120, Total loss: 0.259
[2024-07-07 20:30:50,121][    INFO] ***** Evaluation ***** >>>> Class [0 Right Ventricle] Dice: 83.56
[2024-07-07 20:30:50,121][    INFO] ***** Evaluation ***** >>>> Class [1 Myocardium] Dice: 84.19
[2024-07-07 20:30:50,121][    INFO] ***** Evaluation ***** >>>> Class [2 Left Ventricle] Dice: 84.48
[2024-07-07 20:30:50,121][    INFO] ***** Evaluation ***** >>>> MeanDice: 84.08
[2024-07-07 20:30:50,121][    INFO] ***** Evaluation ***** >>>> Classifications Accuracy: 37.03703703703704

[2024-07-07 20:30:50,347][    INFO] ===========> Epoch: 13, LR: 0.00763, Previous best: 88.30
[2024-07-07 20:30:51,175][    INFO] Iters: 0, Total loss: 0.215
[2024-07-07 20:31:00,469][    INFO] Iters: 15, Total loss: 0.217
[2024-07-07 20:31:14,942][    INFO] Iters: 30, Total loss: 0.245
[2024-07-07 20:31:28,424][    INFO] Iters: 45, Total loss: 0.253
[2024-07-07 20:31:38,479][    INFO] Iters: 60, Total loss: 0.260
[2024-07-07 20:31:48,016][    INFO] Iters: 75, Total loss: 0.266
[2024-07-07 20:31:56,855][    INFO] Iters: 90, Total loss: 0.262
[2024-07-07 20:32:04,623][    INFO] Iters: 105, Total loss: 0.265
[2024-07-07 20:32:15,017][    INFO] Iters: 120, Total loss: 0.267
[2024-07-07 20:32:33,409][    INFO] ***** Evaluation ***** >>>> Class [0 Right Ventricle] Dice: 85.06
[2024-07-07 20:32:33,409][    INFO] ***** Evaluation ***** >>>> Class [1 Myocardium] Dice: 82.44
[2024-07-07 20:32:33,409][    INFO] ***** Evaluation ***** >>>> Class [2 Left Ventricle] Dice: 91.38
[2024-07-07 20:32:33,409][    INFO] ***** Evaluation ***** >>>> MeanDice: 86.29
[2024-07-07 20:32:33,409][    INFO] ***** Evaluation ***** >>>> Classifications Accuracy: 29.166666666666668

[2024-07-07 20:32:34,209][    INFO] ===========> Epoch: 14, LR: 0.00744, Previous best: 88.30
[2024-07-07 20:32:35,068][    INFO] Iters: 0, Total loss: 0.265
[2024-07-07 20:32:47,837][    INFO] Iters: 15, Total loss: 0.260
[2024-07-07 20:32:58,274][    INFO] Iters: 30, Total loss: 0.257
[2024-07-07 20:33:09,866][    INFO] Iters: 45, Total loss: 0.251
[2024-07-07 20:33:20,849][    INFO] Iters: 60, Total loss: 0.252
[2024-07-07 20:33:38,876][    INFO] Iters: 75, Total loss: 0.251
[2024-07-07 20:33:48,838][    INFO] Iters: 90, Total loss: 0.253
[2024-07-07 20:34:00,463][    INFO] Iters: 105, Total loss: 0.254
[2024-07-07 20:34:16,829][    INFO] Iters: 120, Total loss: 0.251
[2024-07-07 20:34:34,510][    INFO] ***** Evaluation ***** >>>> Class [0 Right Ventricle] Dice: 85.82
[2024-07-07 20:34:34,510][    INFO] ***** Evaluation ***** >>>> Class [1 Myocardium] Dice: 84.84
[2024-07-07 20:34:34,510][    INFO] ***** Evaluation ***** >>>> Class [2 Left Ventricle] Dice: 93.78
[2024-07-07 20:34:34,510][    INFO] ***** Evaluation ***** >>>> MeanDice: 88.15
[2024-07-07 20:34:34,510][    INFO] ***** Evaluation ***** >>>> Classifications Accuracy: 40.27777777777778

[2024-07-07 20:34:34,705][    INFO] ===========> Epoch: 15, LR: 0.00726, Previous best: 88.30
[2024-07-07 20:34:35,717][    INFO] Iters: 0, Total loss: 0.252
[2024-07-07 20:34:47,276][    INFO] Iters: 15, Total loss: 0.254
[2024-07-07 20:34:57,427][    INFO] Iters: 30, Total loss: 0.262
[2024-07-07 20:35:15,985][    INFO] Iters: 45, Total loss: 0.250
[2024-07-07 20:35:32,218][    INFO] Iters: 60, Total loss: 0.249
[2024-07-07 20:35:44,615][    INFO] Iters: 75, Total loss: 0.257
[2024-07-07 20:35:53,028][    INFO] Iters: 90, Total loss: 0.256
[2024-07-07 20:36:03,047][    INFO] Iters: 105, Total loss: 0.259
[2024-07-07 20:36:10,815][    INFO] Iters: 120, Total loss: 0.258
[2024-07-07 20:36:20,705][    INFO] ***** Evaluation ***** >>>> Class [0 Right Ventricle] Dice: 87.99
[2024-07-07 20:36:20,705][    INFO] ***** Evaluation ***** >>>> Class [1 Myocardium] Dice: 85.80
[2024-07-07 20:36:20,705][    INFO] ***** Evaluation ***** >>>> Class [2 Left Ventricle] Dice: 94.69
[2024-07-07 20:36:20,705][    INFO] ***** Evaluation ***** >>>> MeanDice: 89.50
[2024-07-07 20:36:20,705][    INFO] ***** Evaluation ***** >>>> Classifications Accuracy: 36.11111111111111

[2024-07-07 20:36:21,165][    INFO] ===========> Epoch: 16, LR: 0.00707, Previous best: 89.50
[2024-07-07 20:36:22,097][    INFO] Iters: 0, Total loss: 0.184
[2024-07-07 20:36:33,552][    INFO] Iters: 15, Total loss: 0.217
[2024-07-07 20:36:44,671][    INFO] Iters: 30, Total loss: 0.224
[2024-07-07 20:36:54,381][    INFO] Iters: 45, Total loss: 0.223
[2024-07-07 20:37:03,145][    INFO] Iters: 60, Total loss: 0.226
[2024-07-07 20:37:10,724][    INFO] Iters: 75, Total loss: 0.230
[2024-07-07 20:37:25,939][    INFO] Iters: 90, Total loss: 0.231
[2024-07-07 20:37:38,609][    INFO] Iters: 105, Total loss: 0.237
[2024-07-07 20:37:50,141][    INFO] Iters: 120, Total loss: 0.236
[2024-07-07 20:38:04,338][    INFO] ***** Evaluation ***** >>>> Class [0 Right Ventricle] Dice: 87.82
[2024-07-07 20:38:04,338][    INFO] ***** Evaluation ***** >>>> Class [1 Myocardium] Dice: 87.57
[2024-07-07 20:38:04,338][    INFO] ***** Evaluation ***** >>>> Class [2 Left Ventricle] Dice: 93.75
[2024-07-07 20:38:04,338][    INFO] ***** Evaluation ***** >>>> MeanDice: 89.71
[2024-07-07 20:38:04,338][    INFO] ***** Evaluation ***** >>>> Classifications Accuracy: 51.388888888888886

[2024-07-07 20:38:04,912][    INFO] ===========> Epoch: 17, LR: 0.00688, Previous best: 89.71
[2024-07-07 20:38:06,439][    INFO] Iters: 0, Total loss: 0.141
[2024-07-07 20:38:20,482][    INFO] Iters: 15, Total loss: 0.228
[2024-07-07 20:38:36,879][    INFO] Iters: 30, Total loss: 0.236
[2024-07-07 20:38:52,808][    INFO] Iters: 45, Total loss: 0.244
[2024-07-07 20:39:05,691][    INFO] Iters: 60, Total loss: 0.243
[2024-07-07 20:39:17,776][    INFO] Iters: 75, Total loss: 0.235
[2024-07-07 20:39:27,391][    INFO] Iters: 90, Total loss: 0.235
[2024-07-07 20:39:38,653][    INFO] Iters: 105, Total loss: 0.236
[2024-07-07 20:39:46,860][    INFO] Iters: 120, Total loss: 0.236
[2024-07-07 20:40:00,306][    INFO] ***** Evaluation ***** >>>> Class [0 Right Ventricle] Dice: 85.06
[2024-07-07 20:40:00,306][    INFO] ***** Evaluation ***** >>>> Class [1 Myocardium] Dice: 84.46
[2024-07-07 20:40:00,306][    INFO] ***** Evaluation ***** >>>> Class [2 Left Ventricle] Dice: 94.81
[2024-07-07 20:40:00,306][    INFO] ***** Evaluation ***** >>>> MeanDice: 88.11
[2024-07-07 20:40:00,307][    INFO] ***** Evaluation ***** >>>> Classifications Accuracy: 30.555555555555557

[2024-07-07 20:40:00,600][    INFO] ===========> Epoch: 18, LR: 0.00669, Previous best: 89.71
[2024-07-07 20:40:01,470][    INFO] Iters: 0, Total loss: 0.152
[2024-07-07 20:40:09,650][    INFO] Iters: 15, Total loss: 0.219
[2024-07-07 20:40:26,111][    INFO] Iters: 30, Total loss: 0.233
[2024-07-07 20:40:34,151][    INFO] Iters: 45, Total loss: 0.246
[2024-07-07 20:40:48,310][    INFO] Iters: 60, Total loss: 0.243
[2024-07-07 20:41:01,720][    INFO] Iters: 75, Total loss: 0.242
[2024-07-07 20:41:13,797][    INFO] Iters: 90, Total loss: 0.241
[2024-07-07 20:41:26,566][    INFO] Iters: 105, Total loss: 0.234
[2024-07-07 20:41:36,793][    INFO] Iters: 120, Total loss: 0.230
[2024-07-07 20:41:46,616][    INFO] ***** Evaluation ***** >>>> Class [0 Right Ventricle] Dice: 88.74
[2024-07-07 20:41:46,616][    INFO] ***** Evaluation ***** >>>> Class [1 Myocardium] Dice: 86.85
[2024-07-07 20:41:46,616][    INFO] ***** Evaluation ***** >>>> Class [2 Left Ventricle] Dice: 93.82
[2024-07-07 20:41:46,616][    INFO] ***** Evaluation ***** >>>> MeanDice: 89.80
[2024-07-07 20:41:46,616][    INFO] ***** Evaluation ***** >>>> Classifications Accuracy: 34.25925925925926

[2024-07-07 20:41:47,722][    INFO] ===========> Epoch: 19, LR: 0.00651, Previous best: 89.80
[2024-07-07 20:41:48,365][    INFO] Iters: 0, Total loss: 0.316
[2024-07-07 20:41:56,536][    INFO] Iters: 15, Total loss: 0.237
[2024-07-07 20:42:16,991][    INFO] Iters: 30, Total loss: 0.234
[2024-07-07 20:42:28,636][    INFO] Iters: 45, Total loss: 0.231
[2024-07-07 20:42:55,318][    INFO] Iters: 60, Total loss: 0.228
[2024-07-07 20:43:05,169][    INFO] Iters: 75, Total loss: 0.230
[2024-07-07 20:43:12,617][    INFO] Iters: 90, Total loss: 0.231
[2024-07-07 20:43:24,608][    INFO] Iters: 105, Total loss: 0.232
[2024-07-07 20:43:38,792][    INFO] Iters: 120, Total loss: 0.228
[2024-07-07 20:43:53,427][    INFO] ***** Evaluation ***** >>>> Class [0 Right Ventricle] Dice: 86.93
[2024-07-07 20:43:53,427][    INFO] ***** Evaluation ***** >>>> Class [1 Myocardium] Dice: 87.07
[2024-07-07 20:43:53,427][    INFO] ***** Evaluation ***** >>>> Class [2 Left Ventricle] Dice: 95.46
[2024-07-07 20:43:53,427][    INFO] ***** Evaluation ***** >>>> MeanDice: 89.82
[2024-07-07 20:43:53,427][    INFO] ***** Evaluation ***** >>>> Classifications Accuracy: 43.05555555555556

[2024-07-07 20:43:53,921][    INFO] ===========> Epoch: 20, LR: 0.00632, Previous best: 89.82
[2024-07-07 20:43:54,869][    INFO] Iters: 0, Total loss: 0.191
[2024-07-07 20:44:17,087][    INFO] Iters: 15, Total loss: 0.193
[2024-07-07 20:44:28,148][    INFO] Iters: 30, Total loss: 0.198
[2024-07-07 20:44:40,217][    INFO] Iters: 45, Total loss: 0.196
[2024-07-07 20:44:49,491][    INFO] Iters: 60, Total loss: 0.195
[2024-07-07 20:45:00,505][    INFO] Iters: 75, Total loss: 0.197
[2024-07-07 20:45:22,204][    INFO] Iters: 90, Total loss: 0.195
[2024-07-07 20:45:31,701][    INFO] Iters: 105, Total loss: 0.201
[2024-07-07 20:45:41,926][    INFO] Iters: 120, Total loss: 0.204
[2024-07-07 20:45:57,983][    INFO] ***** Evaluation ***** >>>> Class [0 Right Ventricle] Dice: 86.80
[2024-07-07 20:45:57,983][    INFO] ***** Evaluation ***** >>>> Class [1 Myocardium] Dice: 87.57
[2024-07-07 20:45:57,983][    INFO] ***** Evaluation ***** >>>> Class [2 Left Ventricle] Dice: 94.77
[2024-07-07 20:45:57,983][    INFO] ***** Evaluation ***** >>>> MeanDice: 89.72
[2024-07-07 20:45:57,983][    INFO] ***** Evaluation ***** >>>> Classifications Accuracy: 40.27777777777778

[2024-07-07 20:45:58,614][    INFO] ===========> Epoch: 21, LR: 0.00613, Previous best: 89.82
[2024-07-07 20:46:00,609][    INFO] Iters: 0, Total loss: 0.149
[2024-07-07 20:46:11,916][    INFO] Iters: 15, Total loss: 0.199
[2024-07-07 20:46:21,364][    INFO] Iters: 30, Total loss: 0.212
[2024-07-07 20:46:32,475][    INFO] Iters: 45, Total loss: 0.213
[2024-07-07 20:46:43,555][    INFO] Iters: 60, Total loss: 0.209
[2024-07-07 20:46:55,920][    INFO] Iters: 75, Total loss: 0.213
[2024-07-07 20:47:08,314][    INFO] Iters: 90, Total loss: 0.208
[2024-07-07 20:47:21,924][    INFO] Iters: 105, Total loss: 0.213
[2024-07-07 20:47:29,345][    INFO] Iters: 120, Total loss: 0.213
[2024-07-07 20:47:40,716][    INFO] ***** Evaluation ***** >>>> Class [0 Right Ventricle] Dice: 88.97
[2024-07-07 20:47:40,716][    INFO] ***** Evaluation ***** >>>> Class [1 Myocardium] Dice: 88.81
[2024-07-07 20:47:40,716][    INFO] ***** Evaluation ***** >>>> Class [2 Left Ventricle] Dice: 94.80
[2024-07-07 20:47:40,716][    INFO] ***** Evaluation ***** >>>> MeanDice: 90.86
[2024-07-07 20:47:40,716][    INFO] ***** Evaluation ***** >>>> Classifications Accuracy: 52.77777777777778

[2024-07-07 20:47:41,122][    INFO] ===========> Epoch: 22, LR: 0.00594, Previous best: 90.86
[2024-07-07 20:47:41,833][    INFO] Iters: 0, Total loss: 0.149
[2024-07-07 20:47:52,039][    INFO] Iters: 15, Total loss: 0.180
[2024-07-07 20:48:05,211][    INFO] Iters: 30, Total loss: 0.218
[2024-07-07 20:48:12,347][    INFO] Iters: 45, Total loss: 0.229
[2024-07-07 20:48:25,990][    INFO] Iters: 60, Total loss: 0.231
[2024-07-07 20:48:36,766][    INFO] Iters: 75, Total loss: 0.226
[2024-07-07 20:48:45,144][    INFO] Iters: 90, Total loss: 0.223
[2024-07-07 20:48:54,555][    INFO] Iters: 105, Total loss: 0.219
[2024-07-07 20:49:03,412][    INFO] Iters: 120, Total loss: 0.216
[2024-07-07 20:49:12,337][    INFO] ***** Evaluation ***** >>>> Class [0 Right Ventricle] Dice: 90.13
[2024-07-07 20:49:12,337][    INFO] ***** Evaluation ***** >>>> Class [1 Myocardium] Dice: 88.72
[2024-07-07 20:49:12,337][    INFO] ***** Evaluation ***** >>>> Class [2 Left Ventricle] Dice: 94.26
[2024-07-07 20:49:12,337][    INFO] ***** Evaluation ***** >>>> MeanDice: 91.04
[2024-07-07 20:49:12,337][    INFO] ***** Evaluation ***** >>>> Classifications Accuracy: 25.925925925925924

[2024-07-07 20:49:13,442][    INFO] ===========> Epoch: 23, LR: 0.00574, Previous best: 91.04
[2024-07-07 20:49:14,214][    INFO] Iters: 0, Total loss: 0.170
[2024-07-07 20:49:25,788][    INFO] Iters: 15, Total loss: 0.164
[2024-07-07 20:49:37,085][    INFO] Iters: 30, Total loss: 0.179
[2024-07-07 20:49:45,550][    INFO] Iters: 45, Total loss: 0.199
[2024-07-07 20:50:04,142][    INFO] Iters: 60, Total loss: 0.201
[2024-07-07 20:50:19,126][    INFO] Iters: 75, Total loss: 0.197
[2024-07-07 20:50:33,386][    INFO] Iters: 90, Total loss: 0.194
[2024-07-07 20:50:46,648][    INFO] Iters: 105, Total loss: 0.185
[2024-07-07 20:50:55,230][    INFO] Iters: 120, Total loss: 0.187
[2024-07-07 20:51:04,210][    INFO] ***** Evaluation ***** >>>> Class [0 Right Ventricle] Dice: 89.48
[2024-07-07 20:51:04,210][    INFO] ***** Evaluation ***** >>>> Class [1 Myocardium] Dice: 88.40
[2024-07-07 20:51:04,210][    INFO] ***** Evaluation ***** >>>> Class [2 Left Ventricle] Dice: 95.33
[2024-07-07 20:51:04,210][    INFO] ***** Evaluation ***** >>>> MeanDice: 91.07
[2024-07-07 20:51:04,210][    INFO] ***** Evaluation ***** >>>> Classifications Accuracy: 50.0

[2024-07-07 20:51:04,650][    INFO] ===========> Epoch: 24, LR: 0.00555, Previous best: 91.07
[2024-07-07 20:51:05,185][    INFO] Iters: 0, Total loss: 0.198
[2024-07-07 20:51:14,215][    INFO] Iters: 15, Total loss: 0.165
[2024-07-07 20:51:22,926][    INFO] Iters: 30, Total loss: 0.193
[2024-07-07 20:51:30,871][    INFO] Iters: 45, Total loss: 0.198
[2024-07-07 20:51:39,593][    INFO] Iters: 60, Total loss: 0.194
[2024-07-07 20:51:48,263][    INFO] Iters: 75, Total loss: 0.193
[2024-07-07 20:52:00,077][    INFO] Iters: 90, Total loss: 0.199
[2024-07-07 20:52:07,308][    INFO] Iters: 105, Total loss: 0.200
[2024-07-07 20:52:14,810][    INFO] Iters: 120, Total loss: 0.198
[2024-07-07 20:52:26,621][    INFO] ***** Evaluation ***** >>>> Class [0 Right Ventricle] Dice: 89.33
[2024-07-07 20:52:26,621][    INFO] ***** Evaluation ***** >>>> Class [1 Myocardium] Dice: 88.94
[2024-07-07 20:52:26,621][    INFO] ***** Evaluation ***** >>>> Class [2 Left Ventricle] Dice: 94.76
[2024-07-07 20:52:26,621][    INFO] ***** Evaluation ***** >>>> MeanDice: 91.01
[2024-07-07 20:52:26,621][    INFO] ***** Evaluation ***** >>>> Classifications Accuracy: 39.81481481481482

[2024-07-07 20:52:26,946][    INFO] ===========> Epoch: 25, LR: 0.00536, Previous best: 91.07
[2024-07-07 20:52:28,036][    INFO] Iters: 0, Total loss: 0.273
[2024-07-07 20:52:36,895][    INFO] Iters: 15, Total loss: 0.165
[2024-07-07 20:52:47,642][    INFO] Iters: 30, Total loss: 0.164
[2024-07-07 20:52:56,515][    INFO] Iters: 45, Total loss: 0.162
[2024-07-07 20:53:04,793][    INFO] Iters: 60, Total loss: 0.163
[2024-07-07 20:53:12,924][    INFO] Iters: 75, Total loss: 0.173
[2024-07-07 20:53:24,008][    INFO] Iters: 90, Total loss: 0.181
[2024-07-07 20:53:32,647][    INFO] Iters: 105, Total loss: 0.183
[2024-07-07 20:53:43,009][    INFO] Iters: 120, Total loss: 0.189
[2024-07-07 20:53:59,292][    INFO] ***** Evaluation ***** >>>> Class [0 Right Ventricle] Dice: 89.87
[2024-07-07 20:53:59,292][    INFO] ***** Evaluation ***** >>>> Class [1 Myocardium] Dice: 89.34
[2024-07-07 20:53:59,292][    INFO] ***** Evaluation ***** >>>> Class [2 Left Ventricle] Dice: 95.64
[2024-07-07 20:53:59,292][    INFO] ***** Evaluation ***** >>>> MeanDice: 91.61
[2024-07-07 20:53:59,292][    INFO] ***** Evaluation ***** >>>> Classifications Accuracy: 50.0

[2024-07-07 20:53:59,788][    INFO] ===========> Epoch: 26, LR: 0.00517, Previous best: 91.61
[2024-07-07 20:54:01,378][    INFO] Iters: 0, Total loss: 0.282
[2024-07-07 20:54:12,375][    INFO] Iters: 15, Total loss: 0.185
[2024-07-07 20:54:23,058][    INFO] Iters: 30, Total loss: 0.174
[2024-07-07 20:54:30,565][    INFO] Iters: 45, Total loss: 0.163
[2024-07-07 20:54:43,791][    INFO] Iters: 60, Total loss: 0.166
[2024-07-07 20:54:55,304][    INFO] Iters: 75, Total loss: 0.165
[2024-07-07 20:55:01,640][    INFO] Iters: 90, Total loss: 0.171
[2024-07-07 20:55:10,154][    INFO] Iters: 105, Total loss: 0.171
[2024-07-07 20:55:19,774][    INFO] Iters: 120, Total loss: 0.172
[2024-07-07 20:55:29,726][    INFO] ***** Evaluation ***** >>>> Class [0 Right Ventricle] Dice: 89.08
[2024-07-07 20:55:29,726][    INFO] ***** Evaluation ***** >>>> Class [1 Myocardium] Dice: 86.42
[2024-07-07 20:55:29,726][    INFO] ***** Evaluation ***** >>>> Class [2 Left Ventricle] Dice: 94.84
[2024-07-07 20:55:29,726][    INFO] ***** Evaluation ***** >>>> MeanDice: 90.11
[2024-07-07 20:55:29,726][    INFO] ***** Evaluation ***** >>>> Classifications Accuracy: 32.407407407407405

[2024-07-07 20:55:29,953][    INFO] ===========> Epoch: 27, LR: 0.00497, Previous best: 91.61
[2024-07-07 20:55:30,461][    INFO] Iters: 0, Total loss: 0.277
[2024-07-07 20:55:37,361][    INFO] Iters: 15, Total loss: 0.192
[2024-07-07 20:55:45,003][    INFO] Iters: 30, Total loss: 0.201
[2024-07-07 20:55:54,169][    INFO] Iters: 45, Total loss: 0.187
[2024-07-07 20:56:01,632][    INFO] Iters: 60, Total loss: 0.179
[2024-07-07 20:56:10,437][    INFO] Iters: 75, Total loss: 0.177
[2024-07-07 20:56:22,677][    INFO] Iters: 90, Total loss: 0.184
[2024-07-07 20:56:33,421][    INFO] Iters: 105, Total loss: 0.185
[2024-07-07 20:56:46,403][    INFO] Iters: 120, Total loss: 0.184
[2024-07-07 20:56:59,290][    INFO] ***** Evaluation ***** >>>> Class [0 Right Ventricle] Dice: 85.26
[2024-07-07 20:56:59,291][    INFO] ***** Evaluation ***** >>>> Class [1 Myocardium] Dice: 88.12
[2024-07-07 20:56:59,291][    INFO] ***** Evaluation ***** >>>> Class [2 Left Ventricle] Dice: 95.52
[2024-07-07 20:56:59,291][    INFO] ***** Evaluation ***** >>>> MeanDice: 89.63
[2024-07-07 20:56:59,291][    INFO] ***** Evaluation ***** >>>> Classifications Accuracy: 36.11111111111111

[2024-07-07 20:56:59,549][    INFO] ===========> Epoch: 28, LR: 0.00478, Previous best: 91.61
[2024-07-07 20:57:00,347][    INFO] Iters: 0, Total loss: 0.125
[2024-07-07 20:57:09,567][    INFO] Iters: 15, Total loss: 0.161
[2024-07-07 20:57:16,852][    INFO] Iters: 30, Total loss: 0.183
[2024-07-07 20:57:26,130][    INFO] Iters: 45, Total loss: 0.193
[2024-07-07 20:57:35,899][    INFO] Iters: 60, Total loss: 0.185
[2024-07-07 20:57:44,072][    INFO] Iters: 75, Total loss: 0.186
[2024-07-07 20:57:51,289][    INFO] Iters: 90, Total loss: 0.185
[2024-07-07 20:57:58,735][    INFO] Iters: 105, Total loss: 0.181
[2024-07-07 20:58:05,547][    INFO] Iters: 120, Total loss: 0.180
[2024-07-07 20:58:18,384][    INFO] ***** Evaluation ***** >>>> Class [0 Right Ventricle] Dice: 87.25
[2024-07-07 20:58:18,384][    INFO] ***** Evaluation ***** >>>> Class [1 Myocardium] Dice: 89.71
[2024-07-07 20:58:18,384][    INFO] ***** Evaluation ***** >>>> Class [2 Left Ventricle] Dice: 95.63
[2024-07-07 20:58:18,384][    INFO] ***** Evaluation ***** >>>> MeanDice: 90.86
[2024-07-07 20:58:18,384][    INFO] ***** Evaluation ***** >>>> Classifications Accuracy: 53.24074074074075

[2024-07-07 20:58:18,645][    INFO] ===========> Epoch: 29, LR: 0.00458, Previous best: 91.61
[2024-07-07 20:58:19,455][    INFO] Iters: 0, Total loss: 0.129
[2024-07-07 20:58:29,856][    INFO] Iters: 15, Total loss: 0.168
[2024-07-07 20:58:37,938][    INFO] Iters: 30, Total loss: 0.162
[2024-07-07 20:58:47,465][    INFO] Iters: 45, Total loss: 0.172
[2024-07-07 20:58:55,265][    INFO] Iters: 60, Total loss: 0.171
[2024-07-07 20:59:07,162][    INFO] Iters: 75, Total loss: 0.171
[2024-07-07 20:59:14,045][    INFO] Iters: 90, Total loss: 0.176
[2024-07-07 20:59:26,201][    INFO] Iters: 105, Total loss: 0.172
[2024-07-07 20:59:36,426][    INFO] Iters: 120, Total loss: 0.172
[2024-07-07 20:59:46,466][    INFO] ***** Evaluation ***** >>>> Class [0 Right Ventricle] Dice: 88.06
[2024-07-07 20:59:46,467][    INFO] ***** Evaluation ***** >>>> Class [1 Myocardium] Dice: 87.04
[2024-07-07 20:59:46,467][    INFO] ***** Evaluation ***** >>>> Class [2 Left Ventricle] Dice: 94.85
[2024-07-07 20:59:46,467][    INFO] ***** Evaluation ***** >>>> MeanDice: 89.98
[2024-07-07 20:59:46,467][    INFO] ***** Evaluation ***** >>>> Classifications Accuracy: 28.240740740740737

[2024-07-07 20:59:46,711][    INFO] ===========> Epoch: 30, LR: 0.00439, Previous best: 91.61
[2024-07-07 20:59:47,312][    INFO] Iters: 0, Total loss: 0.172
[2024-07-07 20:59:57,442][    INFO] Iters: 15, Total loss: 0.187
[2024-07-07 21:00:07,062][    INFO] Iters: 30, Total loss: 0.173
[2024-07-07 21:00:13,708][    INFO] Iters: 45, Total loss: 0.167
[2024-07-07 21:00:21,933][    INFO] Iters: 60, Total loss: 0.168
[2024-07-07 21:00:32,260][    INFO] Iters: 75, Total loss: 0.164
[2024-07-07 21:00:41,845][    INFO] Iters: 90, Total loss: 0.165
[2024-07-07 21:00:49,407][    INFO] Iters: 105, Total loss: 0.167
[2024-07-07 21:00:57,560][    INFO] Iters: 120, Total loss: 0.174
[2024-07-07 21:01:09,464][    INFO] ***** Evaluation ***** >>>> Class [0 Right Ventricle] Dice: 88.46
[2024-07-07 21:01:09,464][    INFO] ***** Evaluation ***** >>>> Class [1 Myocardium] Dice: 87.35
[2024-07-07 21:01:09,464][    INFO] ***** Evaluation ***** >>>> Class [2 Left Ventricle] Dice: 95.57
[2024-07-07 21:01:09,464][    INFO] ***** Evaluation ***** >>>> MeanDice: 90.46
[2024-07-07 21:01:09,464][    INFO] ***** Evaluation ***** >>>> Classifications Accuracy: 41.2037037037037

[2024-07-07 21:01:09,681][    INFO] ===========> Epoch: 31, LR: 0.00419, Previous best: 91.61
[2024-07-07 21:01:10,328][    INFO] Iters: 0, Total loss: 0.120
[2024-07-07 21:01:22,616][    INFO] Iters: 15, Total loss: 0.153
[2024-07-07 21:01:30,193][    INFO] Iters: 30, Total loss: 0.147
[2024-07-07 21:01:41,693][    INFO] Iters: 45, Total loss: 0.145
[2024-07-07 21:01:50,424][    INFO] Iters: 60, Total loss: 0.151
[2024-07-07 21:02:00,537][    INFO] Iters: 75, Total loss: 0.146
[2024-07-07 21:02:11,873][    INFO] Iters: 90, Total loss: 0.153
[2024-07-07 21:02:23,564][    INFO] Iters: 105, Total loss: 0.151
[2024-07-07 21:02:34,220][    INFO] Iters: 120, Total loss: 0.153
[2024-07-07 21:02:45,109][    INFO] ***** Evaluation ***** >>>> Class [0 Right Ventricle] Dice: 90.28
[2024-07-07 21:02:45,109][    INFO] ***** Evaluation ***** >>>> Class [1 Myocardium] Dice: 88.31
[2024-07-07 21:02:45,109][    INFO] ***** Evaluation ***** >>>> Class [2 Left Ventricle] Dice: 96.07
[2024-07-07 21:02:45,109][    INFO] ***** Evaluation ***** >>>> MeanDice: 91.55
[2024-07-07 21:02:45,109][    INFO] ***** Evaluation ***** >>>> Classifications Accuracy: 50.92592592592593

[2024-07-07 21:02:45,329][    INFO] ===========> Epoch: 32, LR: 0.00399, Previous best: 91.61
[2024-07-07 21:02:46,215][    INFO] Iters: 0, Total loss: 0.269
[2024-07-07 21:03:01,793][    INFO] Iters: 15, Total loss: 0.154
[2024-07-07 21:03:13,018][    INFO] Iters: 30, Total loss: 0.143
[2024-07-07 21:03:22,308][    INFO] Iters: 45, Total loss: 0.141
[2024-07-07 21:03:32,406][    INFO] Iters: 60, Total loss: 0.139
[2024-07-07 21:03:43,745][    INFO] Iters: 75, Total loss: 0.146
[2024-07-07 21:03:53,766][    INFO] Iters: 90, Total loss: 0.146
[2024-07-07 21:04:03,628][    INFO] Iters: 105, Total loss: 0.146
[2024-07-07 21:04:13,678][    INFO] Iters: 120, Total loss: 0.149
[2024-07-07 21:04:27,204][    INFO] ***** Evaluation ***** >>>> Class [0 Right Ventricle] Dice: 90.05
[2024-07-07 21:04:27,204][    INFO] ***** Evaluation ***** >>>> Class [1 Myocardium] Dice: 88.24
[2024-07-07 21:04:27,204][    INFO] ***** Evaluation ***** >>>> Class [2 Left Ventricle] Dice: 95.70
[2024-07-07 21:04:27,204][    INFO] ***** Evaluation ***** >>>> MeanDice: 91.33
[2024-07-07 21:04:27,204][    INFO] ***** Evaluation ***** >>>> Classifications Accuracy: 38.88888888888889

[2024-07-07 21:04:28,474][    INFO] ===========> Epoch: 33, LR: 0.00379, Previous best: 91.61
[2024-07-07 21:04:30,272][    INFO] Iters: 0, Total loss: 0.178
[2024-07-07 21:04:40,497][    INFO] Iters: 15, Total loss: 0.124
[2024-07-07 21:04:51,436][    INFO] Iters: 30, Total loss: 0.124
[2024-07-07 21:05:05,615][    INFO] Iters: 45, Total loss: 0.129
[2024-07-07 21:05:14,457][    INFO] Iters: 60, Total loss: 0.135
[2024-07-07 21:05:26,750][    INFO] Iters: 75, Total loss: 0.140
[2024-07-07 21:05:35,459][    INFO] Iters: 90, Total loss: 0.143
[2024-07-07 21:05:43,600][    INFO] Iters: 105, Total loss: 0.147
[2024-07-07 21:05:52,526][    INFO] Iters: 120, Total loss: 0.150
[2024-07-07 21:06:02,453][    INFO] ***** Evaluation ***** >>>> Class [0 Right Ventricle] Dice: 89.04
[2024-07-07 21:06:02,453][    INFO] ***** Evaluation ***** >>>> Class [1 Myocardium] Dice: 88.44
[2024-07-07 21:06:02,454][    INFO] ***** Evaluation ***** >>>> Class [2 Left Ventricle] Dice: 96.10
[2024-07-07 21:06:02,454][    INFO] ***** Evaluation ***** >>>> MeanDice: 91.19
[2024-07-07 21:06:02,454][    INFO] ***** Evaluation ***** >>>> Classifications Accuracy: 38.425925925925924

[2024-07-07 21:06:03,597][    INFO] ===========> Epoch: 34, LR: 0.00359, Previous best: 91.61
[2024-07-07 21:06:04,087][    INFO] Iters: 0, Total loss: 0.140
[2024-07-07 21:06:14,155][    INFO] Iters: 15, Total loss: 0.151
[2024-07-07 21:06:25,900][    INFO] Iters: 30, Total loss: 0.138
[2024-07-07 21:06:35,853][    INFO] Iters: 45, Total loss: 0.136
[2024-07-07 21:06:47,823][    INFO] Iters: 60, Total loss: 0.137
[2024-07-07 21:06:54,720][    INFO] Iters: 75, Total loss: 0.132
[2024-07-07 21:07:01,566][    INFO] Iters: 90, Total loss: 0.135
[2024-07-07 21:07:10,157][    INFO] Iters: 105, Total loss: 0.137
[2024-07-07 21:07:20,478][    INFO] Iters: 120, Total loss: 0.135
[2024-07-07 21:07:29,796][    INFO] ***** Evaluation ***** >>>> Class [0 Right Ventricle] Dice: 90.85
[2024-07-07 21:07:29,796][    INFO] ***** Evaluation ***** >>>> Class [1 Myocardium] Dice: 88.21
[2024-07-07 21:07:29,796][    INFO] ***** Evaluation ***** >>>> Class [2 Left Ventricle] Dice: 95.89
[2024-07-07 21:07:29,796][    INFO] ***** Evaluation ***** >>>> MeanDice: 91.65
[2024-07-07 21:07:29,796][    INFO] ***** Evaluation ***** >>>> Classifications Accuracy: 49.53703703703704

[2024-07-07 21:07:30,214][    INFO] ===========> Epoch: 35, LR: 0.00339, Previous best: 91.65
[2024-07-07 21:07:30,982][    INFO] Iters: 0, Total loss: 0.239
[2024-07-07 21:07:40,442][    INFO] Iters: 15, Total loss: 0.170
[2024-07-07 21:07:49,818][    INFO] Iters: 30, Total loss: 0.151
[2024-07-07 21:08:01,504][    INFO] Iters: 45, Total loss: 0.140
[2024-07-07 21:08:10,982][    INFO] Iters: 60, Total loss: 0.140
[2024-07-07 21:08:18,884][    INFO] Iters: 75, Total loss: 0.142
[2024-07-07 21:08:27,913][    INFO] Iters: 90, Total loss: 0.136
[2024-07-07 21:08:36,938][    INFO] Iters: 105, Total loss: 0.135
[2024-07-07 21:08:49,990][    INFO] Iters: 120, Total loss: 0.135
[2024-07-07 21:09:05,931][    INFO] ***** Evaluation ***** >>>> Class [0 Right Ventricle] Dice: 90.54
[2024-07-07 21:09:05,932][    INFO] ***** Evaluation ***** >>>> Class [1 Myocardium] Dice: 89.00
[2024-07-07 21:09:05,932][    INFO] ***** Evaluation ***** >>>> Class [2 Left Ventricle] Dice: 96.07
[2024-07-07 21:09:05,932][    INFO] ***** Evaluation ***** >>>> MeanDice: 91.87
[2024-07-07 21:09:05,932][    INFO] ***** Evaluation ***** >>>> Classifications Accuracy: 36.574074074074076

[2024-07-07 21:09:07,691][    INFO] ===========> Epoch: 36, LR: 0.00318, Previous best: 91.87
[2024-07-07 21:09:09,447][    INFO] Iters: 0, Total loss: 0.083
[2024-07-07 21:09:21,539][    INFO] Iters: 15, Total loss: 0.128
[2024-07-07 21:09:32,894][    INFO] Iters: 30, Total loss: 0.124
[2024-07-07 21:09:43,915][    INFO] Iters: 45, Total loss: 0.131
[2024-07-07 21:09:55,812][    INFO] Iters: 60, Total loss: 0.133
[2024-07-07 21:10:06,480][    INFO] Iters: 75, Total loss: 0.137
[2024-07-07 21:10:17,845][    INFO] Iters: 90, Total loss: 0.136
[2024-07-07 21:10:29,233][    INFO] Iters: 105, Total loss: 0.135
[2024-07-07 21:10:38,708][    INFO] Iters: 120, Total loss: 0.133
[2024-07-07 21:10:47,776][    INFO] ***** Evaluation ***** >>>> Class [0 Right Ventricle] Dice: 89.15
[2024-07-07 21:10:47,777][    INFO] ***** Evaluation ***** >>>> Class [1 Myocardium] Dice: 88.64
[2024-07-07 21:10:47,777][    INFO] ***** Evaluation ***** >>>> Class [2 Left Ventricle] Dice: 95.51
[2024-07-07 21:10:47,777][    INFO] ***** Evaluation ***** >>>> MeanDice: 91.10
[2024-07-07 21:10:47,777][    INFO] ***** Evaluation ***** >>>> Classifications Accuracy: 32.407407407407405

[2024-07-07 21:10:48,109][    INFO] ===========> Epoch: 37, LR: 0.00298, Previous best: 91.87
[2024-07-07 21:10:49,444][    INFO] Iters: 0, Total loss: 0.147
[2024-07-07 21:10:57,937][    INFO] Iters: 15, Total loss: 0.154
[2024-07-07 21:11:11,839][    INFO] Iters: 30, Total loss: 0.129
[2024-07-07 21:11:20,983][    INFO] Iters: 45, Total loss: 0.128
slurmstepd-chameleon: error: *** JOB 4672 ON chameleon CANCELLED AT 2024-07-07T21:11:32 DUE TO TIME LIMIT ***
