/var/lib/slurm-llnl/slurmd/job04748/slurm_script: line 12: module: command not found
[2024-07-07 22:02:16,625][    INFO] {'batch_size': 12,
 'conf_thresh': 0.95,
 'crop_size': 256,
 'data_root': '/vol/aimspace/projects/ukbb/data/cardiac/cardiac_segmentations/subjects',
 'dataset': 'ukbb',
 'epochs': 50,
 'exp': '4',
 'local_rank': 0,
 'lr': 0.01,
 'mode': 'train',
 'nclass': 4,
 'nclass_classif': 3,
 'ngpus': 1,
 'num_workers': 1,
 'port': 8047,
 'seed': '47',
 'seg_model': 'unet',
 'split': 18,
 'task': 'multi_modal',
 'visualize': False}

[2024-07-07 22:02:18,440][    INFO] Total params: 2.0M

[2024-07-07 22:02:18,949][    INFO] ===========> Epoch: 0, LR: 0.01000, Previous best: 0.00
[2024-07-07 22:02:21,377][    INFO] Iters: 0, Total loss: 1.364
[2024-07-07 22:02:25,148][    INFO] Iters: 15, Total loss: 0.807
[2024-07-07 22:02:29,266][    INFO] Iters: 30, Total loss: 0.621
