/var/lib/slurm-llnl/slurmd/job04674/slurm_script: line 12: module: command not found
[2024-07-07 20:11:13,846][    INFO] {'batch_size': 12,
 'conf_thresh': 0.95,
 'crop_size': 256,
 'data_root': '/vol/aimspace/projects/ukbb/data/cardiac/cardiac_segmentations/subjects',
 'dataset': 'ukbb',
 'epochs': 50,
 'exp': '4',
 'local_rank': 0,
 'lr': 0.01,
 'mode': 'train',
 'nclass': 4,
 'nclass_classif': 3,
 'ngpus': 1,
 'num_workers': 1,
 'port': 8053,
 'seed': '53',
 'seg_model': 'unet',
 'split': 18,
 'task': 'multi_task',
 'visualize': False}

[2024-07-07 20:11:13,976][    INFO] Total params: 1.9M

[2024-07-07 20:11:18,065][    INFO] ===========> Epoch: 0, LR: 0.01000, Previous best: 0.00
[2024-07-07 20:11:24,038][    INFO] Iters: 0, Total loss: 1.118
[2024-07-07 20:11:42,097][    INFO] Iters: 15, Total loss: 0.840
[2024-07-07 20:11:57,228][    INFO] Iters: 30, Total loss: 0.746
[2024-07-07 20:12:03,869][    INFO] Iters: 45, Total loss: 0.710
[2024-07-07 20:12:08,606][    INFO] Iters: 60, Total loss: 0.688
[2024-07-07 20:12:12,423][    INFO] Iters: 75, Total loss: 0.673
[2024-07-07 20:12:18,328][    INFO] Iters: 90, Total loss: 0.660
[2024-07-07 20:12:21,931][    INFO] Iters: 105, Total loss: 0.646
[2024-07-07 20:12:28,575][    INFO] Iters: 120, Total loss: 0.633
[2024-07-07 20:12:37,994][    INFO] ***** Evaluation ***** >>>> Class [0 Right Ventricle] Dice: 0.81
[2024-07-07 20:12:37,994][    INFO] ***** Evaluation ***** >>>> Class [1 Myocardium] Dice: 1.03
[2024-07-07 20:12:37,994][    INFO] ***** Evaluation ***** >>>> Class [2 Left Ventricle] Dice: 4.28
[2024-07-07 20:12:37,994][    INFO] ***** Evaluation ***** >>>> MeanDice: 2.04
[2024-07-07 20:12:37,994][    INFO] ***** Evaluation ***** >>>> Classifications Accuracy: 51.85185185185185

[2024-07-07 20:12:38,560][    INFO] ===========> Epoch: 1, LR: 0.00982, Previous best: 2.04
[2024-07-07 20:12:39,053][    INFO] Iters: 0, Total loss: 0.541
[2024-07-07 20:12:46,411][    INFO] Iters: 15, Total loss: 0.511
[2024-07-07 20:12:51,492][    INFO] Iters: 30, Total loss: 0.497
[2024-07-07 20:12:57,637][    INFO] Iters: 45, Total loss: 0.487
[2024-07-07 20:13:01,187][    INFO] Iters: 60, Total loss: 0.478
[2024-07-07 20:13:04,970][    INFO] Iters: 75, Total loss: 0.471
[2024-07-07 20:13:08,784][    INFO] Iters: 90, Total loss: 0.463
[2024-07-07 20:13:14,106][    INFO] Iters: 105, Total loss: 0.454
[2024-07-07 20:13:22,756][    INFO] Iters: 120, Total loss: 0.446
[2024-07-07 20:13:30,620][    INFO] ***** Evaluation ***** >>>> Class [0 Right Ventricle] Dice: 59.42
[2024-07-07 20:13:30,620][    INFO] ***** Evaluation ***** >>>> Class [1 Myocardium] Dice: 57.27
[2024-07-07 20:13:30,620][    INFO] ***** Evaluation ***** >>>> Class [2 Left Ventricle] Dice: 66.17
[2024-07-07 20:13:30,620][    INFO] ***** Evaluation ***** >>>> MeanDice: 60.95
[2024-07-07 20:13:30,620][    INFO] ***** Evaluation ***** >>>> Classifications Accuracy: 51.85185185185185

[2024-07-07 20:13:32,810][    INFO] ===========> Epoch: 2, LR: 0.00964, Previous best: 60.95
[2024-07-07 20:13:33,565][    INFO] Iters: 0, Total loss: 0.365
[2024-07-07 20:13:42,109][    INFO] Iters: 15, Total loss: 0.392
[2024-07-07 20:13:48,282][    INFO] Iters: 30, Total loss: 0.385
[2024-07-07 20:13:52,342][    INFO] Iters: 45, Total loss: 0.383
[2024-07-07 20:13:57,086][    INFO] Iters: 60, Total loss: 0.383
[2024-07-07 20:14:02,097][    INFO] Iters: 75, Total loss: 0.378
[2024-07-07 20:14:09,381][    INFO] Iters: 90, Total loss: 0.376
[2024-07-07 20:14:15,162][    INFO] Iters: 105, Total loss: 0.376
[2024-07-07 20:14:24,548][    INFO] Iters: 120, Total loss: 0.376
[2024-07-07 20:14:34,159][    INFO] ***** Evaluation ***** >>>> Class [0 Right Ventricle] Dice: 0.00
[2024-07-07 20:14:34,159][    INFO] ***** Evaluation ***** >>>> Class [1 Myocardium] Dice: 6.87
[2024-07-07 20:14:34,159][    INFO] ***** Evaluation ***** >>>> Class [2 Left Ventricle] Dice: 15.26
[2024-07-07 20:14:34,159][    INFO] ***** Evaluation ***** >>>> MeanDice: 7.38
[2024-07-07 20:14:34,160][    INFO] ***** Evaluation ***** >>>> Classifications Accuracy: 51.85185185185185

[2024-07-07 20:14:34,896][    INFO] ===========> Epoch: 3, LR: 0.00946, Previous best: 60.95
[2024-07-07 20:14:36,747][    INFO] Iters: 0, Total loss: 0.399
[2024-07-07 20:14:43,200][    INFO] Iters: 15, Total loss: 0.376
[2024-07-07 20:14:47,995][    INFO] Iters: 30, Total loss: 0.364
[2024-07-07 20:14:52,977][    INFO] Iters: 45, Total loss: 0.368
[2024-07-07 20:15:01,395][    INFO] Iters: 60, Total loss: 0.363
[2024-07-07 20:15:05,316][    INFO] Iters: 75, Total loss: 0.363
[2024-07-07 20:15:11,714][    INFO] Iters: 90, Total loss: 0.357
[2024-07-07 20:15:17,404][    INFO] Iters: 105, Total loss: 0.355
[2024-07-07 20:15:24,883][    INFO] Iters: 120, Total loss: 0.353
[2024-07-07 20:15:32,677][    INFO] ***** Evaluation ***** >>>> Class [0 Right Ventricle] Dice: 42.57
[2024-07-07 20:15:32,677][    INFO] ***** Evaluation ***** >>>> Class [1 Myocardium] Dice: 61.23
[2024-07-07 20:15:32,677][    INFO] ***** Evaluation ***** >>>> Class [2 Left Ventricle] Dice: 70.07
[2024-07-07 20:15:32,677][    INFO] ***** Evaluation ***** >>>> MeanDice: 57.95
[2024-07-07 20:15:32,677][    INFO] ***** Evaluation ***** >>>> Classifications Accuracy: 53.70370370370371

[2024-07-07 20:15:32,885][    INFO] ===========> Epoch: 4, LR: 0.00928, Previous best: 60.95
[2024-07-07 20:15:33,298][    INFO] Iters: 0, Total loss: 0.424
[2024-07-07 20:15:43,089][    INFO] Iters: 15, Total loss: 0.363
[2024-07-07 20:15:47,546][    INFO] Iters: 30, Total loss: 0.354
[2024-07-07 20:15:54,627][    INFO] Iters: 45, Total loss: 0.349
[2024-07-07 20:16:01,894][    INFO] Iters: 60, Total loss: 0.346
[2024-07-07 20:16:07,026][    INFO] Iters: 75, Total loss: 0.345
[2024-07-07 20:16:12,226][    INFO] Iters: 90, Total loss: 0.341
[2024-07-07 20:16:16,927][    INFO] Iters: 105, Total loss: 0.336
[2024-07-07 20:16:23,066][    INFO] Iters: 120, Total loss: 0.336
[2024-07-07 20:16:34,607][    INFO] ***** Evaluation ***** >>>> Class [0 Right Ventricle] Dice: 73.03
[2024-07-07 20:16:34,607][    INFO] ***** Evaluation ***** >>>> Class [1 Myocardium] Dice: 68.07
[2024-07-07 20:16:34,608][    INFO] ***** Evaluation ***** >>>> Class [2 Left Ventricle] Dice: 77.58
[2024-07-07 20:16:34,608][    INFO] ***** Evaluation ***** >>>> MeanDice: 72.89
[2024-07-07 20:16:34,608][    INFO] ***** Evaluation ***** >>>> Classifications Accuracy: 53.70370370370371

[2024-07-07 20:16:35,059][    INFO] ===========> Epoch: 5, LR: 0.00910, Previous best: 72.89
[2024-07-07 20:16:36,563][    INFO] Iters: 0, Total loss: 0.378
[2024-07-07 20:16:43,468][    INFO] Iters: 15, Total loss: 0.333
[2024-07-07 20:16:50,055][    INFO] Iters: 30, Total loss: 0.339
[2024-07-07 20:16:54,179][    INFO] Iters: 45, Total loss: 0.339
[2024-07-07 20:16:59,651][    INFO] Iters: 60, Total loss: 0.335
[2024-07-07 20:17:05,867][    INFO] Iters: 75, Total loss: 0.336
[2024-07-07 20:17:11,215][    INFO] Iters: 90, Total loss: 0.333
[2024-07-07 20:17:15,510][    INFO] Iters: 105, Total loss: 0.331
[2024-07-07 20:17:19,495][    INFO] Iters: 120, Total loss: 0.333
[2024-07-07 20:17:31,062][    INFO] ***** Evaluation ***** >>>> Class [0 Right Ventricle] Dice: 49.29
[2024-07-07 20:17:31,062][    INFO] ***** Evaluation ***** >>>> Class [1 Myocardium] Dice: 68.27
[2024-07-07 20:17:31,062][    INFO] ***** Evaluation ***** >>>> Class [2 Left Ventricle] Dice: 78.97
[2024-07-07 20:17:31,062][    INFO] ***** Evaluation ***** >>>> MeanDice: 65.51
[2024-07-07 20:17:31,062][    INFO] ***** Evaluation ***** >>>> Classifications Accuracy: 57.870370370370374

[2024-07-07 20:17:31,275][    INFO] ===========> Epoch: 6, LR: 0.00891, Previous best: 72.89
[2024-07-07 20:17:31,713][    INFO] Iters: 0, Total loss: 0.348
[2024-07-07 20:17:38,607][    INFO] Iters: 15, Total loss: 0.329
[2024-07-07 20:17:43,114][    INFO] Iters: 30, Total loss: 0.341
[2024-07-07 20:17:48,901][    INFO] Iters: 45, Total loss: 0.336
[2024-07-07 20:17:54,352][    INFO] Iters: 60, Total loss: 0.335
[2024-07-07 20:18:00,775][    INFO] Iters: 75, Total loss: 0.330
[2024-07-07 20:18:05,250][    INFO] Iters: 90, Total loss: 0.328
[2024-07-07 20:18:11,943][    INFO] Iters: 105, Total loss: 0.325
[2024-07-07 20:18:20,814][    INFO] Iters: 120, Total loss: 0.325
[2024-07-07 20:18:30,011][    INFO] ***** Evaluation ***** >>>> Class [0 Right Ventricle] Dice: 71.71
[2024-07-07 20:18:30,011][    INFO] ***** Evaluation ***** >>>> Class [1 Myocardium] Dice: 76.16
[2024-07-07 20:18:30,012][    INFO] ***** Evaluation ***** >>>> Class [2 Left Ventricle] Dice: 86.58
[2024-07-07 20:18:30,012][    INFO] ***** Evaluation ***** >>>> MeanDice: 78.15
[2024-07-07 20:18:30,012][    INFO] ***** Evaluation ***** >>>> Classifications Accuracy: 41.2037037037037

[2024-07-07 20:18:30,446][    INFO] ===========> Epoch: 7, LR: 0.00873, Previous best: 78.15
[2024-07-07 20:18:31,211][    INFO] Iters: 0, Total loss: 0.289
[2024-07-07 20:18:36,504][    INFO] Iters: 15, Total loss: 0.311
[2024-07-07 20:18:40,540][    INFO] Iters: 30, Total loss: 0.303
[2024-07-07 20:18:45,068][    INFO] Iters: 45, Total loss: 0.301
[2024-07-07 20:18:50,023][    INFO] Iters: 60, Total loss: 0.302
[2024-07-07 20:18:53,776][    INFO] Iters: 75, Total loss: 0.305
[2024-07-07 20:19:00,210][    INFO] Iters: 90, Total loss: 0.308
[2024-07-07 20:19:05,267][    INFO] Iters: 105, Total loss: 0.311
[2024-07-07 20:19:10,633][    INFO] Iters: 120, Total loss: 0.310
[2024-07-07 20:19:18,511][    INFO] ***** Evaluation ***** >>>> Class [0 Right Ventricle] Dice: 81.27
[2024-07-07 20:19:18,511][    INFO] ***** Evaluation ***** >>>> Class [1 Myocardium] Dice: 83.61
[2024-07-07 20:19:18,511][    INFO] ***** Evaluation ***** >>>> Class [2 Left Ventricle] Dice: 91.84
[2024-07-07 20:19:18,511][    INFO] ***** Evaluation ***** >>>> MeanDice: 85.57
[2024-07-07 20:19:18,511][    INFO] ***** Evaluation ***** >>>> Classifications Accuracy: 48.61111111111111

[2024-07-07 20:19:18,928][    INFO] ===========> Epoch: 8, LR: 0.00855, Previous best: 85.57
[2024-07-07 20:19:19,454][    INFO] Iters: 0, Total loss: 0.271
[2024-07-07 20:19:27,955][    INFO] Iters: 15, Total loss: 0.294
[2024-07-07 20:19:34,321][    INFO] Iters: 30, Total loss: 0.292
[2024-07-07 20:19:42,843][    INFO] Iters: 45, Total loss: 0.296
[2024-07-07 20:19:48,033][    INFO] Iters: 60, Total loss: 0.299
[2024-07-07 20:19:55,342][    INFO] Iters: 75, Total loss: 0.302
[2024-07-07 20:20:03,182][    INFO] Iters: 90, Total loss: 0.300
[2024-07-07 20:20:07,523][    INFO] Iters: 105, Total loss: 0.304
[2024-07-07 20:20:15,471][    INFO] Iters: 120, Total loss: 0.304
[2024-07-07 20:20:24,606][    INFO] ***** Evaluation ***** >>>> Class [0 Right Ventricle] Dice: 67.77
[2024-07-07 20:20:24,606][    INFO] ***** Evaluation ***** >>>> Class [1 Myocardium] Dice: 79.15
[2024-07-07 20:20:24,606][    INFO] ***** Evaluation ***** >>>> Class [2 Left Ventricle] Dice: 80.57
[2024-07-07 20:20:24,607][    INFO] ***** Evaluation ***** >>>> MeanDice: 75.83
[2024-07-07 20:20:24,607][    INFO] ***** Evaluation ***** >>>> Classifications Accuracy: 37.03703703703704

[2024-07-07 20:20:24,821][    INFO] ===========> Epoch: 9, LR: 0.00837, Previous best: 85.57
[2024-07-07 20:20:25,673][    INFO] Iters: 0, Total loss: 0.272
[2024-07-07 20:20:30,057][    INFO] Iters: 15, Total loss: 0.279
[2024-07-07 20:20:36,747][    INFO] Iters: 30, Total loss: 0.292
[2024-07-07 20:20:41,328][    INFO] Iters: 45, Total loss: 0.299
[2024-07-07 20:20:45,161][    INFO] Iters: 60, Total loss: 0.300
[2024-07-07 20:20:51,392][    INFO] Iters: 75, Total loss: 0.299
[2024-07-07 20:20:55,163][    INFO] Iters: 90, Total loss: 0.303
[2024-07-07 20:20:59,475][    INFO] Iters: 105, Total loss: 0.301
[2024-07-07 20:21:04,125][    INFO] Iters: 120, Total loss: 0.297
[2024-07-07 20:21:10,532][    INFO] ***** Evaluation ***** >>>> Class [0 Right Ventricle] Dice: 75.51
[2024-07-07 20:21:10,533][    INFO] ***** Evaluation ***** >>>> Class [1 Myocardium] Dice: 77.78
[2024-07-07 20:21:10,533][    INFO] ***** Evaluation ***** >>>> Class [2 Left Ventricle] Dice: 86.87
[2024-07-07 20:21:10,533][    INFO] ***** Evaluation ***** >>>> MeanDice: 80.06
[2024-07-07 20:21:10,533][    INFO] ***** Evaluation ***** >>>> Classifications Accuracy: 49.53703703703704

[2024-07-07 20:21:10,744][    INFO] ===========> Epoch: 10, LR: 0.00818, Previous best: 85.57
[2024-07-07 20:21:11,199][    INFO] Iters: 0, Total loss: 0.213
[2024-07-07 20:21:20,444][    INFO] Iters: 15, Total loss: 0.297
[2024-07-07 20:21:25,334][    INFO] Iters: 30, Total loss: 0.295
[2024-07-07 20:21:32,878][    INFO] Iters: 45, Total loss: 0.290
[2024-07-07 20:21:39,350][    INFO] Iters: 60, Total loss: 0.284
[2024-07-07 20:21:46,221][    INFO] Iters: 75, Total loss: 0.283
[2024-07-07 20:21:51,401][    INFO] Iters: 90, Total loss: 0.280
[2024-07-07 20:21:58,829][    INFO] Iters: 105, Total loss: 0.280
[2024-07-07 20:22:03,917][    INFO] Iters: 120, Total loss: 0.279
[2024-07-07 20:22:12,136][    INFO] ***** Evaluation ***** >>>> Class [0 Right Ventricle] Dice: 84.60
[2024-07-07 20:22:12,136][    INFO] ***** Evaluation ***** >>>> Class [1 Myocardium] Dice: 84.93
[2024-07-07 20:22:12,136][    INFO] ***** Evaluation ***** >>>> Class [2 Left Ventricle] Dice: 93.07
[2024-07-07 20:22:12,137][    INFO] ***** Evaluation ***** >>>> MeanDice: 87.53
[2024-07-07 20:22:12,137][    INFO] ***** Evaluation ***** >>>> Classifications Accuracy: 39.81481481481482

[2024-07-07 20:22:12,567][    INFO] ===========> Epoch: 11, LR: 0.00800, Previous best: 87.53
[2024-07-07 20:22:13,036][    INFO] Iters: 0, Total loss: 0.280
[2024-07-07 20:22:19,878][    INFO] Iters: 15, Total loss: 0.277
[2024-07-07 20:22:26,328][    INFO] Iters: 30, Total loss: 0.284
[2024-07-07 20:22:33,654][    INFO] Iters: 45, Total loss: 0.287
[2024-07-07 20:22:40,644][    INFO] Iters: 60, Total loss: 0.289
[2024-07-07 20:22:44,975][    INFO] Iters: 75, Total loss: 0.285
[2024-07-07 20:22:53,431][    INFO] Iters: 90, Total loss: 0.284
[2024-07-07 20:22:58,400][    INFO] Iters: 105, Total loss: 0.283
[2024-07-07 20:23:03,127][    INFO] Iters: 120, Total loss: 0.283
[2024-07-07 20:23:12,612][    INFO] ***** Evaluation ***** >>>> Class [0 Right Ventricle] Dice: 71.33
[2024-07-07 20:23:12,612][    INFO] ***** Evaluation ***** >>>> Class [1 Myocardium] Dice: 80.66
[2024-07-07 20:23:12,612][    INFO] ***** Evaluation ***** >>>> Class [2 Left Ventricle] Dice: 88.43
[2024-07-07 20:23:12,612][    INFO] ***** Evaluation ***** >>>> MeanDice: 80.14
[2024-07-07 20:23:12,612][    INFO] ***** Evaluation ***** >>>> Classifications Accuracy: 37.03703703703704

[2024-07-07 20:23:13,111][    INFO] ===========> Epoch: 12, LR: 0.00781, Previous best: 87.53
[2024-07-07 20:23:14,480][    INFO] Iters: 0, Total loss: 0.293
[2024-07-07 20:23:21,215][    INFO] Iters: 15, Total loss: 0.265
[2024-07-07 20:23:29,022][    INFO] Iters: 30, Total loss: 0.275
[2024-07-07 20:23:35,114][    INFO] Iters: 45, Total loss: 0.271
[2024-07-07 20:23:40,325][    INFO] Iters: 60, Total loss: 0.271
[2024-07-07 20:23:48,235][    INFO] Iters: 75, Total loss: 0.272
[2024-07-07 20:23:52,043][    INFO] Iters: 90, Total loss: 0.269
[2024-07-07 20:23:56,316][    INFO] Iters: 105, Total loss: 0.267
[2024-07-07 20:24:02,200][    INFO] Iters: 120, Total loss: 0.265
[2024-07-07 20:24:10,106][    INFO] ***** Evaluation ***** >>>> Class [0 Right Ventricle] Dice: 73.93
[2024-07-07 20:24:10,106][    INFO] ***** Evaluation ***** >>>> Class [1 Myocardium] Dice: 76.95
[2024-07-07 20:24:10,106][    INFO] ***** Evaluation ***** >>>> Class [2 Left Ventricle] Dice: 76.65
[2024-07-07 20:24:10,106][    INFO] ***** Evaluation ***** >>>> MeanDice: 75.84
[2024-07-07 20:24:10,106][    INFO] ***** Evaluation ***** >>>> Classifications Accuracy: 37.03703703703704

[2024-07-07 20:24:10,318][    INFO] ===========> Epoch: 13, LR: 0.00763, Previous best: 87.53
[2024-07-07 20:24:11,846][    INFO] Iters: 0, Total loss: 0.196
[2024-07-07 20:24:17,636][    INFO] Iters: 15, Total loss: 0.249
[2024-07-07 20:24:26,280][    INFO] Iters: 30, Total loss: 0.260
[2024-07-07 20:24:30,642][    INFO] Iters: 45, Total loss: 0.254
[2024-07-07 20:24:35,974][    INFO] Iters: 60, Total loss: 0.252
[2024-07-07 20:24:41,185][    INFO] Iters: 75, Total loss: 0.250
[2024-07-07 20:24:45,933][    INFO] Iters: 90, Total loss: 0.254
[2024-07-07 20:24:51,315][    INFO] Iters: 105, Total loss: 0.250
[2024-07-07 20:24:56,744][    INFO] Iters: 120, Total loss: 0.250
[2024-07-07 20:25:04,001][    INFO] ***** Evaluation ***** >>>> Class [0 Right Ventricle] Dice: 83.29
[2024-07-07 20:25:04,001][    INFO] ***** Evaluation ***** >>>> Class [1 Myocardium] Dice: 84.47
[2024-07-07 20:25:04,001][    INFO] ***** Evaluation ***** >>>> Class [2 Left Ventricle] Dice: 92.29
[2024-07-07 20:25:04,001][    INFO] ***** Evaluation ***** >>>> MeanDice: 86.68
[2024-07-07 20:25:04,001][    INFO] ***** Evaluation ***** >>>> Classifications Accuracy: 42.592592592592595

[2024-07-07 20:25:04,216][    INFO] ===========> Epoch: 14, LR: 0.00744, Previous best: 87.53
[2024-07-07 20:25:05,017][    INFO] Iters: 0, Total loss: 0.148
[2024-07-07 20:25:11,873][    INFO] Iters: 15, Total loss: 0.252
[2024-07-07 20:25:17,192][    INFO] Iters: 30, Total loss: 0.250
[2024-07-07 20:25:22,643][    INFO] Iters: 45, Total loss: 0.251
[2024-07-07 20:25:26,334][    INFO] Iters: 60, Total loss: 0.253
[2024-07-07 20:25:35,671][    INFO] Iters: 75, Total loss: 0.255
[2024-07-07 20:25:39,583][    INFO] Iters: 90, Total loss: 0.253
[2024-07-07 20:25:44,888][    INFO] Iters: 105, Total loss: 0.255
[2024-07-07 20:25:50,853][    INFO] Iters: 120, Total loss: 0.253
[2024-07-07 20:25:56,641][    INFO] ***** Evaluation ***** >>>> Class [0 Right Ventricle] Dice: 84.70
[2024-07-07 20:25:56,642][    INFO] ***** Evaluation ***** >>>> Class [1 Myocardium] Dice: 85.81
[2024-07-07 20:25:56,642][    INFO] ***** Evaluation ***** >>>> Class [2 Left Ventricle] Dice: 93.67
[2024-07-07 20:25:56,642][    INFO] ***** Evaluation ***** >>>> MeanDice: 88.06
[2024-07-07 20:25:56,642][    INFO] ***** Evaluation ***** >>>> Classifications Accuracy: 39.81481481481482

[2024-07-07 20:25:57,076][    INFO] ===========> Epoch: 15, LR: 0.00726, Previous best: 88.06
[2024-07-07 20:25:57,556][    INFO] Iters: 0, Total loss: 0.216
[2024-07-07 20:26:02,637][    INFO] Iters: 15, Total loss: 0.242
[2024-07-07 20:26:11,275][    INFO] Iters: 30, Total loss: 0.246
[2024-07-07 20:26:18,258][    INFO] Iters: 45, Total loss: 0.246
[2024-07-07 20:26:24,329][    INFO] Iters: 60, Total loss: 0.248
[2024-07-07 20:26:32,714][    INFO] Iters: 75, Total loss: 0.248
[2024-07-07 20:26:37,586][    INFO] Iters: 90, Total loss: 0.246
[2024-07-07 20:26:43,918][    INFO] Iters: 105, Total loss: 0.250
[2024-07-07 20:26:50,052][    INFO] Iters: 120, Total loss: 0.248
[2024-07-07 20:26:55,642][    INFO] ***** Evaluation ***** >>>> Class [0 Right Ventricle] Dice: 84.28
[2024-07-07 20:26:55,642][    INFO] ***** Evaluation ***** >>>> Class [1 Myocardium] Dice: 83.94
[2024-07-07 20:26:55,642][    INFO] ***** Evaluation ***** >>>> Class [2 Left Ventricle] Dice: 92.87
[2024-07-07 20:26:55,642][    INFO] ***** Evaluation ***** >>>> MeanDice: 87.03
[2024-07-07 20:26:55,642][    INFO] ***** Evaluation ***** >>>> Classifications Accuracy: 49.53703703703704

[2024-07-07 20:26:55,849][    INFO] ===========> Epoch: 16, LR: 0.00707, Previous best: 88.06
[2024-07-07 20:26:56,309][    INFO] Iters: 0, Total loss: 0.249
[2024-07-07 20:27:00,492][    INFO] Iters: 15, Total loss: 0.245
[2024-07-07 20:27:05,139][    INFO] Iters: 30, Total loss: 0.239
[2024-07-07 20:27:09,740][    INFO] Iters: 45, Total loss: 0.232
[2024-07-07 20:27:15,670][    INFO] Iters: 60, Total loss: 0.234
[2024-07-07 20:27:20,680][    INFO] Iters: 75, Total loss: 0.239
[2024-07-07 20:27:26,421][    INFO] Iters: 90, Total loss: 0.240
[2024-07-07 20:27:33,169][    INFO] Iters: 105, Total loss: 0.238
[2024-07-07 20:27:40,789][    INFO] Iters: 120, Total loss: 0.241
[2024-07-07 20:27:47,365][    INFO] ***** Evaluation ***** >>>> Class [0 Right Ventricle] Dice: 79.61
[2024-07-07 20:27:47,366][    INFO] ***** Evaluation ***** >>>> Class [1 Myocardium] Dice: 80.66
[2024-07-07 20:27:47,366][    INFO] ***** Evaluation ***** >>>> Class [2 Left Ventricle] Dice: 88.46
[2024-07-07 20:27:47,366][    INFO] ***** Evaluation ***** >>>> MeanDice: 82.91
[2024-07-07 20:27:47,366][    INFO] ***** Evaluation ***** >>>> Classifications Accuracy: 37.03703703703704

[2024-07-07 20:27:47,575][    INFO] ===========> Epoch: 17, LR: 0.00688, Previous best: 88.06
[2024-07-07 20:27:48,049][    INFO] Iters: 0, Total loss: 0.232
[2024-07-07 20:27:51,810][    INFO] Iters: 15, Total loss: 0.232
[2024-07-07 20:27:55,756][    INFO] Iters: 30, Total loss: 0.223
[2024-07-07 20:27:59,853][    INFO] Iters: 45, Total loss: 0.234
[2024-07-07 20:28:04,471][    INFO] Iters: 60, Total loss: 0.233
[2024-07-07 20:28:08,569][    INFO] Iters: 75, Total loss: 0.230
[2024-07-07 20:28:15,462][    INFO] Iters: 90, Total loss: 0.229
[2024-07-07 20:28:22,044][    INFO] Iters: 105, Total loss: 0.229
[2024-07-07 20:28:30,410][    INFO] Iters: 120, Total loss: 0.227
[2024-07-07 20:28:37,203][    INFO] ***** Evaluation ***** >>>> Class [0 Right Ventricle] Dice: 85.38
[2024-07-07 20:28:37,204][    INFO] ***** Evaluation ***** >>>> Class [1 Myocardium] Dice: 85.74
[2024-07-07 20:28:37,204][    INFO] ***** Evaluation ***** >>>> Class [2 Left Ventricle] Dice: 93.04
[2024-07-07 20:28:37,204][    INFO] ***** Evaluation ***** >>>> MeanDice: 88.05
[2024-07-07 20:28:37,204][    INFO] ***** Evaluation ***** >>>> Classifications Accuracy: 37.03703703703704

[2024-07-07 20:28:37,751][    INFO] ===========> Epoch: 18, LR: 0.00669, Previous best: 88.06
[2024-07-07 20:28:38,834][    INFO] Iters: 0, Total loss: 0.192
[2024-07-07 20:28:43,256][    INFO] Iters: 15, Total loss: 0.224
[2024-07-07 20:28:47,119][    INFO] Iters: 30, Total loss: 0.225
[2024-07-07 20:28:51,602][    INFO] Iters: 45, Total loss: 0.228
[2024-07-07 20:28:56,627][    INFO] Iters: 60, Total loss: 0.223
[2024-07-07 20:29:00,325][    INFO] Iters: 75, Total loss: 0.221
[2024-07-07 20:29:07,508][    INFO] Iters: 90, Total loss: 0.227
[2024-07-07 20:29:15,103][    INFO] Iters: 105, Total loss: 0.227
[2024-07-07 20:29:23,215][    INFO] Iters: 120, Total loss: 0.225
[2024-07-07 20:29:30,422][    INFO] ***** Evaluation ***** >>>> Class [0 Right Ventricle] Dice: 79.85
[2024-07-07 20:29:30,422][    INFO] ***** Evaluation ***** >>>> Class [1 Myocardium] Dice: 82.21
[2024-07-07 20:29:30,422][    INFO] ***** Evaluation ***** >>>> Class [2 Left Ventricle] Dice: 89.63
[2024-07-07 20:29:30,422][    INFO] ***** Evaluation ***** >>>> MeanDice: 83.90
[2024-07-07 20:29:30,423][    INFO] ***** Evaluation ***** >>>> Classifications Accuracy: 37.03703703703704

[2024-07-07 20:29:30,633][    INFO] ===========> Epoch: 19, LR: 0.00651, Previous best: 88.06
[2024-07-07 20:29:31,155][    INFO] Iters: 0, Total loss: 0.348
[2024-07-07 20:29:36,369][    INFO] Iters: 15, Total loss: 0.234
[2024-07-07 20:29:42,272][    INFO] Iters: 30, Total loss: 0.228
[2024-07-07 20:29:49,594][    INFO] Iters: 45, Total loss: 0.226
[2024-07-07 20:29:54,048][    INFO] Iters: 60, Total loss: 0.219
[2024-07-07 20:29:58,979][    INFO] Iters: 75, Total loss: 0.220
[2024-07-07 20:30:04,880][    INFO] Iters: 90, Total loss: 0.219
[2024-07-07 20:30:10,243][    INFO] Iters: 105, Total loss: 0.220
[2024-07-07 20:30:18,218][    INFO] Iters: 120, Total loss: 0.222
[2024-07-07 20:30:25,516][    INFO] ***** Evaluation ***** >>>> Class [0 Right Ventricle] Dice: 87.14
[2024-07-07 20:30:25,516][    INFO] ***** Evaluation ***** >>>> Class [1 Myocardium] Dice: 85.45
[2024-07-07 20:30:25,517][    INFO] ***** Evaluation ***** >>>> Class [2 Left Ventricle] Dice: 92.77
[2024-07-07 20:30:25,517][    INFO] ***** Evaluation ***** >>>> MeanDice: 88.45
[2024-07-07 20:30:25,517][    INFO] ***** Evaluation ***** >>>> Classifications Accuracy: 44.907407407407405

[2024-07-07 20:30:25,949][    INFO] ===========> Epoch: 20, LR: 0.00632, Previous best: 88.45
[2024-07-07 20:30:26,430][    INFO] Iters: 0, Total loss: 0.326
[2024-07-07 20:30:32,465][    INFO] Iters: 15, Total loss: 0.222
[2024-07-07 20:30:37,876][    INFO] Iters: 30, Total loss: 0.213
[2024-07-07 20:30:45,933][    INFO] Iters: 45, Total loss: 0.212
[2024-07-07 20:30:49,689][    INFO] Iters: 60, Total loss: 0.212
[2024-07-07 20:30:55,436][    INFO] Iters: 75, Total loss: 0.211
[2024-07-07 20:31:00,382][    INFO] Iters: 90, Total loss: 0.212
[2024-07-07 20:31:08,056][    INFO] Iters: 105, Total loss: 0.213
[2024-07-07 20:31:17,626][    INFO] Iters: 120, Total loss: 0.212
[2024-07-07 20:31:27,244][    INFO] ***** Evaluation ***** >>>> Class [0 Right Ventricle] Dice: 87.22
[2024-07-07 20:31:27,244][    INFO] ***** Evaluation ***** >>>> Class [1 Myocardium] Dice: 87.10
[2024-07-07 20:31:27,244][    INFO] ***** Evaluation ***** >>>> Class [2 Left Ventricle] Dice: 93.98
[2024-07-07 20:31:27,244][    INFO] ***** Evaluation ***** >>>> MeanDice: 89.44
[2024-07-07 20:31:27,244][    INFO] ***** Evaluation ***** >>>> Classifications Accuracy: 37.03703703703704

[2024-07-07 20:31:27,784][    INFO] ===========> Epoch: 21, LR: 0.00613, Previous best: 89.44
[2024-07-07 20:31:28,882][    INFO] Iters: 0, Total loss: 0.374
[2024-07-07 20:31:34,838][    INFO] Iters: 15, Total loss: 0.213
[2024-07-07 20:31:41,292][    INFO] Iters: 30, Total loss: 0.211
[2024-07-07 20:31:46,578][    INFO] Iters: 45, Total loss: 0.200
[2024-07-07 20:31:51,631][    INFO] Iters: 60, Total loss: 0.201
[2024-07-07 20:31:56,400][    INFO] Iters: 75, Total loss: 0.204
[2024-07-07 20:32:01,805][    INFO] Iters: 90, Total loss: 0.203
[2024-07-07 20:32:07,287][    INFO] Iters: 105, Total loss: 0.206
[2024-07-07 20:32:15,867][    INFO] Iters: 120, Total loss: 0.206
[2024-07-07 20:32:22,745][    INFO] ***** Evaluation ***** >>>> Class [0 Right Ventricle] Dice: 83.85
[2024-07-07 20:32:22,746][    INFO] ***** Evaluation ***** >>>> Class [1 Myocardium] Dice: 85.69
[2024-07-07 20:32:22,746][    INFO] ***** Evaluation ***** >>>> Class [2 Left Ventricle] Dice: 92.85
[2024-07-07 20:32:22,746][    INFO] ***** Evaluation ***** >>>> MeanDice: 87.46
[2024-07-07 20:32:22,746][    INFO] ***** Evaluation ***** >>>> Classifications Accuracy: 37.03703703703704

[2024-07-07 20:32:23,470][    INFO] ===========> Epoch: 22, LR: 0.00594, Previous best: 89.44
[2024-07-07 20:32:24,245][    INFO] Iters: 0, Total loss: 0.132
[2024-07-07 20:32:33,516][    INFO] Iters: 15, Total loss: 0.182
[2024-07-07 20:32:37,210][    INFO] Iters: 30, Total loss: 0.188
[2024-07-07 20:32:45,670][    INFO] Iters: 45, Total loss: 0.200
[2024-07-07 20:32:49,378][    INFO] Iters: 60, Total loss: 0.193
[2024-07-07 20:32:57,370][    INFO] Iters: 75, Total loss: 0.201
[2024-07-07 20:33:02,499][    INFO] Iters: 90, Total loss: 0.200
[2024-07-07 20:33:11,644][    INFO] Iters: 105, Total loss: 0.201
[2024-07-07 20:33:16,838][    INFO] Iters: 120, Total loss: 0.201
[2024-07-07 20:33:28,019][    INFO] ***** Evaluation ***** >>>> Class [0 Right Ventricle] Dice: 85.72
[2024-07-07 20:33:28,019][    INFO] ***** Evaluation ***** >>>> Class [1 Myocardium] Dice: 85.32
[2024-07-07 20:33:28,019][    INFO] ***** Evaluation ***** >>>> Class [2 Left Ventricle] Dice: 94.25
[2024-07-07 20:33:28,019][    INFO] ***** Evaluation ***** >>>> MeanDice: 88.43
[2024-07-07 20:33:28,019][    INFO] ***** Evaluation ***** >>>> Classifications Accuracy: 37.03703703703704

[2024-07-07 20:33:28,475][    INFO] ===========> Epoch: 23, LR: 0.00574, Previous best: 89.44
[2024-07-07 20:33:28,915][    INFO] Iters: 0, Total loss: 0.143
[2024-07-07 20:33:35,570][    INFO] Iters: 15, Total loss: 0.166
[2024-07-07 20:33:41,896][    INFO] Iters: 30, Total loss: 0.176
[2024-07-07 20:33:46,161][    INFO] Iters: 45, Total loss: 0.185
[2024-07-07 20:33:51,709][    INFO] Iters: 60, Total loss: 0.178
[2024-07-07 20:33:57,803][    INFO] Iters: 75, Total loss: 0.178
[2024-07-07 20:34:04,318][    INFO] Iters: 90, Total loss: 0.180
[2024-07-07 20:34:15,178][    INFO] Iters: 105, Total loss: 0.177
[2024-07-07 20:34:22,331][    INFO] Iters: 120, Total loss: 0.180
[2024-07-07 20:34:32,185][    INFO] ***** Evaluation ***** >>>> Class [0 Right Ventricle] Dice: 83.02
[2024-07-07 20:34:32,185][    INFO] ***** Evaluation ***** >>>> Class [1 Myocardium] Dice: 83.27
[2024-07-07 20:34:32,185][    INFO] ***** Evaluation ***** >>>> Class [2 Left Ventricle] Dice: 92.16
[2024-07-07 20:34:32,185][    INFO] ***** Evaluation ***** >>>> MeanDice: 86.15
[2024-07-07 20:34:32,185][    INFO] ***** Evaluation ***** >>>> Classifications Accuracy: 37.03703703703704

[2024-07-07 20:34:32,393][    INFO] ===========> Epoch: 24, LR: 0.00555, Previous best: 89.44
[2024-07-07 20:34:32,831][    INFO] Iters: 0, Total loss: 0.237
[2024-07-07 20:34:39,181][    INFO] Iters: 15, Total loss: 0.192
[2024-07-07 20:34:44,428][    INFO] Iters: 30, Total loss: 0.176
[2024-07-07 20:34:49,315][    INFO] Iters: 45, Total loss: 0.178
[2024-07-07 20:34:54,621][    INFO] Iters: 60, Total loss: 0.184
[2024-07-07 20:34:59,947][    INFO] Iters: 75, Total loss: 0.185
[2024-07-07 20:35:12,266][    INFO] Iters: 90, Total loss: 0.184
[2024-07-07 20:35:16,988][    INFO] Iters: 105, Total loss: 0.184
[2024-07-07 20:35:29,529][    INFO] Iters: 120, Total loss: 0.183
[2024-07-07 20:35:35,723][    INFO] ***** Evaluation ***** >>>> Class [0 Right Ventricle] Dice: 86.25
[2024-07-07 20:35:35,723][    INFO] ***** Evaluation ***** >>>> Class [1 Myocardium] Dice: 85.62
[2024-07-07 20:35:35,723][    INFO] ***** Evaluation ***** >>>> Class [2 Left Ventricle] Dice: 94.70
[2024-07-07 20:35:35,723][    INFO] ***** Evaluation ***** >>>> MeanDice: 88.86
[2024-07-07 20:35:35,723][    INFO] ***** Evaluation ***** >>>> Classifications Accuracy: 37.03703703703704

[2024-07-07 20:35:36,086][    INFO] ===========> Epoch: 25, LR: 0.00536, Previous best: 89.44
[2024-07-07 20:35:36,524][    INFO] Iters: 0, Total loss: 0.138
[2024-07-07 20:35:43,625][    INFO] Iters: 15, Total loss: 0.182
[2024-07-07 20:35:48,932][    INFO] Iters: 30, Total loss: 0.168
[2024-07-07 20:35:55,478][    INFO] Iters: 45, Total loss: 0.175
[2024-07-07 20:35:59,943][    INFO] Iters: 60, Total loss: 0.177
[2024-07-07 20:36:04,715][    INFO] Iters: 75, Total loss: 0.182
[2024-07-07 20:36:09,228][    INFO] Iters: 90, Total loss: 0.184
[2024-07-07 20:36:13,940][    INFO] Iters: 105, Total loss: 0.180
[2024-07-07 20:36:17,974][    INFO] Iters: 120, Total loss: 0.178
[2024-07-07 20:36:27,745][    INFO] ***** Evaluation ***** >>>> Class [0 Right Ventricle] Dice: 86.42
[2024-07-07 20:36:27,745][    INFO] ***** Evaluation ***** >>>> Class [1 Myocardium] Dice: 87.26
[2024-07-07 20:36:27,745][    INFO] ***** Evaluation ***** >>>> Class [2 Left Ventricle] Dice: 95.01
[2024-07-07 20:36:27,745][    INFO] ***** Evaluation ***** >>>> MeanDice: 89.56
[2024-07-07 20:36:27,745][    INFO] ***** Evaluation ***** >>>> Classifications Accuracy: 37.03703703703704

[2024-07-07 20:36:28,174][    INFO] ===========> Epoch: 26, LR: 0.00517, Previous best: 89.56
[2024-07-07 20:36:28,632][    INFO] Iters: 0, Total loss: 0.240
[2024-07-07 20:36:33,076][    INFO] Iters: 15, Total loss: 0.196
[2024-07-07 20:36:41,996][    INFO] Iters: 30, Total loss: 0.190
[2024-07-07 20:36:46,897][    INFO] Iters: 45, Total loss: 0.190
[2024-07-07 20:36:54,257][    INFO] Iters: 60, Total loss: 0.188
[2024-07-07 20:36:58,317][    INFO] Iters: 75, Total loss: 0.192
[2024-07-07 20:37:04,930][    INFO] Iters: 90, Total loss: 0.191
[2024-07-07 20:37:10,233][    INFO] Iters: 105, Total loss: 0.189
[2024-07-07 20:37:16,857][    INFO] Iters: 120, Total loss: 0.187
[2024-07-07 20:37:26,834][    INFO] ***** Evaluation ***** >>>> Class [0 Right Ventricle] Dice: 87.99
[2024-07-07 20:37:26,834][    INFO] ***** Evaluation ***** >>>> Class [1 Myocardium] Dice: 85.26
[2024-07-07 20:37:26,834][    INFO] ***** Evaluation ***** >>>> Class [2 Left Ventricle] Dice: 94.05
[2024-07-07 20:37:26,834][    INFO] ***** Evaluation ***** >>>> MeanDice: 89.10
[2024-07-07 20:37:26,835][    INFO] ***** Evaluation ***** >>>> Classifications Accuracy: 37.96296296296296

[2024-07-07 20:37:27,045][    INFO] ===========> Epoch: 27, LR: 0.00497, Previous best: 89.56
[2024-07-07 20:37:27,507][    INFO] Iters: 0, Total loss: 0.136
[2024-07-07 20:37:34,197][    INFO] Iters: 15, Total loss: 0.156
[2024-07-07 20:37:39,331][    INFO] Iters: 30, Total loss: 0.170
[2024-07-07 20:37:44,798][    INFO] Iters: 45, Total loss: 0.164
[2024-07-07 20:37:49,849][    INFO] Iters: 60, Total loss: 0.175
[2024-07-07 20:37:57,232][    INFO] Iters: 75, Total loss: 0.176
[2024-07-07 20:38:04,420][    INFO] Iters: 90, Total loss: 0.175
[2024-07-07 20:38:12,282][    INFO] Iters: 105, Total loss: 0.175
[2024-07-07 20:38:20,288][    INFO] Iters: 120, Total loss: 0.176
[2024-07-07 20:38:26,349][    INFO] ***** Evaluation ***** >>>> Class [0 Right Ventricle] Dice: 83.60
[2024-07-07 20:38:26,349][    INFO] ***** Evaluation ***** >>>> Class [1 Myocardium] Dice: 83.06
[2024-07-07 20:38:26,349][    INFO] ***** Evaluation ***** >>>> Class [2 Left Ventricle] Dice: 92.22
[2024-07-07 20:38:26,349][    INFO] ***** Evaluation ***** >>>> MeanDice: 86.29
[2024-07-07 20:38:26,350][    INFO] ***** Evaluation ***** >>>> Classifications Accuracy: 37.03703703703704

[2024-07-07 20:38:26,760][    INFO] ===========> Epoch: 28, LR: 0.00478, Previous best: 89.56
[2024-07-07 20:38:27,404][    INFO] Iters: 0, Total loss: 0.130
[2024-07-07 20:38:33,398][    INFO] Iters: 15, Total loss: 0.152
[2024-07-07 20:38:37,278][    INFO] Iters: 30, Total loss: 0.166
[2024-07-07 20:38:46,632][    INFO] Iters: 45, Total loss: 0.172
[2024-07-07 20:38:50,424][    INFO] Iters: 60, Total loss: 0.171
[2024-07-07 20:38:56,040][    INFO] Iters: 75, Total loss: 0.170
[2024-07-07 20:39:00,911][    INFO] Iters: 90, Total loss: 0.166
[2024-07-07 20:39:05,065][    INFO] Iters: 105, Total loss: 0.168
[2024-07-07 20:39:09,871][    INFO] Iters: 120, Total loss: 0.171
[2024-07-07 20:39:15,258][    INFO] ***** Evaluation ***** >>>> Class [0 Right Ventricle] Dice: 88.86
[2024-07-07 20:39:15,258][    INFO] ***** Evaluation ***** >>>> Class [1 Myocardium] Dice: 87.25
[2024-07-07 20:39:15,258][    INFO] ***** Evaluation ***** >>>> Class [2 Left Ventricle] Dice: 95.39
[2024-07-07 20:39:15,258][    INFO] ***** Evaluation ***** >>>> MeanDice: 90.50
[2024-07-07 20:39:15,258][    INFO] ***** Evaluation ***** >>>> Classifications Accuracy: 49.074074074074076

[2024-07-07 20:39:15,690][    INFO] ===========> Epoch: 29, LR: 0.00458, Previous best: 90.50
[2024-07-07 20:39:16,151][    INFO] Iters: 0, Total loss: 0.163
[2024-07-07 20:39:23,791][    INFO] Iters: 15, Total loss: 0.180
[2024-07-07 20:39:28,063][    INFO] Iters: 30, Total loss: 0.169
[2024-07-07 20:39:33,297][    INFO] Iters: 45, Total loss: 0.165
[2024-07-07 20:39:38,023][    INFO] Iters: 60, Total loss: 0.164
[2024-07-07 20:39:44,276][    INFO] Iters: 75, Total loss: 0.166
[2024-07-07 20:39:50,029][    INFO] Iters: 90, Total loss: 0.162
[2024-07-07 20:39:57,140][    INFO] Iters: 105, Total loss: 0.162
[2024-07-07 20:40:01,665][    INFO] Iters: 120, Total loss: 0.165
[2024-07-07 20:40:08,342][    INFO] ***** Evaluation ***** >>>> Class [0 Right Ventricle] Dice: 83.25
[2024-07-07 20:40:08,343][    INFO] ***** Evaluation ***** >>>> Class [1 Myocardium] Dice: 79.71
[2024-07-07 20:40:08,343][    INFO] ***** Evaluation ***** >>>> Class [2 Left Ventricle] Dice: 90.91
[2024-07-07 20:40:08,343][    INFO] ***** Evaluation ***** >>>> MeanDice: 84.62
[2024-07-07 20:40:08,343][    INFO] ***** Evaluation ***** >>>> Classifications Accuracy: 37.03703703703704

[2024-07-07 20:40:08,555][    INFO] ===========> Epoch: 30, LR: 0.00439, Previous best: 90.50
[2024-07-07 20:40:09,046][    INFO] Iters: 0, Total loss: 0.262
[2024-07-07 20:40:16,152][    INFO] Iters: 15, Total loss: 0.175
[2024-07-07 20:40:22,549][    INFO] Iters: 30, Total loss: 0.164
[2024-07-07 20:40:28,801][    INFO] Iters: 45, Total loss: 0.172
[2024-07-07 20:40:34,121][    INFO] Iters: 60, Total loss: 0.171
[2024-07-07 20:40:40,137][    INFO] Iters: 75, Total loss: 0.171
[2024-07-07 20:40:44,455][    INFO] Iters: 90, Total loss: 0.170
[2024-07-07 20:40:48,464][    INFO] Iters: 105, Total loss: 0.169
[2024-07-07 20:40:52,578][    INFO] Iters: 120, Total loss: 0.165
[2024-07-07 20:40:57,549][    INFO] ***** Evaluation ***** >>>> Class [0 Right Ventricle] Dice: 83.08
[2024-07-07 20:40:57,549][    INFO] ***** Evaluation ***** >>>> Class [1 Myocardium] Dice: 83.22
[2024-07-07 20:40:57,549][    INFO] ***** Evaluation ***** >>>> Class [2 Left Ventricle] Dice: 91.58
[2024-07-07 20:40:57,549][    INFO] ***** Evaluation ***** >>>> MeanDice: 85.96
[2024-07-07 20:40:57,549][    INFO] ***** Evaluation ***** >>>> Classifications Accuracy: 45.370370370370374

[2024-07-07 20:40:58,375][    INFO] ===========> Epoch: 31, LR: 0.00419, Previous best: 90.50
[2024-07-07 20:40:59,592][    INFO] Iters: 0, Total loss: 0.205
[2024-07-07 20:41:05,812][    INFO] Iters: 15, Total loss: 0.172
[2024-07-07 20:41:12,790][    INFO] Iters: 30, Total loss: 0.180
[2024-07-07 20:41:20,984][    INFO] Iters: 45, Total loss: 0.174
[2024-07-07 20:41:25,657][    INFO] Iters: 60, Total loss: 0.173
[2024-07-07 20:41:33,481][    INFO] Iters: 75, Total loss: 0.171
[2024-07-07 20:41:38,249][    INFO] Iters: 90, Total loss: 0.174
[2024-07-07 20:41:45,044][    INFO] Iters: 105, Total loss: 0.172
[2024-07-07 20:41:48,686][    INFO] Iters: 120, Total loss: 0.170
[2024-07-07 20:41:58,217][    INFO] ***** Evaluation ***** >>>> Class [0 Right Ventricle] Dice: 83.35
[2024-07-07 20:41:58,217][    INFO] ***** Evaluation ***** >>>> Class [1 Myocardium] Dice: 85.30
[2024-07-07 20:41:58,217][    INFO] ***** Evaluation ***** >>>> Class [2 Left Ventricle] Dice: 93.61
[2024-07-07 20:41:58,217][    INFO] ***** Evaluation ***** >>>> MeanDice: 87.42
[2024-07-07 20:41:58,217][    INFO] ***** Evaluation ***** >>>> Classifications Accuracy: 37.03703703703704

[2024-07-07 20:41:58,952][    INFO] ===========> Epoch: 32, LR: 0.00399, Previous best: 90.50
[2024-07-07 20:41:59,491][    INFO] Iters: 0, Total loss: 0.212
[2024-07-07 20:42:04,074][    INFO] Iters: 15, Total loss: 0.151
[2024-07-07 20:42:13,729][    INFO] Iters: 30, Total loss: 0.143
[2024-07-07 20:42:21,219][    INFO] Iters: 45, Total loss: 0.137
[2024-07-07 20:42:26,016][    INFO] Iters: 60, Total loss: 0.138
[2024-07-07 20:42:34,349][    INFO] Iters: 75, Total loss: 0.138
[2024-07-07 20:42:43,399][    INFO] Iters: 90, Total loss: 0.138
[2024-07-07 20:42:54,204][    INFO] Iters: 105, Total loss: 0.136
[2024-07-07 20:42:58,544][    INFO] Iters: 120, Total loss: 0.134
[2024-07-07 20:43:05,582][    INFO] ***** Evaluation ***** >>>> Class [0 Right Ventricle] Dice: 87.45
[2024-07-07 20:43:05,582][    INFO] ***** Evaluation ***** >>>> Class [1 Myocardium] Dice: 87.15
[2024-07-07 20:43:05,582][    INFO] ***** Evaluation ***** >>>> Class [2 Left Ventricle] Dice: 94.57
[2024-07-07 20:43:05,582][    INFO] ***** Evaluation ***** >>>> MeanDice: 89.72
[2024-07-07 20:43:05,582][    INFO] ***** Evaluation ***** >>>> Classifications Accuracy: 37.03703703703704

[2024-07-07 20:43:06,576][    INFO] ===========> Epoch: 33, LR: 0.00379, Previous best: 90.50
[2024-07-07 20:43:07,009][    INFO] Iters: 0, Total loss: 0.081
[2024-07-07 20:43:11,661][    INFO] Iters: 15, Total loss: 0.153
[2024-07-07 20:43:16,514][    INFO] Iters: 30, Total loss: 0.145
[2024-07-07 20:43:24,538][    INFO] Iters: 45, Total loss: 0.141
[2024-07-07 20:43:30,770][    INFO] Iters: 60, Total loss: 0.142
[2024-07-07 20:43:37,161][    INFO] Iters: 75, Total loss: 0.142
[2024-07-07 20:43:44,510][    INFO] Iters: 90, Total loss: 0.142
[2024-07-07 20:43:49,844][    INFO] Iters: 105, Total loss: 0.142
[2024-07-07 20:43:53,520][    INFO] Iters: 120, Total loss: 0.141
[2024-07-07 20:44:02,248][    INFO] ***** Evaluation ***** >>>> Class [0 Right Ventricle] Dice: 87.33
[2024-07-07 20:44:02,248][    INFO] ***** Evaluation ***** >>>> Class [1 Myocardium] Dice: 85.99
[2024-07-07 20:44:02,248][    INFO] ***** Evaluation ***** >>>> Class [2 Left Ventricle] Dice: 94.27
[2024-07-07 20:44:02,248][    INFO] ***** Evaluation ***** >>>> MeanDice: 89.19
[2024-07-07 20:44:02,248][    INFO] ***** Evaluation ***** >>>> Classifications Accuracy: 37.03703703703704

[2024-07-07 20:44:02,456][    INFO] ===========> Epoch: 34, LR: 0.00359, Previous best: 90.50
[2024-07-07 20:44:02,896][    INFO] Iters: 0, Total loss: 0.110
[2024-07-07 20:44:10,903][    INFO] Iters: 15, Total loss: 0.137
[2024-07-07 20:44:15,862][    INFO] Iters: 30, Total loss: 0.130
[2024-07-07 20:44:24,586][    INFO] Iters: 45, Total loss: 0.141
[2024-07-07 20:44:31,368][    INFO] Iters: 60, Total loss: 0.148
[2024-07-07 20:44:38,632][    INFO] Iters: 75, Total loss: 0.141
[2024-07-07 20:44:43,550][    INFO] Iters: 90, Total loss: 0.135
[2024-07-07 20:44:48,401][    INFO] Iters: 105, Total loss: 0.139
[2024-07-07 20:44:54,096][    INFO] Iters: 120, Total loss: 0.138
[2024-07-07 20:45:03,089][    INFO] ***** Evaluation ***** >>>> Class [0 Right Ventricle] Dice: 83.62
[2024-07-07 20:45:03,089][    INFO] ***** Evaluation ***** >>>> Class [1 Myocardium] Dice: 81.89
[2024-07-07 20:45:03,089][    INFO] ***** Evaluation ***** >>>> Class [2 Left Ventricle] Dice: 90.91
[2024-07-07 20:45:03,089][    INFO] ***** Evaluation ***** >>>> MeanDice: 85.47
[2024-07-07 20:45:03,089][    INFO] ***** Evaluation ***** >>>> Classifications Accuracy: 37.03703703703704

[2024-07-07 20:45:03,324][    INFO] ===========> Epoch: 35, LR: 0.00339, Previous best: 90.50
[2024-07-07 20:45:03,880][    INFO] Iters: 0, Total loss: 0.235
[2024-07-07 20:45:10,547][    INFO] Iters: 15, Total loss: 0.155
[2024-07-07 20:45:20,407][    INFO] Iters: 30, Total loss: 0.147
[2024-07-07 20:45:25,297][    INFO] Iters: 45, Total loss: 0.137
[2024-07-07 20:45:33,489][    INFO] Iters: 60, Total loss: 0.139
[2024-07-07 20:45:39,085][    INFO] Iters: 75, Total loss: 0.134
[2024-07-07 20:45:47,662][    INFO] Iters: 90, Total loss: 0.133
[2024-07-07 20:45:52,435][    INFO] Iters: 105, Total loss: 0.130
[2024-07-07 20:46:01,012][    INFO] Iters: 120, Total loss: 0.132
[2024-07-07 20:46:08,209][    INFO] ***** Evaluation ***** >>>> Class [0 Right Ventricle] Dice: 86.67
[2024-07-07 20:46:08,209][    INFO] ***** Evaluation ***** >>>> Class [1 Myocardium] Dice: 86.41
[2024-07-07 20:46:08,209][    INFO] ***** Evaluation ***** >>>> Class [2 Left Ventricle] Dice: 93.16
[2024-07-07 20:46:08,210][    INFO] ***** Evaluation ***** >>>> MeanDice: 88.75
[2024-07-07 20:46:08,210][    INFO] ***** Evaluation ***** >>>> Classifications Accuracy: 37.03703703703704

[2024-07-07 20:46:08,776][    INFO] ===========> Epoch: 36, LR: 0.00318, Previous best: 90.50
[2024-07-07 20:46:09,264][    INFO] Iters: 0, Total loss: 0.115
[2024-07-07 20:46:14,444][    INFO] Iters: 15, Total loss: 0.120
[2024-07-07 20:46:19,566][    INFO] Iters: 30, Total loss: 0.133
[2024-07-07 20:46:26,863][    INFO] Iters: 45, Total loss: 0.132
[2024-07-07 20:46:31,821][    INFO] Iters: 60, Total loss: 0.136
[2024-07-07 20:46:39,593][    INFO] Iters: 75, Total loss: 0.136
[2024-07-07 20:46:43,612][    INFO] Iters: 90, Total loss: 0.133
[2024-07-07 20:46:52,134][    INFO] Iters: 105, Total loss: 0.133
[2024-07-07 20:46:58,966][    INFO] Iters: 120, Total loss: 0.132
[2024-07-07 20:47:05,321][    INFO] ***** Evaluation ***** >>>> Class [0 Right Ventricle] Dice: 87.98
[2024-07-07 20:47:05,321][    INFO] ***** Evaluation ***** >>>> Class [1 Myocardium] Dice: 87.43
[2024-07-07 20:47:05,321][    INFO] ***** Evaluation ***** >>>> Class [2 Left Ventricle] Dice: 94.87
[2024-07-07 20:47:05,321][    INFO] ***** Evaluation ***** >>>> MeanDice: 90.09
[2024-07-07 20:47:05,321][    INFO] ***** Evaluation ***** >>>> Classifications Accuracy: 37.03703703703704

[2024-07-07 20:47:05,530][    INFO] ===========> Epoch: 37, LR: 0.00298, Previous best: 90.50
[2024-07-07 20:47:05,949][    INFO] Iters: 0, Total loss: 0.120
[2024-07-07 20:47:10,895][    INFO] Iters: 15, Total loss: 0.126
[2024-07-07 20:47:19,763][    INFO] Iters: 30, Total loss: 0.124
[2024-07-07 20:47:23,587][    INFO] Iters: 45, Total loss: 0.127
[2024-07-07 20:47:29,138][    INFO] Iters: 60, Total loss: 0.135
[2024-07-07 20:47:35,695][    INFO] Iters: 75, Total loss: 0.135
[2024-07-07 20:47:39,442][    INFO] Iters: 90, Total loss: 0.139
[2024-07-07 20:47:43,825][    INFO] Iters: 105, Total loss: 0.139
[2024-07-07 20:47:49,221][    INFO] Iters: 120, Total loss: 0.135
[2024-07-07 20:47:54,654][    INFO] ***** Evaluation ***** >>>> Class [0 Right Ventricle] Dice: 88.57
[2024-07-07 20:47:54,654][    INFO] ***** Evaluation ***** >>>> Class [1 Myocardium] Dice: 87.73
[2024-07-07 20:47:54,654][    INFO] ***** Evaluation ***** >>>> Class [2 Left Ventricle] Dice: 94.44
[2024-07-07 20:47:54,655][    INFO] ***** Evaluation ***** >>>> MeanDice: 90.25
[2024-07-07 20:47:54,655][    INFO] ***** Evaluation ***** >>>> Classifications Accuracy: 37.5

[2024-07-07 20:47:54,941][    INFO] ===========> Epoch: 38, LR: 0.00277, Previous best: 90.50
[2024-07-07 20:47:56,453][    INFO] Iters: 0, Total loss: 0.147
[2024-07-07 20:48:04,999][    INFO] Iters: 15, Total loss: 0.110
[2024-07-07 20:48:09,673][    INFO] Iters: 30, Total loss: 0.111
[2024-07-07 20:48:15,028][    INFO] Iters: 45, Total loss: 0.110
[2024-07-07 20:48:25,295][    INFO] Iters: 60, Total loss: 0.121
[2024-07-07 20:48:31,363][    INFO] Iters: 75, Total loss: 0.122
[2024-07-07 20:48:36,794][    INFO] Iters: 90, Total loss: 0.124
[2024-07-07 20:48:41,790][    INFO] Iters: 105, Total loss: 0.122
[2024-07-07 20:48:49,022][    INFO] Iters: 120, Total loss: 0.125
[2024-07-07 20:48:54,054][    INFO] ***** Evaluation ***** >>>> Class [0 Right Ventricle] Dice: 89.00
[2024-07-07 20:48:54,055][    INFO] ***** Evaluation ***** >>>> Class [1 Myocardium] Dice: 88.13
[2024-07-07 20:48:54,055][    INFO] ***** Evaluation ***** >>>> Class [2 Left Ventricle] Dice: 94.78
[2024-07-07 20:48:54,055][    INFO] ***** Evaluation ***** >>>> MeanDice: 90.64
[2024-07-07 20:48:54,055][    INFO] ***** Evaluation ***** >>>> Classifications Accuracy: 37.5

[2024-07-07 20:48:55,280][    INFO] ===========> Epoch: 39, LR: 0.00256, Previous best: 90.64
[2024-07-07 20:48:55,970][    INFO] Iters: 0, Total loss: 0.059
[2024-07-07 20:49:01,002][    INFO] Iters: 15, Total loss: 0.117
[2024-07-07 20:49:06,046][    INFO] Iters: 30, Total loss: 0.114
[2024-07-07 20:49:11,097][    INFO] Iters: 45, Total loss: 0.125
[2024-07-07 20:49:17,637][    INFO] Iters: 60, Total loss: 0.122
[2024-07-07 20:49:24,280][    INFO] Iters: 75, Total loss: 0.122
[2024-07-07 20:49:29,288][    INFO] Iters: 90, Total loss: 0.117
[2024-07-07 20:49:35,678][    INFO] Iters: 105, Total loss: 0.117
[2024-07-07 20:49:40,827][    INFO] Iters: 120, Total loss: 0.115
[2024-07-07 20:49:50,155][    INFO] ***** Evaluation ***** >>>> Class [0 Right Ventricle] Dice: 87.96
[2024-07-07 20:49:50,155][    INFO] ***** Evaluation ***** >>>> Class [1 Myocardium] Dice: 87.17
[2024-07-07 20:49:50,155][    INFO] ***** Evaluation ***** >>>> Class [2 Left Ventricle] Dice: 95.13
[2024-07-07 20:49:50,155][    INFO] ***** Evaluation ***** >>>> MeanDice: 90.09
[2024-07-07 20:49:50,155][    INFO] ***** Evaluation ***** >>>> Classifications Accuracy: 37.03703703703704

[2024-07-07 20:49:50,366][    INFO] ===========> Epoch: 40, LR: 0.00235, Previous best: 90.64
[2024-07-07 20:49:50,829][    INFO] Iters: 0, Total loss: 0.062
[2024-07-07 20:49:55,718][    INFO] Iters: 15, Total loss: 0.080
[2024-07-07 20:50:02,251][    INFO] Iters: 30, Total loss: 0.102
[2024-07-07 20:50:14,103][    INFO] Iters: 45, Total loss: 0.109
[2024-07-07 20:50:18,459][    INFO] Iters: 60, Total loss: 0.110
[2024-07-07 20:50:25,779][    INFO] Iters: 75, Total loss: 0.115
[2024-07-07 20:50:31,778][    INFO] Iters: 90, Total loss: 0.116
[2024-07-07 20:50:39,900][    INFO] Iters: 105, Total loss: 0.118
[2024-07-07 20:50:46,382][    INFO] Iters: 120, Total loss: 0.113
[2024-07-07 20:50:54,741][    INFO] ***** Evaluation ***** >>>> Class [0 Right Ventricle] Dice: 87.67
[2024-07-07 20:50:54,741][    INFO] ***** Evaluation ***** >>>> Class [1 Myocardium] Dice: 87.00
[2024-07-07 20:50:54,741][    INFO] ***** Evaluation ***** >>>> Class [2 Left Ventricle] Dice: 95.08
[2024-07-07 20:50:54,741][    INFO] ***** Evaluation ***** >>>> MeanDice: 89.92
[2024-07-07 20:50:54,741][    INFO] ***** Evaluation ***** >>>> Classifications Accuracy: 37.03703703703704

[2024-07-07 20:50:54,988][    INFO] ===========> Epoch: 41, LR: 0.00214, Previous best: 90.64
[2024-07-07 20:50:55,472][    INFO] Iters: 0, Total loss: 0.048
[2024-07-07 20:51:00,244][    INFO] Iters: 15, Total loss: 0.118
[2024-07-07 20:51:05,916][    INFO] Iters: 30, Total loss: 0.115
[2024-07-07 20:51:09,929][    INFO] Iters: 45, Total loss: 0.115
[2024-07-07 20:51:13,917][    INFO] Iters: 60, Total loss: 0.112
[2024-07-07 20:51:18,908][    INFO] Iters: 75, Total loss: 0.118
[2024-07-07 20:51:24,370][    INFO] Iters: 90, Total loss: 0.116
[2024-07-07 20:51:30,264][    INFO] Iters: 105, Total loss: 0.111
[2024-07-07 20:51:35,793][    INFO] Iters: 120, Total loss: 0.115
[2024-07-07 20:51:44,534][    INFO] ***** Evaluation ***** >>>> Class [0 Right Ventricle] Dice: 87.76
[2024-07-07 20:51:44,534][    INFO] ***** Evaluation ***** >>>> Class [1 Myocardium] Dice: 87.91
[2024-07-07 20:51:44,534][    INFO] ***** Evaluation ***** >>>> Class [2 Left Ventricle] Dice: 94.71
[2024-07-07 20:51:44,534][    INFO] ***** Evaluation ***** >>>> MeanDice: 90.13
[2024-07-07 20:51:44,535][    INFO] ***** Evaluation ***** >>>> Classifications Accuracy: 37.03703703703704

[2024-07-07 20:51:44,742][    INFO] ===========> Epoch: 42, LR: 0.00192, Previous best: 90.64
[2024-07-07 20:51:45,222][    INFO] Iters: 0, Total loss: 0.084
[2024-07-07 20:51:52,291][    INFO] Iters: 15, Total loss: 0.099
[2024-07-07 20:51:58,340][    INFO] Iters: 30, Total loss: 0.095
[2024-07-07 20:52:02,103][    INFO] Iters: 45, Total loss: 0.092
[2024-07-07 20:52:06,465][    INFO] Iters: 60, Total loss: 0.094
[2024-07-07 20:52:11,036][    INFO] Iters: 75, Total loss: 0.095
[2024-07-07 20:52:15,347][    INFO] Iters: 90, Total loss: 0.096
[2024-07-07 20:52:22,727][    INFO] Iters: 105, Total loss: 0.094
[2024-07-07 20:52:28,582][    INFO] Iters: 120, Total loss: 0.093
[2024-07-07 20:52:34,806][    INFO] ***** Evaluation ***** >>>> Class [0 Right Ventricle] Dice: 88.50
[2024-07-07 20:52:34,806][    INFO] ***** Evaluation ***** >>>> Class [1 Myocardium] Dice: 87.04
[2024-07-07 20:52:34,806][    INFO] ***** Evaluation ***** >>>> Class [2 Left Ventricle] Dice: 94.79
[2024-07-07 20:52:34,806][    INFO] ***** Evaluation ***** >>>> MeanDice: 90.11
[2024-07-07 20:52:34,806][    INFO] ***** Evaluation ***** >>>> Classifications Accuracy: 38.425925925925924

[2024-07-07 20:52:35,311][    INFO] ===========> Epoch: 43, LR: 0.00171, Previous best: 90.64
[2024-07-07 20:52:36,131][    INFO] Iters: 0, Total loss: 0.052
[2024-07-07 20:52:41,843][    INFO] Iters: 15, Total loss: 0.089
[2024-07-07 20:52:49,407][    INFO] Iters: 30, Total loss: 0.089
[2024-07-07 20:52:53,450][    INFO] Iters: 45, Total loss: 0.090
[2024-07-07 20:52:59,463][    INFO] Iters: 60, Total loss: 0.096
[2024-07-07 20:53:03,378][    INFO] Iters: 75, Total loss: 0.095
[2024-07-07 20:53:10,142][    INFO] Iters: 90, Total loss: 0.097
[2024-07-07 20:53:18,264][    INFO] Iters: 105, Total loss: 0.100
[2024-07-07 20:53:25,108][    INFO] Iters: 120, Total loss: 0.099
[2024-07-07 20:53:31,288][    INFO] ***** Evaluation ***** >>>> Class [0 Right Ventricle] Dice: 90.24
[2024-07-07 20:53:31,288][    INFO] ***** Evaluation ***** >>>> Class [1 Myocardium] Dice: 89.10
[2024-07-07 20:53:31,288][    INFO] ***** Evaluation ***** >>>> Class [2 Left Ventricle] Dice: 95.12
[2024-07-07 20:53:31,288][    INFO] ***** Evaluation ***** >>>> MeanDice: 91.48
[2024-07-07 20:53:31,288][    INFO] ***** Evaluation ***** >>>> Classifications Accuracy: 37.03703703703704

[2024-07-07 20:53:31,718][    INFO] ===========> Epoch: 44, LR: 0.00149, Previous best: 91.48
[2024-07-07 20:53:32,200][    INFO] Iters: 0, Total loss: 0.090
[2024-07-07 20:53:40,472][    INFO] Iters: 15, Total loss: 0.103
[2024-07-07 20:53:45,488][    INFO] Iters: 30, Total loss: 0.094
[2024-07-07 20:53:58,612][    INFO] Iters: 45, Total loss: 0.094
[2024-07-07 20:54:03,297][    INFO] Iters: 60, Total loss: 0.092
[2024-07-07 20:54:14,034][    INFO] Iters: 75, Total loss: 0.099
[2024-07-07 20:54:18,405][    INFO] Iters: 90, Total loss: 0.099
[2024-07-07 20:54:23,284][    INFO] Iters: 105, Total loss: 0.099
[2024-07-07 20:54:28,366][    INFO] Iters: 120, Total loss: 0.099
[2024-07-07 20:54:34,084][    INFO] ***** Evaluation ***** >>>> Class [0 Right Ventricle] Dice: 88.33
[2024-07-07 20:54:34,084][    INFO] ***** Evaluation ***** >>>> Class [1 Myocardium] Dice: 86.84
[2024-07-07 20:54:34,084][    INFO] ***** Evaluation ***** >>>> Class [2 Left Ventricle] Dice: 94.45
[2024-07-07 20:54:34,084][    INFO] ***** Evaluation ***** >>>> MeanDice: 89.87
[2024-07-07 20:54:34,085][    INFO] ***** Evaluation ***** >>>> Classifications Accuracy: 37.03703703703704

[2024-07-07 20:54:34,294][    INFO] ===========> Epoch: 45, LR: 0.00126, Previous best: 91.48
[2024-07-07 20:54:36,395][    INFO] Iters: 0, Total loss: 0.046
[2024-07-07 20:54:43,888][    INFO] Iters: 15, Total loss: 0.097
[2024-07-07 20:54:50,192][    INFO] Iters: 30, Total loss: 0.091
[2024-07-07 20:54:56,200][    INFO] Iters: 45, Total loss: 0.095
[2024-07-07 20:55:00,363][    INFO] Iters: 60, Total loss: 0.097
[2024-07-07 20:55:04,355][    INFO] Iters: 75, Total loss: 0.094
[2024-07-07 20:55:08,607][    INFO] Iters: 90, Total loss: 0.096
[2024-07-07 20:55:14,392][    INFO] Iters: 105, Total loss: 0.094
[2024-07-07 20:55:21,443][    INFO] Iters: 120, Total loss: 0.092
[2024-07-07 20:55:27,892][    INFO] ***** Evaluation ***** >>>> Class [0 Right Ventricle] Dice: 89.50
[2024-07-07 20:55:27,892][    INFO] ***** Evaluation ***** >>>> Class [1 Myocardium] Dice: 88.15
[2024-07-07 20:55:27,892][    INFO] ***** Evaluation ***** >>>> Class [2 Left Ventricle] Dice: 94.95
[2024-07-07 20:55:27,892][    INFO] ***** Evaluation ***** >>>> MeanDice: 90.87
[2024-07-07 20:55:27,892][    INFO] ***** Evaluation ***** >>>> Classifications Accuracy: 37.03703703703704

[2024-07-07 20:55:28,100][    INFO] ===========> Epoch: 46, LR: 0.00103, Previous best: 91.48
[2024-07-07 20:55:28,563][    INFO] Iters: 0, Total loss: 0.043
[2024-07-07 20:55:33,071][    INFO] Iters: 15, Total loss: 0.104
[2024-07-07 20:55:37,754][    INFO] Iters: 30, Total loss: 0.098
[2024-07-07 20:55:42,539][    INFO] Iters: 45, Total loss: 0.097
[2024-07-07 20:55:47,987][    INFO] Iters: 60, Total loss: 0.101
[2024-07-07 20:55:53,075][    INFO] Iters: 75, Total loss: 0.100
[2024-07-07 20:55:57,783][    INFO] Iters: 90, Total loss: 0.099
[2024-07-07 20:56:03,482][    INFO] Iters: 105, Total loss: 0.098
[2024-07-07 20:56:09,152][    INFO] Iters: 120, Total loss: 0.099
[2024-07-07 20:56:16,741][    INFO] ***** Evaluation ***** >>>> Class [0 Right Ventricle] Dice: 89.05
[2024-07-07 20:56:16,741][    INFO] ***** Evaluation ***** >>>> Class [1 Myocardium] Dice: 87.22
[2024-07-07 20:56:16,741][    INFO] ***** Evaluation ***** >>>> Class [2 Left Ventricle] Dice: 94.82
[2024-07-07 20:56:16,741][    INFO] ***** Evaluation ***** >>>> MeanDice: 90.36
[2024-07-07 20:56:16,741][    INFO] ***** Evaluation ***** >>>> Classifications Accuracy: 37.03703703703704

[2024-07-07 20:56:16,948][    INFO] ===========> Epoch: 47, LR: 0.00080, Previous best: 91.48
[2024-07-07 20:56:18,210][    INFO] Iters: 0, Total loss: 0.059
[2024-07-07 20:56:24,883][    INFO] Iters: 15, Total loss: 0.088
[2024-07-07 20:56:29,914][    INFO] Iters: 30, Total loss: 0.083
[2024-07-07 20:56:37,172][    INFO] Iters: 45, Total loss: 0.079
[2024-07-07 20:56:43,951][    INFO] Iters: 60, Total loss: 0.088
[2024-07-07 20:56:48,929][    INFO] Iters: 75, Total loss: 0.087
[2024-07-07 20:56:55,475][    INFO] Iters: 90, Total loss: 0.083
[2024-07-07 20:56:59,220][    INFO] Iters: 105, Total loss: 0.083
[2024-07-07 20:57:03,805][    INFO] Iters: 120, Total loss: 0.085
[2024-07-07 20:57:12,199][    INFO] ***** Evaluation ***** >>>> Class [0 Right Ventricle] Dice: 89.11
[2024-07-07 20:57:12,199][    INFO] ***** Evaluation ***** >>>> Class [1 Myocardium] Dice: 87.65
[2024-07-07 20:57:12,199][    INFO] ***** Evaluation ***** >>>> Class [2 Left Ventricle] Dice: 94.97
[2024-07-07 20:57:12,199][    INFO] ***** Evaluation ***** >>>> MeanDice: 90.58
[2024-07-07 20:57:12,199][    INFO] ***** Evaluation ***** >>>> Classifications Accuracy: 37.03703703703704

[2024-07-07 20:57:12,517][    INFO] ===========> Epoch: 48, LR: 0.00055, Previous best: 91.48
[2024-07-07 20:57:13,043][    INFO] Iters: 0, Total loss: 0.146
[2024-07-07 20:57:18,999][    INFO] Iters: 15, Total loss: 0.063
[2024-07-07 20:57:24,162][    INFO] Iters: 30, Total loss: 0.069
[2024-07-07 20:57:30,607][    INFO] Iters: 45, Total loss: 0.077
[2024-07-07 20:57:36,400][    INFO] Iters: 60, Total loss: 0.078
[2024-07-07 20:57:41,767][    INFO] Iters: 75, Total loss: 0.077
[2024-07-07 20:57:46,175][    INFO] Iters: 90, Total loss: 0.075
[2024-07-07 20:57:50,581][    INFO] Iters: 105, Total loss: 0.079
[2024-07-07 20:57:54,415][    INFO] Iters: 120, Total loss: 0.078
[2024-07-07 20:57:59,227][    INFO] ***** Evaluation ***** >>>> Class [0 Right Ventricle] Dice: 88.97
[2024-07-07 20:57:59,227][    INFO] ***** Evaluation ***** >>>> Class [1 Myocardium] Dice: 87.36
[2024-07-07 20:57:59,227][    INFO] ***** Evaluation ***** >>>> Class [2 Left Ventricle] Dice: 94.85
[2024-07-07 20:57:59,227][    INFO] ***** Evaluation ***** >>>> MeanDice: 90.40
[2024-07-07 20:57:59,227][    INFO] ***** Evaluation ***** >>>> Classifications Accuracy: 37.03703703703704

[2024-07-07 20:57:59,439][    INFO] ===========> Epoch: 49, LR: 0.00030, Previous best: 91.48
[2024-07-07 20:57:59,884][    INFO] Iters: 0, Total loss: 0.024
[2024-07-07 20:58:03,986][    INFO] Iters: 15, Total loss: 0.076
[2024-07-07 20:58:11,695][    INFO] Iters: 30, Total loss: 0.080
[2024-07-07 20:58:17,356][    INFO] Iters: 45, Total loss: 0.076
[2024-07-07 20:58:25,073][    INFO] Iters: 60, Total loss: 0.077
[2024-07-07 20:58:29,003][    INFO] Iters: 75, Total loss: 0.078
[2024-07-07 20:58:33,276][    INFO] Iters: 90, Total loss: 0.082
[2024-07-07 20:58:38,968][    INFO] Iters: 105, Total loss: 0.081
[2024-07-07 20:58:43,371][    INFO] Iters: 120, Total loss: 0.080
[2024-07-07 20:58:49,793][    INFO] ***** Evaluation ***** >>>> Class [0 Right Ventricle] Dice: 88.61
[2024-07-07 20:58:49,793][    INFO] ***** Evaluation ***** >>>> Class [1 Myocardium] Dice: 87.45
[2024-07-07 20:58:49,793][    INFO] ***** Evaluation ***** >>>> Class [2 Left Ventricle] Dice: 94.81
[2024-07-07 20:58:49,793][    INFO] ***** Evaluation ***** >>>> MeanDice: 90.29
[2024-07-07 20:58:49,793][    INFO] ***** Evaluation ***** >>>> Classifications Accuracy: 37.03703703703704

