/var/lib/slurm-llnl/slurmd/job04675/slurm_script: line 12: module: command not found
[2024-07-07 20:11:13,598][    INFO] {'batch_size': 12,
 'conf_thresh': 0.95,
 'crop_size': 256,
 'data_root': '/vol/aimspace/projects/ukbb/data/cardiac/cardiac_segmentations/subjects',
 'dataset': 'ukbb',
 'epochs': 50,
 'exp': '4',
 'local_rank': 0,
 'lr': 0.01,
 'mode': 'train',
 'nclass': 4,
 'nclass_classif': 3,
 'ngpus': 1,
 'num_workers': 1,
 'port': 8057,
 'seed': '57',
 'seg_model': 'unet',
 'split': 18,
 'task': 'multi_task',
 'visualize': False}

[2024-07-07 20:11:13,642][    INFO] Total params: 1.9M

[2024-07-07 20:11:17,911][    INFO] ===========> Epoch: 0, LR: 0.01000, Previous best: 0.00
[2024-07-07 20:11:24,064][    INFO] Iters: 0, Total loss: 1.117
[2024-07-07 20:11:43,628][    INFO] Iters: 15, Total loss: 0.832
[2024-07-07 20:11:58,098][    INFO] Iters: 30, Total loss: 0.744
[2024-07-07 20:12:03,789][    INFO] Iters: 45, Total loss: 0.706
[2024-07-07 20:12:07,999][    INFO] Iters: 60, Total loss: 0.682
[2024-07-07 20:12:11,887][    INFO] Iters: 75, Total loss: 0.664
[2024-07-07 20:12:17,976][    INFO] Iters: 90, Total loss: 0.649
[2024-07-07 20:12:21,806][    INFO] Iters: 105, Total loss: 0.637
[2024-07-07 20:12:35,769][    INFO] ***** Evaluation ***** >>>> Class [0 Right Ventricle] Dice: 15.68
[2024-07-07 20:12:35,770][    INFO] ***** Evaluation ***** >>>> Class [1 Myocardium] Dice: 1.09
[2024-07-07 20:12:35,770][    INFO] ***** Evaluation ***** >>>> Class [2 Left Ventricle] Dice: 27.70
[2024-07-07 20:12:35,770][    INFO] ***** Evaluation ***** >>>> MeanDice: 14.82
[2024-07-07 20:12:35,770][    INFO] ***** Evaluation ***** >>>> Classifications Accuracy: 48.148148148148145

[2024-07-07 20:12:36,195][    INFO] ===========> Epoch: 1, LR: 0.00982, Previous best: 14.82
[2024-07-07 20:12:36,689][    INFO] Iters: 0, Total loss: 0.533
[2024-07-07 20:12:45,765][    INFO] Iters: 15, Total loss: 0.496
[2024-07-07 20:12:50,099][    INFO] Iters: 30, Total loss: 0.480
[2024-07-07 20:12:56,856][    INFO] Iters: 45, Total loss: 0.472
[2024-07-07 20:13:00,421][    INFO] Iters: 60, Total loss: 0.462
[2024-07-07 20:13:03,980][    INFO] Iters: 75, Total loss: 0.454
[2024-07-07 20:13:07,609][    INFO] Iters: 90, Total loss: 0.449
[2024-07-07 20:13:12,857][    INFO] Iters: 105, Total loss: 0.444
[2024-07-07 20:13:26,641][    INFO] ***** Evaluation ***** >>>> Class [0 Right Ventricle] Dice: 1.38
[2024-07-07 20:13:26,641][    INFO] ***** Evaluation ***** >>>> Class [1 Myocardium] Dice: 9.55
[2024-07-07 20:13:26,641][    INFO] ***** Evaluation ***** >>>> Class [2 Left Ventricle] Dice: 9.53
[2024-07-07 20:13:26,641][    INFO] ***** Evaluation ***** >>>> MeanDice: 6.82
[2024-07-07 20:13:26,641][    INFO] ***** Evaluation ***** >>>> Classifications Accuracy: 48.148148148148145

[2024-07-07 20:13:26,850][    INFO] ===========> Epoch: 2, LR: 0.00964, Previous best: 14.82
[2024-07-07 20:13:27,279][    INFO] Iters: 0, Total loss: 0.435
[2024-07-07 20:13:40,400][    INFO] Iters: 15, Total loss: 0.414
[2024-07-07 20:13:44,362][    INFO] Iters: 30, Total loss: 0.407
[2024-07-07 20:13:50,859][    INFO] Iters: 45, Total loss: 0.398
[2024-07-07 20:13:55,713][    INFO] Iters: 60, Total loss: 0.395
[2024-07-07 20:14:00,733][    INFO] Iters: 75, Total loss: 0.396
[2024-07-07 20:14:08,036][    INFO] Iters: 90, Total loss: 0.391
[2024-07-07 20:14:11,595][    INFO] Iters: 105, Total loss: 0.390
[2024-07-07 20:14:28,184][    INFO] ***** Evaluation ***** >>>> Class [0 Right Ventricle] Dice: 61.65
[2024-07-07 20:14:28,184][    INFO] ***** Evaluation ***** >>>> Class [1 Myocardium] Dice: 66.10
[2024-07-07 20:14:28,185][    INFO] ***** Evaluation ***** >>>> Class [2 Left Ventricle] Dice: 74.87
[2024-07-07 20:14:28,185][    INFO] ***** Evaluation ***** >>>> MeanDice: 67.54
[2024-07-07 20:14:28,185][    INFO] ***** Evaluation ***** >>>> Classifications Accuracy: 54.166666666666664

[2024-07-07 20:14:29,058][    INFO] ===========> Epoch: 3, LR: 0.00946, Previous best: 67.54
[2024-07-07 20:14:29,579][    INFO] Iters: 0, Total loss: 0.367
[2024-07-07 20:14:40,163][    INFO] Iters: 15, Total loss: 0.369
[2024-07-07 20:14:44,809][    INFO] Iters: 30, Total loss: 0.372
[2024-07-07 20:14:50,889][    INFO] Iters: 45, Total loss: 0.368
[2024-07-07 20:14:54,500][    INFO] Iters: 60, Total loss: 0.369
[2024-07-07 20:15:03,012][    INFO] Iters: 75, Total loss: 0.366
[2024-07-07 20:15:06,614][    INFO] Iters: 90, Total loss: 0.365
[2024-07-07 20:15:14,830][    INFO] Iters: 105, Total loss: 0.365
[2024-07-07 20:15:26,319][    INFO] ***** Evaluation ***** >>>> Class [0 Right Ventricle] Dice: 40.77
[2024-07-07 20:15:26,319][    INFO] ***** Evaluation ***** >>>> Class [1 Myocardium] Dice: 54.20
[2024-07-07 20:15:26,319][    INFO] ***** Evaluation ***** >>>> Class [2 Left Ventricle] Dice: 63.86
[2024-07-07 20:15:26,319][    INFO] ***** Evaluation ***** >>>> MeanDice: 52.94
[2024-07-07 20:15:26,319][    INFO] ***** Evaluation ***** >>>> Classifications Accuracy: 48.148148148148145

[2024-07-07 20:15:26,524][    INFO] ===========> Epoch: 4, LR: 0.00928, Previous best: 67.54
[2024-07-07 20:15:26,993][    INFO] Iters: 0, Total loss: 0.366
[2024-07-07 20:15:33,297][    INFO] Iters: 15, Total loss: 0.357
[2024-07-07 20:15:43,172][    INFO] Iters: 30, Total loss: 0.352
[2024-07-07 20:15:47,728][    INFO] Iters: 45, Total loss: 0.351
[2024-07-07 20:15:54,814][    INFO] Iters: 60, Total loss: 0.349
[2024-07-07 20:16:02,139][    INFO] Iters: 75, Total loss: 0.349
[2024-07-07 20:16:07,051][    INFO] Iters: 90, Total loss: 0.349
[2024-07-07 20:16:12,029][    INFO] Iters: 105, Total loss: 0.350
[2024-07-07 20:16:23,706][    INFO] ***** Evaluation ***** >>>> Class [0 Right Ventricle] Dice: 65.10
[2024-07-07 20:16:23,707][    INFO] ***** Evaluation ***** >>>> Class [1 Myocardium] Dice: 76.82
[2024-07-07 20:16:23,707][    INFO] ***** Evaluation ***** >>>> Class [2 Left Ventricle] Dice: 86.93
[2024-07-07 20:16:23,707][    INFO] ***** Evaluation ***** >>>> MeanDice: 76.28
[2024-07-07 20:16:23,707][    INFO] ***** Evaluation ***** >>>> Classifications Accuracy: 65.74074074074075

[2024-07-07 20:16:24,138][    INFO] ===========> Epoch: 5, LR: 0.00910, Previous best: 76.28
[2024-07-07 20:16:24,580][    INFO] Iters: 0, Total loss: 0.298
[2024-07-07 20:16:34,900][    INFO] Iters: 15, Total loss: 0.350
[2024-07-07 20:16:43,001][    INFO] Iters: 30, Total loss: 0.347
[2024-07-07 20:16:49,315][    INFO] Iters: 45, Total loss: 0.342
[2024-07-07 20:16:53,647][    INFO] Iters: 60, Total loss: 0.340
[2024-07-07 20:16:58,993][    INFO] Iters: 75, Total loss: 0.337
[2024-07-07 20:17:05,008][    INFO] Iters: 90, Total loss: 0.339
[2024-07-07 20:17:08,946][    INFO] Iters: 105, Total loss: 0.338
[2024-07-07 20:17:18,811][    INFO] ***** Evaluation ***** >>>> Class [0 Right Ventricle] Dice: 69.10
[2024-07-07 20:17:18,811][    INFO] ***** Evaluation ***** >>>> Class [1 Myocardium] Dice: 78.43
[2024-07-07 20:17:18,811][    INFO] ***** Evaluation ***** >>>> Class [2 Left Ventricle] Dice: 87.16
[2024-07-07 20:17:18,811][    INFO] ***** Evaluation ***** >>>> MeanDice: 78.23
[2024-07-07 20:17:18,811][    INFO] ***** Evaluation ***** >>>> Classifications Accuracy: 46.75925925925926

[2024-07-07 20:17:19,215][    INFO] ===========> Epoch: 6, LR: 0.00891, Previous best: 78.23
[2024-07-07 20:17:19,695][    INFO] Iters: 0, Total loss: 0.220
[2024-07-07 20:17:29,755][    INFO] Iters: 15, Total loss: 0.353
[2024-07-07 20:17:34,886][    INFO] Iters: 30, Total loss: 0.338
[2024-07-07 20:17:40,805][    INFO] Iters: 45, Total loss: 0.334
[2024-07-07 20:17:45,356][    INFO] Iters: 60, Total loss: 0.328
[2024-07-07 20:17:51,135][    INFO] Iters: 75, Total loss: 0.328
[2024-07-07 20:17:58,099][    INFO] Iters: 90, Total loss: 0.329
[2024-07-07 20:18:02,896][    INFO] Iters: 105, Total loss: 0.334
[2024-07-07 20:18:16,161][    INFO] ***** Evaluation ***** >>>> Class [0 Right Ventricle] Dice: 75.00
[2024-07-07 20:18:16,162][    INFO] ***** Evaluation ***** >>>> Class [1 Myocardium] Dice: 82.82
[2024-07-07 20:18:16,162][    INFO] ***** Evaluation ***** >>>> Class [2 Left Ventricle] Dice: 89.90
[2024-07-07 20:18:16,162][    INFO] ***** Evaluation ***** >>>> MeanDice: 82.57
[2024-07-07 20:18:16,162][    INFO] ***** Evaluation ***** >>>> Classifications Accuracy: 41.66666666666667

[2024-07-07 20:18:17,870][    INFO] ===========> Epoch: 7, LR: 0.00873, Previous best: 82.57
[2024-07-07 20:18:19,475][    INFO] Iters: 0, Total loss: 0.287
[2024-07-07 20:18:28,622][    INFO] Iters: 15, Total loss: 0.316
[2024-07-07 20:18:34,069][    INFO] Iters: 30, Total loss: 0.321
[2024-07-07 20:18:38,376][    INFO] Iters: 45, Total loss: 0.322
[2024-07-07 20:18:42,181][    INFO] Iters: 60, Total loss: 0.327
[2024-07-07 20:18:47,015][    INFO] Iters: 75, Total loss: 0.331
[2024-07-07 20:18:51,343][    INFO] Iters: 90, Total loss: 0.330
[2024-07-07 20:18:57,384][    INFO] Iters: 105, Total loss: 0.326
[2024-07-07 20:19:07,719][    INFO] ***** Evaluation ***** >>>> Class [0 Right Ventricle] Dice: 74.10
[2024-07-07 20:19:07,719][    INFO] ***** Evaluation ***** >>>> Class [1 Myocardium] Dice: 84.98
[2024-07-07 20:19:07,719][    INFO] ***** Evaluation ***** >>>> Class [2 Left Ventricle] Dice: 92.66
[2024-07-07 20:19:07,719][    INFO] ***** Evaluation ***** >>>> MeanDice: 83.91
[2024-07-07 20:19:07,719][    INFO] ***** Evaluation ***** >>>> Classifications Accuracy: 38.88888888888889

[2024-07-07 20:19:08,124][    INFO] ===========> Epoch: 8, LR: 0.00855, Previous best: 83.91
[2024-07-07 20:19:08,586][    INFO] Iters: 0, Total loss: 0.332
[2024-07-07 20:19:14,077][    INFO] Iters: 15, Total loss: 0.311
[2024-07-07 20:19:19,982][    INFO] Iters: 30, Total loss: 0.309
[2024-07-07 20:19:29,732][    INFO] Iters: 45, Total loss: 0.309
[2024-07-07 20:19:34,860][    INFO] Iters: 60, Total loss: 0.308
[2024-07-07 20:19:43,462][    INFO] Iters: 75, Total loss: 0.306
[2024-07-07 20:19:48,513][    INFO] Iters: 90, Total loss: 0.308
[2024-07-07 20:19:56,329][    INFO] Iters: 105, Total loss: 0.312
[2024-07-07 20:20:10,495][    INFO] ***** Evaluation ***** >>>> Class [0 Right Ventricle] Dice: 51.17
[2024-07-07 20:20:10,496][    INFO] ***** Evaluation ***** >>>> Class [1 Myocardium] Dice: 74.17
[2024-07-07 20:20:10,496][    INFO] ***** Evaluation ***** >>>> Class [2 Left Ventricle] Dice: 79.82
[2024-07-07 20:20:10,496][    INFO] ***** Evaluation ***** >>>> MeanDice: 68.39
[2024-07-07 20:20:10,496][    INFO] ***** Evaluation ***** >>>> Classifications Accuracy: 39.81481481481482

[2024-07-07 20:20:10,701][    INFO] ===========> Epoch: 9, LR: 0.00837, Previous best: 83.91
[2024-07-07 20:20:11,154][    INFO] Iters: 0, Total loss: 0.302
[2024-07-07 20:20:19,037][    INFO] Iters: 15, Total loss: 0.303
[2024-07-07 20:20:26,464][    INFO] Iters: 30, Total loss: 0.307
[2024-07-07 20:20:30,383][    INFO] Iters: 45, Total loss: 0.306
[2024-07-07 20:20:36,829][    INFO] Iters: 60, Total loss: 0.308
[2024-07-07 20:20:41,314][    INFO] Iters: 75, Total loss: 0.306
[2024-07-07 20:20:44,942][    INFO] Iters: 90, Total loss: 0.311
[2024-07-07 20:20:50,497][    INFO] Iters: 105, Total loss: 0.311
[2024-07-07 20:20:59,566][    INFO] ***** Evaluation ***** >>>> Class [0 Right Ventricle] Dice: 75.09
[2024-07-07 20:20:59,566][    INFO] ***** Evaluation ***** >>>> Class [1 Myocardium] Dice: 82.47
[2024-07-07 20:20:59,566][    INFO] ***** Evaluation ***** >>>> Class [2 Left Ventricle] Dice: 90.09
[2024-07-07 20:20:59,566][    INFO] ***** Evaluation ***** >>>> MeanDice: 82.55
[2024-07-07 20:20:59,566][    INFO] ***** Evaluation ***** >>>> Classifications Accuracy: 56.018518518518526

[2024-07-07 20:20:59,772][    INFO] ===========> Epoch: 10, LR: 0.00818, Previous best: 83.91
[2024-07-07 20:21:00,210][    INFO] Iters: 0, Total loss: 0.315
[2024-07-07 20:21:04,541][    INFO] Iters: 15, Total loss: 0.306
[2024-07-07 20:21:09,838][    INFO] Iters: 30, Total loss: 0.307
[2024-07-07 20:21:16,995][    INFO] Iters: 45, Total loss: 0.297
[2024-07-07 20:21:23,827][    INFO] Iters: 60, Total loss: 0.299
[2024-07-07 20:21:30,308][    INFO] Iters: 75, Total loss: 0.295
[2024-07-07 20:21:37,930][    INFO] Iters: 90, Total loss: 0.295
[2024-07-07 20:21:42,940][    INFO] Iters: 105, Total loss: 0.296
[2024-07-07 20:21:57,996][    INFO] ***** Evaluation ***** >>>> Class [0 Right Ventricle] Dice: 72.77
[2024-07-07 20:21:57,997][    INFO] ***** Evaluation ***** >>>> Class [1 Myocardium] Dice: 76.40
[2024-07-07 20:21:57,997][    INFO] ***** Evaluation ***** >>>> Class [2 Left Ventricle] Dice: 81.12
[2024-07-07 20:21:57,997][    INFO] ***** Evaluation ***** >>>> MeanDice: 76.76
[2024-07-07 20:21:57,997][    INFO] ***** Evaluation ***** >>>> Classifications Accuracy: 37.5

[2024-07-07 20:21:58,313][    INFO] ===========> Epoch: 11, LR: 0.00800, Previous best: 83.91
[2024-07-07 20:21:58,915][    INFO] Iters: 0, Total loss: 0.333
[2024-07-07 20:22:04,039][    INFO] Iters: 15, Total loss: 0.290
[2024-07-07 20:22:11,437][    INFO] Iters: 30, Total loss: 0.296
[2024-07-07 20:22:17,063][    INFO] Iters: 45, Total loss: 0.294
[2024-07-07 20:22:25,054][    INFO] Iters: 60, Total loss: 0.289
[2024-07-07 20:22:30,025][    INFO] Iters: 75, Total loss: 0.292
[2024-07-07 20:22:38,760][    INFO] Iters: 90, Total loss: 0.293
[2024-07-07 20:22:42,860][    INFO] Iters: 105, Total loss: 0.298
[2024-07-07 20:22:56,020][    INFO] ***** Evaluation ***** >>>> Class [0 Right Ventricle] Dice: 79.45
[2024-07-07 20:22:56,020][    INFO] ***** Evaluation ***** >>>> Class [1 Myocardium] Dice: 72.37
[2024-07-07 20:22:56,020][    INFO] ***** Evaluation ***** >>>> Class [2 Left Ventricle] Dice: 87.35
[2024-07-07 20:22:56,020][    INFO] ***** Evaluation ***** >>>> MeanDice: 79.72
[2024-07-07 20:22:56,020][    INFO] ***** Evaluation ***** >>>> Classifications Accuracy: 37.03703703703704

[2024-07-07 20:22:56,970][    INFO] ===========> Epoch: 12, LR: 0.00781, Previous best: 83.91
[2024-07-07 20:22:57,751][    INFO] Iters: 0, Total loss: 0.244
[2024-07-07 20:23:02,196][    INFO] Iters: 15, Total loss: 0.288
[2024-07-07 20:23:09,544][    INFO] Iters: 30, Total loss: 0.284
[2024-07-07 20:23:18,493][    INFO] Iters: 45, Total loss: 0.287
[2024-07-07 20:23:22,748][    INFO] Iters: 60, Total loss: 0.287
[2024-07-07 20:23:32,415][    INFO] Iters: 75, Total loss: 0.289
[2024-07-07 20:23:36,153][    INFO] Iters: 90, Total loss: 0.295
[2024-07-07 20:23:41,821][    INFO] Iters: 105, Total loss: 0.293
[2024-07-07 20:23:53,786][    INFO] ***** Evaluation ***** >>>> Class [0 Right Ventricle] Dice: 67.99
[2024-07-07 20:23:53,786][    INFO] ***** Evaluation ***** >>>> Class [1 Myocardium] Dice: 79.01
[2024-07-07 20:23:53,786][    INFO] ***** Evaluation ***** >>>> Class [2 Left Ventricle] Dice: 83.26
[2024-07-07 20:23:53,786][    INFO] ***** Evaluation ***** >>>> MeanDice: 76.75
[2024-07-07 20:23:53,786][    INFO] ***** Evaluation ***** >>>> Classifications Accuracy: 37.03703703703704

[2024-07-07 20:23:54,015][    INFO] ===========> Epoch: 13, LR: 0.00763, Previous best: 83.91
[2024-07-07 20:23:54,458][    INFO] Iters: 0, Total loss: 0.206
[2024-07-07 20:23:59,745][    INFO] Iters: 15, Total loss: 0.292
[2024-07-07 20:24:05,051][    INFO] Iters: 30, Total loss: 0.282
[2024-07-07 20:24:12,706][    INFO] Iters: 45, Total loss: 0.283
[2024-07-07 20:24:17,964][    INFO] Iters: 60, Total loss: 0.274
[2024-07-07 20:24:26,230][    INFO] Iters: 75, Total loss: 0.277
[2024-07-07 20:24:30,179][    INFO] Iters: 90, Total loss: 0.278
[2024-07-07 20:24:35,744][    INFO] Iters: 105, Total loss: 0.276
[2024-07-07 20:24:46,221][    INFO] ***** Evaluation ***** >>>> Class [0 Right Ventricle] Dice: 79.97
[2024-07-07 20:24:46,222][    INFO] ***** Evaluation ***** >>>> Class [1 Myocardium] Dice: 85.36
[2024-07-07 20:24:46,222][    INFO] ***** Evaluation ***** >>>> Class [2 Left Ventricle] Dice: 92.12
[2024-07-07 20:24:46,222][    INFO] ***** Evaluation ***** >>>> MeanDice: 85.82
[2024-07-07 20:24:46,222][    INFO] ***** Evaluation ***** >>>> Classifications Accuracy: 35.648148148148145

[2024-07-07 20:24:46,656][    INFO] ===========> Epoch: 14, LR: 0.00744, Previous best: 85.82
[2024-07-07 20:24:47,096][    INFO] Iters: 0, Total loss: 0.258
[2024-07-07 20:24:52,693][    INFO] Iters: 15, Total loss: 0.256
[2024-07-07 20:24:57,529][    INFO] Iters: 30, Total loss: 0.265
[2024-07-07 20:25:02,638][    INFO] Iters: 45, Total loss: 0.267
[2024-07-07 20:25:10,691][    INFO] Iters: 60, Total loss: 0.261
[2024-07-07 20:25:15,382][    INFO] Iters: 75, Total loss: 0.260
[2024-07-07 20:25:20,470][    INFO] Iters: 90, Total loss: 0.267
[2024-07-07 20:25:24,730][    INFO] Iters: 105, Total loss: 0.270
[2024-07-07 20:25:38,261][    INFO] ***** Evaluation ***** >>>> Class [0 Right Ventricle] Dice: 75.10
[2024-07-07 20:25:38,261][    INFO] ***** Evaluation ***** >>>> Class [1 Myocardium] Dice: 79.48
[2024-07-07 20:25:38,261][    INFO] ***** Evaluation ***** >>>> Class [2 Left Ventricle] Dice: 89.73
[2024-07-07 20:25:38,261][    INFO] ***** Evaluation ***** >>>> MeanDice: 81.44
[2024-07-07 20:25:38,261][    INFO] ***** Evaluation ***** >>>> Classifications Accuracy: 35.648148148148145

[2024-07-07 20:25:38,467][    INFO] ===========> Epoch: 15, LR: 0.00726, Previous best: 85.82
[2024-07-07 20:25:38,924][    INFO] Iters: 0, Total loss: 0.284
[2024-07-07 20:25:43,810][    INFO] Iters: 15, Total loss: 0.276
[2024-07-07 20:25:48,638][    INFO] Iters: 30, Total loss: 0.275
[2024-07-07 20:25:55,101][    INFO] Iters: 45, Total loss: 0.264
[2024-07-07 20:25:59,290][    INFO] Iters: 60, Total loss: 0.261
[2024-07-07 20:26:04,374][    INFO] Iters: 75, Total loss: 0.261
[2024-07-07 20:26:16,019][    INFO] Iters: 90, Total loss: 0.259
[2024-07-07 20:26:19,752][    INFO] Iters: 105, Total loss: 0.262
[2024-07-07 20:26:35,293][    INFO] ***** Evaluation ***** >>>> Class [0 Right Ventricle] Dice: 81.09
[2024-07-07 20:26:35,293][    INFO] ***** Evaluation ***** >>>> Class [1 Myocardium] Dice: 82.05
[2024-07-07 20:26:35,293][    INFO] ***** Evaluation ***** >>>> Class [2 Left Ventricle] Dice: 91.86
[2024-07-07 20:26:35,293][    INFO] ***** Evaluation ***** >>>> MeanDice: 85.00
[2024-07-07 20:26:35,293][    INFO] ***** Evaluation ***** >>>> Classifications Accuracy: 41.66666666666667

[2024-07-07 20:26:35,561][    INFO] ===========> Epoch: 16, LR: 0.00707, Previous best: 85.82
[2024-07-07 20:26:36,146][    INFO] Iters: 0, Total loss: 0.263
[2024-07-07 20:26:42,406][    INFO] Iters: 15, Total loss: 0.272
[2024-07-07 20:26:49,467][    INFO] Iters: 30, Total loss: 0.269
[2024-07-07 20:26:54,310][    INFO] Iters: 45, Total loss: 0.265
[2024-07-07 20:26:58,392][    INFO] Iters: 60, Total loss: 0.261
[2024-07-07 20:27:02,769][    INFO] Iters: 75, Total loss: 0.264
[2024-07-07 20:27:07,026][    INFO] Iters: 90, Total loss: 0.257
[2024-07-07 20:27:12,307][    INFO] Iters: 105, Total loss: 0.258
[2024-07-07 20:27:23,366][    INFO] ***** Evaluation ***** >>>> Class [0 Right Ventricle] Dice: 83.95
[2024-07-07 20:27:23,366][    INFO] ***** Evaluation ***** >>>> Class [1 Myocardium] Dice: 87.03
[2024-07-07 20:27:23,367][    INFO] ***** Evaluation ***** >>>> Class [2 Left Ventricle] Dice: 93.54
[2024-07-07 20:27:23,367][    INFO] ***** Evaluation ***** >>>> MeanDice: 88.17
[2024-07-07 20:27:23,367][    INFO] ***** Evaluation ***** >>>> Classifications Accuracy: 38.88888888888889

[2024-07-07 20:27:24,161][    INFO] ===========> Epoch: 17, LR: 0.00688, Previous best: 88.17
[2024-07-07 20:27:24,645][    INFO] Iters: 0, Total loss: 0.239
[2024-07-07 20:27:29,059][    INFO] Iters: 15, Total loss: 0.273
[2024-07-07 20:27:39,523][    INFO] Iters: 30, Total loss: 0.254
[2024-07-07 20:27:45,442][    INFO] Iters: 45, Total loss: 0.260
[2024-07-07 20:27:49,153][    INFO] Iters: 60, Total loss: 0.254
[2024-07-07 20:27:52,674][    INFO] Iters: 75, Total loss: 0.250
[2024-07-07 20:27:56,392][    INFO] Iters: 90, Total loss: 0.251
[2024-07-07 20:28:01,183][    INFO] Iters: 105, Total loss: 0.251
[2024-07-07 20:28:09,874][    INFO] ***** Evaluation ***** >>>> Class [0 Right Ventricle] Dice: 77.12
[2024-07-07 20:28:09,875][    INFO] ***** Evaluation ***** >>>> Class [1 Myocardium] Dice: 78.11
[2024-07-07 20:28:09,875][    INFO] ***** Evaluation ***** >>>> Class [2 Left Ventricle] Dice: 84.49
[2024-07-07 20:28:09,875][    INFO] ***** Evaluation ***** >>>> MeanDice: 79.91
[2024-07-07 20:28:09,875][    INFO] ***** Evaluation ***** >>>> Classifications Accuracy: 35.18518518518518

[2024-07-07 20:28:10,124][    INFO] ===========> Epoch: 18, LR: 0.00669, Previous best: 88.17
[2024-07-07 20:28:10,585][    INFO] Iters: 0, Total loss: 0.241
[2024-07-07 20:28:18,940][    INFO] Iters: 15, Total loss: 0.247
[2024-07-07 20:28:24,707][    INFO] Iters: 30, Total loss: 0.244
[2024-07-07 20:28:33,618][    INFO] Iters: 45, Total loss: 0.239
[2024-07-07 20:28:37,994][    INFO] Iters: 60, Total loss: 0.248
[2024-07-07 20:28:42,254][    INFO] Iters: 75, Total loss: 0.248
[2024-07-07 20:28:46,683][    INFO] Iters: 90, Total loss: 0.246
[2024-07-07 20:28:51,074][    INFO] Iters: 105, Total loss: 0.247
[2024-07-07 20:29:00,842][    INFO] ***** Evaluation ***** >>>> Class [0 Right Ventricle] Dice: 68.41
[2024-07-07 20:29:00,842][    INFO] ***** Evaluation ***** >>>> Class [1 Myocardium] Dice: 78.28
[2024-07-07 20:29:00,842][    INFO] ***** Evaluation ***** >>>> Class [2 Left Ventricle] Dice: 81.11
[2024-07-07 20:29:00,842][    INFO] ***** Evaluation ***** >>>> MeanDice: 75.93
[2024-07-07 20:29:00,842][    INFO] ***** Evaluation ***** >>>> Classifications Accuracy: 43.98148148148148

[2024-07-07 20:29:01,049][    INFO] ===========> Epoch: 19, LR: 0.00651, Previous best: 88.17
[2024-07-07 20:29:01,488][    INFO] Iters: 0, Total loss: 0.121
[2024-07-07 20:29:10,859][    INFO] Iters: 15, Total loss: 0.204
[2024-07-07 20:29:16,718][    INFO] Iters: 30, Total loss: 0.226
[2024-07-07 20:29:25,411][    INFO] Iters: 45, Total loss: 0.225
[2024-07-07 20:29:29,117][    INFO] Iters: 60, Total loss: 0.234
[2024-07-07 20:29:35,432][    INFO] Iters: 75, Total loss: 0.236
[2024-07-07 20:29:39,057][    INFO] Iters: 90, Total loss: 0.237
[2024-07-07 20:29:48,253][    INFO] Iters: 105, Total loss: 0.235
[2024-07-07 20:29:58,045][    INFO] ***** Evaluation ***** >>>> Class [0 Right Ventricle] Dice: 78.08
[2024-07-07 20:29:58,045][    INFO] ***** Evaluation ***** >>>> Class [1 Myocardium] Dice: 82.46
[2024-07-07 20:29:58,045][    INFO] ***** Evaluation ***** >>>> Class [2 Left Ventricle] Dice: 87.03
[2024-07-07 20:29:58,046][    INFO] ***** Evaluation ***** >>>> MeanDice: 82.52
[2024-07-07 20:29:58,046][    INFO] ***** Evaluation ***** >>>> Classifications Accuracy: 40.27777777777778

[2024-07-07 20:29:58,323][    INFO] ===========> Epoch: 20, LR: 0.00632, Previous best: 88.17
[2024-07-07 20:29:58,807][    INFO] Iters: 0, Total loss: 0.127
[2024-07-07 20:30:04,668][    INFO] Iters: 15, Total loss: 0.222
[2024-07-07 20:30:10,159][    INFO] Iters: 30, Total loss: 0.221
[2024-07-07 20:30:17,976][    INFO] Iters: 45, Total loss: 0.221
[2024-07-07 20:30:24,506][    INFO] Iters: 60, Total loss: 0.222
[2024-07-07 20:30:28,433][    INFO] Iters: 75, Total loss: 0.224
[2024-07-07 20:30:36,204][    INFO] Iters: 90, Total loss: 0.230
[2024-07-07 20:30:41,464][    INFO] Iters: 105, Total loss: 0.232
[2024-07-07 20:30:54,476][    INFO] ***** Evaluation ***** >>>> Class [0 Right Ventricle] Dice: 76.69
[2024-07-07 20:30:54,476][    INFO] ***** Evaluation ***** >>>> Class [1 Myocardium] Dice: 80.22
[2024-07-07 20:30:54,476][    INFO] ***** Evaluation ***** >>>> Class [2 Left Ventricle] Dice: 85.67
[2024-07-07 20:30:54,476][    INFO] ***** Evaluation ***** >>>> MeanDice: 80.86
[2024-07-07 20:30:54,476][    INFO] ***** Evaluation ***** >>>> Classifications Accuracy: 61.111111111111114

[2024-07-07 20:30:54,682][    INFO] ===========> Epoch: 21, LR: 0.00613, Previous best: 88.17
[2024-07-07 20:30:55,126][    INFO] Iters: 0, Total loss: 0.110
[2024-07-07 20:31:00,052][    INFO] Iters: 15, Total loss: 0.248
[2024-07-07 20:31:07,075][    INFO] Iters: 30, Total loss: 0.244
[2024-07-07 20:31:17,093][    INFO] Iters: 45, Total loss: 0.237
[2024-07-07 20:31:23,400][    INFO] Iters: 60, Total loss: 0.234
[2024-07-07 20:31:30,796][    INFO] Iters: 75, Total loss: 0.228
[2024-07-07 20:31:36,361][    INFO] Iters: 90, Total loss: 0.223
[2024-07-07 20:31:42,960][    INFO] Iters: 105, Total loss: 0.224
[2024-07-07 20:31:53,904][    INFO] ***** Evaluation ***** >>>> Class [0 Right Ventricle] Dice: 81.05
[2024-07-07 20:31:53,905][    INFO] ***** Evaluation ***** >>>> Class [1 Myocardium] Dice: 85.09
[2024-07-07 20:31:53,905][    INFO] ***** Evaluation ***** >>>> Class [2 Left Ventricle] Dice: 91.91
[2024-07-07 20:31:53,905][    INFO] ***** Evaluation ***** >>>> MeanDice: 86.02
[2024-07-07 20:31:53,905][    INFO] ***** Evaluation ***** >>>> Classifications Accuracy: 46.2962962962963

[2024-07-07 20:31:54,110][    INFO] ===========> Epoch: 22, LR: 0.00594, Previous best: 88.17
[2024-07-07 20:31:54,551][    INFO] Iters: 0, Total loss: 0.272
[2024-07-07 20:31:59,143][    INFO] Iters: 15, Total loss: 0.201
[2024-07-07 20:32:04,586][    INFO] Iters: 30, Total loss: 0.203
[2024-07-07 20:32:11,155][    INFO] Iters: 45, Total loss: 0.203
[2024-07-07 20:32:17,705][    INFO] Iters: 60, Total loss: 0.200
[2024-07-07 20:32:24,072][    INFO] Iters: 75, Total loss: 0.203
[2024-07-07 20:32:33,318][    INFO] Iters: 90, Total loss: 0.205
[2024-07-07 20:32:36,868][    INFO] Iters: 105, Total loss: 0.202
[2024-07-07 20:32:49,450][    INFO] ***** Evaluation ***** >>>> Class [0 Right Ventricle] Dice: 83.17
[2024-07-07 20:32:49,450][    INFO] ***** Evaluation ***** >>>> Class [1 Myocardium] Dice: 82.95
[2024-07-07 20:32:49,450][    INFO] ***** Evaluation ***** >>>> Class [2 Left Ventricle] Dice: 91.71
[2024-07-07 20:32:49,450][    INFO] ***** Evaluation ***** >>>> MeanDice: 85.94
[2024-07-07 20:32:49,450][    INFO] ***** Evaluation ***** >>>> Classifications Accuracy: 37.03703703703704

[2024-07-07 20:32:51,710][    INFO] ===========> Epoch: 23, LR: 0.00574, Previous best: 88.17
[2024-07-07 20:32:52,143][    INFO] Iters: 0, Total loss: 0.249
[2024-07-07 20:32:58,180][    INFO] Iters: 15, Total loss: 0.194
[2024-07-07 20:33:03,672][    INFO] Iters: 30, Total loss: 0.201
[2024-07-07 20:33:13,764][    INFO] Iters: 45, Total loss: 0.199
[2024-07-07 20:33:18,051][    INFO] Iters: 60, Total loss: 0.206
[2024-07-07 20:33:27,881][    INFO] Iters: 75, Total loss: 0.210
[2024-07-07 20:33:34,467][    INFO] Iters: 90, Total loss: 0.210
[2024-07-07 20:33:38,523][    INFO] Iters: 105, Total loss: 0.213
[2024-07-07 20:33:50,884][    INFO] ***** Evaluation ***** >>>> Class [0 Right Ventricle] Dice: 78.35
[2024-07-07 20:33:50,884][    INFO] ***** Evaluation ***** >>>> Class [1 Myocardium] Dice: 83.21
[2024-07-07 20:33:50,884][    INFO] ***** Evaluation ***** >>>> Class [2 Left Ventricle] Dice: 89.00
[2024-07-07 20:33:50,884][    INFO] ***** Evaluation ***** >>>> MeanDice: 83.52
[2024-07-07 20:33:50,884][    INFO] ***** Evaluation ***** >>>> Classifications Accuracy: 36.11111111111111

[2024-07-07 20:33:51,089][    INFO] ===========> Epoch: 24, LR: 0.00555, Previous best: 88.17
[2024-07-07 20:33:51,535][    INFO] Iters: 0, Total loss: 0.143
[2024-07-07 20:33:57,367][    INFO] Iters: 15, Total loss: 0.209
[2024-07-07 20:34:03,620][    INFO] Iters: 30, Total loss: 0.228
[2024-07-07 20:34:14,047][    INFO] Iters: 45, Total loss: 0.211
[2024-07-07 20:34:19,391][    INFO] Iters: 60, Total loss: 0.199
[2024-07-07 20:34:29,016][    INFO] Iters: 75, Total loss: 0.200
[2024-07-07 20:34:33,913][    INFO] Iters: 90, Total loss: 0.195
[2024-07-07 20:34:41,611][    INFO] Iters: 105, Total loss: 0.194
[2024-07-07 20:34:50,521][    INFO] ***** Evaluation ***** >>>> Class [0 Right Ventricle] Dice: 81.78
[2024-07-07 20:34:50,521][    INFO] ***** Evaluation ***** >>>> Class [1 Myocardium] Dice: 83.18
[2024-07-07 20:34:50,521][    INFO] ***** Evaluation ***** >>>> Class [2 Left Ventricle] Dice: 90.02
[2024-07-07 20:34:50,521][    INFO] ***** Evaluation ***** >>>> MeanDice: 84.99
[2024-07-07 20:34:50,522][    INFO] ***** Evaluation ***** >>>> Classifications Accuracy: 36.11111111111111

[2024-07-07 20:34:50,727][    INFO] ===========> Epoch: 25, LR: 0.00536, Previous best: 88.17
[2024-07-07 20:34:52,573][    INFO] Iters: 0, Total loss: 0.161
[2024-07-07 20:34:56,319][    INFO] Iters: 15, Total loss: 0.194
[2024-07-07 20:35:04,628][    INFO] Iters: 30, Total loss: 0.177
[2024-07-07 20:35:14,439][    INFO] Iters: 45, Total loss: 0.179
[2024-07-07 20:35:22,906][    INFO] Iters: 60, Total loss: 0.184
[2024-07-07 20:35:30,842][    INFO] Iters: 75, Total loss: 0.191
[2024-07-07 20:35:34,534][    INFO] Iters: 90, Total loss: 0.196
[2024-07-07 20:35:42,838][    INFO] Iters: 105, Total loss: 0.198
[2024-07-07 20:35:53,108][    INFO] ***** Evaluation ***** >>>> Class [0 Right Ventricle] Dice: 80.24
[2024-07-07 20:35:53,108][    INFO] ***** Evaluation ***** >>>> Class [1 Myocardium] Dice: 84.79
[2024-07-07 20:35:53,108][    INFO] ***** Evaluation ***** >>>> Class [2 Left Ventricle] Dice: 91.75
[2024-07-07 20:35:53,109][    INFO] ***** Evaluation ***** >>>> MeanDice: 85.59
[2024-07-07 20:35:53,109][    INFO] ***** Evaluation ***** >>>> Classifications Accuracy: 43.05555555555556

[2024-07-07 20:35:54,000][    INFO] ===========> Epoch: 26, LR: 0.00517, Previous best: 88.17
[2024-07-07 20:35:54,574][    INFO] Iters: 0, Total loss: 0.143
[2024-07-07 20:35:59,710][    INFO] Iters: 15, Total loss: 0.174
[2024-07-07 20:36:04,461][    INFO] Iters: 30, Total loss: 0.181
[2024-07-07 20:36:09,030][    INFO] Iters: 45, Total loss: 0.183
[2024-07-07 20:36:13,650][    INFO] Iters: 60, Total loss: 0.185
[2024-07-07 20:36:17,719][    INFO] Iters: 75, Total loss: 0.192
[2024-07-07 20:36:24,065][    INFO] Iters: 90, Total loss: 0.194
[2024-07-07 20:36:30,103][    INFO] Iters: 105, Total loss: 0.197
[2024-07-07 20:36:44,767][    INFO] ***** Evaluation ***** >>>> Class [0 Right Ventricle] Dice: 86.48
[2024-07-07 20:36:44,767][    INFO] ***** Evaluation ***** >>>> Class [1 Myocardium] Dice: 87.86
[2024-07-07 20:36:44,767][    INFO] ***** Evaluation ***** >>>> Class [2 Left Ventricle] Dice: 95.09
[2024-07-07 20:36:44,767][    INFO] ***** Evaluation ***** >>>> MeanDice: 89.81
[2024-07-07 20:36:44,767][    INFO] ***** Evaluation ***** >>>> Classifications Accuracy: 36.11111111111111

[2024-07-07 20:36:45,191][    INFO] ===========> Epoch: 27, LR: 0.00497, Previous best: 89.81
[2024-07-07 20:36:45,630][    INFO] Iters: 0, Total loss: 0.255
[2024-07-07 20:36:51,747][    INFO] Iters: 15, Total loss: 0.197
[2024-07-07 20:36:56,750][    INFO] Iters: 30, Total loss: 0.185
[2024-07-07 20:37:02,140][    INFO] Iters: 45, Total loss: 0.177
[2024-07-07 20:37:07,844][    INFO] Iters: 60, Total loss: 0.182
[2024-07-07 20:37:14,251][    INFO] Iters: 75, Total loss: 0.186
[2024-07-07 20:37:24,599][    INFO] Iters: 90, Total loss: 0.189
[2024-07-07 20:37:28,468][    INFO] Iters: 105, Total loss: 0.190
[2024-07-07 20:37:42,451][    INFO] ***** Evaluation ***** >>>> Class [0 Right Ventricle] Dice: 81.69
[2024-07-07 20:37:42,451][    INFO] ***** Evaluation ***** >>>> Class [1 Myocardium] Dice: 84.01
[2024-07-07 20:37:42,451][    INFO] ***** Evaluation ***** >>>> Class [2 Left Ventricle] Dice: 91.91
[2024-07-07 20:37:42,451][    INFO] ***** Evaluation ***** >>>> MeanDice: 85.87
[2024-07-07 20:37:42,451][    INFO] ***** Evaluation ***** >>>> Classifications Accuracy: 43.05555555555556

[2024-07-07 20:37:42,656][    INFO] ===========> Epoch: 28, LR: 0.00478, Previous best: 89.81
[2024-07-07 20:37:43,093][    INFO] Iters: 0, Total loss: 0.230
[2024-07-07 20:37:48,006][    INFO] Iters: 15, Total loss: 0.186
[2024-07-07 20:37:53,704][    INFO] Iters: 30, Total loss: 0.197
[2024-07-07 20:38:00,539][    INFO] Iters: 45, Total loss: 0.196
[2024-07-07 20:38:09,181][    INFO] Iters: 60, Total loss: 0.190
[2024-07-07 20:38:14,904][    INFO] Iters: 75, Total loss: 0.186
[2024-07-07 20:38:22,138][    INFO] Iters: 90, Total loss: 0.181
[2024-07-07 20:38:27,735][    INFO] Iters: 105, Total loss: 0.179
[2024-07-07 20:38:37,666][    INFO] ***** Evaluation ***** >>>> Class [0 Right Ventricle] Dice: 80.16
[2024-07-07 20:38:37,666][    INFO] ***** Evaluation ***** >>>> Class [1 Myocardium] Dice: 82.42
[2024-07-07 20:38:37,666][    INFO] ***** Evaluation ***** >>>> Class [2 Left Ventricle] Dice: 89.59
[2024-07-07 20:38:37,666][    INFO] ***** Evaluation ***** >>>> MeanDice: 84.05
[2024-07-07 20:38:37,666][    INFO] ***** Evaluation ***** >>>> Classifications Accuracy: 53.24074074074075

[2024-07-07 20:38:40,975][    INFO] ===========> Epoch: 29, LR: 0.00458, Previous best: 89.81
[2024-07-07 20:38:41,458][    INFO] Iters: 0, Total loss: 0.079
[2024-07-07 20:38:47,306][    INFO] Iters: 15, Total loss: 0.177
[2024-07-07 20:38:51,077][    INFO] Iters: 30, Total loss: 0.176
[2024-07-07 20:38:56,937][    INFO] Iters: 45, Total loss: 0.174
[2024-07-07 20:39:01,366][    INFO] Iters: 60, Total loss: 0.176
[2024-07-07 20:39:05,343][    INFO] Iters: 75, Total loss: 0.173
[2024-07-07 20:39:09,984][    INFO] Iters: 90, Total loss: 0.173
[2024-07-07 20:39:13,858][    INFO] Iters: 105, Total loss: 0.176
[2024-07-07 20:39:26,279][    INFO] ***** Evaluation ***** >>>> Class [0 Right Ventricle] Dice: 83.48
[2024-07-07 20:39:26,279][    INFO] ***** Evaluation ***** >>>> Class [1 Myocardium] Dice: 84.37
[2024-07-07 20:39:26,280][    INFO] ***** Evaluation ***** >>>> Class [2 Left Ventricle] Dice: 91.91
[2024-07-07 20:39:26,280][    INFO] ***** Evaluation ***** >>>> MeanDice: 86.59
[2024-07-07 20:39:26,280][    INFO] ***** Evaluation ***** >>>> Classifications Accuracy: 36.11111111111111

[2024-07-07 20:39:26,519][    INFO] ===========> Epoch: 30, LR: 0.00439, Previous best: 89.81
[2024-07-07 20:39:26,962][    INFO] Iters: 0, Total loss: 0.179
[2024-07-07 20:39:32,082][    INFO] Iters: 15, Total loss: 0.173
[2024-07-07 20:39:36,870][    INFO] Iters: 30, Total loss: 0.183
[2024-07-07 20:39:42,396][    INFO] Iters: 45, Total loss: 0.167
[2024-07-07 20:39:48,788][    INFO] Iters: 60, Total loss: 0.162
[2024-07-07 20:39:55,245][    INFO] Iters: 75, Total loss: 0.163
[2024-07-07 20:40:00,438][    INFO] Iters: 90, Total loss: 0.164
[2024-07-07 20:40:04,129][    INFO] Iters: 105, Total loss: 0.165
[2024-07-07 20:40:16,962][    INFO] ***** Evaluation ***** >>>> Class [0 Right Ventricle] Dice: 82.88
[2024-07-07 20:40:16,962][    INFO] ***** Evaluation ***** >>>> Class [1 Myocardium] Dice: 84.37
[2024-07-07 20:40:16,962][    INFO] ***** Evaluation ***** >>>> Class [2 Left Ventricle] Dice: 90.86
[2024-07-07 20:40:16,962][    INFO] ***** Evaluation ***** >>>> MeanDice: 86.03
[2024-07-07 20:40:16,962][    INFO] ***** Evaluation ***** >>>> Classifications Accuracy: 40.27777777777778

[2024-07-07 20:40:17,169][    INFO] ===========> Epoch: 31, LR: 0.00419, Previous best: 89.81
[2024-07-07 20:40:17,602][    INFO] Iters: 0, Total loss: 0.242
[2024-07-07 20:40:23,418][    INFO] Iters: 15, Total loss: 0.151
[2024-07-07 20:40:29,503][    INFO] Iters: 30, Total loss: 0.156
[2024-07-07 20:40:34,571][    INFO] Iters: 45, Total loss: 0.152
[2024-07-07 20:40:40,218][    INFO] Iters: 60, Total loss: 0.152
[2024-07-07 20:40:44,194][    INFO] Iters: 75, Total loss: 0.155
[2024-07-07 20:40:47,915][    INFO] Iters: 90, Total loss: 0.157
[2024-07-07 20:40:51,448][    INFO] Iters: 105, Total loss: 0.158
[2024-07-07 20:41:03,758][    INFO] ***** Evaluation ***** >>>> Class [0 Right Ventricle] Dice: 81.82
[2024-07-07 20:41:03,758][    INFO] ***** Evaluation ***** >>>> Class [1 Myocardium] Dice: 85.61
[2024-07-07 20:41:03,758][    INFO] ***** Evaluation ***** >>>> Class [2 Left Ventricle] Dice: 92.25
[2024-07-07 20:41:03,758][    INFO] ***** Evaluation ***** >>>> MeanDice: 86.56
[2024-07-07 20:41:03,758][    INFO] ***** Evaluation ***** >>>> Classifications Accuracy: 36.11111111111111

[2024-07-07 20:41:03,966][    INFO] ===========> Epoch: 32, LR: 0.00399, Previous best: 89.81
[2024-07-07 20:41:04,394][    INFO] Iters: 0, Total loss: 0.222
[2024-07-07 20:41:10,219][    INFO] Iters: 15, Total loss: 0.160
[2024-07-07 20:41:19,106][    INFO] Iters: 30, Total loss: 0.171
[2024-07-07 20:41:23,681][    INFO] Iters: 45, Total loss: 0.165
[2024-07-07 20:41:31,333][    INFO] Iters: 60, Total loss: 0.165
[2024-07-07 20:41:36,963][    INFO] Iters: 75, Total loss: 0.163
[2024-07-07 20:41:43,545][    INFO] Iters: 90, Total loss: 0.168
[2024-07-07 20:41:47,895][    INFO] Iters: 105, Total loss: 0.168
[2024-07-07 20:42:02,225][    INFO] ***** Evaluation ***** >>>> Class [0 Right Ventricle] Dice: 83.16
[2024-07-07 20:42:02,226][    INFO] ***** Evaluation ***** >>>> Class [1 Myocardium] Dice: 84.83
[2024-07-07 20:42:02,226][    INFO] ***** Evaluation ***** >>>> Class [2 Left Ventricle] Dice: 89.81
[2024-07-07 20:42:02,226][    INFO] ***** Evaluation ***** >>>> MeanDice: 85.94
[2024-07-07 20:42:02,226][    INFO] ***** Evaluation ***** >>>> Classifications Accuracy: 40.27777777777778

[2024-07-07 20:42:02,433][    INFO] ===========> Epoch: 33, LR: 0.00379, Previous best: 89.81
[2024-07-07 20:42:02,902][    INFO] Iters: 0, Total loss: 0.114
[2024-07-07 20:42:11,307][    INFO] Iters: 15, Total loss: 0.138
[2024-07-07 20:42:18,825][    INFO] Iters: 30, Total loss: 0.151
[2024-07-07 20:42:24,491][    INFO] Iters: 45, Total loss: 0.154
[2024-07-07 20:42:30,028][    INFO] Iters: 60, Total loss: 0.155
[2024-07-07 20:42:41,280][    INFO] Iters: 75, Total loss: 0.151
[2024-07-07 20:42:49,748][    INFO] Iters: 90, Total loss: 0.146
[2024-07-07 20:42:56,646][    INFO] Iters: 105, Total loss: 0.141
[2024-07-07 20:43:08,098][    INFO] ***** Evaluation ***** >>>> Class [0 Right Ventricle] Dice: 82.56
[2024-07-07 20:43:08,098][    INFO] ***** Evaluation ***** >>>> Class [1 Myocardium] Dice: 85.74
[2024-07-07 20:43:08,098][    INFO] ***** Evaluation ***** >>>> Class [2 Left Ventricle] Dice: 92.48
[2024-07-07 20:43:08,098][    INFO] ***** Evaluation ***** >>>> MeanDice: 86.92
[2024-07-07 20:43:08,098][    INFO] ***** Evaluation ***** >>>> Classifications Accuracy: 44.907407407407405

[2024-07-07 20:43:08,304][    INFO] ===========> Epoch: 34, LR: 0.00359, Previous best: 89.81
[2024-07-07 20:43:08,726][    INFO] Iters: 0, Total loss: 0.081
[2024-07-07 20:43:13,138][    INFO] Iters: 15, Total loss: 0.148
[2024-07-07 20:43:20,043][    INFO] Iters: 30, Total loss: 0.139
[2024-07-07 20:43:26,345][    INFO] Iters: 45, Total loss: 0.140
[2024-07-07 20:43:33,023][    INFO] Iters: 60, Total loss: 0.144
[2024-07-07 20:43:38,670][    INFO] Iters: 75, Total loss: 0.141
[2024-07-07 20:43:45,729][    INFO] Iters: 90, Total loss: 0.139
[2024-07-07 20:43:50,824][    INFO] Iters: 105, Total loss: 0.139
[2024-07-07 20:44:05,382][    INFO] ***** Evaluation ***** >>>> Class [0 Right Ventricle] Dice: 83.39
[2024-07-07 20:44:05,382][    INFO] ***** Evaluation ***** >>>> Class [1 Myocardium] Dice: 85.52
[2024-07-07 20:44:05,382][    INFO] ***** Evaluation ***** >>>> Class [2 Left Ventricle] Dice: 92.13
[2024-07-07 20:44:05,382][    INFO] ***** Evaluation ***** >>>> MeanDice: 87.01
[2024-07-07 20:44:05,382][    INFO] ***** Evaluation ***** >>>> Classifications Accuracy: 35.648148148148145

[2024-07-07 20:44:05,766][    INFO] ===========> Epoch: 35, LR: 0.00339, Previous best: 89.81
[2024-07-07 20:44:06,419][    INFO] Iters: 0, Total loss: 0.083
[2024-07-07 20:44:13,617][    INFO] Iters: 15, Total loss: 0.139
[2024-07-07 20:44:18,969][    INFO] Iters: 30, Total loss: 0.136
[2024-07-07 20:44:26,983][    INFO] Iters: 45, Total loss: 0.133
[2024-07-07 20:44:32,609][    INFO] Iters: 60, Total loss: 0.137
[2024-07-07 20:44:39,462][    INFO] Iters: 75, Total loss: 0.144
[2024-07-07 20:44:43,855][    INFO] Iters: 90, Total loss: 0.141
[2024-07-07 20:44:48,519][    INFO] Iters: 105, Total loss: 0.141
[2024-07-07 20:45:02,154][    INFO] ***** Evaluation ***** >>>> Class [0 Right Ventricle] Dice: 86.90
[2024-07-07 20:45:02,154][    INFO] ***** Evaluation ***** >>>> Class [1 Myocardium] Dice: 85.77
[2024-07-07 20:45:02,154][    INFO] ***** Evaluation ***** >>>> Class [2 Left Ventricle] Dice: 93.44
[2024-07-07 20:45:02,154][    INFO] ***** Evaluation ***** >>>> MeanDice: 88.70
[2024-07-07 20:45:02,154][    INFO] ***** Evaluation ***** >>>> Classifications Accuracy: 41.2037037037037

[2024-07-07 20:45:02,853][    INFO] ===========> Epoch: 36, LR: 0.00318, Previous best: 89.81
[2024-07-07 20:45:03,568][    INFO] Iters: 0, Total loss: 0.102
[2024-07-07 20:45:09,172][    INFO] Iters: 15, Total loss: 0.121
[2024-07-07 20:45:19,949][    INFO] Iters: 30, Total loss: 0.127
[2024-07-07 20:45:23,761][    INFO] Iters: 45, Total loss: 0.129
[2024-07-07 20:45:32,980][    INFO] Iters: 60, Total loss: 0.129
[2024-07-07 20:45:37,301][    INFO] Iters: 75, Total loss: 0.131
[2024-07-07 20:45:44,307][    INFO] Iters: 90, Total loss: 0.131
[2024-07-07 20:45:50,995][    INFO] Iters: 105, Total loss: 0.134
[2024-07-07 20:46:05,241][    INFO] ***** Evaluation ***** >>>> Class [0 Right Ventricle] Dice: 82.70
[2024-07-07 20:46:05,241][    INFO] ***** Evaluation ***** >>>> Class [1 Myocardium] Dice: 83.44
[2024-07-07 20:46:05,241][    INFO] ***** Evaluation ***** >>>> Class [2 Left Ventricle] Dice: 91.08
[2024-07-07 20:46:05,241][    INFO] ***** Evaluation ***** >>>> MeanDice: 85.74
[2024-07-07 20:46:05,241][    INFO] ***** Evaluation ***** >>>> Classifications Accuracy: 43.98148148148148

[2024-07-07 20:46:05,447][    INFO] ===========> Epoch: 37, LR: 0.00298, Previous best: 89.81
[2024-07-07 20:46:05,903][    INFO] Iters: 0, Total loss: 0.071
[2024-07-07 20:46:10,899][    INFO] Iters: 15, Total loss: 0.140
[2024-07-07 20:46:16,258][    INFO] Iters: 30, Total loss: 0.136
[2024-07-07 20:46:23,195][    INFO] Iters: 45, Total loss: 0.129
[2024-07-07 20:46:28,753][    INFO] Iters: 60, Total loss: 0.128
[2024-07-07 20:46:33,584][    INFO] Iters: 75, Total loss: 0.124
[2024-07-07 20:46:41,304][    INFO] Iters: 90, Total loss: 0.124
[2024-07-07 20:46:46,956][    INFO] Iters: 105, Total loss: 0.127
[2024-07-07 20:47:00,807][    INFO] ***** Evaluation ***** >>>> Class [0 Right Ventricle] Dice: 80.22
[2024-07-07 20:47:00,807][    INFO] ***** Evaluation ***** >>>> Class [1 Myocardium] Dice: 83.23
[2024-07-07 20:47:00,807][    INFO] ***** Evaluation ***** >>>> Class [2 Left Ventricle] Dice: 88.30
[2024-07-07 20:47:00,807][    INFO] ***** Evaluation ***** >>>> MeanDice: 83.91
[2024-07-07 20:47:00,807][    INFO] ***** Evaluation ***** >>>> Classifications Accuracy: 39.351851851851855

[2024-07-07 20:47:01,940][    INFO] ===========> Epoch: 38, LR: 0.00277, Previous best: 89.81
[2024-07-07 20:47:02,867][    INFO] Iters: 0, Total loss: 0.146
[2024-07-07 20:47:07,443][    INFO] Iters: 15, Total loss: 0.147
[2024-07-07 20:47:13,625][    INFO] Iters: 30, Total loss: 0.133
[2024-07-07 20:47:20,369][    INFO] Iters: 45, Total loss: 0.131
[2024-07-07 20:47:24,209][    INFO] Iters: 60, Total loss: 0.128
[2024-07-07 20:47:30,920][    INFO] Iters: 75, Total loss: 0.129
[2024-07-07 20:47:36,353][    INFO] Iters: 90, Total loss: 0.126
[2024-07-07 20:47:40,020][    INFO] Iters: 105, Total loss: 0.129
[2024-07-07 20:47:50,933][    INFO] ***** Evaluation ***** >>>> Class [0 Right Ventricle] Dice: 79.69
[2024-07-07 20:47:50,933][    INFO] ***** Evaluation ***** >>>> Class [1 Myocardium] Dice: 80.38
[2024-07-07 20:47:50,933][    INFO] ***** Evaluation ***** >>>> Class [2 Left Ventricle] Dice: 84.88
[2024-07-07 20:47:50,933][    INFO] ***** Evaluation ***** >>>> MeanDice: 81.65
[2024-07-07 20:47:50,933][    INFO] ***** Evaluation ***** >>>> Classifications Accuracy: 32.407407407407405

[2024-07-07 20:47:51,139][    INFO] ===========> Epoch: 39, LR: 0.00256, Previous best: 89.81
[2024-07-07 20:47:51,579][    INFO] Iters: 0, Total loss: 0.132
[2024-07-07 20:47:59,630][    INFO] Iters: 15, Total loss: 0.142
[2024-07-07 20:48:05,810][    INFO] Iters: 30, Total loss: 0.137
[2024-07-07 20:48:10,663][    INFO] Iters: 45, Total loss: 0.143
[2024-07-07 20:48:16,359][    INFO] Iters: 60, Total loss: 0.142
[2024-07-07 20:48:28,268][    INFO] Iters: 75, Total loss: 0.143
[2024-07-07 20:48:34,535][    INFO] Iters: 90, Total loss: 0.136
[2024-07-07 20:48:38,599][    INFO] Iters: 105, Total loss: 0.135
[2024-07-07 20:48:52,204][    INFO] ***** Evaluation ***** >>>> Class [0 Right Ventricle] Dice: 83.66
[2024-07-07 20:48:52,204][    INFO] ***** Evaluation ***** >>>> Class [1 Myocardium] Dice: 84.48
[2024-07-07 20:48:52,204][    INFO] ***** Evaluation ***** >>>> Class [2 Left Ventricle] Dice: 92.19
[2024-07-07 20:48:52,204][    INFO] ***** Evaluation ***** >>>> MeanDice: 86.77
[2024-07-07 20:48:52,205][    INFO] ***** Evaluation ***** >>>> Classifications Accuracy: 39.351851851851855

[2024-07-07 20:48:52,410][    INFO] ===========> Epoch: 40, LR: 0.00235, Previous best: 89.81
[2024-07-07 20:48:52,847][    INFO] Iters: 0, Total loss: 0.091
[2024-07-07 20:48:58,578][    INFO] Iters: 15, Total loss: 0.125
[2024-07-07 20:49:03,290][    INFO] Iters: 30, Total loss: 0.109
[2024-07-07 20:49:08,497][    INFO] Iters: 45, Total loss: 0.113
[2024-07-07 20:49:14,940][    INFO] Iters: 60, Total loss: 0.109
[2024-07-07 20:49:20,664][    INFO] Iters: 75, Total loss: 0.113
[2024-07-07 20:49:26,182][    INFO] Iters: 90, Total loss: 0.117
[2024-07-07 20:49:32,894][    INFO] Iters: 105, Total loss: 0.117
[2024-07-07 20:49:46,759][    INFO] ***** Evaluation ***** >>>> Class [0 Right Ventricle] Dice: 85.16
[2024-07-07 20:49:46,759][    INFO] ***** Evaluation ***** >>>> Class [1 Myocardium] Dice: 86.67
[2024-07-07 20:49:46,760][    INFO] ***** Evaluation ***** >>>> Class [2 Left Ventricle] Dice: 93.25
[2024-07-07 20:49:46,760][    INFO] ***** Evaluation ***** >>>> MeanDice: 88.36
[2024-07-07 20:49:46,760][    INFO] ***** Evaluation ***** >>>> Classifications Accuracy: 45.370370370370374

[2024-07-07 20:49:46,970][    INFO] ===========> Epoch: 41, LR: 0.00214, Previous best: 89.81
[2024-07-07 20:49:48,790][    INFO] Iters: 0, Total loss: 0.096
[2024-07-07 20:49:53,454][    INFO] Iters: 15, Total loss: 0.118
[2024-07-07 20:49:57,212][    INFO] Iters: 30, Total loss: 0.103
[2024-07-07 20:50:06,511][    INFO] Iters: 45, Total loss: 0.115
[2024-07-07 20:50:15,006][    INFO] Iters: 60, Total loss: 0.114
[2024-07-07 20:50:19,244][    INFO] Iters: 75, Total loss: 0.116
[2024-07-07 20:50:26,258][    INFO] Iters: 90, Total loss: 0.114
[2024-07-07 20:50:31,890][    INFO] Iters: 105, Total loss: 0.112
[2024-07-07 20:50:47,379][    INFO] ***** Evaluation ***** >>>> Class [0 Right Ventricle] Dice: 84.35
[2024-07-07 20:50:47,379][    INFO] ***** Evaluation ***** >>>> Class [1 Myocardium] Dice: 84.21
[2024-07-07 20:50:47,380][    INFO] ***** Evaluation ***** >>>> Class [2 Left Ventricle] Dice: 91.82
[2024-07-07 20:50:47,380][    INFO] ***** Evaluation ***** >>>> MeanDice: 86.79
[2024-07-07 20:50:47,380][    INFO] ***** Evaluation ***** >>>> Classifications Accuracy: 37.03703703703704

[2024-07-07 20:50:47,593][    INFO] ===========> Epoch: 42, LR: 0.00192, Previous best: 89.81
[2024-07-07 20:50:48,028][    INFO] Iters: 0, Total loss: 0.072
[2024-07-07 20:50:55,328][    INFO] Iters: 15, Total loss: 0.087
[2024-07-07 20:50:59,913][    INFO] Iters: 30, Total loss: 0.113
[2024-07-07 20:51:05,533][    INFO] Iters: 45, Total loss: 0.123
[2024-07-07 20:51:09,432][    INFO] Iters: 60, Total loss: 0.121
[2024-07-07 20:51:13,075][    INFO] Iters: 75, Total loss: 0.115
[2024-07-07 20:51:18,075][    INFO] Iters: 90, Total loss: 0.114
[2024-07-07 20:51:22,619][    INFO] Iters: 105, Total loss: 0.115
[2024-07-07 20:51:35,883][    INFO] ***** Evaluation ***** >>>> Class [0 Right Ventricle] Dice: 83.89
[2024-07-07 20:51:35,883][    INFO] ***** Evaluation ***** >>>> Class [1 Myocardium] Dice: 85.33
[2024-07-07 20:51:35,883][    INFO] ***** Evaluation ***** >>>> Class [2 Left Ventricle] Dice: 92.76
[2024-07-07 20:51:35,883][    INFO] ***** Evaluation ***** >>>> MeanDice: 87.33
[2024-07-07 20:51:35,883][    INFO] ***** Evaluation ***** >>>> Classifications Accuracy: 36.11111111111111

[2024-07-07 20:51:36,090][    INFO] ===========> Epoch: 43, LR: 0.00171, Previous best: 89.81
[2024-07-07 20:51:36,550][    INFO] Iters: 0, Total loss: 0.126
[2024-07-07 20:51:43,489][    INFO] Iters: 15, Total loss: 0.117
[2024-07-07 20:51:49,944][    INFO] Iters: 30, Total loss: 0.110
[2024-07-07 20:51:56,637][    INFO] Iters: 45, Total loss: 0.113
[2024-07-07 20:52:00,449][    INFO] Iters: 60, Total loss: 0.108
[2024-07-07 20:52:04,278][    INFO] Iters: 75, Total loss: 0.106
[2024-07-07 20:52:08,267][    INFO] Iters: 90, Total loss: 0.104
[2024-07-07 20:52:12,664][    INFO] Iters: 105, Total loss: 0.106
[2024-07-07 20:52:26,339][    INFO] ***** Evaluation ***** >>>> Class [0 Right Ventricle] Dice: 81.98
[2024-07-07 20:52:26,339][    INFO] ***** Evaluation ***** >>>> Class [1 Myocardium] Dice: 84.64
[2024-07-07 20:52:26,339][    INFO] ***** Evaluation ***** >>>> Class [2 Left Ventricle] Dice: 91.72
[2024-07-07 20:52:26,339][    INFO] ***** Evaluation ***** >>>> MeanDice: 86.11
[2024-07-07 20:52:26,339][    INFO] ***** Evaluation ***** >>>> Classifications Accuracy: 40.74074074074074

[2024-07-07 20:52:26,636][    INFO] ===========> Epoch: 44, LR: 0.00149, Previous best: 89.81
[2024-07-07 20:52:27,046][    INFO] Iters: 0, Total loss: 0.074
[2024-07-07 20:52:31,921][    INFO] Iters: 15, Total loss: 0.124
[2024-07-07 20:52:38,139][    INFO] Iters: 30, Total loss: 0.110
[2024-07-07 20:52:42,854][    INFO] Iters: 45, Total loss: 0.101
[2024-07-07 20:52:50,405][    INFO] Iters: 60, Total loss: 0.104
[2024-07-07 20:52:54,421][    INFO] Iters: 75, Total loss: 0.111
[2024-07-07 20:53:00,498][    INFO] Iters: 90, Total loss: 0.105
[2024-07-07 20:53:05,055][    INFO] Iters: 105, Total loss: 0.107
[2024-07-07 20:53:22,002][    INFO] ***** Evaluation ***** >>>> Class [0 Right Ventricle] Dice: 81.72
[2024-07-07 20:53:22,002][    INFO] ***** Evaluation ***** >>>> Class [1 Myocardium] Dice: 84.06
[2024-07-07 20:53:22,002][    INFO] ***** Evaluation ***** >>>> Class [2 Left Ventricle] Dice: 90.63
[2024-07-07 20:53:22,002][    INFO] ***** Evaluation ***** >>>> MeanDice: 85.47
[2024-07-07 20:53:22,002][    INFO] ***** Evaluation ***** >>>> Classifications Accuracy: 43.05555555555556

[2024-07-07 20:53:22,246][    INFO] ===========> Epoch: 45, LR: 0.00126, Previous best: 89.81
[2024-07-07 20:53:22,680][    INFO] Iters: 0, Total loss: 0.030
[2024-07-07 20:53:28,108][    INFO] Iters: 15, Total loss: 0.125
[2024-07-07 20:53:33,683][    INFO] Iters: 30, Total loss: 0.107
[2024-07-07 20:53:42,816][    INFO] Iters: 45, Total loss: 0.101
[2024-07-07 20:53:48,765][    INFO] Iters: 60, Total loss: 0.111
[2024-07-07 20:54:00,035][    INFO] Iters: 75, Total loss: 0.109
[2024-07-07 20:54:04,973][    INFO] Iters: 90, Total loss: 0.106
[2024-07-07 20:54:15,694][    INFO] Iters: 105, Total loss: 0.103
[2024-07-07 20:54:25,718][    INFO] ***** Evaluation ***** >>>> Class [0 Right Ventricle] Dice: 83.66
[2024-07-07 20:54:25,719][    INFO] ***** Evaluation ***** >>>> Class [1 Myocardium] Dice: 84.68
[2024-07-07 20:54:25,719][    INFO] ***** Evaluation ***** >>>> Class [2 Left Ventricle] Dice: 92.15
[2024-07-07 20:54:25,719][    INFO] ***** Evaluation ***** >>>> MeanDice: 86.83
[2024-07-07 20:54:25,719][    INFO] ***** Evaluation ***** >>>> Classifications Accuracy: 37.5

[2024-07-07 20:54:25,924][    INFO] ===========> Epoch: 46, LR: 0.00103, Previous best: 89.81
[2024-07-07 20:54:26,365][    INFO] Iters: 0, Total loss: 0.212
[2024-07-07 20:54:31,242][    INFO] Iters: 15, Total loss: 0.097
[2024-07-07 20:54:36,706][    INFO] Iters: 30, Total loss: 0.103
[2024-07-07 20:54:44,206][    INFO] Iters: 45, Total loss: 0.094
[2024-07-07 20:54:50,760][    INFO] Iters: 60, Total loss: 0.092
[2024-07-07 20:54:56,425][    INFO] Iters: 75, Total loss: 0.092
[2024-07-07 20:55:00,466][    INFO] Iters: 90, Total loss: 0.093
[2024-07-07 20:55:04,418][    INFO] Iters: 105, Total loss: 0.097
[2024-07-07 20:55:14,646][    INFO] ***** Evaluation ***** >>>> Class [0 Right Ventricle] Dice: 84.34
[2024-07-07 20:55:14,646][    INFO] ***** Evaluation ***** >>>> Class [1 Myocardium] Dice: 84.73
[2024-07-07 20:55:14,646][    INFO] ***** Evaluation ***** >>>> Class [2 Left Ventricle] Dice: 92.16
[2024-07-07 20:55:14,646][    INFO] ***** Evaluation ***** >>>> MeanDice: 87.08
[2024-07-07 20:55:14,646][    INFO] ***** Evaluation ***** >>>> Classifications Accuracy: 37.03703703703704

[2024-07-07 20:55:14,852][    INFO] ===========> Epoch: 47, LR: 0.00080, Previous best: 89.81
[2024-07-07 20:55:15,266][    INFO] Iters: 0, Total loss: 0.032
[2024-07-07 20:55:22,192][    INFO] Iters: 15, Total loss: 0.096
[2024-07-07 20:55:26,539][    INFO] Iters: 30, Total loss: 0.109
[2024-07-07 20:55:31,248][    INFO] Iters: 45, Total loss: 0.113
[2024-07-07 20:55:35,054][    INFO] Iters: 60, Total loss: 0.109
[2024-07-07 20:55:39,628][    INFO] Iters: 75, Total loss: 0.101
[2024-07-07 20:55:44,996][    INFO] Iters: 90, Total loss: 0.103
[2024-07-07 20:55:50,975][    INFO] Iters: 105, Total loss: 0.098
[2024-07-07 20:56:02,081][    INFO] ***** Evaluation ***** >>>> Class [0 Right Ventricle] Dice: 83.79
[2024-07-07 20:56:02,081][    INFO] ***** Evaluation ***** >>>> Class [1 Myocardium] Dice: 84.87
[2024-07-07 20:56:02,081][    INFO] ***** Evaluation ***** >>>> Class [2 Left Ventricle] Dice: 92.28
[2024-07-07 20:56:02,081][    INFO] ***** Evaluation ***** >>>> MeanDice: 86.98
[2024-07-07 20:56:02,081][    INFO] ***** Evaluation ***** >>>> Classifications Accuracy: 37.5

[2024-07-07 20:56:02,287][    INFO] ===========> Epoch: 48, LR: 0.00055, Previous best: 89.81
[2024-07-07 20:56:02,723][    INFO] Iters: 0, Total loss: 0.041
[2024-07-07 20:56:07,315][    INFO] Iters: 15, Total loss: 0.090
[2024-07-07 20:56:14,737][    INFO] Iters: 30, Total loss: 0.094
[2024-07-07 20:56:20,694][    INFO] Iters: 45, Total loss: 0.089
[2024-07-07 20:56:26,452][    INFO] Iters: 60, Total loss: 0.088
[2024-07-07 20:56:31,323][    INFO] Iters: 75, Total loss: 0.086
[2024-07-07 20:56:39,424][    INFO] Iters: 90, Total loss: 0.087
[2024-07-07 20:56:45,362][    INFO] Iters: 105, Total loss: 0.087
[2024-07-07 20:56:57,180][    INFO] ***** Evaluation ***** >>>> Class [0 Right Ventricle] Dice: 83.79
[2024-07-07 20:56:57,180][    INFO] ***** Evaluation ***** >>>> Class [1 Myocardium] Dice: 84.61
[2024-07-07 20:56:57,180][    INFO] ***** Evaluation ***** >>>> Class [2 Left Ventricle] Dice: 91.79
[2024-07-07 20:56:57,180][    INFO] ***** Evaluation ***** >>>> MeanDice: 86.73
[2024-07-07 20:56:57,180][    INFO] ***** Evaluation ***** >>>> Classifications Accuracy: 36.11111111111111

[2024-07-07 20:56:57,385][    INFO] ===========> Epoch: 49, LR: 0.00030, Previous best: 89.81
[2024-07-07 20:56:57,894][    INFO] Iters: 0, Total loss: 0.065
[2024-07-07 20:57:02,324][    INFO] Iters: 15, Total loss: 0.101
[2024-07-07 20:57:07,721][    INFO] Iters: 30, Total loss: 0.093
[2024-07-07 20:57:13,619][    INFO] Iters: 45, Total loss: 0.091
[2024-07-07 20:57:20,083][    INFO] Iters: 60, Total loss: 0.089
[2024-07-07 20:57:25,364][    INFO] Iters: 75, Total loss: 0.084
[2024-07-07 20:57:31,247][    INFO] Iters: 90, Total loss: 0.085
[2024-07-07 20:57:37,382][    INFO] Iters: 105, Total loss: 0.083
[2024-07-07 20:57:47,449][    INFO] ***** Evaluation ***** >>>> Class [0 Right Ventricle] Dice: 84.45
[2024-07-07 20:57:47,449][    INFO] ***** Evaluation ***** >>>> Class [1 Myocardium] Dice: 85.20
[2024-07-07 20:57:47,449][    INFO] ***** Evaluation ***** >>>> Class [2 Left Ventricle] Dice: 92.12
[2024-07-07 20:57:47,449][    INFO] ***** Evaluation ***** >>>> MeanDice: 87.26
[2024-07-07 20:57:47,449][    INFO] ***** Evaluation ***** >>>> Classifications Accuracy: 36.574074074074076

