[2024-07-07 18:57:56,687][    INFO] {'batch_size': 12,
 'conf_thresh': 0.95,
 'crop_size': 256,
 'data_root': '/vol/aimspace/projects/ukbb/data/cardiac/cardiac_segmentations/subjects',
 'dataset': 'ukbb',
 'epochs': 50,
 'exp': '4',
 'local_rank': 0,
 'lr': 0.01,
 'mode': 'train',
 'nclass': 4,
 'nclass_classif': 3,
 'ngpus': 1,
 'num_workers': 1,
 'port': 8319,
 'seed': '42',
 'seg_model': 'unet',
 'split': 18,
 'task': 'multi_task',
 'visualize': False}

[2024-07-07 18:57:56,918][    INFO] Total params: 1.9M

[2024-07-07 18:57:58,634][    INFO] ************ Load from checkpoint at epoch 50

