/var/lib/slurm-llnl/slurmd/job04680/slurm_script: line 12: module: command not found
[2024-07-07 20:11:14,021][    INFO] {'batch_size': 12,
 'conf_thresh': 0.95,
 'crop_size': 256,
 'data_root': '/vol/aimspace/projects/ukbb/data/cardiac/cardiac_segmentations/subjects',
 'dataset': 'ukbb',
 'epochs': 50,
 'exp': '4',
 'local_rank': 0,
 'lr': 0.01,
 'mode': 'train',
 'nclass': 4,
 'nclass_classif': 3,
 'ngpus': 1,
 'num_workers': 1,
 'port': 8083,
 'seed': '83',
 'seg_model': 'unet',
 'split': 18,
 'task': 'multi_task',
 'visualize': False}

[2024-07-07 20:11:14,061][    INFO] Total params: 1.9M

[2024-07-07 20:11:17,789][    INFO] ===========> Epoch: 0, LR: 0.01000, Previous best: 0.00
[2024-07-07 20:11:23,648][    INFO] Iters: 0, Total loss: 1.151
[2024-07-07 20:11:43,399][    INFO] Iters: 15, Total loss: 0.855
[2024-07-07 20:11:58,780][    INFO] Iters: 30, Total loss: 0.756
[2024-07-07 20:12:04,578][    INFO] Iters: 45, Total loss: 0.718
[2024-07-07 20:12:09,147][    INFO] Iters: 60, Total loss: 0.698
[2024-07-07 20:12:13,440][    INFO] Iters: 75, Total loss: 0.684
[2024-07-07 20:12:19,451][    INFO] Iters: 90, Total loss: 0.672
[2024-07-07 20:12:23,349][    INFO] Iters: 105, Total loss: 0.661
[2024-07-07 20:12:31,823][    INFO] Iters: 120, Total loss: 0.652
[2024-07-07 20:12:42,326][    INFO] ***** Evaluation ***** >>>> Class [0 Right Ventricle] Dice: 0.00
[2024-07-07 20:12:42,327][    INFO] ***** Evaluation ***** >>>> Class [1 Myocardium] Dice: 0.00
[2024-07-07 20:12:42,327][    INFO] ***** Evaluation ***** >>>> Class [2 Left Ventricle] Dice: 2.56
[2024-07-07 20:12:42,327][    INFO] ***** Evaluation ***** >>>> MeanDice: 0.85
[2024-07-07 20:12:42,327][    INFO] ***** Evaluation ***** >>>> Classifications Accuracy: 18.51851851851852

[2024-07-07 20:12:43,062][    INFO] ===========> Epoch: 1, LR: 0.00982, Previous best: 0.85
[2024-07-07 20:12:44,600][    INFO] Iters: 0, Total loss: 0.563
[2024-07-07 20:12:48,867][    INFO] Iters: 15, Total loss: 0.550
[2024-07-07 20:12:55,572][    INFO] Iters: 30, Total loss: 0.530
[2024-07-07 20:12:59,299][    INFO] Iters: 45, Total loss: 0.516
[2024-07-07 20:13:02,816][    INFO] Iters: 60, Total loss: 0.502
[2024-07-07 20:13:06,409][    INFO] Iters: 75, Total loss: 0.491
[2024-07-07 20:13:10,053][    INFO] Iters: 90, Total loss: 0.479
[2024-07-07 20:13:16,030][    INFO] Iters: 105, Total loss: 0.472
[2024-07-07 20:13:24,392][    INFO] Iters: 120, Total loss: 0.467
[2024-07-07 20:13:35,290][    INFO] ***** Evaluation ***** >>>> Class [0 Right Ventricle] Dice: 61.86
[2024-07-07 20:13:35,290][    INFO] ***** Evaluation ***** >>>> Class [1 Myocardium] Dice: 61.52
[2024-07-07 20:13:35,290][    INFO] ***** Evaluation ***** >>>> Class [2 Left Ventricle] Dice: 76.10
[2024-07-07 20:13:35,290][    INFO] ***** Evaluation ***** >>>> MeanDice: 66.49
[2024-07-07 20:13:35,290][    INFO] ***** Evaluation ***** >>>> Classifications Accuracy: 26.38888888888889

[2024-07-07 20:13:35,762][    INFO] ===========> Epoch: 2, LR: 0.00964, Previous best: 66.49
[2024-07-07 20:13:38,233][    INFO] Iters: 0, Total loss: 0.405
[2024-07-07 20:13:42,972][    INFO] Iters: 15, Total loss: 0.390
[2024-07-07 20:13:49,359][    INFO] Iters: 30, Total loss: 0.389
[2024-07-07 20:13:53,765][    INFO] Iters: 45, Total loss: 0.395
[2024-07-07 20:13:57,812][    INFO] Iters: 60, Total loss: 0.401
[2024-07-07 20:14:04,387][    INFO] Iters: 75, Total loss: 0.399
[2024-07-07 20:14:09,976][    INFO] Iters: 90, Total loss: 0.396
[2024-07-07 20:14:16,009][    INFO] Iters: 105, Total loss: 0.392
[2024-07-07 20:14:26,064][    INFO] Iters: 120, Total loss: 0.389
[2024-07-07 20:14:36,670][    INFO] ***** Evaluation ***** >>>> Class [0 Right Ventricle] Dice: 35.04
[2024-07-07 20:14:36,670][    INFO] ***** Evaluation ***** >>>> Class [1 Myocardium] Dice: 71.58
[2024-07-07 20:14:36,670][    INFO] ***** Evaluation ***** >>>> Class [2 Left Ventricle] Dice: 81.89
[2024-07-07 20:14:36,670][    INFO] ***** Evaluation ***** >>>> MeanDice: 62.84
[2024-07-07 20:14:36,670][    INFO] ***** Evaluation ***** >>>> Classifications Accuracy: 18.51851851851852

[2024-07-07 20:14:37,472][    INFO] ===========> Epoch: 3, LR: 0.00946, Previous best: 66.49
[2024-07-07 20:14:38,454][    INFO] Iters: 0, Total loss: 0.383
[2024-07-07 20:14:43,559][    INFO] Iters: 15, Total loss: 0.385
[2024-07-07 20:14:49,284][    INFO] Iters: 30, Total loss: 0.365
[2024-07-07 20:14:53,277][    INFO] Iters: 45, Total loss: 0.374
[2024-07-07 20:15:01,774][    INFO] Iters: 60, Total loss: 0.373
[2024-07-07 20:15:05,499][    INFO] Iters: 75, Total loss: 0.374
[2024-07-07 20:15:11,900][    INFO] Iters: 90, Total loss: 0.371
[2024-07-07 20:15:17,478][    INFO] Iters: 105, Total loss: 0.366
[2024-07-07 20:15:24,823][    INFO] Iters: 120, Total loss: 0.364
[2024-07-07 20:15:31,353][    INFO] ***** Evaluation ***** >>>> Class [0 Right Ventricle] Dice: 74.94
[2024-07-07 20:15:31,353][    INFO] ***** Evaluation ***** >>>> Class [1 Myocardium] Dice: 78.64
[2024-07-07 20:15:31,353][    INFO] ***** Evaluation ***** >>>> Class [2 Left Ventricle] Dice: 88.57
[2024-07-07 20:15:31,353][    INFO] ***** Evaluation ***** >>>> MeanDice: 80.72
[2024-07-07 20:15:31,353][    INFO] ***** Evaluation ***** >>>> Classifications Accuracy: 18.51851851851852

[2024-07-07 20:15:32,027][    INFO] ===========> Epoch: 4, LR: 0.00928, Previous best: 80.72
[2024-07-07 20:15:32,461][    INFO] Iters: 0, Total loss: 0.435
[2024-07-07 20:15:41,187][    INFO] Iters: 15, Total loss: 0.373
[2024-07-07 20:15:45,714][    INFO] Iters: 30, Total loss: 0.369
[2024-07-07 20:15:51,546][    INFO] Iters: 45, Total loss: 0.367
[2024-07-07 20:16:00,689][    INFO] Iters: 60, Total loss: 0.363
[2024-07-07 20:16:05,544][    INFO] Iters: 75, Total loss: 0.360
[2024-07-07 20:16:10,537][    INFO] Iters: 90, Total loss: 0.358
[2024-07-07 20:16:15,190][    INFO] Iters: 105, Total loss: 0.352
[2024-07-07 20:16:20,744][    INFO] Iters: 120, Total loss: 0.350
[2024-07-07 20:16:26,209][    INFO] ***** Evaluation ***** >>>> Class [0 Right Ventricle] Dice: 53.04
[2024-07-07 20:16:26,210][    INFO] ***** Evaluation ***** >>>> Class [1 Myocardium] Dice: 71.43
[2024-07-07 20:16:26,210][    INFO] ***** Evaluation ***** >>>> Class [2 Left Ventricle] Dice: 85.77
[2024-07-07 20:16:26,210][    INFO] ***** Evaluation ***** >>>> MeanDice: 70.08
[2024-07-07 20:16:26,210][    INFO] ***** Evaluation ***** >>>> Classifications Accuracy: 25.462962962962965

[2024-07-07 20:16:27,077][    INFO] ===========> Epoch: 5, LR: 0.00910, Previous best: 80.72
[2024-07-07 20:16:28,802][    INFO] Iters: 0, Total loss: 0.335
[2024-07-07 20:16:40,883][    INFO] Iters: 15, Total loss: 0.345
[2024-07-07 20:16:44,480][    INFO] Iters: 30, Total loss: 0.357
[2024-07-07 20:16:51,446][    INFO] Iters: 45, Total loss: 0.360
[2024-07-07 20:16:55,022][    INFO] Iters: 60, Total loss: 0.359
[2024-07-07 20:17:00,876][    INFO] Iters: 75, Total loss: 0.356
[2024-07-07 20:17:06,426][    INFO] Iters: 90, Total loss: 0.356
[2024-07-07 20:17:11,373][    INFO] Iters: 105, Total loss: 0.352
[2024-07-07 20:17:15,782][    INFO] Iters: 120, Total loss: 0.349
[2024-07-07 20:17:22,585][    INFO] ***** Evaluation ***** >>>> Class [0 Right Ventricle] Dice: 57.45
[2024-07-07 20:17:22,585][    INFO] ***** Evaluation ***** >>>> Class [1 Myocardium] Dice: 73.25
[2024-07-07 20:17:22,585][    INFO] ***** Evaluation ***** >>>> Class [2 Left Ventricle] Dice: 81.28
[2024-07-07 20:17:22,585][    INFO] ***** Evaluation ***** >>>> MeanDice: 70.66
[2024-07-07 20:17:22,586][    INFO] ***** Evaluation ***** >>>> Classifications Accuracy: 22.685185185185187

[2024-07-07 20:17:23,047][    INFO] ===========> Epoch: 6, LR: 0.00891, Previous best: 80.72
[2024-07-07 20:17:24,094][    INFO] Iters: 0, Total loss: 0.299
[2024-07-07 20:17:31,525][    INFO] Iters: 15, Total loss: 0.336
[2024-07-07 20:17:38,480][    INFO] Iters: 30, Total loss: 0.338
[2024-07-07 20:17:42,982][    INFO] Iters: 45, Total loss: 0.331
[2024-07-07 20:17:48,267][    INFO] Iters: 60, Total loss: 0.326
[2024-07-07 20:17:52,987][    INFO] Iters: 75, Total loss: 0.323
[2024-07-07 20:17:59,686][    INFO] Iters: 90, Total loss: 0.328
[2024-07-07 20:18:03,759][    INFO] Iters: 105, Total loss: 0.331
[2024-07-07 20:18:10,819][    INFO] Iters: 120, Total loss: 0.332
[2024-07-07 20:18:18,701][    INFO] ***** Evaluation ***** >>>> Class [0 Right Ventricle] Dice: 79.28
[2024-07-07 20:18:18,701][    INFO] ***** Evaluation ***** >>>> Class [1 Myocardium] Dice: 79.41
[2024-07-07 20:18:18,701][    INFO] ***** Evaluation ***** >>>> Class [2 Left Ventricle] Dice: 90.30
[2024-07-07 20:18:18,701][    INFO] ***** Evaluation ***** >>>> MeanDice: 83.00
[2024-07-07 20:18:18,701][    INFO] ***** Evaluation ***** >>>> Classifications Accuracy: 18.51851851851852

[2024-07-07 20:18:19,470][    INFO] ===========> Epoch: 7, LR: 0.00873, Previous best: 83.00
[2024-07-07 20:18:20,769][    INFO] Iters: 0, Total loss: 0.320
[2024-07-07 20:18:29,041][    INFO] Iters: 15, Total loss: 0.310
[2024-07-07 20:18:34,855][    INFO] Iters: 30, Total loss: 0.320
[2024-07-07 20:18:39,030][    INFO] Iters: 45, Total loss: 0.319
[2024-07-07 20:18:43,252][    INFO] Iters: 60, Total loss: 0.320
[2024-07-07 20:18:47,963][    INFO] Iters: 75, Total loss: 0.328
[2024-07-07 20:18:51,923][    INFO] Iters: 90, Total loss: 0.326
[2024-07-07 20:18:58,155][    INFO] Iters: 105, Total loss: 0.328
[2024-07-07 20:19:03,063][    INFO] Iters: 120, Total loss: 0.328
[2024-07-07 20:19:09,217][    INFO] ***** Evaluation ***** >>>> Class [0 Right Ventricle] Dice: 58.68
[2024-07-07 20:19:09,218][    INFO] ***** Evaluation ***** >>>> Class [1 Myocardium] Dice: 77.77
[2024-07-07 20:19:09,218][    INFO] ***** Evaluation ***** >>>> Class [2 Left Ventricle] Dice: 87.30
[2024-07-07 20:19:09,218][    INFO] ***** Evaluation ***** >>>> MeanDice: 74.59
[2024-07-07 20:19:09,218][    INFO] ***** Evaluation ***** >>>> Classifications Accuracy: 18.51851851851852

[2024-07-07 20:19:09,424][    INFO] ===========> Epoch: 8, LR: 0.00855, Previous best: 83.00
[2024-07-07 20:19:09,878][    INFO] Iters: 0, Total loss: 0.296
[2024-07-07 20:19:15,215][    INFO] Iters: 15, Total loss: 0.335
[2024-07-07 20:19:21,797][    INFO] Iters: 30, Total loss: 0.325
[2024-07-07 20:19:32,153][    INFO] Iters: 45, Total loss: 0.322
[2024-07-07 20:19:37,223][    INFO] Iters: 60, Total loss: 0.323
[2024-07-07 20:19:44,439][    INFO] Iters: 75, Total loss: 0.323
[2024-07-07 20:19:49,280][    INFO] Iters: 90, Total loss: 0.322
[2024-07-07 20:19:58,501][    INFO] Iters: 105, Total loss: 0.320
[2024-07-07 20:20:04,483][    INFO] Iters: 120, Total loss: 0.319
[2024-07-07 20:20:11,500][    INFO] ***** Evaluation ***** >>>> Class [0 Right Ventricle] Dice: 79.45
[2024-07-07 20:20:11,501][    INFO] ***** Evaluation ***** >>>> Class [1 Myocardium] Dice: 83.53
[2024-07-07 20:20:11,501][    INFO] ***** Evaluation ***** >>>> Class [2 Left Ventricle] Dice: 90.63
[2024-07-07 20:20:11,501][    INFO] ***** Evaluation ***** >>>> MeanDice: 84.54
[2024-07-07 20:20:11,501][    INFO] ***** Evaluation ***** >>>> Classifications Accuracy: 40.27777777777778

[2024-07-07 20:20:12,723][    INFO] ===========> Epoch: 9, LR: 0.00837, Previous best: 84.54
[2024-07-07 20:20:14,678][    INFO] Iters: 0, Total loss: 0.220
[2024-07-07 20:20:19,971][    INFO] Iters: 15, Total loss: 0.308
[2024-07-07 20:20:27,655][    INFO] Iters: 30, Total loss: 0.311
[2024-07-07 20:20:32,011][    INFO] Iters: 45, Total loss: 0.314
[2024-07-07 20:20:39,025][    INFO] Iters: 60, Total loss: 0.310
[2024-07-07 20:20:42,879][    INFO] Iters: 75, Total loss: 0.312
[2024-07-07 20:20:47,114][    INFO] Iters: 90, Total loss: 0.312
[2024-07-07 20:20:52,831][    INFO] Iters: 105, Total loss: 0.312
[2024-07-07 20:20:57,105][    INFO] Iters: 120, Total loss: 0.314
[2024-07-07 20:21:02,807][    INFO] ***** Evaluation ***** >>>> Class [0 Right Ventricle] Dice: 70.77
[2024-07-07 20:21:02,807][    INFO] ***** Evaluation ***** >>>> Class [1 Myocardium] Dice: 76.18
[2024-07-07 20:21:02,807][    INFO] ***** Evaluation ***** >>>> Class [2 Left Ventricle] Dice: 82.47
[2024-07-07 20:21:02,807][    INFO] ***** Evaluation ***** >>>> MeanDice: 76.47
[2024-07-07 20:21:02,807][    INFO] ***** Evaluation ***** >>>> Classifications Accuracy: 18.51851851851852

[2024-07-07 20:21:03,012][    INFO] ===========> Epoch: 10, LR: 0.00818, Previous best: 84.54
[2024-07-07 20:21:03,467][    INFO] Iters: 0, Total loss: 0.248
[2024-07-07 20:21:08,926][    INFO] Iters: 15, Total loss: 0.304
[2024-07-07 20:21:14,487][    INFO] Iters: 30, Total loss: 0.291
[2024-07-07 20:21:23,325][    INFO] Iters: 45, Total loss: 0.296
[2024-07-07 20:21:29,387][    INFO] Iters: 60, Total loss: 0.298
[2024-07-07 20:21:37,408][    INFO] Iters: 75, Total loss: 0.298
[2024-07-07 20:21:42,396][    INFO] Iters: 90, Total loss: 0.298
[2024-07-07 20:21:49,443][    INFO] Iters: 105, Total loss: 0.300
[2024-07-07 20:21:55,898][    INFO] Iters: 120, Total loss: 0.297
[2024-07-07 20:22:02,905][    INFO] ***** Evaluation ***** >>>> Class [0 Right Ventricle] Dice: 76.79
[2024-07-07 20:22:02,905][    INFO] ***** Evaluation ***** >>>> Class [1 Myocardium] Dice: 81.75
[2024-07-07 20:22:02,905][    INFO] ***** Evaluation ***** >>>> Class [2 Left Ventricle] Dice: 88.33
[2024-07-07 20:22:02,906][    INFO] ***** Evaluation ***** >>>> MeanDice: 82.29
[2024-07-07 20:22:02,906][    INFO] ***** Evaluation ***** >>>> Classifications Accuracy: 18.51851851851852

[2024-07-07 20:22:03,186][    INFO] ===========> Epoch: 11, LR: 0.00800, Previous best: 84.54
[2024-07-07 20:22:03,824][    INFO] Iters: 0, Total loss: 0.387
[2024-07-07 20:22:11,221][    INFO] Iters: 15, Total loss: 0.303
[2024-07-07 20:22:16,896][    INFO] Iters: 30, Total loss: 0.313
[2024-07-07 20:22:25,063][    INFO] Iters: 45, Total loss: 0.309
[2024-07-07 20:22:30,196][    INFO] Iters: 60, Total loss: 0.301
[2024-07-07 20:22:39,362][    INFO] Iters: 75, Total loss: 0.299
[2024-07-07 20:22:43,277][    INFO] Iters: 90, Total loss: 0.297
[2024-07-07 20:22:52,024][    INFO] Iters: 105, Total loss: 0.299
[2024-07-07 20:22:57,739][    INFO] Iters: 120, Total loss: 0.297
[2024-07-07 20:23:04,511][    INFO] ***** Evaluation ***** >>>> Class [0 Right Ventricle] Dice: 80.24
[2024-07-07 20:23:04,511][    INFO] ***** Evaluation ***** >>>> Class [1 Myocardium] Dice: 82.80
[2024-07-07 20:23:04,511][    INFO] ***** Evaluation ***** >>>> Class [2 Left Ventricle] Dice: 94.16
[2024-07-07 20:23:04,511][    INFO] ***** Evaluation ***** >>>> MeanDice: 85.74
[2024-07-07 20:23:04,511][    INFO] ***** Evaluation ***** >>>> Classifications Accuracy: 31.48148148148148

[2024-07-07 20:23:04,944][    INFO] ===========> Epoch: 12, LR: 0.00781, Previous best: 85.74
[2024-07-07 20:23:05,697][    INFO] Iters: 0, Total loss: 0.349
[2024-07-07 20:23:13,817][    INFO] Iters: 15, Total loss: 0.297
[2024-07-07 20:23:20,879][    INFO] Iters: 30, Total loss: 0.306
[2024-07-07 20:23:27,529][    INFO] Iters: 45, Total loss: 0.295
[2024-07-07 20:23:34,419][    INFO] Iters: 60, Total loss: 0.297
[2024-07-07 20:23:38,640][    INFO] Iters: 75, Total loss: 0.295
[2024-07-07 20:23:46,773][    INFO] Iters: 90, Total loss: 0.290
[2024-07-07 20:23:50,669][    INFO] Iters: 105, Total loss: 0.291
[2024-07-07 20:23:54,619][    INFO] Iters: 120, Total loss: 0.291
[2024-07-07 20:24:00,832][    INFO] ***** Evaluation ***** >>>> Class [0 Right Ventricle] Dice: 79.95
[2024-07-07 20:24:00,833][    INFO] ***** Evaluation ***** >>>> Class [1 Myocardium] Dice: 85.04
[2024-07-07 20:24:00,833][    INFO] ***** Evaluation ***** >>>> Class [2 Left Ventricle] Dice: 92.78
[2024-07-07 20:24:00,833][    INFO] ***** Evaluation ***** >>>> MeanDice: 85.93
[2024-07-07 20:24:00,833][    INFO] ***** Evaluation ***** >>>> Classifications Accuracy: 18.51851851851852

[2024-07-07 20:24:01,248][    INFO] ===========> Epoch: 13, LR: 0.00763, Previous best: 85.93
[2024-07-07 20:24:01,738][    INFO] Iters: 0, Total loss: 0.289
[2024-07-07 20:24:06,560][    INFO] Iters: 15, Total loss: 0.288
[2024-07-07 20:24:15,748][    INFO] Iters: 30, Total loss: 0.278
[2024-07-07 20:24:22,465][    INFO] Iters: 45, Total loss: 0.280
[2024-07-07 20:24:28,269][    INFO] Iters: 60, Total loss: 0.275
[2024-07-07 20:24:33,749][    INFO] Iters: 75, Total loss: 0.268
[2024-07-07 20:24:37,688][    INFO] Iters: 90, Total loss: 0.273
[2024-07-07 20:24:42,724][    INFO] Iters: 105, Total loss: 0.272
[2024-07-07 20:24:47,972][    INFO] Iters: 120, Total loss: 0.274
[2024-07-07 20:24:55,289][    INFO] ***** Evaluation ***** >>>> Class [0 Right Ventricle] Dice: 65.19
[2024-07-07 20:24:55,289][    INFO] ***** Evaluation ***** >>>> Class [1 Myocardium] Dice: 71.83
[2024-07-07 20:24:55,289][    INFO] ***** Evaluation ***** >>>> Class [2 Left Ventricle] Dice: 83.95
[2024-07-07 20:24:55,289][    INFO] ***** Evaluation ***** >>>> MeanDice: 73.66
[2024-07-07 20:24:55,289][    INFO] ***** Evaluation ***** >>>> Classifications Accuracy: 18.51851851851852

[2024-07-07 20:24:55,530][    INFO] ===========> Epoch: 14, LR: 0.00744, Previous best: 85.93
[2024-07-07 20:24:55,979][    INFO] Iters: 0, Total loss: 0.294
[2024-07-07 20:25:00,774][    INFO] Iters: 15, Total loss: 0.304
[2024-07-07 20:25:07,281][    INFO] Iters: 30, Total loss: 0.280
[2024-07-07 20:25:12,840][    INFO] Iters: 45, Total loss: 0.277
[2024-07-07 20:25:19,063][    INFO] Iters: 60, Total loss: 0.273
[2024-07-07 20:25:23,517][    INFO] Iters: 75, Total loss: 0.269
[2024-07-07 20:25:28,483][    INFO] Iters: 90, Total loss: 0.269
[2024-07-07 20:25:36,347][    INFO] Iters: 105, Total loss: 0.270
[2024-07-07 20:25:40,093][    INFO] Iters: 120, Total loss: 0.271
[2024-07-07 20:25:46,467][    INFO] ***** Evaluation ***** >>>> Class [0 Right Ventricle] Dice: 81.78
[2024-07-07 20:25:46,468][    INFO] ***** Evaluation ***** >>>> Class [1 Myocardium] Dice: 84.40
[2024-07-07 20:25:46,468][    INFO] ***** Evaluation ***** >>>> Class [2 Left Ventricle] Dice: 93.44
[2024-07-07 20:25:46,468][    INFO] ***** Evaluation ***** >>>> MeanDice: 86.54
[2024-07-07 20:25:46,468][    INFO] ***** Evaluation ***** >>>> Classifications Accuracy: 18.51851851851852

[2024-07-07 20:25:46,892][    INFO] ===========> Epoch: 15, LR: 0.00726, Previous best: 86.54
[2024-07-07 20:25:47,357][    INFO] Iters: 0, Total loss: 0.197
[2024-07-07 20:25:53,385][    INFO] Iters: 15, Total loss: 0.292
[2024-07-07 20:25:58,167][    INFO] Iters: 30, Total loss: 0.286
[2024-07-07 20:26:03,160][    INFO] Iters: 45, Total loss: 0.284
[2024-07-07 20:26:12,894][    INFO] Iters: 60, Total loss: 0.283
[2024-07-07 20:26:18,468][    INFO] Iters: 75, Total loss: 0.276
[2024-07-07 20:26:24,568][    INFO] Iters: 90, Total loss: 0.275
[2024-07-07 20:26:32,730][    INFO] Iters: 105, Total loss: 0.270
[2024-07-07 20:26:37,386][    INFO] Iters: 120, Total loss: 0.270
[2024-07-07 20:26:46,422][    INFO] ***** Evaluation ***** >>>> Class [0 Right Ventricle] Dice: 79.34
[2024-07-07 20:26:46,422][    INFO] ***** Evaluation ***** >>>> Class [1 Myocardium] Dice: 81.87
[2024-07-07 20:26:46,422][    INFO] ***** Evaluation ***** >>>> Class [2 Left Ventricle] Dice: 90.85
[2024-07-07 20:26:46,423][    INFO] ***** Evaluation ***** >>>> MeanDice: 84.02
[2024-07-07 20:26:46,423][    INFO] ***** Evaluation ***** >>>> Classifications Accuracy: 19.90740740740741

[2024-07-07 20:26:46,634][    INFO] ===========> Epoch: 16, LR: 0.00707, Previous best: 86.54
[2024-07-07 20:26:47,406][    INFO] Iters: 0, Total loss: 0.274
[2024-07-07 20:26:52,680][    INFO] Iters: 15, Total loss: 0.239
[2024-07-07 20:26:56,442][    INFO] Iters: 30, Total loss: 0.255
[2024-07-07 20:27:00,511][    INFO] Iters: 45, Total loss: 0.255
[2024-07-07 20:27:05,159][    INFO] Iters: 60, Total loss: 0.254
[2024-07-07 20:27:09,668][    INFO] Iters: 75, Total loss: 0.259
[2024-07-07 20:27:15,631][    INFO] Iters: 90, Total loss: 0.257
[2024-07-07 20:27:20,649][    INFO] Iters: 105, Total loss: 0.253
[2024-07-07 20:27:26,222][    INFO] Iters: 120, Total loss: 0.255
[2024-07-07 20:27:36,166][    INFO] ***** Evaluation ***** >>>> Class [0 Right Ventricle] Dice: 83.18
[2024-07-07 20:27:36,166][    INFO] ***** Evaluation ***** >>>> Class [1 Myocardium] Dice: 84.65
[2024-07-07 20:27:36,166][    INFO] ***** Evaluation ***** >>>> Class [2 Left Ventricle] Dice: 92.14
[2024-07-07 20:27:36,166][    INFO] ***** Evaluation ***** >>>> MeanDice: 86.66
[2024-07-07 20:27:36,167][    INFO] ***** Evaluation ***** >>>> Classifications Accuracy: 18.51851851851852

[2024-07-07 20:27:37,034][    INFO] ===========> Epoch: 17, LR: 0.00688, Previous best: 86.66
[2024-07-07 20:27:37,662][    INFO] Iters: 0, Total loss: 0.199
[2024-07-07 20:27:43,674][    INFO] Iters: 15, Total loss: 0.252
[2024-07-07 20:27:48,142][    INFO] Iters: 30, Total loss: 0.254
[2024-07-07 20:27:51,912][    INFO] Iters: 45, Total loss: 0.247
[2024-07-07 20:27:55,856][    INFO] Iters: 60, Total loss: 0.249
[2024-07-07 20:28:00,815][    INFO] Iters: 75, Total loss: 0.251
[2024-07-07 20:28:04,961][    INFO] Iters: 90, Total loss: 0.246
[2024-07-07 20:28:09,041][    INFO] Iters: 105, Total loss: 0.245
[2024-07-07 20:28:16,485][    INFO] Iters: 120, Total loss: 0.250
[2024-07-07 20:28:25,523][    INFO] ***** Evaluation ***** >>>> Class [0 Right Ventricle] Dice: 72.02
[2024-07-07 20:28:25,524][    INFO] ***** Evaluation ***** >>>> Class [1 Myocardium] Dice: 82.87
[2024-07-07 20:28:25,524][    INFO] ***** Evaluation ***** >>>> Class [2 Left Ventricle] Dice: 91.91
[2024-07-07 20:28:25,524][    INFO] ***** Evaluation ***** >>>> MeanDice: 82.27
[2024-07-07 20:28:25,524][    INFO] ***** Evaluation ***** >>>> Classifications Accuracy: 18.51851851851852

[2024-07-07 20:28:26,603][    INFO] ===========> Epoch: 18, LR: 0.00669, Previous best: 86.66
[2024-07-07 20:28:27,331][    INFO] Iters: 0, Total loss: 0.144
[2024-07-07 20:28:34,153][    INFO] Iters: 15, Total loss: 0.228
[2024-07-07 20:28:39,318][    INFO] Iters: 30, Total loss: 0.236
[2024-07-07 20:28:43,753][    INFO] Iters: 45, Total loss: 0.246
[2024-07-07 20:28:47,383][    INFO] Iters: 60, Total loss: 0.242
[2024-07-07 20:28:51,730][    INFO] Iters: 75, Total loss: 0.243
[2024-07-07 20:28:56,703][    INFO] Iters: 90, Total loss: 0.243
[2024-07-07 20:29:00,342][    INFO] Iters: 105, Total loss: 0.239
[2024-07-07 20:29:08,285][    INFO] Iters: 120, Total loss: 0.243
[2024-07-07 20:29:16,145][    INFO] ***** Evaluation ***** >>>> Class [0 Right Ventricle] Dice: 81.70
[2024-07-07 20:29:16,145][    INFO] ***** Evaluation ***** >>>> Class [1 Myocardium] Dice: 84.89
[2024-07-07 20:29:16,145][    INFO] ***** Evaluation ***** >>>> Class [2 Left Ventricle] Dice: 92.78
[2024-07-07 20:29:16,146][    INFO] ***** Evaluation ***** >>>> MeanDice: 86.46
[2024-07-07 20:29:16,146][    INFO] ***** Evaluation ***** >>>> Classifications Accuracy: 26.851851851851855

[2024-07-07 20:29:16,352][    INFO] ===========> Epoch: 19, LR: 0.00651, Previous best: 86.66
[2024-07-07 20:29:16,793][    INFO] Iters: 0, Total loss: 0.267
[2024-07-07 20:29:25,582][    INFO] Iters: 15, Total loss: 0.248
[2024-07-07 20:29:30,544][    INFO] Iters: 30, Total loss: 0.247
[2024-07-07 20:29:36,105][    INFO] Iters: 45, Total loss: 0.240
[2024-07-07 20:29:41,801][    INFO] Iters: 60, Total loss: 0.246
[2024-07-07 20:29:49,150][    INFO] Iters: 75, Total loss: 0.242
[2024-07-07 20:29:53,619][    INFO] Iters: 90, Total loss: 0.239
[2024-07-07 20:29:58,549][    INFO] Iters: 105, Total loss: 0.239
[2024-07-07 20:30:04,363][    INFO] Iters: 120, Total loss: 0.241
[2024-07-07 20:30:10,659][    INFO] ***** Evaluation ***** >>>> Class [0 Right Ventricle] Dice: 85.94
[2024-07-07 20:30:10,659][    INFO] ***** Evaluation ***** >>>> Class [1 Myocardium] Dice: 86.12
[2024-07-07 20:30:10,659][    INFO] ***** Evaluation ***** >>>> Class [2 Left Ventricle] Dice: 95.20
[2024-07-07 20:30:10,659][    INFO] ***** Evaluation ***** >>>> MeanDice: 89.09
[2024-07-07 20:30:10,659][    INFO] ***** Evaluation ***** >>>> Classifications Accuracy: 30.555555555555557

[2024-07-07 20:30:11,070][    INFO] ===========> Epoch: 20, LR: 0.00632, Previous best: 89.09
[2024-07-07 20:30:11,533][    INFO] Iters: 0, Total loss: 0.313
[2024-07-07 20:30:19,894][    INFO] Iters: 15, Total loss: 0.246
[2024-07-07 20:30:25,887][    INFO] Iters: 30, Total loss: 0.233
[2024-07-07 20:30:32,106][    INFO] Iters: 45, Total loss: 0.233
[2024-07-07 20:30:37,433][    INFO] Iters: 60, Total loss: 0.227
[2024-07-07 20:30:45,408][    INFO] Iters: 75, Total loss: 0.222
[2024-07-07 20:30:49,244][    INFO] Iters: 90, Total loss: 0.224
[2024-07-07 20:30:54,936][    INFO] Iters: 105, Total loss: 0.225
[2024-07-07 20:30:59,906][    INFO] Iters: 120, Total loss: 0.227
[2024-07-07 20:31:10,379][    INFO] ***** Evaluation ***** >>>> Class [0 Right Ventricle] Dice: 87.96
[2024-07-07 20:31:10,380][    INFO] ***** Evaluation ***** >>>> Class [1 Myocardium] Dice: 87.34
[2024-07-07 20:31:10,380][    INFO] ***** Evaluation ***** >>>> Class [2 Left Ventricle] Dice: 95.02
[2024-07-07 20:31:10,380][    INFO] ***** Evaluation ***** >>>> MeanDice: 90.11
[2024-07-07 20:31:10,380][    INFO] ***** Evaluation ***** >>>> Classifications Accuracy: 20.37037037037037

[2024-07-07 20:31:10,989][    INFO] ===========> Epoch: 21, LR: 0.00613, Previous best: 90.11
[2024-07-07 20:31:12,250][    INFO] Iters: 0, Total loss: 0.392
[2024-07-07 20:31:19,151][    INFO] Iters: 15, Total loss: 0.220
[2024-07-07 20:31:28,798][    INFO] Iters: 30, Total loss: 0.226
[2024-07-07 20:31:34,999][    INFO] Iters: 45, Total loss: 0.231
[2024-07-07 20:31:41,325][    INFO] Iters: 60, Total loss: 0.231
[2024-07-07 20:31:46,640][    INFO] Iters: 75, Total loss: 0.232
[2024-07-07 20:31:51,917][    INFO] Iters: 90, Total loss: 0.229
[2024-07-07 20:31:56,891][    INFO] Iters: 105, Total loss: 0.223
[2024-07-07 20:32:02,391][    INFO] Iters: 120, Total loss: 0.218
[2024-07-07 20:32:11,610][    INFO] ***** Evaluation ***** >>>> Class [0 Right Ventricle] Dice: 79.32
[2024-07-07 20:32:11,610][    INFO] ***** Evaluation ***** >>>> Class [1 Myocardium] Dice: 83.90
[2024-07-07 20:32:11,610][    INFO] ***** Evaluation ***** >>>> Class [2 Left Ventricle] Dice: 92.20
[2024-07-07 20:32:11,610][    INFO] ***** Evaluation ***** >>>> MeanDice: 85.14
[2024-07-07 20:32:11,610][    INFO] ***** Evaluation ***** >>>> Classifications Accuracy: 18.51851851851852

[2024-07-07 20:32:12,314][    INFO] ===========> Epoch: 22, LR: 0.00594, Previous best: 90.11
[2024-07-07 20:32:12,821][    INFO] Iters: 0, Total loss: 0.191
[2024-07-07 20:32:18,354][    INFO] Iters: 15, Total loss: 0.182
[2024-07-07 20:32:27,362][    INFO] Iters: 30, Total loss: 0.196
[2024-07-07 20:32:34,117][    INFO] Iters: 45, Total loss: 0.201
[2024-07-07 20:32:37,783][    INFO] Iters: 60, Total loss: 0.205
[2024-07-07 20:32:46,121][    INFO] Iters: 75, Total loss: 0.207
[2024-07-07 20:32:51,989][    INFO] Iters: 90, Total loss: 0.211
[2024-07-07 20:32:57,894][    INFO] Iters: 105, Total loss: 0.213
[2024-07-07 20:33:02,808][    INFO] Iters: 120, Total loss: 0.212
[2024-07-07 20:33:14,143][    INFO] ***** Evaluation ***** >>>> Class [0 Right Ventricle] Dice: 73.95
[2024-07-07 20:33:14,143][    INFO] ***** Evaluation ***** >>>> Class [1 Myocardium] Dice: 81.66
[2024-07-07 20:33:14,143][    INFO] ***** Evaluation ***** >>>> Class [2 Left Ventricle] Dice: 89.32
[2024-07-07 20:33:14,144][    INFO] ***** Evaluation ***** >>>> MeanDice: 81.64
[2024-07-07 20:33:14,144][    INFO] ***** Evaluation ***** >>>> Classifications Accuracy: 33.7962962962963

[2024-07-07 20:33:14,350][    INFO] ===========> Epoch: 23, LR: 0.00574, Previous best: 90.11
[2024-07-07 20:33:14,811][    INFO] Iters: 0, Total loss: 0.240
[2024-07-07 20:33:18,605][    INFO] Iters: 15, Total loss: 0.172
[2024-07-07 20:33:28,806][    INFO] Iters: 30, Total loss: 0.198
[2024-07-07 20:33:35,347][    INFO] Iters: 45, Total loss: 0.211
[2024-07-07 20:33:39,595][    INFO] Iters: 60, Total loss: 0.214
[2024-07-07 20:33:45,320][    INFO] Iters: 75, Total loss: 0.218
[2024-07-07 20:33:50,455][    INFO] Iters: 90, Total loss: 0.216
[2024-07-07 20:33:55,971][    INFO] Iters: 105, Total loss: 0.218
[2024-07-07 20:34:02,908][    INFO] Iters: 120, Total loss: 0.218
[2024-07-07 20:34:15,190][    INFO] ***** Evaluation ***** >>>> Class [0 Right Ventricle] Dice: 83.25
[2024-07-07 20:34:15,190][    INFO] ***** Evaluation ***** >>>> Class [1 Myocardium] Dice: 85.14
[2024-07-07 20:34:15,190][    INFO] ***** Evaluation ***** >>>> Class [2 Left Ventricle] Dice: 92.75
[2024-07-07 20:34:15,190][    INFO] ***** Evaluation ***** >>>> MeanDice: 87.05
[2024-07-07 20:34:15,190][    INFO] ***** Evaluation ***** >>>> Classifications Accuracy: 20.833333333333336

[2024-07-07 20:34:15,395][    INFO] ===========> Epoch: 24, LR: 0.00555, Previous best: 90.11
[2024-07-07 20:34:16,298][    INFO] Iters: 0, Total loss: 0.161
[2024-07-07 20:34:22,681][    INFO] Iters: 15, Total loss: 0.199
[2024-07-07 20:34:31,655][    INFO] Iters: 30, Total loss: 0.190
[2024-07-07 20:34:36,179][    INFO] Iters: 45, Total loss: 0.179
[2024-07-07 20:34:43,415][    INFO] Iters: 60, Total loss: 0.190
[2024-07-07 20:34:48,377][    INFO] Iters: 75, Total loss: 0.196
[2024-07-07 20:34:53,635][    INFO] Iters: 90, Total loss: 0.197
[2024-07-07 20:34:59,050][    INFO] Iters: 105, Total loss: 0.197
[2024-07-07 20:35:10,271][    INFO] Iters: 120, Total loss: 0.199
[2024-07-07 20:35:16,558][    INFO] ***** Evaluation ***** >>>> Class [0 Right Ventricle] Dice: 80.38
[2024-07-07 20:35:16,558][    INFO] ***** Evaluation ***** >>>> Class [1 Myocardium] Dice: 85.88
[2024-07-07 20:35:16,558][    INFO] ***** Evaluation ***** >>>> Class [2 Left Ventricle] Dice: 93.83
[2024-07-07 20:35:16,558][    INFO] ***** Evaluation ***** >>>> MeanDice: 86.70
[2024-07-07 20:35:16,558][    INFO] ***** Evaluation ***** >>>> Classifications Accuracy: 20.833333333333336

[2024-07-07 20:35:16,764][    INFO] ===========> Epoch: 25, LR: 0.00536, Previous best: 90.11
[2024-07-07 20:35:17,215][    INFO] Iters: 0, Total loss: 0.232
[2024-07-07 20:35:29,743][    INFO] Iters: 15, Total loss: 0.193
[2024-07-07 20:35:33,387][    INFO] Iters: 30, Total loss: 0.179
[2024-07-07 20:35:41,070][    INFO] Iters: 45, Total loss: 0.188
[2024-07-07 20:35:45,274][    INFO] Iters: 60, Total loss: 0.193
[2024-07-07 20:35:50,395][    INFO] Iters: 75, Total loss: 0.196
[2024-07-07 20:35:57,294][    INFO] Iters: 90, Total loss: 0.205
[2024-07-07 20:36:01,606][    INFO] Iters: 105, Total loss: 0.208
[2024-07-07 20:36:05,962][    INFO] Iters: 120, Total loss: 0.204
[2024-07-07 20:36:11,934][    INFO] ***** Evaluation ***** >>>> Class [0 Right Ventricle] Dice: 81.49
[2024-07-07 20:36:11,934][    INFO] ***** Evaluation ***** >>>> Class [1 Myocardium] Dice: 86.62
[2024-07-07 20:36:11,934][    INFO] ***** Evaluation ***** >>>> Class [2 Left Ventricle] Dice: 93.99
[2024-07-07 20:36:11,935][    INFO] ***** Evaluation ***** >>>> MeanDice: 87.36
[2024-07-07 20:36:11,935][    INFO] ***** Evaluation ***** >>>> Classifications Accuracy: 19.90740740740741

[2024-07-07 20:36:12,213][    INFO] ===========> Epoch: 26, LR: 0.00517, Previous best: 90.11
[2024-07-07 20:36:12,653][    INFO] Iters: 0, Total loss: 0.176
[2024-07-07 20:36:17,148][    INFO] Iters: 15, Total loss: 0.181
[2024-07-07 20:36:22,464][    INFO] Iters: 30, Total loss: 0.173
[2024-07-07 20:36:29,838][    INFO] Iters: 45, Total loss: 0.184
[2024-07-07 20:36:36,131][    INFO] Iters: 60, Total loss: 0.190
[2024-07-07 20:36:43,660][    INFO] Iters: 75, Total loss: 0.183
[2024-07-07 20:36:48,532][    INFO] Iters: 90, Total loss: 0.180
[2024-07-07 20:36:55,080][    INFO] Iters: 105, Total loss: 0.183
[2024-07-07 20:37:00,276][    INFO] Iters: 120, Total loss: 0.185
[2024-07-07 20:37:06,497][    INFO] ***** Evaluation ***** >>>> Class [0 Right Ventricle] Dice: 85.00
[2024-07-07 20:37:06,497][    INFO] ***** Evaluation ***** >>>> Class [1 Myocardium] Dice: 85.24
[2024-07-07 20:37:06,497][    INFO] ***** Evaluation ***** >>>> Class [2 Left Ventricle] Dice: 95.63
[2024-07-07 20:37:06,497][    INFO] ***** Evaluation ***** >>>> MeanDice: 88.62
[2024-07-07 20:37:06,497][    INFO] ***** Evaluation ***** >>>> Classifications Accuracy: 25.462962962962965

[2024-07-07 20:37:06,701][    INFO] ===========> Epoch: 27, LR: 0.00497, Previous best: 90.11
[2024-07-07 20:37:07,122][    INFO] Iters: 0, Total loss: 0.170
[2024-07-07 20:37:12,244][    INFO] Iters: 15, Total loss: 0.202
[2024-07-07 20:37:23,164][    INFO] Iters: 30, Total loss: 0.198
[2024-07-07 20:37:28,125][    INFO] Iters: 45, Total loss: 0.198
[2024-07-07 20:37:36,405][    INFO] Iters: 60, Total loss: 0.198
[2024-07-07 20:37:40,277][    INFO] Iters: 75, Total loss: 0.198
[2024-07-07 20:37:46,340][    INFO] Iters: 90, Total loss: 0.201
[2024-07-07 20:37:52,281][    INFO] Iters: 105, Total loss: 0.195
[2024-07-07 20:37:59,757][    INFO] Iters: 120, Total loss: 0.191
[2024-07-07 20:38:11,339][    INFO] ***** Evaluation ***** >>>> Class [0 Right Ventricle] Dice: 85.33
[2024-07-07 20:38:11,340][    INFO] ***** Evaluation ***** >>>> Class [1 Myocardium] Dice: 85.75
[2024-07-07 20:38:11,340][    INFO] ***** Evaluation ***** >>>> Class [2 Left Ventricle] Dice: 94.49
[2024-07-07 20:38:11,340][    INFO] ***** Evaluation ***** >>>> MeanDice: 88.52
[2024-07-07 20:38:11,340][    INFO] ***** Evaluation ***** >>>> Classifications Accuracy: 29.166666666666668

[2024-07-07 20:38:11,545][    INFO] ===========> Epoch: 28, LR: 0.00478, Previous best: 90.11
[2024-07-07 20:38:12,003][    INFO] Iters: 0, Total loss: 0.126
[2024-07-07 20:38:18,834][    INFO] Iters: 15, Total loss: 0.162
[2024-07-07 20:38:23,682][    INFO] Iters: 30, Total loss: 0.170
[2024-07-07 20:38:30,599][    INFO] Iters: 45, Total loss: 0.178
[2024-07-07 20:38:35,217][    INFO] Iters: 60, Total loss: 0.175
[2024-07-07 20:38:43,111][    INFO] Iters: 75, Total loss: 0.187
[2024-07-07 20:38:47,963][    INFO] Iters: 90, Total loss: 0.186
[2024-07-07 20:38:51,806][    INFO] Iters: 105, Total loss: 0.188
[2024-07-07 20:38:57,922][    INFO] Iters: 120, Total loss: 0.186
[2024-07-07 20:39:03,641][    INFO] ***** Evaluation ***** >>>> Class [0 Right Ventricle] Dice: 86.49
[2024-07-07 20:39:03,642][    INFO] ***** Evaluation ***** >>>> Class [1 Myocardium] Dice: 87.26
[2024-07-07 20:39:03,642][    INFO] ***** Evaluation ***** >>>> Class [2 Left Ventricle] Dice: 93.76
[2024-07-07 20:39:03,642][    INFO] ***** Evaluation ***** >>>> MeanDice: 89.17
[2024-07-07 20:39:03,642][    INFO] ***** Evaluation ***** >>>> Classifications Accuracy: 21.296296296296298

[2024-07-07 20:39:03,848][    INFO] ===========> Epoch: 29, LR: 0.00458, Previous best: 90.11
[2024-07-07 20:39:04,265][    INFO] Iters: 0, Total loss: 0.249
[2024-07-07 20:39:09,005][    INFO] Iters: 15, Total loss: 0.163
[2024-07-07 20:39:13,069][    INFO] Iters: 30, Total loss: 0.169
[2024-07-07 20:39:18,292][    INFO] Iters: 45, Total loss: 0.171
[2024-07-07 20:39:25,039][    INFO] Iters: 60, Total loss: 0.171
[2024-07-07 20:39:30,415][    INFO] Iters: 75, Total loss: 0.174
[2024-07-07 20:39:35,109][    INFO] Iters: 90, Total loss: 0.172
[2024-07-07 20:39:39,463][    INFO] Iters: 105, Total loss: 0.167
[2024-07-07 20:39:46,761][    INFO] Iters: 120, Total loss: 0.169
[2024-07-07 20:39:54,621][    INFO] ***** Evaluation ***** >>>> Class [0 Right Ventricle] Dice: 83.15
[2024-07-07 20:39:54,621][    INFO] ***** Evaluation ***** >>>> Class [1 Myocardium] Dice: 84.67
[2024-07-07 20:39:54,621][    INFO] ***** Evaluation ***** >>>> Class [2 Left Ventricle] Dice: 90.99
[2024-07-07 20:39:54,621][    INFO] ***** Evaluation ***** >>>> MeanDice: 86.27
[2024-07-07 20:39:54,621][    INFO] ***** Evaluation ***** >>>> Classifications Accuracy: 23.14814814814815

[2024-07-07 20:39:54,827][    INFO] ===========> Epoch: 30, LR: 0.00439, Previous best: 90.11
[2024-07-07 20:39:55,278][    INFO] Iters: 0, Total loss: 0.277
[2024-07-07 20:40:00,614][    INFO] Iters: 15, Total loss: 0.217
[2024-07-07 20:40:04,916][    INFO] Iters: 30, Total loss: 0.195
[2024-07-07 20:40:11,872][    INFO] Iters: 45, Total loss: 0.189
[2024-07-07 20:40:17,465][    INFO] Iters: 60, Total loss: 0.187
[2024-07-07 20:40:23,193][    INFO] Iters: 75, Total loss: 0.190
[2024-07-07 20:40:29,228][    INFO] Iters: 90, Total loss: 0.186
[2024-07-07 20:40:34,224][    INFO] Iters: 105, Total loss: 0.185
[2024-07-07 20:40:39,998][    INFO] Iters: 120, Total loss: 0.181
[2024-07-07 20:40:44,886][    INFO] ***** Evaluation ***** >>>> Class [0 Right Ventricle] Dice: 83.88
[2024-07-07 20:40:44,886][    INFO] ***** Evaluation ***** >>>> Class [1 Myocardium] Dice: 86.28
[2024-07-07 20:40:44,886][    INFO] ***** Evaluation ***** >>>> Class [2 Left Ventricle] Dice: 92.89
[2024-07-07 20:40:44,886][    INFO] ***** Evaluation ***** >>>> MeanDice: 87.68
[2024-07-07 20:40:44,886][    INFO] ***** Evaluation ***** >>>> Classifications Accuracy: 20.37037037037037

[2024-07-07 20:40:45,092][    INFO] ===========> Epoch: 31, LR: 0.00419, Previous best: 90.11
[2024-07-07 20:40:45,487][    INFO] Iters: 0, Total loss: 0.112
[2024-07-07 20:40:49,153][    INFO] Iters: 15, Total loss: 0.154
[2024-07-07 20:40:53,053][    INFO] Iters: 30, Total loss: 0.160
[2024-07-07 20:40:56,737][    INFO] Iters: 45, Total loss: 0.161
[2024-07-07 20:41:04,781][    INFO] Iters: 60, Total loss: 0.161
[2024-07-07 20:41:10,653][    INFO] Iters: 75, Total loss: 0.163
[2024-07-07 20:41:19,323][    INFO] Iters: 90, Total loss: 0.167
[2024-07-07 20:41:23,638][    INFO] Iters: 105, Total loss: 0.163
[2024-07-07 20:41:30,904][    INFO] Iters: 120, Total loss: 0.165
[2024-07-07 20:41:37,525][    INFO] ***** Evaluation ***** >>>> Class [0 Right Ventricle] Dice: 83.83
[2024-07-07 20:41:37,526][    INFO] ***** Evaluation ***** >>>> Class [1 Myocardium] Dice: 86.46
[2024-07-07 20:41:37,526][    INFO] ***** Evaluation ***** >>>> Class [2 Left Ventricle] Dice: 93.64
[2024-07-07 20:41:37,526][    INFO] ***** Evaluation ***** >>>> MeanDice: 87.97
[2024-07-07 20:41:37,526][    INFO] ***** Evaluation ***** >>>> Classifications Accuracy: 18.51851851851852

[2024-07-07 20:41:37,778][    INFO] ===========> Epoch: 32, LR: 0.00399, Previous best: 90.11
[2024-07-07 20:41:38,191][    INFO] Iters: 0, Total loss: 0.084
[2024-07-07 20:41:45,087][    INFO] Iters: 15, Total loss: 0.133
[2024-07-07 20:41:48,929][    INFO] Iters: 30, Total loss: 0.139
[2024-07-07 20:41:56,107][    INFO] Iters: 45, Total loss: 0.145
[2024-07-07 20:42:02,902][    INFO] Iters: 60, Total loss: 0.154
[2024-07-07 20:42:11,517][    INFO] Iters: 75, Total loss: 0.153
[2024-07-07 20:42:19,146][    INFO] Iters: 90, Total loss: 0.156
[2024-07-07 20:42:24,844][    INFO] Iters: 105, Total loss: 0.157
[2024-07-07 20:42:30,882][    INFO] Iters: 120, Total loss: 0.158
[2024-07-07 20:42:43,108][    INFO] ***** Evaluation ***** >>>> Class [0 Right Ventricle] Dice: 83.73
[2024-07-07 20:42:43,108][    INFO] ***** Evaluation ***** >>>> Class [1 Myocardium] Dice: 85.22
[2024-07-07 20:42:43,108][    INFO] ***** Evaluation ***** >>>> Class [2 Left Ventricle] Dice: 93.76
[2024-07-07 20:42:43,108][    INFO] ***** Evaluation ***** >>>> MeanDice: 87.57
[2024-07-07 20:42:43,108][    INFO] ***** Evaluation ***** >>>> Classifications Accuracy: 21.75925925925926

[2024-07-07 20:42:43,314][    INFO] ===========> Epoch: 33, LR: 0.00379, Previous best: 90.11
[2024-07-07 20:42:43,786][    INFO] Iters: 0, Total loss: 0.081
[2024-07-07 20:42:54,470][    INFO] Iters: 15, Total loss: 0.159
[2024-07-07 20:42:58,912][    INFO] Iters: 30, Total loss: 0.171
[2024-07-07 20:43:04,933][    INFO] Iters: 45, Total loss: 0.156
[2024-07-07 20:43:09,805][    INFO] Iters: 60, Total loss: 0.152
[2024-07-07 20:43:14,306][    INFO] Iters: 75, Total loss: 0.158
[2024-07-07 20:43:22,107][    INFO] Iters: 90, Total loss: 0.155
[2024-07-07 20:43:27,823][    INFO] Iters: 105, Total loss: 0.152
[2024-07-07 20:43:35,910][    INFO] Iters: 120, Total loss: 0.157
[2024-07-07 20:43:43,576][    INFO] ***** Evaluation ***** >>>> Class [0 Right Ventricle] Dice: 84.19
[2024-07-07 20:43:43,577][    INFO] ***** Evaluation ***** >>>> Class [1 Myocardium] Dice: 84.75
[2024-07-07 20:43:43,577][    INFO] ***** Evaluation ***** >>>> Class [2 Left Ventricle] Dice: 94.01
[2024-07-07 20:43:43,577][    INFO] ***** Evaluation ***** >>>> MeanDice: 87.65
[2024-07-07 20:43:43,577][    INFO] ***** Evaluation ***** >>>> Classifications Accuracy: 27.314814814814813

[2024-07-07 20:43:43,816][    INFO] ===========> Epoch: 34, LR: 0.00359, Previous best: 90.11
[2024-07-07 20:43:44,617][    INFO] Iters: 0, Total loss: 0.194
[2024-07-07 20:43:49,989][    INFO] Iters: 15, Total loss: 0.158
[2024-07-07 20:43:53,648][    INFO] Iters: 30, Total loss: 0.168
[2024-07-07 20:44:01,673][    INFO] Iters: 45, Total loss: 0.165
[2024-07-07 20:44:09,182][    INFO] Iters: 60, Total loss: 0.166
[2024-07-07 20:44:14,586][    INFO] Iters: 75, Total loss: 0.161
[2024-07-07 20:44:21,570][    INFO] Iters: 90, Total loss: 0.158
[2024-07-07 20:44:27,899][    INFO] Iters: 105, Total loss: 0.160
[2024-07-07 20:44:34,889][    INFO] Iters: 120, Total loss: 0.159
[2024-07-07 20:44:42,117][    INFO] ***** Evaluation ***** >>>> Class [0 Right Ventricle] Dice: 84.82
[2024-07-07 20:44:42,117][    INFO] ***** Evaluation ***** >>>> Class [1 Myocardium] Dice: 86.90
[2024-07-07 20:44:42,117][    INFO] ***** Evaluation ***** >>>> Class [2 Left Ventricle] Dice: 95.28
[2024-07-07 20:44:42,117][    INFO] ***** Evaluation ***** >>>> MeanDice: 89.00
[2024-07-07 20:44:42,118][    INFO] ***** Evaluation ***** >>>> Classifications Accuracy: 23.14814814814815

[2024-07-07 20:44:42,324][    INFO] ===========> Epoch: 35, LR: 0.00339, Previous best: 90.11
[2024-07-07 20:44:42,769][    INFO] Iters: 0, Total loss: 0.099
[2024-07-07 20:44:47,552][    INFO] Iters: 15, Total loss: 0.128
[2024-07-07 20:44:53,054][    INFO] Iters: 30, Total loss: 0.147
[2024-07-07 20:44:58,416][    INFO] Iters: 45, Total loss: 0.139
[2024-07-07 20:45:06,994][    INFO] Iters: 60, Total loss: 0.144
[2024-07-07 20:45:14,595][    INFO] Iters: 75, Total loss: 0.144
[2024-07-07 20:45:21,234][    INFO] Iters: 90, Total loss: 0.143
[2024-07-07 20:45:25,735][    INFO] Iters: 105, Total loss: 0.145
[2024-07-07 20:45:33,708][    INFO] Iters: 120, Total loss: 0.148
[2024-07-07 20:45:40,596][    INFO] ***** Evaluation ***** >>>> Class [0 Right Ventricle] Dice: 88.80
[2024-07-07 20:45:40,597][    INFO] ***** Evaluation ***** >>>> Class [1 Myocardium] Dice: 87.07
[2024-07-07 20:45:40,597][    INFO] ***** Evaluation ***** >>>> Class [2 Left Ventricle] Dice: 94.87
[2024-07-07 20:45:40,597][    INFO] ***** Evaluation ***** >>>> MeanDice: 90.25
[2024-07-07 20:45:40,597][    INFO] ***** Evaluation ***** >>>> Classifications Accuracy: 20.37037037037037

[2024-07-07 20:45:41,018][    INFO] ===========> Epoch: 36, LR: 0.00318, Previous best: 90.25
[2024-07-07 20:45:41,452][    INFO] Iters: 0, Total loss: 0.229
[2024-07-07 20:45:49,933][    INFO] Iters: 15, Total loss: 0.144
[2024-07-07 20:45:54,675][    INFO] Iters: 30, Total loss: 0.141
[2024-07-07 20:46:03,396][    INFO] Iters: 45, Total loss: 0.140
[2024-07-07 20:46:07,933][    INFO] Iters: 60, Total loss: 0.136
[2024-07-07 20:46:13,940][    INFO] Iters: 75, Total loss: 0.141
[2024-07-07 20:46:18,819][    INFO] Iters: 90, Total loss: 0.137
[2024-07-07 20:46:25,248][    INFO] Iters: 105, Total loss: 0.136
[2024-07-07 20:46:30,368][    INFO] Iters: 120, Total loss: 0.136
[2024-07-07 20:46:39,980][    INFO] ***** Evaluation ***** >>>> Class [0 Right Ventricle] Dice: 87.13
[2024-07-07 20:46:39,980][    INFO] ***** Evaluation ***** >>>> Class [1 Myocardium] Dice: 88.20
[2024-07-07 20:46:39,980][    INFO] ***** Evaluation ***** >>>> Class [2 Left Ventricle] Dice: 95.96
[2024-07-07 20:46:39,980][    INFO] ***** Evaluation ***** >>>> MeanDice: 90.43
[2024-07-07 20:46:39,980][    INFO] ***** Evaluation ***** >>>> Classifications Accuracy: 20.833333333333336

[2024-07-07 20:46:40,386][    INFO] ===========> Epoch: 37, LR: 0.00298, Previous best: 90.43
[2024-07-07 20:46:40,846][    INFO] Iters: 0, Total loss: 0.097
[2024-07-07 20:46:46,419][    INFO] Iters: 15, Total loss: 0.129
[2024-07-07 20:46:53,082][    INFO] Iters: 30, Total loss: 0.128
[2024-07-07 20:47:00,065][    INFO] Iters: 45, Total loss: 0.138
[2024-07-07 20:47:05,315][    INFO] Iters: 60, Total loss: 0.142
[2024-07-07 20:47:10,036][    INFO] Iters: 75, Total loss: 0.142
[2024-07-07 20:47:19,071][    INFO] Iters: 90, Total loss: 0.143
[2024-07-07 20:47:22,943][    INFO] Iters: 105, Total loss: 0.144
[2024-07-07 20:47:28,167][    INFO] Iters: 120, Total loss: 0.141
[2024-07-07 20:47:35,838][    INFO] ***** Evaluation ***** >>>> Class [0 Right Ventricle] Dice: 83.91
[2024-07-07 20:47:35,838][    INFO] ***** Evaluation ***** >>>> Class [1 Myocardium] Dice: 86.90
[2024-07-07 20:47:35,838][    INFO] ***** Evaluation ***** >>>> Class [2 Left Ventricle] Dice: 95.03
[2024-07-07 20:47:35,838][    INFO] ***** Evaluation ***** >>>> MeanDice: 88.61
[2024-07-07 20:47:35,838][    INFO] ***** Evaluation ***** >>>> Classifications Accuracy: 18.51851851851852

[2024-07-07 20:47:36,045][    INFO] ===========> Epoch: 38, LR: 0.00277, Previous best: 90.43
[2024-07-07 20:47:36,463][    INFO] Iters: 0, Total loss: 0.260
[2024-07-07 20:47:40,192][    INFO] Iters: 15, Total loss: 0.171
[2024-07-07 20:47:44,976][    INFO] Iters: 30, Total loss: 0.142
[2024-07-07 20:47:50,083][    INFO] Iters: 45, Total loss: 0.141
[2024-07-07 20:47:54,666][    INFO] Iters: 60, Total loss: 0.141
[2024-07-07 20:48:04,312][    INFO] Iters: 75, Total loss: 0.137
[2024-07-07 20:48:09,212][    INFO] Iters: 90, Total loss: 0.133
[2024-07-07 20:48:14,688][    INFO] Iters: 105, Total loss: 0.135
[2024-07-07 20:48:24,836][    INFO] Iters: 120, Total loss: 0.137
[2024-07-07 20:48:31,868][    INFO] ***** Evaluation ***** >>>> Class [0 Right Ventricle] Dice: 85.16
[2024-07-07 20:48:31,868][    INFO] ***** Evaluation ***** >>>> Class [1 Myocardium] Dice: 87.68
[2024-07-07 20:48:31,868][    INFO] ***** Evaluation ***** >>>> Class [2 Left Ventricle] Dice: 95.67
[2024-07-07 20:48:31,868][    INFO] ***** Evaluation ***** >>>> MeanDice: 89.50
[2024-07-07 20:48:31,868][    INFO] ***** Evaluation ***** >>>> Classifications Accuracy: 23.14814814814815

[2024-07-07 20:48:32,443][    INFO] ===========> Epoch: 39, LR: 0.00256, Previous best: 90.43
[2024-07-07 20:48:33,944][    INFO] Iters: 0, Total loss: 0.048
[2024-07-07 20:48:38,119][    INFO] Iters: 15, Total loss: 0.137
[2024-07-07 20:48:44,302][    INFO] Iters: 30, Total loss: 0.126
[2024-07-07 20:48:50,596][    INFO] Iters: 45, Total loss: 0.125
[2024-07-07 20:48:56,188][    INFO] Iters: 60, Total loss: 0.124
[2024-07-07 20:49:01,303][    INFO] Iters: 75, Total loss: 0.125
[2024-07-07 20:49:06,683][    INFO] Iters: 90, Total loss: 0.125
[2024-07-07 20:49:11,870][    INFO] Iters: 105, Total loss: 0.127
[2024-07-07 20:49:19,040][    INFO] Iters: 120, Total loss: 0.128
[2024-07-07 20:49:26,110][    INFO] ***** Evaluation ***** >>>> Class [0 Right Ventricle] Dice: 85.09
[2024-07-07 20:49:26,110][    INFO] ***** Evaluation ***** >>>> Class [1 Myocardium] Dice: 87.24
[2024-07-07 20:49:26,110][    INFO] ***** Evaluation ***** >>>> Class [2 Left Ventricle] Dice: 94.01
[2024-07-07 20:49:26,110][    INFO] ***** Evaluation ***** >>>> MeanDice: 88.78
[2024-07-07 20:49:26,110][    INFO] ***** Evaluation ***** >>>> Classifications Accuracy: 27.314814814814813

[2024-07-07 20:49:26,340][    INFO] ===========> Epoch: 40, LR: 0.00235, Previous best: 90.43
[2024-07-07 20:49:26,781][    INFO] Iters: 0, Total loss: 0.227
[2024-07-07 20:49:34,405][    INFO] Iters: 15, Total loss: 0.099
[2024-07-07 20:49:38,499][    INFO] Iters: 30, Total loss: 0.111
[2024-07-07 20:49:47,141][    INFO] Iters: 45, Total loss: 0.114
[2024-07-07 20:49:53,091][    INFO] Iters: 60, Total loss: 0.109
[2024-07-07 20:49:57,073][    INFO] Iters: 75, Total loss: 0.112
[2024-07-07 20:50:06,314][    INFO] Iters: 90, Total loss: 0.117
[2024-07-07 20:50:14,948][    INFO] Iters: 105, Total loss: 0.120
[2024-07-07 20:50:19,195][    INFO] Iters: 120, Total loss: 0.118
[2024-07-07 20:50:27,215][    INFO] ***** Evaluation ***** >>>> Class [0 Right Ventricle] Dice: 87.34
[2024-07-07 20:50:27,215][    INFO] ***** Evaluation ***** >>>> Class [1 Myocardium] Dice: 88.62
[2024-07-07 20:50:27,215][    INFO] ***** Evaluation ***** >>>> Class [2 Left Ventricle] Dice: 96.21
[2024-07-07 20:50:27,215][    INFO] ***** Evaluation ***** >>>> MeanDice: 90.72
[2024-07-07 20:50:27,216][    INFO] ***** Evaluation ***** >>>> Classifications Accuracy: 20.37037037037037

[2024-07-07 20:50:27,637][    INFO] ===========> Epoch: 41, LR: 0.00214, Previous best: 90.72
[2024-07-07 20:50:28,399][    INFO] Iters: 0, Total loss: 0.079
[2024-07-07 20:50:34,009][    INFO] Iters: 15, Total loss: 0.129
[2024-07-07 20:50:44,002][    INFO] Iters: 30, Total loss: 0.119
[2024-07-07 20:50:48,333][    INFO] Iters: 45, Total loss: 0.126
[2024-07-07 20:50:55,650][    INFO] Iters: 60, Total loss: 0.126
[2024-07-07 20:51:00,219][    INFO] Iters: 75, Total loss: 0.131
[2024-07-07 20:51:05,843][    INFO] Iters: 90, Total loss: 0.129
[2024-07-07 20:51:09,723][    INFO] Iters: 105, Total loss: 0.127
[2024-07-07 20:51:13,511][    INFO] Iters: 120, Total loss: 0.125
[2024-07-07 20:51:19,197][    INFO] ***** Evaluation ***** >>>> Class [0 Right Ventricle] Dice: 87.62
[2024-07-07 20:51:19,197][    INFO] ***** Evaluation ***** >>>> Class [1 Myocardium] Dice: 87.83
[2024-07-07 20:51:19,197][    INFO] ***** Evaluation ***** >>>> Class [2 Left Ventricle] Dice: 95.18
[2024-07-07 20:51:19,197][    INFO] ***** Evaluation ***** >>>> MeanDice: 90.21
[2024-07-07 20:51:19,197][    INFO] ***** Evaluation ***** >>>> Classifications Accuracy: 19.444444444444446

[2024-07-07 20:51:19,404][    INFO] ===========> Epoch: 42, LR: 0.00192, Previous best: 90.72
[2024-07-07 20:51:19,847][    INFO] Iters: 0, Total loss: 0.110
[2024-07-07 20:51:25,113][    INFO] Iters: 15, Total loss: 0.123
[2024-07-07 20:51:31,471][    INFO] Iters: 30, Total loss: 0.125
[2024-07-07 20:51:36,478][    INFO] Iters: 45, Total loss: 0.115
[2024-07-07 20:51:43,192][    INFO] Iters: 60, Total loss: 0.115
[2024-07-07 20:51:49,956][    INFO] Iters: 75, Total loss: 0.117
[2024-07-07 20:51:56,649][    INFO] Iters: 90, Total loss: 0.120
[2024-07-07 20:52:00,526][    INFO] Iters: 105, Total loss: 0.117
[2024-07-07 20:52:04,487][    INFO] Iters: 120, Total loss: 0.116
[2024-07-07 20:52:09,275][    INFO] ***** Evaluation ***** >>>> Class [0 Right Ventricle] Dice: 87.97
[2024-07-07 20:52:09,275][    INFO] ***** Evaluation ***** >>>> Class [1 Myocardium] Dice: 89.51
[2024-07-07 20:52:09,275][    INFO] ***** Evaluation ***** >>>> Class [2 Left Ventricle] Dice: 96.03
[2024-07-07 20:52:09,275][    INFO] ***** Evaluation ***** >>>> MeanDice: 91.17
[2024-07-07 20:52:09,275][    INFO] ***** Evaluation ***** >>>> Classifications Accuracy: 22.22222222222222

[2024-07-07 20:52:09,763][    INFO] ===========> Epoch: 43, LR: 0.00171, Previous best: 91.17
[2024-07-07 20:52:10,524][    INFO] Iters: 0, Total loss: 0.044
[2024-07-07 20:52:14,398][    INFO] Iters: 15, Total loss: 0.107
[2024-07-07 20:52:21,847][    INFO] Iters: 30, Total loss: 0.100
[2024-07-07 20:52:28,246][    INFO] Iters: 45, Total loss: 0.109
[2024-07-07 20:52:33,143][    INFO] Iters: 60, Total loss: 0.110
[2024-07-07 20:52:39,324][    INFO] Iters: 75, Total loss: 0.109
[2024-07-07 20:52:47,175][    INFO] Iters: 90, Total loss: 0.106
[2024-07-07 20:52:51,457][    INFO] Iters: 105, Total loss: 0.107
[2024-07-07 20:52:56,098][    INFO] Iters: 120, Total loss: 0.108
[2024-07-07 20:53:02,852][    INFO] ***** Evaluation ***** >>>> Class [0 Right Ventricle] Dice: 86.89
[2024-07-07 20:53:02,853][    INFO] ***** Evaluation ***** >>>> Class [1 Myocardium] Dice: 87.72
[2024-07-07 20:53:02,853][    INFO] ***** Evaluation ***** >>>> Class [2 Left Ventricle] Dice: 94.39
[2024-07-07 20:53:02,853][    INFO] ***** Evaluation ***** >>>> MeanDice: 89.67
[2024-07-07 20:53:02,853][    INFO] ***** Evaluation ***** >>>> Classifications Accuracy: 21.296296296296298

[2024-07-07 20:53:03,060][    INFO] ===========> Epoch: 44, LR: 0.00149, Previous best: 91.17
[2024-07-07 20:53:03,472][    INFO] Iters: 0, Total loss: 0.097
[2024-07-07 20:53:10,194][    INFO] Iters: 15, Total loss: 0.119
[2024-07-07 20:53:19,868][    INFO] Iters: 30, Total loss: 0.109
[2024-07-07 20:53:25,258][    INFO] Iters: 45, Total loss: 0.111
[2024-07-07 20:53:30,604][    INFO] Iters: 60, Total loss: 0.112
[2024-07-07 20:53:36,345][    INFO] Iters: 75, Total loss: 0.119
[2024-07-07 20:53:43,594][    INFO] Iters: 90, Total loss: 0.118
[2024-07-07 20:53:49,842][    INFO] Iters: 105, Total loss: 0.115
[2024-07-07 20:54:00,477][    INFO] Iters: 120, Total loss: 0.114
[2024-07-07 20:54:09,687][    INFO] ***** Evaluation ***** >>>> Class [0 Right Ventricle] Dice: 85.40
[2024-07-07 20:54:09,687][    INFO] ***** Evaluation ***** >>>> Class [1 Myocardium] Dice: 87.62
[2024-07-07 20:54:09,687][    INFO] ***** Evaluation ***** >>>> Class [2 Left Ventricle] Dice: 94.16
[2024-07-07 20:54:09,687][    INFO] ***** Evaluation ***** >>>> MeanDice: 89.06
[2024-07-07 20:54:09,687][    INFO] ***** Evaluation ***** >>>> Classifications Accuracy: 20.37037037037037

[2024-07-07 20:54:09,900][    INFO] ===========> Epoch: 45, LR: 0.00126, Previous best: 91.17
[2024-07-07 20:54:10,546][    INFO] Iters: 0, Total loss: 0.057
[2024-07-07 20:54:17,124][    INFO] Iters: 15, Total loss: 0.091
[2024-07-07 20:54:21,767][    INFO] Iters: 30, Total loss: 0.110
[2024-07-07 20:54:26,657][    INFO] Iters: 45, Total loss: 0.111
[2024-07-07 20:54:31,516][    INFO] Iters: 60, Total loss: 0.114
[2024-07-07 20:54:36,950][    INFO] Iters: 75, Total loss: 0.110
[2024-07-07 20:54:44,436][    INFO] Iters: 90, Total loss: 0.107
[2024-07-07 20:54:51,701][    INFO] Iters: 105, Total loss: 0.108
[2024-07-07 20:54:56,720][    INFO] Iters: 120, Total loss: 0.108
[2024-07-07 20:55:02,368][    INFO] ***** Evaluation ***** >>>> Class [0 Right Ventricle] Dice: 87.60
[2024-07-07 20:55:02,368][    INFO] ***** Evaluation ***** >>>> Class [1 Myocardium] Dice: 89.20
[2024-07-07 20:55:02,368][    INFO] ***** Evaluation ***** >>>> Class [2 Left Ventricle] Dice: 95.82
[2024-07-07 20:55:02,368][    INFO] ***** Evaluation ***** >>>> MeanDice: 90.87
[2024-07-07 20:55:02,369][    INFO] ***** Evaluation ***** >>>> Classifications Accuracy: 23.14814814814815

[2024-07-07 20:55:02,583][    INFO] ===========> Epoch: 46, LR: 0.00103, Previous best: 91.17
[2024-07-07 20:55:03,051][    INFO] Iters: 0, Total loss: 0.158
[2024-07-07 20:55:06,684][    INFO] Iters: 15, Total loss: 0.108
[2024-07-07 20:55:11,583][    INFO] Iters: 30, Total loss: 0.106
[2024-07-07 20:55:18,830][    INFO] Iters: 45, Total loss: 0.105
[2024-07-07 20:55:23,895][    INFO] Iters: 60, Total loss: 0.108
[2024-07-07 20:55:28,601][    INFO] Iters: 75, Total loss: 0.108
[2024-07-07 20:55:33,019][    INFO] Iters: 90, Total loss: 0.107
[2024-07-07 20:55:37,464][    INFO] Iters: 105, Total loss: 0.107
[2024-07-07 20:55:41,746][    INFO] Iters: 120, Total loss: 0.103
[2024-07-07 20:55:49,721][    INFO] ***** Evaluation ***** >>>> Class [0 Right Ventricle] Dice: 87.04
[2024-07-07 20:55:49,721][    INFO] ***** Evaluation ***** >>>> Class [1 Myocardium] Dice: 88.91
[2024-07-07 20:55:49,721][    INFO] ***** Evaluation ***** >>>> Class [2 Left Ventricle] Dice: 95.59
[2024-07-07 20:55:49,721][    INFO] ***** Evaluation ***** >>>> MeanDice: 90.51
[2024-07-07 20:55:49,721][    INFO] ***** Evaluation ***** >>>> Classifications Accuracy: 20.37037037037037

[2024-07-07 20:55:50,007][    INFO] ===========> Epoch: 47, LR: 0.00080, Previous best: 91.17
[2024-07-07 20:55:50,495][    INFO] Iters: 0, Total loss: 0.087
[2024-07-07 20:55:54,232][    INFO] Iters: 15, Total loss: 0.075
[2024-07-07 20:55:59,693][    INFO] Iters: 30, Total loss: 0.072
[2024-07-07 20:56:05,530][    INFO] Iters: 45, Total loss: 0.087
[2024-07-07 20:56:11,363][    INFO] Iters: 60, Total loss: 0.097
[2024-07-07 20:56:16,793][    INFO] Iters: 75, Total loss: 0.097
[2024-07-07 20:56:22,337][    INFO] Iters: 90, Total loss: 0.094
[2024-07-07 20:56:28,898][    INFO] Iters: 105, Total loss: 0.094
[2024-07-07 20:56:35,429][    INFO] Iters: 120, Total loss: 0.098
[2024-07-07 20:56:44,268][    INFO] ***** Evaluation ***** >>>> Class [0 Right Ventricle] Dice: 87.46
[2024-07-07 20:56:44,268][    INFO] ***** Evaluation ***** >>>> Class [1 Myocardium] Dice: 89.27
[2024-07-07 20:56:44,268][    INFO] ***** Evaluation ***** >>>> Class [2 Left Ventricle] Dice: 95.87
[2024-07-07 20:56:44,268][    INFO] ***** Evaluation ***** >>>> MeanDice: 90.87
[2024-07-07 20:56:44,268][    INFO] ***** Evaluation ***** >>>> Classifications Accuracy: 20.37037037037037

[2024-07-07 20:56:44,475][    INFO] ===========> Epoch: 48, LR: 0.00055, Previous best: 91.17
[2024-07-07 20:56:44,909][    INFO] Iters: 0, Total loss: 0.092
[2024-07-07 20:56:50,334][    INFO] Iters: 15, Total loss: 0.073
[2024-07-07 20:56:56,496][    INFO] Iters: 30, Total loss: 0.085
[2024-07-07 20:57:00,917][    INFO] Iters: 45, Total loss: 0.098
[2024-07-07 20:57:06,865][    INFO] Iters: 60, Total loss: 0.099
[2024-07-07 20:57:12,681][    INFO] Iters: 75, Total loss: 0.095
[2024-07-07 20:57:18,576][    INFO] Iters: 90, Total loss: 0.092
[2024-07-07 20:57:23,499][    INFO] Iters: 105, Total loss: 0.091
[2024-07-07 20:57:29,822][    INFO] Iters: 120, Total loss: 0.090
[2024-07-07 20:57:37,578][    INFO] ***** Evaluation ***** >>>> Class [0 Right Ventricle] Dice: 86.97
[2024-07-07 20:57:37,578][    INFO] ***** Evaluation ***** >>>> Class [1 Myocardium] Dice: 88.54
[2024-07-07 20:57:37,578][    INFO] ***** Evaluation ***** >>>> Class [2 Left Ventricle] Dice: 95.41
[2024-07-07 20:57:37,578][    INFO] ***** Evaluation ***** >>>> MeanDice: 90.31
[2024-07-07 20:57:37,578][    INFO] ***** Evaluation ***** >>>> Classifications Accuracy: 20.37037037037037

[2024-07-07 20:57:37,806][    INFO] ===========> Epoch: 49, LR: 0.00030, Previous best: 91.17
[2024-07-07 20:57:38,458][    INFO] Iters: 0, Total loss: 0.028
[2024-07-07 20:57:43,846][    INFO] Iters: 15, Total loss: 0.084
[2024-07-07 20:57:47,445][    INFO] Iters: 30, Total loss: 0.093
[2024-07-07 20:57:51,947][    INFO] Iters: 45, Total loss: 0.095
[2024-07-07 20:57:55,501][    INFO] Iters: 60, Total loss: 0.088
[2024-07-07 20:57:59,676][    INFO] Iters: 75, Total loss: 0.088
[2024-07-07 20:58:03,449][    INFO] Iters: 90, Total loss: 0.089
[2024-07-07 20:58:09,385][    INFO] Iters: 105, Total loss: 0.086
[2024-07-07 20:58:16,279][    INFO] Iters: 120, Total loss: 0.086
[2024-07-07 20:58:25,263][    INFO] ***** Evaluation ***** >>>> Class [0 Right Ventricle] Dice: 86.24
[2024-07-07 20:58:25,264][    INFO] ***** Evaluation ***** >>>> Class [1 Myocardium] Dice: 88.73
[2024-07-07 20:58:25,264][    INFO] ***** Evaluation ***** >>>> Class [2 Left Ventricle] Dice: 95.39
[2024-07-07 20:58:25,264][    INFO] ***** Evaluation ***** >>>> MeanDice: 90.12
[2024-07-07 20:58:25,264][    INFO] ***** Evaluation ***** >>>> Classifications Accuracy: 19.90740740740741

