/var/lib/slurm-llnl/slurmd/job15563/slurm_script: line 12: module: command not found
/var/lib/slurm-llnl/slurmd/job15563/slurm_script: line 13: activate: No such file or directory

CondaError: Run 'conda init' before 'conda deactivate'


CondaError: Run 'conda init' before 'conda activate'

[2024-07-20 18:10:54,697][    INFO] {'batch_size': 12,
 'conf_thresh': 0.95,
 'crop_size': 256,
 'data_root': '/vol/aimspace/projects/ukbb/data/cardiac/cardiac_segmentations/subjects',
 'dataset': 'ukbb',
 'epochs': 150,
 'exp': '4',
 'local_rank': 0,
 'lr': 0.01,
 'mode': 'train',
 'nclass': 4,
 'nclass_classif': 3,
 'ngpus': 1,
 'num_workers': 1,
 'port': 8083,
 'seed': '83',
 'seg_model': 'unet',
 'split': 18,
 'task': 'seg_only_mid_slices',
 'visualize': False}

[2024-07-20 18:10:54,752][    INFO] Total params: 1.8M

[2024-07-20 18:10:55,876][    INFO] ************ Load from checkpoint at epoch 99

[2024-07-20 18:10:55,877][    INFO] ===========> Epoch: 100, LR: 0.00015, Previous best: 85.59
[2024-07-20 18:11:00,695][    INFO] Iters: 0, Total loss: 0.035, Loss x: 0.039, Loss s: 0.056, Loss w_fp: 0.005, Mask ratio: 0.980
[2024-07-20 18:11:09,190][    INFO] ***** Evaluation ***** >>>> Class [0 Right Ventricle] Dice: 83.36
[2024-07-20 18:11:09,190][    INFO] ***** Evaluation ***** >>>> Class [1 Myocardium] Dice: 80.14
[2024-07-20 18:11:09,190][    INFO] ***** Evaluation ***** >>>> Class [2 Left Ventricle] Dice: 92.12
[2024-07-20 18:11:09,190][    INFO] ***** Evaluation ***** >>>> MeanDice: 85.21

[2024-07-20 18:11:09,544][    INFO] ===========> Epoch: 101, LR: 0.00371, Previous best: 85.59
[2024-07-20 18:11:10,392][    INFO] Iters: 0, Total loss: 0.035, Loss x: 0.044, Loss s: 0.049, Loss w_fp: 0.004, Mask ratio: 0.982
[2024-07-20 18:11:18,398][    INFO] ***** Evaluation ***** >>>> Class [0 Right Ventricle] Dice: 83.83
[2024-07-20 18:11:18,398][    INFO] ***** Evaluation ***** >>>> Class [1 Myocardium] Dice: 80.59
[2024-07-20 18:11:18,398][    INFO] ***** Evaluation ***** >>>> Class [2 Left Ventricle] Dice: 92.14
[2024-07-20 18:11:18,398][    INFO] ***** Evaluation ***** >>>> MeanDice: 85.52

[2024-07-20 18:11:18,599][    INFO] ===========> Epoch: 102, LR: 0.00365, Previous best: 85.59
[2024-07-20 18:11:19,372][    INFO] Iters: 0, Total loss: 0.030, Loss x: 0.036, Loss s: 0.043, Loss w_fp: 0.006, Mask ratio: 0.978
[2024-07-20 18:11:26,999][    INFO] ***** Evaluation ***** >>>> Class [0 Right Ventricle] Dice: 83.04
[2024-07-20 18:11:26,999][    INFO] ***** Evaluation ***** >>>> Class [1 Myocardium] Dice: 78.60
[2024-07-20 18:11:26,999][    INFO] ***** Evaluation ***** >>>> Class [2 Left Ventricle] Dice: 91.71
[2024-07-20 18:11:26,999][    INFO] ***** Evaluation ***** >>>> MeanDice: 84.45

[2024-07-20 18:11:27,194][    INFO] ===========> Epoch: 103, LR: 0.00358, Previous best: 85.59
[2024-07-20 18:11:27,964][    INFO] Iters: 0, Total loss: 0.037, Loss x: 0.033, Loss s: 0.074, Loss w_fp: 0.007, Mask ratio: 0.977
[2024-07-20 18:11:36,131][    INFO] ***** Evaluation ***** >>>> Class [0 Right Ventricle] Dice: 81.72
[2024-07-20 18:11:36,131][    INFO] ***** Evaluation ***** >>>> Class [1 Myocardium] Dice: 79.76
[2024-07-20 18:11:36,131][    INFO] ***** Evaluation ***** >>>> Class [2 Left Ventricle] Dice: 90.82
[2024-07-20 18:11:36,131][    INFO] ***** Evaluation ***** >>>> MeanDice: 84.10

[2024-07-20 18:11:36,328][    INFO] ===========> Epoch: 104, LR: 0.00351, Previous best: 85.59
[2024-07-20 18:11:37,135][    INFO] Iters: 0, Total loss: 0.034, Loss x: 0.043, Loss s: 0.034, Loss w_fp: 0.014, Mask ratio: 0.981
[2024-07-20 18:11:44,974][    INFO] ***** Evaluation ***** >>>> Class [0 Right Ventricle] Dice: 83.57
[2024-07-20 18:11:44,974][    INFO] ***** Evaluation ***** >>>> Class [1 Myocardium] Dice: 80.13
[2024-07-20 18:11:44,974][    INFO] ***** Evaluation ***** >>>> Class [2 Left Ventricle] Dice: 93.05
[2024-07-20 18:11:44,974][    INFO] ***** Evaluation ***** >>>> MeanDice: 85.58

[2024-07-20 18:11:45,183][    INFO] ===========> Epoch: 105, LR: 0.00345, Previous best: 85.59
[2024-07-20 18:11:45,967][    INFO] Iters: 0, Total loss: 0.045, Loss x: 0.048, Loss s: 0.070, Loss w_fp: 0.016, Mask ratio: 0.979
[2024-07-20 18:11:54,060][    INFO] ***** Evaluation ***** >>>> Class [0 Right Ventricle] Dice: 81.01
[2024-07-20 18:11:54,061][    INFO] ***** Evaluation ***** >>>> Class [1 Myocardium] Dice: 77.70
[2024-07-20 18:11:54,061][    INFO] ***** Evaluation ***** >>>> Class [2 Left Ventricle] Dice: 90.90
[2024-07-20 18:11:54,061][    INFO] ***** Evaluation ***** >>>> MeanDice: 83.20

[2024-07-20 18:11:54,266][    INFO] ===========> Epoch: 106, LR: 0.00338, Previous best: 85.59
[2024-07-20 18:11:55,088][    INFO] Iters: 0, Total loss: 0.039, Loss x: 0.057, Loss s: 0.032, Loss w_fp: 0.008, Mask ratio: 0.984
[2024-07-20 18:12:02,657][    INFO] ***** Evaluation ***** >>>> Class [0 Right Ventricle] Dice: 83.89
[2024-07-20 18:12:02,657][    INFO] ***** Evaluation ***** >>>> Class [1 Myocardium] Dice: 80.74
[2024-07-20 18:12:02,657][    INFO] ***** Evaluation ***** >>>> Class [2 Left Ventricle] Dice: 92.26
[2024-07-20 18:12:02,657][    INFO] ***** Evaluation ***** >>>> MeanDice: 85.63

[2024-07-20 18:12:03,072][    INFO] ===========> Epoch: 107, LR: 0.00331, Previous best: 85.63
[2024-07-20 18:12:03,848][    INFO] Iters: 0, Total loss: 0.034, Loss x: 0.049, Loss s: 0.033, Loss w_fp: 0.005, Mask ratio: 0.982
[2024-07-20 18:12:12,073][    INFO] ***** Evaluation ***** >>>> Class [0 Right Ventricle] Dice: 84.25
[2024-07-20 18:12:12,073][    INFO] ***** Evaluation ***** >>>> Class [1 Myocardium] Dice: 81.24
[2024-07-20 18:12:12,073][    INFO] ***** Evaluation ***** >>>> Class [2 Left Ventricle] Dice: 93.39
[2024-07-20 18:12:12,074][    INFO] ***** Evaluation ***** >>>> MeanDice: 86.29

[2024-07-20 18:12:12,477][    INFO] ===========> Epoch: 108, LR: 0.00324, Previous best: 86.29
[2024-07-20 18:12:13,237][    INFO] Iters: 0, Total loss: 0.039, Loss x: 0.049, Loss s: 0.046, Loss w_fp: 0.011, Mask ratio: 0.984
[2024-07-20 18:12:20,945][    INFO] ***** Evaluation ***** >>>> Class [0 Right Ventricle] Dice: 83.55
[2024-07-20 18:12:20,946][    INFO] ***** Evaluation ***** >>>> Class [1 Myocardium] Dice: 80.19
[2024-07-20 18:12:20,946][    INFO] ***** Evaluation ***** >>>> Class [2 Left Ventricle] Dice: 92.38
[2024-07-20 18:12:20,946][    INFO] ***** Evaluation ***** >>>> MeanDice: 85.37

[2024-07-20 18:12:21,146][    INFO] ===========> Epoch: 109, LR: 0.00317, Previous best: 86.29
[2024-07-20 18:12:21,978][    INFO] Iters: 0, Total loss: 0.029, Loss x: 0.037, Loss s: 0.035, Loss w_fp: 0.007, Mask ratio: 0.984
[2024-07-20 18:12:30,279][    INFO] ***** Evaluation ***** >>>> Class [0 Right Ventricle] Dice: 84.21
[2024-07-20 18:12:30,279][    INFO] ***** Evaluation ***** >>>> Class [1 Myocardium] Dice: 79.32
[2024-07-20 18:12:30,280][    INFO] ***** Evaluation ***** >>>> Class [2 Left Ventricle] Dice: 92.34
[2024-07-20 18:12:30,280][    INFO] ***** Evaluation ***** >>>> MeanDice: 85.29

[2024-07-20 18:12:30,479][    INFO] ===========> Epoch: 110, LR: 0.00311, Previous best: 86.29
[2024-07-20 18:12:31,279][    INFO] Iters: 0, Total loss: 0.039, Loss x: 0.047, Loss s: 0.054, Loss w_fp: 0.010, Mask ratio: 0.980
[2024-07-20 18:12:39,375][    INFO] ***** Evaluation ***** >>>> Class [0 Right Ventricle] Dice: 83.28
[2024-07-20 18:12:39,376][    INFO] ***** Evaluation ***** >>>> Class [1 Myocardium] Dice: 80.18
[2024-07-20 18:12:39,376][    INFO] ***** Evaluation ***** >>>> Class [2 Left Ventricle] Dice: 91.57
[2024-07-20 18:12:39,376][    INFO] ***** Evaluation ***** >>>> MeanDice: 85.01

[2024-07-20 18:12:39,575][    INFO] ===========> Epoch: 111, LR: 0.00304, Previous best: 86.29
[2024-07-20 18:12:40,355][    INFO] Iters: 0, Total loss: 0.036, Loss x: 0.040, Loss s: 0.044, Loss w_fp: 0.018, Mask ratio: 0.980
[2024-07-20 18:12:47,828][    INFO] ***** Evaluation ***** >>>> Class [0 Right Ventricle] Dice: 84.99
[2024-07-20 18:12:47,829][    INFO] ***** Evaluation ***** >>>> Class [1 Myocardium] Dice: 80.45
[2024-07-20 18:12:47,829][    INFO] ***** Evaluation ***** >>>> Class [2 Left Ventricle] Dice: 92.41
[2024-07-20 18:12:47,829][    INFO] ***** Evaluation ***** >>>> MeanDice: 85.95

[2024-07-20 18:12:48,037][    INFO] ===========> Epoch: 112, LR: 0.00297, Previous best: 86.29
[2024-07-20 18:12:48,858][    INFO] Iters: 0, Total loss: 0.037, Loss x: 0.050, Loss s: 0.035, Loss w_fp: 0.014, Mask ratio: 0.981
[2024-07-20 18:13:04,999][    INFO] ***** Evaluation ***** >>>> Class [0 Right Ventricle] Dice: 84.35
[2024-07-20 18:13:04,999][    INFO] ***** Evaluation ***** >>>> Class [1 Myocardium] Dice: 80.62
[2024-07-20 18:13:05,000][    INFO] ***** Evaluation ***** >>>> Class [2 Left Ventricle] Dice: 92.27
[2024-07-20 18:13:05,000][    INFO] ***** Evaluation ***** >>>> MeanDice: 85.75

[2024-07-20 18:13:05,201][    INFO] ===========> Epoch: 113, LR: 0.00290, Previous best: 86.29
[2024-07-20 18:13:06,006][    INFO] Iters: 0, Total loss: 0.041, Loss x: 0.039, Loss s: 0.071, Loss w_fp: 0.017, Mask ratio: 0.978
[2024-07-20 18:13:14,657][    INFO] ***** Evaluation ***** >>>> Class [0 Right Ventricle] Dice: 83.96
[2024-07-20 18:13:14,658][    INFO] ***** Evaluation ***** >>>> Class [1 Myocardium] Dice: 81.41
[2024-07-20 18:13:14,658][    INFO] ***** Evaluation ***** >>>> Class [2 Left Ventricle] Dice: 92.69
[2024-07-20 18:13:14,658][    INFO] ***** Evaluation ***** >>>> MeanDice: 86.02

[2024-07-20 18:13:14,866][    INFO] ===========> Epoch: 114, LR: 0.00283, Previous best: 86.29
[2024-07-20 18:13:15,713][    INFO] Iters: 0, Total loss: 0.046, Loss x: 0.049, Loss s: 0.072, Loss w_fp: 0.014, Mask ratio: 0.981
[2024-07-20 18:13:23,420][    INFO] ***** Evaluation ***** >>>> Class [0 Right Ventricle] Dice: 83.28
[2024-07-20 18:13:23,421][    INFO] ***** Evaluation ***** >>>> Class [1 Myocardium] Dice: 80.10
[2024-07-20 18:13:23,421][    INFO] ***** Evaluation ***** >>>> Class [2 Left Ventricle] Dice: 91.92
[2024-07-20 18:13:23,422][    INFO] ***** Evaluation ***** >>>> MeanDice: 85.10

[2024-07-20 18:13:23,641][    INFO] ===========> Epoch: 115, LR: 0.00276, Previous best: 86.29
[2024-07-20 18:13:24,593][    INFO] Iters: 0, Total loss: 0.037, Loss x: 0.042, Loss s: 0.054, Loss w_fp: 0.009, Mask ratio: 0.980
[2024-07-20 18:13:32,616][    INFO] ***** Evaluation ***** >>>> Class [0 Right Ventricle] Dice: 83.49
[2024-07-20 18:13:32,616][    INFO] ***** Evaluation ***** >>>> Class [1 Myocardium] Dice: 79.38
[2024-07-20 18:13:32,616][    INFO] ***** Evaluation ***** >>>> Class [2 Left Ventricle] Dice: 92.86
[2024-07-20 18:13:32,616][    INFO] ***** Evaluation ***** >>>> MeanDice: 85.24

[2024-07-20 18:13:32,827][    INFO] ===========> Epoch: 116, LR: 0.00269, Previous best: 86.29
[2024-07-20 18:13:33,689][    INFO] Iters: 0, Total loss: 0.047, Loss x: 0.063, Loss s: 0.050, Loss w_fp: 0.011, Mask ratio: 0.983
[2024-07-20 18:13:41,968][    INFO] ***** Evaluation ***** >>>> Class [0 Right Ventricle] Dice: 83.92
[2024-07-20 18:13:41,968][    INFO] ***** Evaluation ***** >>>> Class [1 Myocardium] Dice: 81.32
[2024-07-20 18:13:41,968][    INFO] ***** Evaluation ***** >>>> Class [2 Left Ventricle] Dice: 92.80
[2024-07-20 18:13:41,968][    INFO] ***** Evaluation ***** >>>> MeanDice: 86.02

[2024-07-20 18:13:42,168][    INFO] ===========> Epoch: 117, LR: 0.00262, Previous best: 86.29
[2024-07-20 18:13:43,009][    INFO] Iters: 0, Total loss: 0.047, Loss x: 0.037, Loss s: 0.094, Loss w_fp: 0.017, Mask ratio: 0.977
[2024-07-20 18:13:50,704][    INFO] ***** Evaluation ***** >>>> Class [0 Right Ventricle] Dice: 84.56
[2024-07-20 18:13:50,704][    INFO] ***** Evaluation ***** >>>> Class [1 Myocardium] Dice: 81.53
[2024-07-20 18:13:50,704][    INFO] ***** Evaluation ***** >>>> Class [2 Left Ventricle] Dice: 92.90
[2024-07-20 18:13:50,704][    INFO] ***** Evaluation ***** >>>> MeanDice: 86.33

[2024-07-20 18:13:51,096][    INFO] ===========> Epoch: 118, LR: 0.00255, Previous best: 86.33
[2024-07-20 18:13:51,945][    INFO] Iters: 0, Total loss: 0.040, Loss x: 0.047, Loss s: 0.055, Loss w_fp: 0.008, Mask ratio: 0.979
[2024-07-20 18:13:59,745][    INFO] ***** Evaluation ***** >>>> Class [0 Right Ventricle] Dice: 84.44
[2024-07-20 18:13:59,745][    INFO] ***** Evaluation ***** >>>> Class [1 Myocardium] Dice: 80.70
[2024-07-20 18:13:59,745][    INFO] ***** Evaluation ***** >>>> Class [2 Left Ventricle] Dice: 93.18
[2024-07-20 18:13:59,745][    INFO] ***** Evaluation ***** >>>> MeanDice: 86.11

[2024-07-20 18:13:59,964][    INFO] ===========> Epoch: 119, LR: 0.00248, Previous best: 86.33
[2024-07-20 18:14:00,931][    INFO] Iters: 0, Total loss: 0.025, Loss x: 0.033, Loss s: 0.026, Loss w_fp: 0.006, Mask ratio: 0.982
[2024-07-20 18:14:09,272][    INFO] ***** Evaluation ***** >>>> Class [0 Right Ventricle] Dice: 82.80
[2024-07-20 18:14:09,272][    INFO] ***** Evaluation ***** >>>> Class [1 Myocardium] Dice: 80.30
[2024-07-20 18:14:09,272][    INFO] ***** Evaluation ***** >>>> Class [2 Left Ventricle] Dice: 92.07
[2024-07-20 18:14:09,272][    INFO] ***** Evaluation ***** >>>> MeanDice: 85.06

[2024-07-20 18:14:09,474][    INFO] ===========> Epoch: 120, LR: 0.00241, Previous best: 86.33
[2024-07-20 18:14:10,335][    INFO] Iters: 0, Total loss: 0.038, Loss x: 0.046, Loss s: 0.043, Loss w_fp: 0.018, Mask ratio: 0.981
[2024-07-20 18:14:18,279][    INFO] ***** Evaluation ***** >>>> Class [0 Right Ventricle] Dice: 83.55
[2024-07-20 18:14:18,279][    INFO] ***** Evaluation ***** >>>> Class [1 Myocardium] Dice: 80.92
[2024-07-20 18:14:18,279][    INFO] ***** Evaluation ***** >>>> Class [2 Left Ventricle] Dice: 93.47
[2024-07-20 18:14:18,279][    INFO] ***** Evaluation ***** >>>> MeanDice: 85.98

[2024-07-20 18:14:18,482][    INFO] ===========> Epoch: 121, LR: 0.00234, Previous best: 86.33
[2024-07-20 18:14:19,320][    INFO] Iters: 0, Total loss: 0.038, Loss x: 0.046, Loss s: 0.053, Loss w_fp: 0.008, Mask ratio: 0.981
[2024-07-20 18:14:27,630][    INFO] ***** Evaluation ***** >>>> Class [0 Right Ventricle] Dice: 83.77
[2024-07-20 18:14:27,630][    INFO] ***** Evaluation ***** >>>> Class [1 Myocardium] Dice: 81.23
[2024-07-20 18:14:27,630][    INFO] ***** Evaluation ***** >>>> Class [2 Left Ventricle] Dice: 92.57
[2024-07-20 18:14:27,630][    INFO] ***** Evaluation ***** >>>> MeanDice: 85.86

[2024-07-20 18:14:27,838][    INFO] ===========> Epoch: 122, LR: 0.00227, Previous best: 86.33
[2024-07-20 18:14:28,694][    INFO] Iters: 0, Total loss: 0.037, Loss x: 0.039, Loss s: 0.053, Loss w_fp: 0.015, Mask ratio: 0.979
[2024-07-20 18:14:36,334][    INFO] ***** Evaluation ***** >>>> Class [0 Right Ventricle] Dice: 82.58
[2024-07-20 18:14:36,335][    INFO] ***** Evaluation ***** >>>> Class [1 Myocardium] Dice: 80.95
[2024-07-20 18:14:36,335][    INFO] ***** Evaluation ***** >>>> Class [2 Left Ventricle] Dice: 92.24
[2024-07-20 18:14:36,335][    INFO] ***** Evaluation ***** >>>> MeanDice: 85.26

[2024-07-20 18:14:36,533][    INFO] ===========> Epoch: 123, LR: 0.00220, Previous best: 86.33
[2024-07-20 18:14:37,444][    INFO] Iters: 0, Total loss: 0.038, Loss x: 0.039, Loss s: 0.064, Loss w_fp: 0.008, Mask ratio: 0.979
[2024-07-20 18:14:44,958][    INFO] ***** Evaluation ***** >>>> Class [0 Right Ventricle] Dice: 83.51
[2024-07-20 18:14:44,958][    INFO] ***** Evaluation ***** >>>> Class [1 Myocardium] Dice: 81.09
[2024-07-20 18:14:44,958][    INFO] ***** Evaluation ***** >>>> Class [2 Left Ventricle] Dice: 92.70
[2024-07-20 18:14:44,958][    INFO] ***** Evaluation ***** >>>> MeanDice: 85.77

[2024-07-20 18:14:45,157][    INFO] ===========> Epoch: 124, LR: 0.00213, Previous best: 86.33
[2024-07-20 18:14:46,031][    INFO] Iters: 0, Total loss: 0.035, Loss x: 0.045, Loss s: 0.039, Loss w_fp: 0.010, Mask ratio: 0.979
[2024-07-20 18:14:53,765][    INFO] ***** Evaluation ***** >>>> Class [0 Right Ventricle] Dice: 83.82
[2024-07-20 18:14:53,765][    INFO] ***** Evaluation ***** >>>> Class [1 Myocardium] Dice: 80.16
[2024-07-20 18:14:53,766][    INFO] ***** Evaluation ***** >>>> Class [2 Left Ventricle] Dice: 92.60
[2024-07-20 18:14:53,766][    INFO] ***** Evaluation ***** >>>> MeanDice: 85.53

[2024-07-20 18:14:53,964][    INFO] ===========> Epoch: 125, LR: 0.00206, Previous best: 86.33
[2024-07-20 18:14:54,815][    INFO] Iters: 0, Total loss: 0.030, Loss x: 0.034, Loss s: 0.041, Loss w_fp: 0.010, Mask ratio: 0.984
[2024-07-20 18:15:02,545][    INFO] ***** Evaluation ***** >>>> Class [0 Right Ventricle] Dice: 84.48
[2024-07-20 18:15:02,545][    INFO] ***** Evaluation ***** >>>> Class [1 Myocardium] Dice: 81.76
[2024-07-20 18:15:02,545][    INFO] ***** Evaluation ***** >>>> Class [2 Left Ventricle] Dice: 93.08
[2024-07-20 18:15:02,545][    INFO] ***** Evaluation ***** >>>> MeanDice: 86.44

[2024-07-20 18:15:02,936][    INFO] ===========> Epoch: 126, LR: 0.00199, Previous best: 86.44
[2024-07-20 18:15:03,764][    INFO] Iters: 0, Total loss: 0.032, Loss x: 0.038, Loss s: 0.039, Loss w_fp: 0.011, Mask ratio: 0.983
[2024-07-20 18:15:11,939][    INFO] ***** Evaluation ***** >>>> Class [0 Right Ventricle] Dice: 83.72
[2024-07-20 18:15:11,939][    INFO] ***** Evaluation ***** >>>> Class [1 Myocardium] Dice: 81.27
[2024-07-20 18:15:11,939][    INFO] ***** Evaluation ***** >>>> Class [2 Left Ventricle] Dice: 92.73
[2024-07-20 18:15:11,939][    INFO] ***** Evaluation ***** >>>> MeanDice: 85.91

[2024-07-20 18:15:12,140][    INFO] ===========> Epoch: 127, LR: 0.00192, Previous best: 86.44
[2024-07-20 18:15:12,988][    INFO] Iters: 0, Total loss: 0.033, Loss x: 0.040, Loss s: 0.038, Loss w_fp: 0.015, Mask ratio: 0.981
[2024-07-20 18:15:20,662][    INFO] ***** Evaluation ***** >>>> Class [0 Right Ventricle] Dice: 83.41
[2024-07-20 18:15:20,662][    INFO] ***** Evaluation ***** >>>> Class [1 Myocardium] Dice: 80.41
[2024-07-20 18:15:20,662][    INFO] ***** Evaluation ***** >>>> Class [2 Left Ventricle] Dice: 92.55
[2024-07-20 18:15:20,662][    INFO] ***** Evaluation ***** >>>> MeanDice: 85.46

[2024-07-20 18:15:20,863][    INFO] ===========> Epoch: 128, LR: 0.00184, Previous best: 86.44
[2024-07-20 18:15:21,754][    INFO] Iters: 0, Total loss: 0.041, Loss x: 0.053, Loss s: 0.048, Loss w_fp: 0.009, Mask ratio: 0.980
[2024-07-20 18:15:29,427][    INFO] ***** Evaluation ***** >>>> Class [0 Right Ventricle] Dice: 83.90
[2024-07-20 18:15:29,427][    INFO] ***** Evaluation ***** >>>> Class [1 Myocardium] Dice: 80.20
[2024-07-20 18:15:29,427][    INFO] ***** Evaluation ***** >>>> Class [2 Left Ventricle] Dice: 92.98
[2024-07-20 18:15:29,427][    INFO] ***** Evaluation ***** >>>> MeanDice: 85.69

[2024-07-20 18:15:29,625][    INFO] ===========> Epoch: 129, LR: 0.00177, Previous best: 86.44
[2024-07-20 18:15:30,473][    INFO] Iters: 0, Total loss: 0.041, Loss x: 0.044, Loss s: 0.066, Loss w_fp: 0.010, Mask ratio: 0.983
[2024-07-20 18:15:38,207][    INFO] ***** Evaluation ***** >>>> Class [0 Right Ventricle] Dice: 83.94
[2024-07-20 18:15:38,208][    INFO] ***** Evaluation ***** >>>> Class [1 Myocardium] Dice: 81.43
[2024-07-20 18:15:38,208][    INFO] ***** Evaluation ***** >>>> Class [2 Left Ventricle] Dice: 92.60
[2024-07-20 18:15:38,208][    INFO] ***** Evaluation ***** >>>> MeanDice: 85.99

[2024-07-20 18:15:38,408][    INFO] ===========> Epoch: 130, LR: 0.00170, Previous best: 86.44
[2024-07-20 18:15:39,251][    INFO] Iters: 0, Total loss: 0.035, Loss x: 0.043, Loss s: 0.044, Loss w_fp: 0.011, Mask ratio: 0.981
[2024-07-20 18:15:47,540][    INFO] ***** Evaluation ***** >>>> Class [0 Right Ventricle] Dice: 83.69
[2024-07-20 18:15:47,540][    INFO] ***** Evaluation ***** >>>> Class [1 Myocardium] Dice: 80.72
[2024-07-20 18:15:47,540][    INFO] ***** Evaluation ***** >>>> Class [2 Left Ventricle] Dice: 92.55
[2024-07-20 18:15:47,540][    INFO] ***** Evaluation ***** >>>> MeanDice: 85.65

[2024-07-20 18:15:47,737][    INFO] ===========> Epoch: 131, LR: 0.00163, Previous best: 86.44
[2024-07-20 18:15:48,578][    INFO] Iters: 0, Total loss: 0.052, Loss x: 0.044, Loss s: 0.109, Loss w_fp: 0.012, Mask ratio: 0.983
[2024-07-20 18:15:56,942][    INFO] ***** Evaluation ***** >>>> Class [0 Right Ventricle] Dice: 84.42
[2024-07-20 18:15:56,942][    INFO] ***** Evaluation ***** >>>> Class [1 Myocardium] Dice: 80.35
[2024-07-20 18:15:56,942][    INFO] ***** Evaluation ***** >>>> Class [2 Left Ventricle] Dice: 92.72
[2024-07-20 18:15:56,942][    INFO] ***** Evaluation ***** >>>> MeanDice: 85.83

[2024-07-20 18:15:57,111][    INFO] ===========> Epoch: 132, LR: 0.00155, Previous best: 86.44
[2024-07-20 18:15:57,983][    INFO] Iters: 0, Total loss: 0.040, Loss x: 0.041, Loss s: 0.067, Loss w_fp: 0.014, Mask ratio: 0.981
[2024-07-20 18:16:06,108][    INFO] ***** Evaluation ***** >>>> Class [0 Right Ventricle] Dice: 84.11
[2024-07-20 18:16:06,108][    INFO] ***** Evaluation ***** >>>> Class [1 Myocardium] Dice: 80.53
[2024-07-20 18:16:06,108][    INFO] ***** Evaluation ***** >>>> Class [2 Left Ventricle] Dice: 92.52
[2024-07-20 18:16:06,108][    INFO] ***** Evaluation ***** >>>> MeanDice: 85.72

[2024-07-20 18:16:06,308][    INFO] ===========> Epoch: 133, LR: 0.00148, Previous best: 86.44
[2024-07-20 18:16:07,148][    INFO] Iters: 0, Total loss: 0.035, Loss x: 0.038, Loss s: 0.057, Loss w_fp: 0.010, Mask ratio: 0.978
[2024-07-20 18:16:14,890][    INFO] ***** Evaluation ***** >>>> Class [0 Right Ventricle] Dice: 84.41
[2024-07-20 18:16:14,890][    INFO] ***** Evaluation ***** >>>> Class [1 Myocardium] Dice: 81.17
[2024-07-20 18:16:14,890][    INFO] ***** Evaluation ***** >>>> Class [2 Left Ventricle] Dice: 92.95
[2024-07-20 18:16:14,890][    INFO] ***** Evaluation ***** >>>> MeanDice: 86.18

[2024-07-20 18:16:15,090][    INFO] ===========> Epoch: 134, LR: 0.00140, Previous best: 86.44
[2024-07-20 18:16:15,984][    INFO] Iters: 0, Total loss: 0.031, Loss x: 0.043, Loss s: 0.028, Loss w_fp: 0.008, Mask ratio: 0.981
[2024-07-20 18:16:23,996][    INFO] ***** Evaluation ***** >>>> Class [0 Right Ventricle] Dice: 83.74
[2024-07-20 18:16:23,997][    INFO] ***** Evaluation ***** >>>> Class [1 Myocardium] Dice: 81.49
[2024-07-20 18:16:23,997][    INFO] ***** Evaluation ***** >>>> Class [2 Left Ventricle] Dice: 92.78
[2024-07-20 18:16:23,997][    INFO] ***** Evaluation ***** >>>> MeanDice: 86.00

[2024-07-20 18:16:24,196][    INFO] ===========> Epoch: 135, LR: 0.00133, Previous best: 86.44
[2024-07-20 18:16:25,057][    INFO] Iters: 0, Total loss: 0.030, Loss x: 0.043, Loss s: 0.022, Loss w_fp: 0.012, Mask ratio: 0.983
[2024-07-20 18:16:33,158][    INFO] ***** Evaluation ***** >>>> Class [0 Right Ventricle] Dice: 83.74
[2024-07-20 18:16:33,158][    INFO] ***** Evaluation ***** >>>> Class [1 Myocardium] Dice: 81.22
[2024-07-20 18:16:33,158][    INFO] ***** Evaluation ***** >>>> Class [2 Left Ventricle] Dice: 92.79
[2024-07-20 18:16:33,158][    INFO] ***** Evaluation ***** >>>> MeanDice: 85.92

[2024-07-20 18:16:33,356][    INFO] ===========> Epoch: 136, LR: 0.00125, Previous best: 86.44
[2024-07-20 18:16:34,217][    INFO] Iters: 0, Total loss: 0.038, Loss x: 0.033, Loss s: 0.069, Loss w_fp: 0.015, Mask ratio: 0.980
[2024-07-20 18:16:42,421][    INFO] ***** Evaluation ***** >>>> Class [0 Right Ventricle] Dice: 83.89
[2024-07-20 18:16:42,421][    INFO] ***** Evaluation ***** >>>> Class [1 Myocardium] Dice: 81.02
[2024-07-20 18:16:42,421][    INFO] ***** Evaluation ***** >>>> Class [2 Left Ventricle] Dice: 92.89
[2024-07-20 18:16:42,422][    INFO] ***** Evaluation ***** >>>> MeanDice: 85.93

[2024-07-20 18:16:42,613][    INFO] ===========> Epoch: 137, LR: 0.00118, Previous best: 86.44
[2024-07-20 18:16:43,472][    INFO] Iters: 0, Total loss: 0.036, Loss x: 0.039, Loss s: 0.061, Loss w_fp: 0.005, Mask ratio: 0.981
[2024-07-20 18:16:51,595][    INFO] ***** Evaluation ***** >>>> Class [0 Right Ventricle] Dice: 83.78
[2024-07-20 18:16:51,596][    INFO] ***** Evaluation ***** >>>> Class [1 Myocardium] Dice: 80.86
[2024-07-20 18:16:51,596][    INFO] ***** Evaluation ***** >>>> Class [2 Left Ventricle] Dice: 92.75
[2024-07-20 18:16:51,596][    INFO] ***** Evaluation ***** >>>> MeanDice: 85.80

[2024-07-20 18:16:51,797][    INFO] ===========> Epoch: 138, LR: 0.00110, Previous best: 86.44
[2024-07-20 18:16:52,677][    INFO] Iters: 0, Total loss: 0.031, Loss x: 0.034, Loss s: 0.044, Loss w_fp: 0.011, Mask ratio: 0.984
[2024-07-20 18:17:00,316][    INFO] ***** Evaluation ***** >>>> Class [0 Right Ventricle] Dice: 83.76
[2024-07-20 18:17:00,316][    INFO] ***** Evaluation ***** >>>> Class [1 Myocardium] Dice: 80.72
[2024-07-20 18:17:00,316][    INFO] ***** Evaluation ***** >>>> Class [2 Left Ventricle] Dice: 92.68
[2024-07-20 18:17:00,316][    INFO] ***** Evaluation ***** >>>> MeanDice: 85.72

[2024-07-20 18:17:00,516][    INFO] ===========> Epoch: 139, LR: 0.00102, Previous best: 86.44
[2024-07-20 18:17:01,399][    INFO] Iters: 0, Total loss: 0.031, Loss x: 0.037, Loss s: 0.039, Loss w_fp: 0.010, Mask ratio: 0.982
[2024-07-20 18:17:09,239][    INFO] ***** Evaluation ***** >>>> Class [0 Right Ventricle] Dice: 84.52
[2024-07-20 18:17:09,239][    INFO] ***** Evaluation ***** >>>> Class [1 Myocardium] Dice: 81.58
[2024-07-20 18:17:09,239][    INFO] ***** Evaluation ***** >>>> Class [2 Left Ventricle] Dice: 93.09
[2024-07-20 18:17:09,239][    INFO] ***** Evaluation ***** >>>> MeanDice: 86.40

[2024-07-20 18:17:09,437][    INFO] ===========> Epoch: 140, LR: 0.00095, Previous best: 86.44
[2024-07-20 18:17:10,289][    INFO] Iters: 0, Total loss: 0.033, Loss x: 0.040, Loss s: 0.041, Loss w_fp: 0.009, Mask ratio: 0.984
[2024-07-20 18:17:18,079][    INFO] ***** Evaluation ***** >>>> Class [0 Right Ventricle] Dice: 84.58
[2024-07-20 18:17:18,079][    INFO] ***** Evaluation ***** >>>> Class [1 Myocardium] Dice: 81.27
[2024-07-20 18:17:18,079][    INFO] ***** Evaluation ***** >>>> Class [2 Left Ventricle] Dice: 93.17
[2024-07-20 18:17:18,079][    INFO] ***** Evaluation ***** >>>> MeanDice: 86.34

[2024-07-20 18:17:18,278][    INFO] ===========> Epoch: 141, LR: 0.00087, Previous best: 86.44
[2024-07-20 18:17:19,188][    INFO] Iters: 0, Total loss: 0.030, Loss x: 0.045, Loss s: 0.021, Loss w_fp: 0.008, Mask ratio: 0.982
[2024-07-20 18:17:26,968][    INFO] ***** Evaluation ***** >>>> Class [0 Right Ventricle] Dice: 84.63
[2024-07-20 18:17:26,969][    INFO] ***** Evaluation ***** >>>> Class [1 Myocardium] Dice: 80.94
[2024-07-20 18:17:26,969][    INFO] ***** Evaluation ***** >>>> Class [2 Left Ventricle] Dice: 93.03
[2024-07-20 18:17:26,969][    INFO] ***** Evaluation ***** >>>> MeanDice: 86.20

[2024-07-20 18:17:27,169][    INFO] ===========> Epoch: 142, LR: 0.00079, Previous best: 86.44
[2024-07-20 18:17:28,044][    INFO] Iters: 0, Total loss: 0.038, Loss x: 0.056, Loss s: 0.037, Loss w_fp: 0.006, Mask ratio: 0.984
[2024-07-20 18:17:35,977][    INFO] ***** Evaluation ***** >>>> Class [0 Right Ventricle] Dice: 84.29
[2024-07-20 18:17:35,978][    INFO] ***** Evaluation ***** >>>> Class [1 Myocardium] Dice: 81.27
[2024-07-20 18:17:35,978][    INFO] ***** Evaluation ***** >>>> Class [2 Left Ventricle] Dice: 93.09
[2024-07-20 18:17:35,978][    INFO] ***** Evaluation ***** >>>> MeanDice: 86.22

[2024-07-20 18:17:36,169][    INFO] ===========> Epoch: 143, LR: 0.00071, Previous best: 86.44
[2024-07-20 18:17:37,051][    INFO] Iters: 0, Total loss: 0.036, Loss x: 0.047, Loss s: 0.040, Loss w_fp: 0.009, Mask ratio: 0.980
[2024-07-20 18:17:44,886][    INFO] ***** Evaluation ***** >>>> Class [0 Right Ventricle] Dice: 83.83
[2024-07-20 18:17:44,886][    INFO] ***** Evaluation ***** >>>> Class [1 Myocardium] Dice: 81.02
[2024-07-20 18:17:44,887][    INFO] ***** Evaluation ***** >>>> Class [2 Left Ventricle] Dice: 92.80
[2024-07-20 18:17:44,887][    INFO] ***** Evaluation ***** >>>> MeanDice: 85.89

[2024-07-20 18:17:45,085][    INFO] ===========> Epoch: 144, LR: 0.00063, Previous best: 86.44
[2024-07-20 18:17:45,890][    INFO] Iters: 0, Total loss: 0.039, Loss x: 0.041, Loss s: 0.062, Loss w_fp: 0.013, Mask ratio: 0.983
[2024-07-20 18:17:53,945][    INFO] ***** Evaluation ***** >>>> Class [0 Right Ventricle] Dice: 84.25
[2024-07-20 18:17:53,945][    INFO] ***** Evaluation ***** >>>> Class [1 Myocardium] Dice: 81.50
[2024-07-20 18:17:53,945][    INFO] ***** Evaluation ***** >>>> Class [2 Left Ventricle] Dice: 93.11
[2024-07-20 18:17:53,945][    INFO] ***** Evaluation ***** >>>> MeanDice: 86.29

[2024-07-20 18:17:54,144][    INFO] ===========> Epoch: 145, LR: 0.00055, Previous best: 86.44
[2024-07-20 18:17:54,978][    INFO] Iters: 0, Total loss: 0.048, Loss x: 0.064, Loss s: 0.052, Loss w_fp: 0.012, Mask ratio: 0.981
[2024-07-20 18:18:03,438][    INFO] ***** Evaluation ***** >>>> Class [0 Right Ventricle] Dice: 84.08
[2024-07-20 18:18:03,439][    INFO] ***** Evaluation ***** >>>> Class [1 Myocardium] Dice: 81.67
[2024-07-20 18:18:03,439][    INFO] ***** Evaluation ***** >>>> Class [2 Left Ventricle] Dice: 93.11
[2024-07-20 18:18:03,439][    INFO] ***** Evaluation ***** >>>> MeanDice: 86.29

[2024-07-20 18:18:03,635][    INFO] ===========> Epoch: 146, LR: 0.00046, Previous best: 86.44
[2024-07-20 18:18:04,474][    INFO] Iters: 0, Total loss: 0.040, Loss x: 0.054, Loss s: 0.037, Loss w_fp: 0.014, Mask ratio: 0.983
[2024-07-20 18:18:15,294][    INFO] ***** Evaluation ***** >>>> Class [0 Right Ventricle] Dice: 84.28
[2024-07-20 18:18:15,294][    INFO] ***** Evaluation ***** >>>> Class [1 Myocardium] Dice: 81.61
[2024-07-20 18:18:15,294][    INFO] ***** Evaluation ***** >>>> Class [2 Left Ventricle] Dice: 93.19
[2024-07-20 18:18:15,294][    INFO] ***** Evaluation ***** >>>> MeanDice: 86.36

[2024-07-20 18:18:15,490][    INFO] ===========> Epoch: 147, LR: 0.00038, Previous best: 86.44
[2024-07-20 18:18:16,355][    INFO] Iters: 0, Total loss: 0.037, Loss x: 0.048, Loss s: 0.045, Loss w_fp: 0.006, Mask ratio: 0.982
[2024-07-20 18:18:24,077][    INFO] ***** Evaluation ***** >>>> Class [0 Right Ventricle] Dice: 84.56
[2024-07-20 18:18:24,077][    INFO] ***** Evaluation ***** >>>> Class [1 Myocardium] Dice: 81.55
[2024-07-20 18:18:24,077][    INFO] ***** Evaluation ***** >>>> Class [2 Left Ventricle] Dice: 93.22
[2024-07-20 18:18:24,077][    INFO] ***** Evaluation ***** >>>> MeanDice: 86.44

[2024-07-20 18:18:24,468][    INFO] ===========> Epoch: 148, LR: 0.00029, Previous best: 86.44
[2024-07-20 18:18:25,355][    INFO] Iters: 0, Total loss: 0.039, Loss x: 0.035, Loss s: 0.072, Loss w_fp: 0.017, Mask ratio: 0.980
[2024-07-20 18:18:33,268][    INFO] ***** Evaluation ***** >>>> Class [0 Right Ventricle] Dice: 84.53
[2024-07-20 18:18:33,268][    INFO] ***** Evaluation ***** >>>> Class [1 Myocardium] Dice: 81.39
[2024-07-20 18:18:33,268][    INFO] ***** Evaluation ***** >>>> Class [2 Left Ventricle] Dice: 93.16
[2024-07-20 18:18:33,268][    INFO] ***** Evaluation ***** >>>> MeanDice: 86.36

[2024-07-20 18:18:33,464][    INFO] ===========> Epoch: 149, LR: 0.00020, Previous best: 86.44
[2024-07-20 18:18:34,317][    INFO] Iters: 0, Total loss: 0.029, Loss x: 0.037, Loss s: 0.035, Loss w_fp: 0.008, Mask ratio: 0.981
[2024-07-20 18:18:42,354][    INFO] ***** Evaluation ***** >>>> Class [0 Right Ventricle] Dice: 84.75
[2024-07-20 18:18:42,354][    INFO] ***** Evaluation ***** >>>> Class [1 Myocardium] Dice: 81.51
[2024-07-20 18:18:42,354][    INFO] ***** Evaluation ***** >>>> Class [2 Left Ventricle] Dice: 93.19
[2024-07-20 18:18:42,355][    INFO] ***** Evaluation ***** >>>> MeanDice: 86.48

