/var/lib/slurm-llnl/slurmd/job15562/slurm_script: line 12: module: command not found
/var/lib/slurm-llnl/slurmd/job15562/slurm_script: line 13: activate: No such file or directory

CondaError: Run 'conda init' before 'conda deactivate'


CondaError: Run 'conda init' before 'conda activate'

[2024-07-20 18:07:08,788][    INFO] {'batch_size': 12,
 'conf_thresh': 0.95,
 'crop_size': 256,
 'data_root': '/vol/aimspace/projects/ukbb/data/cardiac/cardiac_segmentations/subjects',
 'dataset': 'ukbb',
 'epochs': 150,
 'exp': '4',
 'local_rank': 0,
 'lr': 0.01,
 'mode': 'train',
 'nclass': 4,
 'nclass_classif': 3,
 'ngpus': 1,
 'num_workers': 1,
 'port': 8079,
 'seed': '79',
 'seg_model': 'unet',
 'split': 18,
 'task': 'seg_only_mid_slices',
 'visualize': False}

[2024-07-20 18:07:08,842][    INFO] Total params: 1.8M

[2024-07-20 18:07:10,206][    INFO] ************ Load from checkpoint at epoch 99

[2024-07-20 18:07:10,206][    INFO] ===========> Epoch: 100, LR: 0.00015, Previous best: 87.61
[2024-07-20 18:07:14,462][    INFO] Iters: 0, Total loss: 0.029, Loss x: 0.039, Loss s: 0.035, Loss w_fp: 0.005, Mask ratio: 0.979
[2024-07-20 18:07:22,003][    INFO] ***** Evaluation ***** >>>> Class [0 Right Ventricle] Dice: 82.94
[2024-07-20 18:07:22,004][    INFO] ***** Evaluation ***** >>>> Class [1 Myocardium] Dice: 85.22
[2024-07-20 18:07:22,004][    INFO] ***** Evaluation ***** >>>> Class [2 Left Ventricle] Dice: 94.23
[2024-07-20 18:07:22,004][    INFO] ***** Evaluation ***** >>>> MeanDice: 87.46

[2024-07-20 18:07:22,206][    INFO] ===========> Epoch: 101, LR: 0.00371, Previous best: 87.61
[2024-07-20 18:07:22,962][    INFO] Iters: 0, Total loss: 0.029, Loss x: 0.037, Loss s: 0.035, Loss w_fp: 0.009, Mask ratio: 0.982
[2024-07-20 18:07:30,643][    INFO] ***** Evaluation ***** >>>> Class [0 Right Ventricle] Dice: 83.06
[2024-07-20 18:07:30,643][    INFO] ***** Evaluation ***** >>>> Class [1 Myocardium] Dice: 85.16
[2024-07-20 18:07:30,643][    INFO] ***** Evaluation ***** >>>> Class [2 Left Ventricle] Dice: 94.81
[2024-07-20 18:07:30,643][    INFO] ***** Evaluation ***** >>>> MeanDice: 87.67

[2024-07-20 18:07:31,049][    INFO] ===========> Epoch: 102, LR: 0.00365, Previous best: 87.67
[2024-07-20 18:07:31,800][    INFO] Iters: 0, Total loss: 0.034, Loss x: 0.040, Loss s: 0.049, Loss w_fp: 0.007, Mask ratio: 0.976
[2024-07-20 18:07:40,270][    INFO] ***** Evaluation ***** >>>> Class [0 Right Ventricle] Dice: 82.08
[2024-07-20 18:07:40,270][    INFO] ***** Evaluation ***** >>>> Class [1 Myocardium] Dice: 84.38
[2024-07-20 18:07:40,270][    INFO] ***** Evaluation ***** >>>> Class [2 Left Ventricle] Dice: 93.72
[2024-07-20 18:07:40,271][    INFO] ***** Evaluation ***** >>>> MeanDice: 86.73

[2024-07-20 18:07:40,472][    INFO] ===========> Epoch: 103, LR: 0.00358, Previous best: 87.67
[2024-07-20 18:07:41,263][    INFO] Iters: 0, Total loss: 0.029, Loss x: 0.039, Loss s: 0.032, Loss w_fp: 0.008, Mask ratio: 0.982
[2024-07-20 18:07:50,506][    INFO] ***** Evaluation ***** >>>> Class [0 Right Ventricle] Dice: 83.21
[2024-07-20 18:07:50,506][    INFO] ***** Evaluation ***** >>>> Class [1 Myocardium] Dice: 85.24
[2024-07-20 18:07:50,506][    INFO] ***** Evaluation ***** >>>> Class [2 Left Ventricle] Dice: 94.50
[2024-07-20 18:07:50,506][    INFO] ***** Evaluation ***** >>>> MeanDice: 87.65

[2024-07-20 18:07:50,714][    INFO] ===========> Epoch: 104, LR: 0.00351, Previous best: 87.67
[2024-07-20 18:07:51,489][    INFO] Iters: 0, Total loss: 0.028, Loss x: 0.034, Loss s: 0.037, Loss w_fp: 0.008, Mask ratio: 0.979
[2024-07-20 18:07:59,396][    INFO] ***** Evaluation ***** >>>> Class [0 Right Ventricle] Dice: 83.85
[2024-07-20 18:07:59,397][    INFO] ***** Evaluation ***** >>>> Class [1 Myocardium] Dice: 85.00
[2024-07-20 18:07:59,397][    INFO] ***** Evaluation ***** >>>> Class [2 Left Ventricle] Dice: 94.33
[2024-07-20 18:07:59,397][    INFO] ***** Evaluation ***** >>>> MeanDice: 87.73

[2024-07-20 18:07:59,790][    INFO] ===========> Epoch: 105, LR: 0.00345, Previous best: 87.73
[2024-07-20 18:08:00,821][    INFO] Iters: 0, Total loss: 0.027, Loss x: 0.033, Loss s: 0.026, Loss w_fp: 0.017, Mask ratio: 0.980
[2024-07-20 18:08:09,882][    INFO] ***** Evaluation ***** >>>> Class [0 Right Ventricle] Dice: 83.56
[2024-07-20 18:08:09,883][    INFO] ***** Evaluation ***** >>>> Class [1 Myocardium] Dice: 84.89
[2024-07-20 18:08:09,883][    INFO] ***** Evaluation ***** >>>> Class [2 Left Ventricle] Dice: 94.63
[2024-07-20 18:08:09,883][    INFO] ***** Evaluation ***** >>>> MeanDice: 87.69

[2024-07-20 18:08:10,086][    INFO] ===========> Epoch: 106, LR: 0.00338, Previous best: 87.73
[2024-07-20 18:08:10,854][    INFO] Iters: 0, Total loss: 0.045, Loss x: 0.058, Loss s: 0.058, Loss w_fp: 0.007, Mask ratio: 0.980
[2024-07-20 18:08:18,556][    INFO] ***** Evaluation ***** >>>> Class [0 Right Ventricle] Dice: 83.69
[2024-07-20 18:08:18,557][    INFO] ***** Evaluation ***** >>>> Class [1 Myocardium] Dice: 85.20
[2024-07-20 18:08:18,557][    INFO] ***** Evaluation ***** >>>> Class [2 Left Ventricle] Dice: 94.67
[2024-07-20 18:08:18,557][    INFO] ***** Evaluation ***** >>>> MeanDice: 87.85

[2024-07-20 18:08:18,946][    INFO] ===========> Epoch: 107, LR: 0.00331, Previous best: 87.85
[2024-07-20 18:08:19,754][    INFO] Iters: 0, Total loss: 0.031, Loss x: 0.034, Loss s: 0.049, Loss w_fp: 0.009, Mask ratio: 0.980
[2024-07-20 18:08:27,431][    INFO] ***** Evaluation ***** >>>> Class [0 Right Ventricle] Dice: 83.22
[2024-07-20 18:08:27,431][    INFO] ***** Evaluation ***** >>>> Class [1 Myocardium] Dice: 84.62
[2024-07-20 18:08:27,431][    INFO] ***** Evaluation ***** >>>> Class [2 Left Ventricle] Dice: 94.54
[2024-07-20 18:08:27,431][    INFO] ***** Evaluation ***** >>>> MeanDice: 87.46

[2024-07-20 18:08:27,631][    INFO] ===========> Epoch: 108, LR: 0.00324, Previous best: 87.85
[2024-07-20 18:08:28,548][    INFO] Iters: 0, Total loss: 0.048, Loss x: 0.053, Loss s: 0.075, Loss w_fp: 0.012, Mask ratio: 0.982
[2024-07-20 18:08:36,788][    INFO] ***** Evaluation ***** >>>> Class [0 Right Ventricle] Dice: 83.74
[2024-07-20 18:08:36,788][    INFO] ***** Evaluation ***** >>>> Class [1 Myocardium] Dice: 85.60
[2024-07-20 18:08:36,788][    INFO] ***** Evaluation ***** >>>> Class [2 Left Ventricle] Dice: 94.76
[2024-07-20 18:08:36,788][    INFO] ***** Evaluation ***** >>>> MeanDice: 88.03

[2024-07-20 18:08:37,179][    INFO] ===========> Epoch: 109, LR: 0.00317, Previous best: 88.03
[2024-07-20 18:08:38,182][    INFO] Iters: 0, Total loss: 0.032, Loss x: 0.040, Loss s: 0.044, Loss w_fp: 0.007, Mask ratio: 0.983
[2024-07-20 18:08:46,016][    INFO] ***** Evaluation ***** >>>> Class [0 Right Ventricle] Dice: 82.99
[2024-07-20 18:08:46,017][    INFO] ***** Evaluation ***** >>>> Class [1 Myocardium] Dice: 83.89
[2024-07-20 18:08:46,017][    INFO] ***** Evaluation ***** >>>> Class [2 Left Ventricle] Dice: 93.22
[2024-07-20 18:08:46,017][    INFO] ***** Evaluation ***** >>>> MeanDice: 86.70

[2024-07-20 18:08:46,214][    INFO] ===========> Epoch: 110, LR: 0.00311, Previous best: 88.03
[2024-07-20 18:08:46,959][    INFO] Iters: 0, Total loss: 0.032, Loss x: 0.039, Loss s: 0.044, Loss w_fp: 0.007, Mask ratio: 0.981
[2024-07-20 18:08:55,319][    INFO] ***** Evaluation ***** >>>> Class [0 Right Ventricle] Dice: 82.85
[2024-07-20 18:08:55,319][    INFO] ***** Evaluation ***** >>>> Class [1 Myocardium] Dice: 85.63
[2024-07-20 18:08:55,319][    INFO] ***** Evaluation ***** >>>> Class [2 Left Ventricle] Dice: 94.49
[2024-07-20 18:08:55,319][    INFO] ***** Evaluation ***** >>>> MeanDice: 87.66

[2024-07-20 18:08:55,520][    INFO] ===========> Epoch: 111, LR: 0.00304, Previous best: 88.03
[2024-07-20 18:08:56,285][    INFO] Iters: 0, Total loss: 0.032, Loss x: 0.037, Loss s: 0.039, Loss w_fp: 0.014, Mask ratio: 0.980
[2024-07-20 18:09:04,446][    INFO] ***** Evaluation ***** >>>> Class [0 Right Ventricle] Dice: 83.19
[2024-07-20 18:09:04,446][    INFO] ***** Evaluation ***** >>>> Class [1 Myocardium] Dice: 85.26
[2024-07-20 18:09:04,446][    INFO] ***** Evaluation ***** >>>> Class [2 Left Ventricle] Dice: 94.10
[2024-07-20 18:09:04,446][    INFO] ***** Evaluation ***** >>>> MeanDice: 87.52

[2024-07-20 18:09:04,656][    INFO] ===========> Epoch: 112, LR: 0.00297, Previous best: 88.03
[2024-07-20 18:09:05,538][    INFO] Iters: 0, Total loss: 0.032, Loss x: 0.039, Loss s: 0.047, Loss w_fp: 0.005, Mask ratio: 0.983
[2024-07-20 18:09:18,385][    INFO] ***** Evaluation ***** >>>> Class [0 Right Ventricle] Dice: 82.74
[2024-07-20 18:09:18,385][    INFO] ***** Evaluation ***** >>>> Class [1 Myocardium] Dice: 85.33
[2024-07-20 18:09:18,385][    INFO] ***** Evaluation ***** >>>> Class [2 Left Ventricle] Dice: 94.43
[2024-07-20 18:09:18,386][    INFO] ***** Evaluation ***** >>>> MeanDice: 87.50

[2024-07-20 18:09:18,583][    INFO] ===========> Epoch: 113, LR: 0.00290, Previous best: 88.03
[2024-07-20 18:09:19,327][    INFO] Iters: 0, Total loss: 0.037, Loss x: 0.048, Loss s: 0.047, Loss w_fp: 0.007, Mask ratio: 0.981
[2024-07-20 18:09:28,450][    INFO] ***** Evaluation ***** >>>> Class [0 Right Ventricle] Dice: 82.66
[2024-07-20 18:09:28,450][    INFO] ***** Evaluation ***** >>>> Class [1 Myocardium] Dice: 85.80
[2024-07-20 18:09:28,450][    INFO] ***** Evaluation ***** >>>> Class [2 Left Ventricle] Dice: 94.76
[2024-07-20 18:09:28,451][    INFO] ***** Evaluation ***** >>>> MeanDice: 87.74

[2024-07-20 18:09:28,650][    INFO] ===========> Epoch: 114, LR: 0.00283, Previous best: 88.03
[2024-07-20 18:09:29,433][    INFO] Iters: 0, Total loss: 0.038, Loss x: 0.047, Loss s: 0.048, Loss w_fp: 0.010, Mask ratio: 0.978
[2024-07-20 18:09:37,498][    INFO] ***** Evaluation ***** >>>> Class [0 Right Ventricle] Dice: 83.91
[2024-07-20 18:09:37,498][    INFO] ***** Evaluation ***** >>>> Class [1 Myocardium] Dice: 84.93
[2024-07-20 18:09:37,498][    INFO] ***** Evaluation ***** >>>> Class [2 Left Ventricle] Dice: 94.06
[2024-07-20 18:09:37,498][    INFO] ***** Evaluation ***** >>>> MeanDice: 87.63

[2024-07-20 18:09:37,700][    INFO] ===========> Epoch: 115, LR: 0.00276, Previous best: 88.03
[2024-07-20 18:09:38,734][    INFO] Iters: 0, Total loss: 0.035, Loss x: 0.037, Loss s: 0.060, Loss w_fp: 0.008, Mask ratio: 0.984
[2024-07-20 18:09:50,547][    INFO] ***** Evaluation ***** >>>> Class [0 Right Ventricle] Dice: 84.53
[2024-07-20 18:09:50,547][    INFO] ***** Evaluation ***** >>>> Class [1 Myocardium] Dice: 86.36
[2024-07-20 18:09:50,547][    INFO] ***** Evaluation ***** >>>> Class [2 Left Ventricle] Dice: 94.94
[2024-07-20 18:09:50,547][    INFO] ***** Evaluation ***** >>>> MeanDice: 88.61

[2024-07-20 18:09:50,940][    INFO] ===========> Epoch: 116, LR: 0.00269, Previous best: 88.61
[2024-07-20 18:09:51,662][    INFO] Iters: 0, Total loss: 0.032, Loss x: 0.038, Loss s: 0.045, Loss w_fp: 0.007, Mask ratio: 0.982
[2024-07-20 18:09:59,096][    INFO] ***** Evaluation ***** >>>> Class [0 Right Ventricle] Dice: 83.28
[2024-07-20 18:09:59,096][    INFO] ***** Evaluation ***** >>>> Class [1 Myocardium] Dice: 85.22
[2024-07-20 18:09:59,096][    INFO] ***** Evaluation ***** >>>> Class [2 Left Ventricle] Dice: 93.82
[2024-07-20 18:09:59,096][    INFO] ***** Evaluation ***** >>>> MeanDice: 87.44

[2024-07-20 18:09:59,296][    INFO] ===========> Epoch: 117, LR: 0.00262, Previous best: 88.61
[2024-07-20 18:10:00,208][    INFO] Iters: 0, Total loss: 0.038, Loss x: 0.033, Loss s: 0.078, Loss w_fp: 0.009, Mask ratio: 0.982
[2024-07-20 18:10:16,153][    INFO] ***** Evaluation ***** >>>> Class [0 Right Ventricle] Dice: 83.26
[2024-07-20 18:10:16,154][    INFO] ***** Evaluation ***** >>>> Class [1 Myocardium] Dice: 84.80
[2024-07-20 18:10:16,154][    INFO] ***** Evaluation ***** >>>> Class [2 Left Ventricle] Dice: 93.67
[2024-07-20 18:10:16,154][    INFO] ***** Evaluation ***** >>>> MeanDice: 87.25

[2024-07-20 18:10:16,353][    INFO] ===========> Epoch: 118, LR: 0.00255, Previous best: 88.61
[2024-07-20 18:10:17,221][    INFO] Iters: 0, Total loss: 0.036, Loss x: 0.048, Loss s: 0.039, Loss w_fp: 0.011, Mask ratio: 0.980
[2024-07-20 18:10:26,684][    INFO] ***** Evaluation ***** >>>> Class [0 Right Ventricle] Dice: 83.25
[2024-07-20 18:10:26,684][    INFO] ***** Evaluation ***** >>>> Class [1 Myocardium] Dice: 85.82
[2024-07-20 18:10:26,684][    INFO] ***** Evaluation ***** >>>> Class [2 Left Ventricle] Dice: 94.60
[2024-07-20 18:10:26,684][    INFO] ***** Evaluation ***** >>>> MeanDice: 87.89

[2024-07-20 18:10:26,883][    INFO] ===========> Epoch: 119, LR: 0.00248, Previous best: 88.61
[2024-07-20 18:10:27,811][    INFO] Iters: 0, Total loss: 0.033, Loss x: 0.046, Loss s: 0.033, Loss w_fp: 0.008, Mask ratio: 0.979
[2024-07-20 18:10:36,953][    INFO] ***** Evaluation ***** >>>> Class [0 Right Ventricle] Dice: 83.00
[2024-07-20 18:10:36,953][    INFO] ***** Evaluation ***** >>>> Class [1 Myocardium] Dice: 85.49
[2024-07-20 18:10:36,954][    INFO] ***** Evaluation ***** >>>> Class [2 Left Ventricle] Dice: 94.72
[2024-07-20 18:10:36,954][    INFO] ***** Evaluation ***** >>>> MeanDice: 87.73

[2024-07-20 18:10:37,151][    INFO] ===========> Epoch: 120, LR: 0.00241, Previous best: 88.61
[2024-07-20 18:10:37,916][    INFO] Iters: 0, Total loss: 0.048, Loss x: 0.060, Loss s: 0.059, Loss w_fp: 0.010, Mask ratio: 0.979
[2024-07-20 18:10:51,383][    INFO] ***** Evaluation ***** >>>> Class [0 Right Ventricle] Dice: 83.56
[2024-07-20 18:10:51,383][    INFO] ***** Evaluation ***** >>>> Class [1 Myocardium] Dice: 84.96
[2024-07-20 18:10:51,383][    INFO] ***** Evaluation ***** >>>> Class [2 Left Ventricle] Dice: 94.07
[2024-07-20 18:10:51,383][    INFO] ***** Evaluation ***** >>>> MeanDice: 87.53

[2024-07-20 18:10:51,587][    INFO] ===========> Epoch: 121, LR: 0.00234, Previous best: 88.61
[2024-07-20 18:10:52,463][    INFO] Iters: 0, Total loss: 0.041, Loss x: 0.038, Loss s: 0.080, Loss w_fp: 0.009, Mask ratio: 0.983
[2024-07-20 18:11:00,624][    INFO] ***** Evaluation ***** >>>> Class [0 Right Ventricle] Dice: 83.50
[2024-07-20 18:11:00,625][    INFO] ***** Evaluation ***** >>>> Class [1 Myocardium] Dice: 85.23
[2024-07-20 18:11:00,625][    INFO] ***** Evaluation ***** >>>> Class [2 Left Ventricle] Dice: 93.93
[2024-07-20 18:11:00,625][    INFO] ***** Evaluation ***** >>>> MeanDice: 87.55

[2024-07-20 18:11:00,837][    INFO] ===========> Epoch: 122, LR: 0.00227, Previous best: 88.61
[2024-07-20 18:11:01,782][    INFO] Iters: 0, Total loss: 0.030, Loss x: 0.034, Loss s: 0.043, Loss w_fp: 0.007, Mask ratio: 0.979
[2024-07-20 18:11:10,808][    INFO] ***** Evaluation ***** >>>> Class [0 Right Ventricle] Dice: 83.56
[2024-07-20 18:11:10,808][    INFO] ***** Evaluation ***** >>>> Class [1 Myocardium] Dice: 86.18
[2024-07-20 18:11:10,808][    INFO] ***** Evaluation ***** >>>> Class [2 Left Ventricle] Dice: 94.69
[2024-07-20 18:11:10,808][    INFO] ***** Evaluation ***** >>>> MeanDice: 88.14

[2024-07-20 18:11:11,006][    INFO] ===========> Epoch: 123, LR: 0.00220, Previous best: 88.61
[2024-07-20 18:11:11,814][    INFO] Iters: 0, Total loss: 0.039, Loss x: 0.042, Loss s: 0.059, Loss w_fp: 0.012, Mask ratio: 0.980
[2024-07-20 18:11:21,064][    INFO] ***** Evaluation ***** >>>> Class [0 Right Ventricle] Dice: 83.54
[2024-07-20 18:11:21,064][    INFO] ***** Evaluation ***** >>>> Class [1 Myocardium] Dice: 84.61
[2024-07-20 18:11:21,064][    INFO] ***** Evaluation ***** >>>> Class [2 Left Ventricle] Dice: 94.03
[2024-07-20 18:11:21,064][    INFO] ***** Evaluation ***** >>>> MeanDice: 87.39

[2024-07-20 18:11:21,272][    INFO] ===========> Epoch: 124, LR: 0.00213, Previous best: 88.61
[2024-07-20 18:11:22,137][    INFO] Iters: 0, Total loss: 0.039, Loss x: 0.043, Loss s: 0.062, Loss w_fp: 0.011, Mask ratio: 0.980
[2024-07-20 18:11:31,110][    INFO] ***** Evaluation ***** >>>> Class [0 Right Ventricle] Dice: 84.30
[2024-07-20 18:11:31,110][    INFO] ***** Evaluation ***** >>>> Class [1 Myocardium] Dice: 85.69
[2024-07-20 18:11:31,110][    INFO] ***** Evaluation ***** >>>> Class [2 Left Ventricle] Dice: 94.56
[2024-07-20 18:11:31,110][    INFO] ***** Evaluation ***** >>>> MeanDice: 88.18

[2024-07-20 18:11:31,310][    INFO] ===========> Epoch: 125, LR: 0.00206, Previous best: 88.61
[2024-07-20 18:11:32,202][    INFO] Iters: 0, Total loss: 0.044, Loss x: 0.052, Loss s: 0.062, Loss w_fp: 0.009, Mask ratio: 0.980
[2024-07-20 18:11:40,738][    INFO] ***** Evaluation ***** >>>> Class [0 Right Ventricle] Dice: 84.12
[2024-07-20 18:11:40,739][    INFO] ***** Evaluation ***** >>>> Class [1 Myocardium] Dice: 85.52
[2024-07-20 18:11:40,739][    INFO] ***** Evaluation ***** >>>> Class [2 Left Ventricle] Dice: 94.41
[2024-07-20 18:11:40,739][    INFO] ***** Evaluation ***** >>>> MeanDice: 88.02

[2024-07-20 18:11:40,940][    INFO] ===========> Epoch: 126, LR: 0.00199, Previous best: 88.61
[2024-07-20 18:11:41,749][    INFO] Iters: 0, Total loss: 0.037, Loss x: 0.044, Loss s: 0.053, Loss w_fp: 0.006, Mask ratio: 0.981
[2024-07-20 18:11:50,431][    INFO] ***** Evaluation ***** >>>> Class [0 Right Ventricle] Dice: 84.39
[2024-07-20 18:11:50,432][    INFO] ***** Evaluation ***** >>>> Class [1 Myocardium] Dice: 85.45
[2024-07-20 18:11:50,432][    INFO] ***** Evaluation ***** >>>> Class [2 Left Ventricle] Dice: 94.54
[2024-07-20 18:11:50,432][    INFO] ***** Evaluation ***** >>>> MeanDice: 88.12

[2024-07-20 18:11:50,642][    INFO] ===========> Epoch: 127, LR: 0.00192, Previous best: 88.61
[2024-07-20 18:11:51,501][    INFO] Iters: 0, Total loss: 0.032, Loss x: 0.043, Loss s: 0.038, Loss w_fp: 0.005, Mask ratio: 0.977
[2024-07-20 18:12:00,936][    INFO] ***** Evaluation ***** >>>> Class [0 Right Ventricle] Dice: 83.94
[2024-07-20 18:12:00,937][    INFO] ***** Evaluation ***** >>>> Class [1 Myocardium] Dice: 85.15
[2024-07-20 18:12:00,937][    INFO] ***** Evaluation ***** >>>> Class [2 Left Ventricle] Dice: 94.22
[2024-07-20 18:12:00,937][    INFO] ***** Evaluation ***** >>>> MeanDice: 87.77

[2024-07-20 18:12:01,140][    INFO] ===========> Epoch: 128, LR: 0.00184, Previous best: 88.61
[2024-07-20 18:12:01,922][    INFO] Iters: 0, Total loss: 0.038, Loss x: 0.049, Loss s: 0.045, Loss w_fp: 0.008, Mask ratio: 0.980
[2024-07-20 18:12:10,538][    INFO] ***** Evaluation ***** >>>> Class [0 Right Ventricle] Dice: 83.90
[2024-07-20 18:12:10,539][    INFO] ***** Evaluation ***** >>>> Class [1 Myocardium] Dice: 85.61
[2024-07-20 18:12:10,539][    INFO] ***** Evaluation ***** >>>> Class [2 Left Ventricle] Dice: 94.40
[2024-07-20 18:12:10,539][    INFO] ***** Evaluation ***** >>>> MeanDice: 87.97

[2024-07-20 18:12:10,741][    INFO] ===========> Epoch: 129, LR: 0.00177, Previous best: 88.61
[2024-07-20 18:12:11,554][    INFO] Iters: 0, Total loss: 0.034, Loss x: 0.035, Loss s: 0.062, Loss w_fp: 0.005, Mask ratio: 0.983
[2024-07-20 18:12:20,088][    INFO] ***** Evaluation ***** >>>> Class [0 Right Ventricle] Dice: 83.35
[2024-07-20 18:12:20,089][    INFO] ***** Evaluation ***** >>>> Class [1 Myocardium] Dice: 85.51
[2024-07-20 18:12:20,089][    INFO] ***** Evaluation ***** >>>> Class [2 Left Ventricle] Dice: 94.34
[2024-07-20 18:12:20,089][    INFO] ***** Evaluation ***** >>>> MeanDice: 87.73

[2024-07-20 18:12:20,295][    INFO] ===========> Epoch: 130, LR: 0.00170, Previous best: 88.61
[2024-07-20 18:12:21,054][    INFO] Iters: 0, Total loss: 0.046, Loss x: 0.037, Loss s: 0.099, Loss w_fp: 0.011, Mask ratio: 0.981
[2024-07-20 18:12:29,897][    INFO] ***** Evaluation ***** >>>> Class [0 Right Ventricle] Dice: 83.56
[2024-07-20 18:12:29,897][    INFO] ***** Evaluation ***** >>>> Class [1 Myocardium] Dice: 85.25
[2024-07-20 18:12:29,897][    INFO] ***** Evaluation ***** >>>> Class [2 Left Ventricle] Dice: 94.16
[2024-07-20 18:12:29,897][    INFO] ***** Evaluation ***** >>>> MeanDice: 87.65

[2024-07-20 18:12:30,098][    INFO] ===========> Epoch: 131, LR: 0.00162, Previous best: 88.61
[2024-07-20 18:12:31,057][    INFO] Iters: 0, Total loss: 0.029, Loss x: 0.034, Loss s: 0.041, Loss w_fp: 0.008, Mask ratio: 0.984
[2024-07-20 18:12:40,179][    INFO] ***** Evaluation ***** >>>> Class [0 Right Ventricle] Dice: 83.36
[2024-07-20 18:12:40,180][    INFO] ***** Evaluation ***** >>>> Class [1 Myocardium] Dice: 85.36
[2024-07-20 18:12:40,180][    INFO] ***** Evaluation ***** >>>> Class [2 Left Ventricle] Dice: 94.41
[2024-07-20 18:12:40,180][    INFO] ***** Evaluation ***** >>>> MeanDice: 87.71

[2024-07-20 18:12:40,389][    INFO] ===========> Epoch: 132, LR: 0.00155, Previous best: 88.61
[2024-07-20 18:12:41,249][    INFO] Iters: 0, Total loss: 0.034, Loss x: 0.045, Loss s: 0.040, Loss w_fp: 0.007, Mask ratio: 0.981
[2024-07-20 18:12:50,069][    INFO] ***** Evaluation ***** >>>> Class [0 Right Ventricle] Dice: 84.25
[2024-07-20 18:12:50,069][    INFO] ***** Evaluation ***** >>>> Class [1 Myocardium] Dice: 85.95
[2024-07-20 18:12:50,069][    INFO] ***** Evaluation ***** >>>> Class [2 Left Ventricle] Dice: 95.03
[2024-07-20 18:12:50,069][    INFO] ***** Evaluation ***** >>>> MeanDice: 88.41

[2024-07-20 18:12:50,269][    INFO] ===========> Epoch: 133, LR: 0.00148, Previous best: 88.61
[2024-07-20 18:12:51,064][    INFO] Iters: 0, Total loss: 0.032, Loss x: 0.044, Loss s: 0.032, Loss w_fp: 0.008, Mask ratio: 0.977
[2024-07-20 18:12:59,259][    INFO] ***** Evaluation ***** >>>> Class [0 Right Ventricle] Dice: 84.66
[2024-07-20 18:12:59,259][    INFO] ***** Evaluation ***** >>>> Class [1 Myocardium] Dice: 86.35
[2024-07-20 18:12:59,259][    INFO] ***** Evaluation ***** >>>> Class [2 Left Ventricle] Dice: 94.99
[2024-07-20 18:12:59,259][    INFO] ***** Evaluation ***** >>>> MeanDice: 88.66

[2024-07-20 18:12:59,652][    INFO] ===========> Epoch: 134, LR: 0.00140, Previous best: 88.66
[2024-07-20 18:13:00,477][    INFO] Iters: 0, Total loss: 0.040, Loss x: 0.050, Loss s: 0.051, Loss w_fp: 0.009, Mask ratio: 0.980
[2024-07-20 18:13:09,103][    INFO] ***** Evaluation ***** >>>> Class [0 Right Ventricle] Dice: 83.96
[2024-07-20 18:13:09,104][    INFO] ***** Evaluation ***** >>>> Class [1 Myocardium] Dice: 85.41
[2024-07-20 18:13:09,104][    INFO] ***** Evaluation ***** >>>> Class [2 Left Ventricle] Dice: 94.31
[2024-07-20 18:13:09,104][    INFO] ***** Evaluation ***** >>>> MeanDice: 87.89

[2024-07-20 18:13:09,303][    INFO] ===========> Epoch: 135, LR: 0.00133, Previous best: 88.66
[2024-07-20 18:13:10,151][    INFO] Iters: 0, Total loss: 0.032, Loss x: 0.036, Loss s: 0.049, Loss w_fp: 0.008, Mask ratio: 0.981
[2024-07-20 18:13:19,637][    INFO] ***** Evaluation ***** >>>> Class [0 Right Ventricle] Dice: 83.77
[2024-07-20 18:13:19,637][    INFO] ***** Evaluation ***** >>>> Class [1 Myocardium] Dice: 85.60
[2024-07-20 18:13:19,637][    INFO] ***** Evaluation ***** >>>> Class [2 Left Ventricle] Dice: 94.30
[2024-07-20 18:13:19,637][    INFO] ***** Evaluation ***** >>>> MeanDice: 87.89

[2024-07-20 18:13:19,838][    INFO] ===========> Epoch: 136, LR: 0.00125, Previous best: 88.66
[2024-07-20 18:13:20,675][    INFO] Iters: 0, Total loss: 0.027, Loss x: 0.036, Loss s: 0.026, Loss w_fp: 0.010, Mask ratio: 0.984
[2024-07-20 18:13:29,732][    INFO] ***** Evaluation ***** >>>> Class [0 Right Ventricle] Dice: 83.89
[2024-07-20 18:13:29,733][    INFO] ***** Evaluation ***** >>>> Class [1 Myocardium] Dice: 85.98
[2024-07-20 18:13:29,733][    INFO] ***** Evaluation ***** >>>> Class [2 Left Ventricle] Dice: 94.63
[2024-07-20 18:13:29,733][    INFO] ***** Evaluation ***** >>>> MeanDice: 88.16

[2024-07-20 18:13:29,933][    INFO] ===========> Epoch: 137, LR: 0.00118, Previous best: 88.66
[2024-07-20 18:13:30,703][    INFO] Iters: 0, Total loss: 0.037, Loss x: 0.043, Loss s: 0.050, Loss w_fp: 0.011, Mask ratio: 0.982
[2024-07-20 18:13:39,526][    INFO] ***** Evaluation ***** >>>> Class [0 Right Ventricle] Dice: 84.25
[2024-07-20 18:13:39,527][    INFO] ***** Evaluation ***** >>>> Class [1 Myocardium] Dice: 85.99
[2024-07-20 18:13:39,527][    INFO] ***** Evaluation ***** >>>> Class [2 Left Ventricle] Dice: 94.61
[2024-07-20 18:13:39,527][    INFO] ***** Evaluation ***** >>>> MeanDice: 88.28

[2024-07-20 18:13:39,737][    INFO] ===========> Epoch: 138, LR: 0.00110, Previous best: 88.66
[2024-07-20 18:13:40,557][    INFO] Iters: 0, Total loss: 0.026, Loss x: 0.037, Loss s: 0.023, Loss w_fp: 0.008, Mask ratio: 0.982
[2024-07-20 18:13:49,893][    INFO] ***** Evaluation ***** >>>> Class [0 Right Ventricle] Dice: 84.29
[2024-07-20 18:13:49,893][    INFO] ***** Evaluation ***** >>>> Class [1 Myocardium] Dice: 85.86
[2024-07-20 18:13:49,893][    INFO] ***** Evaluation ***** >>>> Class [2 Left Ventricle] Dice: 94.45
[2024-07-20 18:13:49,893][    INFO] ***** Evaluation ***** >>>> MeanDice: 88.20

[2024-07-20 18:13:50,094][    INFO] ===========> Epoch: 139, LR: 0.00102, Previous best: 88.66
[2024-07-20 18:13:50,906][    INFO] Iters: 0, Total loss: 0.038, Loss x: 0.048, Loss s: 0.050, Loss w_fp: 0.005, Mask ratio: 0.981
[2024-07-20 18:13:59,890][    INFO] ***** Evaluation ***** >>>> Class [0 Right Ventricle] Dice: 84.01
[2024-07-20 18:13:59,891][    INFO] ***** Evaluation ***** >>>> Class [1 Myocardium] Dice: 85.78
[2024-07-20 18:13:59,891][    INFO] ***** Evaluation ***** >>>> Class [2 Left Ventricle] Dice: 94.32
[2024-07-20 18:13:59,891][    INFO] ***** Evaluation ***** >>>> MeanDice: 88.04

[2024-07-20 18:14:00,091][    INFO] ===========> Epoch: 140, LR: 0.00095, Previous best: 88.66
[2024-07-20 18:14:00,984][    INFO] Iters: 0, Total loss: 0.030, Loss x: 0.031, Loss s: 0.053, Loss w_fp: 0.007, Mask ratio: 0.978
[2024-07-20 18:14:11,994][    INFO] ***** Evaluation ***** >>>> Class [0 Right Ventricle] Dice: 84.05
[2024-07-20 18:14:11,995][    INFO] ***** Evaluation ***** >>>> Class [1 Myocardium] Dice: 85.80
[2024-07-20 18:14:11,995][    INFO] ***** Evaluation ***** >>>> Class [2 Left Ventricle] Dice: 94.41
[2024-07-20 18:14:11,995][    INFO] ***** Evaluation ***** >>>> MeanDice: 88.09

[2024-07-20 18:14:12,195][    INFO] ===========> Epoch: 141, LR: 0.00087, Previous best: 88.66
[2024-07-20 18:14:13,040][    INFO] Iters: 0, Total loss: 0.034, Loss x: 0.042, Loss s: 0.031, Loss w_fp: 0.021, Mask ratio: 0.980
[2024-07-20 18:14:22,231][    INFO] ***** Evaluation ***** >>>> Class [0 Right Ventricle] Dice: 84.13
[2024-07-20 18:14:22,231][    INFO] ***** Evaluation ***** >>>> Class [1 Myocardium] Dice: 85.84
[2024-07-20 18:14:22,231][    INFO] ***** Evaluation ***** >>>> Class [2 Left Ventricle] Dice: 94.56
[2024-07-20 18:14:22,231][    INFO] ***** Evaluation ***** >>>> MeanDice: 88.18

[2024-07-20 18:14:22,431][    INFO] ===========> Epoch: 142, LR: 0.00079, Previous best: 88.66
[2024-07-20 18:14:23,203][    INFO] Iters: 0, Total loss: 0.025, Loss x: 0.037, Loss s: 0.016, Loss w_fp: 0.008, Mask ratio: 0.982
[2024-07-20 18:14:32,607][    INFO] ***** Evaluation ***** >>>> Class [0 Right Ventricle] Dice: 84.36
[2024-07-20 18:14:32,607][    INFO] ***** Evaluation ***** >>>> Class [1 Myocardium] Dice: 85.92
[2024-07-20 18:14:32,607][    INFO] ***** Evaluation ***** >>>> Class [2 Left Ventricle] Dice: 94.60
[2024-07-20 18:14:32,607][    INFO] ***** Evaluation ***** >>>> MeanDice: 88.29

[2024-07-20 18:14:32,821][    INFO] ===========> Epoch: 143, LR: 0.00071, Previous best: 88.66
[2024-07-20 18:14:36,471][    INFO] Iters: 0, Total loss: 0.031, Loss x: 0.040, Loss s: 0.038, Loss w_fp: 0.007, Mask ratio: 0.983
[2024-07-20 18:14:44,552][    INFO] ***** Evaluation ***** >>>> Class [0 Right Ventricle] Dice: 83.97
[2024-07-20 18:14:44,553][    INFO] ***** Evaluation ***** >>>> Class [1 Myocardium] Dice: 85.52
[2024-07-20 18:14:44,553][    INFO] ***** Evaluation ***** >>>> Class [2 Left Ventricle] Dice: 94.37
[2024-07-20 18:14:44,553][    INFO] ***** Evaluation ***** >>>> MeanDice: 87.95

[2024-07-20 18:14:44,753][    INFO] ===========> Epoch: 144, LR: 0.00063, Previous best: 88.66
[2024-07-20 18:14:45,633][    INFO] Iters: 0, Total loss: 0.034, Loss x: 0.028, Loss s: 0.072, Loss w_fp: 0.008, Mask ratio: 0.982
[2024-07-20 18:14:54,160][    INFO] ***** Evaluation ***** >>>> Class [0 Right Ventricle] Dice: 84.04
[2024-07-20 18:14:54,161][    INFO] ***** Evaluation ***** >>>> Class [1 Myocardium] Dice: 85.94
[2024-07-20 18:14:54,161][    INFO] ***** Evaluation ***** >>>> Class [2 Left Ventricle] Dice: 94.58
[2024-07-20 18:14:54,161][    INFO] ***** Evaluation ***** >>>> MeanDice: 88.19

[2024-07-20 18:14:54,370][    INFO] ===========> Epoch: 145, LR: 0.00054, Previous best: 88.66
[2024-07-20 18:14:55,135][    INFO] Iters: 0, Total loss: 0.038, Loss x: 0.046, Loss s: 0.053, Loss w_fp: 0.007, Mask ratio: 0.982
[2024-07-20 18:15:02,899][    INFO] ***** Evaluation ***** >>>> Class [0 Right Ventricle] Dice: 83.99
[2024-07-20 18:15:02,900][    INFO] ***** Evaluation ***** >>>> Class [1 Myocardium] Dice: 85.63
[2024-07-20 18:15:02,900][    INFO] ***** Evaluation ***** >>>> Class [2 Left Ventricle] Dice: 94.35
[2024-07-20 18:15:02,900][    INFO] ***** Evaluation ***** >>>> MeanDice: 87.99

[2024-07-20 18:15:03,103][    INFO] ===========> Epoch: 146, LR: 0.00046, Previous best: 88.66
[2024-07-20 18:15:03,882][    INFO] Iters: 0, Total loss: 0.043, Loss x: 0.042, Loss s: 0.077, Loss w_fp: 0.012, Mask ratio: 0.980
[2024-07-20 18:15:11,725][    INFO] ***** Evaluation ***** >>>> Class [0 Right Ventricle] Dice: 83.99
[2024-07-20 18:15:11,726][    INFO] ***** Evaluation ***** >>>> Class [1 Myocardium] Dice: 85.77
[2024-07-20 18:15:11,726][    INFO] ***** Evaluation ***** >>>> Class [2 Left Ventricle] Dice: 94.40
[2024-07-20 18:15:11,726][    INFO] ***** Evaluation ***** >>>> MeanDice: 88.05

[2024-07-20 18:15:11,925][    INFO] ===========> Epoch: 147, LR: 0.00038, Previous best: 88.66
[2024-07-20 18:15:12,870][    INFO] Iters: 0, Total loss: 0.041, Loss x: 0.046, Loss s: 0.064, Loss w_fp: 0.007, Mask ratio: 0.985
[2024-07-20 18:15:21,289][    INFO] ***** Evaluation ***** >>>> Class [0 Right Ventricle] Dice: 83.84
[2024-07-20 18:15:21,290][    INFO] ***** Evaluation ***** >>>> Class [1 Myocardium] Dice: 85.75
[2024-07-20 18:15:21,290][    INFO] ***** Evaluation ***** >>>> Class [2 Left Ventricle] Dice: 94.27
[2024-07-20 18:15:21,290][    INFO] ***** Evaluation ***** >>>> MeanDice: 87.95

[2024-07-20 18:15:21,491][    INFO] ===========> Epoch: 148, LR: 0.00029, Previous best: 88.66
[2024-07-20 18:15:22,275][    INFO] Iters: 0, Total loss: 0.033, Loss x: 0.040, Loss s: 0.048, Loss w_fp: 0.005, Mask ratio: 0.982
[2024-07-20 18:15:30,656][    INFO] ***** Evaluation ***** >>>> Class [0 Right Ventricle] Dice: 84.09
[2024-07-20 18:15:30,657][    INFO] ***** Evaluation ***** >>>> Class [1 Myocardium] Dice: 85.97
[2024-07-20 18:15:30,657][    INFO] ***** Evaluation ***** >>>> Class [2 Left Ventricle] Dice: 94.56
[2024-07-20 18:15:30,657][    INFO] ***** Evaluation ***** >>>> MeanDice: 88.20

[2024-07-20 18:15:30,857][    INFO] ===========> Epoch: 149, LR: 0.00020, Previous best: 88.66
[2024-07-20 18:15:31,652][    INFO] Iters: 0, Total loss: 0.028, Loss x: 0.035, Loss s: 0.033, Loss w_fp: 0.011, Mask ratio: 0.980
[2024-07-20 18:15:41,958][    INFO] ***** Evaluation ***** >>>> Class [0 Right Ventricle] Dice: 84.04
[2024-07-20 18:15:41,959][    INFO] ***** Evaluation ***** >>>> Class [1 Myocardium] Dice: 85.89
[2024-07-20 18:15:41,959][    INFO] ***** Evaluation ***** >>>> Class [2 Left Ventricle] Dice: 94.53
[2024-07-20 18:15:41,959][    INFO] ***** Evaluation ***** >>>> MeanDice: 88.15

