/var/lib/slurm-llnl/slurmd/job15559/slurm_script: line 12: module: command not found
/var/lib/slurm-llnl/slurmd/job15559/slurm_script: line 13: activate: No such file or directory

CondaError: Run 'conda init' before 'conda deactivate'


CondaError: Run 'conda init' before 'conda activate'

[2024-07-20 17:57:04,582][    INFO] {'batch_size': 12,
 'conf_thresh': 0.95,
 'crop_size': 256,
 'data_root': '/vol/aimspace/projects/ukbb/data/cardiac/cardiac_segmentations/subjects',
 'dataset': 'ukbb',
 'epochs': 150,
 'exp': '4',
 'local_rank': 0,
 'lr': 0.01,
 'mode': 'train',
 'nclass': 4,
 'nclass_classif': 3,
 'ngpus': 1,
 'num_workers': 1,
 'port': 8061,
 'seed': '61',
 'seg_model': 'unet',
 'split': 18,
 'task': 'seg_only_mid_slices',
 'visualize': False}

[2024-07-20 17:57:04,632][    INFO] Total params: 1.8M

[2024-07-20 17:57:07,640][    INFO] ************ Load from checkpoint at epoch 99

[2024-07-20 17:57:07,640][    INFO] ===========> Epoch: 100, LR: 0.00014, Previous best: 84.46
[2024-07-20 17:57:12,707][    INFO] Iters: 0, Total loss: 0.028, Loss x: 0.039, Loss s: 0.025, Loss w_fp: 0.009, Mask ratio: 0.981
[2024-07-20 17:57:20,931][    INFO] ***** Evaluation ***** >>>> Class [0 Right Ventricle] Dice: 81.17
[2024-07-20 17:57:20,931][    INFO] ***** Evaluation ***** >>>> Class [1 Myocardium] Dice: 79.69
[2024-07-20 17:57:20,932][    INFO] ***** Evaluation ***** >>>> Class [2 Left Ventricle] Dice: 91.74
[2024-07-20 17:57:20,932][    INFO] ***** Evaluation ***** >>>> MeanDice: 84.20

[2024-07-20 17:57:21,135][    INFO] ===========> Epoch: 101, LR: 0.00371, Previous best: 84.46
[2024-07-20 17:57:21,943][    INFO] Iters: 0, Total loss: 0.031, Loss x: 0.040, Loss s: 0.034, Loss w_fp: 0.011, Mask ratio: 0.980
[2024-07-20 17:57:30,714][    INFO] ***** Evaluation ***** >>>> Class [0 Right Ventricle] Dice: 79.85
[2024-07-20 17:57:30,715][    INFO] ***** Evaluation ***** >>>> Class [1 Myocardium] Dice: 78.28
[2024-07-20 17:57:30,715][    INFO] ***** Evaluation ***** >>>> Class [2 Left Ventricle] Dice: 90.85
[2024-07-20 17:57:30,715][    INFO] ***** Evaluation ***** >>>> MeanDice: 82.99

[2024-07-20 17:57:30,916][    INFO] ===========> Epoch: 102, LR: 0.00365, Previous best: 84.46
[2024-07-20 17:57:31,768][    INFO] Iters: 0, Total loss: 0.033, Loss x: 0.046, Loss s: 0.031, Loss w_fp: 0.007, Mask ratio: 0.978
[2024-07-20 17:57:40,514][    INFO] ***** Evaluation ***** >>>> Class [0 Right Ventricle] Dice: 81.02
[2024-07-20 17:57:40,515][    INFO] ***** Evaluation ***** >>>> Class [1 Myocardium] Dice: 79.43
[2024-07-20 17:57:40,515][    INFO] ***** Evaluation ***** >>>> Class [2 Left Ventricle] Dice: 91.03
[2024-07-20 17:57:40,515][    INFO] ***** Evaluation ***** >>>> MeanDice: 83.82

[2024-07-20 17:57:40,719][    INFO] ===========> Epoch: 103, LR: 0.00358, Previous best: 84.46
[2024-07-20 17:57:41,588][    INFO] Iters: 0, Total loss: 0.026, Loss x: 0.038, Loss s: 0.022, Loss w_fp: 0.007, Mask ratio: 0.980
[2024-07-20 17:57:50,802][    INFO] ***** Evaluation ***** >>>> Class [0 Right Ventricle] Dice: 81.42
[2024-07-20 17:57:50,802][    INFO] ***** Evaluation ***** >>>> Class [1 Myocardium] Dice: 78.77
[2024-07-20 17:57:50,802][    INFO] ***** Evaluation ***** >>>> Class [2 Left Ventricle] Dice: 90.98
[2024-07-20 17:57:50,802][    INFO] ***** Evaluation ***** >>>> MeanDice: 83.73

[2024-07-20 17:57:51,003][    INFO] ===========> Epoch: 104, LR: 0.00351, Previous best: 84.46
[2024-07-20 17:57:51,860][    INFO] Iters: 0, Total loss: 0.035, Loss x: 0.046, Loss s: 0.041, Loss w_fp: 0.007, Mask ratio: 0.984
[2024-07-20 17:58:00,933][    INFO] ***** Evaluation ***** >>>> Class [0 Right Ventricle] Dice: 80.91
[2024-07-20 17:58:00,933][    INFO] ***** Evaluation ***** >>>> Class [1 Myocardium] Dice: 80.13
[2024-07-20 17:58:00,934][    INFO] ***** Evaluation ***** >>>> Class [2 Left Ventricle] Dice: 91.62
[2024-07-20 17:58:00,934][    INFO] ***** Evaluation ***** >>>> MeanDice: 84.22

[2024-07-20 17:58:01,135][    INFO] ===========> Epoch: 105, LR: 0.00344, Previous best: 84.46
[2024-07-20 17:58:02,060][    INFO] Iters: 0, Total loss: 0.043, Loss x: 0.044, Loss s: 0.080, Loss w_fp: 0.005, Mask ratio: 0.980
[2024-07-20 17:58:13,447][    INFO] ***** Evaluation ***** >>>> Class [0 Right Ventricle] Dice: 80.96
[2024-07-20 17:58:13,447][    INFO] ***** Evaluation ***** >>>> Class [1 Myocardium] Dice: 79.91
[2024-07-20 17:58:13,447][    INFO] ***** Evaluation ***** >>>> Class [2 Left Ventricle] Dice: 91.71
[2024-07-20 17:58:13,447][    INFO] ***** Evaluation ***** >>>> MeanDice: 84.20

[2024-07-20 17:58:13,645][    INFO] ===========> Epoch: 106, LR: 0.00338, Previous best: 84.46
[2024-07-20 17:58:14,523][    INFO] Iters: 0, Total loss: 0.027, Loss x: 0.039, Loss s: 0.021, Loss w_fp: 0.009, Mask ratio: 0.981
[2024-07-20 17:58:23,299][    INFO] ***** Evaluation ***** >>>> Class [0 Right Ventricle] Dice: 81.03
[2024-07-20 17:58:23,299][    INFO] ***** Evaluation ***** >>>> Class [1 Myocardium] Dice: 77.27
[2024-07-20 17:58:23,299][    INFO] ***** Evaluation ***** >>>> Class [2 Left Ventricle] Dice: 90.35
[2024-07-20 17:58:23,299][    INFO] ***** Evaluation ***** >>>> MeanDice: 82.88

[2024-07-20 17:58:23,497][    INFO] ===========> Epoch: 107, LR: 0.00331, Previous best: 84.46
[2024-07-20 17:58:24,308][    INFO] Iters: 0, Total loss: 0.032, Loss x: 0.041, Loss s: 0.040, Loss w_fp: 0.008, Mask ratio: 0.982
[2024-07-20 17:58:32,927][    INFO] ***** Evaluation ***** >>>> Class [0 Right Ventricle] Dice: 81.44
[2024-07-20 17:58:32,927][    INFO] ***** Evaluation ***** >>>> Class [1 Myocardium] Dice: 80.59
[2024-07-20 17:58:32,927][    INFO] ***** Evaluation ***** >>>> Class [2 Left Ventricle] Dice: 91.94
[2024-07-20 17:58:32,927][    INFO] ***** Evaluation ***** >>>> MeanDice: 84.66

[2024-07-20 17:58:33,333][    INFO] ===========> Epoch: 108, LR: 0.00324, Previous best: 84.66
[2024-07-20 17:58:34,182][    INFO] Iters: 0, Total loss: 0.030, Loss x: 0.034, Loss s: 0.045, Loss w_fp: 0.008, Mask ratio: 0.981
[2024-07-20 17:58:42,650][    INFO] ***** Evaluation ***** >>>> Class [0 Right Ventricle] Dice: 80.23
[2024-07-20 17:58:42,650][    INFO] ***** Evaluation ***** >>>> Class [1 Myocardium] Dice: 79.34
[2024-07-20 17:58:42,650][    INFO] ***** Evaluation ***** >>>> Class [2 Left Ventricle] Dice: 91.61
[2024-07-20 17:58:42,650][    INFO] ***** Evaluation ***** >>>> MeanDice: 83.73

[2024-07-20 17:58:42,852][    INFO] ===========> Epoch: 109, LR: 0.00317, Previous best: 84.66
[2024-07-20 17:58:43,736][    INFO] Iters: 0, Total loss: 0.035, Loss x: 0.054, Loss s: 0.025, Loss w_fp: 0.008, Mask ratio: 0.982
[2024-07-20 17:58:52,276][    INFO] ***** Evaluation ***** >>>> Class [0 Right Ventricle] Dice: 81.20
[2024-07-20 17:58:52,276][    INFO] ***** Evaluation ***** >>>> Class [1 Myocardium] Dice: 78.77
[2024-07-20 17:58:52,277][    INFO] ***** Evaluation ***** >>>> Class [2 Left Ventricle] Dice: 90.75
[2024-07-20 17:58:52,277][    INFO] ***** Evaluation ***** >>>> MeanDice: 83.57

[2024-07-20 17:58:52,477][    INFO] ===========> Epoch: 110, LR: 0.00310, Previous best: 84.66
[2024-07-20 17:58:53,331][    INFO] Iters: 0, Total loss: 0.038, Loss x: 0.041, Loss s: 0.062, Loss w_fp: 0.006, Mask ratio: 0.982
[2024-07-20 17:59:02,838][    INFO] ***** Evaluation ***** >>>> Class [0 Right Ventricle] Dice: 80.72
[2024-07-20 17:59:02,839][    INFO] ***** Evaluation ***** >>>> Class [1 Myocardium] Dice: 79.20
[2024-07-20 17:59:02,839][    INFO] ***** Evaluation ***** >>>> Class [2 Left Ventricle] Dice: 91.44
[2024-07-20 17:59:02,839][    INFO] ***** Evaluation ***** >>>> MeanDice: 83.79

[2024-07-20 17:59:03,038][    INFO] ===========> Epoch: 111, LR: 0.00304, Previous best: 84.66
[2024-07-20 17:59:03,810][    INFO] Iters: 0, Total loss: 0.027, Loss x: 0.035, Loss s: 0.028, Loss w_fp: 0.009, Mask ratio: 0.980
[2024-07-20 17:59:12,049][    INFO] ***** Evaluation ***** >>>> Class [0 Right Ventricle] Dice: 81.25
[2024-07-20 17:59:12,049][    INFO] ***** Evaluation ***** >>>> Class [1 Myocardium] Dice: 77.53
[2024-07-20 17:59:12,049][    INFO] ***** Evaluation ***** >>>> Class [2 Left Ventricle] Dice: 90.26
[2024-07-20 17:59:12,049][    INFO] ***** Evaluation ***** >>>> MeanDice: 83.01

[2024-07-20 17:59:12,252][    INFO] ===========> Epoch: 112, LR: 0.00297, Previous best: 84.66
[2024-07-20 17:59:13,105][    INFO] Iters: 0, Total loss: 0.032, Loss x: 0.044, Loss s: 0.032, Loss w_fp: 0.006, Mask ratio: 0.980
[2024-07-20 17:59:22,589][    INFO] ***** Evaluation ***** >>>> Class [0 Right Ventricle] Dice: 80.57
[2024-07-20 17:59:22,589][    INFO] ***** Evaluation ***** >>>> Class [1 Myocardium] Dice: 82.11
[2024-07-20 17:59:22,589][    INFO] ***** Evaluation ***** >>>> Class [2 Left Ventricle] Dice: 92.38
[2024-07-20 17:59:22,589][    INFO] ***** Evaluation ***** >>>> MeanDice: 85.02

[2024-07-20 17:59:22,951][    INFO] ===========> Epoch: 113, LR: 0.00290, Previous best: 85.02
[2024-07-20 17:59:23,830][    INFO] Iters: 0, Total loss: 0.035, Loss x: 0.048, Loss s: 0.036, Loss w_fp: 0.007, Mask ratio: 0.981
[2024-07-20 17:59:32,262][    INFO] ***** Evaluation ***** >>>> Class [0 Right Ventricle] Dice: 80.68
[2024-07-20 17:59:32,262][    INFO] ***** Evaluation ***** >>>> Class [1 Myocardium] Dice: 75.82
[2024-07-20 17:59:32,262][    INFO] ***** Evaluation ***** >>>> Class [2 Left Ventricle] Dice: 89.03
[2024-07-20 17:59:32,263][    INFO] ***** Evaluation ***** >>>> MeanDice: 81.84

[2024-07-20 17:59:32,462][    INFO] ===========> Epoch: 114, LR: 0.00283, Previous best: 85.02
[2024-07-20 17:59:33,273][    INFO] Iters: 0, Total loss: 0.042, Loss x: 0.043, Loss s: 0.073, Loss w_fp: 0.009, Mask ratio: 0.983
[2024-07-20 17:59:41,534][    INFO] ***** Evaluation ***** >>>> Class [0 Right Ventricle] Dice: 82.05
[2024-07-20 17:59:41,535][    INFO] ***** Evaluation ***** >>>> Class [1 Myocardium] Dice: 81.35
[2024-07-20 17:59:41,535][    INFO] ***** Evaluation ***** >>>> Class [2 Left Ventricle] Dice: 91.93
[2024-07-20 17:59:41,535][    INFO] ***** Evaluation ***** >>>> MeanDice: 85.11

[2024-07-20 17:59:41,925][    INFO] ===========> Epoch: 115, LR: 0.00276, Previous best: 85.11
[2024-07-20 17:59:42,836][    INFO] Iters: 0, Total loss: 0.037, Loss x: 0.037, Loss s: 0.066, Loss w_fp: 0.007, Mask ratio: 0.980
[2024-07-20 17:59:51,048][    INFO] ***** Evaluation ***** >>>> Class [0 Right Ventricle] Dice: 80.45
[2024-07-20 17:59:51,048][    INFO] ***** Evaluation ***** >>>> Class [1 Myocardium] Dice: 80.55
[2024-07-20 17:59:51,048][    INFO] ***** Evaluation ***** >>>> Class [2 Left Ventricle] Dice: 91.81
[2024-07-20 17:59:51,048][    INFO] ***** Evaluation ***** >>>> MeanDice: 84.27

[2024-07-20 17:59:51,249][    INFO] ===========> Epoch: 116, LR: 0.00269, Previous best: 85.11
[2024-07-20 17:59:52,068][    INFO] Iters: 0, Total loss: 0.040, Loss x: 0.048, Loss s: 0.050, Loss w_fp: 0.014, Mask ratio: 0.980
[2024-07-20 18:00:00,525][    INFO] ***** Evaluation ***** >>>> Class [0 Right Ventricle] Dice: 80.61
[2024-07-20 18:00:00,526][    INFO] ***** Evaluation ***** >>>> Class [1 Myocardium] Dice: 80.04
[2024-07-20 18:00:00,526][    INFO] ***** Evaluation ***** >>>> Class [2 Left Ventricle] Dice: 91.40
[2024-07-20 18:00:00,526][    INFO] ***** Evaluation ***** >>>> MeanDice: 84.02

[2024-07-20 18:00:00,724][    INFO] ===========> Epoch: 117, LR: 0.00262, Previous best: 85.11
[2024-07-20 18:00:01,572][    INFO] Iters: 0, Total loss: 0.031, Loss x: 0.043, Loss s: 0.033, Loss w_fp: 0.005, Mask ratio: 0.984
[2024-07-20 18:00:11,087][    INFO] ***** Evaluation ***** >>>> Class [0 Right Ventricle] Dice: 81.91
[2024-07-20 18:00:11,088][    INFO] ***** Evaluation ***** >>>> Class [1 Myocardium] Dice: 81.12
[2024-07-20 18:00:11,088][    INFO] ***** Evaluation ***** >>>> Class [2 Left Ventricle] Dice: 91.84
[2024-07-20 18:00:11,088][    INFO] ***** Evaluation ***** >>>> MeanDice: 84.96

[2024-07-20 18:00:11,291][    INFO] ===========> Epoch: 118, LR: 0.00255, Previous best: 85.11
[2024-07-20 18:00:12,085][    INFO] Iters: 0, Total loss: 0.030, Loss x: 0.040, Loss s: 0.027, Loss w_fp: 0.012, Mask ratio: 0.983
[2024-07-20 18:00:20,491][    INFO] ***** Evaluation ***** >>>> Class [0 Right Ventricle] Dice: 81.45
[2024-07-20 18:00:20,491][    INFO] ***** Evaluation ***** >>>> Class [1 Myocardium] Dice: 78.95
[2024-07-20 18:00:20,491][    INFO] ***** Evaluation ***** >>>> Class [2 Left Ventricle] Dice: 91.41
[2024-07-20 18:00:20,491][    INFO] ***** Evaluation ***** >>>> MeanDice: 83.93

[2024-07-20 18:00:20,691][    INFO] ===========> Epoch: 119, LR: 0.00248, Previous best: 85.11
[2024-07-20 18:00:21,568][    INFO] Iters: 0, Total loss: 0.035, Loss x: 0.035, Loss s: 0.062, Loss w_fp: 0.007, Mask ratio: 0.981
[2024-07-20 18:00:29,934][    INFO] ***** Evaluation ***** >>>> Class [0 Right Ventricle] Dice: 79.68
[2024-07-20 18:00:29,935][    INFO] ***** Evaluation ***** >>>> Class [1 Myocardium] Dice: 80.75
[2024-07-20 18:00:29,935][    INFO] ***** Evaluation ***** >>>> Class [2 Left Ventricle] Dice: 92.21
[2024-07-20 18:00:29,935][    INFO] ***** Evaluation ***** >>>> MeanDice: 84.21

[2024-07-20 18:00:30,174][    INFO] ===========> Epoch: 120, LR: 0.00241, Previous best: 85.11
[2024-07-20 18:00:31,040][    INFO] Iters: 0, Total loss: 0.027, Loss x: 0.028, Loss s: 0.045, Loss w_fp: 0.006, Mask ratio: 0.982
[2024-07-20 18:00:40,402][    INFO] ***** Evaluation ***** >>>> Class [0 Right Ventricle] Dice: 81.70
[2024-07-20 18:00:40,403][    INFO] ***** Evaluation ***** >>>> Class [1 Myocardium] Dice: 80.55
[2024-07-20 18:00:40,403][    INFO] ***** Evaluation ***** >>>> Class [2 Left Ventricle] Dice: 91.57
[2024-07-20 18:00:40,403][    INFO] ***** Evaluation ***** >>>> MeanDice: 84.60

[2024-07-20 18:00:40,694][    INFO] ===========> Epoch: 121, LR: 0.00234, Previous best: 85.11
[2024-07-20 18:00:41,560][    INFO] Iters: 0, Total loss: 0.028, Loss x: 0.029, Loss s: 0.048, Loss w_fp: 0.007, Mask ratio: 0.981
[2024-07-20 18:00:50,075][    INFO] ***** Evaluation ***** >>>> Class [0 Right Ventricle] Dice: 82.13
[2024-07-20 18:00:50,076][    INFO] ***** Evaluation ***** >>>> Class [1 Myocardium] Dice: 79.41
[2024-07-20 18:00:50,076][    INFO] ***** Evaluation ***** >>>> Class [2 Left Ventricle] Dice: 91.17
[2024-07-20 18:00:50,076][    INFO] ***** Evaluation ***** >>>> MeanDice: 84.24

[2024-07-20 18:00:50,275][    INFO] ===========> Epoch: 122, LR: 0.00227, Previous best: 85.11
[2024-07-20 18:00:51,075][    INFO] Iters: 0, Total loss: 0.031, Loss x: 0.038, Loss s: 0.041, Loss w_fp: 0.009, Mask ratio: 0.982
[2024-07-20 18:00:59,777][    INFO] ***** Evaluation ***** >>>> Class [0 Right Ventricle] Dice: 81.61
[2024-07-20 18:00:59,778][    INFO] ***** Evaluation ***** >>>> Class [1 Myocardium] Dice: 80.48
[2024-07-20 18:00:59,778][    INFO] ***** Evaluation ***** >>>> Class [2 Left Ventricle] Dice: 92.21
[2024-07-20 18:00:59,778][    INFO] ***** Evaluation ***** >>>> MeanDice: 84.76

[2024-07-20 18:00:59,978][    INFO] ===========> Epoch: 123, LR: 0.00220, Previous best: 85.11
[2024-07-20 18:01:00,763][    INFO] Iters: 0, Total loss: 0.040, Loss x: 0.042, Loss s: 0.069, Loss w_fp: 0.005, Mask ratio: 0.979
[2024-07-20 18:01:09,763][    INFO] ***** Evaluation ***** >>>> Class [0 Right Ventricle] Dice: 80.67
[2024-07-20 18:01:09,764][    INFO] ***** Evaluation ***** >>>> Class [1 Myocardium] Dice: 77.78
[2024-07-20 18:01:09,764][    INFO] ***** Evaluation ***** >>>> Class [2 Left Ventricle] Dice: 90.42
[2024-07-20 18:01:09,764][    INFO] ***** Evaluation ***** >>>> MeanDice: 82.96

[2024-07-20 18:01:09,963][    INFO] ===========> Epoch: 124, LR: 0.00213, Previous best: 85.11
[2024-07-20 18:01:10,742][    INFO] Iters: 0, Total loss: 0.054, Loss x: 0.064, Loss s: 0.076, Loss w_fp: 0.011, Mask ratio: 0.979
[2024-07-20 18:01:20,121][    INFO] ***** Evaluation ***** >>>> Class [0 Right Ventricle] Dice: 81.72
[2024-07-20 18:01:20,121][    INFO] ***** Evaluation ***** >>>> Class [1 Myocardium] Dice: 82.23
[2024-07-20 18:01:20,121][    INFO] ***** Evaluation ***** >>>> Class [2 Left Ventricle] Dice: 92.56
[2024-07-20 18:01:20,121][    INFO] ***** Evaluation ***** >>>> MeanDice: 85.50

[2024-07-20 18:01:20,493][    INFO] ===========> Epoch: 125, LR: 0.00206, Previous best: 85.50
[2024-07-20 18:01:21,309][    INFO] Iters: 0, Total loss: 0.034, Loss x: 0.035, Loss s: 0.060, Loss w_fp: 0.004, Mask ratio: 0.982
[2024-07-20 18:01:32,557][    INFO] ***** Evaluation ***** >>>> Class [0 Right Ventricle] Dice: 81.54
[2024-07-20 18:01:32,557][    INFO] ***** Evaluation ***** >>>> Class [1 Myocardium] Dice: 79.12
[2024-07-20 18:01:32,558][    INFO] ***** Evaluation ***** >>>> Class [2 Left Ventricle] Dice: 90.96
[2024-07-20 18:01:32,558][    INFO] ***** Evaluation ***** >>>> MeanDice: 83.87

[2024-07-20 18:01:32,756][    INFO] ===========> Epoch: 126, LR: 0.00199, Previous best: 85.50
[2024-07-20 18:01:33,635][    INFO] Iters: 0, Total loss: 0.041, Loss x: 0.048, Loss s: 0.060, Loss w_fp: 0.007, Mask ratio: 0.981
[2024-07-20 18:01:42,163][    INFO] ***** Evaluation ***** >>>> Class [0 Right Ventricle] Dice: 81.61
[2024-07-20 18:01:42,163][    INFO] ***** Evaluation ***** >>>> Class [1 Myocardium] Dice: 80.21
[2024-07-20 18:01:42,163][    INFO] ***** Evaluation ***** >>>> Class [2 Left Ventricle] Dice: 91.85
[2024-07-20 18:01:42,163][    INFO] ***** Evaluation ***** >>>> MeanDice: 84.56

[2024-07-20 18:01:42,362][    INFO] ===========> Epoch: 127, LR: 0.00191, Previous best: 85.50
[2024-07-20 18:01:43,165][    INFO] Iters: 0, Total loss: 0.023, Loss x: 0.030, Loss s: 0.023, Loss w_fp: 0.007, Mask ratio: 0.982
[2024-07-20 18:01:51,177][    INFO] ***** Evaluation ***** >>>> Class [0 Right Ventricle] Dice: 81.63
[2024-07-20 18:01:51,177][    INFO] ***** Evaluation ***** >>>> Class [1 Myocardium] Dice: 80.51
[2024-07-20 18:01:51,177][    INFO] ***** Evaluation ***** >>>> Class [2 Left Ventricle] Dice: 91.81
[2024-07-20 18:01:51,177][    INFO] ***** Evaluation ***** >>>> MeanDice: 84.65

[2024-07-20 18:01:51,383][    INFO] ===========> Epoch: 128, LR: 0.00184, Previous best: 85.50
[2024-07-20 18:01:52,404][    INFO] Iters: 0, Total loss: 0.028, Loss x: 0.033, Loss s: 0.042, Loss w_fp: 0.005, Mask ratio: 0.985
[2024-07-20 18:02:01,709][    INFO] ***** Evaluation ***** >>>> Class [0 Right Ventricle] Dice: 81.39
[2024-07-20 18:02:01,709][    INFO] ***** Evaluation ***** >>>> Class [1 Myocardium] Dice: 79.10
[2024-07-20 18:02:01,709][    INFO] ***** Evaluation ***** >>>> Class [2 Left Ventricle] Dice: 90.95
[2024-07-20 18:02:01,709][    INFO] ***** Evaluation ***** >>>> MeanDice: 83.81

[2024-07-20 18:02:01,911][    INFO] ===========> Epoch: 129, LR: 0.00177, Previous best: 85.50
[2024-07-20 18:02:02,685][    INFO] Iters: 0, Total loss: 0.029, Loss x: 0.041, Loss s: 0.030, Loss w_fp: 0.004, Mask ratio: 0.983
[2024-07-20 18:02:11,112][    INFO] ***** Evaluation ***** >>>> Class [0 Right Ventricle] Dice: 81.71
[2024-07-20 18:02:11,112][    INFO] ***** Evaluation ***** >>>> Class [1 Myocardium] Dice: 80.12
[2024-07-20 18:02:11,112][    INFO] ***** Evaluation ***** >>>> Class [2 Left Ventricle] Dice: 91.61
[2024-07-20 18:02:11,112][    INFO] ***** Evaluation ***** >>>> MeanDice: 84.48

[2024-07-20 18:02:11,312][    INFO] ===========> Epoch: 130, LR: 0.00170, Previous best: 85.50
[2024-07-20 18:02:12,209][    INFO] Iters: 0, Total loss: 0.027, Loss x: 0.039, Loss s: 0.023, Loss w_fp: 0.005, Mask ratio: 0.985
[2024-07-20 18:02:21,054][    INFO] ***** Evaluation ***** >>>> Class [0 Right Ventricle] Dice: 80.65
[2024-07-20 18:02:21,055][    INFO] ***** Evaluation ***** >>>> Class [1 Myocardium] Dice: 80.03
[2024-07-20 18:02:21,055][    INFO] ***** Evaluation ***** >>>> Class [2 Left Ventricle] Dice: 91.65
[2024-07-20 18:02:21,055][    INFO] ***** Evaluation ***** >>>> MeanDice: 84.11

[2024-07-20 18:02:21,253][    INFO] ===========> Epoch: 131, LR: 0.00162, Previous best: 85.50
[2024-07-20 18:02:22,039][    INFO] Iters: 0, Total loss: 0.035, Loss x: 0.038, Loss s: 0.056, Loss w_fp: 0.007, Mask ratio: 0.983
[2024-07-20 18:02:30,178][    INFO] ***** Evaluation ***** >>>> Class [0 Right Ventricle] Dice: 81.25
[2024-07-20 18:02:30,179][    INFO] ***** Evaluation ***** >>>> Class [1 Myocardium] Dice: 79.41
[2024-07-20 18:02:30,179][    INFO] ***** Evaluation ***** >>>> Class [2 Left Ventricle] Dice: 91.13
[2024-07-20 18:02:30,179][    INFO] ***** Evaluation ***** >>>> MeanDice: 83.93

[2024-07-20 18:02:30,380][    INFO] ===========> Epoch: 132, LR: 0.00155, Previous best: 85.50
[2024-07-20 18:02:31,279][    INFO] Iters: 0, Total loss: 0.024, Loss x: 0.033, Loss s: 0.024, Loss w_fp: 0.006, Mask ratio: 0.979
[2024-07-20 18:02:40,531][    INFO] ***** Evaluation ***** >>>> Class [0 Right Ventricle] Dice: 82.20
[2024-07-20 18:02:40,531][    INFO] ***** Evaluation ***** >>>> Class [1 Myocardium] Dice: 80.98
[2024-07-20 18:02:40,531][    INFO] ***** Evaluation ***** >>>> Class [2 Left Ventricle] Dice: 91.82
[2024-07-20 18:02:40,531][    INFO] ***** Evaluation ***** >>>> MeanDice: 85.00

[2024-07-20 18:02:40,732][    INFO] ===========> Epoch: 133, LR: 0.00148, Previous best: 85.50
[2024-07-20 18:02:41,585][    INFO] Iters: 0, Total loss: 0.032, Loss x: 0.036, Loss s: 0.040, Loss w_fp: 0.015, Mask ratio: 0.983
[2024-07-20 18:02:51,776][    INFO] ***** Evaluation ***** >>>> Class [0 Right Ventricle] Dice: 81.51
[2024-07-20 18:02:51,777][    INFO] ***** Evaluation ***** >>>> Class [1 Myocardium] Dice: 79.47
[2024-07-20 18:02:51,777][    INFO] ***** Evaluation ***** >>>> Class [2 Left Ventricle] Dice: 91.35
[2024-07-20 18:02:51,777][    INFO] ***** Evaluation ***** >>>> MeanDice: 84.11

[2024-07-20 18:02:52,243][    INFO] ===========> Epoch: 134, LR: 0.00140, Previous best: 85.50
[2024-07-20 18:02:53,764][    INFO] Iters: 0, Total loss: 0.029, Loss x: 0.039, Loss s: 0.031, Loss w_fp: 0.008, Mask ratio: 0.981
[2024-07-20 18:03:02,010][    INFO] ***** Evaluation ***** >>>> Class [0 Right Ventricle] Dice: 81.18
[2024-07-20 18:03:02,010][    INFO] ***** Evaluation ***** >>>> Class [1 Myocardium] Dice: 80.45
[2024-07-20 18:03:02,010][    INFO] ***** Evaluation ***** >>>> Class [2 Left Ventricle] Dice: 91.75
[2024-07-20 18:03:02,011][    INFO] ***** Evaluation ***** >>>> MeanDice: 84.46

[2024-07-20 18:03:02,252][    INFO] ===========> Epoch: 135, LR: 0.00133, Previous best: 85.50
[2024-07-20 18:03:03,092][    INFO] Iters: 0, Total loss: 0.030, Loss x: 0.041, Loss s: 0.028, Loss w_fp: 0.009, Mask ratio: 0.980
[2024-07-20 18:03:12,448][    INFO] ***** Evaluation ***** >>>> Class [0 Right Ventricle] Dice: 81.50
[2024-07-20 18:03:12,449][    INFO] ***** Evaluation ***** >>>> Class [1 Myocardium] Dice: 80.85
[2024-07-20 18:03:12,449][    INFO] ***** Evaluation ***** >>>> Class [2 Left Ventricle] Dice: 91.83
[2024-07-20 18:03:12,449][    INFO] ***** Evaluation ***** >>>> MeanDice: 84.73

[2024-07-20 18:03:12,648][    INFO] ===========> Epoch: 136, LR: 0.00125, Previous best: 85.50
[2024-07-20 18:03:13,461][    INFO] Iters: 0, Total loss: 0.038, Loss x: 0.045, Loss s: 0.053, Loss w_fp: 0.008, Mask ratio: 0.976
[2024-07-20 18:03:24,804][    INFO] ***** Evaluation ***** >>>> Class [0 Right Ventricle] Dice: 81.51
[2024-07-20 18:03:24,804][    INFO] ***** Evaluation ***** >>>> Class [1 Myocardium] Dice: 79.41
[2024-07-20 18:03:24,804][    INFO] ***** Evaluation ***** >>>> Class [2 Left Ventricle] Dice: 91.06
[2024-07-20 18:03:24,805][    INFO] ***** Evaluation ***** >>>> MeanDice: 83.99

[2024-07-20 18:03:25,002][    INFO] ===========> Epoch: 137, LR: 0.00118, Previous best: 85.50
[2024-07-20 18:03:25,733][    INFO] Iters: 0, Total loss: 0.029, Loss x: 0.039, Loss s: 0.035, Loss w_fp: 0.006, Mask ratio: 0.984
[2024-07-20 18:03:33,698][    INFO] ***** Evaluation ***** >>>> Class [0 Right Ventricle] Dice: 81.71
[2024-07-20 18:03:33,699][    INFO] ***** Evaluation ***** >>>> Class [1 Myocardium] Dice: 80.15
[2024-07-20 18:03:33,699][    INFO] ***** Evaluation ***** >>>> Class [2 Left Ventricle] Dice: 91.66
[2024-07-20 18:03:33,699][    INFO] ***** Evaluation ***** >>>> MeanDice: 84.51

[2024-07-20 18:03:33,896][    INFO] ===========> Epoch: 138, LR: 0.00110, Previous best: 85.50
[2024-07-20 18:03:34,665][    INFO] Iters: 0, Total loss: 0.029, Loss x: 0.034, Loss s: 0.042, Loss w_fp: 0.005, Mask ratio: 0.983
[2024-07-20 18:03:44,242][    INFO] ***** Evaluation ***** >>>> Class [0 Right Ventricle] Dice: 81.20
[2024-07-20 18:03:44,243][    INFO] ***** Evaluation ***** >>>> Class [1 Myocardium] Dice: 80.43
[2024-07-20 18:03:44,243][    INFO] ***** Evaluation ***** >>>> Class [2 Left Ventricle] Dice: 91.91
[2024-07-20 18:03:44,243][    INFO] ***** Evaluation ***** >>>> MeanDice: 84.52

[2024-07-20 18:03:44,444][    INFO] ===========> Epoch: 139, LR: 0.00102, Previous best: 85.50
[2024-07-20 18:03:45,238][    INFO] Iters: 0, Total loss: 0.025, Loss x: 0.029, Loss s: 0.035, Loss w_fp: 0.007, Mask ratio: 0.983
[2024-07-20 18:03:56,655][    INFO] ***** Evaluation ***** >>>> Class [0 Right Ventricle] Dice: 81.21
[2024-07-20 18:03:56,656][    INFO] ***** Evaluation ***** >>>> Class [1 Myocardium] Dice: 79.18
[2024-07-20 18:03:56,656][    INFO] ***** Evaluation ***** >>>> Class [2 Left Ventricle] Dice: 91.16
[2024-07-20 18:03:56,656][    INFO] ***** Evaluation ***** >>>> MeanDice: 83.85

[2024-07-20 18:03:56,856][    INFO] ===========> Epoch: 140, LR: 0.00094, Previous best: 85.50
[2024-07-20 18:03:57,581][    INFO] Iters: 0, Total loss: 0.025, Loss x: 0.035, Loss s: 0.023, Loss w_fp: 0.007, Mask ratio: 0.981
[2024-07-20 18:04:05,738][    INFO] ***** Evaluation ***** >>>> Class [0 Right Ventricle] Dice: 81.59
[2024-07-20 18:04:05,739][    INFO] ***** Evaluation ***** >>>> Class [1 Myocardium] Dice: 79.58
[2024-07-20 18:04:05,739][    INFO] ***** Evaluation ***** >>>> Class [2 Left Ventricle] Dice: 91.29
[2024-07-20 18:04:05,739][    INFO] ***** Evaluation ***** >>>> MeanDice: 84.15

[2024-07-20 18:04:05,941][    INFO] ===========> Epoch: 141, LR: 0.00087, Previous best: 85.50
[2024-07-20 18:04:06,882][    INFO] Iters: 0, Total loss: 0.031, Loss x: 0.036, Loss s: 0.043, Loss w_fp: 0.010, Mask ratio: 0.982
[2024-07-20 18:04:16,476][    INFO] ***** Evaluation ***** >>>> Class [0 Right Ventricle] Dice: 81.34
[2024-07-20 18:04:16,476][    INFO] ***** Evaluation ***** >>>> Class [1 Myocardium] Dice: 79.57
[2024-07-20 18:04:16,476][    INFO] ***** Evaluation ***** >>>> Class [2 Left Ventricle] Dice: 91.34
[2024-07-20 18:04:16,476][    INFO] ***** Evaluation ***** >>>> MeanDice: 84.08

[2024-07-20 18:04:16,672][    INFO] ===========> Epoch: 142, LR: 0.00079, Previous best: 85.50
[2024-07-20 18:04:17,558][    INFO] Iters: 0, Total loss: 0.022, Loss x: 0.030, Loss s: 0.023, Loss w_fp: 0.007, Mask ratio: 0.986
[2024-07-20 18:04:29,688][    INFO] ***** Evaluation ***** >>>> Class [0 Right Ventricle] Dice: 81.19
[2024-07-20 18:04:29,689][    INFO] ***** Evaluation ***** >>>> Class [1 Myocardium] Dice: 79.58
[2024-07-20 18:04:29,689][    INFO] ***** Evaluation ***** >>>> Class [2 Left Ventricle] Dice: 91.39
[2024-07-20 18:04:29,689][    INFO] ***** Evaluation ***** >>>> MeanDice: 84.06

[2024-07-20 18:04:29,975][    INFO] ===========> Epoch: 143, LR: 0.00071, Previous best: 85.50
[2024-07-20 18:04:30,838][    INFO] Iters: 0, Total loss: 0.034, Loss x: 0.037, Loss s: 0.054, Loss w_fp: 0.008, Mask ratio: 0.979
[2024-07-20 18:04:39,429][    INFO] ***** Evaluation ***** >>>> Class [0 Right Ventricle] Dice: 81.76
[2024-07-20 18:04:39,429][    INFO] ***** Evaluation ***** >>>> Class [1 Myocardium] Dice: 80.31
[2024-07-20 18:04:39,429][    INFO] ***** Evaluation ***** >>>> Class [2 Left Ventricle] Dice: 91.64
[2024-07-20 18:04:39,430][    INFO] ***** Evaluation ***** >>>> MeanDice: 84.57

[2024-07-20 18:04:39,629][    INFO] ===========> Epoch: 144, LR: 0.00063, Previous best: 85.50
[2024-07-20 18:04:40,487][    INFO] Iters: 0, Total loss: 0.042, Loss x: 0.044, Loss s: 0.078, Loss w_fp: 0.003, Mask ratio: 0.982
[2024-07-20 18:04:49,207][    INFO] ***** Evaluation ***** >>>> Class [0 Right Ventricle] Dice: 81.74
[2024-07-20 18:04:49,207][    INFO] ***** Evaluation ***** >>>> Class [1 Myocardium] Dice: 80.06
[2024-07-20 18:04:49,208][    INFO] ***** Evaluation ***** >>>> Class [2 Left Ventricle] Dice: 91.60
[2024-07-20 18:04:49,208][    INFO] ***** Evaluation ***** >>>> MeanDice: 84.47

[2024-07-20 18:04:49,407][    INFO] ===========> Epoch: 145, LR: 0.00054, Previous best: 85.50
[2024-07-20 18:04:50,202][    INFO] Iters: 0, Total loss: 0.031, Loss x: 0.037, Loss s: 0.042, Loss w_fp: 0.006, Mask ratio: 0.983
[2024-07-20 18:05:01,264][    INFO] ***** Evaluation ***** >>>> Class [0 Right Ventricle] Dice: 81.33
[2024-07-20 18:05:01,264][    INFO] ***** Evaluation ***** >>>> Class [1 Myocardium] Dice: 80.04
[2024-07-20 18:05:01,264][    INFO] ***** Evaluation ***** >>>> Class [2 Left Ventricle] Dice: 91.45
[2024-07-20 18:05:01,264][    INFO] ***** Evaluation ***** >>>> MeanDice: 84.27

[2024-07-20 18:05:01,464][    INFO] ===========> Epoch: 146, LR: 0.00046, Previous best: 85.50
[2024-07-20 18:05:02,320][    INFO] Iters: 0, Total loss: 0.034, Loss x: 0.027, Loss s: 0.071, Loss w_fp: 0.009, Mask ratio: 0.981
[2024-07-20 18:05:12,109][    INFO] ***** Evaluation ***** >>>> Class [0 Right Ventricle] Dice: 81.74
[2024-07-20 18:05:12,109][    INFO] ***** Evaluation ***** >>>> Class [1 Myocardium] Dice: 79.76
[2024-07-20 18:05:12,109][    INFO] ***** Evaluation ***** >>>> Class [2 Left Ventricle] Dice: 91.48
[2024-07-20 18:05:12,109][    INFO] ***** Evaluation ***** >>>> MeanDice: 84.33

[2024-07-20 18:05:12,307][    INFO] ===========> Epoch: 147, LR: 0.00037, Previous best: 85.50
[2024-07-20 18:05:13,139][    INFO] Iters: 0, Total loss: 0.034, Loss x: 0.044, Loss s: 0.042, Loss w_fp: 0.007, Mask ratio: 0.984
[2024-07-20 18:05:21,845][    INFO] ***** Evaluation ***** >>>> Class [0 Right Ventricle] Dice: 81.78
[2024-07-20 18:05:21,846][    INFO] ***** Evaluation ***** >>>> Class [1 Myocardium] Dice: 79.84
[2024-07-20 18:05:21,846][    INFO] ***** Evaluation ***** >>>> Class [2 Left Ventricle] Dice: 91.50
[2024-07-20 18:05:21,846][    INFO] ***** Evaluation ***** >>>> MeanDice: 84.37

[2024-07-20 18:05:22,045][    INFO] ===========> Epoch: 148, LR: 0.00029, Previous best: 85.50
[2024-07-20 18:05:22,938][    INFO] Iters: 0, Total loss: 0.033, Loss x: 0.050, Loss s: 0.026, Loss w_fp: 0.008, Mask ratio: 0.983
[2024-07-20 18:05:34,051][    INFO] ***** Evaluation ***** >>>> Class [0 Right Ventricle] Dice: 81.77
[2024-07-20 18:05:34,052][    INFO] ***** Evaluation ***** >>>> Class [1 Myocardium] Dice: 79.85
[2024-07-20 18:05:34,052][    INFO] ***** Evaluation ***** >>>> Class [2 Left Ventricle] Dice: 91.34
[2024-07-20 18:05:34,052][    INFO] ***** Evaluation ***** >>>> MeanDice: 84.32

[2024-07-20 18:05:34,252][    INFO] ===========> Epoch: 149, LR: 0.00020, Previous best: 85.50
[2024-07-20 18:05:35,098][    INFO] Iters: 0, Total loss: 0.026, Loss x: 0.029, Loss s: 0.041, Loss w_fp: 0.008, Mask ratio: 0.982
[2024-07-20 18:05:43,703][    INFO] ***** Evaluation ***** >>>> Class [0 Right Ventricle] Dice: 81.94
[2024-07-20 18:05:43,704][    INFO] ***** Evaluation ***** >>>> Class [1 Myocardium] Dice: 80.06
[2024-07-20 18:05:43,704][    INFO] ***** Evaluation ***** >>>> Class [2 Left Ventricle] Dice: 91.53
[2024-07-20 18:05:43,704][    INFO] ***** Evaluation ***** >>>> MeanDice: 84.51

