/var/lib/slurm-llnl/slurmd/job15561/slurm_script: line 12: module: command not found
/var/lib/slurm-llnl/slurmd/job15561/slurm_script: line 13: activate: No such file or directory

CondaError: Run 'conda init' before 'conda deactivate'


CondaError: Run 'conda init' before 'conda activate'

[2024-07-20 18:05:52,053][    INFO] {'batch_size': 12,
 'conf_thresh': 0.95,
 'crop_size': 256,
 'data_root': '/vol/aimspace/projects/ukbb/data/cardiac/cardiac_segmentations/subjects',
 'dataset': 'ukbb',
 'epochs': 150,
 'exp': '4',
 'local_rank': 0,
 'lr': 0.01,
 'mode': 'train',
 'nclass': 4,
 'nclass_classif': 3,
 'ngpus': 1,
 'num_workers': 1,
 'port': 8073,
 'seed': '73',
 'seg_model': 'unet',
 'split': 18,
 'task': 'seg_only_mid_slices',
 'visualize': False}

[2024-07-20 18:05:52,100][    INFO] Total params: 1.8M

[2024-07-20 18:05:53,048][    INFO] ************ Load from checkpoint at epoch 99

[2024-07-20 18:05:53,048][    INFO] ===========> Epoch: 100, LR: 0.00014, Previous best: 87.69
[2024-07-20 18:05:57,437][    INFO] Iters: 0, Total loss: 0.037, Loss x: 0.043, Loss s: 0.050, Loss w_fp: 0.012, Mask ratio: 0.982
[2024-07-20 18:06:06,334][    INFO] ***** Evaluation ***** >>>> Class [0 Right Ventricle] Dice: 83.71
[2024-07-20 18:06:06,334][    INFO] ***** Evaluation ***** >>>> Class [1 Myocardium] Dice: 83.03
[2024-07-20 18:06:06,334][    INFO] ***** Evaluation ***** >>>> Class [2 Left Ventricle] Dice: 93.38
[2024-07-20 18:06:06,334][    INFO] ***** Evaluation ***** >>>> MeanDice: 86.71

[2024-07-20 18:06:06,556][    INFO] ===========> Epoch: 101, LR: 0.00371, Previous best: 87.69
[2024-07-20 18:06:07,330][    INFO] Iters: 0, Total loss: 0.036, Loss x: 0.044, Loss s: 0.045, Loss w_fp: 0.009, Mask ratio: 0.983
[2024-07-20 18:06:16,482][    INFO] ***** Evaluation ***** >>>> Class [0 Right Ventricle] Dice: 84.65
[2024-07-20 18:06:16,483][    INFO] ***** Evaluation ***** >>>> Class [1 Myocardium] Dice: 83.66
[2024-07-20 18:06:16,483][    INFO] ***** Evaluation ***** >>>> Class [2 Left Ventricle] Dice: 93.41
[2024-07-20 18:06:16,483][    INFO] ***** Evaluation ***** >>>> MeanDice: 87.24

[2024-07-20 18:06:16,685][    INFO] ===========> Epoch: 102, LR: 0.00365, Previous best: 87.69
[2024-07-20 18:06:17,466][    INFO] Iters: 0, Total loss: 0.029, Loss x: 0.033, Loss s: 0.044, Loss w_fp: 0.006, Mask ratio: 0.982
[2024-07-20 18:06:26,305][    INFO] ***** Evaluation ***** >>>> Class [0 Right Ventricle] Dice: 84.45
[2024-07-20 18:06:26,306][    INFO] ***** Evaluation ***** >>>> Class [1 Myocardium] Dice: 83.23
[2024-07-20 18:06:26,306][    INFO] ***** Evaluation ***** >>>> Class [2 Left Ventricle] Dice: 94.14
[2024-07-20 18:06:26,306][    INFO] ***** Evaluation ***** >>>> MeanDice: 87.27

[2024-07-20 18:06:26,508][    INFO] ===========> Epoch: 103, LR: 0.00358, Previous best: 87.69
[2024-07-20 18:06:27,301][    INFO] Iters: 0, Total loss: 0.040, Loss x: 0.044, Loss s: 0.066, Loss w_fp: 0.007, Mask ratio: 0.980
[2024-07-20 18:06:36,059][    INFO] ***** Evaluation ***** >>>> Class [0 Right Ventricle] Dice: 84.89
[2024-07-20 18:06:36,060][    INFO] ***** Evaluation ***** >>>> Class [1 Myocardium] Dice: 84.70
[2024-07-20 18:06:36,060][    INFO] ***** Evaluation ***** >>>> Class [2 Left Ventricle] Dice: 93.77
[2024-07-20 18:06:36,060][    INFO] ***** Evaluation ***** >>>> MeanDice: 87.79

[2024-07-20 18:06:36,474][    INFO] ===========> Epoch: 104, LR: 0.00351, Previous best: 87.79
[2024-07-20 18:06:37,310][    INFO] Iters: 0, Total loss: 0.033, Loss x: 0.043, Loss s: 0.043, Loss w_fp: 0.006, Mask ratio: 0.982
[2024-07-20 18:06:46,220][    INFO] ***** Evaluation ***** >>>> Class [0 Right Ventricle] Dice: 84.42
[2024-07-20 18:06:46,221][    INFO] ***** Evaluation ***** >>>> Class [1 Myocardium] Dice: 82.02
[2024-07-20 18:06:46,221][    INFO] ***** Evaluation ***** >>>> Class [2 Left Ventricle] Dice: 93.21
[2024-07-20 18:06:46,221][    INFO] ***** Evaluation ***** >>>> MeanDice: 86.55

[2024-07-20 18:06:46,419][    INFO] ===========> Epoch: 105, LR: 0.00344, Previous best: 87.79
[2024-07-20 18:06:47,221][    INFO] Iters: 0, Total loss: 0.042, Loss x: 0.065, Loss s: 0.028, Loss w_fp: 0.009, Mask ratio: 0.986
[2024-07-20 18:06:55,383][    INFO] ***** Evaluation ***** >>>> Class [0 Right Ventricle] Dice: 84.38
[2024-07-20 18:06:55,383][    INFO] ***** Evaluation ***** >>>> Class [1 Myocardium] Dice: 84.34
[2024-07-20 18:06:55,383][    INFO] ***** Evaluation ***** >>>> Class [2 Left Ventricle] Dice: 93.87
[2024-07-20 18:06:55,383][    INFO] ***** Evaluation ***** >>>> MeanDice: 87.53

[2024-07-20 18:06:55,582][    INFO] ===========> Epoch: 106, LR: 0.00338, Previous best: 87.79
[2024-07-20 18:06:56,471][    INFO] Iters: 0, Total loss: 0.041, Loss x: 0.050, Loss s: 0.052, Loss w_fp: 0.011, Mask ratio: 0.982
[2024-07-20 18:07:04,500][    INFO] ***** Evaluation ***** >>>> Class [0 Right Ventricle] Dice: 84.86
[2024-07-20 18:07:04,501][    INFO] ***** Evaluation ***** >>>> Class [1 Myocardium] Dice: 81.91
[2024-07-20 18:07:04,501][    INFO] ***** Evaluation ***** >>>> Class [2 Left Ventricle] Dice: 93.50
[2024-07-20 18:07:04,501][    INFO] ***** Evaluation ***** >>>> MeanDice: 86.76

[2024-07-20 18:07:04,698][    INFO] ===========> Epoch: 107, LR: 0.00331, Previous best: 87.79
[2024-07-20 18:07:05,502][    INFO] Iters: 0, Total loss: 0.037, Loss x: 0.035, Loss s: 0.059, Loss w_fp: 0.018, Mask ratio: 0.978
[2024-07-20 18:07:13,527][    INFO] ***** Evaluation ***** >>>> Class [0 Right Ventricle] Dice: 84.81
[2024-07-20 18:07:13,527][    INFO] ***** Evaluation ***** >>>> Class [1 Myocardium] Dice: 83.64
[2024-07-20 18:07:13,527][    INFO] ***** Evaluation ***** >>>> Class [2 Left Ventricle] Dice: 94.29
[2024-07-20 18:07:13,527][    INFO] ***** Evaluation ***** >>>> MeanDice: 87.58

[2024-07-20 18:07:13,724][    INFO] ===========> Epoch: 108, LR: 0.00324, Previous best: 87.79
[2024-07-20 18:07:14,524][    INFO] Iters: 0, Total loss: 0.037, Loss x: 0.042, Loss s: 0.060, Loss w_fp: 0.005, Mask ratio: 0.984
[2024-07-20 18:07:22,750][    INFO] ***** Evaluation ***** >>>> Class [0 Right Ventricle] Dice: 85.46
[2024-07-20 18:07:22,750][    INFO] ***** Evaluation ***** >>>> Class [1 Myocardium] Dice: 83.48
[2024-07-20 18:07:22,750][    INFO] ***** Evaluation ***** >>>> Class [2 Left Ventricle] Dice: 93.73
[2024-07-20 18:07:22,751][    INFO] ***** Evaluation ***** >>>> MeanDice: 87.56

[2024-07-20 18:07:22,951][    INFO] ===========> Epoch: 109, LR: 0.00317, Previous best: 87.79
[2024-07-20 18:07:23,764][    INFO] Iters: 0, Total loss: 0.032, Loss x: 0.040, Loss s: 0.040, Loss w_fp: 0.005, Mask ratio: 0.983
[2024-07-20 18:07:31,909][    INFO] ***** Evaluation ***** >>>> Class [0 Right Ventricle] Dice: 85.07
[2024-07-20 18:07:31,910][    INFO] ***** Evaluation ***** >>>> Class [1 Myocardium] Dice: 82.98
[2024-07-20 18:07:31,910][    INFO] ***** Evaluation ***** >>>> Class [2 Left Ventricle] Dice: 93.61
[2024-07-20 18:07:31,910][    INFO] ***** Evaluation ***** >>>> MeanDice: 87.22

[2024-07-20 18:07:32,110][    INFO] ===========> Epoch: 110, LR: 0.00310, Previous best: 87.79
[2024-07-20 18:07:32,922][    INFO] Iters: 0, Total loss: 0.034, Loss x: 0.037, Loss s: 0.051, Loss w_fp: 0.011, Mask ratio: 0.982
[2024-07-20 18:07:41,734][    INFO] ***** Evaluation ***** >>>> Class [0 Right Ventricle] Dice: 84.42
[2024-07-20 18:07:41,734][    INFO] ***** Evaluation ***** >>>> Class [1 Myocardium] Dice: 83.69
[2024-07-20 18:07:41,734][    INFO] ***** Evaluation ***** >>>> Class [2 Left Ventricle] Dice: 94.01
[2024-07-20 18:07:41,734][    INFO] ***** Evaluation ***** >>>> MeanDice: 87.37

[2024-07-20 18:07:41,932][    INFO] ===========> Epoch: 111, LR: 0.00304, Previous best: 87.79
[2024-07-20 18:07:42,717][    INFO] Iters: 0, Total loss: 0.027, Loss x: 0.041, Loss s: 0.020, Loss w_fp: 0.006, Mask ratio: 0.981
[2024-07-20 18:07:50,588][    INFO] ***** Evaluation ***** >>>> Class [0 Right Ventricle] Dice: 84.68
[2024-07-20 18:07:50,589][    INFO] ***** Evaluation ***** >>>> Class [1 Myocardium] Dice: 84.05
[2024-07-20 18:07:50,589][    INFO] ***** Evaluation ***** >>>> Class [2 Left Ventricle] Dice: 94.01
[2024-07-20 18:07:50,589][    INFO] ***** Evaluation ***** >>>> MeanDice: 87.58

[2024-07-20 18:07:50,896][    INFO] ===========> Epoch: 112, LR: 0.00297, Previous best: 87.79
[2024-07-20 18:07:51,669][    INFO] Iters: 0, Total loss: 0.026, Loss x: 0.037, Loss s: 0.022, Loss w_fp: 0.007, Mask ratio: 0.982
[2024-07-20 18:07:59,950][    INFO] ***** Evaluation ***** >>>> Class [0 Right Ventricle] Dice: 84.92
[2024-07-20 18:07:59,950][    INFO] ***** Evaluation ***** >>>> Class [1 Myocardium] Dice: 82.92
[2024-07-20 18:07:59,950][    INFO] ***** Evaluation ***** >>>> Class [2 Left Ventricle] Dice: 93.51
[2024-07-20 18:07:59,950][    INFO] ***** Evaluation ***** >>>> MeanDice: 87.12

[2024-07-20 18:08:00,152][    INFO] ===========> Epoch: 113, LR: 0.00290, Previous best: 87.79
[2024-07-20 18:08:00,943][    INFO] Iters: 0, Total loss: 0.030, Loss x: 0.037, Loss s: 0.043, Loss w_fp: 0.005, Mask ratio: 0.983
[2024-07-20 18:08:08,840][    INFO] ***** Evaluation ***** >>>> Class [0 Right Ventricle] Dice: 85.06
[2024-07-20 18:08:08,840][    INFO] ***** Evaluation ***** >>>> Class [1 Myocardium] Dice: 83.49
[2024-07-20 18:08:08,840][    INFO] ***** Evaluation ***** >>>> Class [2 Left Ventricle] Dice: 94.17
[2024-07-20 18:08:08,840][    INFO] ***** Evaluation ***** >>>> MeanDice: 87.57

[2024-07-20 18:08:09,041][    INFO] ===========> Epoch: 114, LR: 0.00283, Previous best: 87.79
[2024-07-20 18:08:09,839][    INFO] Iters: 0, Total loss: 0.034, Loss x: 0.046, Loss s: 0.036, Loss w_fp: 0.006, Mask ratio: 0.981
[2024-07-20 18:08:18,146][    INFO] ***** Evaluation ***** >>>> Class [0 Right Ventricle] Dice: 85.43
[2024-07-20 18:08:18,146][    INFO] ***** Evaluation ***** >>>> Class [1 Myocardium] Dice: 83.66
[2024-07-20 18:08:18,146][    INFO] ***** Evaluation ***** >>>> Class [2 Left Ventricle] Dice: 93.97
[2024-07-20 18:08:18,146][    INFO] ***** Evaluation ***** >>>> MeanDice: 87.69

[2024-07-20 18:08:18,343][    INFO] ===========> Epoch: 115, LR: 0.00276, Previous best: 87.79
[2024-07-20 18:08:19,456][    INFO] Iters: 0, Total loss: 0.037, Loss x: 0.039, Loss s: 0.063, Loss w_fp: 0.007, Mask ratio: 0.980
[2024-07-20 18:08:27,807][    INFO] ***** Evaluation ***** >>>> Class [0 Right Ventricle] Dice: 84.86
[2024-07-20 18:08:27,807][    INFO] ***** Evaluation ***** >>>> Class [1 Myocardium] Dice: 83.34
[2024-07-20 18:08:27,807][    INFO] ***** Evaluation ***** >>>> Class [2 Left Ventricle] Dice: 93.85
[2024-07-20 18:08:27,807][    INFO] ***** Evaluation ***** >>>> MeanDice: 87.35

[2024-07-20 18:08:28,006][    INFO] ===========> Epoch: 116, LR: 0.00269, Previous best: 87.79
[2024-07-20 18:08:28,829][    INFO] Iters: 0, Total loss: 0.034, Loss x: 0.034, Loss s: 0.060, Loss w_fp: 0.007, Mask ratio: 0.982
[2024-07-20 18:08:37,523][    INFO] ***** Evaluation ***** >>>> Class [0 Right Ventricle] Dice: 84.38
[2024-07-20 18:08:37,524][    INFO] ***** Evaluation ***** >>>> Class [1 Myocardium] Dice: 82.42
[2024-07-20 18:08:37,524][    INFO] ***** Evaluation ***** >>>> Class [2 Left Ventricle] Dice: 93.68
[2024-07-20 18:08:37,524][    INFO] ***** Evaluation ***** >>>> MeanDice: 86.83

[2024-07-20 18:08:37,721][    INFO] ===========> Epoch: 117, LR: 0.00262, Previous best: 87.79
[2024-07-20 18:08:38,513][    INFO] Iters: 0, Total loss: 0.026, Loss x: 0.034, Loss s: 0.028, Loss w_fp: 0.007, Mask ratio: 0.984
[2024-07-20 18:08:46,983][    INFO] ***** Evaluation ***** >>>> Class [0 Right Ventricle] Dice: 84.73
[2024-07-20 18:08:46,983][    INFO] ***** Evaluation ***** >>>> Class [1 Myocardium] Dice: 84.29
[2024-07-20 18:08:46,983][    INFO] ***** Evaluation ***** >>>> Class [2 Left Ventricle] Dice: 94.32
[2024-07-20 18:08:46,983][    INFO] ***** Evaluation ***** >>>> MeanDice: 87.78

[2024-07-20 18:08:47,180][    INFO] ===========> Epoch: 118, LR: 0.00255, Previous best: 87.79
[2024-07-20 18:08:47,970][    INFO] Iters: 0, Total loss: 0.037, Loss x: 0.030, Loss s: 0.081, Loss w_fp: 0.006, Mask ratio: 0.983
[2024-07-20 18:08:56,181][    INFO] ***** Evaluation ***** >>>> Class [0 Right Ventricle] Dice: 85.15
[2024-07-20 18:08:56,181][    INFO] ***** Evaluation ***** >>>> Class [1 Myocardium] Dice: 82.89
[2024-07-20 18:08:56,181][    INFO] ***** Evaluation ***** >>>> Class [2 Left Ventricle] Dice: 93.86
[2024-07-20 18:08:56,181][    INFO] ***** Evaluation ***** >>>> MeanDice: 87.30

[2024-07-20 18:08:56,379][    INFO] ===========> Epoch: 119, LR: 0.00248, Previous best: 87.79
[2024-07-20 18:08:57,138][    INFO] Iters: 0, Total loss: 0.026, Loss x: 0.040, Loss s: 0.015, Loss w_fp: 0.011, Mask ratio: 0.981
[2024-07-20 18:09:05,469][    INFO] ***** Evaluation ***** >>>> Class [0 Right Ventricle] Dice: 85.00
[2024-07-20 18:09:05,469][    INFO] ***** Evaluation ***** >>>> Class [1 Myocardium] Dice: 82.32
[2024-07-20 18:09:05,470][    INFO] ***** Evaluation ***** >>>> Class [2 Left Ventricle] Dice: 93.75
[2024-07-20 18:09:05,470][    INFO] ***** Evaluation ***** >>>> MeanDice: 87.02

[2024-07-20 18:09:05,666][    INFO] ===========> Epoch: 120, LR: 0.00241, Previous best: 87.79
[2024-07-20 18:09:06,478][    INFO] Iters: 0, Total loss: 0.037, Loss x: 0.038, Loss s: 0.060, Loss w_fp: 0.011, Mask ratio: 0.981
[2024-07-20 18:09:17,534][    INFO] ***** Evaluation ***** >>>> Class [0 Right Ventricle] Dice: 85.30
[2024-07-20 18:09:17,535][    INFO] ***** Evaluation ***** >>>> Class [1 Myocardium] Dice: 83.12
[2024-07-20 18:09:17,535][    INFO] ***** Evaluation ***** >>>> Class [2 Left Ventricle] Dice: 93.66
[2024-07-20 18:09:17,535][    INFO] ***** Evaluation ***** >>>> MeanDice: 87.36

[2024-07-20 18:09:17,734][    INFO] ===========> Epoch: 121, LR: 0.00234, Previous best: 87.79
[2024-07-20 18:09:18,531][    INFO] Iters: 0, Total loss: 0.027, Loss x: 0.034, Loss s: 0.032, Loss w_fp: 0.009, Mask ratio: 0.982
[2024-07-20 18:09:26,703][    INFO] ***** Evaluation ***** >>>> Class [0 Right Ventricle] Dice: 85.01
[2024-07-20 18:09:26,703][    INFO] ***** Evaluation ***** >>>> Class [1 Myocardium] Dice: 83.79
[2024-07-20 18:09:26,703][    INFO] ***** Evaluation ***** >>>> Class [2 Left Ventricle] Dice: 94.36
[2024-07-20 18:09:26,703][    INFO] ***** Evaluation ***** >>>> MeanDice: 87.72

[2024-07-20 18:09:27,032][    INFO] ===========> Epoch: 122, LR: 0.00227, Previous best: 87.79
[2024-07-20 18:09:27,785][    INFO] Iters: 0, Total loss: 0.036, Loss x: 0.054, Loss s: 0.027, Loss w_fp: 0.008, Mask ratio: 0.985
[2024-07-20 18:09:36,034][    INFO] ***** Evaluation ***** >>>> Class [0 Right Ventricle] Dice: 85.71
[2024-07-20 18:09:36,034][    INFO] ***** Evaluation ***** >>>> Class [1 Myocardium] Dice: 84.05
[2024-07-20 18:09:36,034][    INFO] ***** Evaluation ***** >>>> Class [2 Left Ventricle] Dice: 94.07
[2024-07-20 18:09:36,034][    INFO] ***** Evaluation ***** >>>> MeanDice: 87.94

[2024-07-20 18:09:36,424][    INFO] ===========> Epoch: 123, LR: 0.00220, Previous best: 87.94
[2024-07-20 18:09:37,209][    INFO] Iters: 0, Total loss: 0.031, Loss x: 0.047, Loss s: 0.025, Loss w_fp: 0.005, Mask ratio: 0.984
[2024-07-20 18:09:48,493][    INFO] ***** Evaluation ***** >>>> Class [0 Right Ventricle] Dice: 85.88
[2024-07-20 18:09:48,493][    INFO] ***** Evaluation ***** >>>> Class [1 Myocardium] Dice: 84.12
[2024-07-20 18:09:48,493][    INFO] ***** Evaluation ***** >>>> Class [2 Left Ventricle] Dice: 94.65
[2024-07-20 18:09:48,493][    INFO] ***** Evaluation ***** >>>> MeanDice: 88.22

[2024-07-20 18:09:49,519][    INFO] ===========> Epoch: 124, LR: 0.00213, Previous best: 88.22
[2024-07-20 18:09:50,313][    INFO] Iters: 0, Total loss: 0.036, Loss x: 0.042, Loss s: 0.049, Loss w_fp: 0.010, Mask ratio: 0.982
[2024-07-20 18:09:58,478][    INFO] ***** Evaluation ***** >>>> Class [0 Right Ventricle] Dice: 84.92
[2024-07-20 18:09:58,479][    INFO] ***** Evaluation ***** >>>> Class [1 Myocardium] Dice: 82.39
[2024-07-20 18:09:58,479][    INFO] ***** Evaluation ***** >>>> Class [2 Left Ventricle] Dice: 93.74
[2024-07-20 18:09:58,479][    INFO] ***** Evaluation ***** >>>> MeanDice: 87.02

[2024-07-20 18:09:58,680][    INFO] ===========> Epoch: 125, LR: 0.00206, Previous best: 88.22
[2024-07-20 18:09:59,582][    INFO] Iters: 0, Total loss: 0.030, Loss x: 0.046, Loss s: 0.022, Loss w_fp: 0.006, Mask ratio: 0.982
[2024-07-20 18:10:15,517][    INFO] ***** Evaluation ***** >>>> Class [0 Right Ventricle] Dice: 85.28
[2024-07-20 18:10:15,518][    INFO] ***** Evaluation ***** >>>> Class [1 Myocardium] Dice: 84.78
[2024-07-20 18:10:15,518][    INFO] ***** Evaluation ***** >>>> Class [2 Left Ventricle] Dice: 94.45
[2024-07-20 18:10:15,518][    INFO] ***** Evaluation ***** >>>> MeanDice: 88.17

[2024-07-20 18:10:15,718][    INFO] ===========> Epoch: 126, LR: 0.00199, Previous best: 88.22
[2024-07-20 18:10:16,490][    INFO] Iters: 0, Total loss: 0.031, Loss x: 0.041, Loss s: 0.036, Loss w_fp: 0.006, Mask ratio: 0.985
[2024-07-20 18:10:25,299][    INFO] ***** Evaluation ***** >>>> Class [0 Right Ventricle] Dice: 84.95
[2024-07-20 18:10:25,300][    INFO] ***** Evaluation ***** >>>> Class [1 Myocardium] Dice: 83.92
[2024-07-20 18:10:25,300][    INFO] ***** Evaluation ***** >>>> Class [2 Left Ventricle] Dice: 94.12
[2024-07-20 18:10:25,300][    INFO] ***** Evaluation ***** >>>> MeanDice: 87.67

[2024-07-20 18:10:25,497][    INFO] ===========> Epoch: 127, LR: 0.00191, Previous best: 88.22
[2024-07-20 18:10:26,261][    INFO] Iters: 0, Total loss: 0.021, Loss x: 0.034, Loss s: 0.013, Loss w_fp: 0.004, Mask ratio: 0.981
[2024-07-20 18:10:34,059][    INFO] ***** Evaluation ***** >>>> Class [0 Right Ventricle] Dice: 85.56
[2024-07-20 18:10:34,059][    INFO] ***** Evaluation ***** >>>> Class [1 Myocardium] Dice: 83.96
[2024-07-20 18:10:34,060][    INFO] ***** Evaluation ***** >>>> Class [2 Left Ventricle] Dice: 94.26
[2024-07-20 18:10:34,060][    INFO] ***** Evaluation ***** >>>> MeanDice: 87.93

[2024-07-20 18:10:34,255][    INFO] ===========> Epoch: 128, LR: 0.00184, Previous best: 88.22
[2024-07-20 18:10:35,005][    INFO] Iters: 0, Total loss: 0.026, Loss x: 0.040, Loss s: 0.015, Loss w_fp: 0.008, Mask ratio: 0.981
[2024-07-20 18:10:47,351][    INFO] ***** Evaluation ***** >>>> Class [0 Right Ventricle] Dice: 85.11
[2024-07-20 18:10:47,352][    INFO] ***** Evaluation ***** >>>> Class [1 Myocardium] Dice: 84.27
[2024-07-20 18:10:47,352][    INFO] ***** Evaluation ***** >>>> Class [2 Left Ventricle] Dice: 94.29
[2024-07-20 18:10:47,352][    INFO] ***** Evaluation ***** >>>> MeanDice: 87.89

[2024-07-20 18:10:47,843][    INFO] ===========> Epoch: 129, LR: 0.00177, Previous best: 88.22
[2024-07-20 18:10:49,469][    INFO] Iters: 0, Total loss: 0.027, Loss x: 0.029, Loss s: 0.041, Loss w_fp: 0.009, Mask ratio: 0.982
[2024-07-20 18:10:57,633][    INFO] ***** Evaluation ***** >>>> Class [0 Right Ventricle] Dice: 85.39
[2024-07-20 18:10:57,634][    INFO] ***** Evaluation ***** >>>> Class [1 Myocardium] Dice: 83.75
[2024-07-20 18:10:57,634][    INFO] ***** Evaluation ***** >>>> Class [2 Left Ventricle] Dice: 93.86
[2024-07-20 18:10:57,634][    INFO] ***** Evaluation ***** >>>> MeanDice: 87.67

[2024-07-20 18:10:57,832][    INFO] ===========> Epoch: 130, LR: 0.00170, Previous best: 88.22
[2024-07-20 18:10:58,673][    INFO] Iters: 0, Total loss: 0.024, Loss x: 0.034, Loss s: 0.020, Loss w_fp: 0.008, Mask ratio: 0.984
[2024-07-20 18:11:07,926][    INFO] ***** Evaluation ***** >>>> Class [0 Right Ventricle] Dice: 85.07
[2024-07-20 18:11:07,926][    INFO] ***** Evaluation ***** >>>> Class [1 Myocardium] Dice: 84.02
[2024-07-20 18:11:07,926][    INFO] ***** Evaluation ***** >>>> Class [2 Left Ventricle] Dice: 94.23
[2024-07-20 18:11:07,926][    INFO] ***** Evaluation ***** >>>> MeanDice: 87.77

[2024-07-20 18:11:08,123][    INFO] ===========> Epoch: 131, LR: 0.00162, Previous best: 88.22
[2024-07-20 18:11:08,922][    INFO] Iters: 0, Total loss: 0.029, Loss x: 0.039, Loss s: 0.035, Loss w_fp: 0.004, Mask ratio: 0.984
[2024-07-20 18:11:17,442][    INFO] ***** Evaluation ***** >>>> Class [0 Right Ventricle] Dice: 85.27
[2024-07-20 18:11:17,442][    INFO] ***** Evaluation ***** >>>> Class [1 Myocardium] Dice: 84.52
[2024-07-20 18:11:17,442][    INFO] ***** Evaluation ***** >>>> Class [2 Left Ventricle] Dice: 94.17
[2024-07-20 18:11:17,442][    INFO] ***** Evaluation ***** >>>> MeanDice: 87.98

[2024-07-20 18:11:17,643][    INFO] ===========> Epoch: 132, LR: 0.00155, Previous best: 88.22
[2024-07-20 18:11:18,429][    INFO] Iters: 0, Total loss: 0.035, Loss x: 0.045, Loss s: 0.043, Loss w_fp: 0.008, Mask ratio: 0.983
[2024-07-20 18:11:27,020][    INFO] ***** Evaluation ***** >>>> Class [0 Right Ventricle] Dice: 85.33
[2024-07-20 18:11:27,021][    INFO] ***** Evaluation ***** >>>> Class [1 Myocardium] Dice: 83.71
[2024-07-20 18:11:27,021][    INFO] ***** Evaluation ***** >>>> Class [2 Left Ventricle] Dice: 94.05
[2024-07-20 18:11:27,021][    INFO] ***** Evaluation ***** >>>> MeanDice: 87.70

[2024-07-20 18:11:27,220][    INFO] ===========> Epoch: 133, LR: 0.00148, Previous best: 88.22
[2024-07-20 18:11:28,012][    INFO] Iters: 0, Total loss: 0.024, Loss x: 0.037, Loss s: 0.014, Loss w_fp: 0.008, Mask ratio: 0.985
[2024-07-20 18:11:36,558][    INFO] ***** Evaluation ***** >>>> Class [0 Right Ventricle] Dice: 85.48
[2024-07-20 18:11:36,558][    INFO] ***** Evaluation ***** >>>> Class [1 Myocardium] Dice: 83.99
[2024-07-20 18:11:36,558][    INFO] ***** Evaluation ***** >>>> Class [2 Left Ventricle] Dice: 94.27
[2024-07-20 18:11:36,558][    INFO] ***** Evaluation ***** >>>> MeanDice: 87.91

[2024-07-20 18:11:36,758][    INFO] ===========> Epoch: 134, LR: 0.00140, Previous best: 88.22
[2024-07-20 18:11:37,578][    INFO] Iters: 0, Total loss: 0.042, Loss x: 0.053, Loss s: 0.056, Loss w_fp: 0.007, Mask ratio: 0.980
[2024-07-20 18:11:46,258][    INFO] ***** Evaluation ***** >>>> Class [0 Right Ventricle] Dice: 85.52
[2024-07-20 18:11:46,259][    INFO] ***** Evaluation ***** >>>> Class [1 Myocardium] Dice: 83.21
[2024-07-20 18:11:46,259][    INFO] ***** Evaluation ***** >>>> Class [2 Left Ventricle] Dice: 93.89
[2024-07-20 18:11:46,259][    INFO] ***** Evaluation ***** >>>> MeanDice: 87.54

[2024-07-20 18:11:46,456][    INFO] ===========> Epoch: 135, LR: 0.00133, Previous best: 88.22
[2024-07-20 18:11:47,303][    INFO] Iters: 0, Total loss: 0.031, Loss x: 0.047, Loss s: 0.024, Loss w_fp: 0.005, Mask ratio: 0.983
[2024-07-20 18:11:55,609][    INFO] ***** Evaluation ***** >>>> Class [0 Right Ventricle] Dice: 86.15
[2024-07-20 18:11:55,609][    INFO] ***** Evaluation ***** >>>> Class [1 Myocardium] Dice: 83.66
[2024-07-20 18:11:55,609][    INFO] ***** Evaluation ***** >>>> Class [2 Left Ventricle] Dice: 94.20
[2024-07-20 18:11:55,609][    INFO] ***** Evaluation ***** >>>> MeanDice: 88.01

[2024-07-20 18:11:55,809][    INFO] ===========> Epoch: 136, LR: 0.00125, Previous best: 88.22
[2024-07-20 18:11:56,602][    INFO] Iters: 0, Total loss: 0.034, Loss x: 0.039, Loss s: 0.042, Loss w_fp: 0.015, Mask ratio: 0.982
[2024-07-20 18:12:05,235][    INFO] ***** Evaluation ***** >>>> Class [0 Right Ventricle] Dice: 85.51
[2024-07-20 18:12:05,235][    INFO] ***** Evaluation ***** >>>> Class [1 Myocardium] Dice: 83.97
[2024-07-20 18:12:05,235][    INFO] ***** Evaluation ***** >>>> Class [2 Left Ventricle] Dice: 94.41
[2024-07-20 18:12:05,235][    INFO] ***** Evaluation ***** >>>> MeanDice: 87.96

[2024-07-20 18:12:05,433][    INFO] ===========> Epoch: 137, LR: 0.00118, Previous best: 88.22
[2024-07-20 18:12:06,240][    INFO] Iters: 0, Total loss: 0.035, Loss x: 0.039, Loss s: 0.056, Loss w_fp: 0.004, Mask ratio: 0.984
[2024-07-20 18:12:14,723][    INFO] ***** Evaluation ***** >>>> Class [0 Right Ventricle] Dice: 85.38
[2024-07-20 18:12:14,723][    INFO] ***** Evaluation ***** >>>> Class [1 Myocardium] Dice: 83.36
[2024-07-20 18:12:14,723][    INFO] ***** Evaluation ***** >>>> Class [2 Left Ventricle] Dice: 94.06
[2024-07-20 18:12:14,723][    INFO] ***** Evaluation ***** >>>> MeanDice: 87.60

[2024-07-20 18:12:14,925][    INFO] ===========> Epoch: 138, LR: 0.00110, Previous best: 88.22
[2024-07-20 18:12:15,790][    INFO] Iters: 0, Total loss: 0.029, Loss x: 0.040, Loss s: 0.027, Loss w_fp: 0.010, Mask ratio: 0.984
[2024-07-20 18:12:24,212][    INFO] ***** Evaluation ***** >>>> Class [0 Right Ventricle] Dice: 85.38
[2024-07-20 18:12:24,213][    INFO] ***** Evaluation ***** >>>> Class [1 Myocardium] Dice: 84.21
[2024-07-20 18:12:24,213][    INFO] ***** Evaluation ***** >>>> Class [2 Left Ventricle] Dice: 94.37
[2024-07-20 18:12:24,213][    INFO] ***** Evaluation ***** >>>> MeanDice: 87.99

[2024-07-20 18:12:24,412][    INFO] ===========> Epoch: 139, LR: 0.00102, Previous best: 88.22
[2024-07-20 18:12:25,233][    INFO] Iters: 0, Total loss: 0.038, Loss x: 0.038, Loss s: 0.069, Loss w_fp: 0.007, Mask ratio: 0.981
[2024-07-20 18:12:34,504][    INFO] ***** Evaluation ***** >>>> Class [0 Right Ventricle] Dice: 85.50
[2024-07-20 18:12:34,505][    INFO] ***** Evaluation ***** >>>> Class [1 Myocardium] Dice: 84.41
[2024-07-20 18:12:34,505][    INFO] ***** Evaluation ***** >>>> Class [2 Left Ventricle] Dice: 94.34
[2024-07-20 18:12:34,505][    INFO] ***** Evaluation ***** >>>> MeanDice: 88.09

[2024-07-20 18:12:34,704][    INFO] ===========> Epoch: 140, LR: 0.00094, Previous best: 88.22
[2024-07-20 18:12:35,525][    INFO] Iters: 0, Total loss: 0.030, Loss x: 0.039, Loss s: 0.035, Loss w_fp: 0.008, Mask ratio: 0.983
[2024-07-20 18:12:43,928][    INFO] ***** Evaluation ***** >>>> Class [0 Right Ventricle] Dice: 85.69
[2024-07-20 18:12:43,928][    INFO] ***** Evaluation ***** >>>> Class [1 Myocardium] Dice: 84.39
[2024-07-20 18:12:43,928][    INFO] ***** Evaluation ***** >>>> Class [2 Left Ventricle] Dice: 94.23
[2024-07-20 18:12:43,928][    INFO] ***** Evaluation ***** >>>> MeanDice: 88.10

[2024-07-20 18:12:44,126][    INFO] ===========> Epoch: 141, LR: 0.00087, Previous best: 88.22
[2024-07-20 18:12:44,904][    INFO] Iters: 0, Total loss: 0.030, Loss x: 0.035, Loss s: 0.039, Loss w_fp: 0.012, Mask ratio: 0.982
[2024-07-20 18:12:53,822][    INFO] ***** Evaluation ***** >>>> Class [0 Right Ventricle] Dice: 85.60
[2024-07-20 18:12:53,823][    INFO] ***** Evaluation ***** >>>> Class [1 Myocardium] Dice: 84.53
[2024-07-20 18:12:53,823][    INFO] ***** Evaluation ***** >>>> Class [2 Left Ventricle] Dice: 94.13
[2024-07-20 18:12:53,823][    INFO] ***** Evaluation ***** >>>> MeanDice: 88.09

[2024-07-20 18:12:54,022][    INFO] ===========> Epoch: 142, LR: 0.00079, Previous best: 88.22
[2024-07-20 18:12:54,840][    INFO] Iters: 0, Total loss: 0.039, Loss x: 0.058, Loss s: 0.033, Loss w_fp: 0.008, Mask ratio: 0.983
[2024-07-20 18:13:03,351][    INFO] ***** Evaluation ***** >>>> Class [0 Right Ventricle] Dice: 85.64
[2024-07-20 18:13:03,351][    INFO] ***** Evaluation ***** >>>> Class [1 Myocardium] Dice: 84.11
[2024-07-20 18:13:03,351][    INFO] ***** Evaluation ***** >>>> Class [2 Left Ventricle] Dice: 94.15
[2024-07-20 18:13:03,351][    INFO] ***** Evaluation ***** >>>> MeanDice: 87.97

[2024-07-20 18:13:03,552][    INFO] ===========> Epoch: 143, LR: 0.00071, Previous best: 88.22
[2024-07-20 18:13:04,405][    INFO] Iters: 0, Total loss: 0.027, Loss x: 0.039, Loss s: 0.024, Loss w_fp: 0.006, Mask ratio: 0.978
[2024-07-20 18:13:12,457][    INFO] ***** Evaluation ***** >>>> Class [0 Right Ventricle] Dice: 85.87
[2024-07-20 18:13:12,457][    INFO] ***** Evaluation ***** >>>> Class [1 Myocardium] Dice: 84.64
[2024-07-20 18:13:12,457][    INFO] ***** Evaluation ***** >>>> Class [2 Left Ventricle] Dice: 94.35
[2024-07-20 18:13:12,458][    INFO] ***** Evaluation ***** >>>> MeanDice: 88.29

[2024-07-20 18:13:12,853][    INFO] ===========> Epoch: 144, LR: 0.00063, Previous best: 88.29
[2024-07-20 18:13:13,708][    INFO] Iters: 0, Total loss: 0.045, Loss x: 0.050, Loss s: 0.073, Loss w_fp: 0.009, Mask ratio: 0.979
[2024-07-20 18:13:22,228][    INFO] ***** Evaluation ***** >>>> Class [0 Right Ventricle] Dice: 85.76
[2024-07-20 18:13:22,228][    INFO] ***** Evaluation ***** >>>> Class [1 Myocardium] Dice: 84.21
[2024-07-20 18:13:22,229][    INFO] ***** Evaluation ***** >>>> Class [2 Left Ventricle] Dice: 94.38
[2024-07-20 18:13:22,229][    INFO] ***** Evaluation ***** >>>> MeanDice: 88.12

[2024-07-20 18:13:22,427][    INFO] ===========> Epoch: 145, LR: 0.00054, Previous best: 88.29
[2024-07-20 18:13:23,241][    INFO] Iters: 0, Total loss: 0.027, Loss x: 0.035, Loss s: 0.030, Loss w_fp: 0.008, Mask ratio: 0.987
[2024-07-20 18:13:31,705][    INFO] ***** Evaluation ***** >>>> Class [0 Right Ventricle] Dice: 85.34
[2024-07-20 18:13:31,706][    INFO] ***** Evaluation ***** >>>> Class [1 Myocardium] Dice: 84.05
[2024-07-20 18:13:31,706][    INFO] ***** Evaluation ***** >>>> Class [2 Left Ventricle] Dice: 94.25
[2024-07-20 18:13:31,706][    INFO] ***** Evaluation ***** >>>> MeanDice: 87.88

[2024-07-20 18:13:31,905][    INFO] ===========> Epoch: 146, LR: 0.00046, Previous best: 88.29
[2024-07-20 18:13:32,758][    INFO] Iters: 0, Total loss: 0.033, Loss x: 0.040, Loss s: 0.045, Loss w_fp: 0.006, Mask ratio: 0.982
[2024-07-20 18:13:42,190][    INFO] ***** Evaluation ***** >>>> Class [0 Right Ventricle] Dice: 85.39
[2024-07-20 18:13:42,190][    INFO] ***** Evaluation ***** >>>> Class [1 Myocardium] Dice: 84.27
[2024-07-20 18:13:42,190][    INFO] ***** Evaluation ***** >>>> Class [2 Left Ventricle] Dice: 94.42
[2024-07-20 18:13:42,190][    INFO] ***** Evaluation ***** >>>> MeanDice: 88.03

[2024-07-20 18:13:42,394][    INFO] ===========> Epoch: 147, LR: 0.00037, Previous best: 88.29
[2024-07-20 18:13:43,290][    INFO] Iters: 0, Total loss: 0.032, Loss x: 0.051, Loss s: 0.021, Loss w_fp: 0.007, Mask ratio: 0.984
[2024-07-20 18:13:51,668][    INFO] ***** Evaluation ***** >>>> Class [0 Right Ventricle] Dice: 85.29
[2024-07-20 18:13:51,668][    INFO] ***** Evaluation ***** >>>> Class [1 Myocardium] Dice: 84.46
[2024-07-20 18:13:51,668][    INFO] ***** Evaluation ***** >>>> Class [2 Left Ventricle] Dice: 94.25
[2024-07-20 18:13:51,668][    INFO] ***** Evaluation ***** >>>> MeanDice: 88.00

[2024-07-20 18:13:51,867][    INFO] ===========> Epoch: 148, LR: 0.00029, Previous best: 88.29
[2024-07-20 18:13:52,680][    INFO] Iters: 0, Total loss: 0.029, Loss x: 0.036, Loss s: 0.034, Loss w_fp: 0.009, Mask ratio: 0.982
[2024-07-20 18:14:01,075][    INFO] ***** Evaluation ***** >>>> Class [0 Right Ventricle] Dice: 85.44
[2024-07-20 18:14:01,075][    INFO] ***** Evaluation ***** >>>> Class [1 Myocardium] Dice: 84.35
[2024-07-20 18:14:01,075][    INFO] ***** Evaluation ***** >>>> Class [2 Left Ventricle] Dice: 94.38
[2024-07-20 18:14:01,075][    INFO] ***** Evaluation ***** >>>> MeanDice: 88.06

[2024-07-20 18:14:01,274][    INFO] ===========> Epoch: 149, LR: 0.00020, Previous best: 88.29
[2024-07-20 18:14:02,125][    INFO] Iters: 0, Total loss: 0.037, Loss x: 0.043, Loss s: 0.050, Loss w_fp: 0.010, Mask ratio: 0.982
[2024-07-20 18:14:13,204][    INFO] ***** Evaluation ***** >>>> Class [0 Right Ventricle] Dice: 85.19
[2024-07-20 18:14:13,204][    INFO] ***** Evaluation ***** >>>> Class [1 Myocardium] Dice: 84.26
[2024-07-20 18:14:13,204][    INFO] ***** Evaluation ***** >>>> Class [2 Left Ventricle] Dice: 94.30
[2024-07-20 18:14:13,204][    INFO] ***** Evaluation ***** >>>> MeanDice: 87.91

