/var/lib/slurm-llnl/slurmd/job15538/slurm_script: line 12: module: command not found
/var/lib/slurm-llnl/slurmd/job15538/slurm_script: line 13: activate: No such file or directory

CondaError: Run 'conda init' before 'conda deactivate'


CondaError: Run 'conda init' before 'conda activate'

[2024-07-20 16:54:29,589][    INFO] {'batch_size': 12,
 'conf_thresh': 0.95,
 'crop_size': 256,
 'data_root': '/vol/aimspace/projects/ukbb/data/cardiac/cardiac_segmentations/subjects',
 'dataset': 'ukbb',
 'epochs': 100,
 'exp': '4',
 'local_rank': 0,
 'lr': 0.01,
 'mode': 'train',
 'nclass': 4,
 'nclass_classif': 3,
 'ngpus': 1,
 'num_workers': 1,
 'port': 8047,
 'seed': '47',
 'seg_model': 'unet',
 'split': 18,
 'task': 'seg_only_mid_slices',
 'visualize': False}

[2024-07-20 16:54:29,623][    INFO] Total params: 1.8M

[2024-07-20 16:54:30,654][    INFO] ===========> Epoch: 0, LR: 0.01000, Previous best: 0.00
[2024-07-20 16:54:36,684][    INFO] Iters: 0, Total loss: 0.951, Loss x: 1.144, Loss s: 0.753, Loss w_fp: 0.762, Mask ratio: 0.000
[2024-07-20 16:54:48,810][    INFO] ***** Evaluation ***** >>>> Class [0 Right Ventricle] Dice: 0.46
[2024-07-20 16:54:48,810][    INFO] ***** Evaluation ***** >>>> Class [1 Myocardium] Dice: 2.78
[2024-07-20 16:54:48,810][    INFO] ***** Evaluation ***** >>>> Class [2 Left Ventricle] Dice: 2.78
[2024-07-20 16:54:48,810][    INFO] ***** Evaluation ***** >>>> MeanDice: 2.01

[2024-07-20 16:54:49,191][    INFO] ===========> Epoch: 1, LR: 0.00999, Previous best: 2.01
[2024-07-20 16:54:49,907][    INFO] Iters: 0, Total loss: 0.715, Loss x: 0.677, Loss s: 0.755, Loss w_fp: 0.751, Mask ratio: 0.023
[2024-07-20 16:54:58,471][    INFO] ***** Evaluation ***** >>>> Class [0 Right Ventricle] Dice: 0.46
[2024-07-20 16:54:58,472][    INFO] ***** Evaluation ***** >>>> Class [1 Myocardium] Dice: 2.78
[2024-07-20 16:54:58,472][    INFO] ***** Evaluation ***** >>>> Class [2 Left Ventricle] Dice: 2.78
[2024-07-20 16:54:58,472][    INFO] ***** Evaluation ***** >>>> MeanDice: 2.01

[2024-07-20 16:54:58,686][    INFO] ===========> Epoch: 2, LR: 0.00990, Previous best: 2.01
[2024-07-20 16:54:59,511][    INFO] Iters: 0, Total loss: 0.595, Loss x: 0.439, Loss s: 0.752, Loss w_fp: 0.753, Mask ratio: 0.553
[2024-07-20 16:55:07,901][    INFO] ***** Evaluation ***** >>>> Class [0 Right Ventricle] Dice: 0.46
[2024-07-20 16:55:07,902][    INFO] ***** Evaluation ***** >>>> Class [1 Myocardium] Dice: 2.78
[2024-07-20 16:55:07,902][    INFO] ***** Evaluation ***** >>>> Class [2 Left Ventricle] Dice: 2.78
[2024-07-20 16:55:07,902][    INFO] ***** Evaluation ***** >>>> MeanDice: 2.01

[2024-07-20 16:55:08,095][    INFO] ===========> Epoch: 3, LR: 0.00981, Previous best: 2.01
[2024-07-20 16:55:08,807][    INFO] Iters: 0, Total loss: 0.587, Loss x: 0.423, Loss s: 0.751, Loss w_fp: 0.752, Mask ratio: 0.669
[2024-07-20 16:55:17,147][    INFO] ***** Evaluation ***** >>>> Class [0 Right Ventricle] Dice: 0.46
[2024-07-20 16:55:17,147][    INFO] ***** Evaluation ***** >>>> Class [1 Myocardium] Dice: 2.78
[2024-07-20 16:55:17,148][    INFO] ***** Evaluation ***** >>>> Class [2 Left Ventricle] Dice: 2.78
[2024-07-20 16:55:17,148][    INFO] ***** Evaluation ***** >>>> MeanDice: 2.01

[2024-07-20 16:55:17,346][    INFO] ===========> Epoch: 4, LR: 0.00972, Previous best: 2.01
[2024-07-20 16:55:18,094][    INFO] Iters: 0, Total loss: 0.581, Loss x: 0.411, Loss s: 0.751, Loss w_fp: 0.752, Mask ratio: 0.644
[2024-07-20 16:55:26,526][    INFO] ***** Evaluation ***** >>>> Class [0 Right Ventricle] Dice: 0.46
[2024-07-20 16:55:26,526][    INFO] ***** Evaluation ***** >>>> Class [1 Myocardium] Dice: 2.78
[2024-07-20 16:55:26,526][    INFO] ***** Evaluation ***** >>>> Class [2 Left Ventricle] Dice: 2.78
[2024-07-20 16:55:26,526][    INFO] ***** Evaluation ***** >>>> MeanDice: 2.01

[2024-07-20 16:55:26,723][    INFO] ===========> Epoch: 5, LR: 0.00963, Previous best: 2.01
[2024-07-20 16:55:27,444][    INFO] Iters: 0, Total loss: 0.572, Loss x: 0.393, Loss s: 0.751, Loss w_fp: 0.752, Mask ratio: 0.634
[2024-07-20 16:55:35,884][    INFO] ***** Evaluation ***** >>>> Class [0 Right Ventricle] Dice: 0.46
[2024-07-20 16:55:35,884][    INFO] ***** Evaluation ***** >>>> Class [1 Myocardium] Dice: 2.78
[2024-07-20 16:55:35,884][    INFO] ***** Evaluation ***** >>>> Class [2 Left Ventricle] Dice: 2.78
[2024-07-20 16:55:35,884][    INFO] ***** Evaluation ***** >>>> MeanDice: 2.01

[2024-07-20 16:55:36,080][    INFO] ===========> Epoch: 6, LR: 0.00954, Previous best: 2.01
[2024-07-20 16:55:36,810][    INFO] Iters: 0, Total loss: 0.572, Loss x: 0.393, Loss s: 0.751, Loss w_fp: 0.752, Mask ratio: 0.650
[2024-07-20 16:55:45,265][    INFO] ***** Evaluation ***** >>>> Class [0 Right Ventricle] Dice: 0.46
[2024-07-20 16:55:45,265][    INFO] ***** Evaluation ***** >>>> Class [1 Myocardium] Dice: 2.78
[2024-07-20 16:55:45,265][    INFO] ***** Evaluation ***** >>>> Class [2 Left Ventricle] Dice: 2.78
[2024-07-20 16:55:45,265][    INFO] ***** Evaluation ***** >>>> MeanDice: 2.01

[2024-07-20 16:55:45,461][    INFO] ===========> Epoch: 7, LR: 0.00945, Previous best: 2.01
[2024-07-20 16:55:46,205][    INFO] Iters: 0, Total loss: 0.564, Loss x: 0.376, Loss s: 0.751, Loss w_fp: 0.752, Mask ratio: 0.664
[2024-07-20 16:56:02,568][    INFO] ***** Evaluation ***** >>>> Class [0 Right Ventricle] Dice: 0.46
[2024-07-20 16:56:02,569][    INFO] ***** Evaluation ***** >>>> Class [1 Myocardium] Dice: 2.78
[2024-07-20 16:56:02,569][    INFO] ***** Evaluation ***** >>>> Class [2 Left Ventricle] Dice: 2.78
[2024-07-20 16:56:02,569][    INFO] ***** Evaluation ***** >>>> MeanDice: 2.01

[2024-07-20 16:56:02,765][    INFO] ===========> Epoch: 8, LR: 0.00936, Previous best: 2.01
[2024-07-20 16:56:03,539][    INFO] Iters: 0, Total loss: 0.563, Loss x: 0.373, Loss s: 0.752, Loss w_fp: 0.753, Mask ratio: 0.696
[2024-07-20 16:56:11,758][    INFO] ***** Evaluation ***** >>>> Class [0 Right Ventricle] Dice: 0.46
[2024-07-20 16:56:11,758][    INFO] ***** Evaluation ***** >>>> Class [1 Myocardium] Dice: 2.78
[2024-07-20 16:56:11,758][    INFO] ***** Evaluation ***** >>>> Class [2 Left Ventricle] Dice: 2.78
[2024-07-20 16:56:11,758][    INFO] ***** Evaluation ***** >>>> MeanDice: 2.01

[2024-07-20 16:56:11,954][    INFO] ===========> Epoch: 9, LR: 0.00927, Previous best: 2.01
[2024-07-20 16:56:12,687][    INFO] Iters: 0, Total loss: 0.546, Loss x: 0.340, Loss s: 0.752, Loss w_fp: 0.753, Mask ratio: 0.742
[2024-07-20 16:56:20,967][    INFO] ***** Evaluation ***** >>>> Class [0 Right Ventricle] Dice: 0.46
[2024-07-20 16:56:20,967][    INFO] ***** Evaluation ***** >>>> Class [1 Myocardium] Dice: 2.78
[2024-07-20 16:56:20,967][    INFO] ***** Evaluation ***** >>>> Class [2 Left Ventricle] Dice: 2.78
[2024-07-20 16:56:20,967][    INFO] ***** Evaluation ***** >>>> MeanDice: 2.01

[2024-07-20 16:56:21,163][    INFO] ===========> Epoch: 10, LR: 0.00918, Previous best: 2.01
[2024-07-20 16:56:21,880][    INFO] Iters: 0, Total loss: 0.545, Loss x: 0.338, Loss s: 0.752, Loss w_fp: 0.754, Mask ratio: 0.733
[2024-07-20 16:56:30,073][    INFO] ***** Evaluation ***** >>>> Class [0 Right Ventricle] Dice: 0.46
[2024-07-20 16:56:30,073][    INFO] ***** Evaluation ***** >>>> Class [1 Myocardium] Dice: 7.94
[2024-07-20 16:56:30,073][    INFO] ***** Evaluation ***** >>>> Class [2 Left Ventricle] Dice: 0.96
[2024-07-20 16:56:30,074][    INFO] ***** Evaluation ***** >>>> MeanDice: 3.12

[2024-07-20 16:56:30,459][    INFO] ===========> Epoch: 11, LR: 0.00909, Previous best: 3.12
[2024-07-20 16:56:31,217][    INFO] Iters: 0, Total loss: 0.527, Loss x: 0.300, Loss s: 0.753, Loss w_fp: 0.755, Mask ratio: 0.788
[2024-07-20 16:56:39,584][    INFO] ***** Evaluation ***** >>>> Class [0 Right Ventricle] Dice: 0.46
[2024-07-20 16:56:39,584][    INFO] ***** Evaluation ***** >>>> Class [1 Myocardium] Dice: 3.56
[2024-07-20 16:56:39,584][    INFO] ***** Evaluation ***** >>>> Class [2 Left Ventricle] Dice: 2.63
[2024-07-20 16:56:39,584][    INFO] ***** Evaluation ***** >>>> MeanDice: 2.22

[2024-07-20 16:56:39,781][    INFO] ===========> Epoch: 12, LR: 0.00900, Previous best: 3.12
[2024-07-20 16:56:40,547][    INFO] Iters: 0, Total loss: 0.517, Loss x: 0.278, Loss s: 0.754, Loss w_fp: 0.757, Mask ratio: 0.857
[2024-07-20 16:56:48,221][    INFO] ***** Evaluation ***** >>>> Class [0 Right Ventricle] Dice: 0.46
[2024-07-20 16:56:48,221][    INFO] ***** Evaluation ***** >>>> Class [1 Myocardium] Dice: 5.22
[2024-07-20 16:56:48,221][    INFO] ***** Evaluation ***** >>>> Class [2 Left Ventricle] Dice: 3.20
[2024-07-20 16:56:48,221][    INFO] ***** Evaluation ***** >>>> MeanDice: 2.96

[2024-07-20 16:56:48,416][    INFO] ===========> Epoch: 13, LR: 0.00890, Previous best: 3.12
[2024-07-20 16:56:49,160][    INFO] Iters: 0, Total loss: 0.509, Loss x: 0.263, Loss s: 0.754, Loss w_fp: 0.756, Mask ratio: 0.881
[2024-07-20 16:56:57,547][    INFO] ***** Evaluation ***** >>>> Class [0 Right Ventricle] Dice: 0.46
[2024-07-20 16:56:57,548][    INFO] ***** Evaluation ***** >>>> Class [1 Myocardium] Dice: 3.50
[2024-07-20 16:56:57,548][    INFO] ***** Evaluation ***** >>>> Class [2 Left Ventricle] Dice: 2.78
[2024-07-20 16:56:57,548][    INFO] ***** Evaluation ***** >>>> MeanDice: 2.25

[2024-07-20 16:56:57,744][    INFO] ===========> Epoch: 14, LR: 0.00881, Previous best: 3.12
[2024-07-20 16:56:58,470][    INFO] Iters: 0, Total loss: 0.484, Loss x: 0.213, Loss s: 0.753, Loss w_fp: 0.756, Mask ratio: 0.908
[2024-07-20 16:57:06,789][    INFO] ***** Evaluation ***** >>>> Class [0 Right Ventricle] Dice: 0.63
[2024-07-20 16:57:06,790][    INFO] ***** Evaluation ***** >>>> Class [1 Myocardium] Dice: 11.40
[2024-07-20 16:57:06,790][    INFO] ***** Evaluation ***** >>>> Class [2 Left Ventricle] Dice: 3.70
[2024-07-20 16:57:06,790][    INFO] ***** Evaluation ***** >>>> MeanDice: 5.24

[2024-07-20 16:57:07,147][    INFO] ===========> Epoch: 15, LR: 0.00872, Previous best: 5.24
[2024-07-20 16:57:07,839][    INFO] Iters: 0, Total loss: 0.489, Loss x: 0.225, Loss s: 0.753, Loss w_fp: 0.752, Mask ratio: 0.899
[2024-07-20 16:57:16,189][    INFO] ***** Evaluation ***** >>>> Class [0 Right Ventricle] Dice: 0.46
[2024-07-20 16:57:16,189][    INFO] ***** Evaluation ***** >>>> Class [1 Myocardium] Dice: 2.96
[2024-07-20 16:57:16,189][    INFO] ***** Evaluation ***** >>>> Class [2 Left Ventricle] Dice: 2.78
[2024-07-20 16:57:16,189][    INFO] ***** Evaluation ***** >>>> MeanDice: 2.07

[2024-07-20 16:57:16,385][    INFO] ===========> Epoch: 16, LR: 0.00863, Previous best: 5.24
[2024-07-20 16:57:17,126][    INFO] Iters: 0, Total loss: 0.473, Loss x: 0.216, Loss s: 0.736, Loss w_fp: 0.725, Mask ratio: 0.885
[2024-07-20 16:57:25,725][    INFO] ***** Evaluation ***** >>>> Class [0 Right Ventricle] Dice: 0.46
[2024-07-20 16:57:25,725][    INFO] ***** Evaluation ***** >>>> Class [1 Myocardium] Dice: 2.80
[2024-07-20 16:57:25,725][    INFO] ***** Evaluation ***** >>>> Class [2 Left Ventricle] Dice: 2.83
[2024-07-20 16:57:25,725][    INFO] ***** Evaluation ***** >>>> MeanDice: 2.03

[2024-07-20 16:57:25,923][    INFO] ===========> Epoch: 17, LR: 0.00854, Previous best: 5.24
[2024-07-20 16:57:26,634][    INFO] Iters: 0, Total loss: 0.396, Loss x: 0.204, Loss s: 0.641, Loss w_fp: 0.535, Mask ratio: 0.909
[2024-07-20 16:57:35,094][    INFO] ***** Evaluation ***** >>>> Class [0 Right Ventricle] Dice: 0.46
[2024-07-20 16:57:35,094][    INFO] ***** Evaluation ***** >>>> Class [1 Myocardium] Dice: 2.78
[2024-07-20 16:57:35,094][    INFO] ***** Evaluation ***** >>>> Class [2 Left Ventricle] Dice: 2.78
[2024-07-20 16:57:35,094][    INFO] ***** Evaluation ***** >>>> MeanDice: 2.01

[2024-07-20 16:57:35,275][    INFO] ===========> Epoch: 18, LR: 0.00845, Previous best: 5.24
[2024-07-20 16:57:35,965][    INFO] Iters: 0, Total loss: 0.418, Loss x: 0.227, Loss s: 0.644, Loss w_fp: 0.574, Mask ratio: 0.896
[2024-07-20 16:57:44,254][    INFO] ***** Evaluation ***** >>>> Class [0 Right Ventricle] Dice: 2.90
[2024-07-20 16:57:44,255][    INFO] ***** Evaluation ***** >>>> Class [1 Myocardium] Dice: 17.13
[2024-07-20 16:57:44,255][    INFO] ***** Evaluation ***** >>>> Class [2 Left Ventricle] Dice: 10.06
[2024-07-20 16:57:44,255][    INFO] ***** Evaluation ***** >>>> MeanDice: 10.03

[2024-07-20 16:57:44,632][    INFO] ===========> Epoch: 19, LR: 0.00836, Previous best: 10.03
[2024-07-20 16:57:45,318][    INFO] Iters: 0, Total loss: 0.387, Loss x: 0.217, Loss s: 0.635, Loss w_fp: 0.481, Mask ratio: 0.913
[2024-07-20 16:57:53,122][    INFO] ***** Evaluation ***** >>>> Class [0 Right Ventricle] Dice: 20.30
[2024-07-20 16:57:53,122][    INFO] ***** Evaluation ***** >>>> Class [1 Myocardium] Dice: 29.52
[2024-07-20 16:57:53,122][    INFO] ***** Evaluation ***** >>>> Class [2 Left Ventricle] Dice: 51.04
[2024-07-20 16:57:53,122][    INFO] ***** Evaluation ***** >>>> MeanDice: 33.62

[2024-07-20 16:57:53,505][    INFO] ===========> Epoch: 20, LR: 0.00826, Previous best: 33.62
[2024-07-20 16:57:54,231][    INFO] Iters: 0, Total loss: 0.351, Loss x: 0.264, Loss s: 0.550, Loss w_fp: 0.326, Mask ratio: 0.903
[2024-07-20 16:58:02,295][    INFO] ***** Evaluation ***** >>>> Class [0 Right Ventricle] Dice: 2.32
[2024-07-20 16:58:02,296][    INFO] ***** Evaluation ***** >>>> Class [1 Myocardium] Dice: 16.61
[2024-07-20 16:58:02,296][    INFO] ***** Evaluation ***** >>>> Class [2 Left Ventricle] Dice: 6.60
[2024-07-20 16:58:02,296][    INFO] ***** Evaluation ***** >>>> MeanDice: 8.51

[2024-07-20 16:58:02,491][    INFO] ===========> Epoch: 21, LR: 0.00817, Previous best: 33.62
[2024-07-20 16:58:03,232][    INFO] Iters: 0, Total loss: 0.298, Loss x: 0.246, Loss s: 0.425, Loss w_fp: 0.274, Mask ratio: 0.924
[2024-07-20 16:58:11,702][    INFO] ***** Evaluation ***** >>>> Class [0 Right Ventricle] Dice: 31.02
[2024-07-20 16:58:11,702][    INFO] ***** Evaluation ***** >>>> Class [1 Myocardium] Dice: 47.36
[2024-07-20 16:58:11,702][    INFO] ***** Evaluation ***** >>>> Class [2 Left Ventricle] Dice: 59.74
[2024-07-20 16:58:11,702][    INFO] ***** Evaluation ***** >>>> MeanDice: 46.04

[2024-07-20 16:58:12,065][    INFO] ===========> Epoch: 22, LR: 0.00808, Previous best: 46.04
[2024-07-20 16:58:12,836][    INFO] Iters: 0, Total loss: 0.241, Loss x: 0.138, Loss s: 0.405, Loss w_fp: 0.284, Mask ratio: 0.930
[2024-07-20 16:58:21,163][    INFO] ***** Evaluation ***** >>>> Class [0 Right Ventricle] Dice: 22.41
[2024-07-20 16:58:21,163][    INFO] ***** Evaluation ***** >>>> Class [1 Myocardium] Dice: 56.06
[2024-07-20 16:58:21,163][    INFO] ***** Evaluation ***** >>>> Class [2 Left Ventricle] Dice: 56.65
[2024-07-20 16:58:21,163][    INFO] ***** Evaluation ***** >>>> MeanDice: 45.04

[2024-07-20 16:58:21,359][    INFO] ===========> Epoch: 23, LR: 0.00799, Previous best: 46.04
[2024-07-20 16:58:22,115][    INFO] Iters: 0, Total loss: 0.226, Loss x: 0.129, Loss s: 0.370, Loss w_fp: 0.274, Mask ratio: 0.943
[2024-07-20 16:58:31,181][    INFO] ***** Evaluation ***** >>>> Class [0 Right Ventricle] Dice: 14.22
[2024-07-20 16:58:31,181][    INFO] ***** Evaluation ***** >>>> Class [1 Myocardium] Dice: 38.75
[2024-07-20 16:58:31,181][    INFO] ***** Evaluation ***** >>>> Class [2 Left Ventricle] Dice: 45.04
[2024-07-20 16:58:31,181][    INFO] ***** Evaluation ***** >>>> MeanDice: 32.67

[2024-07-20 16:58:31,376][    INFO] ===========> Epoch: 24, LR: 0.00790, Previous best: 46.04
[2024-07-20 16:58:32,106][    INFO] Iters: 0, Total loss: 0.218, Loss x: 0.172, Loss s: 0.329, Loss w_fp: 0.197, Mask ratio: 0.962
[2024-07-20 16:58:40,873][    INFO] ***** Evaluation ***** >>>> Class [0 Right Ventricle] Dice: 22.25
[2024-07-20 16:58:40,873][    INFO] ***** Evaluation ***** >>>> Class [1 Myocardium] Dice: 55.43
[2024-07-20 16:58:40,873][    INFO] ***** Evaluation ***** >>>> Class [2 Left Ventricle] Dice: 64.21
[2024-07-20 16:58:40,873][    INFO] ***** Evaluation ***** >>>> MeanDice: 47.30

[2024-07-20 16:58:41,261][    INFO] ===========> Epoch: 25, LR: 0.00780, Previous best: 47.30
[2024-07-20 16:58:42,020][    INFO] Iters: 0, Total loss: 0.134, Loss x: 0.171, Loss s: 0.143, Loss w_fp: 0.052, Mask ratio: 0.955
[2024-07-20 16:58:50,772][    INFO] ***** Evaluation ***** >>>> Class [0 Right Ventricle] Dice: 49.79
[2024-07-20 16:58:50,772][    INFO] ***** Evaluation ***** >>>> Class [1 Myocardium] Dice: 69.86
[2024-07-20 16:58:50,773][    INFO] ***** Evaluation ***** >>>> Class [2 Left Ventricle] Dice: 86.17
[2024-07-20 16:58:50,773][    INFO] ***** Evaluation ***** >>>> MeanDice: 68.61

[2024-07-20 16:58:51,157][    INFO] ===========> Epoch: 26, LR: 0.00771, Previous best: 68.61
[2024-07-20 16:58:51,877][    INFO] Iters: 0, Total loss: 0.106, Loss x: 0.088, Loss s: 0.184, Loss w_fp: 0.062, Mask ratio: 0.962
[2024-07-20 16:59:00,596][    INFO] ***** Evaluation ***** >>>> Class [0 Right Ventricle] Dice: 65.95
[2024-07-20 16:59:00,597][    INFO] ***** Evaluation ***** >>>> Class [1 Myocardium] Dice: 71.23
[2024-07-20 16:59:00,597][    INFO] ***** Evaluation ***** >>>> Class [2 Left Ventricle] Dice: 84.92
[2024-07-20 16:59:00,597][    INFO] ***** Evaluation ***** >>>> MeanDice: 74.03

[2024-07-20 16:59:00,985][    INFO] ===========> Epoch: 27, LR: 0.00762, Previous best: 74.03
[2024-07-20 16:59:01,727][    INFO] Iters: 0, Total loss: 0.114, Loss x: 0.109, Loss s: 0.204, Loss w_fp: 0.034, Mask ratio: 0.958
[2024-07-20 16:59:10,492][    INFO] ***** Evaluation ***** >>>> Class [0 Right Ventricle] Dice: 68.06
[2024-07-20 16:59:10,492][    INFO] ***** Evaluation ***** >>>> Class [1 Myocardium] Dice: 71.33
[2024-07-20 16:59:10,492][    INFO] ***** Evaluation ***** >>>> Class [2 Left Ventricle] Dice: 85.16
[2024-07-20 16:59:10,492][    INFO] ***** Evaluation ***** >>>> MeanDice: 74.85

[2024-07-20 16:59:10,877][    INFO] ===========> Epoch: 28, LR: 0.00752, Previous best: 74.85
[2024-07-20 16:59:11,596][    INFO] Iters: 0, Total loss: 0.086, Loss x: 0.092, Loss s: 0.131, Loss w_fp: 0.028, Mask ratio: 0.959
[2024-07-20 16:59:20,433][    INFO] ***** Evaluation ***** >>>> Class [0 Right Ventricle] Dice: 55.55
[2024-07-20 16:59:20,434][    INFO] ***** Evaluation ***** >>>> Class [1 Myocardium] Dice: 72.10
[2024-07-20 16:59:20,434][    INFO] ***** Evaluation ***** >>>> Class [2 Left Ventricle] Dice: 88.18
[2024-07-20 16:59:20,434][    INFO] ***** Evaluation ***** >>>> MeanDice: 71.94

[2024-07-20 16:59:20,629][    INFO] ===========> Epoch: 29, LR: 0.00743, Previous best: 74.85
[2024-07-20 16:59:21,381][    INFO] Iters: 0, Total loss: 0.085, Loss x: 0.102, Loss s: 0.114, Loss w_fp: 0.021, Mask ratio: 0.965
[2024-07-20 16:59:29,818][    INFO] ***** Evaluation ***** >>>> Class [0 Right Ventricle] Dice: 71.21
[2024-07-20 16:59:29,818][    INFO] ***** Evaluation ***** >>>> Class [1 Myocardium] Dice: 75.15
[2024-07-20 16:59:29,818][    INFO] ***** Evaluation ***** >>>> Class [2 Left Ventricle] Dice: 87.68
[2024-07-20 16:59:29,818][    INFO] ***** Evaluation ***** >>>> MeanDice: 78.01

[2024-07-20 16:59:30,202][    INFO] ===========> Epoch: 30, LR: 0.00734, Previous best: 78.01
[2024-07-20 16:59:30,954][    INFO] Iters: 0, Total loss: 0.082, Loss x: 0.102, Loss s: 0.103, Loss w_fp: 0.019, Mask ratio: 0.961
[2024-07-20 16:59:39,709][    INFO] ***** Evaluation ***** >>>> Class [0 Right Ventricle] Dice: 58.46
[2024-07-20 16:59:39,709][    INFO] ***** Evaluation ***** >>>> Class [1 Myocardium] Dice: 76.74
[2024-07-20 16:59:39,709][    INFO] ***** Evaluation ***** >>>> Class [2 Left Ventricle] Dice: 87.57
[2024-07-20 16:59:39,709][    INFO] ***** Evaluation ***** >>>> MeanDice: 74.26

[2024-07-20 16:59:39,905][    INFO] ===========> Epoch: 31, LR: 0.00725, Previous best: 78.01
[2024-07-20 16:59:40,681][    INFO] Iters: 0, Total loss: 0.075, Loss x: 0.068, Loss s: 0.150, Loss w_fp: 0.013, Mask ratio: 0.973
[2024-07-20 16:59:49,919][    INFO] ***** Evaluation ***** >>>> Class [0 Right Ventricle] Dice: 62.75
[2024-07-20 16:59:49,919][    INFO] ***** Evaluation ***** >>>> Class [1 Myocardium] Dice: 75.24
[2024-07-20 16:59:49,919][    INFO] ***** Evaluation ***** >>>> Class [2 Left Ventricle] Dice: 87.43
[2024-07-20 16:59:49,919][    INFO] ***** Evaluation ***** >>>> MeanDice: 75.14

[2024-07-20 16:59:50,116][    INFO] ===========> Epoch: 32, LR: 0.00715, Previous best: 78.01
[2024-07-20 16:59:50,863][    INFO] Iters: 0, Total loss: 0.070, Loss x: 0.064, Loss s: 0.128, Loss w_fp: 0.025, Mask ratio: 0.970
[2024-07-20 16:59:59,671][    INFO] ***** Evaluation ***** >>>> Class [0 Right Ventricle] Dice: 64.01
[2024-07-20 16:59:59,671][    INFO] ***** Evaluation ***** >>>> Class [1 Myocardium] Dice: 74.91
[2024-07-20 16:59:59,671][    INFO] ***** Evaluation ***** >>>> Class [2 Left Ventricle] Dice: 87.23
[2024-07-20 16:59:59,671][    INFO] ***** Evaluation ***** >>>> MeanDice: 75.38

[2024-07-20 16:59:59,869][    INFO] ===========> Epoch: 33, LR: 0.00706, Previous best: 78.01
[2024-07-20 17:00:00,593][    INFO] Iters: 0, Total loss: 0.073, Loss x: 0.081, Loss s: 0.110, Loss w_fp: 0.021, Mask ratio: 0.973
[2024-07-20 17:00:17,623][    INFO] ***** Evaluation ***** >>>> Class [0 Right Ventricle] Dice: 62.88
[2024-07-20 17:00:17,623][    INFO] ***** Evaluation ***** >>>> Class [1 Myocardium] Dice: 76.17
[2024-07-20 17:00:17,623][    INFO] ***** Evaluation ***** >>>> Class [2 Left Ventricle] Dice: 87.87
[2024-07-20 17:00:17,623][    INFO] ***** Evaluation ***** >>>> MeanDice: 75.64

[2024-07-20 17:00:17,821][    INFO] ===========> Epoch: 34, LR: 0.00697, Previous best: 78.01
[2024-07-20 17:00:18,535][    INFO] Iters: 0, Total loss: 0.062, Loss x: 0.082, Loss s: 0.072, Loss w_fp: 0.013, Mask ratio: 0.971
[2024-07-20 17:00:27,562][    INFO] ***** Evaluation ***** >>>> Class [0 Right Ventricle] Dice: 69.48
[2024-07-20 17:00:27,562][    INFO] ***** Evaluation ***** >>>> Class [1 Myocardium] Dice: 76.05
[2024-07-20 17:00:27,562][    INFO] ***** Evaluation ***** >>>> Class [2 Left Ventricle] Dice: 87.23
[2024-07-20 17:00:27,563][    INFO] ***** Evaluation ***** >>>> MeanDice: 77.59

[2024-07-20 17:00:27,753][    INFO] ===========> Epoch: 35, LR: 0.00687, Previous best: 78.01
[2024-07-20 17:00:28,552][    INFO] Iters: 0, Total loss: 0.066, Loss x: 0.072, Loss s: 0.098, Loss w_fp: 0.023, Mask ratio: 0.976
[2024-07-20 17:00:37,416][    INFO] ***** Evaluation ***** >>>> Class [0 Right Ventricle] Dice: 64.42
[2024-07-20 17:00:37,416][    INFO] ***** Evaluation ***** >>>> Class [1 Myocardium] Dice: 76.65
[2024-07-20 17:00:37,416][    INFO] ***** Evaluation ***** >>>> Class [2 Left Ventricle] Dice: 88.11
[2024-07-20 17:00:37,416][    INFO] ***** Evaluation ***** >>>> MeanDice: 76.40

[2024-07-20 17:00:37,611][    INFO] ===========> Epoch: 36, LR: 0.00678, Previous best: 78.01
[2024-07-20 17:00:38,450][    INFO] Iters: 0, Total loss: 0.052, Loss x: 0.055, Loss s: 0.081, Loss w_fp: 0.017, Mask ratio: 0.977
[2024-07-20 17:00:47,292][    INFO] ***** Evaluation ***** >>>> Class [0 Right Ventricle] Dice: 70.74
[2024-07-20 17:00:47,293][    INFO] ***** Evaluation ***** >>>> Class [1 Myocardium] Dice: 77.76
[2024-07-20 17:00:47,293][    INFO] ***** Evaluation ***** >>>> Class [2 Left Ventricle] Dice: 88.87
[2024-07-20 17:00:47,293][    INFO] ***** Evaluation ***** >>>> MeanDice: 79.12

[2024-07-20 17:00:47,679][    INFO] ===========> Epoch: 37, LR: 0.00668, Previous best: 79.12
[2024-07-20 17:00:48,445][    INFO] Iters: 0, Total loss: 0.051, Loss x: 0.048, Loss s: 0.096, Loss w_fp: 0.014, Mask ratio: 0.973
[2024-07-20 17:00:57,691][    INFO] ***** Evaluation ***** >>>> Class [0 Right Ventricle] Dice: 55.54
[2024-07-20 17:00:57,692][    INFO] ***** Evaluation ***** >>>> Class [1 Myocardium] Dice: 73.22
[2024-07-20 17:00:57,692][    INFO] ***** Evaluation ***** >>>> Class [2 Left Ventricle] Dice: 86.38
[2024-07-20 17:00:57,692][    INFO] ***** Evaluation ***** >>>> MeanDice: 71.71

[2024-07-20 17:00:57,909][    INFO] ===========> Epoch: 38, LR: 0.00659, Previous best: 79.12
[2024-07-20 17:00:58,736][    INFO] Iters: 0, Total loss: 0.062, Loss x: 0.069, Loss s: 0.093, Loss w_fp: 0.017, Mask ratio: 0.974
[2024-07-20 17:01:07,780][    INFO] ***** Evaluation ***** >>>> Class [0 Right Ventricle] Dice: 72.95
[2024-07-20 17:01:07,780][    INFO] ***** Evaluation ***** >>>> Class [1 Myocardium] Dice: 78.56
[2024-07-20 17:01:07,781][    INFO] ***** Evaluation ***** >>>> Class [2 Left Ventricle] Dice: 88.52
[2024-07-20 17:01:07,781][    INFO] ***** Evaluation ***** >>>> MeanDice: 80.01

[2024-07-20 17:01:08,167][    INFO] ===========> Epoch: 39, LR: 0.00649, Previous best: 80.01
[2024-07-20 17:01:08,939][    INFO] Iters: 0, Total loss: 0.075, Loss x: 0.077, Loss s: 0.136, Loss w_fp: 0.010, Mask ratio: 0.969
[2024-07-20 17:01:17,160][    INFO] ***** Evaluation ***** >>>> Class [0 Right Ventricle] Dice: 73.26
[2024-07-20 17:01:17,160][    INFO] ***** Evaluation ***** >>>> Class [1 Myocardium] Dice: 78.02
[2024-07-20 17:01:17,160][    INFO] ***** Evaluation ***** >>>> Class [2 Left Ventricle] Dice: 88.83
[2024-07-20 17:01:17,160][    INFO] ***** Evaluation ***** >>>> MeanDice: 80.04

[2024-07-20 17:01:17,543][    INFO] ===========> Epoch: 40, LR: 0.00640, Previous best: 80.04
[2024-07-20 17:01:18,361][    INFO] Iters: 0, Total loss: 0.058, Loss x: 0.057, Loss s: 0.107, Loss w_fp: 0.012, Mask ratio: 0.975
[2024-07-20 17:01:26,882][    INFO] ***** Evaluation ***** >>>> Class [0 Right Ventricle] Dice: 58.51
[2024-07-20 17:01:26,882][    INFO] ***** Evaluation ***** >>>> Class [1 Myocardium] Dice: 77.67
[2024-07-20 17:01:26,882][    INFO] ***** Evaluation ***** >>>> Class [2 Left Ventricle] Dice: 87.31
[2024-07-20 17:01:26,882][    INFO] ***** Evaluation ***** >>>> MeanDice: 74.50

[2024-07-20 17:01:27,081][    INFO] ===========> Epoch: 41, LR: 0.00631, Previous best: 80.04
[2024-07-20 17:01:27,896][    INFO] Iters: 0, Total loss: 0.058, Loss x: 0.066, Loss s: 0.088, Loss w_fp: 0.012, Mask ratio: 0.976
[2024-07-20 17:01:36,929][    INFO] ***** Evaluation ***** >>>> Class [0 Right Ventricle] Dice: 73.63
[2024-07-20 17:01:36,929][    INFO] ***** Evaluation ***** >>>> Class [1 Myocardium] Dice: 76.56
[2024-07-20 17:01:36,929][    INFO] ***** Evaluation ***** >>>> Class [2 Left Ventricle] Dice: 88.23
[2024-07-20 17:01:36,929][    INFO] ***** Evaluation ***** >>>> MeanDice: 79.47

[2024-07-20 17:01:37,126][    INFO] ===========> Epoch: 42, LR: 0.00621, Previous best: 80.04
[2024-07-20 17:01:37,882][    INFO] Iters: 0, Total loss: 0.068, Loss x: 0.077, Loss s: 0.097, Loss w_fp: 0.020, Mask ratio: 0.971
[2024-07-20 17:01:46,652][    INFO] ***** Evaluation ***** >>>> Class [0 Right Ventricle] Dice: 67.69
[2024-07-20 17:01:46,652][    INFO] ***** Evaluation ***** >>>> Class [1 Myocardium] Dice: 79.09
[2024-07-20 17:01:46,652][    INFO] ***** Evaluation ***** >>>> Class [2 Left Ventricle] Dice: 91.63
[2024-07-20 17:01:46,652][    INFO] ***** Evaluation ***** >>>> MeanDice: 79.47

[2024-07-20 17:01:46,850][    INFO] ===========> Epoch: 43, LR: 0.00612, Previous best: 80.04
[2024-07-20 17:01:47,661][    INFO] Iters: 0, Total loss: 0.044, Loss x: 0.060, Loss s: 0.041, Loss w_fp: 0.013, Mask ratio: 0.978
[2024-07-20 17:01:56,610][    INFO] ***** Evaluation ***** >>>> Class [0 Right Ventricle] Dice: 67.42
[2024-07-20 17:01:56,610][    INFO] ***** Evaluation ***** >>>> Class [1 Myocardium] Dice: 74.87
[2024-07-20 17:01:56,610][    INFO] ***** Evaluation ***** >>>> Class [2 Left Ventricle] Dice: 86.35
[2024-07-20 17:01:56,610][    INFO] ***** Evaluation ***** >>>> MeanDice: 76.22

[2024-07-20 17:01:56,808][    INFO] ===========> Epoch: 44, LR: 0.00602, Previous best: 80.04
[2024-07-20 17:01:57,574][    INFO] Iters: 0, Total loss: 0.071, Loss x: 0.064, Loss s: 0.139, Loss w_fp: 0.015, Mask ratio: 0.976
[2024-07-20 17:02:06,426][    INFO] ***** Evaluation ***** >>>> Class [0 Right Ventricle] Dice: 72.08
[2024-07-20 17:02:06,426][    INFO] ***** Evaluation ***** >>>> Class [1 Myocardium] Dice: 78.24
[2024-07-20 17:02:06,426][    INFO] ***** Evaluation ***** >>>> Class [2 Left Ventricle] Dice: 87.85
[2024-07-20 17:02:06,427][    INFO] ***** Evaluation ***** >>>> MeanDice: 79.39

[2024-07-20 17:02:06,625][    INFO] ===========> Epoch: 45, LR: 0.00593, Previous best: 80.04
[2024-07-20 17:02:07,464][    INFO] Iters: 0, Total loss: 0.049, Loss x: 0.053, Loss s: 0.075, Loss w_fp: 0.012, Mask ratio: 0.974
[2024-07-20 17:02:16,438][    INFO] ***** Evaluation ***** >>>> Class [0 Right Ventricle] Dice: 70.97
[2024-07-20 17:02:16,438][    INFO] ***** Evaluation ***** >>>> Class [1 Myocardium] Dice: 78.43
[2024-07-20 17:02:16,438][    INFO] ***** Evaluation ***** >>>> Class [2 Left Ventricle] Dice: 91.13
[2024-07-20 17:02:16,438][    INFO] ***** Evaluation ***** >>>> MeanDice: 80.18

[2024-07-20 17:02:16,820][    INFO] ===========> Epoch: 46, LR: 0.00583, Previous best: 80.18
[2024-07-20 17:02:17,603][    INFO] Iters: 0, Total loss: 0.041, Loss x: 0.052, Loss s: 0.048, Loss w_fp: 0.014, Mask ratio: 0.973
[2024-07-20 17:02:26,459][    INFO] ***** Evaluation ***** >>>> Class [0 Right Ventricle] Dice: 73.87
[2024-07-20 17:02:26,460][    INFO] ***** Evaluation ***** >>>> Class [1 Myocardium] Dice: 78.75
[2024-07-20 17:02:26,460][    INFO] ***** Evaluation ***** >>>> Class [2 Left Ventricle] Dice: 89.48
[2024-07-20 17:02:26,460][    INFO] ***** Evaluation ***** >>>> MeanDice: 80.70

[2024-07-20 17:02:26,850][    INFO] ===========> Epoch: 47, LR: 0.00573, Previous best: 80.70
[2024-07-20 17:02:27,625][    INFO] Iters: 0, Total loss: 0.053, Loss x: 0.051, Loss s: 0.096, Loss w_fp: 0.014, Mask ratio: 0.977
[2024-07-20 17:02:36,730][    INFO] ***** Evaluation ***** >>>> Class [0 Right Ventricle] Dice: 70.47
[2024-07-20 17:02:36,731][    INFO] ***** Evaluation ***** >>>> Class [1 Myocardium] Dice: 78.22
[2024-07-20 17:02:36,731][    INFO] ***** Evaluation ***** >>>> Class [2 Left Ventricle] Dice: 88.57
[2024-07-20 17:02:36,731][    INFO] ***** Evaluation ***** >>>> MeanDice: 79.08

[2024-07-20 17:02:36,930][    INFO] ===========> Epoch: 48, LR: 0.00564, Previous best: 80.70
[2024-07-20 17:02:37,695][    INFO] Iters: 0, Total loss: 0.049, Loss x: 0.056, Loss s: 0.073, Loss w_fp: 0.012, Mask ratio: 0.980
[2024-07-20 17:02:46,304][    INFO] ***** Evaluation ***** >>>> Class [0 Right Ventricle] Dice: 73.74
[2024-07-20 17:02:46,304][    INFO] ***** Evaluation ***** >>>> Class [1 Myocardium] Dice: 77.96
[2024-07-20 17:02:46,304][    INFO] ***** Evaluation ***** >>>> Class [2 Left Ventricle] Dice: 89.44
[2024-07-20 17:02:46,305][    INFO] ***** Evaluation ***** >>>> MeanDice: 80.38

[2024-07-20 17:02:46,503][    INFO] ===========> Epoch: 49, LR: 0.00554, Previous best: 80.70
[2024-07-20 17:02:47,290][    INFO] Iters: 0, Total loss: 0.040, Loss x: 0.050, Loss s: 0.052, Loss w_fp: 0.010, Mask ratio: 0.970
[2024-07-20 17:02:56,261][    INFO] ***** Evaluation ***** >>>> Class [0 Right Ventricle] Dice: 70.10
[2024-07-20 17:02:56,261][    INFO] ***** Evaluation ***** >>>> Class [1 Myocardium] Dice: 77.89
[2024-07-20 17:02:56,261][    INFO] ***** Evaluation ***** >>>> Class [2 Left Ventricle] Dice: 88.31
[2024-07-20 17:02:56,261][    INFO] ***** Evaluation ***** >>>> MeanDice: 78.77

[2024-07-20 17:02:56,471][    INFO] ===========> Epoch: 50, LR: 0.00545, Previous best: 80.70
[2024-07-20 17:02:57,288][    INFO] Iters: 0, Total loss: 0.048, Loss x: 0.064, Loss s: 0.057, Loss w_fp: 0.008, Mask ratio: 0.978
[2024-07-20 17:03:06,291][    INFO] ***** Evaluation ***** >>>> Class [0 Right Ventricle] Dice: 72.30
[2024-07-20 17:03:06,291][    INFO] ***** Evaluation ***** >>>> Class [1 Myocardium] Dice: 81.65
[2024-07-20 17:03:06,291][    INFO] ***** Evaluation ***** >>>> Class [2 Left Ventricle] Dice: 90.07
[2024-07-20 17:03:06,291][    INFO] ***** Evaluation ***** >>>> MeanDice: 81.34

[2024-07-20 17:03:06,680][    INFO] ===========> Epoch: 51, LR: 0.00535, Previous best: 81.34
[2024-07-20 17:03:07,469][    INFO] Iters: 0, Total loss: 0.036, Loss x: 0.052, Loss s: 0.028, Loss w_fp: 0.014, Mask ratio: 0.978
[2024-07-20 17:03:16,474][    INFO] ***** Evaluation ***** >>>> Class [0 Right Ventricle] Dice: 68.67
[2024-07-20 17:03:16,474][    INFO] ***** Evaluation ***** >>>> Class [1 Myocardium] Dice: 78.29
[2024-07-20 17:03:16,474][    INFO] ***** Evaluation ***** >>>> Class [2 Left Ventricle] Dice: 89.91
[2024-07-20 17:03:16,474][    INFO] ***** Evaluation ***** >>>> MeanDice: 78.95

[2024-07-20 17:03:16,668][    INFO] ===========> Epoch: 52, LR: 0.00525, Previous best: 81.34
[2024-07-20 17:03:17,429][    INFO] Iters: 0, Total loss: 0.055, Loss x: 0.063, Loss s: 0.080, Loss w_fp: 0.015, Mask ratio: 0.981
[2024-07-20 17:03:26,101][    INFO] ***** Evaluation ***** >>>> Class [0 Right Ventricle] Dice: 76.28
[2024-07-20 17:03:26,102][    INFO] ***** Evaluation ***** >>>> Class [1 Myocardium] Dice: 79.85
[2024-07-20 17:03:26,102][    INFO] ***** Evaluation ***** >>>> Class [2 Left Ventricle] Dice: 89.57
[2024-07-20 17:03:26,102][    INFO] ***** Evaluation ***** >>>> MeanDice: 81.90

[2024-07-20 17:03:26,489][    INFO] ===========> Epoch: 53, LR: 0.00516, Previous best: 81.90
[2024-07-20 17:03:27,220][    INFO] Iters: 0, Total loss: 0.048, Loss x: 0.065, Loss s: 0.049, Loss w_fp: 0.015, Mask ratio: 0.972
[2024-07-20 17:03:36,158][    INFO] ***** Evaluation ***** >>>> Class [0 Right Ventricle] Dice: 63.09
[2024-07-20 17:03:36,159][    INFO] ***** Evaluation ***** >>>> Class [1 Myocardium] Dice: 77.55
[2024-07-20 17:03:36,159][    INFO] ***** Evaluation ***** >>>> Class [2 Left Ventricle] Dice: 89.62
[2024-07-20 17:03:36,159][    INFO] ***** Evaluation ***** >>>> MeanDice: 76.75

[2024-07-20 17:03:36,358][    INFO] ===========> Epoch: 54, LR: 0.00506, Previous best: 81.90
[2024-07-20 17:03:37,189][    INFO] Iters: 0, Total loss: 0.036, Loss x: 0.045, Loss s: 0.034, Loss w_fp: 0.021, Mask ratio: 0.980
[2024-07-20 17:03:45,997][    INFO] ***** Evaluation ***** >>>> Class [0 Right Ventricle] Dice: 70.61
[2024-07-20 17:03:45,997][    INFO] ***** Evaluation ***** >>>> Class [1 Myocardium] Dice: 80.52
[2024-07-20 17:03:45,997][    INFO] ***** Evaluation ***** >>>> Class [2 Left Ventricle] Dice: 88.82
[2024-07-20 17:03:45,997][    INFO] ***** Evaluation ***** >>>> MeanDice: 79.98

[2024-07-20 17:03:46,195][    INFO] ===========> Epoch: 55, LR: 0.00496, Previous best: 81.90
[2024-07-20 17:03:46,965][    INFO] Iters: 0, Total loss: 0.037, Loss x: 0.044, Loss s: 0.052, Loss w_fp: 0.009, Mask ratio: 0.980
[2024-07-20 17:04:03,836][    INFO] ***** Evaluation ***** >>>> Class [0 Right Ventricle] Dice: 73.84
[2024-07-20 17:04:03,836][    INFO] ***** Evaluation ***** >>>> Class [1 Myocardium] Dice: 78.94
[2024-07-20 17:04:03,836][    INFO] ***** Evaluation ***** >>>> Class [2 Left Ventricle] Dice: 88.59
[2024-07-20 17:04:03,836][    INFO] ***** Evaluation ***** >>>> MeanDice: 80.45

[2024-07-20 17:04:04,035][    INFO] ===========> Epoch: 56, LR: 0.00487, Previous best: 81.90
[2024-07-20 17:04:04,810][    INFO] Iters: 0, Total loss: 0.044, Loss x: 0.038, Loss s: 0.072, Loss w_fp: 0.027, Mask ratio: 0.980
[2024-07-20 17:04:13,618][    INFO] ***** Evaluation ***** >>>> Class [0 Right Ventricle] Dice: 72.93
[2024-07-20 17:04:13,619][    INFO] ***** Evaluation ***** >>>> Class [1 Myocardium] Dice: 79.10
[2024-07-20 17:04:13,619][    INFO] ***** Evaluation ***** >>>> Class [2 Left Ventricle] Dice: 91.30
[2024-07-20 17:04:13,619][    INFO] ***** Evaluation ***** >>>> MeanDice: 81.11

[2024-07-20 17:04:13,815][    INFO] ===========> Epoch: 57, LR: 0.00477, Previous best: 81.90
[2024-07-20 17:04:14,586][    INFO] Iters: 0, Total loss: 0.045, Loss x: 0.045, Loss s: 0.076, Loss w_fp: 0.012, Mask ratio: 0.978
[2024-07-20 17:04:23,246][    INFO] ***** Evaluation ***** >>>> Class [0 Right Ventricle] Dice: 67.11
[2024-07-20 17:04:23,247][    INFO] ***** Evaluation ***** >>>> Class [1 Myocardium] Dice: 77.01
[2024-07-20 17:04:23,247][    INFO] ***** Evaluation ***** >>>> Class [2 Left Ventricle] Dice: 88.17
[2024-07-20 17:04:23,247][    INFO] ***** Evaluation ***** >>>> MeanDice: 77.43

[2024-07-20 17:04:23,458][    INFO] ===========> Epoch: 58, LR: 0.00467, Previous best: 81.90
[2024-07-20 17:04:24,203][    INFO] Iters: 0, Total loss: 0.046, Loss x: 0.057, Loss s: 0.061, Loss w_fp: 0.007, Mask ratio: 0.981
[2024-07-20 17:04:32,667][    INFO] ***** Evaluation ***** >>>> Class [0 Right Ventricle] Dice: 74.69
[2024-07-20 17:04:32,667][    INFO] ***** Evaluation ***** >>>> Class [1 Myocardium] Dice: 77.61
[2024-07-20 17:04:32,667][    INFO] ***** Evaluation ***** >>>> Class [2 Left Ventricle] Dice: 87.71
[2024-07-20 17:04:32,667][    INFO] ***** Evaluation ***** >>>> MeanDice: 80.00

[2024-07-20 17:04:32,864][    INFO] ===========> Epoch: 59, LR: 0.00457, Previous best: 81.90
[2024-07-20 17:04:33,673][    INFO] Iters: 0, Total loss: 0.049, Loss x: 0.061, Loss s: 0.059, Loss w_fp: 0.014, Mask ratio: 0.976
[2024-07-20 17:04:42,341][    INFO] ***** Evaluation ***** >>>> Class [0 Right Ventricle] Dice: 74.28
[2024-07-20 17:04:42,341][    INFO] ***** Evaluation ***** >>>> Class [1 Myocardium] Dice: 78.95
[2024-07-20 17:04:42,341][    INFO] ***** Evaluation ***** >>>> Class [2 Left Ventricle] Dice: 89.02
[2024-07-20 17:04:42,341][    INFO] ***** Evaluation ***** >>>> MeanDice: 80.75

[2024-07-20 17:04:42,538][    INFO] ===========> Epoch: 60, LR: 0.00447, Previous best: 81.90
[2024-07-20 17:04:43,270][    INFO] Iters: 0, Total loss: 0.034, Loss x: 0.048, Loss s: 0.030, Loss w_fp: 0.009, Mask ratio: 0.982
[2024-07-20 17:04:51,862][    INFO] ***** Evaluation ***** >>>> Class [0 Right Ventricle] Dice: 72.97
[2024-07-20 17:04:51,862][    INFO] ***** Evaluation ***** >>>> Class [1 Myocardium] Dice: 78.30
[2024-07-20 17:04:51,862][    INFO] ***** Evaluation ***** >>>> Class [2 Left Ventricle] Dice: 89.90
[2024-07-20 17:04:51,862][    INFO] ***** Evaluation ***** >>>> MeanDice: 80.39

[2024-07-20 17:04:52,060][    INFO] ===========> Epoch: 61, LR: 0.00437, Previous best: 81.90
[2024-07-20 17:04:52,802][    INFO] Iters: 0, Total loss: 0.050, Loss x: 0.044, Loss s: 0.093, Loss w_fp: 0.017, Mask ratio: 0.982
[2024-07-20 17:05:01,613][    INFO] ***** Evaluation ***** >>>> Class [0 Right Ventricle] Dice: 74.55
[2024-07-20 17:05:01,614][    INFO] ***** Evaluation ***** >>>> Class [1 Myocardium] Dice: 79.99
[2024-07-20 17:05:01,614][    INFO] ***** Evaluation ***** >>>> Class [2 Left Ventricle] Dice: 89.20
[2024-07-20 17:05:01,614][    INFO] ***** Evaluation ***** >>>> MeanDice: 81.25

[2024-07-20 17:05:01,810][    INFO] ===========> Epoch: 62, LR: 0.00428, Previous best: 81.90
[2024-07-20 17:05:02,627][    INFO] Iters: 0, Total loss: 0.036, Loss x: 0.044, Loss s: 0.045, Loss w_fp: 0.012, Mask ratio: 0.974
[2024-07-20 17:05:11,426][    INFO] ***** Evaluation ***** >>>> Class [0 Right Ventricle] Dice: 66.41
[2024-07-20 17:05:11,427][    INFO] ***** Evaluation ***** >>>> Class [1 Myocardium] Dice: 77.81
[2024-07-20 17:05:11,427][    INFO] ***** Evaluation ***** >>>> Class [2 Left Ventricle] Dice: 86.48
[2024-07-20 17:05:11,427][    INFO] ***** Evaluation ***** >>>> MeanDice: 76.90

[2024-07-20 17:05:11,593][    INFO] ===========> Epoch: 63, LR: 0.00418, Previous best: 81.90
[2024-07-20 17:05:12,347][    INFO] Iters: 0, Total loss: 0.059, Loss x: 0.040, Loss s: 0.132, Loss w_fp: 0.024, Mask ratio: 0.980
[2024-07-20 17:05:21,252][    INFO] ***** Evaluation ***** >>>> Class [0 Right Ventricle] Dice: 72.80
[2024-07-20 17:05:21,252][    INFO] ***** Evaluation ***** >>>> Class [1 Myocardium] Dice: 79.24
[2024-07-20 17:05:21,252][    INFO] ***** Evaluation ***** >>>> Class [2 Left Ventricle] Dice: 91.14
[2024-07-20 17:05:21,252][    INFO] ***** Evaluation ***** >>>> MeanDice: 81.06

[2024-07-20 17:05:21,449][    INFO] ===========> Epoch: 64, LR: 0.00408, Previous best: 81.90
[2024-07-20 17:05:22,223][    INFO] Iters: 0, Total loss: 0.037, Loss x: 0.041, Loss s: 0.056, Loss w_fp: 0.011, Mask ratio: 0.968
[2024-07-20 17:05:30,358][    INFO] ***** Evaluation ***** >>>> Class [0 Right Ventricle] Dice: 71.66
[2024-07-20 17:05:30,358][    INFO] ***** Evaluation ***** >>>> Class [1 Myocardium] Dice: 76.97
[2024-07-20 17:05:30,358][    INFO] ***** Evaluation ***** >>>> Class [2 Left Ventricle] Dice: 87.00
[2024-07-20 17:05:30,358][    INFO] ***** Evaluation ***** >>>> MeanDice: 78.54

[2024-07-20 17:05:30,556][    INFO] ===========> Epoch: 65, LR: 0.00398, Previous best: 81.90
[2024-07-20 17:05:31,321][    INFO] Iters: 0, Total loss: 0.044, Loss x: 0.044, Loss s: 0.074, Loss w_fp: 0.012, Mask ratio: 0.979
[2024-07-20 17:05:40,208][    INFO] ***** Evaluation ***** >>>> Class [0 Right Ventricle] Dice: 75.73
[2024-07-20 17:05:40,209][    INFO] ***** Evaluation ***** >>>> Class [1 Myocardium] Dice: 80.22
[2024-07-20 17:05:40,209][    INFO] ***** Evaluation ***** >>>> Class [2 Left Ventricle] Dice: 89.53
[2024-07-20 17:05:40,209][    INFO] ***** Evaluation ***** >>>> MeanDice: 81.83

[2024-07-20 17:05:40,406][    INFO] ===========> Epoch: 66, LR: 0.00388, Previous best: 81.90
[2024-07-20 17:05:41,202][    INFO] Iters: 0, Total loss: 0.054, Loss x: 0.041, Loss s: 0.112, Loss w_fp: 0.024, Mask ratio: 0.979
[2024-07-20 17:05:49,853][    INFO] ***** Evaluation ***** >>>> Class [0 Right Ventricle] Dice: 70.83
[2024-07-20 17:05:49,853][    INFO] ***** Evaluation ***** >>>> Class [1 Myocardium] Dice: 77.82
[2024-07-20 17:05:49,853][    INFO] ***** Evaluation ***** >>>> Class [2 Left Ventricle] Dice: 87.43
[2024-07-20 17:05:49,853][    INFO] ***** Evaluation ***** >>>> MeanDice: 78.69

[2024-07-20 17:05:50,051][    INFO] ===========> Epoch: 67, LR: 0.00378, Previous best: 81.90
[2024-07-20 17:05:50,791][    INFO] Iters: 0, Total loss: 0.038, Loss x: 0.045, Loss s: 0.053, Loss w_fp: 0.010, Mask ratio: 0.977
[2024-07-20 17:05:59,893][    INFO] ***** Evaluation ***** >>>> Class [0 Right Ventricle] Dice: 74.58
[2024-07-20 17:05:59,894][    INFO] ***** Evaluation ***** >>>> Class [1 Myocardium] Dice: 80.21
[2024-07-20 17:05:59,894][    INFO] ***** Evaluation ***** >>>> Class [2 Left Ventricle] Dice: 89.89
[2024-07-20 17:05:59,894][    INFO] ***** Evaluation ***** >>>> MeanDice: 81.56

[2024-07-20 17:06:00,090][    INFO] ===========> Epoch: 68, LR: 0.00368, Previous best: 81.90
[2024-07-20 17:06:00,840][    INFO] Iters: 0, Total loss: 0.044, Loss x: 0.056, Loss s: 0.050, Loss w_fp: 0.013, Mask ratio: 0.979
[2024-07-20 17:06:08,949][    INFO] ***** Evaluation ***** >>>> Class [0 Right Ventricle] Dice: 72.72
[2024-07-20 17:06:08,949][    INFO] ***** Evaluation ***** >>>> Class [1 Myocardium] Dice: 78.82
[2024-07-20 17:06:08,949][    INFO] ***** Evaluation ***** >>>> Class [2 Left Ventricle] Dice: 89.20
[2024-07-20 17:06:08,949][    INFO] ***** Evaluation ***** >>>> MeanDice: 80.25

[2024-07-20 17:06:09,148][    INFO] ===========> Epoch: 69, LR: 0.00358, Previous best: 81.90
[2024-07-20 17:06:09,909][    INFO] Iters: 0, Total loss: 0.051, Loss x: 0.040, Loss s: 0.116, Loss w_fp: 0.007, Mask ratio: 0.984
[2024-07-20 17:06:18,676][    INFO] ***** Evaluation ***** >>>> Class [0 Right Ventricle] Dice: 73.78
[2024-07-20 17:06:18,677][    INFO] ***** Evaluation ***** >>>> Class [1 Myocardium] Dice: 79.36
[2024-07-20 17:06:18,677][    INFO] ***** Evaluation ***** >>>> Class [2 Left Ventricle] Dice: 88.84
[2024-07-20 17:06:18,677][    INFO] ***** Evaluation ***** >>>> MeanDice: 80.66

[2024-07-20 17:06:18,844][    INFO] ===========> Epoch: 70, LR: 0.00348, Previous best: 81.90
[2024-07-20 17:06:19,650][    INFO] Iters: 0, Total loss: 0.042, Loss x: 0.043, Loss s: 0.068, Loss w_fp: 0.011, Mask ratio: 0.979
[2024-07-20 17:06:28,387][    INFO] ***** Evaluation ***** >>>> Class [0 Right Ventricle] Dice: 75.03
[2024-07-20 17:06:28,387][    INFO] ***** Evaluation ***** >>>> Class [1 Myocardium] Dice: 79.82
[2024-07-20 17:06:28,387][    INFO] ***** Evaluation ***** >>>> Class [2 Left Ventricle] Dice: 89.43
[2024-07-20 17:06:28,387][    INFO] ***** Evaluation ***** >>>> MeanDice: 81.43

[2024-07-20 17:06:28,558][    INFO] ===========> Epoch: 71, LR: 0.00337, Previous best: 81.90
[2024-07-20 17:06:29,280][    INFO] Iters: 0, Total loss: 0.031, Loss x: 0.029, Loss s: 0.063, Loss w_fp: 0.005, Mask ratio: 0.982
[2024-07-20 17:06:37,384][    INFO] ***** Evaluation ***** >>>> Class [0 Right Ventricle] Dice: 72.78
[2024-07-20 17:06:37,384][    INFO] ***** Evaluation ***** >>>> Class [1 Myocardium] Dice: 78.08
[2024-07-20 17:06:37,384][    INFO] ***** Evaluation ***** >>>> Class [2 Left Ventricle] Dice: 89.00
[2024-07-20 17:06:37,384][    INFO] ***** Evaluation ***** >>>> MeanDice: 79.95

[2024-07-20 17:06:37,581][    INFO] ===========> Epoch: 72, LR: 0.00327, Previous best: 81.90
[2024-07-20 17:06:38,346][    INFO] Iters: 0, Total loss: 0.037, Loss x: 0.039, Loss s: 0.062, Loss w_fp: 0.009, Mask ratio: 0.981
[2024-07-20 17:06:47,076][    INFO] ***** Evaluation ***** >>>> Class [0 Right Ventricle] Dice: 73.75
[2024-07-20 17:06:47,077][    INFO] ***** Evaluation ***** >>>> Class [1 Myocardium] Dice: 79.65
[2024-07-20 17:06:47,077][    INFO] ***** Evaluation ***** >>>> Class [2 Left Ventricle] Dice: 88.74
[2024-07-20 17:06:47,077][    INFO] ***** Evaluation ***** >>>> MeanDice: 80.71

[2024-07-20 17:06:47,351][    INFO] ===========> Epoch: 73, LR: 0.00317, Previous best: 81.90
[2024-07-20 17:06:48,153][    INFO] Iters: 0, Total loss: 0.033, Loss x: 0.032, Loss s: 0.053, Loss w_fp: 0.015, Mask ratio: 0.981
[2024-07-20 17:06:57,025][    INFO] ***** Evaluation ***** >>>> Class [0 Right Ventricle] Dice: 73.76
[2024-07-20 17:06:57,025][    INFO] ***** Evaluation ***** >>>> Class [1 Myocardium] Dice: 79.10
[2024-07-20 17:06:57,025][    INFO] ***** Evaluation ***** >>>> Class [2 Left Ventricle] Dice: 88.64
[2024-07-20 17:06:57,025][    INFO] ***** Evaluation ***** >>>> MeanDice: 80.50

[2024-07-20 17:06:57,222][    INFO] ===========> Epoch: 74, LR: 0.00307, Previous best: 81.90
[2024-07-20 17:06:57,969][    INFO] Iters: 0, Total loss: 0.039, Loss x: 0.061, Loss s: 0.029, Loss w_fp: 0.006, Mask ratio: 0.982
[2024-07-20 17:07:06,580][    INFO] ***** Evaluation ***** >>>> Class [0 Right Ventricle] Dice: 72.56
[2024-07-20 17:07:06,581][    INFO] ***** Evaluation ***** >>>> Class [1 Myocardium] Dice: 78.52
[2024-07-20 17:07:06,581][    INFO] ***** Evaluation ***** >>>> Class [2 Left Ventricle] Dice: 90.26
[2024-07-20 17:07:06,581][    INFO] ***** Evaluation ***** >>>> MeanDice: 80.45

[2024-07-20 17:07:06,777][    INFO] ===========> Epoch: 75, LR: 0.00297, Previous best: 81.90
[2024-07-20 17:07:07,644][    INFO] Iters: 0, Total loss: 0.039, Loss x: 0.037, Loss s: 0.075, Loss w_fp: 0.009, Mask ratio: 0.980
[2024-07-20 17:07:16,499][    INFO] ***** Evaluation ***** >>>> Class [0 Right Ventricle] Dice: 74.22
[2024-07-20 17:07:16,499][    INFO] ***** Evaluation ***** >>>> Class [1 Myocardium] Dice: 77.60
[2024-07-20 17:07:16,500][    INFO] ***** Evaluation ***** >>>> Class [2 Left Ventricle] Dice: 89.99
[2024-07-20 17:07:16,500][    INFO] ***** Evaluation ***** >>>> MeanDice: 80.60

[2024-07-20 17:07:16,685][    INFO] ===========> Epoch: 76, LR: 0.00286, Previous best: 81.90
[2024-07-20 17:07:17,628][    INFO] Iters: 0, Total loss: 0.040, Loss x: 0.038, Loss s: 0.067, Loss w_fp: 0.017, Mask ratio: 0.981
[2024-07-20 17:07:26,231][    INFO] ***** Evaluation ***** >>>> Class [0 Right Ventricle] Dice: 72.83
[2024-07-20 17:07:26,232][    INFO] ***** Evaluation ***** >>>> Class [1 Myocardium] Dice: 78.62
[2024-07-20 17:07:26,232][    INFO] ***** Evaluation ***** >>>> Class [2 Left Ventricle] Dice: 88.12
[2024-07-20 17:07:26,232][    INFO] ***** Evaluation ***** >>>> MeanDice: 79.86

[2024-07-20 17:07:26,429][    INFO] ===========> Epoch: 77, LR: 0.00276, Previous best: 81.90
[2024-07-20 17:07:27,185][    INFO] Iters: 0, Total loss: 0.037, Loss x: 0.052, Loss s: 0.033, Loss w_fp: 0.011, Mask ratio: 0.980
[2024-07-20 17:07:38,598][    INFO] ***** Evaluation ***** >>>> Class [0 Right Ventricle] Dice: 74.74
[2024-07-20 17:07:38,598][    INFO] ***** Evaluation ***** >>>> Class [1 Myocardium] Dice: 80.00
[2024-07-20 17:07:38,598][    INFO] ***** Evaluation ***** >>>> Class [2 Left Ventricle] Dice: 89.16
[2024-07-20 17:07:38,598][    INFO] ***** Evaluation ***** >>>> MeanDice: 81.30

[2024-07-20 17:07:38,794][    INFO] ===========> Epoch: 78, LR: 0.00265, Previous best: 81.90
[2024-07-20 17:07:39,545][    INFO] Iters: 0, Total loss: 0.038, Loss x: 0.036, Loss s: 0.062, Loss w_fp: 0.018, Mask ratio: 0.979
[2024-07-20 17:07:56,369][    INFO] ***** Evaluation ***** >>>> Class [0 Right Ventricle] Dice: 72.57
[2024-07-20 17:07:56,369][    INFO] ***** Evaluation ***** >>>> Class [1 Myocardium] Dice: 79.29
[2024-07-20 17:07:56,369][    INFO] ***** Evaluation ***** >>>> Class [2 Left Ventricle] Dice: 90.97
[2024-07-20 17:07:56,369][    INFO] ***** Evaluation ***** >>>> MeanDice: 80.95

[2024-07-20 17:07:56,565][    INFO] ===========> Epoch: 79, LR: 0.00255, Previous best: 81.90
[2024-07-20 17:07:57,308][    INFO] Iters: 0, Total loss: 0.036, Loss x: 0.050, Loss s: 0.031, Loss w_fp: 0.011, Mask ratio: 0.984
[2024-07-20 17:08:05,939][    INFO] ***** Evaluation ***** >>>> Class [0 Right Ventricle] Dice: 73.79
[2024-07-20 17:08:05,940][    INFO] ***** Evaluation ***** >>>> Class [1 Myocardium] Dice: 79.12
[2024-07-20 17:08:05,940][    INFO] ***** Evaluation ***** >>>> Class [2 Left Ventricle] Dice: 90.75
[2024-07-20 17:08:05,940][    INFO] ***** Evaluation ***** >>>> MeanDice: 81.22

[2024-07-20 17:08:06,135][    INFO] ===========> Epoch: 80, LR: 0.00245, Previous best: 81.90
[2024-07-20 17:08:06,887][    INFO] Iters: 0, Total loss: 0.037, Loss x: 0.064, Loss s: 0.015, Loss w_fp: 0.004, Mask ratio: 0.981
[2024-07-20 17:08:15,762][    INFO] ***** Evaluation ***** >>>> Class [0 Right Ventricle] Dice: 73.93
[2024-07-20 17:08:15,762][    INFO] ***** Evaluation ***** >>>> Class [1 Myocardium] Dice: 79.55
[2024-07-20 17:08:15,762][    INFO] ***** Evaluation ***** >>>> Class [2 Left Ventricle] Dice: 89.60
[2024-07-20 17:08:15,762][    INFO] ***** Evaluation ***** >>>> MeanDice: 81.03

[2024-07-20 17:08:15,957][    INFO] ===========> Epoch: 81, LR: 0.00234, Previous best: 81.90
[2024-07-20 17:08:16,690][    INFO] Iters: 0, Total loss: 0.032, Loss x: 0.046, Loss s: 0.028, Loss w_fp: 0.006, Mask ratio: 0.982
[2024-07-20 17:08:25,599][    INFO] ***** Evaluation ***** >>>> Class [0 Right Ventricle] Dice: 74.74
[2024-07-20 17:08:25,600][    INFO] ***** Evaluation ***** >>>> Class [1 Myocardium] Dice: 79.22
[2024-07-20 17:08:25,600][    INFO] ***** Evaluation ***** >>>> Class [2 Left Ventricle] Dice: 88.89
[2024-07-20 17:08:25,600][    INFO] ***** Evaluation ***** >>>> MeanDice: 80.95

[2024-07-20 17:08:25,798][    INFO] ===========> Epoch: 82, LR: 0.00223, Previous best: 81.90
[2024-07-20 17:08:26,535][    INFO] Iters: 0, Total loss: 0.035, Loss x: 0.040, Loss s: 0.053, Loss w_fp: 0.009, Mask ratio: 0.978
[2024-07-20 17:08:35,429][    INFO] ***** Evaluation ***** >>>> Class [0 Right Ventricle] Dice: 74.09
[2024-07-20 17:08:35,429][    INFO] ***** Evaluation ***** >>>> Class [1 Myocardium] Dice: 79.70
[2024-07-20 17:08:35,429][    INFO] ***** Evaluation ***** >>>> Class [2 Left Ventricle] Dice: 90.88
[2024-07-20 17:08:35,429][    INFO] ***** Evaluation ***** >>>> MeanDice: 81.56

[2024-07-20 17:08:35,625][    INFO] ===========> Epoch: 83, LR: 0.00213, Previous best: 81.90
[2024-07-20 17:08:36,373][    INFO] Iters: 0, Total loss: 0.029, Loss x: 0.038, Loss s: 0.037, Loss w_fp: 0.004, Mask ratio: 0.983
[2024-07-20 17:08:45,166][    INFO] ***** Evaluation ***** >>>> Class [0 Right Ventricle] Dice: 73.97
[2024-07-20 17:08:45,167][    INFO] ***** Evaluation ***** >>>> Class [1 Myocardium] Dice: 79.43
[2024-07-20 17:08:45,167][    INFO] ***** Evaluation ***** >>>> Class [2 Left Ventricle] Dice: 90.27
[2024-07-20 17:08:45,167][    INFO] ***** Evaluation ***** >>>> MeanDice: 81.23

[2024-07-20 17:08:45,362][    INFO] ===========> Epoch: 84, LR: 0.00202, Previous best: 81.90
[2024-07-20 17:08:46,119][    INFO] Iters: 0, Total loss: 0.044, Loss x: 0.047, Loss s: 0.068, Loss w_fp: 0.011, Mask ratio: 0.979
[2024-07-20 17:08:54,970][    INFO] ***** Evaluation ***** >>>> Class [0 Right Ventricle] Dice: 74.74
[2024-07-20 17:08:54,970][    INFO] ***** Evaluation ***** >>>> Class [1 Myocardium] Dice: 79.53
[2024-07-20 17:08:54,970][    INFO] ***** Evaluation ***** >>>> Class [2 Left Ventricle] Dice: 90.48
[2024-07-20 17:08:54,971][    INFO] ***** Evaluation ***** >>>> MeanDice: 81.58

[2024-07-20 17:08:55,163][    INFO] ===========> Epoch: 85, LR: 0.00191, Previous best: 81.90
[2024-07-20 17:08:55,917][    INFO] Iters: 0, Total loss: 0.041, Loss x: 0.051, Loss s: 0.053, Loss w_fp: 0.010, Mask ratio: 0.980
[2024-07-20 17:09:04,568][    INFO] ***** Evaluation ***** >>>> Class [0 Right Ventricle] Dice: 75.10
[2024-07-20 17:09:04,569][    INFO] ***** Evaluation ***** >>>> Class [1 Myocardium] Dice: 80.71
[2024-07-20 17:09:04,569][    INFO] ***** Evaluation ***** >>>> Class [2 Left Ventricle] Dice: 91.57
[2024-07-20 17:09:04,569][    INFO] ***** Evaluation ***** >>>> MeanDice: 82.46

[2024-07-20 17:09:04,956][    INFO] ===========> Epoch: 86, LR: 0.00180, Previous best: 82.46
[2024-07-20 17:09:05,673][    INFO] Iters: 0, Total loss: 0.034, Loss x: 0.037, Loss s: 0.051, Loss w_fp: 0.009, Mask ratio: 0.983
[2024-07-20 17:09:14,465][    INFO] ***** Evaluation ***** >>>> Class [0 Right Ventricle] Dice: 74.52
[2024-07-20 17:09:14,465][    INFO] ***** Evaluation ***** >>>> Class [1 Myocardium] Dice: 80.54
[2024-07-20 17:09:14,465][    INFO] ***** Evaluation ***** >>>> Class [2 Left Ventricle] Dice: 91.07
[2024-07-20 17:09:14,465][    INFO] ***** Evaluation ***** >>>> MeanDice: 82.04

[2024-07-20 17:09:14,661][    INFO] ===========> Epoch: 87, LR: 0.00169, Previous best: 82.46
[2024-07-20 17:09:15,428][    INFO] Iters: 0, Total loss: 0.037, Loss x: 0.044, Loss s: 0.056, Loss w_fp: 0.006, Mask ratio: 0.983
[2024-07-20 17:09:24,289][    INFO] ***** Evaluation ***** >>>> Class [0 Right Ventricle] Dice: 74.98
[2024-07-20 17:09:24,289][    INFO] ***** Evaluation ***** >>>> Class [1 Myocardium] Dice: 80.20
[2024-07-20 17:09:24,290][    INFO] ***** Evaluation ***** >>>> Class [2 Left Ventricle] Dice: 91.01
[2024-07-20 17:09:24,290][    INFO] ***** Evaluation ***** >>>> MeanDice: 82.06

[2024-07-20 17:09:24,483][    INFO] ===========> Epoch: 88, LR: 0.00158, Previous best: 82.46
[2024-07-20 17:09:25,249][    INFO] Iters: 0, Total loss: 0.038, Loss x: 0.041, Loss s: 0.060, Loss w_fp: 0.009, Mask ratio: 0.982
[2024-07-20 17:09:34,217][    INFO] ***** Evaluation ***** >>>> Class [0 Right Ventricle] Dice: 74.93
[2024-07-20 17:09:34,217][    INFO] ***** Evaluation ***** >>>> Class [1 Myocardium] Dice: 80.00
[2024-07-20 17:09:34,217][    INFO] ***** Evaluation ***** >>>> Class [2 Left Ventricle] Dice: 90.88
[2024-07-20 17:09:34,218][    INFO] ***** Evaluation ***** >>>> MeanDice: 81.94

[2024-07-20 17:09:34,413][    INFO] ===========> Epoch: 89, LR: 0.00147, Previous best: 82.46
[2024-07-20 17:09:35,171][    INFO] Iters: 0, Total loss: 0.033, Loss x: 0.040, Loss s: 0.048, Loss w_fp: 0.005, Mask ratio: 0.982
[2024-07-20 17:09:44,142][    INFO] ***** Evaluation ***** >>>> Class [0 Right Ventricle] Dice: 75.44
[2024-07-20 17:09:44,142][    INFO] ***** Evaluation ***** >>>> Class [1 Myocardium] Dice: 79.99
[2024-07-20 17:09:44,142][    INFO] ***** Evaluation ***** >>>> Class [2 Left Ventricle] Dice: 90.67
[2024-07-20 17:09:44,143][    INFO] ***** Evaluation ***** >>>> MeanDice: 82.03

[2024-07-20 17:09:44,340][    INFO] ===========> Epoch: 90, LR: 0.00136, Previous best: 82.46
[2024-07-20 17:09:45,083][    INFO] Iters: 0, Total loss: 0.035, Loss x: 0.036, Loss s: 0.054, Loss w_fp: 0.014, Mask ratio: 0.982
[2024-07-20 17:09:53,842][    INFO] ***** Evaluation ***** >>>> Class [0 Right Ventricle] Dice: 75.11
[2024-07-20 17:09:53,843][    INFO] ***** Evaluation ***** >>>> Class [1 Myocardium] Dice: 79.34
[2024-07-20 17:09:53,843][    INFO] ***** Evaluation ***** >>>> Class [2 Left Ventricle] Dice: 89.82
[2024-07-20 17:09:53,843][    INFO] ***** Evaluation ***** >>>> MeanDice: 81.42

[2024-07-20 17:09:54,038][    INFO] ===========> Epoch: 91, LR: 0.00125, Previous best: 82.46
[2024-07-20 17:09:54,719][    INFO] Iters: 0, Total loss: 0.032, Loss x: 0.031, Loss s: 0.049, Loss w_fp: 0.017, Mask ratio: 0.975
[2024-07-20 17:10:03,650][    INFO] ***** Evaluation ***** >>>> Class [0 Right Ventricle] Dice: 74.46
[2024-07-20 17:10:03,650][    INFO] ***** Evaluation ***** >>>> Class [1 Myocardium] Dice: 79.74
[2024-07-20 17:10:03,650][    INFO] ***** Evaluation ***** >>>> Class [2 Left Ventricle] Dice: 90.40
[2024-07-20 17:10:03,650][    INFO] ***** Evaluation ***** >>>> MeanDice: 81.53

[2024-07-20 17:10:03,846][    INFO] ===========> Epoch: 92, LR: 0.00113, Previous best: 82.46
[2024-07-20 17:10:04,596][    INFO] Iters: 0, Total loss: 0.036, Loss x: 0.036, Loss s: 0.065, Loss w_fp: 0.008, Mask ratio: 0.982
[2024-07-20 17:10:13,393][    INFO] ***** Evaluation ***** >>>> Class [0 Right Ventricle] Dice: 74.10
[2024-07-20 17:10:13,393][    INFO] ***** Evaluation ***** >>>> Class [1 Myocardium] Dice: 80.97
[2024-07-20 17:10:13,393][    INFO] ***** Evaluation ***** >>>> Class [2 Left Ventricle] Dice: 90.03
[2024-07-20 17:10:13,393][    INFO] ***** Evaluation ***** >>>> MeanDice: 81.70

[2024-07-20 17:10:13,588][    INFO] ===========> Epoch: 93, LR: 0.00102, Previous best: 82.46
[2024-07-20 17:10:14,353][    INFO] Iters: 0, Total loss: 0.042, Loss x: 0.041, Loss s: 0.081, Loss w_fp: 0.007, Mask ratio: 0.983
[2024-07-20 17:10:23,263][    INFO] ***** Evaluation ***** >>>> Class [0 Right Ventricle] Dice: 74.17
[2024-07-20 17:10:23,264][    INFO] ***** Evaluation ***** >>>> Class [1 Myocardium] Dice: 80.05
[2024-07-20 17:10:23,264][    INFO] ***** Evaluation ***** >>>> Class [2 Left Ventricle] Dice: 90.72
[2024-07-20 17:10:23,264][    INFO] ***** Evaluation ***** >>>> MeanDice: 81.65

[2024-07-20 17:10:23,454][    INFO] ===========> Epoch: 94, LR: 0.00090, Previous best: 82.46
[2024-07-20 17:10:24,211][    INFO] Iters: 0, Total loss: 0.035, Loss x: 0.045, Loss s: 0.047, Loss w_fp: 0.005, Mask ratio: 0.982
[2024-07-20 17:10:33,195][    INFO] ***** Evaluation ***** >>>> Class [0 Right Ventricle] Dice: 72.94
[2024-07-20 17:10:33,195][    INFO] ***** Evaluation ***** >>>> Class [1 Myocardium] Dice: 82.11
[2024-07-20 17:10:33,195][    INFO] ***** Evaluation ***** >>>> Class [2 Left Ventricle] Dice: 90.57
[2024-07-20 17:10:33,195][    INFO] ***** Evaluation ***** >>>> MeanDice: 81.87

[2024-07-20 17:10:33,389][    INFO] ===========> Epoch: 95, LR: 0.00078, Previous best: 82.46
[2024-07-20 17:10:34,103][    INFO] Iters: 0, Total loss: 0.038, Loss x: 0.045, Loss s: 0.055, Loss w_fp: 0.007, Mask ratio: 0.983
[2024-07-20 17:10:42,832][    INFO] ***** Evaluation ***** >>>> Class [0 Right Ventricle] Dice: 74.00
[2024-07-20 17:10:42,832][    INFO] ***** Evaluation ***** >>>> Class [1 Myocardium] Dice: 80.45
[2024-07-20 17:10:42,832][    INFO] ***** Evaluation ***** >>>> Class [2 Left Ventricle] Dice: 91.00
[2024-07-20 17:10:42,832][    INFO] ***** Evaluation ***** >>>> MeanDice: 81.82

[2024-07-20 17:10:43,030][    INFO] ===========> Epoch: 96, LR: 0.00066, Previous best: 82.46
[2024-07-20 17:10:43,759][    INFO] Iters: 0, Total loss: 0.023, Loss x: 0.037, Loss s: 0.010, Loss w_fp: 0.006, Mask ratio: 0.979
[2024-07-20 17:10:52,455][    INFO] ***** Evaluation ***** >>>> Class [0 Right Ventricle] Dice: 74.27
[2024-07-20 17:10:52,455][    INFO] ***** Evaluation ***** >>>> Class [1 Myocardium] Dice: 79.97
[2024-07-20 17:10:52,455][    INFO] ***** Evaluation ***** >>>> Class [2 Left Ventricle] Dice: 90.68
[2024-07-20 17:10:52,455][    INFO] ***** Evaluation ***** >>>> MeanDice: 81.64

[2024-07-20 17:10:52,652][    INFO] ===========> Epoch: 97, LR: 0.00054, Previous best: 82.46
[2024-07-20 17:10:53,424][    INFO] Iters: 0, Total loss: 0.028, Loss x: 0.039, Loss s: 0.031, Loss w_fp: 0.005, Mask ratio: 0.982
[2024-07-20 17:11:02,305][    INFO] ***** Evaluation ***** >>>> Class [0 Right Ventricle] Dice: 74.00
[2024-07-20 17:11:02,305][    INFO] ***** Evaluation ***** >>>> Class [1 Myocardium] Dice: 81.90
[2024-07-20 17:11:02,306][    INFO] ***** Evaluation ***** >>>> Class [2 Left Ventricle] Dice: 90.46
[2024-07-20 17:11:02,306][    INFO] ***** Evaluation ***** >>>> MeanDice: 82.12

[2024-07-20 17:11:02,499][    INFO] ===========> Epoch: 98, LR: 0.00041, Previous best: 82.46
[2024-07-20 17:11:03,246][    INFO] Iters: 0, Total loss: 0.038, Loss x: 0.040, Loss s: 0.056, Loss w_fp: 0.017, Mask ratio: 0.981
[2024-07-20 17:11:12,355][    INFO] ***** Evaluation ***** >>>> Class [0 Right Ventricle] Dice: 73.87
[2024-07-20 17:11:12,356][    INFO] ***** Evaluation ***** >>>> Class [1 Myocardium] Dice: 81.56
[2024-07-20 17:11:12,356][    INFO] ***** Evaluation ***** >>>> Class [2 Left Ventricle] Dice: 90.24
[2024-07-20 17:11:12,356][    INFO] ***** Evaluation ***** >>>> MeanDice: 81.89

[2024-07-20 17:11:12,553][    INFO] ===========> Epoch: 99, LR: 0.00028, Previous best: 82.46
[2024-07-20 17:11:13,304][    INFO] Iters: 0, Total loss: 0.032, Loss x: 0.037, Loss s: 0.049, Loss w_fp: 0.005, Mask ratio: 0.982
[2024-07-20 17:11:24,479][    INFO] ***** Evaluation ***** >>>> Class [0 Right Ventricle] Dice: 73.54
[2024-07-20 17:11:24,480][    INFO] ***** Evaluation ***** >>>> Class [1 Myocardium] Dice: 81.39
[2024-07-20 17:11:24,480][    INFO] ***** Evaluation ***** >>>> Class [2 Left Ventricle] Dice: 90.22
[2024-07-20 17:11:24,480][    INFO] ***** Evaluation ***** >>>> MeanDice: 81.71

