/var/lib/slurm-llnl/slurmd/job15556/slurm_script: line 12: module: command not found
/var/lib/slurm-llnl/slurmd/job15556/slurm_script: line 13: activate: No such file or directory

CondaError: Run 'conda init' before 'conda deactivate'


CondaError: Run 'conda init' before 'conda activate'

[2024-07-20 17:46:55,914][    INFO] {'batch_size': 12,
 'conf_thresh': 0.95,
 'crop_size': 256,
 'data_root': '/vol/aimspace/projects/ukbb/data/cardiac/cardiac_segmentations/subjects',
 'dataset': 'ukbb',
 'epochs': 150,
 'exp': '4',
 'local_rank': 0,
 'lr': 0.01,
 'mode': 'train',
 'nclass': 4,
 'nclass_classif': 3,
 'ngpus': 1,
 'num_workers': 1,
 'port': 8047,
 'seed': '47',
 'seg_model': 'unet',
 'split': 18,
 'task': 'seg_only_mid_slices',
 'visualize': False}

[2024-07-20 17:46:55,964][    INFO] Total params: 1.8M

[2024-07-20 17:46:56,775][    INFO] ************ Load from checkpoint at epoch 99

[2024-07-20 17:46:56,776][    INFO] ===========> Epoch: 100, LR: 0.00015, Previous best: 82.46
[2024-07-20 17:47:00,894][    INFO] Iters: 0, Total loss: 0.039, Loss x: 0.039, Loss s: 0.074, Loss w_fp: 0.004, Mask ratio: 0.982
[2024-07-20 17:47:08,076][    INFO] ***** Evaluation ***** >>>> Class [0 Right Ventricle] Dice: 73.56
[2024-07-20 17:47:08,076][    INFO] ***** Evaluation ***** >>>> Class [1 Myocardium] Dice: 77.71
[2024-07-20 17:47:08,076][    INFO] ***** Evaluation ***** >>>> Class [2 Left Ventricle] Dice: 87.85
[2024-07-20 17:47:08,076][    INFO] ***** Evaluation ***** >>>> MeanDice: 79.71

[2024-07-20 17:47:08,295][    INFO] ===========> Epoch: 101, LR: 0.00371, Previous best: 82.46
[2024-07-20 17:47:09,060][    INFO] Iters: 0, Total loss: 0.038, Loss x: 0.047, Loss s: 0.050, Loss w_fp: 0.009, Mask ratio: 0.978
[2024-07-20 17:47:16,470][    INFO] ***** Evaluation ***** >>>> Class [0 Right Ventricle] Dice: 70.30
[2024-07-20 17:47:16,470][    INFO] ***** Evaluation ***** >>>> Class [1 Myocardium] Dice: 81.06
[2024-07-20 17:47:16,470][    INFO] ***** Evaluation ***** >>>> Class [2 Left Ventricle] Dice: 89.54
[2024-07-20 17:47:16,470][    INFO] ***** Evaluation ***** >>>> MeanDice: 80.30

[2024-07-20 17:47:16,669][    INFO] ===========> Epoch: 102, LR: 0.00365, Previous best: 82.46
[2024-07-20 17:47:17,434][    INFO] Iters: 0, Total loss: 0.034, Loss x: 0.043, Loss s: 0.044, Loss w_fp: 0.008, Mask ratio: 0.984
[2024-07-20 17:47:24,852][    INFO] ***** Evaluation ***** >>>> Class [0 Right Ventricle] Dice: 76.94
[2024-07-20 17:47:24,852][    INFO] ***** Evaluation ***** >>>> Class [1 Myocardium] Dice: 79.40
[2024-07-20 17:47:24,852][    INFO] ***** Evaluation ***** >>>> Class [2 Left Ventricle] Dice: 89.47
[2024-07-20 17:47:24,852][    INFO] ***** Evaluation ***** >>>> MeanDice: 81.94

[2024-07-20 17:47:25,051][    INFO] ===========> Epoch: 103, LR: 0.00358, Previous best: 82.46
[2024-07-20 17:47:25,826][    INFO] Iters: 0, Total loss: 0.039, Loss x: 0.049, Loss s: 0.047, Loss w_fp: 0.010, Mask ratio: 0.981
[2024-07-20 17:47:33,462][    INFO] ***** Evaluation ***** >>>> Class [0 Right Ventricle] Dice: 72.97
[2024-07-20 17:47:33,463][    INFO] ***** Evaluation ***** >>>> Class [1 Myocardium] Dice: 82.41
[2024-07-20 17:47:33,463][    INFO] ***** Evaluation ***** >>>> Class [2 Left Ventricle] Dice: 90.94
[2024-07-20 17:47:33,463][    INFO] ***** Evaluation ***** >>>> MeanDice: 82.11

[2024-07-20 17:47:33,681][    INFO] ===========> Epoch: 104, LR: 0.00351, Previous best: 82.46
[2024-07-20 17:47:34,484][    INFO] Iters: 0, Total loss: 0.039, Loss x: 0.046, Loss s: 0.050, Loss w_fp: 0.014, Mask ratio: 0.983
[2024-07-20 17:47:42,145][    INFO] ***** Evaluation ***** >>>> Class [0 Right Ventricle] Dice: 73.86
[2024-07-20 17:47:42,146][    INFO] ***** Evaluation ***** >>>> Class [1 Myocardium] Dice: 82.40
[2024-07-20 17:47:42,146][    INFO] ***** Evaluation ***** >>>> Class [2 Left Ventricle] Dice: 91.22
[2024-07-20 17:47:42,146][    INFO] ***** Evaluation ***** >>>> MeanDice: 82.50

[2024-07-20 17:47:42,545][    INFO] ===========> Epoch: 105, LR: 0.00345, Previous best: 82.50
[2024-07-20 17:47:43,254][    INFO] Iters: 0, Total loss: 0.033, Loss x: 0.040, Loss s: 0.047, Loss w_fp: 0.005, Mask ratio: 0.982
[2024-07-20 17:47:50,669][    INFO] ***** Evaluation ***** >>>> Class [0 Right Ventricle] Dice: 72.10
[2024-07-20 17:47:50,670][    INFO] ***** Evaluation ***** >>>> Class [1 Myocardium] Dice: 81.28
[2024-07-20 17:47:50,670][    INFO] ***** Evaluation ***** >>>> Class [2 Left Ventricle] Dice: 89.21
[2024-07-20 17:47:50,670][    INFO] ***** Evaluation ***** >>>> MeanDice: 80.86

[2024-07-20 17:47:50,869][    INFO] ===========> Epoch: 106, LR: 0.00338, Previous best: 82.50
[2024-07-20 17:47:51,633][    INFO] Iters: 0, Total loss: 0.031, Loss x: 0.036, Loss s: 0.044, Loss w_fp: 0.009, Mask ratio: 0.977
[2024-07-20 17:47:59,150][    INFO] ***** Evaluation ***** >>>> Class [0 Right Ventricle] Dice: 73.89
[2024-07-20 17:47:59,151][    INFO] ***** Evaluation ***** >>>> Class [1 Myocardium] Dice: 81.36
[2024-07-20 17:47:59,151][    INFO] ***** Evaluation ***** >>>> Class [2 Left Ventricle] Dice: 89.41
[2024-07-20 17:47:59,151][    INFO] ***** Evaluation ***** >>>> MeanDice: 81.55

[2024-07-20 17:47:59,349][    INFO] ===========> Epoch: 107, LR: 0.00331, Previous best: 82.50
[2024-07-20 17:48:00,085][    INFO] Iters: 0, Total loss: 0.025, Loss x: 0.029, Loss s: 0.037, Loss w_fp: 0.007, Mask ratio: 0.984
[2024-07-20 17:48:07,683][    INFO] ***** Evaluation ***** >>>> Class [0 Right Ventricle] Dice: 76.70
[2024-07-20 17:48:07,684][    INFO] ***** Evaluation ***** >>>> Class [1 Myocardium] Dice: 80.23
[2024-07-20 17:48:07,684][    INFO] ***** Evaluation ***** >>>> Class [2 Left Ventricle] Dice: 91.41
[2024-07-20 17:48:07,684][    INFO] ***** Evaluation ***** >>>> MeanDice: 82.78

[2024-07-20 17:48:08,073][    INFO] ===========> Epoch: 108, LR: 0.00324, Previous best: 82.78
[2024-07-20 17:48:08,784][    INFO] Iters: 0, Total loss: 0.036, Loss x: 0.046, Loss s: 0.043, Loss w_fp: 0.010, Mask ratio: 0.981
[2024-07-20 17:48:16,485][    INFO] ***** Evaluation ***** >>>> Class [0 Right Ventricle] Dice: 71.74
[2024-07-20 17:48:16,485][    INFO] ***** Evaluation ***** >>>> Class [1 Myocardium] Dice: 80.02
[2024-07-20 17:48:16,485][    INFO] ***** Evaluation ***** >>>> Class [2 Left Ventricle] Dice: 90.57
[2024-07-20 17:48:16,485][    INFO] ***** Evaluation ***** >>>> MeanDice: 80.78

[2024-07-20 17:48:16,681][    INFO] ===========> Epoch: 109, LR: 0.00317, Previous best: 82.78
[2024-07-20 17:48:17,408][    INFO] Iters: 0, Total loss: 0.036, Loss x: 0.032, Loss s: 0.069, Loss w_fp: 0.009, Mask ratio: 0.981
[2024-07-20 17:48:24,843][    INFO] ***** Evaluation ***** >>>> Class [0 Right Ventricle] Dice: 75.11
[2024-07-20 17:48:24,843][    INFO] ***** Evaluation ***** >>>> Class [1 Myocardium] Dice: 78.71
[2024-07-20 17:48:24,843][    INFO] ***** Evaluation ***** >>>> Class [2 Left Ventricle] Dice: 88.64
[2024-07-20 17:48:24,843][    INFO] ***** Evaluation ***** >>>> MeanDice: 80.82

[2024-07-20 17:48:25,042][    INFO] ===========> Epoch: 110, LR: 0.00311, Previous best: 82.78
[2024-07-20 17:48:25,804][    INFO] Iters: 0, Total loss: 0.030, Loss x: 0.045, Loss s: 0.025, Loss w_fp: 0.007, Mask ratio: 0.984
[2024-07-20 17:48:33,497][    INFO] ***** Evaluation ***** >>>> Class [0 Right Ventricle] Dice: 76.42
[2024-07-20 17:48:33,498][    INFO] ***** Evaluation ***** >>>> Class [1 Myocardium] Dice: 80.64
[2024-07-20 17:48:33,498][    INFO] ***** Evaluation ***** >>>> Class [2 Left Ventricle] Dice: 90.04
[2024-07-20 17:48:33,498][    INFO] ***** Evaluation ***** >>>> MeanDice: 82.37

[2024-07-20 17:48:33,692][    INFO] ===========> Epoch: 111, LR: 0.00304, Previous best: 82.78
[2024-07-20 17:48:34,433][    INFO] Iters: 0, Total loss: 0.033, Loss x: 0.036, Loss s: 0.054, Loss w_fp: 0.008, Mask ratio: 0.979
[2024-07-20 17:48:41,907][    INFO] ***** Evaluation ***** >>>> Class [0 Right Ventricle] Dice: 71.76
[2024-07-20 17:48:41,908][    INFO] ***** Evaluation ***** >>>> Class [1 Myocardium] Dice: 81.49
[2024-07-20 17:48:41,908][    INFO] ***** Evaluation ***** >>>> Class [2 Left Ventricle] Dice: 90.82
[2024-07-20 17:48:41,908][    INFO] ***** Evaluation ***** >>>> MeanDice: 81.36

[2024-07-20 17:48:42,102][    INFO] ===========> Epoch: 112, LR: 0.00297, Previous best: 82.78
[2024-07-20 17:48:42,831][    INFO] Iters: 0, Total loss: 0.032, Loss x: 0.035, Loss s: 0.040, Loss w_fp: 0.016, Mask ratio: 0.983
[2024-07-20 17:48:50,381][    INFO] ***** Evaluation ***** >>>> Class [0 Right Ventricle] Dice: 76.12
[2024-07-20 17:48:50,382][    INFO] ***** Evaluation ***** >>>> Class [1 Myocardium] Dice: 81.40
[2024-07-20 17:48:50,382][    INFO] ***** Evaluation ***** >>>> Class [2 Left Ventricle] Dice: 91.86
[2024-07-20 17:48:50,382][    INFO] ***** Evaluation ***** >>>> MeanDice: 83.13

[2024-07-20 17:48:50,822][    INFO] ===========> Epoch: 113, LR: 0.00290, Previous best: 83.13
[2024-07-20 17:48:51,646][    INFO] Iters: 0, Total loss: 0.046, Loss x: 0.047, Loss s: 0.078, Loss w_fp: 0.013, Mask ratio: 0.981
[2024-07-20 17:48:58,882][    INFO] ***** Evaluation ***** >>>> Class [0 Right Ventricle] Dice: 73.52
[2024-07-20 17:48:58,882][    INFO] ***** Evaluation ***** >>>> Class [1 Myocardium] Dice: 81.31
[2024-07-20 17:48:58,882][    INFO] ***** Evaluation ***** >>>> Class [2 Left Ventricle] Dice: 90.15
[2024-07-20 17:48:58,882][    INFO] ***** Evaluation ***** >>>> MeanDice: 81.66

[2024-07-20 17:48:59,081][    INFO] ===========> Epoch: 114, LR: 0.00283, Previous best: 83.13
[2024-07-20 17:48:59,803][    INFO] Iters: 0, Total loss: 0.032, Loss x: 0.034, Loss s: 0.048, Loss w_fp: 0.014, Mask ratio: 0.985
[2024-07-20 17:49:07,362][    INFO] ***** Evaluation ***** >>>> Class [0 Right Ventricle] Dice: 70.41
[2024-07-20 17:49:07,362][    INFO] ***** Evaluation ***** >>>> Class [1 Myocardium] Dice: 80.41
[2024-07-20 17:49:07,362][    INFO] ***** Evaluation ***** >>>> Class [2 Left Ventricle] Dice: 89.23
[2024-07-20 17:49:07,362][    INFO] ***** Evaluation ***** >>>> MeanDice: 80.01

[2024-07-20 17:49:07,559][    INFO] ===========> Epoch: 115, LR: 0.00276, Previous best: 83.13
[2024-07-20 17:49:08,330][    INFO] Iters: 0, Total loss: 0.035, Loss x: 0.047, Loss s: 0.035, Loss w_fp: 0.011, Mask ratio: 0.987
[2024-07-20 17:49:16,176][    INFO] ***** Evaluation ***** >>>> Class [0 Right Ventricle] Dice: 76.65
[2024-07-20 17:49:16,177][    INFO] ***** Evaluation ***** >>>> Class [1 Myocardium] Dice: 80.67
[2024-07-20 17:49:16,177][    INFO] ***** Evaluation ***** >>>> Class [2 Left Ventricle] Dice: 89.80
[2024-07-20 17:49:16,177][    INFO] ***** Evaluation ***** >>>> MeanDice: 82.37

[2024-07-20 17:49:16,371][    INFO] ===========> Epoch: 116, LR: 0.00269, Previous best: 83.13
[2024-07-20 17:49:17,100][    INFO] Iters: 0, Total loss: 0.034, Loss x: 0.046, Loss s: 0.040, Loss w_fp: 0.006, Mask ratio: 0.982
[2024-07-20 17:49:25,002][    INFO] ***** Evaluation ***** >>>> Class [0 Right Ventricle] Dice: 71.38
[2024-07-20 17:49:25,002][    INFO] ***** Evaluation ***** >>>> Class [1 Myocardium] Dice: 80.78
[2024-07-20 17:49:25,002][    INFO] ***** Evaluation ***** >>>> Class [2 Left Ventricle] Dice: 89.75
[2024-07-20 17:49:25,002][    INFO] ***** Evaluation ***** >>>> MeanDice: 80.64

[2024-07-20 17:49:25,195][    INFO] ===========> Epoch: 117, LR: 0.00262, Previous best: 83.13
[2024-07-20 17:49:25,964][    INFO] Iters: 0, Total loss: 0.031, Loss x: 0.035, Loss s: 0.050, Loss w_fp: 0.006, Mask ratio: 0.983
[2024-07-20 17:49:33,357][    INFO] ***** Evaluation ***** >>>> Class [0 Right Ventricle] Dice: 74.33
[2024-07-20 17:49:33,357][    INFO] ***** Evaluation ***** >>>> Class [1 Myocardium] Dice: 82.10
[2024-07-20 17:49:33,357][    INFO] ***** Evaluation ***** >>>> Class [2 Left Ventricle] Dice: 92.39
[2024-07-20 17:49:33,357][    INFO] ***** Evaluation ***** >>>> MeanDice: 82.94

[2024-07-20 17:49:33,555][    INFO] ===========> Epoch: 118, LR: 0.00255, Previous best: 83.13
[2024-07-20 17:49:34,277][    INFO] Iters: 0, Total loss: 0.031, Loss x: 0.039, Loss s: 0.041, Loss w_fp: 0.005, Mask ratio: 0.980
[2024-07-20 17:49:42,607][    INFO] ***** Evaluation ***** >>>> Class [0 Right Ventricle] Dice: 75.68
[2024-07-20 17:49:42,607][    INFO] ***** Evaluation ***** >>>> Class [1 Myocardium] Dice: 80.18
[2024-07-20 17:49:42,607][    INFO] ***** Evaluation ***** >>>> Class [2 Left Ventricle] Dice: 91.49
[2024-07-20 17:49:42,607][    INFO] ***** Evaluation ***** >>>> MeanDice: 82.45

[2024-07-20 17:49:42,804][    INFO] ===========> Epoch: 119, LR: 0.00248, Previous best: 83.13
[2024-07-20 17:49:43,552][    INFO] Iters: 0, Total loss: 0.032, Loss x: 0.041, Loss s: 0.043, Loss w_fp: 0.005, Mask ratio: 0.981
[2024-07-20 17:49:50,973][    INFO] ***** Evaluation ***** >>>> Class [0 Right Ventricle] Dice: 70.47
[2024-07-20 17:49:50,973][    INFO] ***** Evaluation ***** >>>> Class [1 Myocardium] Dice: 81.49
[2024-07-20 17:49:50,973][    INFO] ***** Evaluation ***** >>>> Class [2 Left Ventricle] Dice: 90.19
[2024-07-20 17:49:50,973][    INFO] ***** Evaluation ***** >>>> MeanDice: 80.72

[2024-07-20 17:49:51,168][    INFO] ===========> Epoch: 120, LR: 0.00241, Previous best: 83.13
[2024-07-20 17:49:51,874][    INFO] Iters: 0, Total loss: 0.024, Loss x: 0.030, Loss s: 0.029, Loss w_fp: 0.008, Mask ratio: 0.982
[2024-07-20 17:49:59,306][    INFO] ***** Evaluation ***** >>>> Class [0 Right Ventricle] Dice: 72.96
[2024-07-20 17:49:59,306][    INFO] ***** Evaluation ***** >>>> Class [1 Myocardium] Dice: 83.45
[2024-07-20 17:49:59,306][    INFO] ***** Evaluation ***** >>>> Class [2 Left Ventricle] Dice: 91.50
[2024-07-20 17:49:59,306][    INFO] ***** Evaluation ***** >>>> MeanDice: 82.64

[2024-07-20 17:49:59,505][    INFO] ===========> Epoch: 121, LR: 0.00234, Previous best: 83.13
[2024-07-20 17:50:00,246][    INFO] Iters: 0, Total loss: 0.043, Loss x: 0.052, Loss s: 0.062, Loss w_fp: 0.007, Mask ratio: 0.982
[2024-07-20 17:50:07,788][    INFO] ***** Evaluation ***** >>>> Class [0 Right Ventricle] Dice: 75.45
[2024-07-20 17:50:07,789][    INFO] ***** Evaluation ***** >>>> Class [1 Myocardium] Dice: 83.10
[2024-07-20 17:50:07,789][    INFO] ***** Evaluation ***** >>>> Class [2 Left Ventricle] Dice: 91.93
[2024-07-20 17:50:07,789][    INFO] ***** Evaluation ***** >>>> MeanDice: 83.49

[2024-07-20 17:50:08,175][    INFO] ===========> Epoch: 122, LR: 0.00227, Previous best: 83.49
[2024-07-20 17:50:08,987][    INFO] Iters: 0, Total loss: 0.040, Loss x: 0.041, Loss s: 0.070, Loss w_fp: 0.009, Mask ratio: 0.982
[2024-07-20 17:50:16,398][    INFO] ***** Evaluation ***** >>>> Class [0 Right Ventricle] Dice: 74.54
[2024-07-20 17:50:16,399][    INFO] ***** Evaluation ***** >>>> Class [1 Myocardium] Dice: 81.87
[2024-07-20 17:50:16,399][    INFO] ***** Evaluation ***** >>>> Class [2 Left Ventricle] Dice: 90.57
[2024-07-20 17:50:16,399][    INFO] ***** Evaluation ***** >>>> MeanDice: 82.33

[2024-07-20 17:50:16,594][    INFO] ===========> Epoch: 123, LR: 0.00220, Previous best: 83.49
[2024-07-20 17:50:17,353][    INFO] Iters: 0, Total loss: 0.039, Loss x: 0.044, Loss s: 0.062, Loss w_fp: 0.007, Mask ratio: 0.981
[2024-07-20 17:50:24,840][    INFO] ***** Evaluation ***** >>>> Class [0 Right Ventricle] Dice: 73.93
[2024-07-20 17:50:24,840][    INFO] ***** Evaluation ***** >>>> Class [1 Myocardium] Dice: 80.76
[2024-07-20 17:50:24,840][    INFO] ***** Evaluation ***** >>>> Class [2 Left Ventricle] Dice: 91.48
[2024-07-20 17:50:24,840][    INFO] ***** Evaluation ***** >>>> MeanDice: 82.06

[2024-07-20 17:50:25,038][    INFO] ===========> Epoch: 124, LR: 0.00213, Previous best: 83.49
[2024-07-20 17:50:25,780][    INFO] Iters: 0, Total loss: 0.041, Loss x: 0.038, Loss s: 0.071, Loss w_fp: 0.015, Mask ratio: 0.984
[2024-07-20 17:50:33,155][    INFO] ***** Evaluation ***** >>>> Class [0 Right Ventricle] Dice: 74.61
[2024-07-20 17:50:33,155][    INFO] ***** Evaluation ***** >>>> Class [1 Myocardium] Dice: 80.88
[2024-07-20 17:50:33,156][    INFO] ***** Evaluation ***** >>>> Class [2 Left Ventricle] Dice: 91.36
[2024-07-20 17:50:33,156][    INFO] ***** Evaluation ***** >>>> MeanDice: 82.29

[2024-07-20 17:50:33,353][    INFO] ===========> Epoch: 125, LR: 0.00206, Previous best: 83.49
[2024-07-20 17:50:34,097][    INFO] Iters: 0, Total loss: 0.040, Loss x: 0.043, Loss s: 0.063, Loss w_fp: 0.013, Mask ratio: 0.980
[2024-07-20 17:50:41,583][    INFO] ***** Evaluation ***** >>>> Class [0 Right Ventricle] Dice: 72.91
[2024-07-20 17:50:41,583][    INFO] ***** Evaluation ***** >>>> Class [1 Myocardium] Dice: 82.29
[2024-07-20 17:50:41,583][    INFO] ***** Evaluation ***** >>>> Class [2 Left Ventricle] Dice: 90.62
[2024-07-20 17:50:41,583][    INFO] ***** Evaluation ***** >>>> MeanDice: 81.94

[2024-07-20 17:50:41,780][    INFO] ===========> Epoch: 126, LR: 0.00199, Previous best: 83.49
[2024-07-20 17:50:42,517][    INFO] Iters: 0, Total loss: 0.036, Loss x: 0.043, Loss s: 0.040, Loss w_fp: 0.019, Mask ratio: 0.980
[2024-07-20 17:50:50,811][    INFO] ***** Evaluation ***** >>>> Class [0 Right Ventricle] Dice: 75.90
[2024-07-20 17:50:50,812][    INFO] ***** Evaluation ***** >>>> Class [1 Myocardium] Dice: 81.78
[2024-07-20 17:50:50,812][    INFO] ***** Evaluation ***** >>>> Class [2 Left Ventricle] Dice: 92.72
[2024-07-20 17:50:50,812][    INFO] ***** Evaluation ***** >>>> MeanDice: 83.47

[2024-07-20 17:50:51,010][    INFO] ===========> Epoch: 127, LR: 0.00192, Previous best: 83.49
[2024-07-20 17:50:51,762][    INFO] Iters: 0, Total loss: 0.043, Loss x: 0.038, Loss s: 0.090, Loss w_fp: 0.008, Mask ratio: 0.979
[2024-07-20 17:50:59,421][    INFO] ***** Evaluation ***** >>>> Class [0 Right Ventricle] Dice: 74.23
[2024-07-20 17:50:59,421][    INFO] ***** Evaluation ***** >>>> Class [1 Myocardium] Dice: 82.56
[2024-07-20 17:50:59,421][    INFO] ***** Evaluation ***** >>>> Class [2 Left Ventricle] Dice: 90.97
[2024-07-20 17:50:59,421][    INFO] ***** Evaluation ***** >>>> MeanDice: 82.59

[2024-07-20 17:50:59,618][    INFO] ===========> Epoch: 128, LR: 0.00184, Previous best: 83.49
[2024-07-20 17:51:00,367][    INFO] Iters: 0, Total loss: 0.028, Loss x: 0.037, Loss s: 0.034, Loss w_fp: 0.005, Mask ratio: 0.981
[2024-07-20 17:51:07,932][    INFO] ***** Evaluation ***** >>>> Class [0 Right Ventricle] Dice: 74.06
[2024-07-20 17:51:07,933][    INFO] ***** Evaluation ***** >>>> Class [1 Myocardium] Dice: 82.17
[2024-07-20 17:51:07,933][    INFO] ***** Evaluation ***** >>>> Class [2 Left Ventricle] Dice: 90.52
[2024-07-20 17:51:07,933][    INFO] ***** Evaluation ***** >>>> MeanDice: 82.25

[2024-07-20 17:51:08,131][    INFO] ===========> Epoch: 129, LR: 0.00177, Previous best: 83.49
[2024-07-20 17:51:08,882][    INFO] Iters: 0, Total loss: 0.025, Loss x: 0.032, Loss s: 0.028, Loss w_fp: 0.008, Mask ratio: 0.983
[2024-07-20 17:51:16,449][    INFO] ***** Evaluation ***** >>>> Class [0 Right Ventricle] Dice: 73.35
[2024-07-20 17:51:16,449][    INFO] ***** Evaluation ***** >>>> Class [1 Myocardium] Dice: 81.79
[2024-07-20 17:51:16,449][    INFO] ***** Evaluation ***** >>>> Class [2 Left Ventricle] Dice: 90.78
[2024-07-20 17:51:16,449][    INFO] ***** Evaluation ***** >>>> MeanDice: 81.97

[2024-07-20 17:51:16,645][    INFO] ===========> Epoch: 130, LR: 0.00170, Previous best: 83.49
[2024-07-20 17:51:17,387][    INFO] Iters: 0, Total loss: 0.031, Loss x: 0.037, Loss s: 0.047, Loss w_fp: 0.004, Mask ratio: 0.981
[2024-07-20 17:51:24,773][    INFO] ***** Evaluation ***** >>>> Class [0 Right Ventricle] Dice: 77.25
[2024-07-20 17:51:24,773][    INFO] ***** Evaluation ***** >>>> Class [1 Myocardium] Dice: 82.11
[2024-07-20 17:51:24,773][    INFO] ***** Evaluation ***** >>>> Class [2 Left Ventricle] Dice: 92.76
[2024-07-20 17:51:24,773][    INFO] ***** Evaluation ***** >>>> MeanDice: 84.04

[2024-07-20 17:51:25,159][    INFO] ===========> Epoch: 131, LR: 0.00162, Previous best: 84.04
[2024-07-20 17:51:25,911][    INFO] Iters: 0, Total loss: 0.030, Loss x: 0.039, Loss s: 0.034, Loss w_fp: 0.006, Mask ratio: 0.985
[2024-07-20 17:51:33,496][    INFO] ***** Evaluation ***** >>>> Class [0 Right Ventricle] Dice: 74.02
[2024-07-20 17:51:33,496][    INFO] ***** Evaluation ***** >>>> Class [1 Myocardium] Dice: 81.97
[2024-07-20 17:51:33,496][    INFO] ***** Evaluation ***** >>>> Class [2 Left Ventricle] Dice: 90.57
[2024-07-20 17:51:33,496][    INFO] ***** Evaluation ***** >>>> MeanDice: 82.18

[2024-07-20 17:51:33,691][    INFO] ===========> Epoch: 132, LR: 0.00155, Previous best: 84.04
[2024-07-20 17:51:34,433][    INFO] Iters: 0, Total loss: 0.034, Loss x: 0.041, Loss s: 0.047, Loss w_fp: 0.009, Mask ratio: 0.978
[2024-07-20 17:51:41,860][    INFO] ***** Evaluation ***** >>>> Class [0 Right Ventricle] Dice: 71.84
[2024-07-20 17:51:41,860][    INFO] ***** Evaluation ***** >>>> Class [1 Myocardium] Dice: 79.93
[2024-07-20 17:51:41,860][    INFO] ***** Evaluation ***** >>>> Class [2 Left Ventricle] Dice: 89.05
[2024-07-20 17:51:41,860][    INFO] ***** Evaluation ***** >>>> MeanDice: 80.28

[2024-07-20 17:51:42,057][    INFO] ===========> Epoch: 133, LR: 0.00148, Previous best: 84.04
[2024-07-20 17:51:42,847][    INFO] Iters: 0, Total loss: 0.030, Loss x: 0.038, Loss s: 0.035, Loss w_fp: 0.008, Mask ratio: 0.985
[2024-07-20 17:51:50,634][    INFO] ***** Evaluation ***** >>>> Class [0 Right Ventricle] Dice: 72.68
[2024-07-20 17:51:50,634][    INFO] ***** Evaluation ***** >>>> Class [1 Myocardium] Dice: 81.39
[2024-07-20 17:51:50,634][    INFO] ***** Evaluation ***** >>>> Class [2 Left Ventricle] Dice: 90.17
[2024-07-20 17:51:50,635][    INFO] ***** Evaluation ***** >>>> MeanDice: 81.41

[2024-07-20 17:51:50,832][    INFO] ===========> Epoch: 134, LR: 0.00140, Previous best: 84.04
[2024-07-20 17:51:51,531][    INFO] Iters: 0, Total loss: 0.038, Loss x: 0.046, Loss s: 0.051, Loss w_fp: 0.007, Mask ratio: 0.985
[2024-07-20 17:51:59,680][    INFO] ***** Evaluation ***** >>>> Class [0 Right Ventricle] Dice: 73.95
[2024-07-20 17:51:59,681][    INFO] ***** Evaluation ***** >>>> Class [1 Myocardium] Dice: 82.62
[2024-07-20 17:51:59,682][    INFO] ***** Evaluation ***** >>>> Class [2 Left Ventricle] Dice: 91.30
[2024-07-20 17:51:59,682][    INFO] ***** Evaluation ***** >>>> MeanDice: 82.62

[2024-07-20 17:51:59,883][    INFO] ===========> Epoch: 135, LR: 0.00133, Previous best: 84.04
[2024-07-20 17:52:00,668][    INFO] Iters: 0, Total loss: 0.032, Loss x: 0.037, Loss s: 0.046, Loss w_fp: 0.008, Mask ratio: 0.983
[2024-07-20 17:52:08,087][    INFO] ***** Evaluation ***** >>>> Class [0 Right Ventricle] Dice: 73.96
[2024-07-20 17:52:08,087][    INFO] ***** Evaluation ***** >>>> Class [1 Myocardium] Dice: 81.31
[2024-07-20 17:52:08,087][    INFO] ***** Evaluation ***** >>>> Class [2 Left Ventricle] Dice: 90.31
[2024-07-20 17:52:08,087][    INFO] ***** Evaluation ***** >>>> MeanDice: 81.86

[2024-07-20 17:52:08,286][    INFO] ===========> Epoch: 136, LR: 0.00125, Previous best: 84.04
[2024-07-20 17:52:09,048][    INFO] Iters: 0, Total loss: 0.041, Loss x: 0.044, Loss s: 0.068, Loss w_fp: 0.008, Mask ratio: 0.982
[2024-07-20 17:52:17,028][    INFO] ***** Evaluation ***** >>>> Class [0 Right Ventricle] Dice: 74.01
[2024-07-20 17:52:17,028][    INFO] ***** Evaluation ***** >>>> Class [1 Myocardium] Dice: 78.91
[2024-07-20 17:52:17,028][    INFO] ***** Evaluation ***** >>>> Class [2 Left Ventricle] Dice: 90.18
[2024-07-20 17:52:17,028][    INFO] ***** Evaluation ***** >>>> MeanDice: 81.03

[2024-07-20 17:52:17,225][    INFO] ===========> Epoch: 137, LR: 0.00118, Previous best: 84.04
[2024-07-20 17:52:17,956][    INFO] Iters: 0, Total loss: 0.028, Loss x: 0.036, Loss s: 0.034, Loss w_fp: 0.007, Mask ratio: 0.983
[2024-07-20 17:52:25,532][    INFO] ***** Evaluation ***** >>>> Class [0 Right Ventricle] Dice: 72.74
[2024-07-20 17:52:25,533][    INFO] ***** Evaluation ***** >>>> Class [1 Myocardium] Dice: 80.82
[2024-07-20 17:52:25,533][    INFO] ***** Evaluation ***** >>>> Class [2 Left Ventricle] Dice: 90.10
[2024-07-20 17:52:25,533][    INFO] ***** Evaluation ***** >>>> MeanDice: 81.22

[2024-07-20 17:52:25,726][    INFO] ===========> Epoch: 138, LR: 0.00110, Previous best: 84.04
[2024-07-20 17:52:26,500][    INFO] Iters: 0, Total loss: 0.035, Loss x: 0.046, Loss s: 0.042, Loss w_fp: 0.007, Mask ratio: 0.987
[2024-07-20 17:52:33,849][    INFO] ***** Evaluation ***** >>>> Class [0 Right Ventricle] Dice: 73.24
[2024-07-20 17:52:33,849][    INFO] ***** Evaluation ***** >>>> Class [1 Myocardium] Dice: 82.16
[2024-07-20 17:52:33,849][    INFO] ***** Evaluation ***** >>>> Class [2 Left Ventricle] Dice: 91.06
[2024-07-20 17:52:33,850][    INFO] ***** Evaluation ***** >>>> MeanDice: 82.16

[2024-07-20 17:52:34,045][    INFO] ===========> Epoch: 139, LR: 0.00102, Previous best: 84.04
[2024-07-20 17:52:34,737][    INFO] Iters: 0, Total loss: 0.032, Loss x: 0.033, Loss s: 0.052, Loss w_fp: 0.011, Mask ratio: 0.983
[2024-07-20 17:52:42,802][    INFO] ***** Evaluation ***** >>>> Class [0 Right Ventricle] Dice: 75.59
[2024-07-20 17:52:42,802][    INFO] ***** Evaluation ***** >>>> Class [1 Myocardium] Dice: 81.62
[2024-07-20 17:52:42,802][    INFO] ***** Evaluation ***** >>>> Class [2 Left Ventricle] Dice: 92.01
[2024-07-20 17:52:42,802][    INFO] ***** Evaluation ***** >>>> MeanDice: 83.07

[2024-07-20 17:52:42,998][    INFO] ===========> Epoch: 140, LR: 0.00095, Previous best: 84.04
[2024-07-20 17:52:43,723][    INFO] Iters: 0, Total loss: 0.025, Loss x: 0.032, Loss s: 0.027, Loss w_fp: 0.009, Mask ratio: 0.980
[2024-07-20 17:52:51,309][    INFO] ***** Evaluation ***** >>>> Class [0 Right Ventricle] Dice: 74.58
[2024-07-20 17:52:51,309][    INFO] ***** Evaluation ***** >>>> Class [1 Myocardium] Dice: 80.18
[2024-07-20 17:52:51,309][    INFO] ***** Evaluation ***** >>>> Class [2 Left Ventricle] Dice: 90.90
[2024-07-20 17:52:51,310][    INFO] ***** Evaluation ***** >>>> MeanDice: 81.89

[2024-07-20 17:52:51,507][    INFO] ===========> Epoch: 141, LR: 0.00087, Previous best: 84.04
[2024-07-20 17:52:52,305][    INFO] Iters: 0, Total loss: 0.029, Loss x: 0.030, Loss s: 0.050, Loss w_fp: 0.005, Mask ratio: 0.981
[2024-07-20 17:53:00,798][    INFO] ***** Evaluation ***** >>>> Class [0 Right Ventricle] Dice: 74.37
[2024-07-20 17:53:00,798][    INFO] ***** Evaluation ***** >>>> Class [1 Myocardium] Dice: 80.29
[2024-07-20 17:53:00,798][    INFO] ***** Evaluation ***** >>>> Class [2 Left Ventricle] Dice: 90.83
[2024-07-20 17:53:00,798][    INFO] ***** Evaluation ***** >>>> MeanDice: 81.83

[2024-07-20 17:53:00,994][    INFO] ===========> Epoch: 142, LR: 0.00079, Previous best: 84.04
[2024-07-20 17:53:01,766][    INFO] Iters: 0, Total loss: 0.034, Loss x: 0.049, Loss s: 0.032, Loss w_fp: 0.007, Mask ratio: 0.982
[2024-07-20 17:53:09,228][    INFO] ***** Evaluation ***** >>>> Class [0 Right Ventricle] Dice: 74.22
[2024-07-20 17:53:09,228][    INFO] ***** Evaluation ***** >>>> Class [1 Myocardium] Dice: 80.55
[2024-07-20 17:53:09,228][    INFO] ***** Evaluation ***** >>>> Class [2 Left Ventricle] Dice: 91.18
[2024-07-20 17:53:09,228][    INFO] ***** Evaluation ***** >>>> MeanDice: 81.99

[2024-07-20 17:53:09,424][    INFO] ===========> Epoch: 143, LR: 0.00071, Previous best: 84.04
[2024-07-20 17:53:10,136][    INFO] Iters: 0, Total loss: 0.031, Loss x: 0.038, Loss s: 0.045, Loss w_fp: 0.005, Mask ratio: 0.986
[2024-07-20 17:53:18,182][    INFO] ***** Evaluation ***** >>>> Class [0 Right Ventricle] Dice: 74.24
[2024-07-20 17:53:18,183][    INFO] ***** Evaluation ***** >>>> Class [1 Myocardium] Dice: 80.26
[2024-07-20 17:53:18,183][    INFO] ***** Evaluation ***** >>>> Class [2 Left Ventricle] Dice: 91.26
[2024-07-20 17:53:18,183][    INFO] ***** Evaluation ***** >>>> MeanDice: 81.92

[2024-07-20 17:53:18,380][    INFO] ===========> Epoch: 144, LR: 0.00063, Previous best: 84.04
[2024-07-20 17:53:19,137][    INFO] Iters: 0, Total loss: 0.032, Loss x: 0.032, Loss s: 0.047, Loss w_fp: 0.019, Mask ratio: 0.981
[2024-07-20 17:53:26,639][    INFO] ***** Evaluation ***** >>>> Class [0 Right Ventricle] Dice: 74.85
[2024-07-20 17:53:26,640][    INFO] ***** Evaluation ***** >>>> Class [1 Myocardium] Dice: 80.73
[2024-07-20 17:53:26,640][    INFO] ***** Evaluation ***** >>>> Class [2 Left Ventricle] Dice: 91.58
[2024-07-20 17:53:26,640][    INFO] ***** Evaluation ***** >>>> MeanDice: 82.39

[2024-07-20 17:53:26,837][    INFO] ===========> Epoch: 145, LR: 0.00054, Previous best: 84.04
[2024-07-20 17:53:27,608][    INFO] Iters: 0, Total loss: 0.028, Loss x: 0.034, Loss s: 0.040, Loss w_fp: 0.005, Mask ratio: 0.981
[2024-07-20 17:53:35,118][    INFO] ***** Evaluation ***** >>>> Class [0 Right Ventricle] Dice: 74.47
[2024-07-20 17:53:35,118][    INFO] ***** Evaluation ***** >>>> Class [1 Myocardium] Dice: 80.49
[2024-07-20 17:53:35,118][    INFO] ***** Evaluation ***** >>>> Class [2 Left Ventricle] Dice: 91.39
[2024-07-20 17:53:35,118][    INFO] ***** Evaluation ***** >>>> MeanDice: 82.12

[2024-07-20 17:53:35,315][    INFO] ===========> Epoch: 146, LR: 0.00046, Previous best: 84.04
[2024-07-20 17:53:36,585][    INFO] Iters: 0, Total loss: 0.034, Loss x: 0.038, Loss s: 0.050, Loss w_fp: 0.012, Mask ratio: 0.983
[2024-07-20 17:53:44,135][    INFO] ***** Evaluation ***** >>>> Class [0 Right Ventricle] Dice: 74.77
[2024-07-20 17:53:44,135][    INFO] ***** Evaluation ***** >>>> Class [1 Myocardium] Dice: 80.66
[2024-07-20 17:53:44,135][    INFO] ***** Evaluation ***** >>>> Class [2 Left Ventricle] Dice: 91.73
[2024-07-20 17:53:44,135][    INFO] ***** Evaluation ***** >>>> MeanDice: 82.39

[2024-07-20 17:53:44,340][    INFO] ===========> Epoch: 147, LR: 0.00038, Previous best: 84.04
[2024-07-20 17:53:45,848][    INFO] Iters: 0, Total loss: 0.037, Loss x: 0.032, Loss s: 0.071, Loss w_fp: 0.011, Mask ratio: 0.983
[2024-07-20 17:53:54,027][    INFO] ***** Evaluation ***** >>>> Class [0 Right Ventricle] Dice: 75.02
[2024-07-20 17:53:54,027][    INFO] ***** Evaluation ***** >>>> Class [1 Myocardium] Dice: 80.51
[2024-07-20 17:53:54,027][    INFO] ***** Evaluation ***** >>>> Class [2 Left Ventricle] Dice: 89.86
[2024-07-20 17:53:54,027][    INFO] ***** Evaluation ***** >>>> MeanDice: 81.80

[2024-07-20 17:53:54,226][    INFO] ===========> Epoch: 148, LR: 0.00029, Previous best: 84.04
[2024-07-20 17:53:54,991][    INFO] Iters: 0, Total loss: 0.046, Loss x: 0.038, Loss s: 0.092, Loss w_fp: 0.016, Mask ratio: 0.984
[2024-07-20 17:54:02,952][    INFO] ***** Evaluation ***** >>>> Class [0 Right Ventricle] Dice: 74.62
[2024-07-20 17:54:02,953][    INFO] ***** Evaluation ***** >>>> Class [1 Myocardium] Dice: 80.37
[2024-07-20 17:54:02,953][    INFO] ***** Evaluation ***** >>>> Class [2 Left Ventricle] Dice: 91.50
[2024-07-20 17:54:02,953][    INFO] ***** Evaluation ***** >>>> MeanDice: 82.16

[2024-07-20 17:54:03,177][    INFO] ===========> Epoch: 149, LR: 0.00020, Previous best: 84.04
[2024-07-20 17:54:03,926][    INFO] Iters: 0, Total loss: 0.027, Loss x: 0.029, Loss s: 0.039, Loss w_fp: 0.013, Mask ratio: 0.981
[2024-07-20 17:54:11,350][    INFO] ***** Evaluation ***** >>>> Class [0 Right Ventricle] Dice: 74.10
[2024-07-20 17:54:11,350][    INFO] ***** Evaluation ***** >>>> Class [1 Myocardium] Dice: 80.76
[2024-07-20 17:54:11,350][    INFO] ***** Evaluation ***** >>>> Class [2 Left Ventricle] Dice: 91.32
[2024-07-20 17:54:11,350][    INFO] ***** Evaluation ***** >>>> MeanDice: 82.06

