/var/lib/slurm/slurmd/job04894/slurm_script: line 15: module: command not found
[2024-05-10 00:44:15,554][    INFO] {'batch_size': 12,
 'conf_thresh': 0.95,
 'config': 'configs/ukbb/train/exp2/seed71/config.yaml',
 'crop_size': 256,
 'ctrl': 'age sex',
 'data_desc': 'UKBB Train Data - 805 Patients, 80 Labeled, Rest Unlabeled '
              'Patients',
 'data_root': '/vol/aimspace/projects/ukbb/data/cardiac/cardiac_segmentations/subjects',
 'dataset': 'ukbb',
 'epochs': 50,
 'local_rank': 0,
 'lr': 0.01,
 'mode': 'train',
 'model_desc': 'Unimatch Unet 80 Training on UKBB',
 'nclass': 4,
 'ngpus': 1,
 'num_workers': 1,
 'seed': 71,
 'split': 80,
 'visualize': False}

[2024-05-10 00:44:15,641][    INFO] Total params: 1.8M

[2024-05-10 00:44:18,515][    INFO] ===========> Epoch: 0, LR: 0.01000, Previous best: 0.00
[2024-05-10 00:44:23,929][    INFO] Iters: 0, Total loss: 0.888, Loss x: 1.246, Loss s: 0.531, Loss w_fp: 0.528, Mask ratio: 0.000
[2024-05-10 00:45:16,061][    INFO] ***** Evaluation ***** >>>> Class [0 Right Ventricle] Dice: 0.09
[2024-05-10 00:45:16,061][    INFO] ***** Evaluation ***** >>>> Class [1 Myocardium] Dice: 1.63
[2024-05-10 00:45:16,061][    INFO] ***** Evaluation ***** >>>> Class [2 Left Ventricle] Dice: 1.22
[2024-05-10 00:45:16,061][    INFO] ***** Evaluation ***** >>>> MeanDice: 0.98

[2024-05-10 00:45:16,151][    INFO] ===========> Epoch: 1, LR: 0.00998, Previous best: 0.98
[2024-05-10 00:45:17,061][    INFO] Iters: 0, Total loss: 0.543, Loss x: 0.334, Loss s: 0.751, Loss w_fp: 0.753, Mask ratio: 0.881
[2024-05-10 00:46:05,025][    INFO] ***** Evaluation ***** >>>> Class [0 Right Ventricle] Dice: 21.07
[2024-05-10 00:46:05,026][    INFO] ***** Evaluation ***** >>>> Class [1 Myocardium] Dice: 41.96
[2024-05-10 00:46:05,026][    INFO] ***** Evaluation ***** >>>> Class [2 Left Ventricle] Dice: 38.67
[2024-05-10 00:46:05,026][    INFO] ***** Evaluation ***** >>>> MeanDice: 33.90

[2024-05-10 00:46:05,136][    INFO] ===========> Epoch: 2, LR: 0.00980, Previous best: 33.90
[2024-05-10 00:46:05,982][    INFO] Iters: 0, Total loss: 0.246, Loss x: 0.197, Loss s: 0.328, Loss w_fp: 0.260, Mask ratio: 0.974
[2024-05-10 00:47:01,216][    INFO] ***** Evaluation ***** >>>> Class [0 Right Ventricle] Dice: 71.24
[2024-05-10 00:47:01,217][    INFO] ***** Evaluation ***** >>>> Class [1 Myocardium] Dice: 72.05
[2024-05-10 00:47:01,217][    INFO] ***** Evaluation ***** >>>> Class [2 Left Ventricle] Dice: 83.48
[2024-05-10 00:47:01,217][    INFO] ***** Evaluation ***** >>>> MeanDice: 75.59

[2024-05-10 00:47:01,329][    INFO] ===========> Epoch: 3, LR: 0.00962, Previous best: 75.59
[2024-05-10 00:47:02,165][    INFO] Iters: 0, Total loss: 0.086, Loss x: 0.102, Loss s: 0.124, Loss w_fp: 0.013, Mask ratio: 0.980
[2024-05-10 00:47:51,042][    INFO] ***** Evaluation ***** >>>> Class [0 Right Ventricle] Dice: 73.93
[2024-05-10 00:47:51,042][    INFO] ***** Evaluation ***** >>>> Class [1 Myocardium] Dice: 79.83
[2024-05-10 00:47:51,042][    INFO] ***** Evaluation ***** >>>> Class [2 Left Ventricle] Dice: 88.48
[2024-05-10 00:47:51,043][    INFO] ***** Evaluation ***** >>>> MeanDice: 80.75

[2024-05-10 00:47:51,134][    INFO] ===========> Epoch: 4, LR: 0.00944, Previous best: 80.75
[2024-05-10 00:47:52,076][    INFO] Iters: 0, Total loss: 0.049, Loss x: 0.061, Loss s: 0.066, Loss w_fp: 0.008, Mask ratio: 0.979
[2024-05-10 00:48:39,996][    INFO] ***** Evaluation ***** >>>> Class [0 Right Ventricle] Dice: 75.25
[2024-05-10 00:48:39,996][    INFO] ***** Evaluation ***** >>>> Class [1 Myocardium] Dice: 78.38
[2024-05-10 00:48:39,996][    INFO] ***** Evaluation ***** >>>> Class [2 Left Ventricle] Dice: 88.91
[2024-05-10 00:48:39,996][    INFO] ***** Evaluation ***** >>>> MeanDice: 80.84

[2024-05-10 00:48:40,113][    INFO] ===========> Epoch: 5, LR: 0.00926, Previous best: 80.84
[2024-05-10 00:48:40,998][    INFO] Iters: 0, Total loss: 0.042, Loss x: 0.050, Loss s: 0.053, Loss w_fp: 0.015, Mask ratio: 0.977
[2024-05-10 00:49:33,811][    INFO] ***** Evaluation ***** >>>> Class [0 Right Ventricle] Dice: 77.71
[2024-05-10 00:49:33,811][    INFO] ***** Evaluation ***** >>>> Class [1 Myocardium] Dice: 80.94
[2024-05-10 00:49:33,811][    INFO] ***** Evaluation ***** >>>> Class [2 Left Ventricle] Dice: 88.02
[2024-05-10 00:49:33,811][    INFO] ***** Evaluation ***** >>>> MeanDice: 82.22

[2024-05-10 00:49:33,899][    INFO] ===========> Epoch: 6, LR: 0.00908, Previous best: 82.22
[2024-05-10 00:49:34,753][    INFO] Iters: 0, Total loss: 0.052, Loss x: 0.051, Loss s: 0.088, Loss w_fp: 0.017, Mask ratio: 0.981
[2024-05-10 00:50:24,079][    INFO] ***** Evaluation ***** >>>> Class [0 Right Ventricle] Dice: 83.84
[2024-05-10 00:50:24,079][    INFO] ***** Evaluation ***** >>>> Class [1 Myocardium] Dice: 83.62
[2024-05-10 00:50:24,079][    INFO] ***** Evaluation ***** >>>> Class [2 Left Ventricle] Dice: 92.06
[2024-05-10 00:50:24,079][    INFO] ***** Evaluation ***** >>>> MeanDice: 86.51

[2024-05-10 00:50:24,194][    INFO] ===========> Epoch: 7, LR: 0.00889, Previous best: 86.51
[2024-05-10 00:50:25,156][    INFO] Iters: 0, Total loss: 0.040, Loss x: 0.060, Loss s: 0.035, Loss w_fp: 0.005, Mask ratio: 0.988
[2024-05-10 00:51:18,017][    INFO] ***** Evaluation ***** >>>> Class [0 Right Ventricle] Dice: 83.01
[2024-05-10 00:51:18,017][    INFO] ***** Evaluation ***** >>>> Class [1 Myocardium] Dice: 79.75
[2024-05-10 00:51:18,017][    INFO] ***** Evaluation ***** >>>> Class [2 Left Ventricle] Dice: 89.39
[2024-05-10 00:51:18,017][    INFO] ***** Evaluation ***** >>>> MeanDice: 84.05

[2024-05-10 00:51:18,089][    INFO] ===========> Epoch: 8, LR: 0.00871, Previous best: 86.51
[2024-05-10 00:51:18,964][    INFO] Iters: 0, Total loss: 0.051, Loss x: 0.062, Loss s: 0.063, Loss w_fp: 0.016, Mask ratio: 0.986
[2024-05-10 00:52:17,549][    INFO] ***** Evaluation ***** >>>> Class [0 Right Ventricle] Dice: 80.18
[2024-05-10 00:52:17,549][    INFO] ***** Evaluation ***** >>>> Class [1 Myocardium] Dice: 77.49
[2024-05-10 00:52:17,549][    INFO] ***** Evaluation ***** >>>> Class [2 Left Ventricle] Dice: 86.71
[2024-05-10 00:52:17,549][    INFO] ***** Evaluation ***** >>>> MeanDice: 81.46

[2024-05-10 00:52:17,750][    INFO] ===========> Epoch: 9, LR: 0.00853, Previous best: 86.51
[2024-05-10 00:52:18,602][    INFO] Iters: 0, Total loss: 0.069, Loss x: 0.068, Loss s: 0.135, Loss w_fp: 0.003, Mask ratio: 0.994
[2024-05-10 00:54:32,210][    INFO] ***** Evaluation ***** >>>> Class [0 Right Ventricle] Dice: 81.96
[2024-05-10 00:54:32,224][    INFO] ***** Evaluation ***** >>>> Class [1 Myocardium] Dice: 83.99
[2024-05-10 00:54:32,224][    INFO] ***** Evaluation ***** >>>> Class [2 Left Ventricle] Dice: 92.01
[2024-05-10 00:54:32,224][    INFO] ***** Evaluation ***** >>>> MeanDice: 85.98

[2024-05-10 00:54:32,298][    INFO] ===========> Epoch: 10, LR: 0.00834, Previous best: 86.51
[2024-05-10 00:54:33,187][    INFO] Iters: 0, Total loss: 0.038, Loss x: 0.045, Loss s: 0.054, Loss w_fp: 0.007, Mask ratio: 0.984
[2024-05-10 00:55:54,161][    INFO] ***** Evaluation ***** >>>> Class [0 Right Ventricle] Dice: 84.12
[2024-05-10 00:55:54,161][    INFO] ***** Evaluation ***** >>>> Class [1 Myocardium] Dice: 84.00
[2024-05-10 00:55:54,161][    INFO] ***** Evaluation ***** >>>> Class [2 Left Ventricle] Dice: 92.43
[2024-05-10 00:55:54,161][    INFO] ***** Evaluation ***** >>>> MeanDice: 86.85

[2024-05-10 00:55:54,294][    INFO] ===========> Epoch: 11, LR: 0.00816, Previous best: 86.85
[2024-05-10 00:55:55,709][    INFO] Iters: 0, Total loss: 0.027, Loss x: 0.029, Loss s: 0.045, Loss w_fp: 0.007, Mask ratio: 0.991
[2024-05-10 00:56:59,055][    INFO] ***** Evaluation ***** >>>> Class [0 Right Ventricle] Dice: 86.09
[2024-05-10 00:56:59,056][    INFO] ***** Evaluation ***** >>>> Class [1 Myocardium] Dice: 84.04
[2024-05-10 00:56:59,056][    INFO] ***** Evaluation ***** >>>> Class [2 Left Ventricle] Dice: 91.18
[2024-05-10 00:56:59,056][    INFO] ***** Evaluation ***** >>>> MeanDice: 87.10

[2024-05-10 00:56:59,186][    INFO] ===========> Epoch: 12, LR: 0.00798, Previous best: 87.10
[2024-05-10 00:57:00,450][    INFO] Iters: 0, Total loss: 0.027, Loss x: 0.046, Loss s: 0.014, Loss w_fp: 0.003, Mask ratio: 0.991
[2024-05-10 00:58:12,995][    INFO] ***** Evaluation ***** >>>> Class [0 Right Ventricle] Dice: 86.25
[2024-05-10 00:58:12,995][    INFO] ***** Evaluation ***** >>>> Class [1 Myocardium] Dice: 86.41
[2024-05-10 00:58:12,995][    INFO] ***** Evaluation ***** >>>> Class [2 Left Ventricle] Dice: 93.08
[2024-05-10 00:58:12,995][    INFO] ***** Evaluation ***** >>>> MeanDice: 88.58

[2024-05-10 00:58:13,444][    INFO] ===========> Epoch: 13, LR: 0.00779, Previous best: 88.58
[2024-05-10 00:58:14,771][    INFO] Iters: 0, Total loss: 0.033, Loss x: 0.034, Loss s: 0.051, Loss w_fp: 0.012, Mask ratio: 0.993
[2024-05-10 00:59:29,155][    INFO] ***** Evaluation ***** >>>> Class [0 Right Ventricle] Dice: 86.81
[2024-05-10 00:59:29,155][    INFO] ***** Evaluation ***** >>>> Class [1 Myocardium] Dice: 85.39
[2024-05-10 00:59:29,156][    INFO] ***** Evaluation ***** >>>> Class [2 Left Ventricle] Dice: 92.38
[2024-05-10 00:59:29,156][    INFO] ***** Evaluation ***** >>>> MeanDice: 88.19

[2024-05-10 00:59:29,228][    INFO] ===========> Epoch: 14, LR: 0.00761, Previous best: 88.58
[2024-05-10 00:59:30,107][    INFO] Iters: 0, Total loss: 0.033, Loss x: 0.031, Loss s: 0.066, Loss w_fp: 0.005, Mask ratio: 0.989
[2024-05-10 01:00:26,366][    INFO] ***** Evaluation ***** >>>> Class [0 Right Ventricle] Dice: 81.66
[2024-05-10 01:00:26,366][    INFO] ***** Evaluation ***** >>>> Class [1 Myocardium] Dice: 84.01
[2024-05-10 01:00:26,366][    INFO] ***** Evaluation ***** >>>> Class [2 Left Ventricle] Dice: 92.87
[2024-05-10 01:00:26,366][    INFO] ***** Evaluation ***** >>>> MeanDice: 86.18

[2024-05-10 01:00:26,438][    INFO] ===========> Epoch: 15, LR: 0.00742, Previous best: 88.58
[2024-05-10 01:00:27,264][    INFO] Iters: 0, Total loss: 0.034, Loss x: 0.048, Loss s: 0.035, Loss w_fp: 0.005, Mask ratio: 0.990
[2024-05-10 01:01:23,096][    INFO] ***** Evaluation ***** >>>> Class [0 Right Ventricle] Dice: 86.75
[2024-05-10 01:01:23,096][    INFO] ***** Evaluation ***** >>>> Class [1 Myocardium] Dice: 86.05
[2024-05-10 01:01:23,096][    INFO] ***** Evaluation ***** >>>> Class [2 Left Ventricle] Dice: 91.99
[2024-05-10 01:01:23,096][    INFO] ***** Evaluation ***** >>>> MeanDice: 88.26

[2024-05-10 01:01:23,170][    INFO] ===========> Epoch: 16, LR: 0.00723, Previous best: 88.58
[2024-05-10 01:01:23,973][    INFO] Iters: 0, Total loss: 0.036, Loss x: 0.043, Loss s: 0.026, Loss w_fp: 0.032, Mask ratio: 0.992
[2024-05-10 01:02:18,560][    INFO] ***** Evaluation ***** >>>> Class [0 Right Ventricle] Dice: 87.00
[2024-05-10 01:02:18,561][    INFO] ***** Evaluation ***** >>>> Class [1 Myocardium] Dice: 87.13
[2024-05-10 01:02:18,561][    INFO] ***** Evaluation ***** >>>> Class [2 Left Ventricle] Dice: 93.69
[2024-05-10 01:02:18,561][    INFO] ***** Evaluation ***** >>>> MeanDice: 89.27

[2024-05-10 01:02:18,664][    INFO] ===========> Epoch: 17, LR: 0.00705, Previous best: 89.27
[2024-05-10 01:02:19,520][    INFO] Iters: 0, Total loss: 0.045, Loss x: 0.069, Loss s: 0.037, Loss w_fp: 0.005, Mask ratio: 0.986
[2024-05-10 01:03:24,574][    INFO] ***** Evaluation ***** >>>> Class [0 Right Ventricle] Dice: 87.63
[2024-05-10 01:03:24,574][    INFO] ***** Evaluation ***** >>>> Class [1 Myocardium] Dice: 85.40
[2024-05-10 01:03:24,574][    INFO] ***** Evaluation ***** >>>> Class [2 Left Ventricle] Dice: 94.13
[2024-05-10 01:03:24,574][    INFO] ***** Evaluation ***** >>>> MeanDice: 89.05

[2024-05-10 01:03:24,648][    INFO] ===========> Epoch: 18, LR: 0.00686, Previous best: 89.27
[2024-05-10 01:03:25,615][    INFO] Iters: 0, Total loss: 0.047, Loss x: 0.056, Loss s: 0.069, Loss w_fp: 0.007, Mask ratio: 0.992
[2024-05-10 01:04:28,420][    INFO] ***** Evaluation ***** >>>> Class [0 Right Ventricle] Dice: 86.00
[2024-05-10 01:04:28,421][    INFO] ***** Evaluation ***** >>>> Class [1 Myocardium] Dice: 84.67
[2024-05-10 01:04:28,421][    INFO] ***** Evaluation ***** >>>> Class [2 Left Ventricle] Dice: 93.29
[2024-05-10 01:04:28,421][    INFO] ***** Evaluation ***** >>>> MeanDice: 87.99

[2024-05-10 01:04:28,494][    INFO] ===========> Epoch: 19, LR: 0.00667, Previous best: 89.27
[2024-05-10 01:04:29,438][    INFO] Iters: 0, Total loss: 0.021, Loss x: 0.029, Loss s: 0.019, Loss w_fp: 0.007, Mask ratio: 0.991
[2024-05-10 01:05:26,796][    INFO] ***** Evaluation ***** >>>> Class [0 Right Ventricle] Dice: 86.27
[2024-05-10 01:05:26,797][    INFO] ***** Evaluation ***** >>>> Class [1 Myocardium] Dice: 86.48
[2024-05-10 01:05:26,797][    INFO] ***** Evaluation ***** >>>> Class [2 Left Ventricle] Dice: 93.51
[2024-05-10 01:05:26,797][    INFO] ***** Evaluation ***** >>>> MeanDice: 88.75

[2024-05-10 01:05:26,845][    INFO] ===========> Epoch: 20, LR: 0.00648, Previous best: 89.27
[2024-05-10 01:05:27,691][    INFO] Iters: 0, Total loss: 0.038, Loss x: 0.047, Loss s: 0.052, Loss w_fp: 0.007, Mask ratio: 0.988
[2024-05-10 01:06:19,003][    INFO] ***** Evaluation ***** >>>> Class [0 Right Ventricle] Dice: 86.65
[2024-05-10 01:06:19,004][    INFO] ***** Evaluation ***** >>>> Class [1 Myocardium] Dice: 86.97
[2024-05-10 01:06:19,004][    INFO] ***** Evaluation ***** >>>> Class [2 Left Ventricle] Dice: 93.99
[2024-05-10 01:06:19,004][    INFO] ***** Evaluation ***** >>>> MeanDice: 89.20

[2024-05-10 01:06:19,081][    INFO] ===========> Epoch: 21, LR: 0.00629, Previous best: 89.27
[2024-05-10 01:06:19,921][    INFO] Iters: 0, Total loss: 0.024, Loss x: 0.028, Loss s: 0.035, Loss w_fp: 0.004, Mask ratio: 0.991
[2024-05-10 01:07:10,121][    INFO] ***** Evaluation ***** >>>> Class [0 Right Ventricle] Dice: 85.42
[2024-05-10 01:07:10,121][    INFO] ***** Evaluation ***** >>>> Class [1 Myocardium] Dice: 86.52
[2024-05-10 01:07:10,121][    INFO] ***** Evaluation ***** >>>> Class [2 Left Ventricle] Dice: 94.17
[2024-05-10 01:07:10,121][    INFO] ***** Evaluation ***** >>>> MeanDice: 88.70

[2024-05-10 01:07:10,169][    INFO] ===========> Epoch: 22, LR: 0.00610, Previous best: 89.27
[2024-05-10 01:07:11,019][    INFO] Iters: 0, Total loss: 0.030, Loss x: 0.037, Loss s: 0.039, Loss w_fp: 0.005, Mask ratio: 0.988
[2024-05-10 01:08:02,123][    INFO] ***** Evaluation ***** >>>> Class [0 Right Ventricle] Dice: 86.35
[2024-05-10 01:08:02,124][    INFO] ***** Evaluation ***** >>>> Class [1 Myocardium] Dice: 85.22
[2024-05-10 01:08:02,124][    INFO] ***** Evaluation ***** >>>> Class [2 Left Ventricle] Dice: 93.85
[2024-05-10 01:08:02,124][    INFO] ***** Evaluation ***** >>>> MeanDice: 88.47

[2024-05-10 01:08:02,198][    INFO] ===========> Epoch: 23, LR: 0.00591, Previous best: 89.27
[2024-05-10 01:08:03,154][    INFO] Iters: 0, Total loss: 0.042, Loss x: 0.062, Loss s: 0.037, Loss w_fp: 0.005, Mask ratio: 0.990
[2024-05-10 01:08:59,005][    INFO] ***** Evaluation ***** >>>> Class [0 Right Ventricle] Dice: 83.59
[2024-05-10 01:08:59,005][    INFO] ***** Evaluation ***** >>>> Class [1 Myocardium] Dice: 86.44
[2024-05-10 01:08:59,005][    INFO] ***** Evaluation ***** >>>> Class [2 Left Ventricle] Dice: 93.99
[2024-05-10 01:08:59,005][    INFO] ***** Evaluation ***** >>>> MeanDice: 88.00

[2024-05-10 01:08:59,078][    INFO] ===========> Epoch: 24, LR: 0.00572, Previous best: 89.27
[2024-05-10 01:09:00,066][    INFO] Iters: 0, Total loss: 0.018, Loss x: 0.030, Loss s: 0.007, Loss w_fp: 0.007, Mask ratio: 0.985
[2024-05-10 01:09:49,565][    INFO] ***** Evaluation ***** >>>> Class [0 Right Ventricle] Dice: 86.07
[2024-05-10 01:09:49,566][    INFO] ***** Evaluation ***** >>>> Class [1 Myocardium] Dice: 87.23
[2024-05-10 01:09:49,566][    INFO] ***** Evaluation ***** >>>> Class [2 Left Ventricle] Dice: 94.48
[2024-05-10 01:09:49,566][    INFO] ***** Evaluation ***** >>>> MeanDice: 89.26

[2024-05-10 01:09:49,639][    INFO] ===========> Epoch: 25, LR: 0.00553, Previous best: 89.27
[2024-05-10 01:09:50,457][    INFO] Iters: 0, Total loss: 0.029, Loss x: 0.037, Loss s: 0.038, Loss w_fp: 0.004, Mask ratio: 0.987
[2024-05-10 01:10:40,940][    INFO] ***** Evaluation ***** >>>> Class [0 Right Ventricle] Dice: 88.08
[2024-05-10 01:10:40,941][    INFO] ***** Evaluation ***** >>>> Class [1 Myocardium] Dice: 86.29
[2024-05-10 01:10:40,941][    INFO] ***** Evaluation ***** >>>> Class [2 Left Ventricle] Dice: 94.01
[2024-05-10 01:10:40,941][    INFO] ***** Evaluation ***** >>>> MeanDice: 89.46

[2024-05-10 01:10:41,094][    INFO] ===========> Epoch: 26, LR: 0.00534, Previous best: 89.46
[2024-05-10 01:10:41,918][    INFO] Iters: 0, Total loss: 0.029, Loss x: 0.032, Loss s: 0.049, Loss w_fp: 0.004, Mask ratio: 0.994
[2024-05-10 01:11:41,450][    INFO] ***** Evaluation ***** >>>> Class [0 Right Ventricle] Dice: 86.84
[2024-05-10 01:11:41,450][    INFO] ***** Evaluation ***** >>>> Class [1 Myocardium] Dice: 86.83
[2024-05-10 01:11:41,450][    INFO] ***** Evaluation ***** >>>> Class [2 Left Ventricle] Dice: 94.71
[2024-05-10 01:11:41,450][    INFO] ***** Evaluation ***** >>>> MeanDice: 89.46

[2024-05-10 01:11:41,522][    INFO] ===========> Epoch: 27, LR: 0.00514, Previous best: 89.46
[2024-05-10 01:11:42,403][    INFO] Iters: 0, Total loss: 0.024, Loss x: 0.034, Loss s: 0.024, Loss w_fp: 0.003, Mask ratio: 0.990
[2024-05-10 01:12:35,782][    INFO] ***** Evaluation ***** >>>> Class [0 Right Ventricle] Dice: 88.85
[2024-05-10 01:12:35,782][    INFO] ***** Evaluation ***** >>>> Class [1 Myocardium] Dice: 88.29
[2024-05-10 01:12:35,782][    INFO] ***** Evaluation ***** >>>> Class [2 Left Ventricle] Dice: 94.75
[2024-05-10 01:12:35,782][    INFO] ***** Evaluation ***** >>>> MeanDice: 90.63

[2024-05-10 01:12:35,898][    INFO] ===========> Epoch: 28, LR: 0.00495, Previous best: 90.63
[2024-05-10 01:12:36,745][    INFO] Iters: 0, Total loss: 0.032, Loss x: 0.032, Loss s: 0.058, Loss w_fp: 0.003, Mask ratio: 0.993
[2024-05-10 01:13:27,476][    INFO] ***** Evaluation ***** >>>> Class [0 Right Ventricle] Dice: 88.38
[2024-05-10 01:13:27,476][    INFO] ***** Evaluation ***** >>>> Class [1 Myocardium] Dice: 86.62
[2024-05-10 01:13:27,476][    INFO] ***** Evaluation ***** >>>> Class [2 Left Ventricle] Dice: 94.34
[2024-05-10 01:13:27,476][    INFO] ***** Evaluation ***** >>>> MeanDice: 89.78

[2024-05-10 01:13:27,549][    INFO] ===========> Epoch: 29, LR: 0.00475, Previous best: 90.63
[2024-05-10 01:13:28,542][    INFO] Iters: 0, Total loss: 0.018, Loss x: 0.024, Loss s: 0.023, Loss w_fp: 0.003, Mask ratio: 0.988
[2024-05-10 01:14:17,505][    INFO] ***** Evaluation ***** >>>> Class [0 Right Ventricle] Dice: 88.32
[2024-05-10 01:14:17,505][    INFO] ***** Evaluation ***** >>>> Class [1 Myocardium] Dice: 87.98
[2024-05-10 01:14:17,505][    INFO] ***** Evaluation ***** >>>> Class [2 Left Ventricle] Dice: 94.65
[2024-05-10 01:14:17,505][    INFO] ***** Evaluation ***** >>>> MeanDice: 90.32

[2024-05-10 01:14:17,552][    INFO] ===========> Epoch: 30, LR: 0.00456, Previous best: 90.63
[2024-05-10 01:14:18,350][    INFO] Iters: 0, Total loss: 0.023, Loss x: 0.026, Loss s: 0.037, Loss w_fp: 0.003, Mask ratio: 0.992
[2024-05-10 01:15:11,622][    INFO] ***** Evaluation ***** >>>> Class [0 Right Ventricle] Dice: 88.93
[2024-05-10 01:15:11,622][    INFO] ***** Evaluation ***** >>>> Class [1 Myocardium] Dice: 88.56
[2024-05-10 01:15:11,622][    INFO] ***** Evaluation ***** >>>> Class [2 Left Ventricle] Dice: 95.04
[2024-05-10 01:15:11,622][    INFO] ***** Evaluation ***** >>>> MeanDice: 90.85

[2024-05-10 01:15:11,712][    INFO] ===========> Epoch: 31, LR: 0.00436, Previous best: 90.85
[2024-05-10 01:15:12,602][    INFO] Iters: 0, Total loss: 0.023, Loss x: 0.026, Loss s: 0.035, Loss w_fp: 0.006, Mask ratio: 0.993
[2024-05-10 01:16:01,006][    INFO] ***** Evaluation ***** >>>> Class [0 Right Ventricle] Dice: 88.83
[2024-05-10 01:16:01,006][    INFO] ***** Evaluation ***** >>>> Class [1 Myocardium] Dice: 87.89
[2024-05-10 01:16:01,007][    INFO] ***** Evaluation ***** >>>> Class [2 Left Ventricle] Dice: 94.92
[2024-05-10 01:16:01,007][    INFO] ***** Evaluation ***** >>>> MeanDice: 90.55

[2024-05-10 01:16:01,079][    INFO] ===========> Epoch: 32, LR: 0.00416, Previous best: 90.85
[2024-05-10 01:16:02,038][    INFO] Iters: 0, Total loss: 0.028, Loss x: 0.034, Loss s: 0.042, Loss w_fp: 0.004, Mask ratio: 0.992
[2024-05-10 01:16:55,062][    INFO] ***** Evaluation ***** >>>> Class [0 Right Ventricle] Dice: 87.66
[2024-05-10 01:16:55,062][    INFO] ***** Evaluation ***** >>>> Class [1 Myocardium] Dice: 87.87
[2024-05-10 01:16:55,063][    INFO] ***** Evaluation ***** >>>> Class [2 Left Ventricle] Dice: 95.11
[2024-05-10 01:16:55,063][    INFO] ***** Evaluation ***** >>>> MeanDice: 90.21

[2024-05-10 01:16:55,146][    INFO] ===========> Epoch: 33, LR: 0.00397, Previous best: 90.85
[2024-05-10 01:16:56,018][    INFO] Iters: 0, Total loss: 0.015, Loss x: 0.019, Loss s: 0.022, Loss w_fp: 0.002, Mask ratio: 0.992
[2024-05-10 01:17:44,202][    INFO] ***** Evaluation ***** >>>> Class [0 Right Ventricle] Dice: 88.53
[2024-05-10 01:17:44,202][    INFO] ***** Evaluation ***** >>>> Class [1 Myocardium] Dice: 88.11
[2024-05-10 01:17:44,202][    INFO] ***** Evaluation ***** >>>> Class [2 Left Ventricle] Dice: 94.94
[2024-05-10 01:17:44,202][    INFO] ***** Evaluation ***** >>>> MeanDice: 90.53

[2024-05-10 01:17:44,274][    INFO] ===========> Epoch: 34, LR: 0.00377, Previous best: 90.85
[2024-05-10 01:17:45,262][    INFO] Iters: 0, Total loss: 0.031, Loss x: 0.032, Loss s: 0.053, Loss w_fp: 0.006, Mask ratio: 0.991
[2024-05-10 01:18:35,904][    INFO] ***** Evaluation ***** >>>> Class [0 Right Ventricle] Dice: 88.73
[2024-05-10 01:18:35,904][    INFO] ***** Evaluation ***** >>>> Class [1 Myocardium] Dice: 88.43
[2024-05-10 01:18:35,905][    INFO] ***** Evaluation ***** >>>> Class [2 Left Ventricle] Dice: 95.27
[2024-05-10 01:18:35,905][    INFO] ***** Evaluation ***** >>>> MeanDice: 90.81

[2024-05-10 01:18:35,980][    INFO] ===========> Epoch: 35, LR: 0.00356, Previous best: 90.85
[2024-05-10 01:18:36,811][    INFO] Iters: 0, Total loss: 0.027, Loss x: 0.037, Loss s: 0.029, Loss w_fp: 0.004, Mask ratio: 0.988
[2024-05-10 01:19:31,571][    INFO] ***** Evaluation ***** >>>> Class [0 Right Ventricle] Dice: 88.09
[2024-05-10 01:19:31,571][    INFO] ***** Evaluation ***** >>>> Class [1 Myocardium] Dice: 87.89
[2024-05-10 01:19:31,571][    INFO] ***** Evaluation ***** >>>> Class [2 Left Ventricle] Dice: 95.24
[2024-05-10 01:19:31,572][    INFO] ***** Evaluation ***** >>>> MeanDice: 90.41

[2024-05-10 01:19:31,645][    INFO] ===========> Epoch: 36, LR: 0.00336, Previous best: 90.85
[2024-05-10 01:19:32,485][    INFO] Iters: 0, Total loss: 0.023, Loss x: 0.020, Loss s: 0.048, Loss w_fp: 0.005, Mask ratio: 0.992
[2024-05-10 01:20:22,062][    INFO] ***** Evaluation ***** >>>> Class [0 Right Ventricle] Dice: 88.86
[2024-05-10 01:20:22,063][    INFO] ***** Evaluation ***** >>>> Class [1 Myocardium] Dice: 88.04
[2024-05-10 01:20:22,063][    INFO] ***** Evaluation ***** >>>> Class [2 Left Ventricle] Dice: 95.43
[2024-05-10 01:20:22,063][    INFO] ***** Evaluation ***** >>>> MeanDice: 90.78

[2024-05-10 01:20:22,137][    INFO] ===========> Epoch: 37, LR: 0.00316, Previous best: 90.85
[2024-05-10 01:20:23,085][    INFO] Iters: 0, Total loss: 0.024, Loss x: 0.027, Loss s: 0.038, Loss w_fp: 0.002, Mask ratio: 0.988
[2024-05-10 01:21:12,001][    INFO] ***** Evaluation ***** >>>> Class [0 Right Ventricle] Dice: 88.81
[2024-05-10 01:21:12,001][    INFO] ***** Evaluation ***** >>>> Class [1 Myocardium] Dice: 87.60
[2024-05-10 01:21:12,001][    INFO] ***** Evaluation ***** >>>> Class [2 Left Ventricle] Dice: 94.98
[2024-05-10 01:21:12,001][    INFO] ***** Evaluation ***** >>>> MeanDice: 90.46

[2024-05-10 01:21:12,048][    INFO] ===========> Epoch: 38, LR: 0.00295, Previous best: 90.85
[2024-05-10 01:21:12,888][    INFO] Iters: 0, Total loss: 0.020, Loss x: 0.021, Loss s: 0.028, Loss w_fp: 0.009, Mask ratio: 0.991
[2024-05-10 01:22:09,926][    INFO] ***** Evaluation ***** >>>> Class [0 Right Ventricle] Dice: 88.97
[2024-05-10 01:22:09,927][    INFO] ***** Evaluation ***** >>>> Class [1 Myocardium] Dice: 88.49
[2024-05-10 01:22:09,927][    INFO] ***** Evaluation ***** >>>> Class [2 Left Ventricle] Dice: 95.04
[2024-05-10 01:22:09,927][    INFO] ***** Evaluation ***** >>>> MeanDice: 90.83

[2024-05-10 01:22:10,000][    INFO] ===========> Epoch: 39, LR: 0.00275, Previous best: 90.85
[2024-05-10 01:22:10,842][    INFO] Iters: 0, Total loss: 0.023, Loss x: 0.029, Loss s: 0.033, Loss w_fp: 0.002, Mask ratio: 0.990
[2024-05-10 01:22:57,985][    INFO] ***** Evaluation ***** >>>> Class [0 Right Ventricle] Dice: 88.55
[2024-05-10 01:22:57,985][    INFO] ***** Evaluation ***** >>>> Class [1 Myocardium] Dice: 88.22
[2024-05-10 01:22:57,985][    INFO] ***** Evaluation ***** >>>> Class [2 Left Ventricle] Dice: 95.12
[2024-05-10 01:22:57,985][    INFO] ***** Evaluation ***** >>>> MeanDice: 90.63

[2024-05-10 01:22:58,057][    INFO] ===========> Epoch: 40, LR: 0.00254, Previous best: 90.85
[2024-05-10 01:22:58,905][    INFO] Iters: 0, Total loss: 0.025, Loss x: 0.021, Loss s: 0.053, Loss w_fp: 0.004, Mask ratio: 0.993
[2024-05-10 01:23:49,320][    INFO] ***** Evaluation ***** >>>> Class [0 Right Ventricle] Dice: 88.96
[2024-05-10 01:23:49,320][    INFO] ***** Evaluation ***** >>>> Class [1 Myocardium] Dice: 87.82
[2024-05-10 01:23:49,320][    INFO] ***** Evaluation ***** >>>> Class [2 Left Ventricle] Dice: 95.13
[2024-05-10 01:23:49,320][    INFO] ***** Evaluation ***** >>>> MeanDice: 90.64

[2024-05-10 01:23:49,393][    INFO] ===========> Epoch: 41, LR: 0.00233, Previous best: 90.85
[2024-05-10 01:23:50,240][    INFO] Iters: 0, Total loss: 0.024, Loss x: 0.036, Loss s: 0.020, Loss w_fp: 0.004, Mask ratio: 0.989
[2024-05-10 01:24:43,098][    INFO] ***** Evaluation ***** >>>> Class [0 Right Ventricle] Dice: 88.50
[2024-05-10 01:24:43,098][    INFO] ***** Evaluation ***** >>>> Class [1 Myocardium] Dice: 88.50
[2024-05-10 01:24:43,098][    INFO] ***** Evaluation ***** >>>> Class [2 Left Ventricle] Dice: 95.25
[2024-05-10 01:24:43,099][    INFO] ***** Evaluation ***** >>>> MeanDice: 90.75

[2024-05-10 01:24:43,146][    INFO] ===========> Epoch: 42, LR: 0.00211, Previous best: 90.85
[2024-05-10 01:24:44,037][    INFO] Iters: 0, Total loss: 0.017, Loss x: 0.028, Loss s: 0.011, Loss w_fp: 0.002, Mask ratio: 0.987
[2024-05-10 01:25:35,880][    INFO] ***** Evaluation ***** >>>> Class [0 Right Ventricle] Dice: 88.58
[2024-05-10 01:25:35,881][    INFO] ***** Evaluation ***** >>>> Class [1 Myocardium] Dice: 88.73
[2024-05-10 01:25:35,881][    INFO] ***** Evaluation ***** >>>> Class [2 Left Ventricle] Dice: 95.44
[2024-05-10 01:25:35,881][    INFO] ***** Evaluation ***** >>>> MeanDice: 90.92

[2024-05-10 01:25:35,987][    INFO] ===========> Epoch: 43, LR: 0.00190, Previous best: 90.92
[2024-05-10 01:25:37,010][    INFO] Iters: 0, Total loss: 0.023, Loss x: 0.026, Loss s: 0.039, Loss w_fp: 0.003, Mask ratio: 0.993
[2024-05-10 01:26:30,270][    INFO] ***** Evaluation ***** >>>> Class [0 Right Ventricle] Dice: 89.03
[2024-05-10 01:26:30,270][    INFO] ***** Evaluation ***** >>>> Class [1 Myocardium] Dice: 88.61
[2024-05-10 01:26:30,270][    INFO] ***** Evaluation ***** >>>> Class [2 Left Ventricle] Dice: 95.32
[2024-05-10 01:26:30,270][    INFO] ***** Evaluation ***** >>>> MeanDice: 90.99

[2024-05-10 01:26:30,389][    INFO] ===========> Epoch: 44, LR: 0.00168, Previous best: 90.99
[2024-05-10 01:26:31,371][    INFO] Iters: 0, Total loss: 0.025, Loss x: 0.025, Loss s: 0.045, Loss w_fp: 0.002, Mask ratio: 0.991
[2024-05-10 01:27:22,786][    INFO] ***** Evaluation ***** >>>> Class [0 Right Ventricle] Dice: 89.52
[2024-05-10 01:27:22,786][    INFO] ***** Evaluation ***** >>>> Class [1 Myocardium] Dice: 88.64
[2024-05-10 01:27:22,786][    INFO] ***** Evaluation ***** >>>> Class [2 Left Ventricle] Dice: 95.06
[2024-05-10 01:27:22,787][    INFO] ***** Evaluation ***** >>>> MeanDice: 91.08

[2024-05-10 01:27:22,901][    INFO] ===========> Epoch: 45, LR: 0.00146, Previous best: 91.08
[2024-05-10 01:27:23,750][    INFO] Iters: 0, Total loss: 0.024, Loss x: 0.024, Loss s: 0.038, Loss w_fp: 0.011, Mask ratio: 0.990
[2024-05-10 01:28:15,228][    INFO] ***** Evaluation ***** >>>> Class [0 Right Ventricle] Dice: 89.33
[2024-05-10 01:28:15,229][    INFO] ***** Evaluation ***** >>>> Class [1 Myocardium] Dice: 89.04
[2024-05-10 01:28:15,229][    INFO] ***** Evaluation ***** >>>> Class [2 Left Ventricle] Dice: 95.51
[2024-05-10 01:28:15,229][    INFO] ***** Evaluation ***** >>>> MeanDice: 91.29

[2024-05-10 01:28:15,321][    INFO] ===========> Epoch: 46, LR: 0.00123, Previous best: 91.29
[2024-05-10 01:28:16,138][    INFO] Iters: 0, Total loss: 0.019, Loss x: 0.024, Loss s: 0.022, Loss w_fp: 0.004, Mask ratio: 0.987
[2024-05-10 01:29:11,310][    INFO] ***** Evaluation ***** >>>> Class [0 Right Ventricle] Dice: 88.74
[2024-05-10 01:29:11,310][    INFO] ***** Evaluation ***** >>>> Class [1 Myocardium] Dice: 88.69
[2024-05-10 01:29:11,310][    INFO] ***** Evaluation ***** >>>> Class [2 Left Ventricle] Dice: 95.43
[2024-05-10 01:29:11,310][    INFO] ***** Evaluation ***** >>>> MeanDice: 90.95

[2024-05-10 01:29:11,381][    INFO] ===========> Epoch: 47, LR: 0.00100, Previous best: 91.29
[2024-05-10 01:29:12,250][    INFO] Iters: 0, Total loss: 0.023, Loss x: 0.026, Loss s: 0.038, Loss w_fp: 0.003, Mask ratio: 0.991
[2024-05-10 01:30:01,606][    INFO] ***** Evaluation ***** >>>> Class [0 Right Ventricle] Dice: 88.30
[2024-05-10 01:30:01,607][    INFO] ***** Evaluation ***** >>>> Class [1 Myocardium] Dice: 88.53
[2024-05-10 01:30:01,607][    INFO] ***** Evaluation ***** >>>> Class [2 Left Ventricle] Dice: 95.43
[2024-05-10 01:30:01,607][    INFO] ***** Evaluation ***** >>>> MeanDice: 90.75

[2024-05-10 01:30:01,653][    INFO] ===========> Epoch: 48, LR: 0.00077, Previous best: 91.29
[2024-05-10 01:30:02,481][    INFO] Iters: 0, Total loss: 0.022, Loss x: 0.033, Loss s: 0.017, Loss w_fp: 0.004, Mask ratio: 0.990
[2024-05-10 01:30:52,975][    INFO] ***** Evaluation ***** >>>> Class [0 Right Ventricle] Dice: 89.24
[2024-05-10 01:30:52,976][    INFO] ***** Evaluation ***** >>>> Class [1 Myocardium] Dice: 88.95
[2024-05-10 01:30:52,976][    INFO] ***** Evaluation ***** >>>> Class [2 Left Ventricle] Dice: 95.47
[2024-05-10 01:30:52,976][    INFO] ***** Evaluation ***** >>>> MeanDice: 91.22

[2024-05-10 01:30:53,047][    INFO] ===========> Epoch: 49, LR: 0.00052, Previous best: 91.29
[2024-05-10 01:30:54,008][    INFO] Iters: 0, Total loss: 0.016, Loss x: 0.023, Loss s: 0.016, Loss w_fp: 0.002, Mask ratio: 0.993
[2024-05-10 01:31:51,344][    INFO] ***** Evaluation ***** >>>> Class [0 Right Ventricle] Dice: 89.19
[2024-05-10 01:31:51,345][    INFO] ***** Evaluation ***** >>>> Class [1 Myocardium] Dice: 88.88
[2024-05-10 01:31:51,345][    INFO] ***** Evaluation ***** >>>> Class [2 Left Ventricle] Dice: 95.44
[2024-05-10 01:31:51,345][    INFO] ***** Evaluation ***** >>>> MeanDice: 91.17

