/var/lib/slurm/slurmd/job04381/slurm_script: line 15: module: command not found
[2024-05-08 21:16:48,834][    INFO] {'batch_size': 12,
 'conf_thresh': 0.95,
 'config': 'configs/ukbb/train/exp4/config.yaml',
 'crop_size': 256,
 'ctrl': 'age sex ethnicity',
 'data_desc': 'UKBB Train Data - 182 Patients - 18 Labeled, Rest Unlabeled',
 'data_root': '/vol/aimspace/projects/ukbb/data/cardiac/cardiac_segmentations/subjects',
 'dataset': 'ukbb',
 'epochs': 1,
 'local_rank': 0,
 'lr': 0.01,
 'mode': 'train',
 'model_desc': 'Unimatch Unet 18 Training on UKBB',
 'nclass': 4,
 'ngpus': 1,
 'num_workers': 1,
 'seed': 83,
 'split': 18,
 'visualize': False}

[2024-05-08 21:16:48,881][    INFO] Total params: 1.8M

[2024-05-08 21:16:51,300][    INFO] ===========> Epoch: 0, LR: 0.01000, Previous best: 0.00
