[2024-03-17 14:20:38,786][    INFO] {'all_split': 'splits/ukbb/all.csv',
 'batch_size': 12,
 'conf_thresh': 0.95,
 'config': 'configs/ukbb/train/ukbb_ethn_ctrl.yaml',
 'crop_size': 256,
 'ctrl': 'age ethnicity',
 'data_desc': 'UKBB Train Data - 264 Patients, 26 Labeled, Rest Unlabeled '
              'Patients',
 'data_root': '/vol/aimspace/projects/ukbb/data/cardiac/cardiac_segmentations/subjects',
 'dataset': 'ukbb',
 'epochs': 200,
 'labeled_id_path': 'splits/ukbb/26/labeled.csv',
 'labeled_split': 'splits/ukbb/26/labeled.csv',
 'local_rank': 0,
 'lr': 0.01,
 'mode': 'train',
 'model_desc': 'Unimatch Unet 26 Training on UKBB',
 'nclass': 4,
 'ngpus': 1,
 'num_workers': 1,
 'port': 2626,
 'save_path': 'exp/ukbb/unimatch/unet/26',
 'split': 26,
 'train_split': 'splits/ukbb/26/train.csv',
 'unlabeled_id_path': 'splits/ukbb/26/unlabeled.csv',
 'unlabeled_split': 'splits/ukbb/26/unlabeled.csv',
 'val_split': 'splits/ukbb/26/val.csv',
 'visualize': False}

[2024-03-17 14:20:38,915][    INFO] Total params: 1.8M

[2024-03-17 14:22:38,492][    INFO] ************ Load from checkpoint at epoch 99

[2024-03-17 14:22:38,523][    INFO] ===========> Epoch: 100, LR: 0.00014, Previous best: 90.29
[2024-03-17 14:28:11,771][    INFO] Iters: 0, Total loss: 0.031, Loss x: 0.048, Loss s: 0.026, Loss w_fp: 0.004, Mask ratio: 0.991
[2024-03-17 14:29:57,127][    INFO] ***** Evaluation ***** >>>> Class [0 Right Ventricle] Dice: 85.27
[2024-03-17 14:29:57,138][    INFO] ***** Evaluation ***** >>>> Class [1 Myocardium] Dice: 86.58
[2024-03-17 14:29:57,138][    INFO] ***** Evaluation ***** >>>> Class [2 Left Ventricle] Dice: 94.86
[2024-03-17 14:29:57,138][    INFO] ***** Evaluation ***** >>>> MeanDice: 88.90

[2024-03-17 14:29:57,340][    INFO] ===========> Epoch: 101, LR: 0.00535, Previous best: 90.29
[2024-03-17 14:30:01,934][    INFO] Iters: 0, Total loss: 0.031, Loss x: 0.036, Loss s: 0.043, Loss w_fp: 0.009, Mask ratio: 0.987
[2024-03-17 14:30:53,287][    INFO] ***** Evaluation ***** >>>> Class [0 Right Ventricle] Dice: 86.80
[2024-03-17 14:30:53,287][    INFO] ***** Evaluation ***** >>>> Class [1 Myocardium] Dice: 87.37
[2024-03-17 14:30:53,287][    INFO] ***** Evaluation ***** >>>> Class [2 Left Ventricle] Dice: 93.08
[2024-03-17 14:30:53,287][    INFO] ***** Evaluation ***** >>>> MeanDice: 89.08

[2024-03-17 14:30:53,523][    INFO] ===========> Epoch: 102, LR: 0.00531, Previous best: 90.29
[2024-03-17 14:30:54,826][    INFO] Iters: 0, Total loss: 0.018, Loss x: 0.021, Loss s: 0.024, Loss w_fp: 0.008, Mask ratio: 0.992
[2024-03-17 14:31:50,627][    INFO] ***** Evaluation ***** >>>> Class [0 Right Ventricle] Dice: 86.41
[2024-03-17 14:31:50,627][    INFO] ***** Evaluation ***** >>>> Class [1 Myocardium] Dice: 87.36
[2024-03-17 14:31:50,627][    INFO] ***** Evaluation ***** >>>> Class [2 Left Ventricle] Dice: 95.27
[2024-03-17 14:31:50,627][    INFO] ***** Evaluation ***** >>>> MeanDice: 89.68

[2024-03-17 14:31:50,942][    INFO] ===========> Epoch: 103, LR: 0.00526, Previous best: 90.29
[2024-03-17 14:31:52,531][    INFO] Iters: 0, Total loss: 0.021, Loss x: 0.021, Loss s: 0.039, Loss w_fp: 0.003, Mask ratio: 0.992
[2024-03-17 14:32:54,624][    INFO] ***** Evaluation ***** >>>> Class [0 Right Ventricle] Dice: 85.21
[2024-03-17 14:32:54,624][    INFO] ***** Evaluation ***** >>>> Class [1 Myocardium] Dice: 86.98
[2024-03-17 14:32:54,624][    INFO] ***** Evaluation ***** >>>> Class [2 Left Ventricle] Dice: 95.05
[2024-03-17 14:32:54,624][    INFO] ***** Evaluation ***** >>>> MeanDice: 89.08

[2024-03-17 14:32:54,920][    INFO] ===========> Epoch: 104, LR: 0.00521, Previous best: 90.29
[2024-03-17 14:32:56,854][    INFO] Iters: 0, Total loss: 0.023, Loss x: 0.035, Loss s: 0.020, Loss w_fp: 0.004, Mask ratio: 0.989
[2024-03-17 14:34:09,796][    INFO] ***** Evaluation ***** >>>> Class [0 Right Ventricle] Dice: 86.74
[2024-03-17 14:34:09,796][    INFO] ***** Evaluation ***** >>>> Class [1 Myocardium] Dice: 87.58
[2024-03-17 14:34:09,796][    INFO] ***** Evaluation ***** >>>> Class [2 Left Ventricle] Dice: 94.99
[2024-03-17 14:34:09,797][    INFO] ***** Evaluation ***** >>>> MeanDice: 89.77

[2024-03-17 14:34:10,671][    INFO] ===========> Epoch: 105, LR: 0.00516, Previous best: 90.29
[2024-03-17 14:34:12,856][    INFO] Iters: 0, Total loss: 0.037, Loss x: 0.040, Loss s: 0.060, Loss w_fp: 0.009, Mask ratio: 0.989
[2024-03-17 14:35:29,305][    INFO] ***** Evaluation ***** >>>> Class [0 Right Ventricle] Dice: 87.16
[2024-03-17 14:35:29,305][    INFO] ***** Evaluation ***** >>>> Class [1 Myocardium] Dice: 87.34
[2024-03-17 14:35:29,305][    INFO] ***** Evaluation ***** >>>> Class [2 Left Ventricle] Dice: 94.19
[2024-03-17 14:35:29,305][    INFO] ***** Evaluation ***** >>>> MeanDice: 89.56

[2024-03-17 14:35:29,564][    INFO] ===========> Epoch: 106, LR: 0.00511, Previous best: 90.29
[2024-03-17 14:35:31,072][    INFO] Iters: 0, Total loss: 0.036, Loss x: 0.054, Loss s: 0.029, Loss w_fp: 0.008, Mask ratio: 0.989
[2024-03-17 14:36:24,939][    INFO] ***** Evaluation ***** >>>> Class [0 Right Ventricle] Dice: 87.12
[2024-03-17 14:36:24,939][    INFO] ***** Evaluation ***** >>>> Class [1 Myocardium] Dice: 87.26
[2024-03-17 14:36:24,939][    INFO] ***** Evaluation ***** >>>> Class [2 Left Ventricle] Dice: 94.63
[2024-03-17 14:36:24,939][    INFO] ***** Evaluation ***** >>>> MeanDice: 89.67

[2024-03-17 14:36:25,155][    INFO] ===========> Epoch: 107, LR: 0.00506, Previous best: 90.29
[2024-03-17 14:36:26,019][    INFO] Iters: 0, Total loss: 0.030, Loss x: 0.029, Loss s: 0.050, Loss w_fp: 0.012, Mask ratio: 0.992
[2024-03-17 14:36:58,479][    INFO] ***** Evaluation ***** >>>> Class [0 Right Ventricle] Dice: 86.59
[2024-03-17 14:36:58,479][    INFO] ***** Evaluation ***** >>>> Class [1 Myocardium] Dice: 87.44
[2024-03-17 14:36:58,479][    INFO] ***** Evaluation ***** >>>> Class [2 Left Ventricle] Dice: 94.84
[2024-03-17 14:36:58,479][    INFO] ***** Evaluation ***** >>>> MeanDice: 89.62

[2024-03-17 14:36:58,621][    INFO] ===========> Epoch: 108, LR: 0.00501, Previous best: 90.29
[2024-03-17 14:36:59,485][    INFO] Iters: 0, Total loss: 0.038, Loss x: 0.052, Loss s: 0.041, Loss w_fp: 0.006, Mask ratio: 0.993
[2024-03-17 14:37:33,034][    INFO] ***** Evaluation ***** >>>> Class [0 Right Ventricle] Dice: 88.19
[2024-03-17 14:37:33,035][    INFO] ***** Evaluation ***** >>>> Class [1 Myocardium] Dice: 88.58
[2024-03-17 14:37:33,035][    INFO] ***** Evaluation ***** >>>> Class [2 Left Ventricle] Dice: 95.08
[2024-03-17 14:37:33,035][    INFO] ***** Evaluation ***** >>>> MeanDice: 90.62

[2024-03-17 14:37:33,491][    INFO] ===========> Epoch: 109, LR: 0.00497, Previous best: 90.62
[2024-03-17 14:37:34,366][    INFO] Iters: 0, Total loss: 0.038, Loss x: 0.034, Loss s: 0.080, Loss w_fp: 0.003, Mask ratio: 0.986
[2024-03-17 14:38:03,187][    INFO] ***** Evaluation ***** >>>> Class [0 Right Ventricle] Dice: 87.40
[2024-03-17 14:38:03,187][    INFO] ***** Evaluation ***** >>>> Class [1 Myocardium] Dice: 87.62
[2024-03-17 14:38:03,187][    INFO] ***** Evaluation ***** >>>> Class [2 Left Ventricle] Dice: 94.87
[2024-03-17 14:38:03,187][    INFO] ***** Evaluation ***** >>>> MeanDice: 89.96

[2024-03-17 14:38:03,391][    INFO] ===========> Epoch: 110, LR: 0.00492, Previous best: 90.62
[2024-03-17 14:38:04,808][    INFO] Iters: 0, Total loss: 0.029, Loss x: 0.045, Loss s: 0.024, Loss w_fp: 0.004, Mask ratio: 0.990
[2024-03-17 14:38:53,838][    INFO] ***** Evaluation ***** >>>> Class [0 Right Ventricle] Dice: 88.07
[2024-03-17 14:38:53,839][    INFO] ***** Evaluation ***** >>>> Class [1 Myocardium] Dice: 86.93
[2024-03-17 14:38:53,839][    INFO] ***** Evaluation ***** >>>> Class [2 Left Ventricle] Dice: 95.09
[2024-03-17 14:38:53,839][    INFO] ***** Evaluation ***** >>>> MeanDice: 90.03

[2024-03-17 14:38:54,146][    INFO] ===========> Epoch: 111, LR: 0.00487, Previous best: 90.62
[2024-03-17 14:38:56,944][    INFO] Iters: 0, Total loss: 0.021, Loss x: 0.029, Loss s: 0.020, Loss w_fp: 0.006, Mask ratio: 0.991
[2024-03-17 14:40:26,882][    INFO] ***** Evaluation ***** >>>> Class [0 Right Ventricle] Dice: 87.64
[2024-03-17 14:40:26,889][    INFO] ***** Evaluation ***** >>>> Class [1 Myocardium] Dice: 87.72
[2024-03-17 14:40:26,889][    INFO] ***** Evaluation ***** >>>> Class [2 Left Ventricle] Dice: 94.35
[2024-03-17 14:40:26,889][    INFO] ***** Evaluation ***** >>>> MeanDice: 89.90

[2024-03-17 14:40:27,253][    INFO] ===========> Epoch: 112, LR: 0.00482, Previous best: 90.62
[2024-03-17 14:40:29,054][    INFO] Iters: 0, Total loss: 0.024, Loss x: 0.038, Loss s: 0.017, Loss w_fp: 0.004, Mask ratio: 0.992
[2024-03-17 14:41:35,668][    INFO] ***** Evaluation ***** >>>> Class [0 Right Ventricle] Dice: 88.21
[2024-03-17 14:41:35,669][    INFO] ***** Evaluation ***** >>>> Class [1 Myocardium] Dice: 87.65
[2024-03-17 14:41:35,669][    INFO] ***** Evaluation ***** >>>> Class [2 Left Ventricle] Dice: 94.76
[2024-03-17 14:41:35,669][    INFO] ***** Evaluation ***** >>>> MeanDice: 90.21

[2024-03-17 14:41:35,883][    INFO] ===========> Epoch: 113, LR: 0.00477, Previous best: 90.62
[2024-03-17 14:41:37,360][    INFO] Iters: 0, Total loss: 0.022, Loss x: 0.033, Loss s: 0.017, Loss w_fp: 0.005, Mask ratio: 0.991
[2024-03-17 14:42:23,251][    INFO] ***** Evaluation ***** >>>> Class [0 Right Ventricle] Dice: 88.09
[2024-03-17 14:42:23,252][    INFO] ***** Evaluation ***** >>>> Class [1 Myocardium] Dice: 87.37
[2024-03-17 14:42:23,252][    INFO] ***** Evaluation ***** >>>> Class [2 Left Ventricle] Dice: 95.13
[2024-03-17 14:42:23,252][    INFO] ***** Evaluation ***** >>>> MeanDice: 90.20

[2024-03-17 14:42:23,380][    INFO] ===========> Epoch: 114, LR: 0.00472, Previous best: 90.62
[2024-03-17 14:42:24,256][    INFO] Iters: 0, Total loss: 0.023, Loss x: 0.032, Loss s: 0.023, Loss w_fp: 0.005, Mask ratio: 0.989
[2024-03-17 14:43:17,002][    INFO] ***** Evaluation ***** >>>> Class [0 Right Ventricle] Dice: 87.04
[2024-03-17 14:43:17,002][    INFO] ***** Evaluation ***** >>>> Class [1 Myocardium] Dice: 86.42
[2024-03-17 14:43:17,002][    INFO] ***** Evaluation ***** >>>> Class [2 Left Ventricle] Dice: 92.25
[2024-03-17 14:43:17,002][    INFO] ***** Evaluation ***** >>>> MeanDice: 88.57

[2024-03-17 14:43:17,226][    INFO] ===========> Epoch: 115, LR: 0.00467, Previous best: 90.62
[2024-03-17 14:43:19,131][    INFO] Iters: 0, Total loss: 0.033, Loss x: 0.036, Loss s: 0.055, Loss w_fp: 0.008, Mask ratio: 0.991
[2024-03-17 14:44:40,139][    INFO] ***** Evaluation ***** >>>> Class [0 Right Ventricle] Dice: 85.78
[2024-03-17 14:44:40,140][    INFO] ***** Evaluation ***** >>>> Class [1 Myocardium] Dice: 88.32
[2024-03-17 14:44:40,140][    INFO] ***** Evaluation ***** >>>> Class [2 Left Ventricle] Dice: 94.68
[2024-03-17 14:44:40,140][    INFO] ***** Evaluation ***** >>>> MeanDice: 89.60

[2024-03-17 14:44:40,475][    INFO] ===========> Epoch: 116, LR: 0.00462, Previous best: 90.62
[2024-03-17 14:44:42,521][    INFO] Iters: 0, Total loss: 0.033, Loss x: 0.034, Loss s: 0.060, Loss w_fp: 0.004, Mask ratio: 0.991
[2024-03-17 14:45:57,323][    INFO] ***** Evaluation ***** >>>> Class [0 Right Ventricle] Dice: 88.06
[2024-03-17 14:45:57,323][    INFO] ***** Evaluation ***** >>>> Class [1 Myocardium] Dice: 87.62
[2024-03-17 14:45:57,324][    INFO] ***** Evaluation ***** >>>> Class [2 Left Ventricle] Dice: 94.92
[2024-03-17 14:45:57,324][    INFO] ***** Evaluation ***** >>>> MeanDice: 90.20

[2024-03-17 14:45:57,467][    INFO] ===========> Epoch: 117, LR: 0.00458, Previous best: 90.62
[2024-03-17 14:45:58,915][    INFO] Iters: 0, Total loss: 0.025, Loss x: 0.031, Loss s: 0.019, Loss w_fp: 0.018, Mask ratio: 0.990
[2024-03-17 14:47:11,548][    INFO] ***** Evaluation ***** >>>> Class [0 Right Ventricle] Dice: 87.21
[2024-03-17 14:47:11,549][    INFO] ***** Evaluation ***** >>>> Class [1 Myocardium] Dice: 87.67
[2024-03-17 14:47:11,549][    INFO] ***** Evaluation ***** >>>> Class [2 Left Ventricle] Dice: 93.90
[2024-03-17 14:47:11,549][    INFO] ***** Evaluation ***** >>>> MeanDice: 89.59

[2024-03-17 14:47:11,824][    INFO] ===========> Epoch: 118, LR: 0.00453, Previous best: 90.62
[2024-03-17 14:47:13,873][    INFO] Iters: 0, Total loss: 0.032, Loss x: 0.036, Loss s: 0.052, Loss w_fp: 0.004, Mask ratio: 0.990
[2024-03-17 14:48:35,702][    INFO] ***** Evaluation ***** >>>> Class [0 Right Ventricle] Dice: 88.34
[2024-03-17 14:48:35,702][    INFO] ***** Evaluation ***** >>>> Class [1 Myocardium] Dice: 86.97
[2024-03-17 14:48:35,702][    INFO] ***** Evaluation ***** >>>> Class [2 Left Ventricle] Dice: 94.69
[2024-03-17 14:48:35,702][    INFO] ***** Evaluation ***** >>>> MeanDice: 90.00

[2024-03-17 14:48:35,905][    INFO] ===========> Epoch: 119, LR: 0.00448, Previous best: 90.62
[2024-03-17 14:48:37,646][    INFO] Iters: 0, Total loss: 0.020, Loss x: 0.032, Loss s: 0.011, Loss w_fp: 0.007, Mask ratio: 0.992
[2024-03-17 14:49:42,846][    INFO] ***** Evaluation ***** >>>> Class [0 Right Ventricle] Dice: 87.39
[2024-03-17 14:49:42,846][    INFO] ***** Evaluation ***** >>>> Class [1 Myocardium] Dice: 88.96
[2024-03-17 14:49:42,846][    INFO] ***** Evaluation ***** >>>> Class [2 Left Ventricle] Dice: 95.23
[2024-03-17 14:49:42,846][    INFO] ***** Evaluation ***** >>>> MeanDice: 90.52

[2024-03-17 14:49:43,070][    INFO] ===========> Epoch: 120, LR: 0.00443, Previous best: 90.62
[2024-03-17 14:49:45,030][    INFO] Iters: 0, Total loss: 0.030, Loss x: 0.031, Loss s: 0.054, Loss w_fp: 0.005, Mask ratio: 0.988
[2024-03-17 14:50:42,968][    INFO] ***** Evaluation ***** >>>> Class [0 Right Ventricle] Dice: 87.76
[2024-03-17 14:50:42,969][    INFO] ***** Evaluation ***** >>>> Class [1 Myocardium] Dice: 87.50
[2024-03-17 14:50:42,969][    INFO] ***** Evaluation ***** >>>> Class [2 Left Ventricle] Dice: 94.36
[2024-03-17 14:50:42,969][    INFO] ***** Evaluation ***** >>>> MeanDice: 89.87

[2024-03-17 14:50:43,185][    INFO] ===========> Epoch: 121, LR: 0.00438, Previous best: 90.62
[2024-03-17 14:50:44,944][    INFO] Iters: 0, Total loss: 0.027, Loss x: 0.038, Loss s: 0.028, Loss w_fp: 0.002, Mask ratio: 0.988
[2024-03-17 14:51:40,439][    INFO] ***** Evaluation ***** >>>> Class [0 Right Ventricle] Dice: 88.12
[2024-03-17 14:51:40,439][    INFO] ***** Evaluation ***** >>>> Class [1 Myocardium] Dice: 88.41
[2024-03-17 14:51:40,439][    INFO] ***** Evaluation ***** >>>> Class [2 Left Ventricle] Dice: 94.74
[2024-03-17 14:51:40,439][    INFO] ***** Evaluation ***** >>>> MeanDice: 90.42

[2024-03-17 14:51:40,600][    INFO] ===========> Epoch: 122, LR: 0.00433, Previous best: 90.62
[2024-03-17 14:51:41,607][    INFO] Iters: 0, Total loss: 0.038, Loss x: 0.035, Loss s: 0.075, Loss w_fp: 0.007, Mask ratio: 0.990
[2024-03-17 14:52:06,812][    INFO] ***** Evaluation ***** >>>> Class [0 Right Ventricle] Dice: 87.11
[2024-03-17 14:52:06,812][    INFO] ***** Evaluation ***** >>>> Class [1 Myocardium] Dice: 87.71
[2024-03-17 14:52:06,812][    INFO] ***** Evaluation ***** >>>> Class [2 Left Ventricle] Dice: 94.27
[2024-03-17 14:52:06,812][    INFO] ***** Evaluation ***** >>>> MeanDice: 89.70

[2024-03-17 14:52:07,103][    INFO] ===========> Epoch: 123, LR: 0.00428, Previous best: 90.62
[2024-03-17 14:52:08,956][    INFO] Iters: 0, Total loss: 0.035, Loss x: 0.047, Loss s: 0.035, Loss w_fp: 0.011, Mask ratio: 0.990
[2024-03-17 14:53:17,599][    INFO] ***** Evaluation ***** >>>> Class [0 Right Ventricle] Dice: 85.04
[2024-03-17 14:53:17,622][    INFO] ***** Evaluation ***** >>>> Class [1 Myocardium] Dice: 86.79
[2024-03-17 14:53:17,622][    INFO] ***** Evaluation ***** >>>> Class [2 Left Ventricle] Dice: 94.60
[2024-03-17 14:53:17,622][    INFO] ***** Evaluation ***** >>>> MeanDice: 88.81

[2024-03-17 14:53:17,833][    INFO] ===========> Epoch: 124, LR: 0.00423, Previous best: 90.62
[2024-03-17 14:53:19,798][    INFO] Iters: 0, Total loss: 0.046, Loss x: 0.064, Loss s: 0.051, Loss w_fp: 0.003, Mask ratio: 0.988
[2024-03-17 14:54:46,895][    INFO] ***** Evaluation ***** >>>> Class [0 Right Ventricle] Dice: 86.62
[2024-03-17 14:54:46,895][    INFO] ***** Evaluation ***** >>>> Class [1 Myocardium] Dice: 86.78
[2024-03-17 14:54:46,895][    INFO] ***** Evaluation ***** >>>> Class [2 Left Ventricle] Dice: 95.16
[2024-03-17 14:54:46,895][    INFO] ***** Evaluation ***** >>>> MeanDice: 89.52

[2024-03-17 14:54:47,141][    INFO] ===========> Epoch: 125, LR: 0.00418, Previous best: 90.62
[2024-03-17 14:54:48,903][    INFO] Iters: 0, Total loss: 0.025, Loss x: 0.029, Loss s: 0.035, Loss w_fp: 0.004, Mask ratio: 0.992
[2024-03-17 14:56:07,270][    INFO] ***** Evaluation ***** >>>> Class [0 Right Ventricle] Dice: 87.64
[2024-03-17 14:56:07,270][    INFO] ***** Evaluation ***** >>>> Class [1 Myocardium] Dice: 87.32
[2024-03-17 14:56:07,270][    INFO] ***** Evaluation ***** >>>> Class [2 Left Ventricle] Dice: 95.02
[2024-03-17 14:56:07,270][    INFO] ***** Evaluation ***** >>>> MeanDice: 89.99

[2024-03-17 14:56:07,590][    INFO] ===========> Epoch: 126, LR: 0.00413, Previous best: 90.62
[2024-03-17 14:56:10,101][    INFO] Iters: 0, Total loss: 0.033, Loss x: 0.041, Loss s: 0.041, Loss w_fp: 0.007, Mask ratio: 0.989
[2024-03-17 14:57:11,696][    INFO] ***** Evaluation ***** >>>> Class [0 Right Ventricle] Dice: 87.69
[2024-03-17 14:57:11,697][    INFO] ***** Evaluation ***** >>>> Class [1 Myocardium] Dice: 87.85
[2024-03-17 14:57:11,697][    INFO] ***** Evaluation ***** >>>> Class [2 Left Ventricle] Dice: 95.22
[2024-03-17 14:57:11,697][    INFO] ***** Evaluation ***** >>>> MeanDice: 90.25

[2024-03-17 14:57:11,916][    INFO] ===========> Epoch: 127, LR: 0.00408, Previous best: 90.62
[2024-03-17 14:57:13,717][    INFO] Iters: 0, Total loss: 0.024, Loss x: 0.031, Loss s: 0.031, Loss w_fp: 0.002, Mask ratio: 0.993
[2024-03-17 14:58:33,165][    INFO] ***** Evaluation ***** >>>> Class [0 Right Ventricle] Dice: 88.24
[2024-03-17 14:58:33,165][    INFO] ***** Evaluation ***** >>>> Class [1 Myocardium] Dice: 88.79
[2024-03-17 14:58:33,165][    INFO] ***** Evaluation ***** >>>> Class [2 Left Ventricle] Dice: 95.26
[2024-03-17 14:58:33,165][    INFO] ***** Evaluation ***** >>>> MeanDice: 90.76

[2024-03-17 14:58:33,935][    INFO] ===========> Epoch: 128, LR: 0.00403, Previous best: 90.76
[2024-03-17 14:58:35,819][    INFO] Iters: 0, Total loss: 0.022, Loss x: 0.032, Loss s: 0.016, Loss w_fp: 0.008, Mask ratio: 0.988
[2024-03-17 14:59:22,392][    INFO] ***** Evaluation ***** >>>> Class [0 Right Ventricle] Dice: 88.44
[2024-03-17 14:59:22,392][    INFO] ***** Evaluation ***** >>>> Class [1 Myocardium] Dice: 88.27
[2024-03-17 14:59:22,393][    INFO] ***** Evaluation ***** >>>> Class [2 Left Ventricle] Dice: 95.37
[2024-03-17 14:59:22,393][    INFO] ***** Evaluation ***** >>>> MeanDice: 90.69

[2024-03-17 14:59:22,735][    INFO] ===========> Epoch: 129, LR: 0.00398, Previous best: 90.76
[2024-03-17 14:59:24,431][    INFO] Iters: 0, Total loss: 0.023, Loss x: 0.030, Loss s: 0.028, Loss w_fp: 0.004, Mask ratio: 0.992
[2024-03-17 15:00:41,833][    INFO] ***** Evaluation ***** >>>> Class [0 Right Ventricle] Dice: 87.77
[2024-03-17 15:00:41,846][    INFO] ***** Evaluation ***** >>>> Class [1 Myocardium] Dice: 87.80
[2024-03-17 15:00:41,846][    INFO] ***** Evaluation ***** >>>> Class [2 Left Ventricle] Dice: 95.06
[2024-03-17 15:00:41,846][    INFO] ***** Evaluation ***** >>>> MeanDice: 90.21

[2024-03-17 15:00:42,124][    INFO] ===========> Epoch: 130, LR: 0.00393, Previous best: 90.76
[2024-03-17 15:00:44,377][    INFO] Iters: 0, Total loss: 0.019, Loss x: 0.023, Loss s: 0.018, Loss w_fp: 0.010, Mask ratio: 0.992
[2024-03-17 15:02:00,784][    INFO] ***** Evaluation ***** >>>> Class [0 Right Ventricle] Dice: 86.94
[2024-03-17 15:02:00,785][    INFO] ***** Evaluation ***** >>>> Class [1 Myocardium] Dice: 87.51
[2024-03-17 15:02:00,785][    INFO] ***** Evaluation ***** >>>> Class [2 Left Ventricle] Dice: 94.99
[2024-03-17 15:02:00,785][    INFO] ***** Evaluation ***** >>>> MeanDice: 89.81

[2024-03-17 15:02:01,107][    INFO] ===========> Epoch: 131, LR: 0.00388, Previous best: 90.76
[2024-03-17 15:02:03,089][    INFO] Iters: 0, Total loss: 0.043, Loss x: 0.037, Loss s: 0.092, Loss w_fp: 0.006, Mask ratio: 0.992
[2024-03-17 15:03:21,566][    INFO] ***** Evaluation ***** >>>> Class [0 Right Ventricle] Dice: 88.33
[2024-03-17 15:03:21,566][    INFO] ***** Evaluation ***** >>>> Class [1 Myocardium] Dice: 88.97
[2024-03-17 15:03:21,566][    INFO] ***** Evaluation ***** >>>> Class [2 Left Ventricle] Dice: 95.41
[2024-03-17 15:03:21,566][    INFO] ***** Evaluation ***** >>>> MeanDice: 90.90

[2024-03-17 15:03:22,070][    INFO] ===========> Epoch: 132, LR: 0.00383, Previous best: 90.90
[2024-03-17 15:03:24,763][    INFO] Iters: 0, Total loss: 0.027, Loss x: 0.036, Loss s: 0.031, Loss w_fp: 0.004, Mask ratio: 0.993
[2024-03-17 15:04:53,716][    INFO] ***** Evaluation ***** >>>> Class [0 Right Ventricle] Dice: 87.71
[2024-03-17 15:04:53,716][    INFO] ***** Evaluation ***** >>>> Class [1 Myocardium] Dice: 88.89
[2024-03-17 15:04:53,716][    INFO] ***** Evaluation ***** >>>> Class [2 Left Ventricle] Dice: 95.26
[2024-03-17 15:04:53,716][    INFO] ***** Evaluation ***** >>>> MeanDice: 90.62

[2024-03-17 15:04:54,018][    INFO] ===========> Epoch: 133, LR: 0.00378, Previous best: 90.90
[2024-03-17 15:04:56,984][    INFO] Iters: 0, Total loss: 0.017, Loss x: 0.024, Loss s: 0.016, Loss w_fp: 0.004, Mask ratio: 0.992
[2024-03-17 15:06:09,842][    INFO] ***** Evaluation ***** >>>> Class [0 Right Ventricle] Dice: 87.70
[2024-03-17 15:06:09,842][    INFO] ***** Evaluation ***** >>>> Class [1 Myocardium] Dice: 88.13
[2024-03-17 15:06:09,842][    INFO] ***** Evaluation ***** >>>> Class [2 Left Ventricle] Dice: 94.35
[2024-03-17 15:06:09,842][    INFO] ***** Evaluation ***** >>>> MeanDice: 90.06

[2024-03-17 15:06:10,147][    INFO] ===========> Epoch: 134, LR: 0.00373, Previous best: 90.90
[2024-03-17 15:06:12,232][    INFO] Iters: 0, Total loss: 0.028, Loss x: 0.036, Loss s: 0.034, Loss w_fp: 0.004, Mask ratio: 0.994
[2024-03-17 15:07:46,153][    INFO] ***** Evaluation ***** >>>> Class [0 Right Ventricle] Dice: 87.51
[2024-03-17 15:07:46,162][    INFO] ***** Evaluation ***** >>>> Class [1 Myocardium] Dice: 88.31
[2024-03-17 15:07:46,162][    INFO] ***** Evaluation ***** >>>> Class [2 Left Ventricle] Dice: 95.39
[2024-03-17 15:07:46,162][    INFO] ***** Evaluation ***** >>>> MeanDice: 90.40

[2024-03-17 15:07:46,440][    INFO] ===========> Epoch: 135, LR: 0.00368, Previous best: 90.90
[2024-03-17 15:07:48,815][    INFO] Iters: 0, Total loss: 0.022, Loss x: 0.026, Loss s: 0.032, Loss w_fp: 0.004, Mask ratio: 0.988
[2024-03-17 15:09:11,007][    INFO] ***** Evaluation ***** >>>> Class [0 Right Ventricle] Dice: 88.66
[2024-03-17 15:09:11,007][    INFO] ***** Evaluation ***** >>>> Class [1 Myocardium] Dice: 88.58
[2024-03-17 15:09:11,008][    INFO] ***** Evaluation ***** >>>> Class [2 Left Ventricle] Dice: 95.41
[2024-03-17 15:09:11,008][    INFO] ***** Evaluation ***** >>>> MeanDice: 90.88

[2024-03-17 15:09:11,322][    INFO] ===========> Epoch: 136, LR: 0.00363, Previous best: 90.90
[2024-03-17 15:09:13,739][    INFO] Iters: 0, Total loss: 0.032, Loss x: 0.041, Loss s: 0.042, Loss w_fp: 0.003, Mask ratio: 0.988
[2024-03-17 15:10:27,302][    INFO] ***** Evaluation ***** >>>> Class [0 Right Ventricle] Dice: 87.07
[2024-03-17 15:10:27,303][    INFO] ***** Evaluation ***** >>>> Class [1 Myocardium] Dice: 87.84
[2024-03-17 15:10:27,303][    INFO] ***** Evaluation ***** >>>> Class [2 Left Ventricle] Dice: 95.44
[2024-03-17 15:10:27,303][    INFO] ***** Evaluation ***** >>>> MeanDice: 90.12

[2024-03-17 15:10:27,730][    INFO] ===========> Epoch: 137, LR: 0.00358, Previous best: 90.90
[2024-03-17 15:10:30,400][    INFO] Iters: 0, Total loss: 0.026, Loss x: 0.037, Loss s: 0.025, Loss w_fp: 0.004, Mask ratio: 0.988
[2024-03-17 15:11:43,976][    INFO] ***** Evaluation ***** >>>> Class [0 Right Ventricle] Dice: 87.64
[2024-03-17 15:11:43,976][    INFO] ***** Evaluation ***** >>>> Class [1 Myocardium] Dice: 88.46
[2024-03-17 15:11:43,976][    INFO] ***** Evaluation ***** >>>> Class [2 Left Ventricle] Dice: 95.36
[2024-03-17 15:11:43,976][    INFO] ***** Evaluation ***** >>>> MeanDice: 90.49

[2024-03-17 15:11:44,165][    INFO] ===========> Epoch: 138, LR: 0.00353, Previous best: 90.90
[2024-03-17 15:11:45,675][    INFO] Iters: 0, Total loss: 0.027, Loss x: 0.030, Loss s: 0.037, Loss w_fp: 0.009, Mask ratio: 0.990
[2024-03-17 15:13:16,430][    INFO] ***** Evaluation ***** >>>> Class [0 Right Ventricle] Dice: 87.79
[2024-03-17 15:13:16,431][    INFO] ***** Evaluation ***** >>>> Class [1 Myocardium] Dice: 88.43
[2024-03-17 15:13:16,431][    INFO] ***** Evaluation ***** >>>> Class [2 Left Ventricle] Dice: 95.37
[2024-03-17 15:13:16,431][    INFO] ***** Evaluation ***** >>>> MeanDice: 90.53

[2024-03-17 15:13:16,712][    INFO] ===========> Epoch: 139, LR: 0.00348, Previous best: 90.90
[2024-03-17 15:13:18,951][    INFO] Iters: 0, Total loss: 0.021, Loss x: 0.025, Loss s: 0.028, Loss w_fp: 0.003, Mask ratio: 0.994
[2024-03-17 15:14:57,276][    INFO] ***** Evaluation ***** >>>> Class [0 Right Ventricle] Dice: 88.64
[2024-03-17 15:14:57,294][    INFO] ***** Evaluation ***** >>>> Class [1 Myocardium] Dice: 88.93
[2024-03-17 15:14:57,294][    INFO] ***** Evaluation ***** >>>> Class [2 Left Ventricle] Dice: 95.34
[2024-03-17 15:14:57,294][    INFO] ***** Evaluation ***** >>>> MeanDice: 90.97

[2024-03-17 15:14:57,800][    INFO] ===========> Epoch: 140, LR: 0.00343, Previous best: 90.97
[2024-03-17 15:15:00,461][    INFO] Iters: 0, Total loss: 0.019, Loss x: 0.024, Loss s: 0.022, Loss w_fp: 0.005, Mask ratio: 0.994
[2024-03-17 15:16:19,604][    INFO] ***** Evaluation ***** >>>> Class [0 Right Ventricle] Dice: 88.23
[2024-03-17 15:16:19,604][    INFO] ***** Evaluation ***** >>>> Class [1 Myocardium] Dice: 88.56
[2024-03-17 15:16:19,604][    INFO] ***** Evaluation ***** >>>> Class [2 Left Ventricle] Dice: 95.50
[2024-03-17 15:16:19,604][    INFO] ***** Evaluation ***** >>>> MeanDice: 90.76

[2024-03-17 15:16:19,745][    INFO] ===========> Epoch: 141, LR: 0.00338, Previous best: 90.97
[2024-03-17 15:16:21,510][    INFO] Iters: 0, Total loss: 0.022, Loss x: 0.032, Loss s: 0.018, Loss w_fp: 0.008, Mask ratio: 0.989
[2024-03-17 15:17:20,288][    INFO] ***** Evaluation ***** >>>> Class [0 Right Ventricle] Dice: 88.23
[2024-03-17 15:17:20,289][    INFO] ***** Evaluation ***** >>>> Class [1 Myocardium] Dice: 87.89
[2024-03-17 15:17:20,289][    INFO] ***** Evaluation ***** >>>> Class [2 Left Ventricle] Dice: 94.90
[2024-03-17 15:17:20,289][    INFO] ***** Evaluation ***** >>>> MeanDice: 90.34

[2024-03-17 15:17:20,414][    INFO] ===========> Epoch: 142, LR: 0.00333, Previous best: 90.97
[2024-03-17 15:17:21,972][    INFO] Iters: 0, Total loss: 0.028, Loss x: 0.039, Loss s: 0.032, Loss w_fp: 0.002, Mask ratio: 0.992
[2024-03-17 15:18:42,597][    INFO] ***** Evaluation ***** >>>> Class [0 Right Ventricle] Dice: 87.27
[2024-03-17 15:18:42,667][    INFO] ***** Evaluation ***** >>>> Class [1 Myocardium] Dice: 89.13
[2024-03-17 15:18:42,667][    INFO] ***** Evaluation ***** >>>> Class [2 Left Ventricle] Dice: 95.67
[2024-03-17 15:18:42,667][    INFO] ***** Evaluation ***** >>>> MeanDice: 90.69

[2024-03-17 15:18:42,845][    INFO] ===========> Epoch: 143, LR: 0.00328, Previous best: 90.97
[2024-03-17 15:18:44,694][    INFO] Iters: 0, Total loss: 0.028, Loss x: 0.038, Loss s: 0.031, Loss w_fp: 0.003, Mask ratio: 0.990
[2024-03-17 15:19:57,882][    INFO] ***** Evaluation ***** >>>> Class [0 Right Ventricle] Dice: 88.62
[2024-03-17 15:19:57,882][    INFO] ***** Evaluation ***** >>>> Class [1 Myocardium] Dice: 88.94
[2024-03-17 15:19:57,882][    INFO] ***** Evaluation ***** >>>> Class [2 Left Ventricle] Dice: 95.43
[2024-03-17 15:19:57,882][    INFO] ***** Evaluation ***** >>>> MeanDice: 91.00

[2024-03-17 15:19:58,324][    INFO] ===========> Epoch: 144, LR: 0.00323, Previous best: 91.00
[2024-03-17 15:20:00,623][    INFO] Iters: 0, Total loss: 0.023, Loss x: 0.030, Loss s: 0.025, Loss w_fp: 0.004, Mask ratio: 0.991
[2024-03-17 15:21:18,866][    INFO] ***** Evaluation ***** >>>> Class [0 Right Ventricle] Dice: 88.21
[2024-03-17 15:21:18,867][    INFO] ***** Evaluation ***** >>>> Class [1 Myocardium] Dice: 89.35
[2024-03-17 15:21:18,867][    INFO] ***** Evaluation ***** >>>> Class [2 Left Ventricle] Dice: 95.15
[2024-03-17 15:21:18,867][    INFO] ***** Evaluation ***** >>>> MeanDice: 90.91

[2024-03-17 15:21:19,147][    INFO] ===========> Epoch: 145, LR: 0.00317, Previous best: 91.00
[2024-03-17 15:21:20,854][    INFO] Iters: 0, Total loss: 0.034, Loss x: 0.062, Loss s: 0.012, Loss w_fp: 0.002, Mask ratio: 0.992
[2024-03-17 15:22:52,365][    INFO] ***** Evaluation ***** >>>> Class [0 Right Ventricle] Dice: 89.04
[2024-03-17 15:22:52,396][    INFO] ***** Evaluation ***** >>>> Class [1 Myocardium] Dice: 88.54
[2024-03-17 15:22:52,396][    INFO] ***** Evaluation ***** >>>> Class [2 Left Ventricle] Dice: 95.28
[2024-03-17 15:22:52,396][    INFO] ***** Evaluation ***** >>>> MeanDice: 90.95

[2024-03-17 15:22:52,743][    INFO] ===========> Epoch: 146, LR: 0.00312, Previous best: 91.00
[2024-03-17 15:22:55,029][    INFO] Iters: 0, Total loss: 0.028, Loss x: 0.042, Loss s: 0.019, Loss w_fp: 0.007, Mask ratio: 0.992
[2024-03-17 15:24:28,044][    INFO] ***** Evaluation ***** >>>> Class [0 Right Ventricle] Dice: 88.63
[2024-03-17 15:24:28,113][    INFO] ***** Evaluation ***** >>>> Class [1 Myocardium] Dice: 88.61
[2024-03-17 15:24:28,113][    INFO] ***** Evaluation ***** >>>> Class [2 Left Ventricle] Dice: 94.93
[2024-03-17 15:24:28,113][    INFO] ***** Evaluation ***** >>>> MeanDice: 90.72

[2024-03-17 15:24:28,470][    INFO] ===========> Epoch: 147, LR: 0.00307, Previous best: 91.00
[2024-03-17 15:24:30,161][    INFO] Iters: 0, Total loss: 0.027, Loss x: 0.039, Loss s: 0.028, Loss w_fp: 0.003, Mask ratio: 0.988
[2024-03-17 15:25:59,670][    INFO] ***** Evaluation ***** >>>> Class [0 Right Ventricle] Dice: 87.38
[2024-03-17 15:25:59,670][    INFO] ***** Evaluation ***** >>>> Class [1 Myocardium] Dice: 87.89
[2024-03-17 15:25:59,670][    INFO] ***** Evaluation ***** >>>> Class [2 Left Ventricle] Dice: 95.31
[2024-03-17 15:25:59,670][    INFO] ***** Evaluation ***** >>>> MeanDice: 90.19

[2024-03-17 15:25:59,958][    INFO] ===========> Epoch: 148, LR: 0.00302, Previous best: 91.00
[2024-03-17 15:26:02,102][    INFO] Iters: 0, Total loss: 0.025, Loss x: 0.030, Loss s: 0.036, Loss w_fp: 0.005, Mask ratio: 0.992
[2024-03-17 15:27:31,916][    INFO] ***** Evaluation ***** >>>> Class [0 Right Ventricle] Dice: 89.04
[2024-03-17 15:27:31,916][    INFO] ***** Evaluation ***** >>>> Class [1 Myocardium] Dice: 89.08
[2024-03-17 15:27:31,916][    INFO] ***** Evaluation ***** >>>> Class [2 Left Ventricle] Dice: 95.33
[2024-03-17 15:27:31,916][    INFO] ***** Evaluation ***** >>>> MeanDice: 91.15

[2024-03-17 15:27:32,329][    INFO] ===========> Epoch: 149, LR: 0.00297, Previous best: 91.15
[2024-03-17 15:27:34,682][    INFO] Iters: 0, Total loss: 0.023, Loss x: 0.026, Loss s: 0.036, Loss w_fp: 0.004, Mask ratio: 0.991
[2024-03-17 15:29:16,552][    INFO] ***** Evaluation ***** >>>> Class [0 Right Ventricle] Dice: 86.10
[2024-03-17 15:29:16,552][    INFO] ***** Evaluation ***** >>>> Class [1 Myocardium] Dice: 87.25
[2024-03-17 15:29:16,552][    INFO] ***** Evaluation ***** >>>> Class [2 Left Ventricle] Dice: 95.47
[2024-03-17 15:29:16,552][    INFO] ***** Evaluation ***** >>>> MeanDice: 89.60

[2024-03-17 15:29:16,994][    INFO] ===========> Epoch: 150, LR: 0.00292, Previous best: 91.15
[2024-03-17 15:29:20,146][    INFO] Iters: 0, Total loss: 0.031, Loss x: 0.040, Loss s: 0.036, Loss w_fp: 0.007, Mask ratio: 0.992
[2024-03-17 15:30:50,806][    INFO] ***** Evaluation ***** >>>> Class [0 Right Ventricle] Dice: 88.27
[2024-03-17 15:30:50,818][    INFO] ***** Evaluation ***** >>>> Class [1 Myocardium] Dice: 88.77
[2024-03-17 15:30:50,818][    INFO] ***** Evaluation ***** >>>> Class [2 Left Ventricle] Dice: 95.56
[2024-03-17 15:30:50,818][    INFO] ***** Evaluation ***** >>>> MeanDice: 90.87

[2024-03-17 15:30:51,000][    INFO] ===========> Epoch: 151, LR: 0.00287, Previous best: 91.15
[2024-03-17 15:30:52,965][    INFO] Iters: 0, Total loss: 0.022, Loss x: 0.027, Loss s: 0.030, Loss w_fp: 0.004, Mask ratio: 0.992
[2024-03-17 15:32:17,928][    INFO] ***** Evaluation ***** >>>> Class [0 Right Ventricle] Dice: 88.81
[2024-03-17 15:32:17,928][    INFO] ***** Evaluation ***** >>>> Class [1 Myocardium] Dice: 88.94
[2024-03-17 15:32:17,928][    INFO] ***** Evaluation ***** >>>> Class [2 Left Ventricle] Dice: 95.36
[2024-03-17 15:32:17,928][    INFO] ***** Evaluation ***** >>>> MeanDice: 91.04

[2024-03-17 15:32:18,107][    INFO] ===========> Epoch: 152, LR: 0.00281, Previous best: 91.15
[2024-03-17 15:32:20,334][    INFO] Iters: 0, Total loss: 0.022, Loss x: 0.025, Loss s: 0.029, Loss w_fp: 0.008, Mask ratio: 0.992
[2024-03-17 15:33:48,335][    INFO] ***** Evaluation ***** >>>> Class [0 Right Ventricle] Dice: 87.70
[2024-03-17 15:33:48,335][    INFO] ***** Evaluation ***** >>>> Class [1 Myocardium] Dice: 88.55
[2024-03-17 15:33:48,335][    INFO] ***** Evaluation ***** >>>> Class [2 Left Ventricle] Dice: 95.53
[2024-03-17 15:33:48,335][    INFO] ***** Evaluation ***** >>>> MeanDice: 90.59

[2024-03-17 15:33:48,560][    INFO] ===========> Epoch: 153, LR: 0.00276, Previous best: 91.15
[2024-03-17 15:33:50,703][    INFO] Iters: 0, Total loss: 0.033, Loss x: 0.035, Loss s: 0.055, Loss w_fp: 0.004, Mask ratio: 0.992
[2024-03-17 15:35:24,502][    INFO] ***** Evaluation ***** >>>> Class [0 Right Ventricle] Dice: 88.92
[2024-03-17 15:35:24,547][    INFO] ***** Evaluation ***** >>>> Class [1 Myocardium] Dice: 89.19
[2024-03-17 15:35:24,547][    INFO] ***** Evaluation ***** >>>> Class [2 Left Ventricle] Dice: 95.15
[2024-03-17 15:35:24,547][    INFO] ***** Evaluation ***** >>>> MeanDice: 91.09

[2024-03-17 15:35:24,802][    INFO] ===========> Epoch: 154, LR: 0.00271, Previous best: 91.15
[2024-03-17 15:35:27,197][    INFO] Iters: 0, Total loss: 0.024, Loss x: 0.027, Loss s: 0.040, Loss w_fp: 0.003, Mask ratio: 0.989
[2024-03-17 15:36:52,312][    INFO] ***** Evaluation ***** >>>> Class [0 Right Ventricle] Dice: 88.64
[2024-03-17 15:36:52,312][    INFO] ***** Evaluation ***** >>>> Class [1 Myocardium] Dice: 88.44
[2024-03-17 15:36:52,312][    INFO] ***** Evaluation ***** >>>> Class [2 Left Ventricle] Dice: 94.91
[2024-03-17 15:36:52,312][    INFO] ***** Evaluation ***** >>>> MeanDice: 90.66

[2024-03-17 15:36:52,517][    INFO] ===========> Epoch: 155, LR: 0.00266, Previous best: 91.15
[2024-03-17 15:36:54,411][    INFO] Iters: 0, Total loss: 0.029, Loss x: 0.030, Loss s: 0.045, Loss w_fp: 0.009, Mask ratio: 0.990
[2024-03-17 15:37:55,403][    INFO] ***** Evaluation ***** >>>> Class [0 Right Ventricle] Dice: 88.94
[2024-03-17 15:37:55,403][    INFO] ***** Evaluation ***** >>>> Class [1 Myocardium] Dice: 88.69
[2024-03-17 15:37:55,403][    INFO] ***** Evaluation ***** >>>> Class [2 Left Ventricle] Dice: 95.29
[2024-03-17 15:37:55,403][    INFO] ***** Evaluation ***** >>>> MeanDice: 90.97

[2024-03-17 15:37:55,543][    INFO] ===========> Epoch: 156, LR: 0.00261, Previous best: 91.15
[2024-03-17 15:37:56,929][    INFO] Iters: 0, Total loss: 0.038, Loss x: 0.046, Loss s: 0.051, Loss w_fp: 0.009, Mask ratio: 0.989
[2024-03-17 15:39:02,009][    INFO] ***** Evaluation ***** >>>> Class [0 Right Ventricle] Dice: 89.38
[2024-03-17 15:39:02,009][    INFO] ***** Evaluation ***** >>>> Class [1 Myocardium] Dice: 88.66
[2024-03-17 15:39:02,009][    INFO] ***** Evaluation ***** >>>> Class [2 Left Ventricle] Dice: 95.42
[2024-03-17 15:39:02,009][    INFO] ***** Evaluation ***** >>>> MeanDice: 91.15

[2024-03-17 15:39:02,502][    INFO] ===========> Epoch: 157, LR: 0.00255, Previous best: 91.15
[2024-03-17 15:39:04,750][    INFO] Iters: 0, Total loss: 0.049, Loss x: 0.036, Loss s: 0.101, Loss w_fp: 0.025, Mask ratio: 0.994
[2024-03-17 15:40:28,589][    INFO] ***** Evaluation ***** >>>> Class [0 Right Ventricle] Dice: 89.23
[2024-03-17 15:40:28,589][    INFO] ***** Evaluation ***** >>>> Class [1 Myocardium] Dice: 88.91
[2024-03-17 15:40:28,589][    INFO] ***** Evaluation ***** >>>> Class [2 Left Ventricle] Dice: 95.58
[2024-03-17 15:40:28,589][    INFO] ***** Evaluation ***** >>>> MeanDice: 91.24

[2024-03-17 15:40:29,140][    INFO] ===========> Epoch: 158, LR: 0.00250, Previous best: 91.24
[2024-03-17 15:40:31,601][    INFO] Iters: 0, Total loss: 0.023, Loss x: 0.030, Loss s: 0.030, Loss w_fp: 0.003, Mask ratio: 0.988
[2024-03-17 15:41:37,718][    INFO] ***** Evaluation ***** >>>> Class [0 Right Ventricle] Dice: 88.02
[2024-03-17 15:41:37,718][    INFO] ***** Evaluation ***** >>>> Class [1 Myocardium] Dice: 87.95
[2024-03-17 15:41:37,718][    INFO] ***** Evaluation ***** >>>> Class [2 Left Ventricle] Dice: 95.52
[2024-03-17 15:41:37,718][    INFO] ***** Evaluation ***** >>>> MeanDice: 90.50

[2024-03-17 15:41:37,983][    INFO] ===========> Epoch: 159, LR: 0.00245, Previous best: 91.24
[2024-03-17 15:41:38,824][    INFO] Iters: 0, Total loss: 0.020, Loss x: 0.030, Loss s: 0.016, Loss w_fp: 0.003, Mask ratio: 0.986
[2024-03-17 15:42:42,922][    INFO] ***** Evaluation ***** >>>> Class [0 Right Ventricle] Dice: 87.60
[2024-03-17 15:42:42,922][    INFO] ***** Evaluation ***** >>>> Class [1 Myocardium] Dice: 88.75
[2024-03-17 15:42:42,922][    INFO] ***** Evaluation ***** >>>> Class [2 Left Ventricle] Dice: 95.26
[2024-03-17 15:42:42,922][    INFO] ***** Evaluation ***** >>>> MeanDice: 90.54

[2024-03-17 15:42:43,207][    INFO] ===========> Epoch: 160, LR: 0.00240, Previous best: 91.24
[2024-03-17 15:42:44,165][    INFO] Iters: 0, Total loss: 0.022, Loss x: 0.023, Loss s: 0.038, Loss w_fp: 0.003, Mask ratio: 0.988
[2024-03-17 15:43:59,990][    INFO] ***** Evaluation ***** >>>> Class [0 Right Ventricle] Dice: 88.45
[2024-03-17 15:43:59,990][    INFO] ***** Evaluation ***** >>>> Class [1 Myocardium] Dice: 88.16
[2024-03-17 15:43:59,990][    INFO] ***** Evaluation ***** >>>> Class [2 Left Ventricle] Dice: 95.34
[2024-03-17 15:43:59,990][    INFO] ***** Evaluation ***** >>>> MeanDice: 90.65

[2024-03-17 15:44:00,147][    INFO] ===========> Epoch: 161, LR: 0.00234, Previous best: 91.24
[2024-03-17 15:44:02,064][    INFO] Iters: 0, Total loss: 0.033, Loss x: 0.040, Loss s: 0.049, Loss w_fp: 0.005, Mask ratio: 0.990
[2024-03-17 15:45:27,036][    INFO] ***** Evaluation ***** >>>> Class [0 Right Ventricle] Dice: 87.82
[2024-03-17 15:45:27,036][    INFO] ***** Evaluation ***** >>>> Class [1 Myocardium] Dice: 89.09
[2024-03-17 15:45:27,036][    INFO] ***** Evaluation ***** >>>> Class [2 Left Ventricle] Dice: 95.50
[2024-03-17 15:45:27,036][    INFO] ***** Evaluation ***** >>>> MeanDice: 90.80

[2024-03-17 15:45:27,451][    INFO] ===========> Epoch: 162, LR: 0.00229, Previous best: 91.24
[2024-03-17 15:45:30,283][    INFO] Iters: 0, Total loss: 0.022, Loss x: 0.026, Loss s: 0.030, Loss w_fp: 0.004, Mask ratio: 0.991
[2024-03-17 15:46:45,820][    INFO] ***** Evaluation ***** >>>> Class [0 Right Ventricle] Dice: 88.38
[2024-03-17 15:46:45,821][    INFO] ***** Evaluation ***** >>>> Class [1 Myocardium] Dice: 88.99
[2024-03-17 15:46:45,821][    INFO] ***** Evaluation ***** >>>> Class [2 Left Ventricle] Dice: 95.57
[2024-03-17 15:46:45,821][    INFO] ***** Evaluation ***** >>>> MeanDice: 90.98

[2024-03-17 15:46:45,969][    INFO] ===========> Epoch: 163, LR: 0.00224, Previous best: 91.24
[2024-03-17 15:46:47,322][    INFO] Iters: 0, Total loss: 0.021, Loss x: 0.023, Loss s: 0.035, Loss w_fp: 0.003, Mask ratio: 0.990
[2024-03-17 15:48:00,705][    INFO] ***** Evaluation ***** >>>> Class [0 Right Ventricle] Dice: 88.46
[2024-03-17 15:48:00,705][    INFO] ***** Evaluation ***** >>>> Class [1 Myocardium] Dice: 89.38
[2024-03-17 15:48:00,705][    INFO] ***** Evaluation ***** >>>> Class [2 Left Ventricle] Dice: 95.25
[2024-03-17 15:48:00,706][    INFO] ***** Evaluation ***** >>>> MeanDice: 91.03

[2024-03-17 15:48:01,026][    INFO] ===========> Epoch: 164, LR: 0.00218, Previous best: 91.24
[2024-03-17 15:48:03,769][    INFO] Iters: 0, Total loss: 0.023, Loss x: 0.020, Loss s: 0.045, Loss w_fp: 0.008, Mask ratio: 0.989
[2024-03-17 15:49:27,411][    INFO] ***** Evaluation ***** >>>> Class [0 Right Ventricle] Dice: 88.68
[2024-03-17 15:49:27,412][    INFO] ***** Evaluation ***** >>>> Class [1 Myocardium] Dice: 88.40
[2024-03-17 15:49:27,412][    INFO] ***** Evaluation ***** >>>> Class [2 Left Ventricle] Dice: 95.55
[2024-03-17 15:49:27,412][    INFO] ***** Evaluation ***** >>>> MeanDice: 90.88

[2024-03-17 15:49:27,614][    INFO] ===========> Epoch: 165, LR: 0.00213, Previous best: 91.24
[2024-03-17 15:49:29,732][    INFO] Iters: 0, Total loss: 0.025, Loss x: 0.028, Loss s: 0.041, Loss w_fp: 0.003, Mask ratio: 0.992
[2024-03-17 15:51:01,757][    INFO] ***** Evaluation ***** >>>> Class [0 Right Ventricle] Dice: 88.69
[2024-03-17 15:51:01,855][    INFO] ***** Evaluation ***** >>>> Class [1 Myocardium] Dice: 89.45
[2024-03-17 15:51:01,855][    INFO] ***** Evaluation ***** >>>> Class [2 Left Ventricle] Dice: 95.51
[2024-03-17 15:51:01,856][    INFO] ***** Evaluation ***** >>>> MeanDice: 91.22

[2024-03-17 15:51:02,235][    INFO] ===========> Epoch: 166, LR: 0.00208, Previous best: 91.24
[2024-03-17 15:51:04,518][    INFO] Iters: 0, Total loss: 0.023, Loss x: 0.029, Loss s: 0.027, Loss w_fp: 0.005, Mask ratio: 0.992
[2024-03-17 15:52:15,535][    INFO] ***** Evaluation ***** >>>> Class [0 Right Ventricle] Dice: 89.36
[2024-03-17 15:52:15,536][    INFO] ***** Evaluation ***** >>>> Class [1 Myocardium] Dice: 89.23
[2024-03-17 15:52:15,536][    INFO] ***** Evaluation ***** >>>> Class [2 Left Ventricle] Dice: 95.60
[2024-03-17 15:52:15,536][    INFO] ***** Evaluation ***** >>>> MeanDice: 91.40

[2024-03-17 15:52:15,921][    INFO] ===========> Epoch: 167, LR: 0.00202, Previous best: 91.40
[2024-03-17 15:52:18,530][    INFO] Iters: 0, Total loss: 0.020, Loss x: 0.033, Loss s: 0.012, Loss w_fp: 0.003, Mask ratio: 0.987
[2024-03-17 15:53:51,637][    INFO] ***** Evaluation ***** >>>> Class [0 Right Ventricle] Dice: 89.00
[2024-03-17 15:53:51,644][    INFO] ***** Evaluation ***** >>>> Class [1 Myocardium] Dice: 89.50
[2024-03-17 15:53:51,644][    INFO] ***** Evaluation ***** >>>> Class [2 Left Ventricle] Dice: 95.41
[2024-03-17 15:53:51,644][    INFO] ***** Evaluation ***** >>>> MeanDice: 91.30

[2024-03-17 15:53:51,903][    INFO] ===========> Epoch: 168, LR: 0.00197, Previous best: 91.40
[2024-03-17 15:53:53,714][    INFO] Iters: 0, Total loss: 0.026, Loss x: 0.027, Loss s: 0.046, Loss w_fp: 0.003, Mask ratio: 0.990
[2024-03-17 15:55:11,374][    INFO] ***** Evaluation ***** >>>> Class [0 Right Ventricle] Dice: 88.69
[2024-03-17 15:55:11,374][    INFO] ***** Evaluation ***** >>>> Class [1 Myocardium] Dice: 89.24
[2024-03-17 15:55:11,374][    INFO] ***** Evaluation ***** >>>> Class [2 Left Ventricle] Dice: 95.52
[2024-03-17 15:55:11,374][    INFO] ***** Evaluation ***** >>>> MeanDice: 91.15

[2024-03-17 15:55:11,690][    INFO] ===========> Epoch: 169, LR: 0.00192, Previous best: 91.40
[2024-03-17 15:55:13,536][    INFO] Iters: 0, Total loss: 0.028, Loss x: 0.046, Loss s: 0.015, Loss w_fp: 0.005, Mask ratio: 0.991
[2024-03-17 15:56:35,410][    INFO] ***** Evaluation ***** >>>> Class [0 Right Ventricle] Dice: 88.12
[2024-03-17 15:56:35,411][    INFO] ***** Evaluation ***** >>>> Class [1 Myocardium] Dice: 89.17
[2024-03-17 15:56:35,411][    INFO] ***** Evaluation ***** >>>> Class [2 Left Ventricle] Dice: 95.35
[2024-03-17 15:56:35,411][    INFO] ***** Evaluation ***** >>>> MeanDice: 90.88

[2024-03-17 15:56:35,724][    INFO] ===========> Epoch: 170, LR: 0.00186, Previous best: 91.40
[2024-03-17 15:56:37,585][    INFO] Iters: 0, Total loss: 0.022, Loss x: 0.034, Loss s: 0.013, Loss w_fp: 0.007, Mask ratio: 0.992
[2024-03-17 15:58:01,230][    INFO] ***** Evaluation ***** >>>> Class [0 Right Ventricle] Dice: 88.76
[2024-03-17 15:58:01,230][    INFO] ***** Evaluation ***** >>>> Class [1 Myocardium] Dice: 89.27
[2024-03-17 15:58:01,230][    INFO] ***** Evaluation ***** >>>> Class [2 Left Ventricle] Dice: 95.46
[2024-03-17 15:58:01,230][    INFO] ***** Evaluation ***** >>>> MeanDice: 91.17

[2024-03-17 15:58:01,571][    INFO] ===========> Epoch: 171, LR: 0.00181, Previous best: 91.40
[2024-03-17 15:58:03,637][    INFO] Iters: 0, Total loss: 0.041, Loss x: 0.038, Loss s: 0.083, Loss w_fp: 0.005, Mask ratio: 0.994
[2024-03-17 15:59:22,701][    INFO] ***** Evaluation ***** >>>> Class [0 Right Ventricle] Dice: 89.08
[2024-03-17 15:59:22,702][    INFO] ***** Evaluation ***** >>>> Class [1 Myocardium] Dice: 89.36
[2024-03-17 15:59:22,702][    INFO] ***** Evaluation ***** >>>> Class [2 Left Ventricle] Dice: 95.44
[2024-03-17 15:59:22,702][    INFO] ***** Evaluation ***** >>>> MeanDice: 91.29

[2024-03-17 15:59:23,007][    INFO] ===========> Epoch: 172, LR: 0.00175, Previous best: 91.40
[2024-03-17 15:59:24,806][    INFO] Iters: 0, Total loss: 0.020, Loss x: 0.031, Loss s: 0.015, Loss w_fp: 0.002, Mask ratio: 0.993
[2024-03-17 16:01:02,768][    INFO] ***** Evaluation ***** >>>> Class [0 Right Ventricle] Dice: 89.16
[2024-03-17 16:01:02,773][    INFO] ***** Evaluation ***** >>>> Class [1 Myocardium] Dice: 89.04
[2024-03-17 16:01:02,773][    INFO] ***** Evaluation ***** >>>> Class [2 Left Ventricle] Dice: 95.60
[2024-03-17 16:01:02,773][    INFO] ***** Evaluation ***** >>>> MeanDice: 91.27

[2024-03-17 16:01:03,012][    INFO] ===========> Epoch: 173, LR: 0.00170, Previous best: 91.40
[2024-03-17 16:01:05,983][    INFO] Iters: 0, Total loss: 0.019, Loss x: 0.026, Loss s: 0.020, Loss w_fp: 0.006, Mask ratio: 0.990
[2024-03-17 16:02:34,826][    INFO] ***** Evaluation ***** >>>> Class [0 Right Ventricle] Dice: 88.66
[2024-03-17 16:02:34,826][    INFO] ***** Evaluation ***** >>>> Class [1 Myocardium] Dice: 89.27
[2024-03-17 16:02:34,826][    INFO] ***** Evaluation ***** >>>> Class [2 Left Ventricle] Dice: 95.54
[2024-03-17 16:02:34,826][    INFO] ***** Evaluation ***** >>>> MeanDice: 91.15

[2024-03-17 16:02:35,131][    INFO] ===========> Epoch: 174, LR: 0.00164, Previous best: 91.40
[2024-03-17 16:02:37,185][    INFO] Iters: 0, Total loss: 0.015, Loss x: 0.022, Loss s: 0.014, Loss w_fp: 0.003, Mask ratio: 0.993
[2024-03-17 16:03:51,403][    INFO] ***** Evaluation ***** >>>> Class [0 Right Ventricle] Dice: 89.05
[2024-03-17 16:03:51,403][    INFO] ***** Evaluation ***** >>>> Class [1 Myocardium] Dice: 89.69
[2024-03-17 16:03:51,403][    INFO] ***** Evaluation ***** >>>> Class [2 Left Ventricle] Dice: 95.00
[2024-03-17 16:03:51,403][    INFO] ***** Evaluation ***** >>>> MeanDice: 91.25

[2024-03-17 16:03:51,792][    INFO] ===========> Epoch: 175, LR: 0.00159, Previous best: 91.40
[2024-03-17 16:03:53,629][    INFO] Iters: 0, Total loss: 0.023, Loss x: 0.032, Loss s: 0.024, Loss w_fp: 0.003, Mask ratio: 0.994
[2024-03-17 16:05:16,953][    INFO] ***** Evaluation ***** >>>> Class [0 Right Ventricle] Dice: 88.42
[2024-03-17 16:05:16,953][    INFO] ***** Evaluation ***** >>>> Class [1 Myocardium] Dice: 89.04
[2024-03-17 16:05:16,953][    INFO] ***** Evaluation ***** >>>> Class [2 Left Ventricle] Dice: 95.59
[2024-03-17 16:05:16,953][    INFO] ***** Evaluation ***** >>>> MeanDice: 91.01

[2024-03-17 16:05:17,253][    INFO] ===========> Epoch: 176, LR: 0.00153, Previous best: 91.40
[2024-03-17 16:05:19,066][    INFO] Iters: 0, Total loss: 0.033, Loss x: 0.037, Loss s: 0.051, Loss w_fp: 0.010, Mask ratio: 0.991
[2024-03-17 16:06:55,308][    INFO] ***** Evaluation ***** >>>> Class [0 Right Ventricle] Dice: 87.92
[2024-03-17 16:06:55,310][    INFO] ***** Evaluation ***** >>>> Class [1 Myocardium] Dice: 88.81
[2024-03-17 16:06:55,310][    INFO] ***** Evaluation ***** >>>> Class [2 Left Ventricle] Dice: 95.32
[2024-03-17 16:06:55,310][    INFO] ***** Evaluation ***** >>>> MeanDice: 90.68

[2024-03-17 16:06:55,503][    INFO] ===========> Epoch: 177, LR: 0.00148, Previous best: 91.40
[2024-03-17 16:06:57,355][    INFO] Iters: 0, Total loss: 0.024, Loss x: 0.033, Loss s: 0.024, Loss w_fp: 0.005, Mask ratio: 0.988
[2024-03-17 16:08:37,576][    INFO] ***** Evaluation ***** >>>> Class [0 Right Ventricle] Dice: 89.06
[2024-03-17 16:08:37,577][    INFO] ***** Evaluation ***** >>>> Class [1 Myocardium] Dice: 88.68
[2024-03-17 16:08:37,577][    INFO] ***** Evaluation ***** >>>> Class [2 Left Ventricle] Dice: 95.50
[2024-03-17 16:08:37,577][    INFO] ***** Evaluation ***** >>>> MeanDice: 91.08

[2024-03-17 16:08:37,780][    INFO] ===========> Epoch: 178, LR: 0.00142, Previous best: 91.40
[2024-03-17 16:08:39,685][    INFO] Iters: 0, Total loss: 0.029, Loss x: 0.030, Loss s: 0.051, Loss w_fp: 0.006, Mask ratio: 0.989
[2024-03-17 16:10:23,008][    INFO] ***** Evaluation ***** >>>> Class [0 Right Ventricle] Dice: 89.03
[2024-03-17 16:10:23,043][    INFO] ***** Evaluation ***** >>>> Class [1 Myocardium] Dice: 89.17
[2024-03-17 16:10:23,044][    INFO] ***** Evaluation ***** >>>> Class [2 Left Ventricle] Dice: 94.98
[2024-03-17 16:10:23,044][    INFO] ***** Evaluation ***** >>>> MeanDice: 91.06

[2024-03-17 16:10:23,434][    INFO] ===========> Epoch: 179, LR: 0.00137, Previous best: 91.40
[2024-03-17 16:10:25,806][    INFO] Iters: 0, Total loss: 0.024, Loss x: 0.026, Loss s: 0.029, Loss w_fp: 0.016, Mask ratio: 0.988
[2024-03-17 16:11:56,161][    INFO] ***** Evaluation ***** >>>> Class [0 Right Ventricle] Dice: 88.92
[2024-03-17 16:11:56,164][    INFO] ***** Evaluation ***** >>>> Class [1 Myocardium] Dice: 89.04
[2024-03-17 16:11:56,165][    INFO] ***** Evaluation ***** >>>> Class [2 Left Ventricle] Dice: 95.55
[2024-03-17 16:11:56,165][    INFO] ***** Evaluation ***** >>>> MeanDice: 91.17

[2024-03-17 16:11:56,412][    INFO] ===========> Epoch: 180, LR: 0.00131, Previous best: 91.40
[2024-03-17 16:11:58,769][    INFO] Iters: 0, Total loss: 0.036, Loss x: 0.035, Loss s: 0.069, Loss w_fp: 0.006, Mask ratio: 0.990
[2024-03-17 16:13:48,309][    INFO] ***** Evaluation ***** >>>> Class [0 Right Ventricle] Dice: 88.34
[2024-03-17 16:13:48,315][    INFO] ***** Evaluation ***** >>>> Class [1 Myocardium] Dice: 88.73
[2024-03-17 16:13:48,315][    INFO] ***** Evaluation ***** >>>> Class [2 Left Ventricle] Dice: 95.51
[2024-03-17 16:13:48,315][    INFO] ***** Evaluation ***** >>>> MeanDice: 90.86

[2024-03-17 16:13:48,681][    INFO] ===========> Epoch: 181, LR: 0.00125, Previous best: 91.40
[2024-03-17 16:13:50,609][    INFO] Iters: 0, Total loss: 0.024, Loss x: 0.033, Loss s: 0.026, Loss w_fp: 0.006, Mask ratio: 0.994
[2024-03-17 16:15:23,090][    INFO] ***** Evaluation ***** >>>> Class [0 Right Ventricle] Dice: 88.67
[2024-03-17 16:15:23,093][    INFO] ***** Evaluation ***** >>>> Class [1 Myocardium] Dice: 89.13
[2024-03-17 16:15:23,093][    INFO] ***** Evaluation ***** >>>> Class [2 Left Ventricle] Dice: 95.27
[2024-03-17 16:15:23,093][    INFO] ***** Evaluation ***** >>>> MeanDice: 91.02

[2024-03-17 16:15:23,408][    INFO] ===========> Epoch: 182, LR: 0.00120, Previous best: 91.40
[2024-03-17 16:15:25,065][    INFO] Iters: 0, Total loss: 0.030, Loss x: 0.027, Loss s: 0.062, Loss w_fp: 0.004, Mask ratio: 0.987
[2024-03-17 16:16:47,142][    INFO] ***** Evaluation ***** >>>> Class [0 Right Ventricle] Dice: 88.40
[2024-03-17 16:16:47,143][    INFO] ***** Evaluation ***** >>>> Class [1 Myocardium] Dice: 89.26
[2024-03-17 16:16:47,143][    INFO] ***** Evaluation ***** >>>> Class [2 Left Ventricle] Dice: 95.72
[2024-03-17 16:16:47,143][    INFO] ***** Evaluation ***** >>>> MeanDice: 91.12

[2024-03-17 16:16:47,412][    INFO] ===========> Epoch: 183, LR: 0.00114, Previous best: 91.40
[2024-03-17 16:16:49,942][    INFO] Iters: 0, Total loss: 0.026, Loss x: 0.027, Loss s: 0.041, Loss w_fp: 0.008, Mask ratio: 0.991
[2024-03-17 16:18:16,579][    INFO] ***** Evaluation ***** >>>> Class [0 Right Ventricle] Dice: 89.69
[2024-03-17 16:18:16,580][    INFO] ***** Evaluation ***** >>>> Class [1 Myocardium] Dice: 89.60
[2024-03-17 16:18:16,580][    INFO] ***** Evaluation ***** >>>> Class [2 Left Ventricle] Dice: 95.67
[2024-03-17 16:18:16,580][    INFO] ***** Evaluation ***** >>>> MeanDice: 91.65

[2024-03-17 16:18:17,051][    INFO] ===========> Epoch: 184, LR: 0.00108, Previous best: 91.65
[2024-03-17 16:18:20,123][    INFO] Iters: 0, Total loss: 0.030, Loss x: 0.028, Loss s: 0.059, Loss w_fp: 0.007, Mask ratio: 0.991
[2024-03-17 16:19:57,581][    INFO] ***** Evaluation ***** >>>> Class [0 Right Ventricle] Dice: 88.57
[2024-03-17 16:19:57,600][    INFO] ***** Evaluation ***** >>>> Class [1 Myocardium] Dice: 88.71
[2024-03-17 16:19:57,600][    INFO] ***** Evaluation ***** >>>> Class [2 Left Ventricle] Dice: 95.39
[2024-03-17 16:19:57,600][    INFO] ***** Evaluation ***** >>>> MeanDice: 90.89

[2024-03-17 16:19:57,880][    INFO] ===========> Epoch: 185, LR: 0.00102, Previous best: 91.65
[2024-03-17 16:20:00,721][    INFO] Iters: 0, Total loss: 0.048, Loss x: 0.061, Loss s: 0.066, Loss w_fp: 0.003, Mask ratio: 0.990
[2024-03-17 16:22:00,802][    INFO] ***** Evaluation ***** >>>> Class [0 Right Ventricle] Dice: 89.03
[2024-03-17 16:22:00,811][    INFO] ***** Evaluation ***** >>>> Class [1 Myocardium] Dice: 88.98
[2024-03-17 16:22:00,811][    INFO] ***** Evaluation ***** >>>> Class [2 Left Ventricle] Dice: 95.62
[2024-03-17 16:22:00,811][    INFO] ***** Evaluation ***** >>>> MeanDice: 91.21

[2024-03-17 16:22:01,092][    INFO] ===========> Epoch: 186, LR: 0.00097, Previous best: 91.65
[2024-03-17 16:22:03,524][    INFO] Iters: 0, Total loss: 0.018, Loss x: 0.024, Loss s: 0.021, Loss w_fp: 0.004, Mask ratio: 0.990
[2024-03-17 16:23:29,149][    INFO] ***** Evaluation ***** >>>> Class [0 Right Ventricle] Dice: 88.57
[2024-03-17 16:23:29,150][    INFO] ***** Evaluation ***** >>>> Class [1 Myocardium] Dice: 89.18
[2024-03-17 16:23:29,150][    INFO] ***** Evaluation ***** >>>> Class [2 Left Ventricle] Dice: 95.67
[2024-03-17 16:23:29,150][    INFO] ***** Evaluation ***** >>>> MeanDice: 91.14

[2024-03-17 16:23:29,497][    INFO] ===========> Epoch: 187, LR: 0.00091, Previous best: 91.65
[2024-03-17 16:23:32,925][    INFO] Iters: 0, Total loss: 0.020, Loss x: 0.027, Loss s: 0.022, Loss w_fp: 0.003, Mask ratio: 0.993
[2024-03-17 16:25:05,654][    INFO] ***** Evaluation ***** >>>> Class [0 Right Ventricle] Dice: 88.87
[2024-03-17 16:25:05,675][    INFO] ***** Evaluation ***** >>>> Class [1 Myocardium] Dice: 89.22
[2024-03-17 16:25:05,675][    INFO] ***** Evaluation ***** >>>> Class [2 Left Ventricle] Dice: 95.41
[2024-03-17 16:25:05,675][    INFO] ***** Evaluation ***** >>>> MeanDice: 91.17

[2024-03-17 16:25:05,995][    INFO] ===========> Epoch: 188, LR: 0.00085, Previous best: 91.65
[2024-03-17 16:25:07,902][    INFO] Iters: 0, Total loss: 0.029, Loss x: 0.044, Loss s: 0.022, Loss w_fp: 0.005, Mask ratio: 0.988
[2024-03-17 16:26:44,578][    INFO] ***** Evaluation ***** >>>> Class [0 Right Ventricle] Dice: 88.33
[2024-03-17 16:26:44,656][    INFO] ***** Evaluation ***** >>>> Class [1 Myocardium] Dice: 89.21
[2024-03-17 16:26:44,656][    INFO] ***** Evaluation ***** >>>> Class [2 Left Ventricle] Dice: 95.60
[2024-03-17 16:26:44,656][    INFO] ***** Evaluation ***** >>>> MeanDice: 91.05

[2024-03-17 16:26:44,818][    INFO] ===========> Epoch: 189, LR: 0.00079, Previous best: 91.65
[2024-03-17 16:26:46,865][    INFO] Iters: 0, Total loss: 0.019, Loss x: 0.030, Loss s: 0.013, Loss w_fp: 0.002, Mask ratio: 0.991
[2024-03-17 16:28:27,552][    INFO] ***** Evaluation ***** >>>> Class [0 Right Ventricle] Dice: 89.18
[2024-03-17 16:28:27,584][    INFO] ***** Evaluation ***** >>>> Class [1 Myocardium] Dice: 89.35
[2024-03-17 16:28:27,584][    INFO] ***** Evaluation ***** >>>> Class [2 Left Ventricle] Dice: 95.50
[2024-03-17 16:28:27,584][    INFO] ***** Evaluation ***** >>>> MeanDice: 91.34

[2024-03-17 16:28:27,943][    INFO] ===========> Epoch: 190, LR: 0.00073, Previous best: 91.65
[2024-03-17 16:28:30,813][    INFO] Iters: 0, Total loss: 0.022, Loss x: 0.036, Loss s: 0.012, Loss w_fp: 0.005, Mask ratio: 0.991
[2024-03-17 16:30:21,490][    INFO] ***** Evaluation ***** >>>> Class [0 Right Ventricle] Dice: 88.74
[2024-03-17 16:30:21,521][    INFO] ***** Evaluation ***** >>>> Class [1 Myocardium] Dice: 88.88
[2024-03-17 16:30:21,521][    INFO] ***** Evaluation ***** >>>> Class [2 Left Ventricle] Dice: 95.42
[2024-03-17 16:30:21,521][    INFO] ***** Evaluation ***** >>>> MeanDice: 91.01

[2024-03-17 16:30:22,118][    INFO] ===========> Epoch: 191, LR: 0.00067, Previous best: 91.65
[2024-03-17 16:30:25,355][    INFO] Iters: 0, Total loss: 0.018, Loss x: 0.026, Loss s: 0.014, Loss w_fp: 0.004, Mask ratio: 0.991
[2024-03-17 16:32:04,859][    INFO] ***** Evaluation ***** >>>> Class [0 Right Ventricle] Dice: 88.85
[2024-03-17 16:32:04,911][    INFO] ***** Evaluation ***** >>>> Class [1 Myocardium] Dice: 89.44
[2024-03-17 16:32:04,911][    INFO] ***** Evaluation ***** >>>> Class [2 Left Ventricle] Dice: 95.50
[2024-03-17 16:32:04,911][    INFO] ***** Evaluation ***** >>>> MeanDice: 91.26

[2024-03-17 16:32:05,345][    INFO] ===========> Epoch: 192, LR: 0.00061, Previous best: 91.65
[2024-03-17 16:32:07,713][    INFO] Iters: 0, Total loss: 0.029, Loss x: 0.046, Loss s: 0.020, Loss w_fp: 0.006, Mask ratio: 0.990
[2024-03-17 16:33:49,591][    INFO] ***** Evaluation ***** >>>> Class [0 Right Ventricle] Dice: 88.53
[2024-03-17 16:33:49,605][    INFO] ***** Evaluation ***** >>>> Class [1 Myocardium] Dice: 89.43
[2024-03-17 16:33:49,606][    INFO] ***** Evaluation ***** >>>> Class [2 Left Ventricle] Dice: 95.53
[2024-03-17 16:33:49,606][    INFO] ***** Evaluation ***** >>>> MeanDice: 91.16

[2024-03-17 16:33:49,905][    INFO] ===========> Epoch: 193, LR: 0.00055, Previous best: 91.65
[2024-03-17 16:33:52,232][    INFO] Iters: 0, Total loss: 0.022, Loss x: 0.030, Loss s: 0.026, Loss w_fp: 0.003, Mask ratio: 0.990
[2024-03-17 16:35:35,591][    INFO] ***** Evaluation ***** >>>> Class [0 Right Ventricle] Dice: 89.11
[2024-03-17 16:35:35,601][    INFO] ***** Evaluation ***** >>>> Class [1 Myocardium] Dice: 89.42
[2024-03-17 16:35:35,601][    INFO] ***** Evaluation ***** >>>> Class [2 Left Ventricle] Dice: 95.52
[2024-03-17 16:35:35,601][    INFO] ***** Evaluation ***** >>>> MeanDice: 91.35

[2024-03-17 16:35:35,807][    INFO] ===========> Epoch: 194, LR: 0.00048, Previous best: 91.65
[2024-03-17 16:35:37,756][    INFO] Iters: 0, Total loss: 0.022, Loss x: 0.035, Loss s: 0.011, Loss w_fp: 0.005, Mask ratio: 0.991
[2024-03-17 16:37:20,822][    INFO] ***** Evaluation ***** >>>> Class [0 Right Ventricle] Dice: 88.76
[2024-03-17 16:37:20,831][    INFO] ***** Evaluation ***** >>>> Class [1 Myocardium] Dice: 88.98
[2024-03-17 16:37:20,831][    INFO] ***** Evaluation ***** >>>> Class [2 Left Ventricle] Dice: 95.46
[2024-03-17 16:37:20,831][    INFO] ***** Evaluation ***** >>>> MeanDice: 91.06

[2024-03-17 16:37:22,257][    INFO] ===========> Epoch: 195, LR: 0.00042, Previous best: 91.65
[2024-03-17 16:37:25,715][    INFO] Iters: 0, Total loss: 0.021, Loss x: 0.022, Loss s: 0.033, Loss w_fp: 0.007, Mask ratio: 0.991
[2024-03-17 16:38:59,524][    INFO] ***** Evaluation ***** >>>> Class [0 Right Ventricle] Dice: 88.87
[2024-03-17 16:38:59,526][    INFO] ***** Evaluation ***** >>>> Class [1 Myocardium] Dice: 89.07
[2024-03-17 16:38:59,526][    INFO] ***** Evaluation ***** >>>> Class [2 Left Ventricle] Dice: 95.50
[2024-03-17 16:38:59,526][    INFO] ***** Evaluation ***** >>>> MeanDice: 91.15

[2024-03-17 16:38:59,671][    INFO] ===========> Epoch: 196, LR: 0.00035, Previous best: 91.65
[2024-03-17 16:39:01,162][    INFO] Iters: 0, Total loss: 0.024, Loss x: 0.024, Loss s: 0.043, Loss w_fp: 0.005, Mask ratio: 0.988
[2024-03-17 16:40:10,198][    INFO] ***** Evaluation ***** >>>> Class [0 Right Ventricle] Dice: 88.96
[2024-03-17 16:40:10,199][    INFO] ***** Evaluation ***** >>>> Class [1 Myocardium] Dice: 89.27
[2024-03-17 16:40:10,199][    INFO] ***** Evaluation ***** >>>> Class [2 Left Ventricle] Dice: 95.43
[2024-03-17 16:40:10,199][    INFO] ***** Evaluation ***** >>>> MeanDice: 91.22

[2024-03-17 16:40:10,558][    INFO] ===========> Epoch: 197, LR: 0.00029, Previous best: 91.65
[2024-03-17 16:40:13,392][    INFO] Iters: 0, Total loss: 0.022, Loss x: 0.028, Loss s: 0.026, Loss w_fp: 0.004, Mask ratio: 0.991
[2024-03-17 16:41:18,023][    INFO] ***** Evaluation ***** >>>> Class [0 Right Ventricle] Dice: 88.96
[2024-03-17 16:41:18,024][    INFO] ***** Evaluation ***** >>>> Class [1 Myocardium] Dice: 89.38
[2024-03-17 16:41:18,024][    INFO] ***** Evaluation ***** >>>> Class [2 Left Ventricle] Dice: 95.58
[2024-03-17 16:41:18,024][    INFO] ***** Evaluation ***** >>>> MeanDice: 91.31

[2024-03-17 16:41:18,358][    INFO] ===========> Epoch: 198, LR: 0.00022, Previous best: 91.65
[2024-03-17 16:41:20,001][    INFO] Iters: 0, Total loss: 0.035, Loss x: 0.047, Loss s: 0.040, Loss w_fp: 0.007, Mask ratio: 0.993
[2024-03-17 16:42:43,930][    INFO] ***** Evaluation ***** >>>> Class [0 Right Ventricle] Dice: 89.16
[2024-03-17 16:42:43,930][    INFO] ***** Evaluation ***** >>>> Class [1 Myocardium] Dice: 89.23
[2024-03-17 16:42:43,930][    INFO] ***** Evaluation ***** >>>> Class [2 Left Ventricle] Dice: 95.56
[2024-03-17 16:42:43,930][    INFO] ***** Evaluation ***** >>>> MeanDice: 91.32

[2024-03-17 16:42:44,066][    INFO] ===========> Epoch: 199, LR: 0.00015, Previous best: 91.65
[2024-03-17 16:42:46,281][    INFO] Iters: 0, Total loss: 0.028, Loss x: 0.031, Loss s: 0.042, Loss w_fp: 0.008, Mask ratio: 0.992
[2024-03-17 16:44:15,681][    INFO] ***** Evaluation ***** >>>> Class [0 Right Ventricle] Dice: 89.33
[2024-03-17 16:44:15,682][    INFO] ***** Evaluation ***** >>>> Class [1 Myocardium] Dice: 89.38
[2024-03-17 16:44:15,682][    INFO] ***** Evaluation ***** >>>> Class [2 Left Ventricle] Dice: 95.54
[2024-03-17 16:44:15,682][    INFO] ***** Evaluation ***** >>>> MeanDice: 91.42

