/var/lib/slurm/slurmd/job04380/slurm_script: line 15: module: command not found
[2024-05-08 21:16:09,574][    INFO] {'batch_size': 12,
 'conf_thresh': 0.95,
 'config': 'configs/ukbb/train/exp3/config.yaml',
 'crop_size': 256,
 'ctrl': 'age ethnicity',
 'data_desc': 'UKBB Train Data - 264 Patients, 26 Labeled, Rest Unlabeled '
              'Patients',
 'data_root': '/vol/aimspace/projects/ukbb/data/cardiac/cardiac_segmentations/subjects',
 'dataset': 'ukbb',
 'epochs': 1,
 'local_rank': 0,
 'lr': 0.01,
 'mode': 'train',
 'model_desc': 'Unimatch Unet 26 Training on UKBB',
 'nclass': 4,
 'ngpus': 1,
 'num_workers': 1,
 'seed': 83,
 'split': 26,
 'visualize': False}

[2024-05-08 21:16:09,620][    INFO] Total params: 1.8M

[2024-05-08 21:16:12,027][    INFO] ===========> Epoch: 0, LR: 0.01000, Previous best: 0.00
[2024-05-08 21:16:17,455][    INFO] Iters: 0, Total loss: 0.794, Loss x: 1.070, Loss s: 0.545, Loss w_fp: 0.490, Mask ratio: 0.000
[2024-05-08 21:16:39,095][    INFO] ***** Evaluation ***** >>>> Class [0 Right Ventricle] Dice: 0.00
[2024-05-08 21:16:39,095][    INFO] ***** Evaluation ***** >>>> Class [1 Myocardium] Dice: 0.00
[2024-05-08 21:16:39,095][    INFO] ***** Evaluation ***** >>>> Class [2 Left Ventricle] Dice: 0.00
[2024-05-08 21:16:39,095][    INFO] ***** Evaluation ***** >>>> MeanDice: 0.00

