/var/lib/slurm/slurmd/job04669/slurm_script: line 15: module: command not found
/var/lib/slurm/slurmd/job04669/slurm_script: line 16: activate: No such file or directory

CommandNotFoundError: Your shell has not been properly configured to use 'conda deactivate'.
To initialize your shell, run

    $ conda init <SHELL_NAME>

Currently supported shells are:
  - bash
  - fish
  - tcsh
  - xonsh
  - zsh
  - powershell

See 'conda init --help' for more information and options.

IMPORTANT: You may need to close and restart your shell after running 'conda init'.



CommandNotFoundError: Your shell has not been properly configured to use 'conda activate'.
To initialize your shell, run

    $ conda init <SHELL_NAME>

Currently supported shells are:
  - bash
  - fish
  - tcsh
  - xonsh
  - zsh
  - powershell

See 'conda init --help' for more information and options.

IMPORTANT: You may need to close and restart your shell after running 'conda init'.


[2024-05-09 12:22:12,150][    INFO] {'batch_size': 12,
 'conf_thresh': 0.95,
 'config': 'configs/ukbb/train/exp2/seed42/config.yaml',
 'crop_size': 256,
 'ctrl': 'age sex',
 'data_desc': 'UKBB Train Data - 805 Patients, 80 Labeled, Rest Unlabeled '
              'Patients',
 'data_root': '/vol/aimspace/projects/ukbb/data/cardiac/cardiac_segmentations/subjects',
 'dataset': 'ukbb',
 'epochs': 100,
 'local_rank': 0,
 'lr': 0.01,
 'mode': 'train',
 'model_desc': 'Unimatch Unet 80 Training on UKBB',
 'nclass': 4,
 'ngpus': 1,
 'num_workers': 1,
 'seed': 42,
 'split': 80,
 'visualize': False}

[2024-05-09 12:22:12,270][    INFO] Total params: 1.8M

[2024-05-09 12:22:14,951][    INFO] ************ Load from checkpoint at epoch 8

[2024-05-09 12:22:14,951][    INFO] ===========> Epoch: 9, LR: 0.00927, Previous best: 86.47
[2024-05-09 12:22:20,001][    INFO] Iters: 0, Total loss: 0.045, Loss x: 0.046, Loss s: 0.078, Loss w_fp: 0.009, Mask ratio: 0.987
