[2024-03-05 16:37:25,582][    INFO] {'all_split': 'splits/ukbb/all.csv',
 'batch_size': 12,
 'conf_thresh': 0.95,
 'config': 'configs/ukbb.yaml',
 'crop_size': 256,
 'data_desc': 'UKBB Train Data - 3300 Patients, 330 Labeled, Rest Unlabeled '
              'Patients',
 'data_root': '/vol/aimspace/projects/ukbb/data/cardiac/cardiac_segmentations/subjects',
 'dataset': 'ukbb',
 'epochs': 300,
 'labeled_id_path': 'splits/ukbb/330/labeled.csv',
 'labeled_split': 'splits/ukbb/330/labeled.csv',
 'local_rank': 0,
 'lr': 0.01,
 'mode': 'train',
 'model': 'exp/acdc/unimatch/unet/330/best.pth',
 'model_desc': 'Unimatch Unet 330 Training on UKBB',
 'nclass': 4,
 'ngpus': 1,
 'num_workers': 1,
 'port': 8013,
 'pred_mask_path': 'outputs/results/imgs/ukbb/unimatch_ukbb_pred_mask_',
 'results_path': 'outputs/results/csv/unimatch_ukbb_scores_test_1k_patients.csv',
 'save_path': 'exp/ukbb/unimatch/unet/330',
 'test_split': 'splits/ukbb/test.csv',
 'train_split': 'splits/ukbb/train.csv',
 'unlabeled_id_path': 'splits/ukbb/330/unlabeled.csv',
 'unlabeled_split': 'splits/ukbb/330/unlabeled.csv',
 'val_split': 'splits/ukbb/val.csv',
 'visualize': False}

[2024-03-05 16:37:25,704][    INFO] Total params: 1.8M

[2024-03-05 16:38:20,386][    INFO] ===========> Epoch: 0, LR: 0.01000, Previous best: 0.00
[2024-03-05 16:58:19,410][    INFO] Iters: 0, Total loss: 0.541, Loss x: 1.082, Loss s: 0.000, Loss w_fp: 0.000, Mask ratio: 0.000
[2024-03-05 18:44:36,791][    INFO] ***** Evaluation ***** >>>> Class [0 Right Ventricle] Dice: 79.08
[2024-03-05 18:44:36,792][    INFO] ***** Evaluation ***** >>>> Class [1 Myocardium] Dice: 76.97
[2024-03-05 18:44:36,792][    INFO] ***** Evaluation ***** >>>> Class [2 Left Ventricle] Dice: 88.30
[2024-03-05 18:44:36,793][    INFO] ***** Evaluation ***** >>>> MeanDice: 81.45

[2024-03-05 18:44:37,634][    INFO] ===========> Epoch: 1, LR: 0.01000, Previous best: 81.45
[2024-03-05 18:44:41,420][    INFO] Iters: 0, Total loss: 0.040, Loss x: 0.060, Loss s: 0.026, Loss w_fp: 0.014, Mask ratio: 0.985
[2024-03-05 20:00:22,165][    INFO] ***** Evaluation ***** >>>> Class [0 Right Ventricle] Dice: 81.60
[2024-03-05 20:00:22,181][    INFO] ***** Evaluation ***** >>>> Class [1 Myocardium] Dice: 81.18
[2024-03-05 20:00:22,181][    INFO] ***** Evaluation ***** >>>> Class [2 Left Ventricle] Dice: 91.78
[2024-03-05 20:00:22,181][    INFO] ***** Evaluation ***** >>>> MeanDice: 84.85

[2024-03-05 20:00:22,836][    INFO] ===========> Epoch: 2, LR: 0.00997, Previous best: 84.85
[2024-03-05 20:00:31,510][    INFO] Iters: 0, Total loss: 0.055, Loss x: 0.094, Loss s: 0.028, Loss w_fp: 0.003, Mask ratio: 0.985
[2024-03-05 20:53:35,852][    INFO] ***** Evaluation ***** >>>> Class [0 Right Ventricle] Dice: 85.31
[2024-03-05 20:53:35,856][    INFO] ***** Evaluation ***** >>>> Class [1 Myocardium] Dice: 83.80
[2024-03-05 20:53:35,856][    INFO] ***** Evaluation ***** >>>> Class [2 Left Ventricle] Dice: 92.18
[2024-03-05 20:53:35,856][    INFO] ***** Evaluation ***** >>>> MeanDice: 87.10

[2024-03-05 20:53:36,283][    INFO] ===========> Epoch: 3, LR: 0.00994, Previous best: 87.10
[2024-03-05 20:53:39,022][    INFO] Iters: 0, Total loss: 0.026, Loss x: 0.038, Loss s: 0.026, Loss w_fp: 0.004, Mask ratio: 0.993
[2024-03-05 22:18:12,731][    INFO] ***** Evaluation ***** >>>> Class [0 Right Ventricle] Dice: 86.67
[2024-03-05 22:18:12,767][    INFO] ***** Evaluation ***** >>>> Class [1 Myocardium] Dice: 86.60
[2024-03-05 22:18:12,767][    INFO] ***** Evaluation ***** >>>> Class [2 Left Ventricle] Dice: 93.53
[2024-03-05 22:18:12,767][    INFO] ***** Evaluation ***** >>>> MeanDice: 88.93

[2024-03-05 22:18:13,487][    INFO] ===========> Epoch: 4, LR: 0.00991, Previous best: 88.93
[2024-03-05 22:18:18,415][    INFO] Iters: 0, Total loss: 0.025, Loss x: 0.030, Loss s: 0.036, Loss w_fp: 0.003, Mask ratio: 0.991
[2024-03-06 00:41:37,390][    INFO] ***** Evaluation ***** >>>> Class [0 Right Ventricle] Dice: 85.99
[2024-03-06 00:41:37,398][    INFO] ***** Evaluation ***** >>>> Class [1 Myocardium] Dice: 84.93
[2024-03-06 00:41:37,398][    INFO] ***** Evaluation ***** >>>> Class [2 Left Ventricle] Dice: 93.66
[2024-03-06 00:41:37,398][    INFO] ***** Evaluation ***** >>>> MeanDice: 88.19

[2024-03-06 00:41:37,642][    INFO] ===========> Epoch: 5, LR: 0.00988, Previous best: 88.93
[2024-03-06 00:41:40,958][    INFO] Iters: 0, Total loss: 0.042, Loss x: 0.063, Loss s: 0.036, Loss w_fp: 0.006, Mask ratio: 0.991
[2024-03-06 01:50:38,876][    INFO] ***** Evaluation ***** >>>> Class [0 Right Ventricle] Dice: 89.00
[2024-03-06 01:50:38,879][    INFO] ***** Evaluation ***** >>>> Class [1 Myocardium] Dice: 86.94
[2024-03-06 01:50:38,879][    INFO] ***** Evaluation ***** >>>> Class [2 Left Ventricle] Dice: 94.71
[2024-03-06 01:50:38,879][    INFO] ***** Evaluation ***** >>>> MeanDice: 90.22

[2024-03-06 01:50:39,129][    INFO] ===========> Epoch: 6, LR: 0.00985, Previous best: 90.22
[2024-03-06 01:50:41,743][    INFO] Iters: 0, Total loss: 0.024, Loss x: 0.034, Loss s: 0.023, Loss w_fp: 0.002, Mask ratio: 0.988
[2024-03-06 02:33:42,755][    INFO] ***** Evaluation ***** >>>> Class [0 Right Ventricle] Dice: 89.62
[2024-03-06 02:33:42,769][    INFO] ***** Evaluation ***** >>>> Class [1 Myocardium] Dice: 89.00
[2024-03-06 02:33:42,769][    INFO] ***** Evaluation ***** >>>> Class [2 Left Ventricle] Dice: 94.69
[2024-03-06 02:33:42,769][    INFO] ***** Evaluation ***** >>>> MeanDice: 91.11

[2024-03-06 02:33:43,197][    INFO] ===========> Epoch: 7, LR: 0.00982, Previous best: 91.11
[2024-03-06 02:33:47,723][    INFO] Iters: 0, Total loss: 0.032, Loss x: 0.026, Loss s: 0.072, Loss w_fp: 0.004, Mask ratio: 0.990
[2024-03-06 04:07:23,739][    INFO] ***** Evaluation ***** >>>> Class [0 Right Ventricle] Dice: 90.21
[2024-03-06 04:07:23,765][    INFO] ***** Evaluation ***** >>>> Class [1 Myocardium] Dice: 89.84
[2024-03-06 04:07:23,765][    INFO] ***** Evaluation ***** >>>> Class [2 Left Ventricle] Dice: 94.72
[2024-03-06 04:07:23,765][    INFO] ***** Evaluation ***** >>>> MeanDice: 91.59

[2024-03-06 04:07:24,706][    INFO] ===========> Epoch: 8, LR: 0.00979, Previous best: 91.59
[2024-03-06 04:07:31,146][    INFO] Iters: 0, Total loss: 0.022, Loss x: 0.035, Loss s: 0.014, Loss w_fp: 0.002, Mask ratio: 0.987
[2024-03-06 05:20:52,216][    INFO] ***** Evaluation ***** >>>> Class [0 Right Ventricle] Dice: 90.61
[2024-03-06 05:20:52,226][    INFO] ***** Evaluation ***** >>>> Class [1 Myocardium] Dice: 89.52
[2024-03-06 05:20:52,226][    INFO] ***** Evaluation ***** >>>> Class [2 Left Ventricle] Dice: 95.30
[2024-03-06 05:20:52,226][    INFO] ***** Evaluation ***** >>>> MeanDice: 91.81

[2024-03-06 05:20:52,573][    INFO] ===========> Epoch: 9, LR: 0.00976, Previous best: 91.81
[2024-03-06 05:20:55,204][    INFO] Iters: 0, Total loss: 0.022, Loss x: 0.027, Loss s: 0.034, Loss w_fp: 0.002, Mask ratio: 0.987
[2024-03-06 06:15:37,274][    INFO] ***** Evaluation ***** >>>> Class [0 Right Ventricle] Dice: 90.77
[2024-03-06 06:15:37,305][    INFO] ***** Evaluation ***** >>>> Class [1 Myocardium] Dice: 89.92
[2024-03-06 06:15:37,305][    INFO] ***** Evaluation ***** >>>> Class [2 Left Ventricle] Dice: 95.02
[2024-03-06 06:15:37,305][    INFO] ***** Evaluation ***** >>>> MeanDice: 91.90

[2024-03-06 06:15:37,720][    INFO] ===========> Epoch: 10, LR: 0.00973, Previous best: 91.90
[2024-03-06 06:15:40,854][    INFO] Iters: 0, Total loss: 0.024, Loss x: 0.025, Loss s: 0.042, Loss w_fp: 0.005, Mask ratio: 0.991
[2024-03-06 09:40:35,977][    INFO] ***** Evaluation ***** >>>> Class [0 Right Ventricle] Dice: 91.03
[2024-03-06 09:40:36,233][    INFO] ***** Evaluation ***** >>>> Class [1 Myocardium] Dice: 90.66
[2024-03-06 09:40:36,233][    INFO] ***** Evaluation ***** >>>> Class [2 Left Ventricle] Dice: 95.11
[2024-03-06 09:40:36,233][    INFO] ***** Evaluation ***** >>>> MeanDice: 92.27

[2024-03-06 09:40:39,699][    INFO] ===========> Epoch: 11, LR: 0.00970, Previous best: 92.27
[2024-03-06 09:40:57,280][    INFO] Iters: 0, Total loss: 0.021, Loss x: 0.031, Loss s: 0.022, Loss w_fp: 0.002, Mask ratio: 0.993
[2024-03-06 12:42:42,458][    INFO] ***** Evaluation ***** >>>> Class [0 Right Ventricle] Dice: 90.87
[2024-03-06 12:42:42,543][    INFO] ***** Evaluation ***** >>>> Class [1 Myocardium] Dice: 90.82
[2024-03-06 12:42:42,543][    INFO] ***** Evaluation ***** >>>> Class [2 Left Ventricle] Dice: 95.21
[2024-03-06 12:42:42,543][    INFO] ***** Evaluation ***** >>>> MeanDice: 92.30

[2024-03-06 12:42:44,740][    INFO] ===========> Epoch: 12, LR: 0.00967, Previous best: 92.30
[2024-03-06 12:43:02,821][    INFO] Iters: 0, Total loss: 0.022, Loss x: 0.025, Loss s: 0.035, Loss w_fp: 0.004, Mask ratio: 0.991
[2024-03-06 15:31:39,567][    INFO] ***** Evaluation ***** >>>> Class [0 Right Ventricle] Dice: 91.37
[2024-03-06 15:31:40,003][    INFO] ***** Evaluation ***** >>>> Class [1 Myocardium] Dice: 90.99
[2024-03-06 15:31:40,003][    INFO] ***** Evaluation ***** >>>> Class [2 Left Ventricle] Dice: 95.46
[2024-03-06 15:31:40,003][    INFO] ***** Evaluation ***** >>>> MeanDice: 92.61

[2024-03-06 15:31:47,646][    INFO] ===========> Epoch: 13, LR: 0.00964, Previous best: 92.61
[2024-03-06 15:32:18,627][    INFO] Iters: 0, Total loss: 0.029, Loss x: 0.031, Loss s: 0.049, Loss w_fp: 0.004, Mask ratio: 0.990
[2024-03-06 17:46:14,353][    INFO] ***** Evaluation ***** >>>> Class [0 Right Ventricle] Dice: 91.78
[2024-03-06 17:46:14,386][    INFO] ***** Evaluation ***** >>>> Class [1 Myocardium] Dice: 91.05
[2024-03-06 17:46:14,386][    INFO] ***** Evaluation ***** >>>> Class [2 Left Ventricle] Dice: 94.79
[2024-03-06 17:46:14,386][    INFO] ***** Evaluation ***** >>>> MeanDice: 92.54

[2024-03-06 17:46:15,023][    INFO] ===========> Epoch: 14, LR: 0.00961, Previous best: 92.61
[2024-03-06 17:46:21,117][    INFO] Iters: 0, Total loss: 0.018, Loss x: 0.025, Loss s: 0.022, Loss w_fp: 0.003, Mask ratio: 0.991
[2024-03-06 19:19:23,044][    INFO] ***** Evaluation ***** >>>> Class [0 Right Ventricle] Dice: 92.20
[2024-03-06 19:19:23,173][    INFO] ***** Evaluation ***** >>>> Class [1 Myocardium] Dice: 91.48
[2024-03-06 19:19:23,173][    INFO] ***** Evaluation ***** >>>> Class [2 Left Ventricle] Dice: 96.04
[2024-03-06 19:19:23,173][    INFO] ***** Evaluation ***** >>>> MeanDice: 93.24

[2024-03-06 19:19:25,847][    INFO] ===========> Epoch: 15, LR: 0.00958, Previous best: 93.24
[2024-03-06 19:19:39,034][    INFO] Iters: 0, Total loss: 0.022, Loss x: 0.032, Loss s: 0.023, Loss w_fp: 0.002, Mask ratio: 0.993
[2024-03-06 20:59:59,757][    INFO] ***** Evaluation ***** >>>> Class [0 Right Ventricle] Dice: 91.89
[2024-03-06 20:59:59,809][    INFO] ***** Evaluation ***** >>>> Class [1 Myocardium] Dice: 91.44
[2024-03-06 20:59:59,809][    INFO] ***** Evaluation ***** >>>> Class [2 Left Ventricle] Dice: 95.93
[2024-03-06 20:59:59,809][    INFO] ***** Evaluation ***** >>>> MeanDice: 93.09

[2024-03-06 21:00:00,001][    INFO] ===========> Epoch: 16, LR: 0.00955, Previous best: 93.24
[2024-03-06 21:00:05,847][    INFO] Iters: 0, Total loss: 0.024, Loss x: 0.036, Loss s: 0.021, Loss w_fp: 0.003, Mask ratio: 0.992
[2024-03-06 21:53:45,996][    INFO] ***** Evaluation ***** >>>> Class [0 Right Ventricle] Dice: 92.28
[2024-03-06 21:53:46,037][    INFO] ***** Evaluation ***** >>>> Class [1 Myocardium] Dice: 91.87
[2024-03-06 21:53:46,037][    INFO] ***** Evaluation ***** >>>> Class [2 Left Ventricle] Dice: 96.02
[2024-03-06 21:53:46,038][    INFO] ***** Evaluation ***** >>>> MeanDice: 93.39

[2024-03-06 21:53:47,383][    INFO] ===========> Epoch: 17, LR: 0.00952, Previous best: 93.39
[2024-03-06 21:53:58,920][    INFO] Iters: 0, Total loss: 0.017, Loss x: 0.023, Loss s: 0.016, Loss w_fp: 0.005, Mask ratio: 0.993
[2024-03-06 23:20:49,903][    INFO] ***** Evaluation ***** >>>> Class [0 Right Ventricle] Dice: 91.94
[2024-03-06 23:20:49,915][    INFO] ***** Evaluation ***** >>>> Class [1 Myocardium] Dice: 91.66
[2024-03-06 23:20:49,915][    INFO] ***** Evaluation ***** >>>> Class [2 Left Ventricle] Dice: 96.18
[2024-03-06 23:20:49,915][    INFO] ***** Evaluation ***** >>>> MeanDice: 93.26

[2024-03-06 23:20:50,176][    INFO] ===========> Epoch: 18, LR: 0.00949, Previous best: 93.39
[2024-03-06 23:20:56,543][    INFO] Iters: 0, Total loss: 0.017, Loss x: 0.024, Loss s: 0.017, Loss w_fp: 0.002, Mask ratio: 0.997
[2024-03-07 01:59:13,754][    INFO] ***** Evaluation ***** >>>> Class [0 Right Ventricle] Dice: 92.55
[2024-03-07 01:59:13,799][    INFO] ***** Evaluation ***** >>>> Class [1 Myocardium] Dice: 91.42
[2024-03-07 01:59:13,799][    INFO] ***** Evaluation ***** >>>> Class [2 Left Ventricle] Dice: 95.63
[2024-03-07 01:59:13,799][    INFO] ***** Evaluation ***** >>>> MeanDice: 93.20

[2024-03-07 01:59:14,863][    INFO] ===========> Epoch: 19, LR: 0.00945, Previous best: 93.39
[2024-03-07 01:59:26,484][    INFO] Iters: 0, Total loss: 0.021, Loss x: 0.021, Loss s: 0.036, Loss w_fp: 0.006, Mask ratio: 0.992
[2024-03-07 06:01:26,678][    INFO] ***** Evaluation ***** >>>> Class [0 Right Ventricle] Dice: 92.49
[2024-03-07 06:01:26,801][    INFO] ***** Evaluation ***** >>>> Class [1 Myocardium] Dice: 91.66
[2024-03-07 06:01:26,802][    INFO] ***** Evaluation ***** >>>> Class [2 Left Ventricle] Dice: 96.12
[2024-03-07 06:01:26,802][    INFO] ***** Evaluation ***** >>>> MeanDice: 93.42

[2024-03-07 06:01:33,269][    INFO] ===========> Epoch: 20, LR: 0.00942, Previous best: 93.42
[2024-03-07 06:02:11,298][    INFO] Iters: 0, Total loss: 0.015, Loss x: 0.021, Loss s: 0.014, Loss w_fp: 0.002, Mask ratio: 0.992
[2024-03-07 13:02:38,779][    INFO] ***** Evaluation ***** >>>> Class [0 Right Ventricle] Dice: 92.24
[2024-03-07 13:02:39,274][    INFO] ***** Evaluation ***** >>>> Class [1 Myocardium] Dice: 90.04
[2024-03-07 13:02:39,274][    INFO] ***** Evaluation ***** >>>> Class [2 Left Ventricle] Dice: 95.48
[2024-03-07 13:02:39,274][    INFO] ***** Evaluation ***** >>>> MeanDice: 92.59

[2024-03-07 13:02:43,899][    INFO] ===========> Epoch: 21, LR: 0.00939, Previous best: 93.42
[2024-03-07 13:03:22,502][    INFO] Iters: 0, Total loss: 0.024, Loss x: 0.018, Loss s: 0.053, Loss w_fp: 0.007, Mask ratio: 0.991
[2024-03-07 16:47:26,262][    INFO] ***** Evaluation ***** >>>> Class [0 Right Ventricle] Dice: 93.09
[2024-03-07 16:47:26,339][    INFO] ***** Evaluation ***** >>>> Class [1 Myocardium] Dice: 92.39
[2024-03-07 16:47:26,339][    INFO] ***** Evaluation ***** >>>> Class [2 Left Ventricle] Dice: 96.21
[2024-03-07 16:47:26,339][    INFO] ***** Evaluation ***** >>>> MeanDice: 93.90

[2024-03-07 16:47:28,069][    INFO] ===========> Epoch: 22, LR: 0.00936, Previous best: 93.90
[2024-03-07 16:47:40,835][    INFO] Iters: 0, Total loss: 0.022, Loss x: 0.035, Loss s: 0.014, Loss w_fp: 0.002, Mask ratio: 0.992
[2024-03-07 19:26:34,652][    INFO] ***** Evaluation ***** >>>> Class [0 Right Ventricle] Dice: 92.88
[2024-03-07 19:26:34,712][    INFO] ***** Evaluation ***** >>>> Class [1 Myocardium] Dice: 92.00
[2024-03-07 19:26:34,712][    INFO] ***** Evaluation ***** >>>> Class [2 Left Ventricle] Dice: 96.43
[2024-03-07 19:26:34,712][    INFO] ***** Evaluation ***** >>>> MeanDice: 93.77

[2024-03-07 19:26:35,780][    INFO] ===========> Epoch: 23, LR: 0.00933, Previous best: 93.90
[2024-03-07 19:26:49,073][    INFO] Iters: 0, Total loss: 0.026, Loss x: 0.020, Loss s: 0.061, Loss w_fp: 0.002, Mask ratio: 0.994
[2024-03-07 21:35:12,369][    INFO] ***** Evaluation ***** >>>> Class [0 Right Ventricle] Dice: 93.08
[2024-03-07 21:35:12,519][    INFO] ***** Evaluation ***** >>>> Class [1 Myocardium] Dice: 92.22
[2024-03-07 21:35:12,519][    INFO] ***** Evaluation ***** >>>> Class [2 Left Ventricle] Dice: 96.44
[2024-03-07 21:35:12,519][    INFO] ***** Evaluation ***** >>>> MeanDice: 93.92

[2024-03-07 21:35:15,486][    INFO] ===========> Epoch: 24, LR: 0.00930, Previous best: 93.92
[2024-03-07 21:35:37,828][    INFO] Iters: 0, Total loss: 0.017, Loss x: 0.022, Loss s: 0.022, Loss w_fp: 0.002, Mask ratio: 0.993
[2024-03-08 00:26:42,903][    INFO] ***** Evaluation ***** >>>> Class [0 Right Ventricle] Dice: 93.22
[2024-03-08 00:26:42,975][    INFO] ***** Evaluation ***** >>>> Class [1 Myocardium] Dice: 91.99
[2024-03-08 00:26:42,975][    INFO] ***** Evaluation ***** >>>> Class [2 Left Ventricle] Dice: 96.39
[2024-03-08 00:26:42,975][    INFO] ***** Evaluation ***** >>>> MeanDice: 93.86

[2024-03-08 00:26:44,302][    INFO] ===========> Epoch: 25, LR: 0.00927, Previous best: 93.92
[2024-03-08 00:26:55,874][    INFO] Iters: 0, Total loss: 0.025, Loss x: 0.025, Loss s: 0.045, Loss w_fp: 0.003, Mask ratio: 0.991
[2024-03-08 01:47:49,793][    INFO] ***** Evaluation ***** >>>> Class [0 Right Ventricle] Dice: 90.79
[2024-03-08 01:47:49,883][    INFO] ***** Evaluation ***** >>>> Class [1 Myocardium] Dice: 91.39
[2024-03-08 01:47:49,883][    INFO] ***** Evaluation ***** >>>> Class [2 Left Ventricle] Dice: 96.12
[2024-03-08 01:47:49,883][    INFO] ***** Evaluation ***** >>>> MeanDice: 92.77

[2024-03-08 01:47:50,532][    INFO] ===========> Epoch: 26, LR: 0.00924, Previous best: 93.92
[2024-03-08 01:47:57,215][    INFO] Iters: 0, Total loss: 0.018, Loss x: 0.019, Loss s: 0.033, Loss w_fp: 0.001, Mask ratio: 0.995
[2024-03-08 02:38:18,123][    INFO] ***** Evaluation ***** >>>> Class [0 Right Ventricle] Dice: 91.68
[2024-03-08 02:38:18,123][    INFO] ***** Evaluation ***** >>>> Class [1 Myocardium] Dice: 91.86
[2024-03-08 02:38:18,123][    INFO] ***** Evaluation ***** >>>> Class [2 Left Ventricle] Dice: 95.70
[2024-03-08 02:38:18,123][    INFO] ***** Evaluation ***** >>>> MeanDice: 93.08

[2024-03-08 02:38:18,234][    INFO] ===========> Epoch: 27, LR: 0.00921, Previous best: 93.92
[2024-03-08 02:38:19,274][    INFO] Iters: 0, Total loss: 0.022, Loss x: 0.026, Loss s: 0.032, Loss w_fp: 0.005, Mask ratio: 0.992
[2024-03-08 03:26:40,375][    INFO] ***** Evaluation ***** >>>> Class [0 Right Ventricle] Dice: 93.50
[2024-03-08 03:26:40,384][    INFO] ***** Evaluation ***** >>>> Class [1 Myocardium] Dice: 92.33
[2024-03-08 03:26:40,384][    INFO] ***** Evaluation ***** >>>> Class [2 Left Ventricle] Dice: 96.05
[2024-03-08 03:26:40,384][    INFO] ***** Evaluation ***** >>>> MeanDice: 93.96

[2024-03-08 03:26:41,246][    INFO] ===========> Epoch: 28, LR: 0.00918, Previous best: 93.96
[2024-03-08 03:26:44,383][    INFO] Iters: 0, Total loss: 0.013, Loss x: 0.019, Loss s: 0.015, Loss w_fp: 0.001, Mask ratio: 0.992
[2024-03-08 04:19:10,354][    INFO] ***** Evaluation ***** >>>> Class [0 Right Ventricle] Dice: 93.64
[2024-03-08 04:19:10,494][    INFO] ***** Evaluation ***** >>>> Class [1 Myocardium] Dice: 92.35
[2024-03-08 04:19:10,494][    INFO] ***** Evaluation ***** >>>> Class [2 Left Ventricle] Dice: 96.73
[2024-03-08 04:19:10,494][    INFO] ***** Evaluation ***** >>>> MeanDice: 94.24

[2024-03-08 04:19:14,505][    INFO] ===========> Epoch: 29, LR: 0.00915, Previous best: 94.24
[2024-03-08 04:19:31,330][    INFO] Iters: 0, Total loss: 0.017, Loss x: 0.021, Loss s: 0.024, Loss w_fp: 0.002, Mask ratio: 0.992
[2024-03-08 04:55:53,468][    INFO] ***** Evaluation ***** >>>> Class [0 Right Ventricle] Dice: 93.11
[2024-03-08 04:55:53,495][    INFO] ***** Evaluation ***** >>>> Class [1 Myocardium] Dice: 92.31
[2024-03-08 04:55:53,495][    INFO] ***** Evaluation ***** >>>> Class [2 Left Ventricle] Dice: 96.44
[2024-03-08 04:55:53,495][    INFO] ***** Evaluation ***** >>>> MeanDice: 93.95

[2024-03-08 04:55:53,928][    INFO] ===========> Epoch: 30, LR: 0.00912, Previous best: 94.24
[2024-03-08 04:55:59,490][    INFO] Iters: 0, Total loss: 0.013, Loss x: 0.019, Loss s: 0.010, Loss w_fp: 0.004, Mask ratio: 0.992
[2024-03-08 05:55:35,403][    INFO] ***** Evaluation ***** >>>> Class [0 Right Ventricle] Dice: 93.10
[2024-03-08 05:55:35,442][    INFO] ***** Evaluation ***** >>>> Class [1 Myocardium] Dice: 92.32
[2024-03-08 05:55:35,442][    INFO] ***** Evaluation ***** >>>> Class [2 Left Ventricle] Dice: 96.30
[2024-03-08 05:55:35,442][    INFO] ***** Evaluation ***** >>>> MeanDice: 93.91

[2024-03-08 05:55:35,913][    INFO] ===========> Epoch: 31, LR: 0.00909, Previous best: 94.24
[2024-03-08 05:55:39,617][    INFO] Iters: 0, Total loss: 0.035, Loss x: 0.059, Loss s: 0.018, Loss w_fp: 0.003, Mask ratio: 0.993
[2024-03-08 06:52:13,983][    INFO] ***** Evaluation ***** >>>> Class [0 Right Ventricle] Dice: 93.03
[2024-03-08 06:52:13,985][    INFO] ***** Evaluation ***** >>>> Class [1 Myocardium] Dice: 92.52
[2024-03-08 06:52:13,985][    INFO] ***** Evaluation ***** >>>> Class [2 Left Ventricle] Dice: 96.57
[2024-03-08 06:52:13,985][    INFO] ***** Evaluation ***** >>>> MeanDice: 94.04

[2024-03-08 06:52:14,364][    INFO] ===========> Epoch: 32, LR: 0.00906, Previous best: 94.24
[2024-03-08 06:52:18,718][    INFO] Iters: 0, Total loss: 0.017, Loss x: 0.025, Loss s: 0.018, Loss w_fp: 0.001, Mask ratio: 0.995
[2024-03-08 08:04:46,166][    INFO] ***** Evaluation ***** >>>> Class [0 Right Ventricle] Dice: 93.67
[2024-03-08 08:04:46,179][    INFO] ***** Evaluation ***** >>>> Class [1 Myocardium] Dice: 92.88
[2024-03-08 08:04:46,179][    INFO] ***** Evaluation ***** >>>> Class [2 Left Ventricle] Dice: 96.68
[2024-03-08 08:04:46,179][    INFO] ***** Evaluation ***** >>>> MeanDice: 94.41

[2024-03-08 08:04:46,603][    INFO] ===========> Epoch: 33, LR: 0.00903, Previous best: 94.41
[2024-03-08 08:04:48,169][    INFO] Iters: 0, Total loss: 0.017, Loss x: 0.023, Loss s: 0.018, Loss w_fp: 0.003, Mask ratio: 0.992
[2024-03-08 08:51:29,648][    INFO] ***** Evaluation ***** >>>> Class [0 Right Ventricle] Dice: 93.31
[2024-03-08 08:51:29,872][    INFO] ***** Evaluation ***** >>>> Class [1 Myocardium] Dice: 92.39
[2024-03-08 08:51:29,872][    INFO] ***** Evaluation ***** >>>> Class [2 Left Ventricle] Dice: 96.10
[2024-03-08 08:51:29,872][    INFO] ***** Evaluation ***** >>>> MeanDice: 93.93

[2024-03-08 08:51:31,979][    INFO] ===========> Epoch: 34, LR: 0.00900, Previous best: 94.41
[2024-03-08 08:51:47,047][    INFO] Iters: 0, Total loss: 0.013, Loss x: 0.018, Loss s: 0.013, Loss w_fp: 0.003, Mask ratio: 0.992
[2024-03-08 09:22:12,362][    INFO] ***** Evaluation ***** >>>> Class [0 Right Ventricle] Dice: 93.57
[2024-03-08 09:22:12,363][    INFO] ***** Evaluation ***** >>>> Class [1 Myocardium] Dice: 92.88
[2024-03-08 09:22:12,363][    INFO] ***** Evaluation ***** >>>> Class [2 Left Ventricle] Dice: 96.61
[2024-03-08 09:22:12,363][    INFO] ***** Evaluation ***** >>>> MeanDice: 94.35

[2024-03-08 09:22:12,416][    INFO] ===========> Epoch: 35, LR: 0.00897, Previous best: 94.41
[2024-03-08 09:22:14,274][    INFO] Iters: 0, Total loss: 0.020, Loss x: 0.031, Loss s: 0.016, Loss w_fp: 0.003, Mask ratio: 0.994
[2024-03-08 09:35:51,053][    INFO] ***** Evaluation ***** >>>> Class [0 Right Ventricle] Dice: 93.65
[2024-03-08 09:35:51,054][    INFO] ***** Evaluation ***** >>>> Class [1 Myocardium] Dice: 92.31
[2024-03-08 09:35:51,054][    INFO] ***** Evaluation ***** >>>> Class [2 Left Ventricle] Dice: 96.12
[2024-03-08 09:35:51,054][    INFO] ***** Evaluation ***** >>>> MeanDice: 94.03

[2024-03-08 09:35:51,110][    INFO] ===========> Epoch: 36, LR: 0.00894, Previous best: 94.41
[2024-03-08 09:35:53,255][    INFO] Iters: 0, Total loss: 0.023, Loss x: 0.025, Loss s: 0.039, Loss w_fp: 0.003, Mask ratio: 0.992
[2024-03-08 09:46:03,398][    INFO] ***** Evaluation ***** >>>> Class [0 Right Ventricle] Dice: 93.41
[2024-03-08 09:46:03,399][    INFO] ***** Evaluation ***** >>>> Class [1 Myocardium] Dice: 92.33
[2024-03-08 09:46:03,399][    INFO] ***** Evaluation ***** >>>> Class [2 Left Ventricle] Dice: 96.43
[2024-03-08 09:46:03,399][    INFO] ***** Evaluation ***** >>>> MeanDice: 94.06

[2024-03-08 09:46:03,464][    INFO] ===========> Epoch: 37, LR: 0.00891, Previous best: 94.41
[2024-03-08 09:46:05,701][    INFO] Iters: 0, Total loss: 0.013, Loss x: 0.018, Loss s: 0.014, Loss w_fp: 0.002, Mask ratio: 0.994
[2024-03-08 09:56:16,619][    INFO] ***** Evaluation ***** >>>> Class [0 Right Ventricle] Dice: 93.81
[2024-03-08 09:56:16,620][    INFO] ***** Evaluation ***** >>>> Class [1 Myocardium] Dice: 92.93
[2024-03-08 09:56:16,620][    INFO] ***** Evaluation ***** >>>> Class [2 Left Ventricle] Dice: 96.66
[2024-03-08 09:56:16,620][    INFO] ***** Evaluation ***** >>>> MeanDice: 94.47

[2024-03-08 09:56:16,750][    INFO] ===========> Epoch: 38, LR: 0.00888, Previous best: 94.47
[2024-03-08 09:56:19,073][    INFO] Iters: 0, Total loss: 0.016, Loss x: 0.027, Loss s: 0.009, Loss w_fp: 0.002, Mask ratio: 0.993
[2024-03-08 10:10:29,253][    INFO] ***** Evaluation ***** >>>> Class [0 Right Ventricle] Dice: 93.48
[2024-03-08 10:10:29,254][    INFO] ***** Evaluation ***** >>>> Class [1 Myocardium] Dice: 92.98
[2024-03-08 10:10:29,254][    INFO] ***** Evaluation ***** >>>> Class [2 Left Ventricle] Dice: 96.67
[2024-03-08 10:10:29,255][    INFO] ***** Evaluation ***** >>>> MeanDice: 94.38

[2024-03-08 10:10:29,335][    INFO] ===========> Epoch: 39, LR: 0.00885, Previous best: 94.47
[2024-03-08 10:10:31,260][    INFO] Iters: 0, Total loss: 0.013, Loss x: 0.015, Loss s: 0.022, Loss w_fp: 0.001, Mask ratio: 0.994
[2024-03-08 10:19:21,241][    INFO] ***** Evaluation ***** >>>> Class [0 Right Ventricle] Dice: 93.42
[2024-03-08 10:19:21,241][    INFO] ***** Evaluation ***** >>>> Class [1 Myocardium] Dice: 92.81
[2024-03-08 10:19:21,241][    INFO] ***** Evaluation ***** >>>> Class [2 Left Ventricle] Dice: 96.37
[2024-03-08 10:19:21,241][    INFO] ***** Evaluation ***** >>>> MeanDice: 94.20

[2024-03-08 10:19:21,407][    INFO] ===========> Epoch: 40, LR: 0.00882, Previous best: 94.47
[2024-03-08 10:19:22,645][    INFO] Iters: 0, Total loss: 0.014, Loss x: 0.019, Loss s: 0.015, Loss w_fp: 0.002, Mask ratio: 0.992
[2024-03-08 10:27:56,421][    INFO] ***** Evaluation ***** >>>> Class [0 Right Ventricle] Dice: 94.03
[2024-03-08 10:27:56,421][    INFO] ***** Evaluation ***** >>>> Class [1 Myocardium] Dice: 92.96
[2024-03-08 10:27:56,421][    INFO] ***** Evaluation ***** >>>> Class [2 Left Ventricle] Dice: 96.36
[2024-03-08 10:27:56,421][    INFO] ***** Evaluation ***** >>>> MeanDice: 94.45

[2024-03-08 10:27:56,565][    INFO] ===========> Epoch: 41, LR: 0.00879, Previous best: 94.47
[2024-03-08 10:27:57,753][    INFO] Iters: 0, Total loss: 0.019, Loss x: 0.018, Loss s: 0.037, Loss w_fp: 0.001, Mask ratio: 0.994
[2024-03-08 10:33:32,910][    INFO] ***** Evaluation ***** >>>> Class [0 Right Ventricle] Dice: 92.37
[2024-03-08 10:33:32,910][    INFO] ***** Evaluation ***** >>>> Class [1 Myocardium] Dice: 92.80
[2024-03-08 10:33:32,910][    INFO] ***** Evaluation ***** >>>> Class [2 Left Ventricle] Dice: 96.60
[2024-03-08 10:33:32,910][    INFO] ***** Evaluation ***** >>>> MeanDice: 93.92

[2024-03-08 10:33:33,095][    INFO] ===========> Epoch: 42, LR: 0.00876, Previous best: 94.47
[2024-03-08 10:33:34,039][    INFO] Iters: 0, Total loss: 0.017, Loss x: 0.017, Loss s: 0.032, Loss w_fp: 0.001, Mask ratio: 0.993
[2024-03-08 10:38:00,225][    INFO] ***** Evaluation ***** >>>> Class [0 Right Ventricle] Dice: 94.06
[2024-03-08 10:38:00,225][    INFO] ***** Evaluation ***** >>>> Class [1 Myocardium] Dice: 92.90
[2024-03-08 10:38:00,226][    INFO] ***** Evaluation ***** >>>> Class [2 Left Ventricle] Dice: 96.46
[2024-03-08 10:38:00,226][    INFO] ***** Evaluation ***** >>>> MeanDice: 94.47

[2024-03-08 10:38:00,403][    INFO] ===========> Epoch: 43, LR: 0.00873, Previous best: 94.47
[2024-03-08 10:38:01,957][    INFO] Iters: 0, Total loss: 0.013, Loss x: 0.017, Loss s: 0.014, Loss w_fp: 0.004, Mask ratio: 0.995
[2024-03-08 10:41:47,096][    INFO] ***** Evaluation ***** >>>> Class [0 Right Ventricle] Dice: 93.77
[2024-03-08 10:41:47,098][    INFO] ***** Evaluation ***** >>>> Class [1 Myocardium] Dice: 93.26
[2024-03-08 10:41:47,098][    INFO] ***** Evaluation ***** >>>> Class [2 Left Ventricle] Dice: 96.72
[2024-03-08 10:41:47,098][    INFO] ***** Evaluation ***** >>>> MeanDice: 94.59

[2024-03-08 10:41:47,239][    INFO] ===========> Epoch: 44, LR: 0.00870, Previous best: 94.59
[2024-03-08 10:41:48,217][    INFO] Iters: 0, Total loss: 0.014, Loss x: 0.020, Loss s: 0.011, Loss w_fp: 0.005, Mask ratio: 0.995
[2024-03-08 10:45:44,240][    INFO] ***** Evaluation ***** >>>> Class [0 Right Ventricle] Dice: 93.28
[2024-03-08 10:45:44,240][    INFO] ***** Evaluation ***** >>>> Class [1 Myocardium] Dice: 92.60
[2024-03-08 10:45:44,240][    INFO] ***** Evaluation ***** >>>> Class [2 Left Ventricle] Dice: 96.36
[2024-03-08 10:45:44,240][    INFO] ***** Evaluation ***** >>>> MeanDice: 94.08

[2024-03-08 10:45:44,316][    INFO] ===========> Epoch: 45, LR: 0.00867, Previous best: 94.59
[2024-03-08 10:45:45,174][    INFO] Iters: 0, Total loss: 0.014, Loss x: 0.022, Loss s: 0.012, Loss w_fp: 0.001, Mask ratio: 0.993
[2024-03-08 10:50:01,513][    INFO] ***** Evaluation ***** >>>> Class [0 Right Ventricle] Dice: 94.02
[2024-03-08 10:50:01,514][    INFO] ***** Evaluation ***** >>>> Class [1 Myocardium] Dice: 93.17
[2024-03-08 10:50:01,514][    INFO] ***** Evaluation ***** >>>> Class [2 Left Ventricle] Dice: 96.82
[2024-03-08 10:50:01,515][    INFO] ***** Evaluation ***** >>>> MeanDice: 94.67

[2024-03-08 10:50:01,661][    INFO] ===========> Epoch: 46, LR: 0.00864, Previous best: 94.67
[2024-03-08 10:50:02,668][    INFO] Iters: 0, Total loss: 0.023, Loss x: 0.021, Loss s: 0.048, Loss w_fp: 0.004, Mask ratio: 0.992
[2024-03-08 10:53:52,951][    INFO] ***** Evaluation ***** >>>> Class [0 Right Ventricle] Dice: 93.23
[2024-03-08 10:53:52,952][    INFO] ***** Evaluation ***** >>>> Class [1 Myocardium] Dice: 92.27
[2024-03-08 10:53:52,952][    INFO] ***** Evaluation ***** >>>> Class [2 Left Ventricle] Dice: 96.71
[2024-03-08 10:53:52,952][    INFO] ***** Evaluation ***** >>>> MeanDice: 94.07

[2024-03-08 10:53:53,003][    INFO] ===========> Epoch: 47, LR: 0.00861, Previous best: 94.67
[2024-03-08 10:53:53,938][    INFO] Iters: 0, Total loss: 0.018, Loss x: 0.029, Loss s: 0.014, Loss w_fp: 0.001, Mask ratio: 0.993
[2024-03-08 10:57:35,130][    INFO] ***** Evaluation ***** >>>> Class [0 Right Ventricle] Dice: 93.95
[2024-03-08 10:57:35,130][    INFO] ***** Evaluation ***** >>>> Class [1 Myocardium] Dice: 92.84
[2024-03-08 10:57:35,130][    INFO] ***** Evaluation ***** >>>> Class [2 Left Ventricle] Dice: 96.40
[2024-03-08 10:57:35,131][    INFO] ***** Evaluation ***** >>>> MeanDice: 94.40

[2024-03-08 10:57:35,207][    INFO] ===========> Epoch: 48, LR: 0.00857, Previous best: 94.67
[2024-03-08 10:57:36,089][    INFO] Iters: 0, Total loss: 0.013, Loss x: 0.020, Loss s: 0.010, Loss w_fp: 0.003, Mask ratio: 0.994
[2024-03-08 11:01:56,572][    INFO] ***** Evaluation ***** >>>> Class [0 Right Ventricle] Dice: 94.32
[2024-03-08 11:01:56,573][    INFO] ***** Evaluation ***** >>>> Class [1 Myocardium] Dice: 92.78
[2024-03-08 11:01:56,573][    INFO] ***** Evaluation ***** >>>> Class [2 Left Ventricle] Dice: 96.05
[2024-03-08 11:01:56,573][    INFO] ***** Evaluation ***** >>>> MeanDice: 94.38

[2024-03-08 11:01:56,633][    INFO] ===========> Epoch: 49, LR: 0.00854, Previous best: 94.67
[2024-03-08 11:01:57,510][    INFO] Iters: 0, Total loss: 0.024, Loss x: 0.042, Loss s: 0.007, Loss w_fp: 0.003, Mask ratio: 0.991
[2024-03-08 11:05:53,026][    INFO] ***** Evaluation ***** >>>> Class [0 Right Ventricle] Dice: 94.36
[2024-03-08 11:05:53,027][    INFO] ***** Evaluation ***** >>>> Class [1 Myocardium] Dice: 93.34
[2024-03-08 11:05:53,027][    INFO] ***** Evaluation ***** >>>> Class [2 Left Ventricle] Dice: 96.81
[2024-03-08 11:05:53,027][    INFO] ***** Evaluation ***** >>>> MeanDice: 94.84

[2024-03-08 11:05:53,135][    INFO] ===========> Epoch: 50, LR: 0.00851, Previous best: 94.84
[2024-03-08 11:05:54,189][    INFO] Iters: 0, Total loss: 0.013, Loss x: 0.017, Loss s: 0.013, Loss w_fp: 0.004, Mask ratio: 0.993
[2024-03-08 11:09:42,227][    INFO] ***** Evaluation ***** >>>> Class [0 Right Ventricle] Dice: 94.12
[2024-03-08 11:09:42,229][    INFO] ***** Evaluation ***** >>>> Class [1 Myocardium] Dice: 92.99
[2024-03-08 11:09:42,229][    INFO] ***** Evaluation ***** >>>> Class [2 Left Ventricle] Dice: 96.78
[2024-03-08 11:09:42,229][    INFO] ***** Evaluation ***** >>>> MeanDice: 94.63

[2024-03-08 11:09:42,293][    INFO] ===========> Epoch: 51, LR: 0.00848, Previous best: 94.84
[2024-03-08 11:09:43,253][    INFO] Iters: 0, Total loss: 0.024, Loss x: 0.024, Loss s: 0.041, Loss w_fp: 0.005, Mask ratio: 0.992
[2024-03-08 11:13:26,110][    INFO] ***** Evaluation ***** >>>> Class [0 Right Ventricle] Dice: 94.22
[2024-03-08 11:13:26,111][    INFO] ***** Evaluation ***** >>>> Class [1 Myocardium] Dice: 92.42
[2024-03-08 11:13:26,111][    INFO] ***** Evaluation ***** >>>> Class [2 Left Ventricle] Dice: 96.18
[2024-03-08 11:13:26,111][    INFO] ***** Evaluation ***** >>>> MeanDice: 94.27

[2024-03-08 11:13:26,164][    INFO] ===========> Epoch: 52, LR: 0.00845, Previous best: 94.84
[2024-03-08 11:13:27,048][    INFO] Iters: 0, Total loss: 0.013, Loss x: 0.016, Loss s: 0.017, Loss w_fp: 0.002, Mask ratio: 0.995
[2024-03-08 11:17:34,559][    INFO] ***** Evaluation ***** >>>> Class [0 Right Ventricle] Dice: 94.11
[2024-03-08 11:17:34,560][    INFO] ***** Evaluation ***** >>>> Class [1 Myocardium] Dice: 93.06
[2024-03-08 11:17:34,560][    INFO] ***** Evaluation ***** >>>> Class [2 Left Ventricle] Dice: 96.96
[2024-03-08 11:17:34,560][    INFO] ***** Evaluation ***** >>>> MeanDice: 94.71

[2024-03-08 11:17:34,645][    INFO] ===========> Epoch: 53, LR: 0.00842, Previous best: 94.84
[2024-03-08 11:17:35,657][    INFO] Iters: 0, Total loss: 0.032, Loss x: 0.043, Loss s: 0.040, Loss w_fp: 0.004, Mask ratio: 0.992
[2024-03-08 11:25:08,865][    INFO] ***** Evaluation ***** >>>> Class [0 Right Ventricle] Dice: 94.30
[2024-03-08 11:25:08,866][    INFO] ***** Evaluation ***** >>>> Class [1 Myocardium] Dice: 93.06
[2024-03-08 11:25:08,866][    INFO] ***** Evaluation ***** >>>> Class [2 Left Ventricle] Dice: 96.01
[2024-03-08 11:25:08,866][    INFO] ***** Evaluation ***** >>>> MeanDice: 94.46

[2024-03-08 11:25:08,918][    INFO] ===========> Epoch: 54, LR: 0.00839, Previous best: 94.84
[2024-03-08 11:25:11,253][    INFO] Iters: 0, Total loss: 0.015, Loss x: 0.026, Loss s: 0.008, Loss w_fp: 0.001, Mask ratio: 0.994
[2024-03-08 11:33:50,704][    INFO] ***** Evaluation ***** >>>> Class [0 Right Ventricle] Dice: 94.21
[2024-03-08 11:33:50,705][    INFO] ***** Evaluation ***** >>>> Class [1 Myocardium] Dice: 93.49
[2024-03-08 11:33:50,705][    INFO] ***** Evaluation ***** >>>> Class [2 Left Ventricle] Dice: 97.11
[2024-03-08 11:33:50,705][    INFO] ***** Evaluation ***** >>>> MeanDice: 94.94

[2024-03-08 11:33:50,866][    INFO] ===========> Epoch: 55, LR: 0.00836, Previous best: 94.94
[2024-03-08 11:33:51,879][    INFO] Iters: 0, Total loss: 0.018, Loss x: 0.027, Loss s: 0.017, Loss w_fp: 0.001, Mask ratio: 0.994
[2024-03-08 11:39:15,833][    INFO] ***** Evaluation ***** >>>> Class [0 Right Ventricle] Dice: 94.43
[2024-03-08 11:39:15,834][    INFO] ***** Evaluation ***** >>>> Class [1 Myocardium] Dice: 93.57
[2024-03-08 11:39:15,834][    INFO] ***** Evaluation ***** >>>> Class [2 Left Ventricle] Dice: 96.49
[2024-03-08 11:39:15,834][    INFO] ***** Evaluation ***** >>>> MeanDice: 94.83

[2024-03-08 11:39:15,883][    INFO] ===========> Epoch: 56, LR: 0.00833, Previous best: 94.94
[2024-03-08 11:39:16,691][    INFO] Iters: 0, Total loss: 0.010, Loss x: 0.014, Loss s: 0.012, Loss w_fp: 0.001, Mask ratio: 0.993
[2024-03-08 11:43:01,412][    INFO] ***** Evaluation ***** >>>> Class [0 Right Ventricle] Dice: 94.22
[2024-03-08 11:43:01,412][    INFO] ***** Evaluation ***** >>>> Class [1 Myocardium] Dice: 93.20
[2024-03-08 11:43:01,412][    INFO] ***** Evaluation ***** >>>> Class [2 Left Ventricle] Dice: 96.72
[2024-03-08 11:43:01,412][    INFO] ***** Evaluation ***** >>>> MeanDice: 94.71

[2024-03-08 11:43:01,461][    INFO] ===========> Epoch: 57, LR: 0.00830, Previous best: 94.94
[2024-03-08 11:43:02,269][    INFO] Iters: 0, Total loss: 0.018, Loss x: 0.028, Loss s: 0.016, Loss w_fp: 0.002, Mask ratio: 0.993
slurmstepd-prometheus: error: *** JOB 33236 ON prometheus CANCELLED AT 2024-03-08T11:45:22 ***
