/var/lib/slurm/slurmd/job04348/slurm_script: line 15: module: command not found
[2024-05-08 20:14:44,409][    INFO] {'batch_size': 12,
 'conf_thresh': 0.95,
 'config': 'configs/ukbb/train/exp4/config.yaml',
 'crop_size': 256,
 'ctrl': 'age sex ethnicity',
 'data_desc': 'UKBB Train Data - 182 Patients - 18 Labeled, Rest Unlabeled',
 'data_root': '/vol/aimspace/projects/ukbb/data/cardiac/cardiac_segmentations/subjects',
 'dataset': 'ukbb',
 'epochs': 1,
 'local_rank': 0,
 'lr': 0.01,
 'mode': 'train',
 'model_desc': 'Unimatch Unet 18 Training on UKBB',
 'nclass': 4,
 'ngpus': 1,
 'num_workers': 1,
 'seed': 42,
 'split': 18,
 'visualize': False}

[2024-05-08 20:14:44,457][    INFO] Total params: 1.8M

[2024-05-08 20:14:46,668][    INFO] ===========> Epoch: 0, LR: 0.01000, Previous best: 0.00
[2024-05-08 20:14:51,709][    INFO] Iters: 0, Total loss: 0.946, Loss x: 1.114, Loss s: 0.755, Loss w_fp: 0.803, Mask ratio: 0.000
[2024-05-08 20:15:04,239][    INFO] ***** Evaluation ***** >>>> Class [0 Right Ventricle] Dice: 0.00
[2024-05-08 20:15:04,240][    INFO] ***** Evaluation ***** >>>> Class [1 Myocardium] Dice: 0.00
[2024-05-08 20:15:04,240][    INFO] ***** Evaluation ***** >>>> Class [2 Left Ventricle] Dice: 0.00
[2024-05-08 20:15:04,240][    INFO] ***** Evaluation ***** >>>> MeanDice: 0.00

