/var/lib/slurm/slurmd/job04892/slurm_script: line 15: module: command not found
[2024-05-10 00:15:23,313][    INFO] {'batch_size': 12,
 'conf_thresh': 0.95,
 'config': 'configs/ukbb/train/exp3/seed61/config.yaml',
 'crop_size': 256,
 'ctrl': 'age ethnicity',
 'data_desc': 'UKBB Train Data - 264 Patients, 26 Labeled, Rest Unlabeled '
              'Patients',
 'data_root': '/vol/aimspace/projects/ukbb/data/cardiac/cardiac_segmentations/subjects',
 'dataset': 'ukbb',
 'epochs': 100,
 'local_rank': 0,
 'lr': 0.01,
 'mode': 'train',
 'model_desc': 'Unimatch Unet 26 Training on UKBB',
 'nclass': 4,
 'ngpus': 1,
 'num_workers': 1,
 'seed': 61,
 'split': 26,
 'visualize': False}

[2024-05-10 00:15:23,392][    INFO] Total params: 1.8M

[2024-05-10 00:15:25,733][    INFO] ===========> Epoch: 0, LR: 0.01000, Previous best: 0.00
[2024-05-10 00:15:30,943][    INFO] Iters: 0, Total loss: 0.503, Loss x: 1.005, Loss s: 0.000, Loss w_fp: 0.000, Mask ratio: 0.000
[2024-05-10 00:15:47,527][    INFO] ***** Evaluation ***** >>>> Class [0 Right Ventricle] Dice: 0.00
[2024-05-10 00:15:47,527][    INFO] ***** Evaluation ***** >>>> Class [1 Myocardium] Dice: 0.00
[2024-05-10 00:15:47,527][    INFO] ***** Evaluation ***** >>>> Class [2 Left Ventricle] Dice: 0.00
[2024-05-10 00:15:47,528][    INFO] ***** Evaluation ***** >>>> MeanDice: 0.00

[2024-05-10 00:15:47,640][    INFO] ===========> Epoch: 1, LR: 0.00999, Previous best: 0.00
[2024-05-10 00:15:48,587][    INFO] Iters: 0, Total loss: 0.569, Loss x: 0.387, Loss s: 0.750, Loss w_fp: 0.750, Mask ratio: 0.678
[2024-05-10 00:16:04,144][    INFO] ***** Evaluation ***** >>>> Class [0 Right Ventricle] Dice: 0.00
[2024-05-10 00:16:04,144][    INFO] ***** Evaluation ***** >>>> Class [1 Myocardium] Dice: 0.00
[2024-05-10 00:16:04,144][    INFO] ***** Evaluation ***** >>>> Class [2 Left Ventricle] Dice: 0.00
[2024-05-10 00:16:04,144][    INFO] ***** Evaluation ***** >>>> MeanDice: 0.00

[2024-05-10 00:16:04,217][    INFO] ===========> Epoch: 2, LR: 0.00990, Previous best: 0.00
[2024-05-10 00:16:05,054][    INFO] Iters: 0, Total loss: 0.556, Loss x: 0.360, Loss s: 0.751, Loss w_fp: 0.751, Mask ratio: 0.757
[2024-05-10 00:16:20,744][    INFO] ***** Evaluation ***** >>>> Class [0 Right Ventricle] Dice: 0.00
[2024-05-10 00:16:20,745][    INFO] ***** Evaluation ***** >>>> Class [1 Myocardium] Dice: 0.00
[2024-05-10 00:16:20,745][    INFO] ***** Evaluation ***** >>>> Class [2 Left Ventricle] Dice: 0.00
[2024-05-10 00:16:20,745][    INFO] ***** Evaluation ***** >>>> MeanDice: 0.00

[2024-05-10 00:16:20,835][    INFO] ===========> Epoch: 3, LR: 0.00981, Previous best: 0.00
[2024-05-10 00:16:21,793][    INFO] Iters: 0, Total loss: 0.529, Loss x: 0.306, Loss s: 0.752, Loss w_fp: 0.752, Mask ratio: 0.897
[2024-05-10 00:16:38,259][    INFO] ***** Evaluation ***** >>>> Class [0 Right Ventricle] Dice: 13.11
[2024-05-10 00:16:38,259][    INFO] ***** Evaluation ***** >>>> Class [1 Myocardium] Dice: 25.11
[2024-05-10 00:16:38,259][    INFO] ***** Evaluation ***** >>>> Class [2 Left Ventricle] Dice: 29.76
[2024-05-10 00:16:38,259][    INFO] ***** Evaluation ***** >>>> MeanDice: 22.66

[2024-05-10 00:16:38,374][    INFO] ===========> Epoch: 4, LR: 0.00972, Previous best: 22.66
[2024-05-10 00:16:39,306][    INFO] Iters: 0, Total loss: 0.467, Loss x: 0.184, Loss s: 0.751, Loss w_fp: 0.747, Mask ratio: 0.902
[2024-05-10 00:16:59,778][    INFO] ***** Evaluation ***** >>>> Class [0 Right Ventricle] Dice: 0.00
[2024-05-10 00:16:59,778][    INFO] ***** Evaluation ***** >>>> Class [1 Myocardium] Dice: 1.58
[2024-05-10 00:16:59,778][    INFO] ***** Evaluation ***** >>>> Class [2 Left Ventricle] Dice: 0.29
[2024-05-10 00:16:59,778][    INFO] ***** Evaluation ***** >>>> MeanDice: 0.62

[2024-05-10 00:16:59,849][    INFO] ===========> Epoch: 5, LR: 0.00963, Previous best: 22.66
[2024-05-10 00:17:00,802][    INFO] Iters: 0, Total loss: 0.384, Loss x: 0.236, Loss s: 0.602, Loss w_fp: 0.461, Mask ratio: 0.964
[2024-05-10 00:17:16,784][    INFO] ***** Evaluation ***** >>>> Class [0 Right Ventricle] Dice: 39.31
[2024-05-10 00:17:16,784][    INFO] ***** Evaluation ***** >>>> Class [1 Myocardium] Dice: 63.20
[2024-05-10 00:17:16,784][    INFO] ***** Evaluation ***** >>>> Class [2 Left Ventricle] Dice: 66.48
[2024-05-10 00:17:16,785][    INFO] ***** Evaluation ***** >>>> MeanDice: 56.33

[2024-05-10 00:17:16,899][    INFO] ===========> Epoch: 6, LR: 0.00954, Previous best: 56.33
[2024-05-10 00:17:17,760][    INFO] Iters: 0, Total loss: 0.209, Loss x: 0.094, Loss s: 0.382, Loss w_fp: 0.264, Mask ratio: 0.930
[2024-05-10 00:17:33,089][    INFO] ***** Evaluation ***** >>>> Class [0 Right Ventricle] Dice: 51.15
[2024-05-10 00:17:33,089][    INFO] ***** Evaluation ***** >>>> Class [1 Myocardium] Dice: 70.76
[2024-05-10 00:17:33,089][    INFO] ***** Evaluation ***** >>>> Class [2 Left Ventricle] Dice: 81.73
[2024-05-10 00:17:33,089][    INFO] ***** Evaluation ***** >>>> MeanDice: 67.88

[2024-05-10 00:17:33,180][    INFO] ===========> Epoch: 7, LR: 0.00945, Previous best: 67.88
[2024-05-10 00:17:34,019][    INFO] Iters: 0, Total loss: 0.216, Loss x: 0.139, Loss s: 0.325, Loss w_fp: 0.262, Mask ratio: 0.970
[2024-05-10 00:17:49,518][    INFO] ***** Evaluation ***** >>>> Class [0 Right Ventricle] Dice: 60.27
[2024-05-10 00:17:49,519][    INFO] ***** Evaluation ***** >>>> Class [1 Myocardium] Dice: 69.37
[2024-05-10 00:17:49,519][    INFO] ***** Evaluation ***** >>>> Class [2 Left Ventricle] Dice: 81.39
[2024-05-10 00:17:49,519][    INFO] ***** Evaluation ***** >>>> MeanDice: 70.35

[2024-05-10 00:17:49,632][    INFO] ===========> Epoch: 8, LR: 0.00936, Previous best: 70.35
[2024-05-10 00:17:50,600][    INFO] Iters: 0, Total loss: 0.069, Loss x: 0.102, Loss s: 0.066, Loss w_fp: 0.008, Mask ratio: 0.983
[2024-05-10 00:18:05,942][    INFO] ***** Evaluation ***** >>>> Class [0 Right Ventricle] Dice: 66.98
[2024-05-10 00:18:05,943][    INFO] ***** Evaluation ***** >>>> Class [1 Myocardium] Dice: 68.94
[2024-05-10 00:18:05,943][    INFO] ***** Evaluation ***** >>>> Class [2 Left Ventricle] Dice: 83.17
[2024-05-10 00:18:05,943][    INFO] ***** Evaluation ***** >>>> MeanDice: 73.03

[2024-05-10 00:18:06,058][    INFO] ===========> Epoch: 9, LR: 0.00927, Previous best: 73.03
[2024-05-10 00:18:07,032][    INFO] Iters: 0, Total loss: 0.069, Loss x: 0.092, Loss s: 0.085, Loss w_fp: 0.009, Mask ratio: 0.981
[2024-05-10 00:18:23,392][    INFO] ***** Evaluation ***** >>>> Class [0 Right Ventricle] Dice: 71.97
[2024-05-10 00:18:23,393][    INFO] ***** Evaluation ***** >>>> Class [1 Myocardium] Dice: 73.37
[2024-05-10 00:18:23,393][    INFO] ***** Evaluation ***** >>>> Class [2 Left Ventricle] Dice: 84.67
[2024-05-10 00:18:23,393][    INFO] ***** Evaluation ***** >>>> MeanDice: 76.67

[2024-05-10 00:18:23,482][    INFO] ===========> Epoch: 10, LR: 0.00918, Previous best: 76.67
[2024-05-10 00:18:24,273][    INFO] Iters: 0, Total loss: 0.077, Loss x: 0.089, Loss s: 0.121, Loss w_fp: 0.010, Mask ratio: 0.977
[2024-05-10 00:18:39,588][    INFO] ***** Evaluation ***** >>>> Class [0 Right Ventricle] Dice: 75.50
[2024-05-10 00:18:39,588][    INFO] ***** Evaluation ***** >>>> Class [1 Myocardium] Dice: 78.21
[2024-05-10 00:18:39,588][    INFO] ***** Evaluation ***** >>>> Class [2 Left Ventricle] Dice: 89.96
[2024-05-10 00:18:39,588][    INFO] ***** Evaluation ***** >>>> MeanDice: 81.22

[2024-05-10 00:18:39,706][    INFO] ===========> Epoch: 11, LR: 0.00909, Previous best: 81.22
[2024-05-10 00:18:40,534][    INFO] Iters: 0, Total loss: 0.072, Loss x: 0.062, Loss s: 0.150, Loss w_fp: 0.014, Mask ratio: 0.984
[2024-05-10 00:18:56,176][    INFO] ***** Evaluation ***** >>>> Class [0 Right Ventricle] Dice: 75.57
[2024-05-10 00:18:56,177][    INFO] ***** Evaluation ***** >>>> Class [1 Myocardium] Dice: 79.89
[2024-05-10 00:18:56,177][    INFO] ***** Evaluation ***** >>>> Class [2 Left Ventricle] Dice: 87.85
[2024-05-10 00:18:56,177][    INFO] ***** Evaluation ***** >>>> MeanDice: 81.10

[2024-05-10 00:18:56,224][    INFO] ===========> Epoch: 12, LR: 0.00899, Previous best: 81.22
[2024-05-10 00:18:57,053][    INFO] Iters: 0, Total loss: 0.067, Loss x: 0.075, Loss s: 0.108, Loss w_fp: 0.007, Mask ratio: 0.984
[2024-05-10 00:19:12,588][    INFO] ***** Evaluation ***** >>>> Class [0 Right Ventricle] Dice: 74.95
[2024-05-10 00:19:12,588][    INFO] ***** Evaluation ***** >>>> Class [1 Myocardium] Dice: 74.34
[2024-05-10 00:19:12,588][    INFO] ***** Evaluation ***** >>>> Class [2 Left Ventricle] Dice: 85.93
[2024-05-10 00:19:12,588][    INFO] ***** Evaluation ***** >>>> MeanDice: 78.41

[2024-05-10 00:19:12,635][    INFO] ===========> Epoch: 13, LR: 0.00890, Previous best: 81.22
[2024-05-10 00:19:13,504][    INFO] Iters: 0, Total loss: 0.070, Loss x: 0.060, Loss s: 0.136, Loss w_fp: 0.025, Mask ratio: 0.984
[2024-05-10 00:19:29,363][    INFO] ***** Evaluation ***** >>>> Class [0 Right Ventricle] Dice: 72.54
[2024-05-10 00:19:29,363][    INFO] ***** Evaluation ***** >>>> Class [1 Myocardium] Dice: 76.28
[2024-05-10 00:19:29,363][    INFO] ***** Evaluation ***** >>>> Class [2 Left Ventricle] Dice: 87.11
[2024-05-10 00:19:29,363][    INFO] ***** Evaluation ***** >>>> MeanDice: 78.64

[2024-05-10 00:19:29,412][    INFO] ===========> Epoch: 14, LR: 0.00881, Previous best: 81.22
[2024-05-10 00:19:30,257][    INFO] Iters: 0, Total loss: 0.058, Loss x: 0.076, Loss s: 0.073, Loss w_fp: 0.007, Mask ratio: 0.981
[2024-05-10 00:19:46,054][    INFO] ***** Evaluation ***** >>>> Class [0 Right Ventricle] Dice: 77.47
[2024-05-10 00:19:46,054][    INFO] ***** Evaluation ***** >>>> Class [1 Myocardium] Dice: 80.24
[2024-05-10 00:19:46,054][    INFO] ***** Evaluation ***** >>>> Class [2 Left Ventricle] Dice: 89.88
[2024-05-10 00:19:46,054][    INFO] ***** Evaluation ***** >>>> MeanDice: 82.53

[2024-05-10 00:19:46,145][    INFO] ===========> Epoch: 15, LR: 0.00872, Previous best: 82.53
[2024-05-10 00:19:47,025][    INFO] Iters: 0, Total loss: 0.059, Loss x: 0.066, Loss s: 0.099, Loss w_fp: 0.005, Mask ratio: 0.979
[2024-05-10 00:20:03,266][    INFO] ***** Evaluation ***** >>>> Class [0 Right Ventricle] Dice: 78.54
[2024-05-10 00:20:03,267][    INFO] ***** Evaluation ***** >>>> Class [1 Myocardium] Dice: 79.03
[2024-05-10 00:20:03,267][    INFO] ***** Evaluation ***** >>>> Class [2 Left Ventricle] Dice: 89.70
[2024-05-10 00:20:03,267][    INFO] ***** Evaluation ***** >>>> MeanDice: 82.42

[2024-05-10 00:20:03,338][    INFO] ===========> Epoch: 16, LR: 0.00863, Previous best: 82.53
[2024-05-10 00:20:04,197][    INFO] Iters: 0, Total loss: 0.062, Loss x: 0.100, Loss s: 0.040, Loss w_fp: 0.010, Mask ratio: 0.982
[2024-05-10 00:20:20,419][    INFO] ***** Evaluation ***** >>>> Class [0 Right Ventricle] Dice: 77.02
[2024-05-10 00:20:20,420][    INFO] ***** Evaluation ***** >>>> Class [1 Myocardium] Dice: 79.86
[2024-05-10 00:20:20,420][    INFO] ***** Evaluation ***** >>>> Class [2 Left Ventricle] Dice: 86.31
[2024-05-10 00:20:20,420][    INFO] ***** Evaluation ***** >>>> MeanDice: 81.06

[2024-05-10 00:20:20,490][    INFO] ===========> Epoch: 17, LR: 0.00854, Previous best: 82.53
[2024-05-10 00:20:21,308][    INFO] Iters: 0, Total loss: 0.062, Loss x: 0.057, Loss s: 0.120, Loss w_fp: 0.012, Mask ratio: 0.985
[2024-05-10 00:20:37,242][    INFO] ***** Evaluation ***** >>>> Class [0 Right Ventricle] Dice: 80.14
[2024-05-10 00:20:37,243][    INFO] ***** Evaluation ***** >>>> Class [1 Myocardium] Dice: 79.26
[2024-05-10 00:20:37,243][    INFO] ***** Evaluation ***** >>>> Class [2 Left Ventricle] Dice: 90.29
[2024-05-10 00:20:37,243][    INFO] ***** Evaluation ***** >>>> MeanDice: 83.23

[2024-05-10 00:20:37,363][    INFO] ===========> Epoch: 18, LR: 0.00845, Previous best: 83.23
[2024-05-10 00:20:38,327][    INFO] Iters: 0, Total loss: 0.051, Loss x: 0.073, Loss s: 0.052, Loss w_fp: 0.008, Mask ratio: 0.979
[2024-05-10 00:20:54,417][    INFO] ***** Evaluation ***** >>>> Class [0 Right Ventricle] Dice: 81.19
[2024-05-10 00:20:54,417][    INFO] ***** Evaluation ***** >>>> Class [1 Myocardium] Dice: 81.56
[2024-05-10 00:20:54,417][    INFO] ***** Evaluation ***** >>>> Class [2 Left Ventricle] Dice: 89.77
[2024-05-10 00:20:54,418][    INFO] ***** Evaluation ***** >>>> MeanDice: 84.18

[2024-05-10 00:20:54,533][    INFO] ===========> Epoch: 19, LR: 0.00835, Previous best: 84.18
[2024-05-10 00:20:55,426][    INFO] Iters: 0, Total loss: 0.053, Loss x: 0.077, Loss s: 0.050, Loss w_fp: 0.008, Mask ratio: 0.985
[2024-05-10 00:21:12,529][    INFO] ***** Evaluation ***** >>>> Class [0 Right Ventricle] Dice: 79.85
[2024-05-10 00:21:12,529][    INFO] ***** Evaluation ***** >>>> Class [1 Myocardium] Dice: 80.69
[2024-05-10 00:21:12,529][    INFO] ***** Evaluation ***** >>>> Class [2 Left Ventricle] Dice: 91.77
[2024-05-10 00:21:12,529][    INFO] ***** Evaluation ***** >>>> MeanDice: 84.10

[2024-05-10 00:21:12,577][    INFO] ===========> Epoch: 20, LR: 0.00826, Previous best: 84.18
[2024-05-10 00:21:13,436][    INFO] Iters: 0, Total loss: 0.040, Loss x: 0.056, Loss s: 0.042, Loss w_fp: 0.008, Mask ratio: 0.984
[2024-05-10 00:21:29,885][    INFO] ***** Evaluation ***** >>>> Class [0 Right Ventricle] Dice: 81.31
[2024-05-10 00:21:29,885][    INFO] ***** Evaluation ***** >>>> Class [1 Myocardium] Dice: 81.20
[2024-05-10 00:21:29,886][    INFO] ***** Evaluation ***** >>>> Class [2 Left Ventricle] Dice: 89.63
[2024-05-10 00:21:29,886][    INFO] ***** Evaluation ***** >>>> MeanDice: 84.05

[2024-05-10 00:21:29,959][    INFO] ===========> Epoch: 21, LR: 0.00817, Previous best: 84.18
[2024-05-10 00:21:30,823][    INFO] Iters: 0, Total loss: 0.035, Loss x: 0.049, Loss s: 0.027, Loss w_fp: 0.015, Mask ratio: 0.980
[2024-05-10 00:21:47,359][    INFO] ***** Evaluation ***** >>>> Class [0 Right Ventricle] Dice: 80.67
[2024-05-10 00:21:47,359][    INFO] ***** Evaluation ***** >>>> Class [1 Myocardium] Dice: 81.90
[2024-05-10 00:21:47,359][    INFO] ***** Evaluation ***** >>>> Class [2 Left Ventricle] Dice: 91.17
[2024-05-10 00:21:47,359][    INFO] ***** Evaluation ***** >>>> MeanDice: 84.58

[2024-05-10 00:21:47,475][    INFO] ===========> Epoch: 22, LR: 0.00808, Previous best: 84.58
[2024-05-10 00:21:48,362][    INFO] Iters: 0, Total loss: 0.045, Loss x: 0.066, Loss s: 0.039, Loss w_fp: 0.009, Mask ratio: 0.981
[2024-05-10 00:22:05,607][    INFO] ***** Evaluation ***** >>>> Class [0 Right Ventricle] Dice: 79.38
[2024-05-10 00:22:05,607][    INFO] ***** Evaluation ***** >>>> Class [1 Myocardium] Dice: 80.53
[2024-05-10 00:22:05,608][    INFO] ***** Evaluation ***** >>>> Class [2 Left Ventricle] Dice: 89.55
[2024-05-10 00:22:05,608][    INFO] ***** Evaluation ***** >>>> MeanDice: 83.15

[2024-05-10 00:22:05,679][    INFO] ===========> Epoch: 23, LR: 0.00799, Previous best: 84.58
[2024-05-10 00:22:06,548][    INFO] Iters: 0, Total loss: 0.057, Loss x: 0.072, Loss s: 0.066, Loss w_fp: 0.017, Mask ratio: 0.987
[2024-05-10 00:22:22,664][    INFO] ***** Evaluation ***** >>>> Class [0 Right Ventricle] Dice: 81.90
[2024-05-10 00:22:22,664][    INFO] ***** Evaluation ***** >>>> Class [1 Myocardium] Dice: 82.24
[2024-05-10 00:22:22,664][    INFO] ***** Evaluation ***** >>>> Class [2 Left Ventricle] Dice: 89.41
[2024-05-10 00:22:22,664][    INFO] ***** Evaluation ***** >>>> MeanDice: 84.52

[2024-05-10 00:22:22,736][    INFO] ===========> Epoch: 24, LR: 0.00789, Previous best: 84.58
[2024-05-10 00:22:23,595][    INFO] Iters: 0, Total loss: 0.068, Loss x: 0.052, Loss s: 0.159, Loss w_fp: 0.009, Mask ratio: 0.986
[2024-05-10 00:22:39,475][    INFO] ***** Evaluation ***** >>>> Class [0 Right Ventricle] Dice: 82.91
[2024-05-10 00:22:39,476][    INFO] ***** Evaluation ***** >>>> Class [1 Myocardium] Dice: 82.70
[2024-05-10 00:22:39,476][    INFO] ***** Evaluation ***** >>>> Class [2 Left Ventricle] Dice: 92.25
[2024-05-10 00:22:39,476][    INFO] ***** Evaluation ***** >>>> MeanDice: 85.95

[2024-05-10 00:22:39,589][    INFO] ===========> Epoch: 25, LR: 0.00780, Previous best: 85.95
[2024-05-10 00:22:40,419][    INFO] Iters: 0, Total loss: 0.034, Loss x: 0.038, Loss s: 0.055, Loss w_fp: 0.004, Mask ratio: 0.990
[2024-05-10 00:22:56,271][    INFO] ***** Evaluation ***** >>>> Class [0 Right Ventricle] Dice: 82.50
[2024-05-10 00:22:56,272][    INFO] ***** Evaluation ***** >>>> Class [1 Myocardium] Dice: 81.75
[2024-05-10 00:22:56,272][    INFO] ***** Evaluation ***** >>>> Class [2 Left Ventricle] Dice: 90.30
[2024-05-10 00:22:56,272][    INFO] ***** Evaluation ***** >>>> MeanDice: 84.85

[2024-05-10 00:22:56,318][    INFO] ===========> Epoch: 26, LR: 0.00771, Previous best: 85.95
[2024-05-10 00:22:57,105][    INFO] Iters: 0, Total loss: 0.032, Loss x: 0.036, Loss s: 0.052, Loss w_fp: 0.006, Mask ratio: 0.984
[2024-05-10 00:23:13,167][    INFO] ***** Evaluation ***** >>>> Class [0 Right Ventricle] Dice: 82.28
[2024-05-10 00:23:13,167][    INFO] ***** Evaluation ***** >>>> Class [1 Myocardium] Dice: 81.19
[2024-05-10 00:23:13,168][    INFO] ***** Evaluation ***** >>>> Class [2 Left Ventricle] Dice: 90.80
[2024-05-10 00:23:13,168][    INFO] ***** Evaluation ***** >>>> MeanDice: 84.76

[2024-05-10 00:23:13,241][    INFO] ===========> Epoch: 27, LR: 0.00762, Previous best: 85.95
[2024-05-10 00:23:14,097][    INFO] Iters: 0, Total loss: 0.044, Loss x: 0.057, Loss s: 0.055, Loss w_fp: 0.005, Mask ratio: 0.986
[2024-05-10 00:23:29,851][    INFO] ***** Evaluation ***** >>>> Class [0 Right Ventricle] Dice: 83.62
[2024-05-10 00:23:29,851][    INFO] ***** Evaluation ***** >>>> Class [1 Myocardium] Dice: 84.67
[2024-05-10 00:23:29,851][    INFO] ***** Evaluation ***** >>>> Class [2 Left Ventricle] Dice: 91.26
[2024-05-10 00:23:29,851][    INFO] ***** Evaluation ***** >>>> MeanDice: 86.52

[2024-05-10 00:23:29,943][    INFO] ===========> Epoch: 28, LR: 0.00752, Previous best: 86.52
[2024-05-10 00:23:30,896][    INFO] Iters: 0, Total loss: 0.037, Loss x: 0.047, Loss s: 0.042, Loss w_fp: 0.011, Mask ratio: 0.989
[2024-05-10 00:23:47,244][    INFO] ***** Evaluation ***** >>>> Class [0 Right Ventricle] Dice: 83.08
[2024-05-10 00:23:47,244][    INFO] ***** Evaluation ***** >>>> Class [1 Myocardium] Dice: 84.11
[2024-05-10 00:23:47,244][    INFO] ***** Evaluation ***** >>>> Class [2 Left Ventricle] Dice: 91.85
[2024-05-10 00:23:47,245][    INFO] ***** Evaluation ***** >>>> MeanDice: 86.34

[2024-05-10 00:23:47,316][    INFO] ===========> Epoch: 29, LR: 0.00743, Previous best: 86.52
[2024-05-10 00:23:48,257][    INFO] Iters: 0, Total loss: 0.035, Loss x: 0.042, Loss s: 0.051, Loss w_fp: 0.005, Mask ratio: 0.989
[2024-05-10 00:24:04,921][    INFO] ***** Evaluation ***** >>>> Class [0 Right Ventricle] Dice: 84.52
[2024-05-10 00:24:04,921][    INFO] ***** Evaluation ***** >>>> Class [1 Myocardium] Dice: 85.51
[2024-05-10 00:24:04,921][    INFO] ***** Evaluation ***** >>>> Class [2 Left Ventricle] Dice: 92.89
[2024-05-10 00:24:04,921][    INFO] ***** Evaluation ***** >>>> MeanDice: 87.64

[2024-05-10 00:24:05,038][    INFO] ===========> Epoch: 30, LR: 0.00734, Previous best: 87.64
[2024-05-10 00:24:05,978][    INFO] Iters: 0, Total loss: 0.041, Loss x: 0.056, Loss s: 0.046, Loss w_fp: 0.005, Mask ratio: 0.990
[2024-05-10 00:24:21,673][    INFO] ***** Evaluation ***** >>>> Class [0 Right Ventricle] Dice: 83.15
[2024-05-10 00:24:21,673][    INFO] ***** Evaluation ***** >>>> Class [1 Myocardium] Dice: 85.26
[2024-05-10 00:24:21,673][    INFO] ***** Evaluation ***** >>>> Class [2 Left Ventricle] Dice: 92.90
[2024-05-10 00:24:21,673][    INFO] ***** Evaluation ***** >>>> MeanDice: 87.10

[2024-05-10 00:24:21,748][    INFO] ===========> Epoch: 31, LR: 0.00724, Previous best: 87.64
[2024-05-10 00:24:22,647][    INFO] Iters: 0, Total loss: 0.060, Loss x: 0.066, Loss s: 0.096, Loss w_fp: 0.011, Mask ratio: 0.985
[2024-05-10 00:24:39,057][    INFO] ***** Evaluation ***** >>>> Class [0 Right Ventricle] Dice: 83.26
[2024-05-10 00:24:39,057][    INFO] ***** Evaluation ***** >>>> Class [1 Myocardium] Dice: 84.53
[2024-05-10 00:24:39,057][    INFO] ***** Evaluation ***** >>>> Class [2 Left Ventricle] Dice: 92.74
[2024-05-10 00:24:39,057][    INFO] ***** Evaluation ***** >>>> MeanDice: 86.84

[2024-05-10 00:24:39,132][    INFO] ===========> Epoch: 32, LR: 0.00715, Previous best: 87.64
[2024-05-10 00:24:40,071][    INFO] Iters: 0, Total loss: 0.033, Loss x: 0.055, Loss s: 0.018, Loss w_fp: 0.003, Mask ratio: 0.987
[2024-05-10 00:24:55,992][    INFO] ***** Evaluation ***** >>>> Class [0 Right Ventricle] Dice: 79.63
[2024-05-10 00:24:55,992][    INFO] ***** Evaluation ***** >>>> Class [1 Myocardium] Dice: 82.91
[2024-05-10 00:24:55,992][    INFO] ***** Evaluation ***** >>>> Class [2 Left Ventricle] Dice: 90.40
[2024-05-10 00:24:55,992][    INFO] ***** Evaluation ***** >>>> MeanDice: 84.31

[2024-05-10 00:24:56,065][    INFO] ===========> Epoch: 33, LR: 0.00706, Previous best: 87.64
[2024-05-10 00:24:56,908][    INFO] Iters: 0, Total loss: 0.028, Loss x: 0.044, Loss s: 0.022, Loss w_fp: 0.003, Mask ratio: 0.988
[2024-05-10 00:25:12,227][    INFO] ***** Evaluation ***** >>>> Class [0 Right Ventricle] Dice: 83.72
[2024-05-10 00:25:12,227][    INFO] ***** Evaluation ***** >>>> Class [1 Myocardium] Dice: 84.35
[2024-05-10 00:25:12,227][    INFO] ***** Evaluation ***** >>>> Class [2 Left Ventricle] Dice: 90.14
[2024-05-10 00:25:12,227][    INFO] ***** Evaluation ***** >>>> MeanDice: 86.07

[2024-05-10 00:25:12,299][    INFO] ===========> Epoch: 34, LR: 0.00696, Previous best: 87.64
[2024-05-10 00:25:13,146][    INFO] Iters: 0, Total loss: 0.024, Loss x: 0.032, Loss s: 0.022, Loss w_fp: 0.009, Mask ratio: 0.987
[2024-05-10 00:25:28,963][    INFO] ***** Evaluation ***** >>>> Class [0 Right Ventricle] Dice: 82.62
[2024-05-10 00:25:28,963][    INFO] ***** Evaluation ***** >>>> Class [1 Myocardium] Dice: 84.64
[2024-05-10 00:25:28,963][    INFO] ***** Evaluation ***** >>>> Class [2 Left Ventricle] Dice: 91.68
[2024-05-10 00:25:28,963][    INFO] ***** Evaluation ***** >>>> MeanDice: 86.31

[2024-05-10 00:25:29,011][    INFO] ===========> Epoch: 35, LR: 0.00687, Previous best: 87.64
[2024-05-10 00:25:29,978][    INFO] Iters: 0, Total loss: 0.027, Loss x: 0.038, Loss s: 0.027, Loss w_fp: 0.004, Mask ratio: 0.992
[2024-05-10 00:25:46,019][    INFO] ***** Evaluation ***** >>>> Class [0 Right Ventricle] Dice: 85.06
[2024-05-10 00:25:46,019][    INFO] ***** Evaluation ***** >>>> Class [1 Myocardium] Dice: 84.91
[2024-05-10 00:25:46,019][    INFO] ***** Evaluation ***** >>>> Class [2 Left Ventricle] Dice: 92.71
[2024-05-10 00:25:46,019][    INFO] ***** Evaluation ***** >>>> MeanDice: 87.56

[2024-05-10 00:25:46,090][    INFO] ===========> Epoch: 36, LR: 0.00678, Previous best: 87.64
[2024-05-10 00:25:46,924][    INFO] Iters: 0, Total loss: 0.027, Loss x: 0.034, Loss s: 0.030, Loss w_fp: 0.011, Mask ratio: 0.988
[2024-05-10 00:26:02,438][    INFO] ***** Evaluation ***** >>>> Class [0 Right Ventricle] Dice: 84.01
[2024-05-10 00:26:02,439][    INFO] ***** Evaluation ***** >>>> Class [1 Myocardium] Dice: 85.48
[2024-05-10 00:26:02,439][    INFO] ***** Evaluation ***** >>>> Class [2 Left Ventricle] Dice: 92.87
[2024-05-10 00:26:02,439][    INFO] ***** Evaluation ***** >>>> MeanDice: 87.45

[2024-05-10 00:26:02,511][    INFO] ===========> Epoch: 37, LR: 0.00668, Previous best: 87.64
[2024-05-10 00:26:03,438][    INFO] Iters: 0, Total loss: 0.046, Loss x: 0.055, Loss s: 0.062, Loss w_fp: 0.012, Mask ratio: 0.989
[2024-05-10 00:26:19,143][    INFO] ***** Evaluation ***** >>>> Class [0 Right Ventricle] Dice: 83.71
[2024-05-10 00:26:19,143][    INFO] ***** Evaluation ***** >>>> Class [1 Myocardium] Dice: 85.58
[2024-05-10 00:26:19,143][    INFO] ***** Evaluation ***** >>>> Class [2 Left Ventricle] Dice: 93.25
[2024-05-10 00:26:19,143][    INFO] ***** Evaluation ***** >>>> MeanDice: 87.51

[2024-05-10 00:26:19,215][    INFO] ===========> Epoch: 38, LR: 0.00659, Previous best: 87.64
[2024-05-10 00:26:20,057][    INFO] Iters: 0, Total loss: 0.060, Loss x: 0.075, Loss s: 0.076, Loss w_fp: 0.013, Mask ratio: 0.981
[2024-05-10 00:26:35,911][    INFO] ***** Evaluation ***** >>>> Class [0 Right Ventricle] Dice: 85.28
[2024-05-10 00:26:35,911][    INFO] ***** Evaluation ***** >>>> Class [1 Myocardium] Dice: 85.87
[2024-05-10 00:26:35,911][    INFO] ***** Evaluation ***** >>>> Class [2 Left Ventricle] Dice: 93.17
[2024-05-10 00:26:35,911][    INFO] ***** Evaluation ***** >>>> MeanDice: 88.11

[2024-05-10 00:26:36,027][    INFO] ===========> Epoch: 39, LR: 0.00649, Previous best: 88.11
[2024-05-10 00:26:36,912][    INFO] Iters: 0, Total loss: 0.028, Loss x: 0.047, Loss s: 0.013, Loss w_fp: 0.004, Mask ratio: 0.989
[2024-05-10 00:26:53,200][    INFO] ***** Evaluation ***** >>>> Class [0 Right Ventricle] Dice: 85.16
[2024-05-10 00:26:53,200][    INFO] ***** Evaluation ***** >>>> Class [1 Myocardium] Dice: 84.87
[2024-05-10 00:26:53,201][    INFO] ***** Evaluation ***** >>>> Class [2 Left Ventricle] Dice: 90.94
[2024-05-10 00:26:53,201][    INFO] ***** Evaluation ***** >>>> MeanDice: 86.99

[2024-05-10 00:26:53,274][    INFO] ===========> Epoch: 40, LR: 0.00640, Previous best: 88.11
[2024-05-10 00:26:54,121][    INFO] Iters: 0, Total loss: 0.030, Loss x: 0.037, Loss s: 0.026, Loss w_fp: 0.020, Mask ratio: 0.982
[2024-05-10 00:27:10,338][    INFO] ***** Evaluation ***** >>>> Class [0 Right Ventricle] Dice: 85.29
[2024-05-10 00:27:10,338][    INFO] ***** Evaluation ***** >>>> Class [1 Myocardium] Dice: 87.00
[2024-05-10 00:27:10,338][    INFO] ***** Evaluation ***** >>>> Class [2 Left Ventricle] Dice: 92.18
[2024-05-10 00:27:10,338][    INFO] ***** Evaluation ***** >>>> MeanDice: 88.16

[2024-05-10 00:27:10,454][    INFO] ===========> Epoch: 41, LR: 0.00630, Previous best: 88.16
[2024-05-10 00:27:11,327][    INFO] Iters: 0, Total loss: 0.030, Loss x: 0.044, Loss s: 0.030, Loss w_fp: 0.004, Mask ratio: 0.986
[2024-05-10 00:27:27,443][    INFO] ***** Evaluation ***** >>>> Class [0 Right Ventricle] Dice: 84.45
[2024-05-10 00:27:27,443][    INFO] ***** Evaluation ***** >>>> Class [1 Myocardium] Dice: 84.77
[2024-05-10 00:27:27,443][    INFO] ***** Evaluation ***** >>>> Class [2 Left Ventricle] Dice: 90.29
[2024-05-10 00:27:27,443][    INFO] ***** Evaluation ***** >>>> MeanDice: 86.50

[2024-05-10 00:27:27,491][    INFO] ===========> Epoch: 42, LR: 0.00621, Previous best: 88.16
[2024-05-10 00:27:28,383][    INFO] Iters: 0, Total loss: 0.045, Loss x: 0.056, Loss s: 0.063, Loss w_fp: 0.007, Mask ratio: 0.990
[2024-05-10 00:27:43,674][    INFO] ***** Evaluation ***** >>>> Class [0 Right Ventricle] Dice: 82.93
[2024-05-10 00:27:43,675][    INFO] ***** Evaluation ***** >>>> Class [1 Myocardium] Dice: 85.27
[2024-05-10 00:27:43,675][    INFO] ***** Evaluation ***** >>>> Class [2 Left Ventricle] Dice: 91.10
[2024-05-10 00:27:43,675][    INFO] ***** Evaluation ***** >>>> MeanDice: 86.43

[2024-05-10 00:27:43,739][    INFO] ===========> Epoch: 43, LR: 0.00611, Previous best: 88.16
[2024-05-10 00:27:44,569][    INFO] Iters: 0, Total loss: 0.029, Loss x: 0.027, Loss s: 0.057, Loss w_fp: 0.005, Mask ratio: 0.989
[2024-05-10 00:28:00,370][    INFO] ***** Evaluation ***** >>>> Class [0 Right Ventricle] Dice: 83.14
[2024-05-10 00:28:00,371][    INFO] ***** Evaluation ***** >>>> Class [1 Myocardium] Dice: 83.64
[2024-05-10 00:28:00,371][    INFO] ***** Evaluation ***** >>>> Class [2 Left Ventricle] Dice: 92.53
[2024-05-10 00:28:00,371][    INFO] ***** Evaluation ***** >>>> MeanDice: 86.44

[2024-05-10 00:28:00,442][    INFO] ===========> Epoch: 44, LR: 0.00602, Previous best: 88.16
[2024-05-10 00:28:01,394][    INFO] Iters: 0, Total loss: 0.027, Loss x: 0.030, Loss s: 0.046, Loss w_fp: 0.003, Mask ratio: 0.988
[2024-05-10 00:28:17,448][    INFO] ***** Evaluation ***** >>>> Class [0 Right Ventricle] Dice: 85.21
[2024-05-10 00:28:17,448][    INFO] ***** Evaluation ***** >>>> Class [1 Myocardium] Dice: 85.78
[2024-05-10 00:28:17,448][    INFO] ***** Evaluation ***** >>>> Class [2 Left Ventricle] Dice: 93.41
[2024-05-10 00:28:17,448][    INFO] ***** Evaluation ***** >>>> MeanDice: 88.13

[2024-05-10 00:28:17,520][    INFO] ===========> Epoch: 45, LR: 0.00592, Previous best: 88.16
[2024-05-10 00:28:18,378][    INFO] Iters: 0, Total loss: 0.034, Loss x: 0.054, Loss s: 0.023, Loss w_fp: 0.006, Mask ratio: 0.985
[2024-05-10 00:28:35,410][    INFO] ***** Evaluation ***** >>>> Class [0 Right Ventricle] Dice: 84.94
[2024-05-10 00:28:35,410][    INFO] ***** Evaluation ***** >>>> Class [1 Myocardium] Dice: 84.83
[2024-05-10 00:28:35,411][    INFO] ***** Evaluation ***** >>>> Class [2 Left Ventricle] Dice: 90.86
[2024-05-10 00:28:35,411][    INFO] ***** Evaluation ***** >>>> MeanDice: 86.87

[2024-05-10 00:28:35,485][    INFO] ===========> Epoch: 46, LR: 0.00583, Previous best: 88.16
[2024-05-10 00:28:36,350][    INFO] Iters: 0, Total loss: 0.026, Loss x: 0.028, Loss s: 0.047, Loss w_fp: 0.002, Mask ratio: 0.995
[2024-05-10 00:28:51,824][    INFO] ***** Evaluation ***** >>>> Class [0 Right Ventricle] Dice: 85.60
[2024-05-10 00:28:51,824][    INFO] ***** Evaluation ***** >>>> Class [1 Myocardium] Dice: 85.60
[2024-05-10 00:28:51,825][    INFO] ***** Evaluation ***** >>>> Class [2 Left Ventricle] Dice: 93.46
[2024-05-10 00:28:51,825][    INFO] ***** Evaluation ***** >>>> MeanDice: 88.22

[2024-05-10 00:28:51,967][    INFO] ===========> Epoch: 47, LR: 0.00573, Previous best: 88.22
[2024-05-10 00:28:52,823][    INFO] Iters: 0, Total loss: 0.055, Loss x: 0.072, Loss s: 0.068, Loss w_fp: 0.008, Mask ratio: 0.989
[2024-05-10 00:29:08,295][    INFO] ***** Evaluation ***** >>>> Class [0 Right Ventricle] Dice: 85.89
[2024-05-10 00:29:08,295][    INFO] ***** Evaluation ***** >>>> Class [1 Myocardium] Dice: 86.57
[2024-05-10 00:29:08,295][    INFO] ***** Evaluation ***** >>>> Class [2 Left Ventricle] Dice: 93.34
[2024-05-10 00:29:08,295][    INFO] ***** Evaluation ***** >>>> MeanDice: 88.60

[2024-05-10 00:29:08,410][    INFO] ===========> Epoch: 48, LR: 0.00564, Previous best: 88.60
[2024-05-10 00:29:09,262][    INFO] Iters: 0, Total loss: 0.034, Loss x: 0.055, Loss s: 0.019, Loss w_fp: 0.009, Mask ratio: 0.987
[2024-05-10 00:29:24,669][    INFO] ***** Evaluation ***** >>>> Class [0 Right Ventricle] Dice: 85.93
[2024-05-10 00:29:24,669][    INFO] ***** Evaluation ***** >>>> Class [1 Myocardium] Dice: 85.43
[2024-05-10 00:29:24,669][    INFO] ***** Evaluation ***** >>>> Class [2 Left Ventricle] Dice: 92.12
[2024-05-10 00:29:24,669][    INFO] ***** Evaluation ***** >>>> MeanDice: 87.83

[2024-05-10 00:29:24,741][    INFO] ===========> Epoch: 49, LR: 0.00554, Previous best: 88.60
[2024-05-10 00:29:25,613][    INFO] Iters: 0, Total loss: 0.032, Loss x: 0.039, Loss s: 0.046, Loss w_fp: 0.004, Mask ratio: 0.988
[2024-05-10 00:29:42,151][    INFO] ***** Evaluation ***** >>>> Class [0 Right Ventricle] Dice: 85.33
[2024-05-10 00:29:42,151][    INFO] ***** Evaluation ***** >>>> Class [1 Myocardium] Dice: 86.27
[2024-05-10 00:29:42,151][    INFO] ***** Evaluation ***** >>>> Class [2 Left Ventricle] Dice: 92.65
[2024-05-10 00:29:42,151][    INFO] ***** Evaluation ***** >>>> MeanDice: 88.08

[2024-05-10 00:29:42,200][    INFO] ===========> Epoch: 50, LR: 0.00544, Previous best: 88.60
[2024-05-10 00:29:43,067][    INFO] Iters: 0, Total loss: 0.032, Loss x: 0.037, Loss s: 0.045, Loss w_fp: 0.010, Mask ratio: 0.987
[2024-05-10 00:29:59,127][    INFO] ***** Evaluation ***** >>>> Class [0 Right Ventricle] Dice: 84.85
[2024-05-10 00:29:59,127][    INFO] ***** Evaluation ***** >>>> Class [1 Myocardium] Dice: 84.79
[2024-05-10 00:29:59,127][    INFO] ***** Evaluation ***** >>>> Class [2 Left Ventricle] Dice: 90.95
[2024-05-10 00:29:59,127][    INFO] ***** Evaluation ***** >>>> MeanDice: 86.86

[2024-05-10 00:29:59,175][    INFO] ===========> Epoch: 51, LR: 0.00535, Previous best: 88.60
[2024-05-10 00:30:00,006][    INFO] Iters: 0, Total loss: 0.031, Loss x: 0.035, Loss s: 0.045, Loss w_fp: 0.009, Mask ratio: 0.991
[2024-05-10 00:30:15,941][    INFO] ***** Evaluation ***** >>>> Class [0 Right Ventricle] Dice: 85.33
[2024-05-10 00:30:15,941][    INFO] ***** Evaluation ***** >>>> Class [1 Myocardium] Dice: 86.88
[2024-05-10 00:30:15,941][    INFO] ***** Evaluation ***** >>>> Class [2 Left Ventricle] Dice: 93.66
[2024-05-10 00:30:15,942][    INFO] ***** Evaluation ***** >>>> MeanDice: 88.62

[2024-05-10 00:30:16,031][    INFO] ===========> Epoch: 52, LR: 0.00525, Previous best: 88.62
[2024-05-10 00:30:16,964][    INFO] Iters: 0, Total loss: 0.043, Loss x: 0.060, Loss s: 0.044, Loss w_fp: 0.009, Mask ratio: 0.987
[2024-05-10 00:30:33,551][    INFO] ***** Evaluation ***** >>>> Class [0 Right Ventricle] Dice: 84.44
[2024-05-10 00:30:33,551][    INFO] ***** Evaluation ***** >>>> Class [1 Myocardium] Dice: 85.05
[2024-05-10 00:30:33,551][    INFO] ***** Evaluation ***** >>>> Class [2 Left Ventricle] Dice: 92.55
[2024-05-10 00:30:33,551][    INFO] ***** Evaluation ***** >>>> MeanDice: 87.35

[2024-05-10 00:30:33,624][    INFO] ===========> Epoch: 53, LR: 0.00516, Previous best: 88.62
[2024-05-10 00:30:34,488][    INFO] Iters: 0, Total loss: 0.023, Loss x: 0.029, Loss s: 0.026, Loss w_fp: 0.008, Mask ratio: 0.990
[2024-05-10 00:30:51,674][    INFO] ***** Evaluation ***** >>>> Class [0 Right Ventricle] Dice: 84.14
[2024-05-10 00:30:51,674][    INFO] ***** Evaluation ***** >>>> Class [1 Myocardium] Dice: 86.11
[2024-05-10 00:30:51,674][    INFO] ***** Evaluation ***** >>>> Class [2 Left Ventricle] Dice: 92.16
[2024-05-10 00:30:51,674][    INFO] ***** Evaluation ***** >>>> MeanDice: 87.47

[2024-05-10 00:30:51,748][    INFO] ===========> Epoch: 54, LR: 0.00506, Previous best: 88.62
[2024-05-10 00:30:52,590][    INFO] Iters: 0, Total loss: 0.033, Loss x: 0.039, Loss s: 0.048, Loss w_fp: 0.006, Mask ratio: 0.987
[2024-05-10 00:31:08,003][    INFO] ***** Evaluation ***** >>>> Class [0 Right Ventricle] Dice: 85.10
[2024-05-10 00:31:08,003][    INFO] ***** Evaluation ***** >>>> Class [1 Myocardium] Dice: 87.16
[2024-05-10 00:31:08,003][    INFO] ***** Evaluation ***** >>>> Class [2 Left Ventricle] Dice: 93.54
[2024-05-10 00:31:08,003][    INFO] ***** Evaluation ***** >>>> MeanDice: 88.60

[2024-05-10 00:31:08,078][    INFO] ===========> Epoch: 55, LR: 0.00496, Previous best: 88.62
[2024-05-10 00:31:08,920][    INFO] Iters: 0, Total loss: 0.029, Loss x: 0.037, Loss s: 0.040, Loss w_fp: 0.003, Mask ratio: 0.991
[2024-05-10 00:31:24,141][    INFO] ***** Evaluation ***** >>>> Class [0 Right Ventricle] Dice: 86.00
[2024-05-10 00:31:24,141][    INFO] ***** Evaluation ***** >>>> Class [1 Myocardium] Dice: 86.06
[2024-05-10 00:31:24,141][    INFO] ***** Evaluation ***** >>>> Class [2 Left Ventricle] Dice: 93.44
[2024-05-10 00:31:24,141][    INFO] ***** Evaluation ***** >>>> MeanDice: 88.50

[2024-05-10 00:31:24,187][    INFO] ===========> Epoch: 56, LR: 0.00486, Previous best: 88.62
[2024-05-10 00:31:25,064][    INFO] Iters: 0, Total loss: 0.035, Loss x: 0.040, Loss s: 0.049, Loss w_fp: 0.011, Mask ratio: 0.987
[2024-05-10 00:31:42,105][    INFO] ***** Evaluation ***** >>>> Class [0 Right Ventricle] Dice: 85.53
[2024-05-10 00:31:42,105][    INFO] ***** Evaluation ***** >>>> Class [1 Myocardium] Dice: 85.76
[2024-05-10 00:31:42,105][    INFO] ***** Evaluation ***** >>>> Class [2 Left Ventricle] Dice: 92.98
[2024-05-10 00:31:42,105][    INFO] ***** Evaluation ***** >>>> MeanDice: 88.09

[2024-05-10 00:31:42,153][    INFO] ===========> Epoch: 57, LR: 0.00477, Previous best: 88.62
[2024-05-10 00:31:42,998][    INFO] Iters: 0, Total loss: 0.041, Loss x: 0.030, Loss s: 0.097, Loss w_fp: 0.005, Mask ratio: 0.991
[2024-05-10 00:31:58,766][    INFO] ***** Evaluation ***** >>>> Class [0 Right Ventricle] Dice: 85.48
[2024-05-10 00:31:58,767][    INFO] ***** Evaluation ***** >>>> Class [1 Myocardium] Dice: 86.84
[2024-05-10 00:31:58,767][    INFO] ***** Evaluation ***** >>>> Class [2 Left Ventricle] Dice: 92.92
[2024-05-10 00:31:58,767][    INFO] ***** Evaluation ***** >>>> MeanDice: 88.42

[2024-05-10 00:31:58,841][    INFO] ===========> Epoch: 58, LR: 0.00467, Previous best: 88.62
[2024-05-10 00:31:59,669][    INFO] Iters: 0, Total loss: 0.026, Loss x: 0.031, Loss s: 0.041, Loss w_fp: 0.003, Mask ratio: 0.984
[2024-05-10 00:32:16,125][    INFO] ***** Evaluation ***** >>>> Class [0 Right Ventricle] Dice: 86.61
[2024-05-10 00:32:16,126][    INFO] ***** Evaluation ***** >>>> Class [1 Myocardium] Dice: 87.99
[2024-05-10 00:32:16,126][    INFO] ***** Evaluation ***** >>>> Class [2 Left Ventricle] Dice: 93.72
[2024-05-10 00:32:16,126][    INFO] ***** Evaluation ***** >>>> MeanDice: 89.44

[2024-05-10 00:32:16,242][    INFO] ===========> Epoch: 59, LR: 0.00457, Previous best: 89.44
[2024-05-10 00:32:17,073][    INFO] Iters: 0, Total loss: 0.031, Loss x: 0.039, Loss s: 0.038, Loss w_fp: 0.008, Mask ratio: 0.989
[2024-05-10 00:32:34,563][    INFO] ***** Evaluation ***** >>>> Class [0 Right Ventricle] Dice: 85.81
[2024-05-10 00:32:34,563][    INFO] ***** Evaluation ***** >>>> Class [1 Myocardium] Dice: 86.90
[2024-05-10 00:32:34,563][    INFO] ***** Evaluation ***** >>>> Class [2 Left Ventricle] Dice: 93.66
[2024-05-10 00:32:34,563][    INFO] ***** Evaluation ***** >>>> MeanDice: 88.79

[2024-05-10 00:32:34,635][    INFO] ===========> Epoch: 60, LR: 0.00447, Previous best: 89.44
[2024-05-10 00:32:35,446][    INFO] Iters: 0, Total loss: 0.034, Loss x: 0.043, Loss s: 0.044, Loss w_fp: 0.007, Mask ratio: 0.988
[2024-05-10 00:32:51,210][    INFO] ***** Evaluation ***** >>>> Class [0 Right Ventricle] Dice: 86.38
[2024-05-10 00:32:51,210][    INFO] ***** Evaluation ***** >>>> Class [1 Myocardium] Dice: 86.62
[2024-05-10 00:32:51,210][    INFO] ***** Evaluation ***** >>>> Class [2 Left Ventricle] Dice: 92.91
[2024-05-10 00:32:51,210][    INFO] ***** Evaluation ***** >>>> MeanDice: 88.64

[2024-05-10 00:32:51,256][    INFO] ===========> Epoch: 61, LR: 0.00437, Previous best: 89.44
[2024-05-10 00:32:52,088][    INFO] Iters: 0, Total loss: 0.055, Loss x: 0.089, Loss s: 0.040, Loss w_fp: 0.004, Mask ratio: 0.989
[2024-05-10 00:33:07,540][    INFO] ***** Evaluation ***** >>>> Class [0 Right Ventricle] Dice: 86.46
[2024-05-10 00:33:07,540][    INFO] ***** Evaluation ***** >>>> Class [1 Myocardium] Dice: 87.36
[2024-05-10 00:33:07,540][    INFO] ***** Evaluation ***** >>>> Class [2 Left Ventricle] Dice: 93.44
[2024-05-10 00:33:07,540][    INFO] ***** Evaluation ***** >>>> MeanDice: 89.09

[2024-05-10 00:33:07,600][    INFO] ===========> Epoch: 62, LR: 0.00427, Previous best: 89.44
[2024-05-10 00:33:08,559][    INFO] Iters: 0, Total loss: 0.027, Loss x: 0.044, Loss s: 0.019, Loss w_fp: 0.003, Mask ratio: 0.989
[2024-05-10 00:33:24,342][    INFO] ***** Evaluation ***** >>>> Class [0 Right Ventricle] Dice: 86.24
[2024-05-10 00:33:24,342][    INFO] ***** Evaluation ***** >>>> Class [1 Myocardium] Dice: 86.72
[2024-05-10 00:33:24,342][    INFO] ***** Evaluation ***** >>>> Class [2 Left Ventricle] Dice: 92.35
[2024-05-10 00:33:24,342][    INFO] ***** Evaluation ***** >>>> MeanDice: 88.44

[2024-05-10 00:33:24,413][    INFO] ===========> Epoch: 63, LR: 0.00418, Previous best: 89.44
[2024-05-10 00:33:25,219][    INFO] Iters: 0, Total loss: 0.027, Loss x: 0.034, Loss s: 0.036, Loss w_fp: 0.005, Mask ratio: 0.988
[2024-05-10 00:33:40,847][    INFO] ***** Evaluation ***** >>>> Class [0 Right Ventricle] Dice: 86.65
[2024-05-10 00:33:40,847][    INFO] ***** Evaluation ***** >>>> Class [1 Myocardium] Dice: 87.33
[2024-05-10 00:33:40,847][    INFO] ***** Evaluation ***** >>>> Class [2 Left Ventricle] Dice: 92.74
[2024-05-10 00:33:40,847][    INFO] ***** Evaluation ***** >>>> MeanDice: 88.91

[2024-05-10 00:33:40,920][    INFO] ===========> Epoch: 64, LR: 0.00408, Previous best: 89.44
[2024-05-10 00:33:41,802][    INFO] Iters: 0, Total loss: 0.022, Loss x: 0.034, Loss s: 0.015, Loss w_fp: 0.003, Mask ratio: 0.990
[2024-05-10 00:33:57,062][    INFO] ***** Evaluation ***** >>>> Class [0 Right Ventricle] Dice: 87.42
[2024-05-10 00:33:57,063][    INFO] ***** Evaluation ***** >>>> Class [1 Myocardium] Dice: 87.02
[2024-05-10 00:33:57,063][    INFO] ***** Evaluation ***** >>>> Class [2 Left Ventricle] Dice: 93.98
[2024-05-10 00:33:57,063][    INFO] ***** Evaluation ***** >>>> MeanDice: 89.47

[2024-05-10 00:33:57,176][    INFO] ===========> Epoch: 65, LR: 0.00398, Previous best: 89.47
[2024-05-10 00:33:58,029][    INFO] Iters: 0, Total loss: 0.020, Loss x: 0.028, Loss s: 0.014, Loss w_fp: 0.008, Mask ratio: 0.989
[2024-05-10 00:34:13,873][    INFO] ***** Evaluation ***** >>>> Class [0 Right Ventricle] Dice: 86.67
[2024-05-10 00:34:13,873][    INFO] ***** Evaluation ***** >>>> Class [1 Myocardium] Dice: 87.70
[2024-05-10 00:34:13,873][    INFO] ***** Evaluation ***** >>>> Class [2 Left Ventricle] Dice: 93.11
[2024-05-10 00:34:13,873][    INFO] ***** Evaluation ***** >>>> MeanDice: 89.16

[2024-05-10 00:34:13,939][    INFO] ===========> Epoch: 66, LR: 0.00388, Previous best: 89.47
[2024-05-10 00:34:14,767][    INFO] Iters: 0, Total loss: 0.025, Loss x: 0.039, Loss s: 0.012, Loss w_fp: 0.010, Mask ratio: 0.987
[2024-05-10 00:34:30,554][    INFO] ***** Evaluation ***** >>>> Class [0 Right Ventricle] Dice: 86.95
[2024-05-10 00:34:30,554][    INFO] ***** Evaluation ***** >>>> Class [1 Myocardium] Dice: 87.83
[2024-05-10 00:34:30,554][    INFO] ***** Evaluation ***** >>>> Class [2 Left Ventricle] Dice: 94.14
[2024-05-10 00:34:30,554][    INFO] ***** Evaluation ***** >>>> MeanDice: 89.64

[2024-05-10 00:34:30,668][    INFO] ===========> Epoch: 67, LR: 0.00378, Previous best: 89.64
[2024-05-10 00:34:31,496][    INFO] Iters: 0, Total loss: 0.024, Loss x: 0.034, Loss s: 0.024, Loss w_fp: 0.005, Mask ratio: 0.988
[2024-05-10 00:34:47,002][    INFO] ***** Evaluation ***** >>>> Class [0 Right Ventricle] Dice: 85.98
[2024-05-10 00:34:47,002][    INFO] ***** Evaluation ***** >>>> Class [1 Myocardium] Dice: 86.83
[2024-05-10 00:34:47,002][    INFO] ***** Evaluation ***** >>>> Class [2 Left Ventricle] Dice: 92.69
[2024-05-10 00:34:47,002][    INFO] ***** Evaluation ***** >>>> MeanDice: 88.50

[2024-05-10 00:34:47,075][    INFO] ===========> Epoch: 68, LR: 0.00368, Previous best: 89.64
[2024-05-10 00:34:48,017][    INFO] Iters: 0, Total loss: 0.028, Loss x: 0.031, Loss s: 0.047, Loss w_fp: 0.004, Mask ratio: 0.988
[2024-05-10 00:35:03,829][    INFO] ***** Evaluation ***** >>>> Class [0 Right Ventricle] Dice: 87.06
[2024-05-10 00:35:03,830][    INFO] ***** Evaluation ***** >>>> Class [1 Myocardium] Dice: 88.05
[2024-05-10 00:35:03,830][    INFO] ***** Evaluation ***** >>>> Class [2 Left Ventricle] Dice: 93.32
[2024-05-10 00:35:03,830][    INFO] ***** Evaluation ***** >>>> MeanDice: 89.48

[2024-05-10 00:35:03,901][    INFO] ===========> Epoch: 69, LR: 0.00358, Previous best: 89.64
[2024-05-10 00:35:04,752][    INFO] Iters: 0, Total loss: 0.031, Loss x: 0.044, Loss s: 0.034, Loss w_fp: 0.004, Mask ratio: 0.986
[2024-05-10 00:35:20,383][    INFO] ***** Evaluation ***** >>>> Class [0 Right Ventricle] Dice: 87.20
[2024-05-10 00:35:20,384][    INFO] ***** Evaluation ***** >>>> Class [1 Myocardium] Dice: 87.60
[2024-05-10 00:35:20,384][    INFO] ***** Evaluation ***** >>>> Class [2 Left Ventricle] Dice: 93.81
[2024-05-10 00:35:20,384][    INFO] ***** Evaluation ***** >>>> MeanDice: 89.54

[2024-05-10 00:35:20,457][    INFO] ===========> Epoch: 70, LR: 0.00347, Previous best: 89.64
[2024-05-10 00:35:21,321][    INFO] Iters: 0, Total loss: 0.025, Loss x: 0.027, Loss s: 0.028, Loss w_fp: 0.019, Mask ratio: 0.988
[2024-05-10 00:35:37,097][    INFO] ***** Evaluation ***** >>>> Class [0 Right Ventricle] Dice: 86.64
[2024-05-10 00:35:37,097][    INFO] ***** Evaluation ***** >>>> Class [1 Myocardium] Dice: 86.34
[2024-05-10 00:35:37,097][    INFO] ***** Evaluation ***** >>>> Class [2 Left Ventricle] Dice: 93.52
[2024-05-10 00:35:37,097][    INFO] ***** Evaluation ***** >>>> MeanDice: 88.84

[2024-05-10 00:35:37,170][    INFO] ===========> Epoch: 71, LR: 0.00337, Previous best: 89.64
[2024-05-10 00:35:38,009][    INFO] Iters: 0, Total loss: 0.023, Loss x: 0.038, Loss s: 0.016, Loss w_fp: 0.003, Mask ratio: 0.989
[2024-05-10 00:35:54,120][    INFO] ***** Evaluation ***** >>>> Class [0 Right Ventricle] Dice: 87.09
[2024-05-10 00:35:54,121][    INFO] ***** Evaluation ***** >>>> Class [1 Myocardium] Dice: 87.16
[2024-05-10 00:35:54,121][    INFO] ***** Evaluation ***** >>>> Class [2 Left Ventricle] Dice: 93.34
[2024-05-10 00:35:54,121][    INFO] ***** Evaluation ***** >>>> MeanDice: 89.19

[2024-05-10 00:35:54,194][    INFO] ===========> Epoch: 72, LR: 0.00327, Previous best: 89.64
[2024-05-10 00:35:55,075][    INFO] Iters: 0, Total loss: 0.046, Loss x: 0.046, Loss s: 0.083, Loss w_fp: 0.008, Mask ratio: 0.992
[2024-05-10 00:36:10,750][    INFO] ***** Evaluation ***** >>>> Class [0 Right Ventricle] Dice: 86.09
[2024-05-10 00:36:10,751][    INFO] ***** Evaluation ***** >>>> Class [1 Myocardium] Dice: 86.78
[2024-05-10 00:36:10,751][    INFO] ***** Evaluation ***** >>>> Class [2 Left Ventricle] Dice: 92.95
[2024-05-10 00:36:10,751][    INFO] ***** Evaluation ***** >>>> MeanDice: 88.61

[2024-05-10 00:36:10,824][    INFO] ===========> Epoch: 73, LR: 0.00317, Previous best: 89.64
[2024-05-10 00:36:11,660][    INFO] Iters: 0, Total loss: 0.020, Loss x: 0.030, Loss s: 0.014, Loss w_fp: 0.007, Mask ratio: 0.989
[2024-05-10 00:36:27,607][    INFO] ***** Evaluation ***** >>>> Class [0 Right Ventricle] Dice: 87.35
[2024-05-10 00:36:27,607][    INFO] ***** Evaluation ***** >>>> Class [1 Myocardium] Dice: 87.52
[2024-05-10 00:36:27,607][    INFO] ***** Evaluation ***** >>>> Class [2 Left Ventricle] Dice: 93.70
[2024-05-10 00:36:27,607][    INFO] ***** Evaluation ***** >>>> MeanDice: 89.52

[2024-05-10 00:36:27,679][    INFO] ===========> Epoch: 74, LR: 0.00307, Previous best: 89.64
[2024-05-10 00:36:28,486][    INFO] Iters: 0, Total loss: 0.029, Loss x: 0.031, Loss s: 0.049, Loss w_fp: 0.003, Mask ratio: 0.988
[2024-05-10 00:36:44,531][    INFO] ***** Evaluation ***** >>>> Class [0 Right Ventricle] Dice: 87.16
[2024-05-10 00:36:44,531][    INFO] ***** Evaluation ***** >>>> Class [1 Myocardium] Dice: 87.59
[2024-05-10 00:36:44,531][    INFO] ***** Evaluation ***** >>>> Class [2 Left Ventricle] Dice: 92.81
[2024-05-10 00:36:44,531][    INFO] ***** Evaluation ***** >>>> MeanDice: 89.19

[2024-05-10 00:36:44,602][    INFO] ===========> Epoch: 75, LR: 0.00296, Previous best: 89.64
[2024-05-10 00:36:45,494][    INFO] Iters: 0, Total loss: 0.022, Loss x: 0.023, Loss s: 0.040, Loss w_fp: 0.003, Mask ratio: 0.994
[2024-05-10 00:37:02,226][    INFO] ***** Evaluation ***** >>>> Class [0 Right Ventricle] Dice: 86.91
[2024-05-10 00:37:02,226][    INFO] ***** Evaluation ***** >>>> Class [1 Myocardium] Dice: 87.99
[2024-05-10 00:37:02,226][    INFO] ***** Evaluation ***** >>>> Class [2 Left Ventricle] Dice: 93.54
[2024-05-10 00:37:02,226][    INFO] ***** Evaluation ***** >>>> MeanDice: 89.48

[2024-05-10 00:37:02,297][    INFO] ===========> Epoch: 76, LR: 0.00286, Previous best: 89.64
[2024-05-10 00:37:03,248][    INFO] Iters: 0, Total loss: 0.032, Loss x: 0.042, Loss s: 0.043, Loss w_fp: 0.002, Mask ratio: 0.992
[2024-05-10 00:37:21,973][    INFO] ***** Evaluation ***** >>>> Class [0 Right Ventricle] Dice: 86.83
[2024-05-10 00:37:21,973][    INFO] ***** Evaluation ***** >>>> Class [1 Myocardium] Dice: 87.86
[2024-05-10 00:37:21,974][    INFO] ***** Evaluation ***** >>>> Class [2 Left Ventricle] Dice: 94.48
[2024-05-10 00:37:21,974][    INFO] ***** Evaluation ***** >>>> MeanDice: 89.72

[2024-05-10 00:37:22,104][    INFO] ===========> Epoch: 77, LR: 0.00276, Previous best: 89.72
[2024-05-10 00:37:22,914][    INFO] Iters: 0, Total loss: 0.033, Loss x: 0.029, Loss s: 0.064, Loss w_fp: 0.010, Mask ratio: 0.989
[2024-05-10 00:37:40,103][    INFO] ***** Evaluation ***** >>>> Class [0 Right Ventricle] Dice: 87.53
[2024-05-10 00:37:40,103][    INFO] ***** Evaluation ***** >>>> Class [1 Myocardium] Dice: 88.44
[2024-05-10 00:37:40,103][    INFO] ***** Evaluation ***** >>>> Class [2 Left Ventricle] Dice: 94.14
[2024-05-10 00:37:40,103][    INFO] ***** Evaluation ***** >>>> MeanDice: 90.03

[2024-05-10 00:37:40,218][    INFO] ===========> Epoch: 78, LR: 0.00265, Previous best: 90.03
[2024-05-10 00:37:41,052][    INFO] Iters: 0, Total loss: 0.029, Loss x: 0.046, Loss s: 0.021, Loss w_fp: 0.005, Mask ratio: 0.985
[2024-05-10 00:37:58,479][    INFO] ***** Evaluation ***** >>>> Class [0 Right Ventricle] Dice: 86.81
[2024-05-10 00:37:58,479][    INFO] ***** Evaluation ***** >>>> Class [1 Myocardium] Dice: 87.54
[2024-05-10 00:37:58,479][    INFO] ***** Evaluation ***** >>>> Class [2 Left Ventricle] Dice: 92.83
[2024-05-10 00:37:58,479][    INFO] ***** Evaluation ***** >>>> MeanDice: 89.06

[2024-05-10 00:37:58,550][    INFO] ===========> Epoch: 79, LR: 0.00255, Previous best: 90.03
[2024-05-10 00:37:59,413][    INFO] Iters: 0, Total loss: 0.022, Loss x: 0.030, Loss s: 0.025, Loss w_fp: 0.003, Mask ratio: 0.988
[2024-05-10 00:38:15,675][    INFO] ***** Evaluation ***** >>>> Class [0 Right Ventricle] Dice: 87.20
[2024-05-10 00:38:15,676][    INFO] ***** Evaluation ***** >>>> Class [1 Myocardium] Dice: 86.84
[2024-05-10 00:38:15,676][    INFO] ***** Evaluation ***** >>>> Class [2 Left Ventricle] Dice: 94.04
[2024-05-10 00:38:15,676][    INFO] ***** Evaluation ***** >>>> MeanDice: 89.36

[2024-05-10 00:38:15,748][    INFO] ===========> Epoch: 80, LR: 0.00244, Previous best: 90.03
[2024-05-10 00:38:16,562][    INFO] Iters: 0, Total loss: 0.022, Loss x: 0.032, Loss s: 0.022, Loss w_fp: 0.002, Mask ratio: 0.986
[2024-05-10 00:38:33,934][    INFO] ***** Evaluation ***** >>>> Class [0 Right Ventricle] Dice: 87.05
[2024-05-10 00:38:33,934][    INFO] ***** Evaluation ***** >>>> Class [1 Myocardium] Dice: 87.15
[2024-05-10 00:38:33,934][    INFO] ***** Evaluation ***** >>>> Class [2 Left Ventricle] Dice: 93.22
[2024-05-10 00:38:33,934][    INFO] ***** Evaluation ***** >>>> MeanDice: 89.14

[2024-05-10 00:38:34,000][    INFO] ===========> Epoch: 81, LR: 0.00234, Previous best: 90.03
[2024-05-10 00:38:35,035][    INFO] Iters: 0, Total loss: 0.025, Loss x: 0.032, Loss s: 0.031, Loss w_fp: 0.003, Mask ratio: 0.992
[2024-05-10 00:38:51,464][    INFO] ***** Evaluation ***** >>>> Class [0 Right Ventricle] Dice: 87.30
[2024-05-10 00:38:51,464][    INFO] ***** Evaluation ***** >>>> Class [1 Myocardium] Dice: 87.97
[2024-05-10 00:38:51,464][    INFO] ***** Evaluation ***** >>>> Class [2 Left Ventricle] Dice: 93.63
[2024-05-10 00:38:51,464][    INFO] ***** Evaluation ***** >>>> MeanDice: 89.63

[2024-05-10 00:38:51,539][    INFO] ===========> Epoch: 82, LR: 0.00223, Previous best: 90.03
[2024-05-10 00:38:52,407][    INFO] Iters: 0, Total loss: 0.025, Loss x: 0.036, Loss s: 0.022, Loss w_fp: 0.006, Mask ratio: 0.989
[2024-05-10 00:39:09,177][    INFO] ***** Evaluation ***** >>>> Class [0 Right Ventricle] Dice: 86.90
[2024-05-10 00:39:09,177][    INFO] ***** Evaluation ***** >>>> Class [1 Myocardium] Dice: 87.81
[2024-05-10 00:39:09,177][    INFO] ***** Evaluation ***** >>>> Class [2 Left Ventricle] Dice: 93.63
[2024-05-10 00:39:09,177][    INFO] ***** Evaluation ***** >>>> MeanDice: 89.44

[2024-05-10 00:39:09,224][    INFO] ===========> Epoch: 83, LR: 0.00213, Previous best: 90.03
[2024-05-10 00:39:10,082][    INFO] Iters: 0, Total loss: 0.023, Loss x: 0.028, Loss s: 0.029, Loss w_fp: 0.007, Mask ratio: 0.992
[2024-05-10 00:39:27,781][    INFO] ***** Evaluation ***** >>>> Class [0 Right Ventricle] Dice: 87.02
[2024-05-10 00:39:27,782][    INFO] ***** Evaluation ***** >>>> Class [1 Myocardium] Dice: 87.13
[2024-05-10 00:39:27,782][    INFO] ***** Evaluation ***** >>>> Class [2 Left Ventricle] Dice: 93.12
[2024-05-10 00:39:27,782][    INFO] ***** Evaluation ***** >>>> MeanDice: 89.09

[2024-05-10 00:39:27,858][    INFO] ===========> Epoch: 84, LR: 0.00202, Previous best: 90.03
[2024-05-10 00:39:28,699][    INFO] Iters: 0, Total loss: 0.033, Loss x: 0.042, Loss s: 0.040, Loss w_fp: 0.006, Mask ratio: 0.991
[2024-05-10 00:39:46,561][    INFO] ***** Evaluation ***** >>>> Class [0 Right Ventricle] Dice: 87.01
[2024-05-10 00:39:46,561][    INFO] ***** Evaluation ***** >>>> Class [1 Myocardium] Dice: 87.17
[2024-05-10 00:39:46,561][    INFO] ***** Evaluation ***** >>>> Class [2 Left Ventricle] Dice: 92.56
[2024-05-10 00:39:46,561][    INFO] ***** Evaluation ***** >>>> MeanDice: 88.91

[2024-05-10 00:39:46,633][    INFO] ===========> Epoch: 85, LR: 0.00191, Previous best: 90.03
[2024-05-10 00:39:47,486][    INFO] Iters: 0, Total loss: 0.029, Loss x: 0.034, Loss s: 0.045, Loss w_fp: 0.004, Mask ratio: 0.990
[2024-05-10 00:40:03,206][    INFO] ***** Evaluation ***** >>>> Class [0 Right Ventricle] Dice: 87.45
[2024-05-10 00:40:03,207][    INFO] ***** Evaluation ***** >>>> Class [1 Myocardium] Dice: 87.97
[2024-05-10 00:40:03,207][    INFO] ***** Evaluation ***** >>>> Class [2 Left Ventricle] Dice: 93.86
[2024-05-10 00:40:03,207][    INFO] ***** Evaluation ***** >>>> MeanDice: 89.76

[2024-05-10 00:40:03,278][    INFO] ===========> Epoch: 86, LR: 0.00180, Previous best: 90.03
[2024-05-10 00:40:04,123][    INFO] Iters: 0, Total loss: 0.027, Loss x: 0.039, Loss s: 0.027, Loss w_fp: 0.004, Mask ratio: 0.989
[2024-05-10 00:40:20,278][    INFO] ***** Evaluation ***** >>>> Class [0 Right Ventricle] Dice: 87.65
[2024-05-10 00:40:20,278][    INFO] ***** Evaluation ***** >>>> Class [1 Myocardium] Dice: 88.40
[2024-05-10 00:40:20,278][    INFO] ***** Evaluation ***** >>>> Class [2 Left Ventricle] Dice: 93.82
[2024-05-10 00:40:20,278][    INFO] ***** Evaluation ***** >>>> MeanDice: 89.96

[2024-05-10 00:40:20,350][    INFO] ===========> Epoch: 87, LR: 0.00169, Previous best: 90.03
[2024-05-10 00:40:21,194][    INFO] Iters: 0, Total loss: 0.031, Loss x: 0.044, Loss s: 0.032, Loss w_fp: 0.004, Mask ratio: 0.990
[2024-05-10 00:40:37,008][    INFO] ***** Evaluation ***** >>>> Class [0 Right Ventricle] Dice: 87.82
[2024-05-10 00:40:37,008][    INFO] ***** Evaluation ***** >>>> Class [1 Myocardium] Dice: 88.03
[2024-05-10 00:40:37,008][    INFO] ***** Evaluation ***** >>>> Class [2 Left Ventricle] Dice: 94.12
[2024-05-10 00:40:37,008][    INFO] ***** Evaluation ***** >>>> MeanDice: 89.99

[2024-05-10 00:40:37,078][    INFO] ===========> Epoch: 88, LR: 0.00158, Previous best: 90.03
[2024-05-10 00:40:37,913][    INFO] Iters: 0, Total loss: 0.045, Loss x: 0.038, Loss s: 0.091, Loss w_fp: 0.011, Mask ratio: 0.983
[2024-05-10 00:40:55,191][    INFO] ***** Evaluation ***** >>>> Class [0 Right Ventricle] Dice: 87.06
[2024-05-10 00:40:55,191][    INFO] ***** Evaluation ***** >>>> Class [1 Myocardium] Dice: 87.77
[2024-05-10 00:40:55,191][    INFO] ***** Evaluation ***** >>>> Class [2 Left Ventricle] Dice: 93.24
[2024-05-10 00:40:55,191][    INFO] ***** Evaluation ***** >>>> MeanDice: 89.36

[2024-05-10 00:40:55,266][    INFO] ===========> Epoch: 89, LR: 0.00147, Previous best: 90.03
[2024-05-10 00:40:56,103][    INFO] Iters: 0, Total loss: 0.039, Loss x: 0.035, Loss s: 0.073, Loss w_fp: 0.010, Mask ratio: 0.989
[2024-05-10 00:41:12,260][    INFO] ***** Evaluation ***** >>>> Class [0 Right Ventricle] Dice: 87.55
[2024-05-10 00:41:12,261][    INFO] ***** Evaluation ***** >>>> Class [1 Myocardium] Dice: 88.39
[2024-05-10 00:41:12,261][    INFO] ***** Evaluation ***** >>>> Class [2 Left Ventricle] Dice: 94.02
[2024-05-10 00:41:12,261][    INFO] ***** Evaluation ***** >>>> MeanDice: 89.99

[2024-05-10 00:41:12,308][    INFO] ===========> Epoch: 90, LR: 0.00136, Previous best: 90.03
[2024-05-10 00:41:13,114][    INFO] Iters: 0, Total loss: 0.025, Loss x: 0.036, Loss s: 0.027, Loss w_fp: 0.004, Mask ratio: 0.987
[2024-05-10 00:41:28,983][    INFO] ***** Evaluation ***** >>>> Class [0 Right Ventricle] Dice: 87.73
[2024-05-10 00:41:28,983][    INFO] ***** Evaluation ***** >>>> Class [1 Myocardium] Dice: 88.16
[2024-05-10 00:41:28,983][    INFO] ***** Evaluation ***** >>>> Class [2 Left Ventricle] Dice: 93.56
[2024-05-10 00:41:28,983][    INFO] ***** Evaluation ***** >>>> MeanDice: 89.82

[2024-05-10 00:41:29,029][    INFO] ===========> Epoch: 91, LR: 0.00125, Previous best: 90.03
[2024-05-10 00:41:29,910][    INFO] Iters: 0, Total loss: 0.030, Loss x: 0.024, Loss s: 0.065, Loss w_fp: 0.006, Mask ratio: 0.992
[2024-05-10 00:41:45,628][    INFO] ***** Evaluation ***** >>>> Class [0 Right Ventricle] Dice: 87.44
[2024-05-10 00:41:45,628][    INFO] ***** Evaluation ***** >>>> Class [1 Myocardium] Dice: 87.81
[2024-05-10 00:41:45,628][    INFO] ***** Evaluation ***** >>>> Class [2 Left Ventricle] Dice: 93.40
[2024-05-10 00:41:45,629][    INFO] ***** Evaluation ***** >>>> MeanDice: 89.55

[2024-05-10 00:41:45,705][    INFO] ===========> Epoch: 92, LR: 0.00113, Previous best: 90.03
[2024-05-10 00:41:46,548][    INFO] Iters: 0, Total loss: 0.021, Loss x: 0.038, Loss s: 0.004, Loss w_fp: 0.003, Mask ratio: 0.989
[2024-05-10 00:42:03,016][    INFO] ***** Evaluation ***** >>>> Class [0 Right Ventricle] Dice: 87.94
[2024-05-10 00:42:03,016][    INFO] ***** Evaluation ***** >>>> Class [1 Myocardium] Dice: 88.04
[2024-05-10 00:42:03,016][    INFO] ***** Evaluation ***** >>>> Class [2 Left Ventricle] Dice: 94.09
[2024-05-10 00:42:03,016][    INFO] ***** Evaluation ***** >>>> MeanDice: 90.03

[2024-05-10 00:42:03,090][    INFO] ===========> Epoch: 93, LR: 0.00102, Previous best: 90.03
[2024-05-10 00:42:03,964][    INFO] Iters: 0, Total loss: 0.034, Loss x: 0.034, Loss s: 0.062, Loss w_fp: 0.008, Mask ratio: 0.989
[2024-05-10 00:42:21,741][    INFO] ***** Evaluation ***** >>>> Class [0 Right Ventricle] Dice: 87.86
[2024-05-10 00:42:21,741][    INFO] ***** Evaluation ***** >>>> Class [1 Myocardium] Dice: 88.60
[2024-05-10 00:42:21,741][    INFO] ***** Evaluation ***** >>>> Class [2 Left Ventricle] Dice: 94.04
[2024-05-10 00:42:21,741][    INFO] ***** Evaluation ***** >>>> MeanDice: 90.17

[2024-05-10 00:42:21,870][    INFO] ===========> Epoch: 94, LR: 0.00090, Previous best: 90.17
[2024-05-10 00:42:22,750][    INFO] Iters: 0, Total loss: 0.026, Loss x: 0.034, Loss s: 0.034, Loss w_fp: 0.003, Mask ratio: 0.985
[2024-05-10 00:42:38,999][    INFO] ***** Evaluation ***** >>>> Class [0 Right Ventricle] Dice: 87.08
[2024-05-10 00:42:38,999][    INFO] ***** Evaluation ***** >>>> Class [1 Myocardium] Dice: 87.62
[2024-05-10 00:42:39,000][    INFO] ***** Evaluation ***** >>>> Class [2 Left Ventricle] Dice: 93.18
[2024-05-10 00:42:39,000][    INFO] ***** Evaluation ***** >>>> MeanDice: 89.29

[2024-05-10 00:42:39,069][    INFO] ===========> Epoch: 95, LR: 0.00078, Previous best: 90.17
[2024-05-10 00:42:39,951][    INFO] Iters: 0, Total loss: 0.037, Loss x: 0.060, Loss s: 0.025, Loss w_fp: 0.003, Mask ratio: 0.988
[2024-05-10 00:42:55,618][    INFO] ***** Evaluation ***** >>>> Class [0 Right Ventricle] Dice: 87.51
[2024-05-10 00:42:55,618][    INFO] ***** Evaluation ***** >>>> Class [1 Myocardium] Dice: 87.86
[2024-05-10 00:42:55,618][    INFO] ***** Evaluation ***** >>>> Class [2 Left Ventricle] Dice: 93.53
[2024-05-10 00:42:55,618][    INFO] ***** Evaluation ***** >>>> MeanDice: 89.63

[2024-05-10 00:42:55,664][    INFO] ===========> Epoch: 96, LR: 0.00066, Previous best: 90.17
[2024-05-10 00:42:56,581][    INFO] Iters: 0, Total loss: 0.035, Loss x: 0.034, Loss s: 0.060, Loss w_fp: 0.012, Mask ratio: 0.991
[2024-05-10 00:43:13,821][    INFO] ***** Evaluation ***** >>>> Class [0 Right Ventricle] Dice: 87.59
[2024-05-10 00:43:13,821][    INFO] ***** Evaluation ***** >>>> Class [1 Myocardium] Dice: 87.91
[2024-05-10 00:43:13,821][    INFO] ***** Evaluation ***** >>>> Class [2 Left Ventricle] Dice: 93.67
[2024-05-10 00:43:13,821][    INFO] ***** Evaluation ***** >>>> MeanDice: 89.72

[2024-05-10 00:43:13,893][    INFO] ===========> Epoch: 97, LR: 0.00054, Previous best: 90.17
[2024-05-10 00:43:14,713][    INFO] Iters: 0, Total loss: 0.025, Loss x: 0.044, Loss s: 0.010, Loss w_fp: 0.003, Mask ratio: 0.992
[2024-05-10 00:43:30,829][    INFO] ***** Evaluation ***** >>>> Class [0 Right Ventricle] Dice: 87.53
[2024-05-10 00:43:30,830][    INFO] ***** Evaluation ***** >>>> Class [1 Myocardium] Dice: 88.02
[2024-05-10 00:43:30,830][    INFO] ***** Evaluation ***** >>>> Class [2 Left Ventricle] Dice: 93.61
[2024-05-10 00:43:30,830][    INFO] ***** Evaluation ***** >>>> MeanDice: 89.72

[2024-05-10 00:43:30,904][    INFO] ===========> Epoch: 98, LR: 0.00041, Previous best: 90.17
[2024-05-10 00:43:31,751][    INFO] Iters: 0, Total loss: 0.033, Loss x: 0.028, Loss s: 0.073, Loss w_fp: 0.004, Mask ratio: 0.987
[2024-05-10 00:43:49,251][    INFO] ***** Evaluation ***** >>>> Class [0 Right Ventricle] Dice: 87.50
[2024-05-10 00:43:49,251][    INFO] ***** Evaluation ***** >>>> Class [1 Myocardium] Dice: 88.07
[2024-05-10 00:43:49,252][    INFO] ***** Evaluation ***** >>>> Class [2 Left Ventricle] Dice: 93.56
[2024-05-10 00:43:49,252][    INFO] ***** Evaluation ***** >>>> MeanDice: 89.71

[2024-05-10 00:43:49,323][    INFO] ===========> Epoch: 99, LR: 0.00028, Previous best: 90.17
[2024-05-10 00:43:50,165][    INFO] Iters: 0, Total loss: 0.018, Loss x: 0.028, Loss s: 0.015, Loss w_fp: 0.004, Mask ratio: 0.993
[2024-05-10 00:44:05,690][    INFO] ***** Evaluation ***** >>>> Class [0 Right Ventricle] Dice: 87.36
[2024-05-10 00:44:05,690][    INFO] ***** Evaluation ***** >>>> Class [1 Myocardium] Dice: 87.97
[2024-05-10 00:44:05,690][    INFO] ***** Evaluation ***** >>>> Class [2 Left Ventricle] Dice: 93.45
[2024-05-10 00:44:05,690][    INFO] ***** Evaluation ***** >>>> MeanDice: 89.59

