/var/lib/slurm/slurmd/job05093/slurm_script: line 15: module: command not found
[2024-05-10 19:24:37,867][    INFO] {'batch_size': 12,
 'conf_thresh': 0.95,
 'config': 'configs/ukbb/train/exp4/seed61/config.yaml',
 'crop_size': 256,
 'ctrl': 'age sex ethnicity',
 'data_desc': 'UKBB Train Data - 182 Patients - 18 Labeled, Rest Unlabeled',
 'data_root': '/vol/aimspace/projects/ukbb/data/cardiac/cardiac_segmentations/subjects',
 'dataset': 'ukbb',
 'epochs': 200,
 'local_rank': 0,
 'lr': 0.01,
 'mode': 'train',
 'model_desc': 'Unimatch Unet 18 Training on UKBB',
 'nclass': 4,
 'ngpus': 1,
 'num_workers': 1,
 'seed': 61,
 'split': 18,
 'visualize': False}

[2024-05-10 19:24:37,961][    INFO] Total params: 1.8M

[2024-05-10 19:24:41,515][    INFO] ************ Load from checkpoint at epoch 153

[2024-05-10 19:24:41,515][    INFO] ===========> Epoch: 154, LR: 0.00271, Previous best: 90.13
[2024-05-10 19:26:30,503][    INFO] Iters: 0, Total loss: 0.031, Loss x: 0.030, Loss s: 0.060, Loss w_fp: 0.003, Mask ratio: 0.989
[2024-05-10 19:27:00,372][    INFO] ***** Evaluation ***** >>>> Class [0 Right Ventricle] Dice: 86.23
[2024-05-10 19:27:00,372][    INFO] ***** Evaluation ***** >>>> Class [1 Myocardium] Dice: 85.61
[2024-05-10 19:27:00,372][    INFO] ***** Evaluation ***** >>>> Class [2 Left Ventricle] Dice: 94.66
[2024-05-10 19:27:00,372][    INFO] ***** Evaluation ***** >>>> MeanDice: 88.83

[2024-05-10 19:27:00,467][    INFO] ===========> Epoch: 155, LR: 0.00266, Previous best: 90.13
[2024-05-10 19:27:01,439][    INFO] Iters: 0, Total loss: 0.022, Loss x: 0.025, Loss s: 0.033, Loss w_fp: 0.003, Mask ratio: 0.991
[2024-05-10 19:27:12,992][    INFO] ***** Evaluation ***** >>>> Class [0 Right Ventricle] Dice: 86.79
[2024-05-10 19:27:12,992][    INFO] ***** Evaluation ***** >>>> Class [1 Myocardium] Dice: 86.35
[2024-05-10 19:27:12,992][    INFO] ***** Evaluation ***** >>>> Class [2 Left Ventricle] Dice: 94.56
[2024-05-10 19:27:12,992][    INFO] ***** Evaluation ***** >>>> MeanDice: 89.23

[2024-05-10 19:27:13,039][    INFO] ===========> Epoch: 156, LR: 0.00261, Previous best: 90.13
[2024-05-10 19:27:13,858][    INFO] Iters: 0, Total loss: 0.037, Loss x: 0.029, Loss s: 0.085, Loss w_fp: 0.006, Mask ratio: 0.989
[2024-05-10 19:27:24,646][    INFO] ***** Evaluation ***** >>>> Class [0 Right Ventricle] Dice: 87.19
[2024-05-10 19:27:24,647][    INFO] ***** Evaluation ***** >>>> Class [1 Myocardium] Dice: 86.59
[2024-05-10 19:27:24,647][    INFO] ***** Evaluation ***** >>>> Class [2 Left Ventricle] Dice: 94.80
[2024-05-10 19:27:24,647][    INFO] ***** Evaluation ***** >>>> MeanDice: 89.53

[2024-05-10 19:27:24,768][    INFO] ===========> Epoch: 157, LR: 0.00255, Previous best: 90.13
[2024-05-10 19:27:25,609][    INFO] Iters: 0, Total loss: 0.026, Loss x: 0.030, Loss s: 0.039, Loss w_fp: 0.003, Mask ratio: 0.993
[2024-05-10 19:27:36,554][    INFO] ***** Evaluation ***** >>>> Class [0 Right Ventricle] Dice: 87.49
[2024-05-10 19:27:36,555][    INFO] ***** Evaluation ***** >>>> Class [1 Myocardium] Dice: 86.43
[2024-05-10 19:27:36,555][    INFO] ***** Evaluation ***** >>>> Class [2 Left Ventricle] Dice: 94.77
[2024-05-10 19:27:36,555][    INFO] ***** Evaluation ***** >>>> MeanDice: 89.57

[2024-05-10 19:27:36,631][    INFO] ===========> Epoch: 158, LR: 0.00250, Previous best: 90.13
[2024-05-10 19:27:37,441][    INFO] Iters: 0, Total loss: 0.022, Loss x: 0.028, Loss s: 0.027, Loss w_fp: 0.004, Mask ratio: 0.993
[2024-05-10 19:27:47,830][    INFO] ***** Evaluation ***** >>>> Class [0 Right Ventricle] Dice: 87.89
[2024-05-10 19:27:47,831][    INFO] ***** Evaluation ***** >>>> Class [1 Myocardium] Dice: 86.34
[2024-05-10 19:27:47,831][    INFO] ***** Evaluation ***** >>>> Class [2 Left Ventricle] Dice: 94.59
[2024-05-10 19:27:47,831][    INFO] ***** Evaluation ***** >>>> MeanDice: 89.61

[2024-05-10 19:27:47,919][    INFO] ===========> Epoch: 159, LR: 0.00245, Previous best: 90.13
[2024-05-10 19:27:48,739][    INFO] Iters: 0, Total loss: 0.017, Loss x: 0.026, Loss s: 0.011, Loss w_fp: 0.004, Mask ratio: 0.989
[2024-05-10 19:27:59,053][    INFO] ***** Evaluation ***** >>>> Class [0 Right Ventricle] Dice: 86.93
[2024-05-10 19:27:59,053][    INFO] ***** Evaluation ***** >>>> Class [1 Myocardium] Dice: 86.05
[2024-05-10 19:27:59,053][    INFO] ***** Evaluation ***** >>>> Class [2 Left Ventricle] Dice: 94.43
[2024-05-10 19:27:59,053][    INFO] ***** Evaluation ***** >>>> MeanDice: 89.14

[2024-05-10 19:27:59,239][    INFO] ===========> Epoch: 160, LR: 0.00240, Previous best: 90.13
[2024-05-10 19:28:00,043][    INFO] Iters: 0, Total loss: 0.035, Loss x: 0.046, Loss s: 0.040, Loss w_fp: 0.010, Mask ratio: 0.988
[2024-05-10 19:28:10,778][    INFO] ***** Evaluation ***** >>>> Class [0 Right Ventricle] Dice: 86.65
[2024-05-10 19:28:10,778][    INFO] ***** Evaluation ***** >>>> Class [1 Myocardium] Dice: 86.49
[2024-05-10 19:28:10,778][    INFO] ***** Evaluation ***** >>>> Class [2 Left Ventricle] Dice: 94.94
[2024-05-10 19:28:10,778][    INFO] ***** Evaluation ***** >>>> MeanDice: 89.36

[2024-05-10 19:28:10,876][    INFO] ===========> Epoch: 161, LR: 0.00234, Previous best: 90.13
[2024-05-10 19:28:11,688][    INFO] Iters: 0, Total loss: 0.033, Loss x: 0.032, Loss s: 0.064, Loss w_fp: 0.004, Mask ratio: 0.990
[2024-05-10 19:28:22,459][    INFO] ***** Evaluation ***** >>>> Class [0 Right Ventricle] Dice: 87.03
[2024-05-10 19:28:22,460][    INFO] ***** Evaluation ***** >>>> Class [1 Myocardium] Dice: 86.59
[2024-05-10 19:28:22,460][    INFO] ***** Evaluation ***** >>>> Class [2 Left Ventricle] Dice: 94.50
[2024-05-10 19:28:22,460][    INFO] ***** Evaluation ***** >>>> MeanDice: 89.37

[2024-05-10 19:28:22,630][    INFO] ===========> Epoch: 162, LR: 0.00229, Previous best: 90.13
[2024-05-10 19:28:23,450][    INFO] Iters: 0, Total loss: 0.029, Loss x: 0.031, Loss s: 0.048, Loss w_fp: 0.006, Mask ratio: 0.992
[2024-05-10 19:28:34,012][    INFO] ***** Evaluation ***** >>>> Class [0 Right Ventricle] Dice: 87.17
[2024-05-10 19:28:34,012][    INFO] ***** Evaluation ***** >>>> Class [1 Myocardium] Dice: 86.41
[2024-05-10 19:28:34,012][    INFO] ***** Evaluation ***** >>>> Class [2 Left Ventricle] Dice: 94.91
[2024-05-10 19:28:34,012][    INFO] ***** Evaluation ***** >>>> MeanDice: 89.50

[2024-05-10 19:28:34,059][    INFO] ===========> Epoch: 163, LR: 0.00224, Previous best: 90.13
[2024-05-10 19:28:34,841][    INFO] Iters: 0, Total loss: 0.023, Loss x: 0.035, Loss s: 0.018, Loss w_fp: 0.003, Mask ratio: 0.992
[2024-05-10 19:28:45,316][    INFO] ***** Evaluation ***** >>>> Class [0 Right Ventricle] Dice: 86.21
[2024-05-10 19:28:45,316][    INFO] ***** Evaluation ***** >>>> Class [1 Myocardium] Dice: 87.35
[2024-05-10 19:28:45,316][    INFO] ***** Evaluation ***** >>>> Class [2 Left Ventricle] Dice: 94.71
[2024-05-10 19:28:45,316][    INFO] ***** Evaluation ***** >>>> MeanDice: 89.42

[2024-05-10 19:28:45,416][    INFO] ===========> Epoch: 164, LR: 0.00218, Previous best: 90.13
[2024-05-10 19:28:46,220][    INFO] Iters: 0, Total loss: 0.031, Loss x: 0.036, Loss s: 0.047, Loss w_fp: 0.006, Mask ratio: 0.992
[2024-05-10 19:28:56,659][    INFO] ***** Evaluation ***** >>>> Class [0 Right Ventricle] Dice: 86.51
[2024-05-10 19:28:56,659][    INFO] ***** Evaluation ***** >>>> Class [1 Myocardium] Dice: 85.50
[2024-05-10 19:28:56,659][    INFO] ***** Evaluation ***** >>>> Class [2 Left Ventricle] Dice: 94.47
[2024-05-10 19:28:56,659][    INFO] ***** Evaluation ***** >>>> MeanDice: 88.83

[2024-05-10 19:28:56,820][    INFO] ===========> Epoch: 165, LR: 0.00213, Previous best: 90.13
[2024-05-10 19:28:57,709][    INFO] Iters: 0, Total loss: 0.025, Loss x: 0.032, Loss s: 0.031, Loss w_fp: 0.006, Mask ratio: 0.991
[2024-05-10 19:29:08,575][    INFO] ***** Evaluation ***** >>>> Class [0 Right Ventricle] Dice: 86.17
[2024-05-10 19:29:08,575][    INFO] ***** Evaluation ***** >>>> Class [1 Myocardium] Dice: 85.70
[2024-05-10 19:29:08,575][    INFO] ***** Evaluation ***** >>>> Class [2 Left Ventricle] Dice: 94.45
[2024-05-10 19:29:08,575][    INFO] ***** Evaluation ***** >>>> MeanDice: 88.77

[2024-05-10 19:29:08,625][    INFO] ===========> Epoch: 166, LR: 0.00208, Previous best: 90.13
[2024-05-10 19:29:09,439][    INFO] Iters: 0, Total loss: 0.025, Loss x: 0.030, Loss s: 0.029, Loss w_fp: 0.010, Mask ratio: 0.991
[2024-05-10 19:29:19,835][    INFO] ***** Evaluation ***** >>>> Class [0 Right Ventricle] Dice: 88.05
[2024-05-10 19:29:19,835][    INFO] ***** Evaluation ***** >>>> Class [1 Myocardium] Dice: 87.19
[2024-05-10 19:29:19,835][    INFO] ***** Evaluation ***** >>>> Class [2 Left Ventricle] Dice: 94.85
[2024-05-10 19:29:19,835][    INFO] ***** Evaluation ***** >>>> MeanDice: 90.03

[2024-05-10 19:29:19,973][    INFO] ===========> Epoch: 167, LR: 0.00202, Previous best: 90.13
[2024-05-10 19:29:20,775][    INFO] Iters: 0, Total loss: 0.023, Loss x: 0.029, Loss s: 0.031, Loss w_fp: 0.004, Mask ratio: 0.987
[2024-05-10 19:29:31,196][    INFO] ***** Evaluation ***** >>>> Class [0 Right Ventricle] Dice: 86.74
[2024-05-10 19:29:31,196][    INFO] ***** Evaluation ***** >>>> Class [1 Myocardium] Dice: 87.42
[2024-05-10 19:29:31,197][    INFO] ***** Evaluation ***** >>>> Class [2 Left Ventricle] Dice: 95.07
[2024-05-10 19:29:31,197][    INFO] ***** Evaluation ***** >>>> MeanDice: 89.74

[2024-05-10 19:29:31,303][    INFO] ===========> Epoch: 168, LR: 0.00197, Previous best: 90.13
[2024-05-10 19:29:32,157][    INFO] Iters: 0, Total loss: 0.022, Loss x: 0.032, Loss s: 0.019, Loss w_fp: 0.004, Mask ratio: 0.992
[2024-05-10 19:29:43,102][    INFO] ***** Evaluation ***** >>>> Class [0 Right Ventricle] Dice: 86.34
[2024-05-10 19:29:43,102][    INFO] ***** Evaluation ***** >>>> Class [1 Myocardium] Dice: 86.51
[2024-05-10 19:29:43,103][    INFO] ***** Evaluation ***** >>>> Class [2 Left Ventricle] Dice: 94.54
[2024-05-10 19:29:43,103][    INFO] ***** Evaluation ***** >>>> MeanDice: 89.13

[2024-05-10 19:29:43,231][    INFO] ===========> Epoch: 169, LR: 0.00192, Previous best: 90.13
[2024-05-10 19:29:44,037][    INFO] Iters: 0, Total loss: 0.019, Loss x: 0.024, Loss s: 0.014, Loss w_fp: 0.013, Mask ratio: 0.992
[2024-05-10 19:29:54,582][    INFO] ***** Evaluation ***** >>>> Class [0 Right Ventricle] Dice: 86.36
[2024-05-10 19:29:54,583][    INFO] ***** Evaluation ***** >>>> Class [1 Myocardium] Dice: 86.88
[2024-05-10 19:29:54,583][    INFO] ***** Evaluation ***** >>>> Class [2 Left Ventricle] Dice: 94.20
[2024-05-10 19:29:54,583][    INFO] ***** Evaluation ***** >>>> MeanDice: 89.14

[2024-05-10 19:29:54,689][    INFO] ===========> Epoch: 170, LR: 0.00186, Previous best: 90.13
[2024-05-10 19:29:55,519][    INFO] Iters: 0, Total loss: 0.020, Loss x: 0.024, Loss s: 0.026, Loss w_fp: 0.006, Mask ratio: 0.990
[2024-05-10 19:30:06,199][    INFO] ***** Evaluation ***** >>>> Class [0 Right Ventricle] Dice: 85.98
[2024-05-10 19:30:06,199][    INFO] ***** Evaluation ***** >>>> Class [1 Myocardium] Dice: 86.13
[2024-05-10 19:30:06,199][    INFO] ***** Evaluation ***** >>>> Class [2 Left Ventricle] Dice: 94.66
[2024-05-10 19:30:06,199][    INFO] ***** Evaluation ***** >>>> MeanDice: 88.92

[2024-05-10 19:30:06,333][    INFO] ===========> Epoch: 171, LR: 0.00181, Previous best: 90.13
[2024-05-10 19:30:07,144][    INFO] Iters: 0, Total loss: 0.025, Loss x: 0.032, Loss s: 0.032, Loss w_fp: 0.003, Mask ratio: 0.989
[2024-05-10 19:30:17,732][    INFO] ***** Evaluation ***** >>>> Class [0 Right Ventricle] Dice: 86.10
[2024-05-10 19:30:17,733][    INFO] ***** Evaluation ***** >>>> Class [1 Myocardium] Dice: 86.98
[2024-05-10 19:30:17,733][    INFO] ***** Evaluation ***** >>>> Class [2 Left Ventricle] Dice: 94.74
[2024-05-10 19:30:17,733][    INFO] ***** Evaluation ***** >>>> MeanDice: 89.27

[2024-05-10 19:30:17,916][    INFO] ===========> Epoch: 172, LR: 0.00175, Previous best: 90.13
[2024-05-10 19:30:18,733][    INFO] Iters: 0, Total loss: 0.021, Loss x: 0.029, Loss s: 0.023, Loss w_fp: 0.003, Mask ratio: 0.993
[2024-05-10 19:30:29,554][    INFO] ***** Evaluation ***** >>>> Class [0 Right Ventricle] Dice: 87.37
[2024-05-10 19:30:29,554][    INFO] ***** Evaluation ***** >>>> Class [1 Myocardium] Dice: 87.01
[2024-05-10 19:30:29,554][    INFO] ***** Evaluation ***** >>>> Class [2 Left Ventricle] Dice: 95.09
[2024-05-10 19:30:29,555][    INFO] ***** Evaluation ***** >>>> MeanDice: 89.83

[2024-05-10 19:30:29,682][    INFO] ===========> Epoch: 173, LR: 0.00170, Previous best: 90.13
[2024-05-10 19:30:30,560][    INFO] Iters: 0, Total loss: 0.022, Loss x: 0.027, Loss s: 0.029, Loss w_fp: 0.005, Mask ratio: 0.991
[2024-05-10 19:30:41,287][    INFO] ***** Evaluation ***** >>>> Class [0 Right Ventricle] Dice: 86.76
[2024-05-10 19:30:41,288][    INFO] ***** Evaluation ***** >>>> Class [1 Myocardium] Dice: 86.79
[2024-05-10 19:30:41,288][    INFO] ***** Evaluation ***** >>>> Class [2 Left Ventricle] Dice: 94.93
[2024-05-10 19:30:41,288][    INFO] ***** Evaluation ***** >>>> MeanDice: 89.49

[2024-05-10 19:30:41,379][    INFO] ===========> Epoch: 174, LR: 0.00164, Previous best: 90.13
[2024-05-10 19:30:42,207][    INFO] Iters: 0, Total loss: 0.023, Loss x: 0.024, Loss s: 0.034, Loss w_fp: 0.009, Mask ratio: 0.988
[2024-05-10 19:30:52,567][    INFO] ***** Evaluation ***** >>>> Class [0 Right Ventricle] Dice: 87.25
[2024-05-10 19:30:52,567][    INFO] ***** Evaluation ***** >>>> Class [1 Myocardium] Dice: 86.72
[2024-05-10 19:30:52,567][    INFO] ***** Evaluation ***** >>>> Class [2 Left Ventricle] Dice: 94.89
[2024-05-10 19:30:52,567][    INFO] ***** Evaluation ***** >>>> MeanDice: 89.62

[2024-05-10 19:30:52,808][    INFO] ===========> Epoch: 175, LR: 0.00159, Previous best: 90.13
[2024-05-10 19:30:53,625][    INFO] Iters: 0, Total loss: 0.029, Loss x: 0.034, Loss s: 0.036, Loss w_fp: 0.012, Mask ratio: 0.993
[2024-05-10 19:31:04,178][    INFO] ***** Evaluation ***** >>>> Class [0 Right Ventricle] Dice: 87.16
[2024-05-10 19:31:04,179][    INFO] ***** Evaluation ***** >>>> Class [1 Myocardium] Dice: 86.15
[2024-05-10 19:31:04,179][    INFO] ***** Evaluation ***** >>>> Class [2 Left Ventricle] Dice: 94.72
[2024-05-10 19:31:04,179][    INFO] ***** Evaluation ***** >>>> MeanDice: 89.34

[2024-05-10 19:31:04,255][    INFO] ===========> Epoch: 176, LR: 0.00153, Previous best: 90.13
[2024-05-10 19:31:05,147][    INFO] Iters: 0, Total loss: 0.018, Loss x: 0.023, Loss s: 0.021, Loss w_fp: 0.005, Mask ratio: 0.993
[2024-05-10 19:31:15,598][    INFO] ***** Evaluation ***** >>>> Class [0 Right Ventricle] Dice: 86.91
[2024-05-10 19:31:15,598][    INFO] ***** Evaluation ***** >>>> Class [1 Myocardium] Dice: 86.53
[2024-05-10 19:31:15,598][    INFO] ***** Evaluation ***** >>>> Class [2 Left Ventricle] Dice: 94.83
[2024-05-10 19:31:15,598][    INFO] ***** Evaluation ***** >>>> MeanDice: 89.42

[2024-05-10 19:31:15,670][    INFO] ===========> Epoch: 177, LR: 0.00148, Previous best: 90.13
[2024-05-10 19:31:16,463][    INFO] Iters: 0, Total loss: 0.024, Loss x: 0.035, Loss s: 0.023, Loss w_fp: 0.004, Mask ratio: 0.991
[2024-05-10 19:31:27,271][    INFO] ***** Evaluation ***** >>>> Class [0 Right Ventricle] Dice: 87.41
[2024-05-10 19:31:27,271][    INFO] ***** Evaluation ***** >>>> Class [1 Myocardium] Dice: 87.26
[2024-05-10 19:31:27,271][    INFO] ***** Evaluation ***** >>>> Class [2 Left Ventricle] Dice: 95.00
[2024-05-10 19:31:27,271][    INFO] ***** Evaluation ***** >>>> MeanDice: 89.89

[2024-05-10 19:31:27,429][    INFO] ===========> Epoch: 178, LR: 0.00142, Previous best: 90.13
[2024-05-10 19:31:28,229][    INFO] Iters: 0, Total loss: 0.018, Loss x: 0.025, Loss s: 0.016, Loss w_fp: 0.004, Mask ratio: 0.990
[2024-05-10 19:31:39,084][    INFO] ***** Evaluation ***** >>>> Class [0 Right Ventricle] Dice: 87.24
[2024-05-10 19:31:39,084][    INFO] ***** Evaluation ***** >>>> Class [1 Myocardium] Dice: 87.00
[2024-05-10 19:31:39,084][    INFO] ***** Evaluation ***** >>>> Class [2 Left Ventricle] Dice: 94.82
[2024-05-10 19:31:39,085][    INFO] ***** Evaluation ***** >>>> MeanDice: 89.68

[2024-05-10 19:31:39,158][    INFO] ===========> Epoch: 179, LR: 0.00137, Previous best: 90.13
[2024-05-10 19:31:39,985][    INFO] Iters: 0, Total loss: 0.031, Loss x: 0.029, Loss s: 0.059, Loss w_fp: 0.008, Mask ratio: 0.994
[2024-05-10 19:31:51,191][    INFO] ***** Evaluation ***** >>>> Class [0 Right Ventricle] Dice: 86.64
[2024-05-10 19:31:51,192][    INFO] ***** Evaluation ***** >>>> Class [1 Myocardium] Dice: 87.01
[2024-05-10 19:31:51,192][    INFO] ***** Evaluation ***** >>>> Class [2 Left Ventricle] Dice: 94.88
[2024-05-10 19:31:51,192][    INFO] ***** Evaluation ***** >>>> MeanDice: 89.51

[2024-05-10 19:31:51,262][    INFO] ===========> Epoch: 180, LR: 0.00131, Previous best: 90.13
[2024-05-10 19:31:52,061][    INFO] Iters: 0, Total loss: 0.037, Loss x: 0.031, Loss s: 0.077, Loss w_fp: 0.007, Mask ratio: 0.994
[2024-05-10 19:32:02,673][    INFO] ***** Evaluation ***** >>>> Class [0 Right Ventricle] Dice: 87.84
[2024-05-10 19:32:02,673][    INFO] ***** Evaluation ***** >>>> Class [1 Myocardium] Dice: 87.09
[2024-05-10 19:32:02,673][    INFO] ***** Evaluation ***** >>>> Class [2 Left Ventricle] Dice: 95.21
[2024-05-10 19:32:02,673][    INFO] ***** Evaluation ***** >>>> MeanDice: 90.05

[2024-05-10 19:32:02,745][    INFO] ===========> Epoch: 181, LR: 0.00125, Previous best: 90.13
[2024-05-10 19:32:03,588][    INFO] Iters: 0, Total loss: 0.021, Loss x: 0.021, Loss s: 0.040, Loss w_fp: 0.005, Mask ratio: 0.985
[2024-05-10 19:32:14,634][    INFO] ***** Evaluation ***** >>>> Class [0 Right Ventricle] Dice: 87.08
[2024-05-10 19:32:14,634][    INFO] ***** Evaluation ***** >>>> Class [1 Myocardium] Dice: 87.15
[2024-05-10 19:32:14,635][    INFO] ***** Evaluation ***** >>>> Class [2 Left Ventricle] Dice: 94.95
[2024-05-10 19:32:14,635][    INFO] ***** Evaluation ***** >>>> MeanDice: 89.73

[2024-05-10 19:32:14,795][    INFO] ===========> Epoch: 182, LR: 0.00120, Previous best: 90.13
[2024-05-10 19:32:15,618][    INFO] Iters: 0, Total loss: 0.034, Loss x: 0.026, Loss s: 0.076, Loss w_fp: 0.007, Mask ratio: 0.992
[2024-05-10 19:32:26,061][    INFO] ***** Evaluation ***** >>>> Class [0 Right Ventricle] Dice: 87.25
[2024-05-10 19:32:26,061][    INFO] ***** Evaluation ***** >>>> Class [1 Myocardium] Dice: 86.73
[2024-05-10 19:32:26,061][    INFO] ***** Evaluation ***** >>>> Class [2 Left Ventricle] Dice: 94.97
[2024-05-10 19:32:26,061][    INFO] ***** Evaluation ***** >>>> MeanDice: 89.65

[2024-05-10 19:32:26,128][    INFO] ===========> Epoch: 183, LR: 0.00114, Previous best: 90.13
[2024-05-10 19:32:26,938][    INFO] Iters: 0, Total loss: 0.021, Loss x: 0.027, Loss s: 0.026, Loss w_fp: 0.003, Mask ratio: 0.992
[2024-05-10 19:32:37,288][    INFO] ***** Evaluation ***** >>>> Class [0 Right Ventricle] Dice: 86.70
[2024-05-10 19:32:37,288][    INFO] ***** Evaluation ***** >>>> Class [1 Myocardium] Dice: 86.38
[2024-05-10 19:32:37,288][    INFO] ***** Evaluation ***** >>>> Class [2 Left Ventricle] Dice: 94.58
[2024-05-10 19:32:37,289][    INFO] ***** Evaluation ***** >>>> MeanDice: 89.22

[2024-05-10 19:32:37,455][    INFO] ===========> Epoch: 184, LR: 0.00108, Previous best: 90.13
[2024-05-10 19:32:38,264][    INFO] Iters: 0, Total loss: 0.017, Loss x: 0.024, Loss s: 0.017, Loss w_fp: 0.005, Mask ratio: 0.990
[2024-05-10 19:32:49,251][    INFO] ***** Evaluation ***** >>>> Class [0 Right Ventricle] Dice: 86.98
[2024-05-10 19:32:49,251][    INFO] ***** Evaluation ***** >>>> Class [1 Myocardium] Dice: 86.40
[2024-05-10 19:32:49,251][    INFO] ***** Evaluation ***** >>>> Class [2 Left Ventricle] Dice: 94.81
[2024-05-10 19:32:49,251][    INFO] ***** Evaluation ***** >>>> MeanDice: 89.40

[2024-05-10 19:32:49,370][    INFO] ===========> Epoch: 185, LR: 0.00102, Previous best: 90.13
[2024-05-10 19:32:50,176][    INFO] Iters: 0, Total loss: 0.031, Loss x: 0.038, Loss s: 0.044, Loss w_fp: 0.003, Mask ratio: 0.989
[2024-05-10 19:33:00,702][    INFO] ***** Evaluation ***** >>>> Class [0 Right Ventricle] Dice: 87.81
[2024-05-10 19:33:00,702][    INFO] ***** Evaluation ***** >>>> Class [1 Myocardium] Dice: 87.58
[2024-05-10 19:33:00,702][    INFO] ***** Evaluation ***** >>>> Class [2 Left Ventricle] Dice: 94.87
[2024-05-10 19:33:00,702][    INFO] ***** Evaluation ***** >>>> MeanDice: 90.09

[2024-05-10 19:33:00,887][    INFO] ===========> Epoch: 186, LR: 0.00097, Previous best: 90.13
[2024-05-10 19:33:01,717][    INFO] Iters: 0, Total loss: 0.029, Loss x: 0.024, Loss s: 0.063, Loss w_fp: 0.004, Mask ratio: 0.989
[2024-05-10 19:33:12,574][    INFO] ***** Evaluation ***** >>>> Class [0 Right Ventricle] Dice: 87.49
[2024-05-10 19:33:12,574][    INFO] ***** Evaluation ***** >>>> Class [1 Myocardium] Dice: 87.02
[2024-05-10 19:33:12,574][    INFO] ***** Evaluation ***** >>>> Class [2 Left Ventricle] Dice: 94.85
[2024-05-10 19:33:12,575][    INFO] ***** Evaluation ***** >>>> MeanDice: 89.79

[2024-05-10 19:33:12,713][    INFO] ===========> Epoch: 187, LR: 0.00091, Previous best: 90.13
[2024-05-10 19:33:13,540][    INFO] Iters: 0, Total loss: 0.018, Loss x: 0.025, Loss s: 0.019, Loss w_fp: 0.003, Mask ratio: 0.992
[2024-05-10 19:33:24,113][    INFO] ***** Evaluation ***** >>>> Class [0 Right Ventricle] Dice: 86.59
[2024-05-10 19:33:24,113][    INFO] ***** Evaluation ***** >>>> Class [1 Myocardium] Dice: 86.00
[2024-05-10 19:33:24,113][    INFO] ***** Evaluation ***** >>>> Class [2 Left Ventricle] Dice: 94.40
[2024-05-10 19:33:24,113][    INFO] ***** Evaluation ***** >>>> MeanDice: 88.99

[2024-05-10 19:33:24,410][    INFO] ===========> Epoch: 188, LR: 0.00085, Previous best: 90.13
[2024-05-10 19:33:25,253][    INFO] Iters: 0, Total loss: 0.015, Loss x: 0.020, Loss s: 0.018, Loss w_fp: 0.003, Mask ratio: 0.993
[2024-05-10 19:33:35,873][    INFO] ***** Evaluation ***** >>>> Class [0 Right Ventricle] Dice: 87.51
[2024-05-10 19:33:35,873][    INFO] ***** Evaluation ***** >>>> Class [1 Myocardium] Dice: 87.21
[2024-05-10 19:33:35,873][    INFO] ***** Evaluation ***** >>>> Class [2 Left Ventricle] Dice: 94.87
[2024-05-10 19:33:35,873][    INFO] ***** Evaluation ***** >>>> MeanDice: 89.86

[2024-05-10 19:33:35,978][    INFO] ===========> Epoch: 189, LR: 0.00079, Previous best: 90.13
[2024-05-10 19:33:36,864][    INFO] Iters: 0, Total loss: 0.021, Loss x: 0.025, Loss s: 0.031, Loss w_fp: 0.004, Mask ratio: 0.989
[2024-05-10 19:33:47,317][    INFO] ***** Evaluation ***** >>>> Class [0 Right Ventricle] Dice: 87.02
[2024-05-10 19:33:47,317][    INFO] ***** Evaluation ***** >>>> Class [1 Myocardium] Dice: 87.03
[2024-05-10 19:33:47,317][    INFO] ***** Evaluation ***** >>>> Class [2 Left Ventricle] Dice: 94.98
[2024-05-10 19:33:47,317][    INFO] ***** Evaluation ***** >>>> MeanDice: 89.68

[2024-05-10 19:33:47,390][    INFO] ===========> Epoch: 190, LR: 0.00073, Previous best: 90.13
[2024-05-10 19:33:48,191][    INFO] Iters: 0, Total loss: 0.029, Loss x: 0.040, Loss s: 0.030, Loss w_fp: 0.006, Mask ratio: 0.992
[2024-05-10 19:33:58,714][    INFO] ***** Evaluation ***** >>>> Class [0 Right Ventricle] Dice: 87.01
[2024-05-10 19:33:58,714][    INFO] ***** Evaluation ***** >>>> Class [1 Myocardium] Dice: 87.51
[2024-05-10 19:33:58,714][    INFO] ***** Evaluation ***** >>>> Class [2 Left Ventricle] Dice: 95.06
[2024-05-10 19:33:58,714][    INFO] ***** Evaluation ***** >>>> MeanDice: 89.86

[2024-05-10 19:33:58,994][    INFO] ===========> Epoch: 191, LR: 0.00067, Previous best: 90.13
[2024-05-10 19:33:59,839][    INFO] Iters: 0, Total loss: 0.020, Loss x: 0.022, Loss s: 0.034, Loss w_fp: 0.004, Mask ratio: 0.989
[2024-05-10 19:34:10,723][    INFO] ***** Evaluation ***** >>>> Class [0 Right Ventricle] Dice: 86.81
[2024-05-10 19:34:10,723][    INFO] ***** Evaluation ***** >>>> Class [1 Myocardium] Dice: 87.02
[2024-05-10 19:34:10,723][    INFO] ***** Evaluation ***** >>>> Class [2 Left Ventricle] Dice: 94.93
[2024-05-10 19:34:10,723][    INFO] ***** Evaluation ***** >>>> MeanDice: 89.59

[2024-05-10 19:34:10,920][    INFO] ===========> Epoch: 192, LR: 0.00061, Previous best: 90.13
[2024-05-10 19:34:11,737][    INFO] Iters: 0, Total loss: 0.032, Loss x: 0.033, Loss s: 0.058, Loss w_fp: 0.004, Mask ratio: 0.992
[2024-05-10 19:34:22,313][    INFO] ***** Evaluation ***** >>>> Class [0 Right Ventricle] Dice: 87.08
[2024-05-10 19:34:22,313][    INFO] ***** Evaluation ***** >>>> Class [1 Myocardium] Dice: 87.33
[2024-05-10 19:34:22,313][    INFO] ***** Evaluation ***** >>>> Class [2 Left Ventricle] Dice: 94.79
[2024-05-10 19:34:22,313][    INFO] ***** Evaluation ***** >>>> MeanDice: 89.73

[2024-05-10 19:34:22,466][    INFO] ===========> Epoch: 193, LR: 0.00055, Previous best: 90.13
[2024-05-10 19:34:23,286][    INFO] Iters: 0, Total loss: 0.020, Loss x: 0.026, Loss s: 0.023, Loss w_fp: 0.006, Mask ratio: 0.992
[2024-05-10 19:34:34,239][    INFO] ***** Evaluation ***** >>>> Class [0 Right Ventricle] Dice: 86.44
[2024-05-10 19:34:34,239][    INFO] ***** Evaluation ***** >>>> Class [1 Myocardium] Dice: 86.47
[2024-05-10 19:34:34,240][    INFO] ***** Evaluation ***** >>>> Class [2 Left Ventricle] Dice: 94.47
[2024-05-10 19:34:34,240][    INFO] ***** Evaluation ***** >>>> MeanDice: 89.13

[2024-05-10 19:34:34,391][    INFO] ===========> Epoch: 194, LR: 0.00048, Previous best: 90.13
[2024-05-10 19:34:35,216][    INFO] Iters: 0, Total loss: 0.024, Loss x: 0.025, Loss s: 0.039, Loss w_fp: 0.007, Mask ratio: 0.990
[2024-05-10 19:34:46,241][    INFO] ***** Evaluation ***** >>>> Class [0 Right Ventricle] Dice: 86.66
[2024-05-10 19:34:46,241][    INFO] ***** Evaluation ***** >>>> Class [1 Myocardium] Dice: 87.14
[2024-05-10 19:34:46,241][    INFO] ***** Evaluation ***** >>>> Class [2 Left Ventricle] Dice: 95.00
[2024-05-10 19:34:46,241][    INFO] ***** Evaluation ***** >>>> MeanDice: 89.60

[2024-05-10 19:34:46,392][    INFO] ===========> Epoch: 195, LR: 0.00042, Previous best: 90.13
[2024-05-10 19:34:47,217][    INFO] Iters: 0, Total loss: 0.024, Loss x: 0.023, Loss s: 0.045, Loss w_fp: 0.008, Mask ratio: 0.991
[2024-05-10 19:34:57,758][    INFO] ***** Evaluation ***** >>>> Class [0 Right Ventricle] Dice: 87.00
[2024-05-10 19:34:57,758][    INFO] ***** Evaluation ***** >>>> Class [1 Myocardium] Dice: 86.84
[2024-05-10 19:34:57,758][    INFO] ***** Evaluation ***** >>>> Class [2 Left Ventricle] Dice: 94.88
[2024-05-10 19:34:57,758][    INFO] ***** Evaluation ***** >>>> MeanDice: 89.57

[2024-05-10 19:34:57,891][    INFO] ===========> Epoch: 196, LR: 0.00035, Previous best: 90.13
[2024-05-10 19:34:58,712][    INFO] Iters: 0, Total loss: 0.024, Loss x: 0.027, Loss s: 0.041, Loss w_fp: 0.001, Mask ratio: 0.991
[2024-05-10 19:35:10,464][    INFO] ***** Evaluation ***** >>>> Class [0 Right Ventricle] Dice: 87.19
[2024-05-10 19:35:10,464][    INFO] ***** Evaluation ***** >>>> Class [1 Myocardium] Dice: 87.18
[2024-05-10 19:35:10,464][    INFO] ***** Evaluation ***** >>>> Class [2 Left Ventricle] Dice: 95.00
[2024-05-10 19:35:10,464][    INFO] ***** Evaluation ***** >>>> MeanDice: 89.79

[2024-05-10 19:35:10,552][    INFO] ===========> Epoch: 197, LR: 0.00029, Previous best: 90.13
[2024-05-10 19:35:11,371][    INFO] Iters: 0, Total loss: 0.028, Loss x: 0.031, Loss s: 0.041, Loss w_fp: 0.010, Mask ratio: 0.988
[2024-05-10 19:35:22,671][    INFO] ***** Evaluation ***** >>>> Class [0 Right Ventricle] Dice: 87.44
[2024-05-10 19:35:22,671][    INFO] ***** Evaluation ***** >>>> Class [1 Myocardium] Dice: 87.09
[2024-05-10 19:35:22,671][    INFO] ***** Evaluation ***** >>>> Class [2 Left Ventricle] Dice: 94.89
[2024-05-10 19:35:22,671][    INFO] ***** Evaluation ***** >>>> MeanDice: 89.81

[2024-05-10 19:35:22,807][    INFO] ===========> Epoch: 198, LR: 0.00022, Previous best: 90.13
[2024-05-10 19:35:23,631][    INFO] Iters: 0, Total loss: 0.026, Loss x: 0.031, Loss s: 0.036, Loss w_fp: 0.005, Mask ratio: 0.989
[2024-05-10 19:35:34,430][    INFO] ***** Evaluation ***** >>>> Class [0 Right Ventricle] Dice: 87.02
[2024-05-10 19:35:34,430][    INFO] ***** Evaluation ***** >>>> Class [1 Myocardium] Dice: 86.89
[2024-05-10 19:35:34,431][    INFO] ***** Evaluation ***** >>>> Class [2 Left Ventricle] Dice: 94.81
[2024-05-10 19:35:34,431][    INFO] ***** Evaluation ***** >>>> MeanDice: 89.57

[2024-05-10 19:35:34,563][    INFO] ===========> Epoch: 199, LR: 0.00015, Previous best: 90.13
[2024-05-10 19:35:35,389][    INFO] Iters: 0, Total loss: 0.022, Loss x: 0.024, Loss s: 0.035, Loss w_fp: 0.005, Mask ratio: 0.993
[2024-05-10 19:35:46,121][    INFO] ***** Evaluation ***** >>>> Class [0 Right Ventricle] Dice: 87.19
[2024-05-10 19:35:46,121][    INFO] ***** Evaluation ***** >>>> Class [1 Myocardium] Dice: 86.76
[2024-05-10 19:35:46,121][    INFO] ***** Evaluation ***** >>>> Class [2 Left Ventricle] Dice: 94.81
[2024-05-10 19:35:46,121][    INFO] ***** Evaluation ***** >>>> MeanDice: 89.59

