/var/lib/slurm/slurmd/job04890/slurm_script: line 15: module: command not found
[2024-05-09 23:22:31,164][    INFO] {'batch_size': 12,
 'conf_thresh': 0.95,
 'config': 'configs/ukbb/train/exp4/seed57/config.yaml',
 'crop_size': 256,
 'ctrl': 'age sex ethnicity',
 'data_desc': 'UKBB Train Data - 182 Patients - 18 Labeled, Rest Unlabeled',
 'data_root': '/vol/aimspace/projects/ukbb/data/cardiac/cardiac_segmentations/subjects',
 'dataset': 'ukbb',
 'epochs': 200,
 'local_rank': 0,
 'lr': 0.01,
 'mode': 'train',
 'model_desc': 'Unimatch Unet 18 Training on UKBB',
 'nclass': 4,
 'ngpus': 1,
 'num_workers': 1,
 'seed': 57,
 'split': 18,
 'visualize': False}

[2024-05-09 23:22:32,153][    INFO] Total params: 1.8M

[2024-05-09 23:22:35,343][    INFO] ===========> Epoch: 0, LR: 0.01000, Previous best: 0.00
[2024-05-09 23:22:47,107][    INFO] Iters: 0, Total loss: 0.806, Loss x: 1.071, Loss s: 0.567, Loss w_fp: 0.516, Mask ratio: 0.000
[2024-05-09 23:25:30,872][    INFO] ***** Evaluation ***** >>>> Class [0 Right Ventricle] Dice: 0.00
[2024-05-09 23:25:30,921][    INFO] ***** Evaluation ***** >>>> Class [1 Myocardium] Dice: 0.00
[2024-05-09 23:25:30,921][    INFO] ***** Evaluation ***** >>>> Class [2 Left Ventricle] Dice: 0.00
[2024-05-09 23:25:30,921][    INFO] ***** Evaluation ***** >>>> MeanDice: 0.00

[2024-05-09 23:25:33,058][    INFO] ===========> Epoch: 1, LR: 0.01000, Previous best: 0.00
[2024-05-09 23:25:40,176][    INFO] Iters: 0, Total loss: 0.570, Loss x: 0.389, Loss s: 0.750, Loss w_fp: 0.753, Mask ratio: 0.756
[2024-05-09 23:28:37,917][    INFO] ***** Evaluation ***** >>>> Class [0 Right Ventricle] Dice: 0.00
[2024-05-09 23:28:37,998][    INFO] ***** Evaluation ***** >>>> Class [1 Myocardium] Dice: 0.00
[2024-05-09 23:28:37,998][    INFO] ***** Evaluation ***** >>>> Class [2 Left Ventricle] Dice: 0.00
[2024-05-09 23:28:37,998][    INFO] ***** Evaluation ***** >>>> MeanDice: 0.00

[2024-05-09 23:28:38,929][    INFO] ===========> Epoch: 2, LR: 0.00995, Previous best: 0.00
[2024-05-09 23:28:44,157][    INFO] Iters: 0, Total loss: 0.570, Loss x: 0.389, Loss s: 0.751, Loss w_fp: 0.751, Mask ratio: 0.789
[2024-05-09 23:31:33,319][    INFO] ***** Evaluation ***** >>>> Class [0 Right Ventricle] Dice: 3.93
[2024-05-09 23:31:33,331][    INFO] ***** Evaluation ***** >>>> Class [1 Myocardium] Dice: 0.00
[2024-05-09 23:31:33,331][    INFO] ***** Evaluation ***** >>>> Class [2 Left Ventricle] Dice: 0.00
[2024-05-09 23:31:33,331][    INFO] ***** Evaluation ***** >>>> MeanDice: 1.31

[2024-05-09 23:31:34,896][    INFO] ===========> Epoch: 3, LR: 0.00991, Previous best: 1.31
[2024-05-09 23:31:40,802][    INFO] Iters: 0, Total loss: 0.553, Loss x: 0.354, Loss s: 0.751, Loss w_fp: 0.752, Mask ratio: 0.771
[2024-05-09 23:34:32,209][    INFO] ***** Evaluation ***** >>>> Class [0 Right Ventricle] Dice: 3.54
[2024-05-09 23:34:32,252][    INFO] ***** Evaluation ***** >>>> Class [1 Myocardium] Dice: 0.00
[2024-05-09 23:34:32,252][    INFO] ***** Evaluation ***** >>>> Class [2 Left Ventricle] Dice: 1.92
[2024-05-09 23:34:32,252][    INFO] ***** Evaluation ***** >>>> MeanDice: 1.82

[2024-05-09 23:34:33,495][    INFO] ===========> Epoch: 4, LR: 0.00986, Previous best: 1.82
[2024-05-09 23:34:40,431][    INFO] Iters: 0, Total loss: 0.540, Loss x: 0.327, Loss s: 0.752, Loss w_fp: 0.752, Mask ratio: 0.880
[2024-05-09 23:37:45,187][    INFO] ***** Evaluation ***** >>>> Class [0 Right Ventricle] Dice: 27.51
[2024-05-09 23:37:45,237][    INFO] ***** Evaluation ***** >>>> Class [1 Myocardium] Dice: 53.24
[2024-05-09 23:37:45,238][    INFO] ***** Evaluation ***** >>>> Class [2 Left Ventricle] Dice: 41.08
[2024-05-09 23:37:45,238][    INFO] ***** Evaluation ***** >>>> MeanDice: 40.61

[2024-05-09 23:37:45,923][    INFO] ===========> Epoch: 5, LR: 0.00982, Previous best: 40.61
[2024-05-09 23:37:52,561][    INFO] Iters: 0, Total loss: 0.485, Loss x: 0.213, Loss s: 0.753, Loss w_fp: 0.759, Mask ratio: 0.918
[2024-05-09 23:40:48,258][    INFO] ***** Evaluation ***** >>>> Class [0 Right Ventricle] Dice: 15.83
[2024-05-09 23:40:48,375][    INFO] ***** Evaluation ***** >>>> Class [1 Myocardium] Dice: 34.95
[2024-05-09 23:40:48,375][    INFO] ***** Evaluation ***** >>>> Class [2 Left Ventricle] Dice: 54.38
[2024-05-09 23:40:48,375][    INFO] ***** Evaluation ***** >>>> MeanDice: 35.05

[2024-05-09 23:40:49,000][    INFO] ===========> Epoch: 6, LR: 0.00977, Previous best: 40.61
[2024-05-09 23:40:55,070][    INFO] Iters: 0, Total loss: 0.401, Loss x: 0.271, Loss s: 0.650, Loss w_fp: 0.414, Mask ratio: 0.912
[2024-05-09 23:43:56,690][    INFO] ***** Evaluation ***** >>>> Class [0 Right Ventricle] Dice: 32.64
[2024-05-09 23:43:56,801][    INFO] ***** Evaluation ***** >>>> Class [1 Myocardium] Dice: 56.98
[2024-05-09 23:43:56,801][    INFO] ***** Evaluation ***** >>>> Class [2 Left Ventricle] Dice: 56.50
[2024-05-09 23:43:56,801][    INFO] ***** Evaluation ***** >>>> MeanDice: 48.70

[2024-05-09 23:43:58,200][    INFO] ===========> Epoch: 7, LR: 0.00972, Previous best: 48.70
[2024-05-09 23:44:03,100][    INFO] Iters: 0, Total loss: 0.316, Loss x: 0.270, Loss s: 0.432, Loss w_fp: 0.293, Mask ratio: 0.965
[2024-05-09 23:46:57,420][    INFO] ***** Evaluation ***** >>>> Class [0 Right Ventricle] Dice: 31.94
[2024-05-09 23:46:57,466][    INFO] ***** Evaluation ***** >>>> Class [1 Myocardium] Dice: 41.29
[2024-05-09 23:46:57,466][    INFO] ***** Evaluation ***** >>>> Class [2 Left Ventricle] Dice: 56.83
[2024-05-09 23:46:57,466][    INFO] ***** Evaluation ***** >>>> MeanDice: 43.36

[2024-05-09 23:46:58,471][    INFO] ===========> Epoch: 8, LR: 0.00968, Previous best: 48.70
[2024-05-09 23:47:03,149][    INFO] Iters: 0, Total loss: 0.200, Loss x: 0.182, Loss s: 0.403, Loss w_fp: 0.034, Mask ratio: 0.964
[2024-05-09 23:49:44,401][    INFO] ***** Evaluation ***** >>>> Class [0 Right Ventricle] Dice: 65.62
[2024-05-09 23:49:44,452][    INFO] ***** Evaluation ***** >>>> Class [1 Myocardium] Dice: 61.47
[2024-05-09 23:49:44,452][    INFO] ***** Evaluation ***** >>>> Class [2 Left Ventricle] Dice: 74.99
[2024-05-09 23:49:44,452][    INFO] ***** Evaluation ***** >>>> MeanDice: 67.36

[2024-05-09 23:49:45,682][    INFO] ===========> Epoch: 9, LR: 0.00963, Previous best: 67.36
[2024-05-09 23:49:50,398][    INFO] Iters: 0, Total loss: 0.109, Loss x: 0.119, Loss s: 0.173, Loss w_fp: 0.025, Mask ratio: 0.977
[2024-05-09 23:52:43,549][    INFO] ***** Evaluation ***** >>>> Class [0 Right Ventricle] Dice: 69.66
[2024-05-09 23:52:43,591][    INFO] ***** Evaluation ***** >>>> Class [1 Myocardium] Dice: 63.49
[2024-05-09 23:52:43,591][    INFO] ***** Evaluation ***** >>>> Class [2 Left Ventricle] Dice: 81.35
[2024-05-09 23:52:43,591][    INFO] ***** Evaluation ***** >>>> MeanDice: 71.50

[2024-05-09 23:52:44,894][    INFO] ===========> Epoch: 10, LR: 0.00959, Previous best: 71.50
[2024-05-09 23:52:49,738][    INFO] Iters: 0, Total loss: 0.107, Loss x: 0.128, Loss s: 0.141, Loss w_fp: 0.029, Mask ratio: 0.980
[2024-05-09 23:55:42,910][    INFO] ***** Evaluation ***** >>>> Class [0 Right Ventricle] Dice: 70.72
[2024-05-09 23:55:42,919][    INFO] ***** Evaluation ***** >>>> Class [1 Myocardium] Dice: 75.71
[2024-05-09 23:55:42,919][    INFO] ***** Evaluation ***** >>>> Class [2 Left Ventricle] Dice: 86.88
[2024-05-09 23:55:42,919][    INFO] ***** Evaluation ***** >>>> MeanDice: 77.77

[2024-05-09 23:55:44,090][    INFO] ===========> Epoch: 11, LR: 0.00954, Previous best: 77.77
[2024-05-09 23:55:48,667][    INFO] Iters: 0, Total loss: 0.073, Loss x: 0.114, Loss s: 0.048, Loss w_fp: 0.018, Mask ratio: 0.982
[2024-05-09 23:58:43,526][    INFO] ***** Evaluation ***** >>>> Class [0 Right Ventricle] Dice: 72.62
[2024-05-09 23:58:43,630][    INFO] ***** Evaluation ***** >>>> Class [1 Myocardium] Dice: 76.67
[2024-05-09 23:58:43,630][    INFO] ***** Evaluation ***** >>>> Class [2 Left Ventricle] Dice: 86.41
[2024-05-09 23:58:43,630][    INFO] ***** Evaluation ***** >>>> MeanDice: 78.57

[2024-05-09 23:58:44,660][    INFO] ===========> Epoch: 12, LR: 0.00950, Previous best: 78.57
[2024-05-09 23:58:49,998][    INFO] Iters: 0, Total loss: 0.095, Loss x: 0.138, Loss s: 0.083, Loss w_fp: 0.020, Mask ratio: 0.973
[2024-05-10 00:01:47,384][    INFO] ***** Evaluation ***** >>>> Class [0 Right Ventricle] Dice: 74.27
[2024-05-10 00:01:47,404][    INFO] ***** Evaluation ***** >>>> Class [1 Myocardium] Dice: 76.65
[2024-05-10 00:01:47,404][    INFO] ***** Evaluation ***** >>>> Class [2 Left Ventricle] Dice: 89.16
[2024-05-10 00:01:47,404][    INFO] ***** Evaluation ***** >>>> MeanDice: 80.03

[2024-05-10 00:01:48,232][    INFO] ===========> Epoch: 13, LR: 0.00945, Previous best: 80.03
[2024-05-10 00:01:54,161][    INFO] Iters: 0, Total loss: 0.076, Loss x: 0.121, Loss s: 0.047, Loss w_fp: 0.016, Mask ratio: 0.966
[2024-05-10 00:04:45,657][    INFO] ***** Evaluation ***** >>>> Class [0 Right Ventricle] Dice: 73.04
[2024-05-10 00:04:45,701][    INFO] ***** Evaluation ***** >>>> Class [1 Myocardium] Dice: 70.02
[2024-05-10 00:04:45,701][    INFO] ***** Evaluation ***** >>>> Class [2 Left Ventricle] Dice: 83.93
[2024-05-10 00:04:45,701][    INFO] ***** Evaluation ***** >>>> MeanDice: 75.66

[2024-05-10 00:04:46,249][    INFO] ===========> Epoch: 14, LR: 0.00941, Previous best: 80.03
[2024-05-10 00:04:52,892][    INFO] Iters: 0, Total loss: 0.086, Loss x: 0.112, Loss s: 0.107, Loss w_fp: 0.014, Mask ratio: 0.972
[2024-05-10 00:07:43,063][    INFO] ***** Evaluation ***** >>>> Class [0 Right Ventricle] Dice: 75.76
[2024-05-10 00:07:43,172][    INFO] ***** Evaluation ***** >>>> Class [1 Myocardium] Dice: 76.04
[2024-05-10 00:07:43,173][    INFO] ***** Evaluation ***** >>>> Class [2 Left Ventricle] Dice: 88.74
[2024-05-10 00:07:43,173][    INFO] ***** Evaluation ***** >>>> MeanDice: 80.18

[2024-05-10 00:07:44,512][    INFO] ===========> Epoch: 15, LR: 0.00936, Previous best: 80.18
[2024-05-10 00:07:49,093][    INFO] Iters: 0, Total loss: 0.090, Loss x: 0.112, Loss s: 0.124, Loss w_fp: 0.010, Mask ratio: 0.981
[2024-05-10 00:10:35,878][    INFO] ***** Evaluation ***** >>>> Class [0 Right Ventricle] Dice: 77.47
[2024-05-10 00:10:36,025][    INFO] ***** Evaluation ***** >>>> Class [1 Myocardium] Dice: 76.48
[2024-05-10 00:10:36,025][    INFO] ***** Evaluation ***** >>>> Class [2 Left Ventricle] Dice: 87.79
[2024-05-10 00:10:36,025][    INFO] ***** Evaluation ***** >>>> MeanDice: 80.58

[2024-05-10 00:10:37,608][    INFO] ===========> Epoch: 16, LR: 0.00932, Previous best: 80.58
[2024-05-10 00:10:42,680][    INFO] Iters: 0, Total loss: 0.060, Loss x: 0.102, Loss s: 0.030, Loss w_fp: 0.007, Mask ratio: 0.984
[2024-05-10 00:13:39,062][    INFO] ***** Evaluation ***** >>>> Class [0 Right Ventricle] Dice: 77.64
[2024-05-10 00:13:39,208][    INFO] ***** Evaluation ***** >>>> Class [1 Myocardium] Dice: 78.76
[2024-05-10 00:13:39,208][    INFO] ***** Evaluation ***** >>>> Class [2 Left Ventricle] Dice: 89.39
[2024-05-10 00:13:39,208][    INFO] ***** Evaluation ***** >>>> MeanDice: 81.93

[2024-05-10 00:13:40,511][    INFO] ===========> Epoch: 17, LR: 0.00927, Previous best: 81.93
[2024-05-10 00:13:45,532][    INFO] Iters: 0, Total loss: 0.060, Loss x: 0.089, Loss s: 0.056, Loss w_fp: 0.007, Mask ratio: 0.982
[2024-05-10 00:15:39,369][    INFO] ***** Evaluation ***** >>>> Class [0 Right Ventricle] Dice: 77.71
[2024-05-10 00:15:39,370][    INFO] ***** Evaluation ***** >>>> Class [1 Myocardium] Dice: 77.30
[2024-05-10 00:15:39,370][    INFO] ***** Evaluation ***** >>>> Class [2 Left Ventricle] Dice: 87.94
[2024-05-10 00:15:39,370][    INFO] ***** Evaluation ***** >>>> MeanDice: 80.98

[2024-05-10 00:15:39,612][    INFO] ===========> Epoch: 18, LR: 0.00923, Previous best: 81.93
[2024-05-10 00:15:44,895][    INFO] Iters: 0, Total loss: 0.073, Loss x: 0.066, Loss s: 0.144, Loss w_fp: 0.014, Mask ratio: 0.989
[2024-05-10 00:17:54,642][    INFO] ***** Evaluation ***** >>>> Class [0 Right Ventricle] Dice: 80.04
[2024-05-10 00:17:54,643][    INFO] ***** Evaluation ***** >>>> Class [1 Myocardium] Dice: 82.63
[2024-05-10 00:17:54,643][    INFO] ***** Evaluation ***** >>>> Class [2 Left Ventricle] Dice: 90.75
[2024-05-10 00:17:54,643][    INFO] ***** Evaluation ***** >>>> MeanDice: 84.47

[2024-05-10 00:17:54,887][    INFO] ===========> Epoch: 19, LR: 0.00918, Previous best: 84.47
[2024-05-10 00:17:55,796][    INFO] Iters: 0, Total loss: 0.062, Loss x: 0.054, Loss s: 0.088, Loss w_fp: 0.051, Mask ratio: 0.984
[2024-05-10 00:18:07,893][    INFO] ***** Evaluation ***** >>>> Class [0 Right Ventricle] Dice: 80.45
[2024-05-10 00:18:07,893][    INFO] ***** Evaluation ***** >>>> Class [1 Myocardium] Dice: 81.92
[2024-05-10 00:18:07,893][    INFO] ***** Evaluation ***** >>>> Class [2 Left Ventricle] Dice: 91.29
[2024-05-10 00:18:07,893][    INFO] ***** Evaluation ***** >>>> MeanDice: 84.55

[2024-05-10 00:18:08,009][    INFO] ===========> Epoch: 20, LR: 0.00914, Previous best: 84.55
[2024-05-10 00:18:08,852][    INFO] Iters: 0, Total loss: 0.061, Loss x: 0.078, Loss s: 0.077, Loss w_fp: 0.009, Mask ratio: 0.977
[2024-05-10 00:18:19,745][    INFO] ***** Evaluation ***** >>>> Class [0 Right Ventricle] Dice: 81.64
[2024-05-10 00:18:19,745][    INFO] ***** Evaluation ***** >>>> Class [1 Myocardium] Dice: 80.10
[2024-05-10 00:18:19,745][    INFO] ***** Evaluation ***** >>>> Class [2 Left Ventricle] Dice: 89.30
[2024-05-10 00:18:19,745][    INFO] ***** Evaluation ***** >>>> MeanDice: 83.68

[2024-05-10 00:18:19,816][    INFO] ===========> Epoch: 21, LR: 0.00909, Previous best: 84.55
[2024-05-10 00:18:20,676][    INFO] Iters: 0, Total loss: 0.063, Loss x: 0.099, Loss s: 0.048, Loss w_fp: 0.005, Mask ratio: 0.986
[2024-05-10 00:18:32,195][    INFO] ***** Evaluation ***** >>>> Class [0 Right Ventricle] Dice: 82.26
[2024-05-10 00:18:32,195][    INFO] ***** Evaluation ***** >>>> Class [1 Myocardium] Dice: 83.76
[2024-05-10 00:18:32,195][    INFO] ***** Evaluation ***** >>>> Class [2 Left Ventricle] Dice: 92.11
[2024-05-10 00:18:32,195][    INFO] ***** Evaluation ***** >>>> MeanDice: 86.04

[2024-05-10 00:18:32,288][    INFO] ===========> Epoch: 22, LR: 0.00905, Previous best: 86.04
[2024-05-10 00:18:33,143][    INFO] Iters: 0, Total loss: 0.049, Loss x: 0.064, Loss s: 0.063, Loss w_fp: 0.006, Mask ratio: 0.987
[2024-05-10 00:18:44,180][    INFO] ***** Evaluation ***** >>>> Class [0 Right Ventricle] Dice: 79.28
[2024-05-10 00:18:44,180][    INFO] ***** Evaluation ***** >>>> Class [1 Myocardium] Dice: 81.48
[2024-05-10 00:18:44,180][    INFO] ***** Evaluation ***** >>>> Class [2 Left Ventricle] Dice: 89.81
[2024-05-10 00:18:44,180][    INFO] ***** Evaluation ***** >>>> MeanDice: 83.53

[2024-05-10 00:18:44,229][    INFO] ===========> Epoch: 23, LR: 0.00900, Previous best: 86.04
[2024-05-10 00:18:45,107][    INFO] Iters: 0, Total loss: 0.047, Loss x: 0.077, Loss s: 0.026, Loss w_fp: 0.007, Mask ratio: 0.982
[2024-05-10 00:18:56,323][    INFO] ***** Evaluation ***** >>>> Class [0 Right Ventricle] Dice: 81.91
[2024-05-10 00:18:56,323][    INFO] ***** Evaluation ***** >>>> Class [1 Myocardium] Dice: 81.73
[2024-05-10 00:18:56,323][    INFO] ***** Evaluation ***** >>>> Class [2 Left Ventricle] Dice: 91.85
[2024-05-10 00:18:56,323][    INFO] ***** Evaluation ***** >>>> MeanDice: 85.16

[2024-05-10 00:18:56,370][    INFO] ===========> Epoch: 24, LR: 0.00895, Previous best: 86.04
[2024-05-10 00:18:57,234][    INFO] Iters: 0, Total loss: 0.058, Loss x: 0.090, Loss s: 0.038, Loss w_fp: 0.014, Mask ratio: 0.985
[2024-05-10 00:19:08,267][    INFO] ***** Evaluation ***** >>>> Class [0 Right Ventricle] Dice: 82.74
[2024-05-10 00:19:08,267][    INFO] ***** Evaluation ***** >>>> Class [1 Myocardium] Dice: 84.15
[2024-05-10 00:19:08,267][    INFO] ***** Evaluation ***** >>>> Class [2 Left Ventricle] Dice: 92.24
[2024-05-10 00:19:08,267][    INFO] ***** Evaluation ***** >>>> MeanDice: 86.38

[2024-05-10 00:19:08,387][    INFO] ===========> Epoch: 25, LR: 0.00891, Previous best: 86.38
[2024-05-10 00:19:09,246][    INFO] Iters: 0, Total loss: 0.046, Loss x: 0.044, Loss s: 0.091, Loss w_fp: 0.007, Mask ratio: 0.990
[2024-05-10 00:19:20,640][    INFO] ***** Evaluation ***** >>>> Class [0 Right Ventricle] Dice: 80.59
[2024-05-10 00:19:20,640][    INFO] ***** Evaluation ***** >>>> Class [1 Myocardium] Dice: 83.69
[2024-05-10 00:19:20,640][    INFO] ***** Evaluation ***** >>>> Class [2 Left Ventricle] Dice: 91.51
[2024-05-10 00:19:20,640][    INFO] ***** Evaluation ***** >>>> MeanDice: 85.26

[2024-05-10 00:19:20,712][    INFO] ===========> Epoch: 26, LR: 0.00886, Previous best: 86.38
[2024-05-10 00:19:21,558][    INFO] Iters: 0, Total loss: 0.087, Loss x: 0.118, Loss s: 0.094, Loss w_fp: 0.017, Mask ratio: 0.983
[2024-05-10 00:19:32,518][    INFO] ***** Evaluation ***** >>>> Class [0 Right Ventricle] Dice: 81.12
[2024-05-10 00:19:32,519][    INFO] ***** Evaluation ***** >>>> Class [1 Myocardium] Dice: 80.27
[2024-05-10 00:19:32,519][    INFO] ***** Evaluation ***** >>>> Class [2 Left Ventricle] Dice: 89.53
[2024-05-10 00:19:32,519][    INFO] ***** Evaluation ***** >>>> MeanDice: 83.64

[2024-05-10 00:19:32,591][    INFO] ===========> Epoch: 27, LR: 0.00882, Previous best: 86.38
[2024-05-10 00:19:33,470][    INFO] Iters: 0, Total loss: 0.040, Loss x: 0.053, Loss s: 0.048, Loss w_fp: 0.007, Mask ratio: 0.989
[2024-05-10 00:19:44,732][    INFO] ***** Evaluation ***** >>>> Class [0 Right Ventricle] Dice: 83.37
[2024-05-10 00:19:44,732][    INFO] ***** Evaluation ***** >>>> Class [1 Myocardium] Dice: 81.73
[2024-05-10 00:19:44,732][    INFO] ***** Evaluation ***** >>>> Class [2 Left Ventricle] Dice: 91.92
[2024-05-10 00:19:44,732][    INFO] ***** Evaluation ***** >>>> MeanDice: 85.67

[2024-05-10 00:19:44,779][    INFO] ===========> Epoch: 28, LR: 0.00877, Previous best: 86.38
[2024-05-10 00:19:45,633][    INFO] Iters: 0, Total loss: 0.056, Loss x: 0.092, Loss s: 0.024, Loss w_fp: 0.017, Mask ratio: 0.976
[2024-05-10 00:19:57,503][    INFO] ***** Evaluation ***** >>>> Class [0 Right Ventricle] Dice: 81.09
[2024-05-10 00:19:57,503][    INFO] ***** Evaluation ***** >>>> Class [1 Myocardium] Dice: 82.26
[2024-05-10 00:19:57,503][    INFO] ***** Evaluation ***** >>>> Class [2 Left Ventricle] Dice: 90.70
[2024-05-10 00:19:57,503][    INFO] ***** Evaluation ***** >>>> MeanDice: 84.68

[2024-05-10 00:19:57,576][    INFO] ===========> Epoch: 29, LR: 0.00873, Previous best: 86.38
[2024-05-10 00:19:58,424][    INFO] Iters: 0, Total loss: 0.048, Loss x: 0.062, Loss s: 0.063, Loss w_fp: 0.006, Mask ratio: 0.989
[2024-05-10 00:20:09,443][    INFO] ***** Evaluation ***** >>>> Class [0 Right Ventricle] Dice: 81.95
[2024-05-10 00:20:09,444][    INFO] ***** Evaluation ***** >>>> Class [1 Myocardium] Dice: 83.21
[2024-05-10 00:20:09,444][    INFO] ***** Evaluation ***** >>>> Class [2 Left Ventricle] Dice: 92.10
[2024-05-10 00:20:09,444][    INFO] ***** Evaluation ***** >>>> MeanDice: 85.76

[2024-05-10 00:20:09,509][    INFO] ===========> Epoch: 30, LR: 0.00868, Previous best: 86.38
[2024-05-10 00:20:10,353][    INFO] Iters: 0, Total loss: 0.034, Loss x: 0.049, Loss s: 0.014, Loss w_fp: 0.023, Mask ratio: 0.985
[2024-05-10 00:20:21,073][    INFO] ***** Evaluation ***** >>>> Class [0 Right Ventricle] Dice: 82.78
[2024-05-10 00:20:21,074][    INFO] ***** Evaluation ***** >>>> Class [1 Myocardium] Dice: 82.59
[2024-05-10 00:20:21,074][    INFO] ***** Evaluation ***** >>>> Class [2 Left Ventricle] Dice: 91.77
[2024-05-10 00:20:21,074][    INFO] ***** Evaluation ***** >>>> MeanDice: 85.71

[2024-05-10 00:20:21,146][    INFO] ===========> Epoch: 31, LR: 0.00863, Previous best: 86.38
[2024-05-10 00:20:21,989][    INFO] Iters: 0, Total loss: 0.038, Loss x: 0.056, Loss s: 0.024, Loss w_fp: 0.014, Mask ratio: 0.988
[2024-05-10 00:20:33,623][    INFO] ***** Evaluation ***** >>>> Class [0 Right Ventricle] Dice: 79.94
[2024-05-10 00:20:33,623][    INFO] ***** Evaluation ***** >>>> Class [1 Myocardium] Dice: 79.41
[2024-05-10 00:20:33,623][    INFO] ***** Evaluation ***** >>>> Class [2 Left Ventricle] Dice: 89.68
[2024-05-10 00:20:33,623][    INFO] ***** Evaluation ***** >>>> MeanDice: 83.01

[2024-05-10 00:20:33,694][    INFO] ===========> Epoch: 32, LR: 0.00859, Previous best: 86.38
[2024-05-10 00:20:34,532][    INFO] Iters: 0, Total loss: 0.050, Loss x: 0.069, Loss s: 0.056, Loss w_fp: 0.004, Mask ratio: 0.985
[2024-05-10 00:20:45,039][    INFO] ***** Evaluation ***** >>>> Class [0 Right Ventricle] Dice: 81.49
[2024-05-10 00:20:45,039][    INFO] ***** Evaluation ***** >>>> Class [1 Myocardium] Dice: 84.89
[2024-05-10 00:20:45,039][    INFO] ***** Evaluation ***** >>>> Class [2 Left Ventricle] Dice: 92.60
[2024-05-10 00:20:45,040][    INFO] ***** Evaluation ***** >>>> MeanDice: 86.32

[2024-05-10 00:20:45,113][    INFO] ===========> Epoch: 33, LR: 0.00854, Previous best: 86.38
[2024-05-10 00:20:45,951][    INFO] Iters: 0, Total loss: 0.040, Loss x: 0.058, Loss s: 0.035, Loss w_fp: 0.007, Mask ratio: 0.986
[2024-05-10 00:20:57,161][    INFO] ***** Evaluation ***** >>>> Class [0 Right Ventricle] Dice: 82.35
[2024-05-10 00:20:57,161][    INFO] ***** Evaluation ***** >>>> Class [1 Myocardium] Dice: 84.07
[2024-05-10 00:20:57,161][    INFO] ***** Evaluation ***** >>>> Class [2 Left Ventricle] Dice: 91.06
[2024-05-10 00:20:57,161][    INFO] ***** Evaluation ***** >>>> MeanDice: 85.83

[2024-05-10 00:20:57,236][    INFO] ===========> Epoch: 34, LR: 0.00850, Previous best: 86.38
[2024-05-10 00:20:58,072][    INFO] Iters: 0, Total loss: 0.036, Loss x: 0.046, Loss s: 0.044, Loss w_fp: 0.010, Mask ratio: 0.984
slurmstepd-atlas: error: *** JOB 4890 ON atlas CANCELLED AT 2024-05-10T00:21:01 DUE TO TIME LIMIT ***
