/var/lib/slurm/slurmd/job07327/slurm_script: line 15: module: command not found
[2024-05-17 17:53:21,407][    INFO] {'batch_size': 12,
 'conf_thresh': 0.95,
 'config': 'configs/ukbb/train/exp3/seed53/config.yaml',
 'crop_size': 256,
 'ctrl': 'age ethnicity',
 'data_desc': 'UKBB Train Data - 264 Patients, 26 Labeled, Rest Unlabeled '
              'Patients',
 'data_root': '/vol/aimspace/projects/ukbb/data/cardiac/cardiac_segmentations/subjects',
 'dataset': 'ukbb',
 'epochs': 100,
 'local_rank': 0,
 'lr': 0.01,
 'mode': 'train',
 'model_desc': 'Unimatch Unet 26 Training on UKBB',
 'nclass': 4,
 'ngpus': 1,
 'num_workers': 1,
 'seed': 53,
 'split': 26,
 'visualize': False}

[2024-05-17 17:53:21,529][    INFO] Total params: 1.8M

[2024-05-17 17:53:25,130][    INFO] ************ Load from checkpoint at epoch 12

[2024-05-17 17:53:25,130][    INFO] ===========> Epoch: 13, LR: 0.00890, Previous best: 80.56
[2024-05-17 17:53:34,137][    INFO] Iters: 0, Total loss: 0.072, Loss x: 0.075, Loss s: 0.111, Loss w_fp: 0.028, Mask ratio: 0.983
[2024-05-17 17:54:02,565][    INFO] ***** Evaluation ***** >>>> Class [0 Right Ventricle] Dice: 77.64
[2024-05-17 17:54:02,565][    INFO] ***** Evaluation ***** >>>> Class [1 Myocardium] Dice: 73.61
[2024-05-17 17:54:02,565][    INFO] ***** Evaluation ***** >>>> Class [2 Left Ventricle] Dice: 86.19
[2024-05-17 17:54:02,566][    INFO] ***** Evaluation ***** >>>> MeanDice: 79.15

[2024-05-17 17:54:02,644][    INFO] ===========> Epoch: 14, LR: 0.00881, Previous best: 80.56
[2024-05-17 17:54:03,667][    INFO] Iters: 0, Total loss: 0.054, Loss x: 0.070, Loss s: 0.063, Loss w_fp: 0.014, Mask ratio: 0.983
[2024-05-17 17:54:20,290][    INFO] ***** Evaluation ***** >>>> Class [0 Right Ventricle] Dice: 75.75
[2024-05-17 17:54:20,291][    INFO] ***** Evaluation ***** >>>> Class [1 Myocardium] Dice: 77.40
[2024-05-17 17:54:20,291][    INFO] ***** Evaluation ***** >>>> Class [2 Left Ventricle] Dice: 89.14
[2024-05-17 17:54:20,291][    INFO] ***** Evaluation ***** >>>> MeanDice: 80.76

[2024-05-17 17:54:20,408][    INFO] ===========> Epoch: 15, LR: 0.00872, Previous best: 80.76
[2024-05-17 17:54:21,252][    INFO] Iters: 0, Total loss: 0.083, Loss x: 0.107, Loss s: 0.072, Loss w_fp: 0.045, Mask ratio: 0.989
[2024-05-17 17:54:37,696][    INFO] ***** Evaluation ***** >>>> Class [0 Right Ventricle] Dice: 80.29
[2024-05-17 17:54:37,696][    INFO] ***** Evaluation ***** >>>> Class [1 Myocardium] Dice: 79.55
[2024-05-17 17:54:37,696][    INFO] ***** Evaluation ***** >>>> Class [2 Left Ventricle] Dice: 87.96
[2024-05-17 17:54:37,696][    INFO] ***** Evaluation ***** >>>> MeanDice: 82.60

[2024-05-17 17:54:37,856][    INFO] ===========> Epoch: 16, LR: 0.00863, Previous best: 82.60
[2024-05-17 17:54:38,756][    INFO] Iters: 0, Total loss: 0.065, Loss x: 0.088, Loss s: 0.076, Loss w_fp: 0.009, Mask ratio: 0.986
[2024-05-17 17:54:55,494][    INFO] ***** Evaluation ***** >>>> Class [0 Right Ventricle] Dice: 72.66
[2024-05-17 17:54:55,494][    INFO] ***** Evaluation ***** >>>> Class [1 Myocardium] Dice: 76.47
[2024-05-17 17:54:55,495][    INFO] ***** Evaluation ***** >>>> Class [2 Left Ventricle] Dice: 85.72
[2024-05-17 17:54:55,495][    INFO] ***** Evaluation ***** >>>> MeanDice: 78.28

[2024-05-17 17:54:55,574][    INFO] ===========> Epoch: 17, LR: 0.00854, Previous best: 82.60
[2024-05-17 17:54:56,438][    INFO] Iters: 0, Total loss: 0.044, Loss x: 0.071, Loss s: 0.028, Loss w_fp: 0.005, Mask ratio: 0.983
[2024-05-17 17:55:12,807][    INFO] ***** Evaluation ***** >>>> Class [0 Right Ventricle] Dice: 80.22
[2024-05-17 17:55:12,807][    INFO] ***** Evaluation ***** >>>> Class [1 Myocardium] Dice: 77.94
[2024-05-17 17:55:12,807][    INFO] ***** Evaluation ***** >>>> Class [2 Left Ventricle] Dice: 87.95
[2024-05-17 17:55:12,807][    INFO] ***** Evaluation ***** >>>> MeanDice: 82.04

[2024-05-17 17:55:12,889][    INFO] ===========> Epoch: 18, LR: 0.00845, Previous best: 82.60
[2024-05-17 17:55:13,757][    INFO] Iters: 0, Total loss: 0.051, Loss x: 0.058, Loss s: 0.083, Loss w_fp: 0.005, Mask ratio: 0.978
[2024-05-17 17:55:32,945][    INFO] ***** Evaluation ***** >>>> Class [0 Right Ventricle] Dice: 77.30
[2024-05-17 17:55:32,946][    INFO] ***** Evaluation ***** >>>> Class [1 Myocardium] Dice: 76.20
[2024-05-17 17:55:32,946][    INFO] ***** Evaluation ***** >>>> Class [2 Left Ventricle] Dice: 86.10
[2024-05-17 17:55:32,946][    INFO] ***** Evaluation ***** >>>> MeanDice: 79.86

[2024-05-17 17:55:33,019][    INFO] ===========> Epoch: 19, LR: 0.00835, Previous best: 82.60
[2024-05-17 17:55:33,906][    INFO] Iters: 0, Total loss: 0.065, Loss x: 0.101, Loss s: 0.055, Loss w_fp: 0.003, Mask ratio: 0.989
[2024-05-17 17:55:52,321][    INFO] ***** Evaluation ***** >>>> Class [0 Right Ventricle] Dice: 82.19
[2024-05-17 17:55:52,321][    INFO] ***** Evaluation ***** >>>> Class [1 Myocardium] Dice: 81.09
[2024-05-17 17:55:52,321][    INFO] ***** Evaluation ***** >>>> Class [2 Left Ventricle] Dice: 90.77
[2024-05-17 17:55:52,321][    INFO] ***** Evaluation ***** >>>> MeanDice: 84.68

[2024-05-17 17:55:52,623][    INFO] ===========> Epoch: 20, LR: 0.00826, Previous best: 84.68
[2024-05-17 17:55:53,735][    INFO] Iters: 0, Total loss: 0.048, Loss x: 0.059, Loss s: 0.060, Loss w_fp: 0.012, Mask ratio: 0.982
[2024-05-17 17:56:11,352][    INFO] ***** Evaluation ***** >>>> Class [0 Right Ventricle] Dice: 83.32
[2024-05-17 17:56:11,352][    INFO] ***** Evaluation ***** >>>> Class [1 Myocardium] Dice: 80.83
[2024-05-17 17:56:11,352][    INFO] ***** Evaluation ***** >>>> Class [2 Left Ventricle] Dice: 91.49
[2024-05-17 17:56:11,352][    INFO] ***** Evaluation ***** >>>> MeanDice: 85.21

[2024-05-17 17:56:11,529][    INFO] ===========> Epoch: 21, LR: 0.00817, Previous best: 85.21
[2024-05-17 17:56:12,409][    INFO] Iters: 0, Total loss: 0.048, Loss x: 0.059, Loss s: 0.061, Loss w_fp: 0.013, Mask ratio: 0.982
[2024-05-17 17:56:29,199][    INFO] ***** Evaluation ***** >>>> Class [0 Right Ventricle] Dice: 83.11
[2024-05-17 17:56:29,200][    INFO] ***** Evaluation ***** >>>> Class [1 Myocardium] Dice: 79.32
[2024-05-17 17:56:29,200][    INFO] ***** Evaluation ***** >>>> Class [2 Left Ventricle] Dice: 90.32
[2024-05-17 17:56:29,200][    INFO] ***** Evaluation ***** >>>> MeanDice: 84.25

[2024-05-17 17:56:29,319][    INFO] ===========> Epoch: 22, LR: 0.00808, Previous best: 85.21
[2024-05-17 17:56:30,191][    INFO] Iters: 0, Total loss: 0.043, Loss x: 0.052, Loss s: 0.054, Loss w_fp: 0.014, Mask ratio: 0.986
[2024-05-17 17:56:46,910][    INFO] ***** Evaluation ***** >>>> Class [0 Right Ventricle] Dice: 82.69
[2024-05-17 17:56:46,910][    INFO] ***** Evaluation ***** >>>> Class [1 Myocardium] Dice: 82.75
[2024-05-17 17:56:46,910][    INFO] ***** Evaluation ***** >>>> Class [2 Left Ventricle] Dice: 91.57
[2024-05-17 17:56:46,910][    INFO] ***** Evaluation ***** >>>> MeanDice: 85.67

[2024-05-17 17:56:47,091][    INFO] ===========> Epoch: 23, LR: 0.00799, Previous best: 85.67
[2024-05-17 17:56:47,973][    INFO] Iters: 0, Total loss: 0.058, Loss x: 0.060, Loss s: 0.102, Loss w_fp: 0.012, Mask ratio: 0.985
[2024-05-17 17:57:05,458][    INFO] ***** Evaluation ***** >>>> Class [0 Right Ventricle] Dice: 83.62
[2024-05-17 17:57:05,459][    INFO] ***** Evaluation ***** >>>> Class [1 Myocardium] Dice: 80.53
[2024-05-17 17:57:05,459][    INFO] ***** Evaluation ***** >>>> Class [2 Left Ventricle] Dice: 90.61
[2024-05-17 17:57:05,459][    INFO] ***** Evaluation ***** >>>> MeanDice: 84.92

[2024-05-17 17:57:05,548][    INFO] ===========> Epoch: 24, LR: 0.00789, Previous best: 85.67
[2024-05-17 17:57:06,440][    INFO] Iters: 0, Total loss: 0.053, Loss x: 0.064, Loss s: 0.077, Loss w_fp: 0.007, Mask ratio: 0.983
[2024-05-17 17:57:23,940][    INFO] ***** Evaluation ***** >>>> Class [0 Right Ventricle] Dice: 83.24
[2024-05-17 17:57:23,940][    INFO] ***** Evaluation ***** >>>> Class [1 Myocardium] Dice: 81.66
[2024-05-17 17:57:23,940][    INFO] ***** Evaluation ***** >>>> Class [2 Left Ventricle] Dice: 92.41
[2024-05-17 17:57:23,941][    INFO] ***** Evaluation ***** >>>> MeanDice: 85.77

[2024-05-17 17:57:24,137][    INFO] ===========> Epoch: 25, LR: 0.00780, Previous best: 85.77
[2024-05-17 17:57:25,029][    INFO] Iters: 0, Total loss: 0.046, Loss x: 0.070, Loss s: 0.041, Loss w_fp: 0.005, Mask ratio: 0.989
[2024-05-17 17:57:41,788][    INFO] ***** Evaluation ***** >>>> Class [0 Right Ventricle] Dice: 82.72
[2024-05-17 17:57:41,788][    INFO] ***** Evaluation ***** >>>> Class [1 Myocardium] Dice: 82.46
[2024-05-17 17:57:41,788][    INFO] ***** Evaluation ***** >>>> Class [2 Left Ventricle] Dice: 92.31
[2024-05-17 17:57:41,788][    INFO] ***** Evaluation ***** >>>> MeanDice: 85.83

[2024-05-17 17:57:42,058][    INFO] ===========> Epoch: 26, LR: 0.00771, Previous best: 85.83
[2024-05-17 17:57:42,925][    INFO] Iters: 0, Total loss: 0.040, Loss x: 0.048, Loss s: 0.045, Loss w_fp: 0.019, Mask ratio: 0.985
[2024-05-17 17:58:00,100][    INFO] ***** Evaluation ***** >>>> Class [0 Right Ventricle] Dice: 82.71
[2024-05-17 17:58:00,100][    INFO] ***** Evaluation ***** >>>> Class [1 Myocardium] Dice: 83.85
[2024-05-17 17:58:00,100][    INFO] ***** Evaluation ***** >>>> Class [2 Left Ventricle] Dice: 92.47
[2024-05-17 17:58:00,100][    INFO] ***** Evaluation ***** >>>> MeanDice: 86.35

[2024-05-17 17:58:00,241][    INFO] ===========> Epoch: 27, LR: 0.00762, Previous best: 86.35
[2024-05-17 17:58:01,067][    INFO] Iters: 0, Total loss: 0.041, Loss x: 0.062, Loss s: 0.033, Loss w_fp: 0.007, Mask ratio: 0.987
[2024-05-17 17:58:18,131][    INFO] ***** Evaluation ***** >>>> Class [0 Right Ventricle] Dice: 78.28
[2024-05-17 17:58:18,131][    INFO] ***** Evaluation ***** >>>> Class [1 Myocardium] Dice: 81.07
[2024-05-17 17:58:18,131][    INFO] ***** Evaluation ***** >>>> Class [2 Left Ventricle] Dice: 92.01
[2024-05-17 17:58:18,131][    INFO] ***** Evaluation ***** >>>> MeanDice: 83.79

[2024-05-17 17:58:18,205][    INFO] ===========> Epoch: 28, LR: 0.00752, Previous best: 86.35
[2024-05-17 17:58:19,068][    INFO] Iters: 0, Total loss: 0.058, Loss x: 0.055, Loss s: 0.115, Loss w_fp: 0.006, Mask ratio: 0.985
[2024-05-17 17:58:36,200][    INFO] ***** Evaluation ***** >>>> Class [0 Right Ventricle] Dice: 84.16
[2024-05-17 17:58:36,200][    INFO] ***** Evaluation ***** >>>> Class [1 Myocardium] Dice: 83.15
[2024-05-17 17:58:36,200][    INFO] ***** Evaluation ***** >>>> Class [2 Left Ventricle] Dice: 92.31
[2024-05-17 17:58:36,200][    INFO] ***** Evaluation ***** >>>> MeanDice: 86.54

[2024-05-17 17:58:36,327][    INFO] ===========> Epoch: 29, LR: 0.00743, Previous best: 86.54
[2024-05-17 17:58:37,193][    INFO] Iters: 0, Total loss: 0.042, Loss x: 0.057, Loss s: 0.047, Loss w_fp: 0.006, Mask ratio: 0.988
[2024-05-17 17:58:54,084][    INFO] ***** Evaluation ***** >>>> Class [0 Right Ventricle] Dice: 85.17
[2024-05-17 17:58:54,085][    INFO] ***** Evaluation ***** >>>> Class [1 Myocardium] Dice: 83.69
[2024-05-17 17:58:54,085][    INFO] ***** Evaluation ***** >>>> Class [2 Left Ventricle] Dice: 91.55
[2024-05-17 17:58:54,085][    INFO] ***** Evaluation ***** >>>> MeanDice: 86.80

[2024-05-17 17:58:54,204][    INFO] ===========> Epoch: 30, LR: 0.00734, Previous best: 86.80
[2024-05-17 17:58:55,051][    INFO] Iters: 0, Total loss: 0.061, Loss x: 0.078, Loss s: 0.082, Loss w_fp: 0.006, Mask ratio: 0.987
[2024-05-17 17:59:12,513][    INFO] ***** Evaluation ***** >>>> Class [0 Right Ventricle] Dice: 84.07
[2024-05-17 17:59:12,514][    INFO] ***** Evaluation ***** >>>> Class [1 Myocardium] Dice: 82.95
[2024-05-17 17:59:12,514][    INFO] ***** Evaluation ***** >>>> Class [2 Left Ventricle] Dice: 89.91
[2024-05-17 17:59:12,514][    INFO] ***** Evaluation ***** >>>> MeanDice: 85.64

[2024-05-17 17:59:12,600][    INFO] ===========> Epoch: 31, LR: 0.00724, Previous best: 86.80
[2024-05-17 17:59:13,478][    INFO] Iters: 0, Total loss: 0.058, Loss x: 0.068, Loss s: 0.071, Loss w_fp: 0.024, Mask ratio: 0.987
[2024-05-17 17:59:30,717][    INFO] ***** Evaluation ***** >>>> Class [0 Right Ventricle] Dice: 84.35
[2024-05-17 17:59:30,717][    INFO] ***** Evaluation ***** >>>> Class [1 Myocardium] Dice: 83.45
[2024-05-17 17:59:30,717][    INFO] ***** Evaluation ***** >>>> Class [2 Left Ventricle] Dice: 93.21
[2024-05-17 17:59:30,717][    INFO] ***** Evaluation ***** >>>> MeanDice: 87.00

[2024-05-17 17:59:30,917][    INFO] ===========> Epoch: 32, LR: 0.00715, Previous best: 87.00
[2024-05-17 17:59:31,789][    INFO] Iters: 0, Total loss: 0.052, Loss x: 0.074, Loss s: 0.045, Loss w_fp: 0.014, Mask ratio: 0.987
[2024-05-17 17:59:48,979][    INFO] ***** Evaluation ***** >>>> Class [0 Right Ventricle] Dice: 78.57
[2024-05-17 17:59:48,980][    INFO] ***** Evaluation ***** >>>> Class [1 Myocardium] Dice: 81.98
[2024-05-17 17:59:48,980][    INFO] ***** Evaluation ***** >>>> Class [2 Left Ventricle] Dice: 92.49
[2024-05-17 17:59:48,980][    INFO] ***** Evaluation ***** >>>> MeanDice: 84.35

[2024-05-17 17:59:49,029][    INFO] ===========> Epoch: 33, LR: 0.00706, Previous best: 87.00
[2024-05-17 17:59:49,904][    INFO] Iters: 0, Total loss: 0.041, Loss x: 0.053, Loss s: 0.049, Loss w_fp: 0.008, Mask ratio: 0.988
[2024-05-17 18:00:07,072][    INFO] ***** Evaluation ***** >>>> Class [0 Right Ventricle] Dice: 82.12
[2024-05-17 18:00:07,072][    INFO] ***** Evaluation ***** >>>> Class [1 Myocardium] Dice: 81.97
[2024-05-17 18:00:07,072][    INFO] ***** Evaluation ***** >>>> Class [2 Left Ventricle] Dice: 90.63
[2024-05-17 18:00:07,072][    INFO] ***** Evaluation ***** >>>> MeanDice: 84.91

[2024-05-17 18:00:07,256][    INFO] ===========> Epoch: 34, LR: 0.00696, Previous best: 87.00
[2024-05-17 18:00:08,164][    INFO] Iters: 0, Total loss: 0.041, Loss x: 0.050, Loss s: 0.054, Loss w_fp: 0.011, Mask ratio: 0.989
[2024-05-17 18:00:26,385][    INFO] ***** Evaluation ***** >>>> Class [0 Right Ventricle] Dice: 84.52
[2024-05-17 18:00:26,386][    INFO] ***** Evaluation ***** >>>> Class [1 Myocardium] Dice: 84.36
[2024-05-17 18:00:26,386][    INFO] ***** Evaluation ***** >>>> Class [2 Left Ventricle] Dice: 92.10
[2024-05-17 18:00:26,386][    INFO] ***** Evaluation ***** >>>> MeanDice: 87.00

[2024-05-17 18:00:26,530][    INFO] ===========> Epoch: 35, LR: 0.00687, Previous best: 87.00
[2024-05-17 18:00:27,431][    INFO] Iters: 0, Total loss: 0.033, Loss x: 0.036, Loss s: 0.050, Loss w_fp: 0.011, Mask ratio: 0.984
[2024-05-17 18:00:44,470][    INFO] ***** Evaluation ***** >>>> Class [0 Right Ventricle] Dice: 85.95
[2024-05-17 18:00:44,471][    INFO] ***** Evaluation ***** >>>> Class [1 Myocardium] Dice: 85.49
[2024-05-17 18:00:44,471][    INFO] ***** Evaluation ***** >>>> Class [2 Left Ventricle] Dice: 92.68
[2024-05-17 18:00:44,471][    INFO] ***** Evaluation ***** >>>> MeanDice: 88.04

[2024-05-17 18:00:44,664][    INFO] ===========> Epoch: 36, LR: 0.00678, Previous best: 88.04
[2024-05-17 18:00:45,533][    INFO] Iters: 0, Total loss: 0.029, Loss x: 0.039, Loss s: 0.030, Loss w_fp: 0.008, Mask ratio: 0.987
[2024-05-17 18:01:02,483][    INFO] ***** Evaluation ***** >>>> Class [0 Right Ventricle] Dice: 85.69
[2024-05-17 18:01:02,483][    INFO] ***** Evaluation ***** >>>> Class [1 Myocardium] Dice: 85.02
[2024-05-17 18:01:02,483][    INFO] ***** Evaluation ***** >>>> Class [2 Left Ventricle] Dice: 92.11
[2024-05-17 18:01:02,483][    INFO] ***** Evaluation ***** >>>> MeanDice: 87.61

[2024-05-17 18:01:02,534][    INFO] ===========> Epoch: 37, LR: 0.00668, Previous best: 88.04
[2024-05-17 18:01:03,381][    INFO] Iters: 0, Total loss: 0.075, Loss x: 0.100, Loss s: 0.088, Loss w_fp: 0.012, Mask ratio: 0.989
[2024-05-17 18:01:20,238][    INFO] ***** Evaluation ***** >>>> Class [0 Right Ventricle] Dice: 86.00
[2024-05-17 18:01:20,239][    INFO] ***** Evaluation ***** >>>> Class [1 Myocardium] Dice: 84.75
[2024-05-17 18:01:20,239][    INFO] ***** Evaluation ***** >>>> Class [2 Left Ventricle] Dice: 92.70
[2024-05-17 18:01:20,239][    INFO] ***** Evaluation ***** >>>> MeanDice: 87.82

[2024-05-17 18:01:20,383][    INFO] ===========> Epoch: 38, LR: 0.00659, Previous best: 88.04
[2024-05-17 18:01:21,284][    INFO] Iters: 0, Total loss: 0.044, Loss x: 0.043, Loss s: 0.085, Loss w_fp: 0.004, Mask ratio: 0.985
[2024-05-17 18:01:39,095][    INFO] ***** Evaluation ***** >>>> Class [0 Right Ventricle] Dice: 83.19
[2024-05-17 18:01:39,095][    INFO] ***** Evaluation ***** >>>> Class [1 Myocardium] Dice: 83.09
[2024-05-17 18:01:39,095][    INFO] ***** Evaluation ***** >>>> Class [2 Left Ventricle] Dice: 92.97
[2024-05-17 18:01:39,095][    INFO] ***** Evaluation ***** >>>> MeanDice: 86.42

[2024-05-17 18:01:39,241][    INFO] ===========> Epoch: 39, LR: 0.00649, Previous best: 88.04
[2024-05-17 18:01:40,133][    INFO] Iters: 0, Total loss: 0.040, Loss x: 0.048, Loss s: 0.057, Loss w_fp: 0.008, Mask ratio: 0.989
[2024-05-17 18:01:57,221][    INFO] ***** Evaluation ***** >>>> Class [0 Right Ventricle] Dice: 86.58
[2024-05-17 18:01:57,222][    INFO] ***** Evaluation ***** >>>> Class [1 Myocardium] Dice: 86.22
[2024-05-17 18:01:57,222][    INFO] ***** Evaluation ***** >>>> Class [2 Left Ventricle] Dice: 93.37
[2024-05-17 18:01:57,222][    INFO] ***** Evaluation ***** >>>> MeanDice: 88.72

[2024-05-17 18:01:57,320][    INFO] ===========> Epoch: 40, LR: 0.00640, Previous best: 88.72
[2024-05-17 18:01:58,175][    INFO] Iters: 0, Total loss: 0.033, Loss x: 0.043, Loss s: 0.040, Loss w_fp: 0.007, Mask ratio: 0.988
[2024-05-17 18:02:15,401][    INFO] ***** Evaluation ***** >>>> Class [0 Right Ventricle] Dice: 86.24
[2024-05-17 18:02:15,401][    INFO] ***** Evaluation ***** >>>> Class [1 Myocardium] Dice: 85.73
[2024-05-17 18:02:15,401][    INFO] ***** Evaluation ***** >>>> Class [2 Left Ventricle] Dice: 93.45
[2024-05-17 18:02:15,401][    INFO] ***** Evaluation ***** >>>> MeanDice: 88.47

[2024-05-17 18:02:15,546][    INFO] ===========> Epoch: 41, LR: 0.00630, Previous best: 88.72
[2024-05-17 18:02:16,360][    INFO] Iters: 0, Total loss: 0.040, Loss x: 0.054, Loss s: 0.043, Loss w_fp: 0.008, Mask ratio: 0.985
[2024-05-17 18:02:33,457][    INFO] ***** Evaluation ***** >>>> Class [0 Right Ventricle] Dice: 86.34
[2024-05-17 18:02:33,457][    INFO] ***** Evaluation ***** >>>> Class [1 Myocardium] Dice: 84.93
[2024-05-17 18:02:33,457][    INFO] ***** Evaluation ***** >>>> Class [2 Left Ventricle] Dice: 93.34
[2024-05-17 18:02:33,457][    INFO] ***** Evaluation ***** >>>> MeanDice: 88.20

[2024-05-17 18:02:33,597][    INFO] ===========> Epoch: 42, LR: 0.00621, Previous best: 88.72
[2024-05-17 18:02:34,492][    INFO] Iters: 0, Total loss: 0.047, Loss x: 0.062, Loss s: 0.052, Loss w_fp: 0.012, Mask ratio: 0.987
[2024-05-17 18:02:51,423][    INFO] ***** Evaluation ***** >>>> Class [0 Right Ventricle] Dice: 86.38
[2024-05-17 18:02:51,423][    INFO] ***** Evaluation ***** >>>> Class [1 Myocardium] Dice: 84.86
[2024-05-17 18:02:51,424][    INFO] ***** Evaluation ***** >>>> Class [2 Left Ventricle] Dice: 93.49
[2024-05-17 18:02:51,424][    INFO] ***** Evaluation ***** >>>> MeanDice: 88.24

[2024-05-17 18:02:51,498][    INFO] ===========> Epoch: 43, LR: 0.00611, Previous best: 88.72
[2024-05-17 18:02:52,408][    INFO] Iters: 0, Total loss: 0.036, Loss x: 0.045, Loss s: 0.048, Loss w_fp: 0.004, Mask ratio: 0.988
[2024-05-17 18:03:09,103][    INFO] ***** Evaluation ***** >>>> Class [0 Right Ventricle] Dice: 86.21
[2024-05-17 18:03:09,104][    INFO] ***** Evaluation ***** >>>> Class [1 Myocardium] Dice: 85.66
[2024-05-17 18:03:09,104][    INFO] ***** Evaluation ***** >>>> Class [2 Left Ventricle] Dice: 93.31
[2024-05-17 18:03:09,104][    INFO] ***** Evaluation ***** >>>> MeanDice: 88.40

[2024-05-17 18:03:09,249][    INFO] ===========> Epoch: 44, LR: 0.00602, Previous best: 88.72
[2024-05-17 18:03:10,143][    INFO] Iters: 0, Total loss: 0.032, Loss x: 0.040, Loss s: 0.045, Loss w_fp: 0.004, Mask ratio: 0.991
[2024-05-17 18:03:27,182][    INFO] ***** Evaluation ***** >>>> Class [0 Right Ventricle] Dice: 85.93
[2024-05-17 18:03:27,182][    INFO] ***** Evaluation ***** >>>> Class [1 Myocardium] Dice: 84.60
[2024-05-17 18:03:27,182][    INFO] ***** Evaluation ***** >>>> Class [2 Left Ventricle] Dice: 92.10
[2024-05-17 18:03:27,182][    INFO] ***** Evaluation ***** >>>> MeanDice: 87.54

[2024-05-17 18:03:27,258][    INFO] ===========> Epoch: 45, LR: 0.00592, Previous best: 88.72
[2024-05-17 18:03:28,128][    INFO] Iters: 0, Total loss: 0.041, Loss x: 0.049, Loss s: 0.046, Loss w_fp: 0.017, Mask ratio: 0.988
[2024-05-17 18:03:44,948][    INFO] ***** Evaluation ***** >>>> Class [0 Right Ventricle] Dice: 87.18
[2024-05-17 18:03:44,948][    INFO] ***** Evaluation ***** >>>> Class [1 Myocardium] Dice: 84.83
[2024-05-17 18:03:44,948][    INFO] ***** Evaluation ***** >>>> Class [2 Left Ventricle] Dice: 92.85
[2024-05-17 18:03:44,948][    INFO] ***** Evaluation ***** >>>> MeanDice: 88.29

[2024-05-17 18:03:45,022][    INFO] ===========> Epoch: 46, LR: 0.00583, Previous best: 88.72
[2024-05-17 18:03:45,922][    INFO] Iters: 0, Total loss: 0.029, Loss x: 0.036, Loss s: 0.038, Loss w_fp: 0.004, Mask ratio: 0.987
[2024-05-17 18:04:02,980][    INFO] ***** Evaluation ***** >>>> Class [0 Right Ventricle] Dice: 85.21
[2024-05-17 18:04:02,980][    INFO] ***** Evaluation ***** >>>> Class [1 Myocardium] Dice: 84.72
[2024-05-17 18:04:02,980][    INFO] ***** Evaluation ***** >>>> Class [2 Left Ventricle] Dice: 93.60
[2024-05-17 18:04:02,980][    INFO] ***** Evaluation ***** >>>> MeanDice: 87.84

[2024-05-17 18:04:03,063][    INFO] ===========> Epoch: 47, LR: 0.00573, Previous best: 88.72
[2024-05-17 18:04:03,928][    INFO] Iters: 0, Total loss: 0.026, Loss x: 0.040, Loss s: 0.018, Loss w_fp: 0.006, Mask ratio: 0.989
[2024-05-17 18:04:20,665][    INFO] ***** Evaluation ***** >>>> Class [0 Right Ventricle] Dice: 85.80
[2024-05-17 18:04:20,665][    INFO] ***** Evaluation ***** >>>> Class [1 Myocardium] Dice: 85.32
[2024-05-17 18:04:20,665][    INFO] ***** Evaluation ***** >>>> Class [2 Left Ventricle] Dice: 93.93
[2024-05-17 18:04:20,666][    INFO] ***** Evaluation ***** >>>> MeanDice: 88.35

[2024-05-17 18:04:20,814][    INFO] ===========> Epoch: 48, LR: 0.00564, Previous best: 88.72
[2024-05-17 18:04:21,685][    INFO] Iters: 0, Total loss: 0.046, Loss x: 0.076, Loss s: 0.026, Loss w_fp: 0.005, Mask ratio: 0.994
[2024-05-17 18:04:39,631][    INFO] ***** Evaluation ***** >>>> Class [0 Right Ventricle] Dice: 87.11
[2024-05-17 18:04:39,631][    INFO] ***** Evaluation ***** >>>> Class [1 Myocardium] Dice: 85.68
[2024-05-17 18:04:39,631][    INFO] ***** Evaluation ***** >>>> Class [2 Left Ventricle] Dice: 93.34
[2024-05-17 18:04:39,631][    INFO] ***** Evaluation ***** >>>> MeanDice: 88.71

[2024-05-17 18:04:39,895][    INFO] ===========> Epoch: 49, LR: 0.00554, Previous best: 88.72
[2024-05-17 18:04:40,776][    INFO] Iters: 0, Total loss: 0.033, Loss x: 0.043, Loss s: 0.038, Loss w_fp: 0.009, Mask ratio: 0.987
[2024-05-17 18:04:57,652][    INFO] ***** Evaluation ***** >>>> Class [0 Right Ventricle] Dice: 87.15
[2024-05-17 18:04:57,652][    INFO] ***** Evaluation ***** >>>> Class [1 Myocardium] Dice: 86.39
[2024-05-17 18:04:57,652][    INFO] ***** Evaluation ***** >>>> Class [2 Left Ventricle] Dice: 93.74
[2024-05-17 18:04:57,652][    INFO] ***** Evaluation ***** >>>> MeanDice: 89.09

[2024-05-17 18:04:57,937][    INFO] ===========> Epoch: 50, LR: 0.00544, Previous best: 89.09
[2024-05-17 18:04:58,820][    INFO] Iters: 0, Total loss: 0.026, Loss x: 0.037, Loss s: 0.025, Loss w_fp: 0.007, Mask ratio: 0.989
[2024-05-17 18:05:16,604][    INFO] ***** Evaluation ***** >>>> Class [0 Right Ventricle] Dice: 86.64
[2024-05-17 18:05:16,604][    INFO] ***** Evaluation ***** >>>> Class [1 Myocardium] Dice: 85.93
[2024-05-17 18:05:16,604][    INFO] ***** Evaluation ***** >>>> Class [2 Left Ventricle] Dice: 93.50
[2024-05-17 18:05:16,604][    INFO] ***** Evaluation ***** >>>> MeanDice: 88.69

[2024-05-17 18:05:16,678][    INFO] ===========> Epoch: 51, LR: 0.00535, Previous best: 89.09
[2024-05-17 18:05:17,520][    INFO] Iters: 0, Total loss: 0.046, Loss x: 0.058, Loss s: 0.064, Loss w_fp: 0.004, Mask ratio: 0.989
[2024-05-17 18:05:34,920][    INFO] ***** Evaluation ***** >>>> Class [0 Right Ventricle] Dice: 86.91
[2024-05-17 18:05:34,920][    INFO] ***** Evaluation ***** >>>> Class [1 Myocardium] Dice: 85.65
[2024-05-17 18:05:34,920][    INFO] ***** Evaluation ***** >>>> Class [2 Left Ventricle] Dice: 93.14
[2024-05-17 18:05:34,920][    INFO] ***** Evaluation ***** >>>> MeanDice: 88.56

[2024-05-17 18:05:35,050][    INFO] ===========> Epoch: 52, LR: 0.00525, Previous best: 89.09
[2024-05-17 18:05:35,893][    INFO] Iters: 0, Total loss: 0.041, Loss x: 0.045, Loss s: 0.068, Loss w_fp: 0.006, Mask ratio: 0.990
[2024-05-17 18:05:53,823][    INFO] ***** Evaluation ***** >>>> Class [0 Right Ventricle] Dice: 87.29
[2024-05-17 18:05:53,823][    INFO] ***** Evaluation ***** >>>> Class [1 Myocardium] Dice: 86.56
[2024-05-17 18:05:53,824][    INFO] ***** Evaluation ***** >>>> Class [2 Left Ventricle] Dice: 93.58
[2024-05-17 18:05:53,824][    INFO] ***** Evaluation ***** >>>> MeanDice: 89.14

[2024-05-17 18:05:54,114][    INFO] ===========> Epoch: 53, LR: 0.00516, Previous best: 89.14
[2024-05-17 18:05:55,002][    INFO] Iters: 0, Total loss: 0.026, Loss x: 0.034, Loss s: 0.032, Loss w_fp: 0.004, Mask ratio: 0.987
[2024-05-17 18:06:12,047][    INFO] ***** Evaluation ***** >>>> Class [0 Right Ventricle] Dice: 87.08
[2024-05-17 18:06:12,047][    INFO] ***** Evaluation ***** >>>> Class [1 Myocardium] Dice: 86.18
[2024-05-17 18:06:12,047][    INFO] ***** Evaluation ***** >>>> Class [2 Left Ventricle] Dice: 93.57
[2024-05-17 18:06:12,047][    INFO] ***** Evaluation ***** >>>> MeanDice: 88.94

[2024-05-17 18:06:12,097][    INFO] ===========> Epoch: 54, LR: 0.00506, Previous best: 89.14
[2024-05-17 18:06:12,963][    INFO] Iters: 0, Total loss: 0.031, Loss x: 0.042, Loss s: 0.034, Loss w_fp: 0.007, Mask ratio: 0.990
[2024-05-17 18:06:30,057][    INFO] ***** Evaluation ***** >>>> Class [0 Right Ventricle] Dice: 87.86
[2024-05-17 18:06:30,057][    INFO] ***** Evaluation ***** >>>> Class [1 Myocardium] Dice: 87.29
[2024-05-17 18:06:30,057][    INFO] ***** Evaluation ***** >>>> Class [2 Left Ventricle] Dice: 93.90
[2024-05-17 18:06:30,057][    INFO] ***** Evaluation ***** >>>> MeanDice: 89.68

[2024-05-17 18:06:30,325][    INFO] ===========> Epoch: 55, LR: 0.00496, Previous best: 89.68
[2024-05-17 18:06:31,208][    INFO] Iters: 0, Total loss: 0.031, Loss x: 0.028, Loss s: 0.053, Loss w_fp: 0.015, Mask ratio: 0.987
[2024-05-17 18:06:48,002][    INFO] ***** Evaluation ***** >>>> Class [0 Right Ventricle] Dice: 87.08
[2024-05-17 18:06:48,002][    INFO] ***** Evaluation ***** >>>> Class [1 Myocardium] Dice: 86.56
[2024-05-17 18:06:48,002][    INFO] ***** Evaluation ***** >>>> Class [2 Left Ventricle] Dice: 93.84
[2024-05-17 18:06:48,002][    INFO] ***** Evaluation ***** >>>> MeanDice: 89.16

[2024-05-17 18:06:48,076][    INFO] ===========> Epoch: 56, LR: 0.00486, Previous best: 89.68
[2024-05-17 18:06:48,998][    INFO] Iters: 0, Total loss: 0.043, Loss x: 0.045, Loss s: 0.073, Loss w_fp: 0.009, Mask ratio: 0.991
[2024-05-17 18:07:06,815][    INFO] ***** Evaluation ***** >>>> Class [0 Right Ventricle] Dice: 87.57
[2024-05-17 18:07:06,815][    INFO] ***** Evaluation ***** >>>> Class [1 Myocardium] Dice: 86.73
[2024-05-17 18:07:06,815][    INFO] ***** Evaluation ***** >>>> Class [2 Left Ventricle] Dice: 93.94
[2024-05-17 18:07:06,815][    INFO] ***** Evaluation ***** >>>> MeanDice: 89.41

[2024-05-17 18:07:06,951][    INFO] ===========> Epoch: 57, LR: 0.00477, Previous best: 89.68
[2024-05-17 18:07:07,815][    INFO] Iters: 0, Total loss: 0.024, Loss x: 0.025, Loss s: 0.038, Loss w_fp: 0.007, Mask ratio: 0.987
[2024-05-17 18:07:24,546][    INFO] ***** Evaluation ***** >>>> Class [0 Right Ventricle] Dice: 87.94
[2024-05-17 18:07:24,547][    INFO] ***** Evaluation ***** >>>> Class [1 Myocardium] Dice: 85.28
[2024-05-17 18:07:24,547][    INFO] ***** Evaluation ***** >>>> Class [2 Left Ventricle] Dice: 93.75
[2024-05-17 18:07:24,547][    INFO] ***** Evaluation ***** >>>> MeanDice: 88.99

[2024-05-17 18:07:24,682][    INFO] ===========> Epoch: 58, LR: 0.00467, Previous best: 89.68
[2024-05-17 18:07:25,550][    INFO] Iters: 0, Total loss: 0.039, Loss x: 0.042, Loss s: 0.065, Loss w_fp: 0.006, Mask ratio: 0.988
[2024-05-17 18:07:42,528][    INFO] ***** Evaluation ***** >>>> Class [0 Right Ventricle] Dice: 86.88
[2024-05-17 18:07:42,528][    INFO] ***** Evaluation ***** >>>> Class [1 Myocardium] Dice: 86.47
[2024-05-17 18:07:42,528][    INFO] ***** Evaluation ***** >>>> Class [2 Left Ventricle] Dice: 94.12
[2024-05-17 18:07:42,528][    INFO] ***** Evaluation ***** >>>> MeanDice: 89.16

[2024-05-17 18:07:42,669][    INFO] ===========> Epoch: 59, LR: 0.00457, Previous best: 89.68
[2024-05-17 18:07:43,565][    INFO] Iters: 0, Total loss: 0.028, Loss x: 0.044, Loss s: 0.023, Loss w_fp: 0.003, Mask ratio: 0.989
[2024-05-17 18:08:01,571][    INFO] ***** Evaluation ***** >>>> Class [0 Right Ventricle] Dice: 87.19
[2024-05-17 18:08:01,571][    INFO] ***** Evaluation ***** >>>> Class [1 Myocardium] Dice: 86.88
[2024-05-17 18:08:01,571][    INFO] ***** Evaluation ***** >>>> Class [2 Left Ventricle] Dice: 93.96
[2024-05-17 18:08:01,571][    INFO] ***** Evaluation ***** >>>> MeanDice: 89.34

[2024-05-17 18:08:01,716][    INFO] ===========> Epoch: 60, LR: 0.00447, Previous best: 89.68
[2024-05-17 18:08:02,573][    INFO] Iters: 0, Total loss: 0.028, Loss x: 0.041, Loss s: 0.023, Loss w_fp: 0.005, Mask ratio: 0.983
[2024-05-17 18:08:19,800][    INFO] ***** Evaluation ***** >>>> Class [0 Right Ventricle] Dice: 88.06
[2024-05-17 18:08:19,801][    INFO] ***** Evaluation ***** >>>> Class [1 Myocardium] Dice: 86.99
[2024-05-17 18:08:19,801][    INFO] ***** Evaluation ***** >>>> Class [2 Left Ventricle] Dice: 94.00
[2024-05-17 18:08:19,801][    INFO] ***** Evaluation ***** >>>> MeanDice: 89.68

[2024-05-17 18:08:19,940][    INFO] ===========> Epoch: 61, LR: 0.00437, Previous best: 89.68
[2024-05-17 18:08:20,804][    INFO] Iters: 0, Total loss: 0.033, Loss x: 0.039, Loss s: 0.045, Loss w_fp: 0.011, Mask ratio: 0.992
[2024-05-17 18:08:37,448][    INFO] ***** Evaluation ***** >>>> Class [0 Right Ventricle] Dice: 86.94
[2024-05-17 18:08:37,448][    INFO] ***** Evaluation ***** >>>> Class [1 Myocardium] Dice: 85.85
[2024-05-17 18:08:37,448][    INFO] ***** Evaluation ***** >>>> Class [2 Left Ventricle] Dice: 93.61
[2024-05-17 18:08:37,448][    INFO] ***** Evaluation ***** >>>> MeanDice: 88.80

[2024-05-17 18:08:37,630][    INFO] ===========> Epoch: 62, LR: 0.00427, Previous best: 89.68
[2024-05-17 18:08:38,504][    INFO] Iters: 0, Total loss: 0.038, Loss x: 0.029, Loss s: 0.084, Loss w_fp: 0.009, Mask ratio: 0.986
[2024-05-17 18:08:55,476][    INFO] ***** Evaluation ***** >>>> Class [0 Right Ventricle] Dice: 86.71
[2024-05-17 18:08:55,476][    INFO] ***** Evaluation ***** >>>> Class [1 Myocardium] Dice: 85.92
[2024-05-17 18:08:55,476][    INFO] ***** Evaluation ***** >>>> Class [2 Left Ventricle] Dice: 94.01
[2024-05-17 18:08:55,476][    INFO] ***** Evaluation ***** >>>> MeanDice: 88.88

[2024-05-17 18:08:55,730][    INFO] ===========> Epoch: 63, LR: 0.00418, Previous best: 89.68
[2024-05-17 18:08:56,590][    INFO] Iters: 0, Total loss: 0.038, Loss x: 0.043, Loss s: 0.063, Loss w_fp: 0.002, Mask ratio: 0.989
[2024-05-17 18:09:13,750][    INFO] ***** Evaluation ***** >>>> Class [0 Right Ventricle] Dice: 88.43
[2024-05-17 18:09:13,751][    INFO] ***** Evaluation ***** >>>> Class [1 Myocardium] Dice: 87.98
[2024-05-17 18:09:13,751][    INFO] ***** Evaluation ***** >>>> Class [2 Left Ventricle] Dice: 93.95
[2024-05-17 18:09:13,751][    INFO] ***** Evaluation ***** >>>> MeanDice: 90.12

[2024-05-17 18:09:13,997][    INFO] ===========> Epoch: 64, LR: 0.00408, Previous best: 90.12
[2024-05-17 18:09:14,881][    INFO] Iters: 0, Total loss: 0.040, Loss x: 0.030, Loss s: 0.090, Loss w_fp: 0.013, Mask ratio: 0.991
[2024-05-17 18:09:32,364][    INFO] ***** Evaluation ***** >>>> Class [0 Right Ventricle] Dice: 88.44
[2024-05-17 18:09:32,365][    INFO] ***** Evaluation ***** >>>> Class [1 Myocardium] Dice: 87.05
[2024-05-17 18:09:32,365][    INFO] ***** Evaluation ***** >>>> Class [2 Left Ventricle] Dice: 93.89
[2024-05-17 18:09:32,365][    INFO] ***** Evaluation ***** >>>> MeanDice: 89.79

[2024-05-17 18:09:32,439][    INFO] ===========> Epoch: 65, LR: 0.00398, Previous best: 90.12
[2024-05-17 18:09:33,287][    INFO] Iters: 0, Total loss: 0.045, Loss x: 0.050, Loss s: 0.070, Loss w_fp: 0.009, Mask ratio: 0.989
[2024-05-17 18:09:50,370][    INFO] ***** Evaluation ***** >>>> Class [0 Right Ventricle] Dice: 85.49
[2024-05-17 18:09:50,370][    INFO] ***** Evaluation ***** >>>> Class [1 Myocardium] Dice: 86.63
[2024-05-17 18:09:50,370][    INFO] ***** Evaluation ***** >>>> Class [2 Left Ventricle] Dice: 94.29
[2024-05-17 18:09:50,370][    INFO] ***** Evaluation ***** >>>> MeanDice: 88.81

[2024-05-17 18:09:50,444][    INFO] ===========> Epoch: 66, LR: 0.00388, Previous best: 90.12
[2024-05-17 18:09:51,354][    INFO] Iters: 0, Total loss: 0.023, Loss x: 0.030, Loss s: 0.025, Loss w_fp: 0.007, Mask ratio: 0.989
[2024-05-17 18:10:08,194][    INFO] ***** Evaluation ***** >>>> Class [0 Right Ventricle] Dice: 88.07
[2024-05-17 18:10:08,194][    INFO] ***** Evaluation ***** >>>> Class [1 Myocardium] Dice: 85.95
[2024-05-17 18:10:08,194][    INFO] ***** Evaluation ***** >>>> Class [2 Left Ventricle] Dice: 94.12
[2024-05-17 18:10:08,194][    INFO] ***** Evaluation ***** >>>> MeanDice: 89.38

[2024-05-17 18:10:08,355][    INFO] ===========> Epoch: 67, LR: 0.00378, Previous best: 90.12
[2024-05-17 18:10:09,222][    INFO] Iters: 0, Total loss: 0.031, Loss x: 0.041, Loss s: 0.036, Loss w_fp: 0.004, Mask ratio: 0.988
[2024-05-17 18:10:26,195][    INFO] ***** Evaluation ***** >>>> Class [0 Right Ventricle] Dice: 87.52
[2024-05-17 18:10:26,195][    INFO] ***** Evaluation ***** >>>> Class [1 Myocardium] Dice: 86.36
[2024-05-17 18:10:26,195][    INFO] ***** Evaluation ***** >>>> Class [2 Left Ventricle] Dice: 94.01
[2024-05-17 18:10:26,195][    INFO] ***** Evaluation ***** >>>> MeanDice: 89.30

[2024-05-17 18:10:26,271][    INFO] ===========> Epoch: 68, LR: 0.00368, Previous best: 90.12
[2024-05-17 18:10:27,151][    INFO] Iters: 0, Total loss: 0.024, Loss x: 0.032, Loss s: 0.029, Loss w_fp: 0.003, Mask ratio: 0.988
[2024-05-17 18:10:44,136][    INFO] ***** Evaluation ***** >>>> Class [0 Right Ventricle] Dice: 88.07
[2024-05-17 18:10:44,136][    INFO] ***** Evaluation ***** >>>> Class [1 Myocardium] Dice: 87.23
[2024-05-17 18:10:44,136][    INFO] ***** Evaluation ***** >>>> Class [2 Left Ventricle] Dice: 94.13
[2024-05-17 18:10:44,136][    INFO] ***** Evaluation ***** >>>> MeanDice: 89.81

[2024-05-17 18:10:44,259][    INFO] ===========> Epoch: 69, LR: 0.00358, Previous best: 90.12
[2024-05-17 18:10:45,136][    INFO] Iters: 0, Total loss: 0.036, Loss x: 0.053, Loss s: 0.035, Loss w_fp: 0.004, Mask ratio: 0.990
[2024-05-17 18:11:01,788][    INFO] ***** Evaluation ***** >>>> Class [0 Right Ventricle] Dice: 87.33
[2024-05-17 18:11:01,788][    INFO] ***** Evaluation ***** >>>> Class [1 Myocardium] Dice: 87.06
[2024-05-17 18:11:01,788][    INFO] ***** Evaluation ***** >>>> Class [2 Left Ventricle] Dice: 94.25
[2024-05-17 18:11:01,788][    INFO] ***** Evaluation ***** >>>> MeanDice: 89.55

[2024-05-17 18:11:01,863][    INFO] ===========> Epoch: 70, LR: 0.00347, Previous best: 90.12
[2024-05-17 18:11:02,755][    INFO] Iters: 0, Total loss: 0.024, Loss x: 0.028, Loss s: 0.031, Loss w_fp: 0.008, Mask ratio: 0.987
[2024-05-17 18:11:19,865][    INFO] ***** Evaluation ***** >>>> Class [0 Right Ventricle] Dice: 86.86
[2024-05-17 18:11:19,866][    INFO] ***** Evaluation ***** >>>> Class [1 Myocardium] Dice: 86.63
[2024-05-17 18:11:19,866][    INFO] ***** Evaluation ***** >>>> Class [2 Left Ventricle] Dice: 94.32
[2024-05-17 18:11:19,866][    INFO] ***** Evaluation ***** >>>> MeanDice: 89.27

[2024-05-17 18:11:20,009][    INFO] ===========> Epoch: 71, LR: 0.00337, Previous best: 90.12
[2024-05-17 18:11:20,889][    INFO] Iters: 0, Total loss: 0.033, Loss x: 0.039, Loss s: 0.049, Loss w_fp: 0.005, Mask ratio: 0.989
[2024-05-17 18:11:37,566][    INFO] ***** Evaluation ***** >>>> Class [0 Right Ventricle] Dice: 87.69
[2024-05-17 18:11:37,566][    INFO] ***** Evaluation ***** >>>> Class [1 Myocardium] Dice: 87.14
[2024-05-17 18:11:37,566][    INFO] ***** Evaluation ***** >>>> Class [2 Left Ventricle] Dice: 94.28
[2024-05-17 18:11:37,566][    INFO] ***** Evaluation ***** >>>> MeanDice: 89.71

[2024-05-17 18:11:37,623][    INFO] ===========> Epoch: 72, LR: 0.00327, Previous best: 90.12
[2024-05-17 18:11:38,505][    INFO] Iters: 0, Total loss: 0.021, Loss x: 0.030, Loss s: 0.019, Loss w_fp: 0.005, Mask ratio: 0.985
[2024-05-17 18:11:56,353][    INFO] ***** Evaluation ***** >>>> Class [0 Right Ventricle] Dice: 88.17
[2024-05-17 18:11:56,353][    INFO] ***** Evaluation ***** >>>> Class [1 Myocardium] Dice: 87.48
[2024-05-17 18:11:56,353][    INFO] ***** Evaluation ***** >>>> Class [2 Left Ventricle] Dice: 94.33
[2024-05-17 18:11:56,353][    INFO] ***** Evaluation ***** >>>> MeanDice: 89.99

[2024-05-17 18:11:56,498][    INFO] ===========> Epoch: 73, LR: 0.00317, Previous best: 90.12
[2024-05-17 18:11:57,391][    INFO] Iters: 0, Total loss: 0.023, Loss x: 0.030, Loss s: 0.027, Loss w_fp: 0.008, Mask ratio: 0.990
[2024-05-17 18:12:14,219][    INFO] ***** Evaluation ***** >>>> Class [0 Right Ventricle] Dice: 88.76
[2024-05-17 18:12:14,219][    INFO] ***** Evaluation ***** >>>> Class [1 Myocardium] Dice: 87.82
[2024-05-17 18:12:14,219][    INFO] ***** Evaluation ***** >>>> Class [2 Left Ventricle] Dice: 93.93
[2024-05-17 18:12:14,219][    INFO] ***** Evaluation ***** >>>> MeanDice: 90.17

[2024-05-17 18:12:14,410][    INFO] ===========> Epoch: 74, LR: 0.00307, Previous best: 90.17
[2024-05-17 18:12:15,325][    INFO] Iters: 0, Total loss: 0.034, Loss x: 0.035, Loss s: 0.062, Loss w_fp: 0.004, Mask ratio: 0.990
[2024-05-17 18:12:32,870][    INFO] ***** Evaluation ***** >>>> Class [0 Right Ventricle] Dice: 87.64
[2024-05-17 18:12:32,871][    INFO] ***** Evaluation ***** >>>> Class [1 Myocardium] Dice: 86.72
[2024-05-17 18:12:32,871][    INFO] ***** Evaluation ***** >>>> Class [2 Left Ventricle] Dice: 94.48
[2024-05-17 18:12:32,871][    INFO] ***** Evaluation ***** >>>> MeanDice: 89.61

[2024-05-17 18:12:33,008][    INFO] ===========> Epoch: 75, LR: 0.00296, Previous best: 90.17
[2024-05-17 18:12:33,906][    INFO] Iters: 0, Total loss: 0.029, Loss x: 0.042, Loss s: 0.029, Loss w_fp: 0.003, Mask ratio: 0.989
[2024-05-17 18:12:50,734][    INFO] ***** Evaluation ***** >>>> Class [0 Right Ventricle] Dice: 87.76
[2024-05-17 18:12:50,735][    INFO] ***** Evaluation ***** >>>> Class [1 Myocardium] Dice: 87.51
[2024-05-17 18:12:50,735][    INFO] ***** Evaluation ***** >>>> Class [2 Left Ventricle] Dice: 93.91
[2024-05-17 18:12:50,735][    INFO] ***** Evaluation ***** >>>> MeanDice: 89.73

[2024-05-17 18:12:50,855][    INFO] ===========> Epoch: 76, LR: 0.00286, Previous best: 90.17
[2024-05-17 18:12:51,751][    INFO] Iters: 0, Total loss: 0.042, Loss x: 0.045, Loss s: 0.071, Loss w_fp: 0.008, Mask ratio: 0.991
[2024-05-17 18:13:08,901][    INFO] ***** Evaluation ***** >>>> Class [0 Right Ventricle] Dice: 88.49
[2024-05-17 18:13:08,902][    INFO] ***** Evaluation ***** >>>> Class [1 Myocardium] Dice: 87.03
[2024-05-17 18:13:08,902][    INFO] ***** Evaluation ***** >>>> Class [2 Left Ventricle] Dice: 94.39
[2024-05-17 18:13:08,902][    INFO] ***** Evaluation ***** >>>> MeanDice: 89.97

[2024-05-17 18:13:08,979][    INFO] ===========> Epoch: 77, LR: 0.00276, Previous best: 90.17
[2024-05-17 18:13:09,834][    INFO] Iters: 0, Total loss: 0.030, Loss x: 0.031, Loss s: 0.056, Loss w_fp: 0.004, Mask ratio: 0.993
[2024-05-17 18:13:26,618][    INFO] ***** Evaluation ***** >>>> Class [0 Right Ventricle] Dice: 88.61
[2024-05-17 18:13:26,619][    INFO] ***** Evaluation ***** >>>> Class [1 Myocardium] Dice: 87.67
[2024-05-17 18:13:26,619][    INFO] ***** Evaluation ***** >>>> Class [2 Left Ventricle] Dice: 94.33
[2024-05-17 18:13:26,619][    INFO] ***** Evaluation ***** >>>> MeanDice: 90.20

[2024-05-17 18:13:26,821][    INFO] ===========> Epoch: 78, LR: 0.00265, Previous best: 90.20
[2024-05-17 18:13:27,675][    INFO] Iters: 0, Total loss: 0.041, Loss x: 0.033, Loss s: 0.091, Loss w_fp: 0.008, Mask ratio: 0.993
[2024-05-17 18:13:44,438][    INFO] ***** Evaluation ***** >>>> Class [0 Right Ventricle] Dice: 87.96
[2024-05-17 18:13:44,438][    INFO] ***** Evaluation ***** >>>> Class [1 Myocardium] Dice: 87.33
[2024-05-17 18:13:44,439][    INFO] ***** Evaluation ***** >>>> Class [2 Left Ventricle] Dice: 94.36
[2024-05-17 18:13:44,439][    INFO] ***** Evaluation ***** >>>> MeanDice: 89.88

[2024-05-17 18:13:44,588][    INFO] ===========> Epoch: 79, LR: 0.00255, Previous best: 90.20
[2024-05-17 18:13:45,457][    INFO] Iters: 0, Total loss: 0.033, Loss x: 0.035, Loss s: 0.052, Loss w_fp: 0.009, Mask ratio: 0.988
[2024-05-17 18:14:02,431][    INFO] ***** Evaluation ***** >>>> Class [0 Right Ventricle] Dice: 89.06
[2024-05-17 18:14:02,431][    INFO] ***** Evaluation ***** >>>> Class [1 Myocardium] Dice: 87.52
[2024-05-17 18:14:02,431][    INFO] ***** Evaluation ***** >>>> Class [2 Left Ventricle] Dice: 94.33
[2024-05-17 18:14:02,431][    INFO] ***** Evaluation ***** >>>> MeanDice: 90.31

[2024-05-17 18:14:02,552][    INFO] ===========> Epoch: 80, LR: 0.00244, Previous best: 90.31
[2024-05-17 18:14:03,465][    INFO] Iters: 0, Total loss: 0.025, Loss x: 0.031, Loss s: 0.035, Loss w_fp: 0.004, Mask ratio: 0.989
[2024-05-17 18:14:20,738][    INFO] ***** Evaluation ***** >>>> Class [0 Right Ventricle] Dice: 88.85
[2024-05-17 18:14:20,738][    INFO] ***** Evaluation ***** >>>> Class [1 Myocardium] Dice: 87.79
[2024-05-17 18:14:20,738][    INFO] ***** Evaluation ***** >>>> Class [2 Left Ventricle] Dice: 94.51
[2024-05-17 18:14:20,738][    INFO] ***** Evaluation ***** >>>> MeanDice: 90.38

[2024-05-17 18:14:20,927][    INFO] ===========> Epoch: 81, LR: 0.00234, Previous best: 90.38
[2024-05-17 18:14:21,834][    INFO] Iters: 0, Total loss: 0.020, Loss x: 0.035, Loss s: 0.008, Loss w_fp: 0.003, Mask ratio: 0.992
[2024-05-17 18:14:38,401][    INFO] ***** Evaluation ***** >>>> Class [0 Right Ventricle] Dice: 88.52
[2024-05-17 18:14:38,401][    INFO] ***** Evaluation ***** >>>> Class [1 Myocardium] Dice: 87.86
[2024-05-17 18:14:38,401][    INFO] ***** Evaluation ***** >>>> Class [2 Left Ventricle] Dice: 94.44
[2024-05-17 18:14:38,401][    INFO] ***** Evaluation ***** >>>> MeanDice: 90.27

[2024-05-17 18:14:38,561][    INFO] ===========> Epoch: 82, LR: 0.00223, Previous best: 90.38
[2024-05-17 18:14:39,454][    INFO] Iters: 0, Total loss: 0.041, Loss x: 0.042, Loss s: 0.059, Loss w_fp: 0.019, Mask ratio: 0.991
[2024-05-17 18:14:56,332][    INFO] ***** Evaluation ***** >>>> Class [0 Right Ventricle] Dice: 88.30
[2024-05-17 18:14:56,332][    INFO] ***** Evaluation ***** >>>> Class [1 Myocardium] Dice: 87.06
[2024-05-17 18:14:56,332][    INFO] ***** Evaluation ***** >>>> Class [2 Left Ventricle] Dice: 94.49
[2024-05-17 18:14:56,333][    INFO] ***** Evaluation ***** >>>> MeanDice: 89.95

[2024-05-17 18:14:56,407][    INFO] ===========> Epoch: 83, LR: 0.00213, Previous best: 90.38
[2024-05-17 18:14:57,326][    INFO] Iters: 0, Total loss: 0.040, Loss x: 0.063, Loss s: 0.030, Loss w_fp: 0.007, Mask ratio: 0.990
[2024-05-17 18:15:14,505][    INFO] ***** Evaluation ***** >>>> Class [0 Right Ventricle] Dice: 88.59
[2024-05-17 18:15:14,505][    INFO] ***** Evaluation ***** >>>> Class [1 Myocardium] Dice: 87.53
[2024-05-17 18:15:14,505][    INFO] ***** Evaluation ***** >>>> Class [2 Left Ventricle] Dice: 94.55
[2024-05-17 18:15:14,505][    INFO] ***** Evaluation ***** >>>> MeanDice: 90.22

[2024-05-17 18:15:14,626][    INFO] ===========> Epoch: 84, LR: 0.00202, Previous best: 90.38
[2024-05-17 18:15:15,553][    INFO] Iters: 0, Total loss: 0.039, Loss x: 0.049, Loss s: 0.053, Loss w_fp: 0.005, Mask ratio: 0.991
[2024-05-17 18:15:32,820][    INFO] ***** Evaluation ***** >>>> Class [0 Right Ventricle] Dice: 88.62
[2024-05-17 18:15:32,820][    INFO] ***** Evaluation ***** >>>> Class [1 Myocardium] Dice: 87.32
[2024-05-17 18:15:32,820][    INFO] ***** Evaluation ***** >>>> Class [2 Left Ventricle] Dice: 94.68
[2024-05-17 18:15:32,820][    INFO] ***** Evaluation ***** >>>> MeanDice: 90.21

[2024-05-17 18:15:32,943][    INFO] ===========> Epoch: 85, LR: 0.00191, Previous best: 90.38
[2024-05-17 18:15:33,826][    INFO] Iters: 0, Total loss: 0.035, Loss x: 0.041, Loss s: 0.054, Loss w_fp: 0.005, Mask ratio: 0.990
[2024-05-17 18:15:50,594][    INFO] ***** Evaluation ***** >>>> Class [0 Right Ventricle] Dice: 88.99
[2024-05-17 18:15:50,594][    INFO] ***** Evaluation ***** >>>> Class [1 Myocardium] Dice: 87.89
[2024-05-17 18:15:50,594][    INFO] ***** Evaluation ***** >>>> Class [2 Left Ventricle] Dice: 94.55
[2024-05-17 18:15:50,594][    INFO] ***** Evaluation ***** >>>> MeanDice: 90.48

[2024-05-17 18:15:50,790][    INFO] ===========> Epoch: 86, LR: 0.00180, Previous best: 90.48
[2024-05-17 18:15:51,675][    INFO] Iters: 0, Total loss: 0.030, Loss x: 0.044, Loss s: 0.028, Loss w_fp: 0.002, Mask ratio: 0.992
[2024-05-17 18:16:08,968][    INFO] ***** Evaluation ***** >>>> Class [0 Right Ventricle] Dice: 89.01
[2024-05-17 18:16:08,968][    INFO] ***** Evaluation ***** >>>> Class [1 Myocardium] Dice: 87.85
[2024-05-17 18:16:08,968][    INFO] ***** Evaluation ***** >>>> Class [2 Left Ventricle] Dice: 94.52
[2024-05-17 18:16:08,968][    INFO] ***** Evaluation ***** >>>> MeanDice: 90.46

[2024-05-17 18:16:09,083][    INFO] ===========> Epoch: 87, LR: 0.00169, Previous best: 90.48
[2024-05-17 18:16:09,951][    INFO] Iters: 0, Total loss: 0.026, Loss x: 0.027, Loss s: 0.040, Loss w_fp: 0.009, Mask ratio: 0.992
[2024-05-17 18:16:27,054][    INFO] ***** Evaluation ***** >>>> Class [0 Right Ventricle] Dice: 88.45
[2024-05-17 18:16:27,054][    INFO] ***** Evaluation ***** >>>> Class [1 Myocardium] Dice: 87.66
[2024-05-17 18:16:27,054][    INFO] ***** Evaluation ***** >>>> Class [2 Left Ventricle] Dice: 94.32
[2024-05-17 18:16:27,054][    INFO] ***** Evaluation ***** >>>> MeanDice: 90.14

[2024-05-17 18:16:27,185][    INFO] ===========> Epoch: 88, LR: 0.00158, Previous best: 90.48
[2024-05-17 18:16:28,054][    INFO] Iters: 0, Total loss: 0.027, Loss x: 0.034, Loss s: 0.037, Loss w_fp: 0.002, Mask ratio: 0.994
[2024-05-17 18:16:45,280][    INFO] ***** Evaluation ***** >>>> Class [0 Right Ventricle] Dice: 88.22
[2024-05-17 18:16:45,280][    INFO] ***** Evaluation ***** >>>> Class [1 Myocardium] Dice: 87.23
[2024-05-17 18:16:45,280][    INFO] ***** Evaluation ***** >>>> Class [2 Left Ventricle] Dice: 94.39
[2024-05-17 18:16:45,280][    INFO] ***** Evaluation ***** >>>> MeanDice: 89.95

[2024-05-17 18:16:45,360][    INFO] ===========> Epoch: 89, LR: 0.00147, Previous best: 90.48
[2024-05-17 18:16:46,248][    INFO] Iters: 0, Total loss: 0.036, Loss x: 0.035, Loss s: 0.066, Loss w_fp: 0.006, Mask ratio: 0.991
[2024-05-17 18:17:03,864][    INFO] ***** Evaluation ***** >>>> Class [0 Right Ventricle] Dice: 88.80
[2024-05-17 18:17:03,865][    INFO] ***** Evaluation ***** >>>> Class [1 Myocardium] Dice: 87.54
[2024-05-17 18:17:03,865][    INFO] ***** Evaluation ***** >>>> Class [2 Left Ventricle] Dice: 94.40
[2024-05-17 18:17:03,865][    INFO] ***** Evaluation ***** >>>> MeanDice: 90.25

[2024-05-17 18:17:03,943][    INFO] ===========> Epoch: 90, LR: 0.00136, Previous best: 90.48
[2024-05-17 18:17:04,878][    INFO] Iters: 0, Total loss: 0.034, Loss x: 0.037, Loss s: 0.058, Loss w_fp: 0.004, Mask ratio: 0.990
[2024-05-17 18:17:21,529][    INFO] ***** Evaluation ***** >>>> Class [0 Right Ventricle] Dice: 88.69
[2024-05-17 18:17:21,529][    INFO] ***** Evaluation ***** >>>> Class [1 Myocardium] Dice: 87.31
[2024-05-17 18:17:21,529][    INFO] ***** Evaluation ***** >>>> Class [2 Left Ventricle] Dice: 94.38
[2024-05-17 18:17:21,529][    INFO] ***** Evaluation ***** >>>> MeanDice: 90.13

[2024-05-17 18:17:21,684][    INFO] ===========> Epoch: 91, LR: 0.00125, Previous best: 90.48
[2024-05-17 18:17:22,524][    INFO] Iters: 0, Total loss: 0.025, Loss x: 0.025, Loss s: 0.044, Loss w_fp: 0.006, Mask ratio: 0.986
[2024-05-17 18:17:39,865][    INFO] ***** Evaluation ***** >>>> Class [0 Right Ventricle] Dice: 88.43
[2024-05-17 18:17:39,866][    INFO] ***** Evaluation ***** >>>> Class [1 Myocardium] Dice: 87.95
[2024-05-17 18:17:39,866][    INFO] ***** Evaluation ***** >>>> Class [2 Left Ventricle] Dice: 94.47
[2024-05-17 18:17:39,866][    INFO] ***** Evaluation ***** >>>> MeanDice: 90.28

[2024-05-17 18:17:39,991][    INFO] ===========> Epoch: 92, LR: 0.00113, Previous best: 90.48
[2024-05-17 18:17:40,838][    INFO] Iters: 0, Total loss: 0.039, Loss x: 0.054, Loss s: 0.043, Loss w_fp: 0.006, Mask ratio: 0.989
[2024-05-17 18:17:58,002][    INFO] ***** Evaluation ***** >>>> Class [0 Right Ventricle] Dice: 88.93
[2024-05-17 18:17:58,002][    INFO] ***** Evaluation ***** >>>> Class [1 Myocardium] Dice: 87.79
[2024-05-17 18:17:58,002][    INFO] ***** Evaluation ***** >>>> Class [2 Left Ventricle] Dice: 94.50
[2024-05-17 18:17:58,003][    INFO] ***** Evaluation ***** >>>> MeanDice: 90.41

[2024-05-17 18:17:58,155][    INFO] ===========> Epoch: 93, LR: 0.00102, Previous best: 90.48
[2024-05-17 18:17:59,058][    INFO] Iters: 0, Total loss: 0.031, Loss x: 0.034, Loss s: 0.052, Loss w_fp: 0.005, Mask ratio: 0.990
[2024-05-17 18:18:16,099][    INFO] ***** Evaluation ***** >>>> Class [0 Right Ventricle] Dice: 88.81
[2024-05-17 18:18:16,099][    INFO] ***** Evaluation ***** >>>> Class [1 Myocardium] Dice: 87.71
[2024-05-17 18:18:16,099][    INFO] ***** Evaluation ***** >>>> Class [2 Left Ventricle] Dice: 94.57
[2024-05-17 18:18:16,099][    INFO] ***** Evaluation ***** >>>> MeanDice: 90.37

[2024-05-17 18:18:16,219][    INFO] ===========> Epoch: 94, LR: 0.00090, Previous best: 90.48
[2024-05-17 18:18:17,102][    INFO] Iters: 0, Total loss: 0.021, Loss x: 0.026, Loss s: 0.028, Loss w_fp: 0.006, Mask ratio: 0.993
[2024-05-17 18:18:34,150][    INFO] ***** Evaluation ***** >>>> Class [0 Right Ventricle] Dice: 88.69
[2024-05-17 18:18:34,150][    INFO] ***** Evaluation ***** >>>> Class [1 Myocardium] Dice: 87.75
[2024-05-17 18:18:34,150][    INFO] ***** Evaluation ***** >>>> Class [2 Left Ventricle] Dice: 94.47
[2024-05-17 18:18:34,150][    INFO] ***** Evaluation ***** >>>> MeanDice: 90.30

[2024-05-17 18:18:34,270][    INFO] ===========> Epoch: 95, LR: 0.00078, Previous best: 90.48
[2024-05-17 18:18:35,151][    INFO] Iters: 0, Total loss: 0.043, Loss x: 0.042, Loss s: 0.082, Loss w_fp: 0.005, Mask ratio: 0.987
[2024-05-17 18:18:51,682][    INFO] ***** Evaluation ***** >>>> Class [0 Right Ventricle] Dice: 88.90
[2024-05-17 18:18:51,682][    INFO] ***** Evaluation ***** >>>> Class [1 Myocardium] Dice: 87.76
[2024-05-17 18:18:51,682][    INFO] ***** Evaluation ***** >>>> Class [2 Left Ventricle] Dice: 94.50
[2024-05-17 18:18:51,682][    INFO] ***** Evaluation ***** >>>> MeanDice: 90.38

[2024-05-17 18:18:51,832][    INFO] ===========> Epoch: 96, LR: 0.00066, Previous best: 90.48
[2024-05-17 18:18:52,724][    INFO] Iters: 0, Total loss: 0.031, Loss x: 0.031, Loss s: 0.048, Loss w_fp: 0.013, Mask ratio: 0.990
[2024-05-17 18:19:09,663][    INFO] ***** Evaluation ***** >>>> Class [0 Right Ventricle] Dice: 88.79
[2024-05-17 18:19:09,664][    INFO] ***** Evaluation ***** >>>> Class [1 Myocardium] Dice: 87.39
[2024-05-17 18:19:09,664][    INFO] ***** Evaluation ***** >>>> Class [2 Left Ventricle] Dice: 94.53
[2024-05-17 18:19:09,664][    INFO] ***** Evaluation ***** >>>> MeanDice: 90.24

[2024-05-17 18:19:09,718][    INFO] ===========> Epoch: 97, LR: 0.00054, Previous best: 90.48
[2024-05-17 18:19:10,601][    INFO] Iters: 0, Total loss: 0.042, Loss x: 0.046, Loss s: 0.068, Loss w_fp: 0.008, Mask ratio: 0.988
[2024-05-17 18:19:27,287][    INFO] ***** Evaluation ***** >>>> Class [0 Right Ventricle] Dice: 88.81
[2024-05-17 18:19:27,287][    INFO] ***** Evaluation ***** >>>> Class [1 Myocardium] Dice: 87.60
[2024-05-17 18:19:27,287][    INFO] ***** Evaluation ***** >>>> Class [2 Left Ventricle] Dice: 94.56
[2024-05-17 18:19:27,287][    INFO] ***** Evaluation ***** >>>> MeanDice: 90.32

[2024-05-17 18:19:27,400][    INFO] ===========> Epoch: 98, LR: 0.00041, Previous best: 90.48
[2024-05-17 18:19:28,314][    INFO] Iters: 0, Total loss: 0.024, Loss x: 0.026, Loss s: 0.033, Loss w_fp: 0.012, Mask ratio: 0.987
[2024-05-17 18:19:44,985][    INFO] ***** Evaluation ***** >>>> Class [0 Right Ventricle] Dice: 88.86
[2024-05-17 18:19:44,985][    INFO] ***** Evaluation ***** >>>> Class [1 Myocardium] Dice: 87.62
[2024-05-17 18:19:44,985][    INFO] ***** Evaluation ***** >>>> Class [2 Left Ventricle] Dice: 94.52
[2024-05-17 18:19:44,985][    INFO] ***** Evaluation ***** >>>> MeanDice: 90.34

[2024-05-17 18:19:45,130][    INFO] ===========> Epoch: 99, LR: 0.00028, Previous best: 90.48
[2024-05-17 18:19:46,001][    INFO] Iters: 0, Total loss: 0.029, Loss x: 0.043, Loss s: 0.027, Loss w_fp: 0.005, Mask ratio: 0.988
[2024-05-17 18:20:02,991][    INFO] ***** Evaluation ***** >>>> Class [0 Right Ventricle] Dice: 88.78
[2024-05-17 18:20:02,992][    INFO] ***** Evaluation ***** >>>> Class [1 Myocardium] Dice: 87.65
[2024-05-17 18:20:02,992][    INFO] ***** Evaluation ***** >>>> Class [2 Left Ventricle] Dice: 94.48
[2024-05-17 18:20:02,992][    INFO] ***** Evaluation ***** >>>> MeanDice: 90.30

