/var/lib/slurm/slurmd/job04903/slurm_script: line 15: module: command not found
[2024-05-10 03:45:48,438][    INFO] {'batch_size': 12,
 'conf_thresh': 0.95,
 'config': 'configs/ukbb/train/exp2/seed83/config.yaml',
 'crop_size': 256,
 'ctrl': 'age sex',
 'data_desc': 'UKBB Train Data - 805 Patients, 80 Labeled, Rest Unlabeled '
              'Patients',
 'data_root': '/vol/aimspace/projects/ukbb/data/cardiac/cardiac_segmentations/subjects',
 'dataset': 'ukbb',
 'epochs': 50,
 'local_rank': 0,
 'lr': 0.01,
 'mode': 'train',
 'model_desc': 'Unimatch Unet 80 Training on UKBB',
 'nclass': 4,
 'ngpus': 1,
 'num_workers': 1,
 'seed': 83,
 'split': 80,
 'visualize': False}

[2024-05-10 03:45:48,525][    INFO] Total params: 1.8M

[2024-05-10 03:45:51,287][    INFO] ===========> Epoch: 0, LR: 0.01000, Previous best: 0.00
[2024-05-10 03:45:56,558][    INFO] Iters: 0, Total loss: 0.586, Loss x: 1.171, Loss s: 0.000, Loss w_fp: 0.000, Mask ratio: 0.000
[2024-05-10 03:46:50,488][    INFO] ***** Evaluation ***** >>>> Class [0 Right Ventricle] Dice: 0.00
[2024-05-10 03:46:50,489][    INFO] ***** Evaluation ***** >>>> Class [1 Myocardium] Dice: 0.00
[2024-05-10 03:46:50,489][    INFO] ***** Evaluation ***** >>>> Class [2 Left Ventricle] Dice: 0.00
[2024-05-10 03:46:50,489][    INFO] ***** Evaluation ***** >>>> MeanDice: 0.00

[2024-05-10 03:46:50,801][    INFO] ===========> Epoch: 1, LR: 0.00998, Previous best: 0.00
[2024-05-10 03:46:51,643][    INFO] Iters: 0, Total loss: 0.536, Loss x: 0.316, Loss s: 0.754, Loss w_fp: 0.757, Mask ratio: 0.869
[2024-05-10 03:47:46,841][    INFO] ***** Evaluation ***** >>>> Class [0 Right Ventricle] Dice: 24.73
[2024-05-10 03:47:46,843][    INFO] ***** Evaluation ***** >>>> Class [1 Myocardium] Dice: 66.18
[2024-05-10 03:47:46,843][    INFO] ***** Evaluation ***** >>>> Class [2 Left Ventricle] Dice: 67.98
[2024-05-10 03:47:46,843][    INFO] ***** Evaluation ***** >>>> MeanDice: 52.96

[2024-05-10 03:47:47,307][    INFO] ===========> Epoch: 2, LR: 0.00980, Previous best: 52.96
[2024-05-10 03:47:48,146][    INFO] Iters: 0, Total loss: 0.215, Loss x: 0.138, Loss s: 0.321, Loss w_fp: 0.263, Mask ratio: 0.968
[2024-05-10 03:48:43,267][    INFO] ***** Evaluation ***** >>>> Class [0 Right Ventricle] Dice: 71.85
[2024-05-10 03:48:43,268][    INFO] ***** Evaluation ***** >>>> Class [1 Myocardium] Dice: 75.22
[2024-05-10 03:48:43,268][    INFO] ***** Evaluation ***** >>>> Class [2 Left Ventricle] Dice: 87.47
[2024-05-10 03:48:43,268][    INFO] ***** Evaluation ***** >>>> MeanDice: 78.18

[2024-05-10 03:48:43,622][    INFO] ===========> Epoch: 3, LR: 0.00962, Previous best: 78.18
[2024-05-10 03:48:44,455][    INFO] Iters: 0, Total loss: 0.075, Loss x: 0.091, Loss s: 0.102, Loss w_fp: 0.013, Mask ratio: 0.986
[2024-05-10 03:49:39,726][    INFO] ***** Evaluation ***** >>>> Class [0 Right Ventricle] Dice: 78.43
[2024-05-10 03:49:39,727][    INFO] ***** Evaluation ***** >>>> Class [1 Myocardium] Dice: 77.61
[2024-05-10 03:49:39,727][    INFO] ***** Evaluation ***** >>>> Class [2 Left Ventricle] Dice: 89.07
[2024-05-10 03:49:39,727][    INFO] ***** Evaluation ***** >>>> MeanDice: 81.71

[2024-05-10 03:49:40,044][    INFO] ===========> Epoch: 4, LR: 0.00944, Previous best: 81.71
[2024-05-10 03:49:40,895][    INFO] Iters: 0, Total loss: 0.082, Loss x: 0.110, Loss s: 0.102, Loss w_fp: 0.007, Mask ratio: 0.988
[2024-05-10 03:50:37,245][    INFO] ***** Evaluation ***** >>>> Class [0 Right Ventricle] Dice: 81.14
[2024-05-10 03:50:37,245][    INFO] ***** Evaluation ***** >>>> Class [1 Myocardium] Dice: 80.03
[2024-05-10 03:50:37,245][    INFO] ***** Evaluation ***** >>>> Class [2 Left Ventricle] Dice: 90.40
[2024-05-10 03:50:37,245][    INFO] ***** Evaluation ***** >>>> MeanDice: 83.86

[2024-05-10 03:50:37,653][    INFO] ===========> Epoch: 5, LR: 0.00926, Previous best: 83.86
[2024-05-10 03:50:38,533][    INFO] Iters: 0, Total loss: 0.049, Loss x: 0.065, Loss s: 0.058, Loss w_fp: 0.009, Mask ratio: 0.986
[2024-05-10 03:51:32,768][    INFO] ***** Evaluation ***** >>>> Class [0 Right Ventricle] Dice: 81.04
[2024-05-10 03:51:32,768][    INFO] ***** Evaluation ***** >>>> Class [1 Myocardium] Dice: 78.03
[2024-05-10 03:51:32,768][    INFO] ***** Evaluation ***** >>>> Class [2 Left Ventricle] Dice: 87.59
[2024-05-10 03:51:32,768][    INFO] ***** Evaluation ***** >>>> MeanDice: 82.22

[2024-05-10 03:51:33,026][    INFO] ===========> Epoch: 6, LR: 0.00908, Previous best: 83.86
[2024-05-10 03:51:33,947][    INFO] Iters: 0, Total loss: 0.087, Loss x: 0.087, Loss s: 0.169, Loss w_fp: 0.004, Mask ratio: 0.990
[2024-05-10 03:52:33,698][    INFO] ***** Evaluation ***** >>>> Class [0 Right Ventricle] Dice: 82.71
[2024-05-10 03:52:33,698][    INFO] ***** Evaluation ***** >>>> Class [1 Myocardium] Dice: 81.04
[2024-05-10 03:52:33,698][    INFO] ***** Evaluation ***** >>>> Class [2 Left Ventricle] Dice: 90.78
[2024-05-10 03:52:33,698][    INFO] ***** Evaluation ***** >>>> MeanDice: 84.84

[2024-05-10 03:52:34,204][    INFO] ===========> Epoch: 7, LR: 0.00889, Previous best: 84.84
[2024-05-10 03:52:35,128][    INFO] Iters: 0, Total loss: 0.042, Loss x: 0.059, Loss s: 0.049, Loss w_fp: 0.003, Mask ratio: 0.989
[2024-05-10 03:53:32,729][    INFO] ***** Evaluation ***** >>>> Class [0 Right Ventricle] Dice: 85.83
[2024-05-10 03:53:32,729][    INFO] ***** Evaluation ***** >>>> Class [1 Myocardium] Dice: 83.39
[2024-05-10 03:53:32,729][    INFO] ***** Evaluation ***** >>>> Class [2 Left Ventricle] Dice: 89.78
[2024-05-10 03:53:32,729][    INFO] ***** Evaluation ***** >>>> MeanDice: 86.33

[2024-05-10 03:53:33,210][    INFO] ===========> Epoch: 8, LR: 0.00871, Previous best: 86.33
[2024-05-10 03:53:34,181][    INFO] Iters: 0, Total loss: 0.047, Loss x: 0.062, Loss s: 0.056, Loss w_fp: 0.007, Mask ratio: 0.987
[2024-05-10 03:54:29,711][    INFO] ***** Evaluation ***** >>>> Class [0 Right Ventricle] Dice: 84.93
[2024-05-10 03:54:29,711][    INFO] ***** Evaluation ***** >>>> Class [1 Myocardium] Dice: 81.62
[2024-05-10 03:54:29,711][    INFO] ***** Evaluation ***** >>>> Class [2 Left Ventricle] Dice: 90.81
[2024-05-10 03:54:29,711][    INFO] ***** Evaluation ***** >>>> MeanDice: 85.79

[2024-05-10 03:54:30,012][    INFO] ===========> Epoch: 9, LR: 0.00853, Previous best: 86.33
[2024-05-10 03:54:30,876][    INFO] Iters: 0, Total loss: 0.033, Loss x: 0.045, Loss s: 0.038, Loss w_fp: 0.005, Mask ratio: 0.983
[2024-05-10 03:55:25,790][    INFO] ***** Evaluation ***** >>>> Class [0 Right Ventricle] Dice: 86.66
[2024-05-10 03:55:25,790][    INFO] ***** Evaluation ***** >>>> Class [1 Myocardium] Dice: 85.45
[2024-05-10 03:55:25,790][    INFO] ***** Evaluation ***** >>>> Class [2 Left Ventricle] Dice: 92.75
[2024-05-10 03:55:25,790][    INFO] ***** Evaluation ***** >>>> MeanDice: 88.29

[2024-05-10 03:55:26,105][    INFO] ===========> Epoch: 10, LR: 0.00834, Previous best: 88.29
[2024-05-10 03:55:26,954][    INFO] Iters: 0, Total loss: 0.041, Loss x: 0.052, Loss s: 0.053, Loss w_fp: 0.008, Mask ratio: 0.990
[2024-05-10 03:56:25,676][    INFO] ***** Evaluation ***** >>>> Class [0 Right Ventricle] Dice: 87.00
[2024-05-10 03:56:25,676][    INFO] ***** Evaluation ***** >>>> Class [1 Myocardium] Dice: 85.85
[2024-05-10 03:56:25,676][    INFO] ***** Evaluation ***** >>>> Class [2 Left Ventricle] Dice: 93.44
[2024-05-10 03:56:25,676][    INFO] ***** Evaluation ***** >>>> MeanDice: 88.76

[2024-05-10 03:56:26,172][    INFO] ===========> Epoch: 11, LR: 0.00816, Previous best: 88.76
[2024-05-10 03:56:27,003][    INFO] Iters: 0, Total loss: 0.034, Loss x: 0.049, Loss s: 0.035, Loss w_fp: 0.003, Mask ratio: 0.985
[2024-05-10 03:57:23,775][    INFO] ***** Evaluation ***** >>>> Class [0 Right Ventricle] Dice: 84.77
[2024-05-10 03:57:23,776][    INFO] ***** Evaluation ***** >>>> Class [1 Myocardium] Dice: 83.82
[2024-05-10 03:57:23,776][    INFO] ***** Evaluation ***** >>>> Class [2 Left Ventricle] Dice: 92.20
[2024-05-10 03:57:23,776][    INFO] ***** Evaluation ***** >>>> MeanDice: 86.93

[2024-05-10 03:57:24,285][    INFO] ===========> Epoch: 12, LR: 0.00798, Previous best: 88.76
[2024-05-10 03:57:25,131][    INFO] Iters: 0, Total loss: 0.048, Loss x: 0.068, Loss s: 0.046, Loss w_fp: 0.011, Mask ratio: 0.984
[2024-05-10 03:58:19,005][    INFO] ***** Evaluation ***** >>>> Class [0 Right Ventricle] Dice: 87.86
[2024-05-10 03:58:19,005][    INFO] ***** Evaluation ***** >>>> Class [1 Myocardium] Dice: 86.42
[2024-05-10 03:58:19,005][    INFO] ***** Evaluation ***** >>>> Class [2 Left Ventricle] Dice: 93.15
[2024-05-10 03:58:19,005][    INFO] ***** Evaluation ***** >>>> MeanDice: 89.14

[2024-05-10 03:58:19,638][    INFO] ===========> Epoch: 13, LR: 0.00779, Previous best: 89.14
[2024-05-10 03:58:20,485][    INFO] Iters: 0, Total loss: 0.031, Loss x: 0.036, Loss s: 0.048, Loss w_fp: 0.004, Mask ratio: 0.989
[2024-05-10 03:59:17,740][    INFO] ***** Evaluation ***** >>>> Class [0 Right Ventricle] Dice: 87.31
[2024-05-10 03:59:17,740][    INFO] ***** Evaluation ***** >>>> Class [1 Myocardium] Dice: 86.07
[2024-05-10 03:59:17,740][    INFO] ***** Evaluation ***** >>>> Class [2 Left Ventricle] Dice: 93.82
[2024-05-10 03:59:17,740][    INFO] ***** Evaluation ***** >>>> MeanDice: 89.07

[2024-05-10 03:59:17,998][    INFO] ===========> Epoch: 14, LR: 0.00761, Previous best: 89.14
[2024-05-10 03:59:18,858][    INFO] Iters: 0, Total loss: 0.044, Loss x: 0.058, Loss s: 0.057, Loss w_fp: 0.005, Mask ratio: 0.986
[2024-05-10 04:00:13,646][    INFO] ***** Evaluation ***** >>>> Class [0 Right Ventricle] Dice: 88.41
[2024-05-10 04:00:13,646][    INFO] ***** Evaluation ***** >>>> Class [1 Myocardium] Dice: 85.90
[2024-05-10 04:00:13,646][    INFO] ***** Evaluation ***** >>>> Class [2 Left Ventricle] Dice: 93.16
[2024-05-10 04:00:13,646][    INFO] ***** Evaluation ***** >>>> MeanDice: 89.16

[2024-05-10 04:00:13,928][    INFO] ===========> Epoch: 15, LR: 0.00742, Previous best: 89.16
[2024-05-10 04:00:14,797][    INFO] Iters: 0, Total loss: 0.034, Loss x: 0.040, Loss s: 0.051, Loss w_fp: 0.003, Mask ratio: 0.987
[2024-05-10 04:01:09,298][    INFO] ***** Evaluation ***** >>>> Class [0 Right Ventricle] Dice: 88.28
[2024-05-10 04:01:09,298][    INFO] ***** Evaluation ***** >>>> Class [1 Myocardium] Dice: 85.56
[2024-05-10 04:01:09,298][    INFO] ***** Evaluation ***** >>>> Class [2 Left Ventricle] Dice: 92.52
[2024-05-10 04:01:09,298][    INFO] ***** Evaluation ***** >>>> MeanDice: 88.78

[2024-05-10 04:01:09,559][    INFO] ===========> Epoch: 16, LR: 0.00723, Previous best: 89.16
[2024-05-10 04:01:10,480][    INFO] Iters: 0, Total loss: 0.031, Loss x: 0.035, Loss s: 0.050, Loss w_fp: 0.005, Mask ratio: 0.988
[2024-05-10 04:02:07,236][    INFO] ***** Evaluation ***** >>>> Class [0 Right Ventricle] Dice: 86.57
[2024-05-10 04:02:07,236][    INFO] ***** Evaluation ***** >>>> Class [1 Myocardium] Dice: 85.99
[2024-05-10 04:02:07,236][    INFO] ***** Evaluation ***** >>>> Class [2 Left Ventricle] Dice: 94.04
[2024-05-10 04:02:07,236][    INFO] ***** Evaluation ***** >>>> MeanDice: 88.87

[2024-05-10 04:02:07,602][    INFO] ===========> Epoch: 17, LR: 0.00705, Previous best: 89.16
[2024-05-10 04:02:08,448][    INFO] Iters: 0, Total loss: 0.040, Loss x: 0.037, Loss s: 0.076, Loss w_fp: 0.009, Mask ratio: 0.992
[2024-05-10 04:03:04,161][    INFO] ***** Evaluation ***** >>>> Class [0 Right Ventricle] Dice: 88.28
[2024-05-10 04:03:04,161][    INFO] ***** Evaluation ***** >>>> Class [1 Myocardium] Dice: 87.12
[2024-05-10 04:03:04,161][    INFO] ***** Evaluation ***** >>>> Class [2 Left Ventricle] Dice: 94.08
[2024-05-10 04:03:04,161][    INFO] ***** Evaluation ***** >>>> MeanDice: 89.83

[2024-05-10 04:03:04,717][    INFO] ===========> Epoch: 18, LR: 0.00686, Previous best: 89.83
[2024-05-10 04:03:05,659][    INFO] Iters: 0, Total loss: 0.045, Loss x: 0.052, Loss s: 0.072, Loss w_fp: 0.005, Mask ratio: 0.989
[2024-05-10 04:04:01,307][    INFO] ***** Evaluation ***** >>>> Class [0 Right Ventricle] Dice: 88.97
[2024-05-10 04:04:01,307][    INFO] ***** Evaluation ***** >>>> Class [1 Myocardium] Dice: 87.54
[2024-05-10 04:04:01,307][    INFO] ***** Evaluation ***** >>>> Class [2 Left Ventricle] Dice: 92.89
[2024-05-10 04:04:01,307][    INFO] ***** Evaluation ***** >>>> MeanDice: 89.80

[2024-05-10 04:04:01,502][    INFO] ===========> Epoch: 19, LR: 0.00667, Previous best: 89.83
[2024-05-10 04:04:02,368][    INFO] Iters: 0, Total loss: 0.040, Loss x: 0.050, Loss s: 0.056, Loss w_fp: 0.004, Mask ratio: 0.992
[2024-05-10 04:04:58,648][    INFO] ***** Evaluation ***** >>>> Class [0 Right Ventricle] Dice: 88.64
[2024-05-10 04:04:58,649][    INFO] ***** Evaluation ***** >>>> Class [1 Myocardium] Dice: 87.30
[2024-05-10 04:04:58,649][    INFO] ***** Evaluation ***** >>>> Class [2 Left Ventricle] Dice: 94.41
[2024-05-10 04:04:58,649][    INFO] ***** Evaluation ***** >>>> MeanDice: 90.12

[2024-05-10 04:04:58,931][    INFO] ===========> Epoch: 20, LR: 0.00648, Previous best: 90.12
[2024-05-10 04:04:59,743][    INFO] Iters: 0, Total loss: 0.024, Loss x: 0.034, Loss s: 0.026, Loss w_fp: 0.004, Mask ratio: 0.989
[2024-05-10 04:05:57,765][    INFO] ***** Evaluation ***** >>>> Class [0 Right Ventricle] Dice: 89.40
[2024-05-10 04:05:57,765][    INFO] ***** Evaluation ***** >>>> Class [1 Myocardium] Dice: 87.34
[2024-05-10 04:05:57,765][    INFO] ***** Evaluation ***** >>>> Class [2 Left Ventricle] Dice: 93.16
[2024-05-10 04:05:57,765][    INFO] ***** Evaluation ***** >>>> MeanDice: 89.97

[2024-05-10 04:05:58,127][    INFO] ===========> Epoch: 21, LR: 0.00629, Previous best: 90.12
[2024-05-10 04:05:59,016][    INFO] Iters: 0, Total loss: 0.029, Loss x: 0.033, Loss s: 0.046, Loss w_fp: 0.004, Mask ratio: 0.989
[2024-05-10 04:06:54,312][    INFO] ***** Evaluation ***** >>>> Class [0 Right Ventricle] Dice: 88.38
[2024-05-10 04:06:54,312][    INFO] ***** Evaluation ***** >>>> Class [1 Myocardium] Dice: 86.16
[2024-05-10 04:06:54,312][    INFO] ***** Evaluation ***** >>>> Class [2 Left Ventricle] Dice: 93.84
[2024-05-10 04:06:54,312][    INFO] ***** Evaluation ***** >>>> MeanDice: 89.46

[2024-05-10 04:06:54,462][    INFO] ===========> Epoch: 22, LR: 0.00610, Previous best: 90.12
[2024-05-10 04:06:55,307][    INFO] Iters: 0, Total loss: 0.036, Loss x: 0.048, Loss s: 0.046, Loss w_fp: 0.003, Mask ratio: 0.988
[2024-05-10 04:07:50,943][    INFO] ***** Evaluation ***** >>>> Class [0 Right Ventricle] Dice: 89.08
[2024-05-10 04:07:50,943][    INFO] ***** Evaluation ***** >>>> Class [1 Myocardium] Dice: 87.83
[2024-05-10 04:07:50,943][    INFO] ***** Evaluation ***** >>>> Class [2 Left Ventricle] Dice: 94.37
[2024-05-10 04:07:50,943][    INFO] ***** Evaluation ***** >>>> MeanDice: 90.43

[2024-05-10 04:07:51,444][    INFO] ===========> Epoch: 23, LR: 0.00591, Previous best: 90.43
[2024-05-10 04:07:52,336][    INFO] Iters: 0, Total loss: 0.022, Loss x: 0.039, Loss s: 0.005, Loss w_fp: 0.003, Mask ratio: 0.990
[2024-05-10 04:08:48,222][    INFO] ***** Evaluation ***** >>>> Class [0 Right Ventricle] Dice: 89.99
[2024-05-10 04:08:48,222][    INFO] ***** Evaluation ***** >>>> Class [1 Myocardium] Dice: 86.93
[2024-05-10 04:08:48,222][    INFO] ***** Evaluation ***** >>>> Class [2 Left Ventricle] Dice: 93.53
[2024-05-10 04:08:48,222][    INFO] ***** Evaluation ***** >>>> MeanDice: 90.15

[2024-05-10 04:08:48,395][    INFO] ===========> Epoch: 24, LR: 0.00572, Previous best: 90.43
[2024-05-10 04:08:49,234][    INFO] Iters: 0, Total loss: 0.027, Loss x: 0.035, Loss s: 0.035, Loss w_fp: 0.004, Mask ratio: 0.989
[2024-05-10 04:09:48,892][    INFO] ***** Evaluation ***** >>>> Class [0 Right Ventricle] Dice: 87.94
[2024-05-10 04:09:48,892][    INFO] ***** Evaluation ***** >>>> Class [1 Myocardium] Dice: 86.87
[2024-05-10 04:09:48,892][    INFO] ***** Evaluation ***** >>>> Class [2 Left Ventricle] Dice: 94.36
[2024-05-10 04:09:48,892][    INFO] ***** Evaluation ***** >>>> MeanDice: 89.73

[2024-05-10 04:09:49,265][    INFO] ===========> Epoch: 25, LR: 0.00553, Previous best: 90.43
[2024-05-10 04:09:50,087][    INFO] Iters: 0, Total loss: 0.026, Loss x: 0.038, Loss s: 0.024, Loss w_fp: 0.005, Mask ratio: 0.987
[2024-05-10 04:10:46,711][    INFO] ***** Evaluation ***** >>>> Class [0 Right Ventricle] Dice: 89.27
[2024-05-10 04:10:46,711][    INFO] ***** Evaluation ***** >>>> Class [1 Myocardium] Dice: 86.86
[2024-05-10 04:10:46,711][    INFO] ***** Evaluation ***** >>>> Class [2 Left Ventricle] Dice: 94.15
[2024-05-10 04:10:46,711][    INFO] ***** Evaluation ***** >>>> MeanDice: 90.09

[2024-05-10 04:10:46,922][    INFO] ===========> Epoch: 26, LR: 0.00534, Previous best: 90.43
[2024-05-10 04:10:47,959][    INFO] Iters: 0, Total loss: 0.029, Loss x: 0.031, Loss s: 0.049, Loss w_fp: 0.003, Mask ratio: 0.991
[2024-05-10 04:11:43,371][    INFO] ***** Evaluation ***** >>>> Class [0 Right Ventricle] Dice: 89.86
[2024-05-10 04:11:43,371][    INFO] ***** Evaluation ***** >>>> Class [1 Myocardium] Dice: 87.97
[2024-05-10 04:11:43,371][    INFO] ***** Evaluation ***** >>>> Class [2 Left Ventricle] Dice: 94.90
[2024-05-10 04:11:43,371][    INFO] ***** Evaluation ***** >>>> MeanDice: 90.91

[2024-05-10 04:11:43,732][    INFO] ===========> Epoch: 27, LR: 0.00514, Previous best: 90.91
[2024-05-10 04:11:44,552][    INFO] Iters: 0, Total loss: 0.030, Loss x: 0.030, Loss s: 0.054, Loss w_fp: 0.007, Mask ratio: 0.993
[2024-05-10 04:12:47,958][    INFO] ***** Evaluation ***** >>>> Class [0 Right Ventricle] Dice: 89.29
[2024-05-10 04:12:47,958][    INFO] ***** Evaluation ***** >>>> Class [1 Myocardium] Dice: 88.09
[2024-05-10 04:12:47,958][    INFO] ***** Evaluation ***** >>>> Class [2 Left Ventricle] Dice: 95.01
[2024-05-10 04:12:47,958][    INFO] ***** Evaluation ***** >>>> MeanDice: 90.80

[2024-05-10 04:12:48,144][    INFO] ===========> Epoch: 28, LR: 0.00495, Previous best: 90.91
[2024-05-10 04:12:49,296][    INFO] Iters: 0, Total loss: 0.027, Loss x: 0.031, Loss s: 0.043, Loss w_fp: 0.003, Mask ratio: 0.989
[2024-05-10 04:13:58,212][    INFO] ***** Evaluation ***** >>>> Class [0 Right Ventricle] Dice: 89.62
[2024-05-10 04:13:58,212][    INFO] ***** Evaluation ***** >>>> Class [1 Myocardium] Dice: 88.15
[2024-05-10 04:13:58,212][    INFO] ***** Evaluation ***** >>>> Class [2 Left Ventricle] Dice: 94.94
[2024-05-10 04:13:58,212][    INFO] ***** Evaluation ***** >>>> MeanDice: 90.90

[2024-05-10 04:13:58,675][    INFO] ===========> Epoch: 29, LR: 0.00475, Previous best: 90.91
[2024-05-10 04:13:59,592][    INFO] Iters: 0, Total loss: 0.026, Loss x: 0.028, Loss s: 0.040, Loss w_fp: 0.006, Mask ratio: 0.987
[2024-05-10 04:15:13,480][    INFO] ***** Evaluation ***** >>>> Class [0 Right Ventricle] Dice: 90.06
[2024-05-10 04:15:13,481][    INFO] ***** Evaluation ***** >>>> Class [1 Myocardium] Dice: 87.99
[2024-05-10 04:15:13,481][    INFO] ***** Evaluation ***** >>>> Class [2 Left Ventricle] Dice: 94.90
[2024-05-10 04:15:13,481][    INFO] ***** Evaluation ***** >>>> MeanDice: 90.99

[2024-05-10 04:15:14,109][    INFO] ===========> Epoch: 30, LR: 0.00456, Previous best: 90.99
[2024-05-10 04:15:15,214][    INFO] Iters: 0, Total loss: 0.030, Loss x: 0.031, Loss s: 0.055, Loss w_fp: 0.003, Mask ratio: 0.991
[2024-05-10 04:16:31,572][    INFO] ***** Evaluation ***** >>>> Class [0 Right Ventricle] Dice: 89.41
[2024-05-10 04:16:31,573][    INFO] ***** Evaluation ***** >>>> Class [1 Myocardium] Dice: 88.97
[2024-05-10 04:16:31,573][    INFO] ***** Evaluation ***** >>>> Class [2 Left Ventricle] Dice: 95.12
[2024-05-10 04:16:31,573][    INFO] ***** Evaluation ***** >>>> MeanDice: 91.16

[2024-05-10 04:16:32,023][    INFO] ===========> Epoch: 31, LR: 0.00436, Previous best: 91.16
[2024-05-10 04:16:32,924][    INFO] Iters: 0, Total loss: 0.025, Loss x: 0.037, Loss s: 0.022, Loss w_fp: 0.002, Mask ratio: 0.993
[2024-05-10 04:17:47,471][    INFO] ***** Evaluation ***** >>>> Class [0 Right Ventricle] Dice: 90.96
[2024-05-10 04:17:47,476][    INFO] ***** Evaluation ***** >>>> Class [1 Myocardium] Dice: 88.80
[2024-05-10 04:17:47,477][    INFO] ***** Evaluation ***** >>>> Class [2 Left Ventricle] Dice: 94.33
[2024-05-10 04:17:47,477][    INFO] ***** Evaluation ***** >>>> MeanDice: 91.36

[2024-05-10 04:17:47,981][    INFO] ===========> Epoch: 32, LR: 0.00416, Previous best: 91.36
[2024-05-10 04:17:48,861][    INFO] Iters: 0, Total loss: 0.024, Loss x: 0.039, Loss s: 0.013, Loss w_fp: 0.004, Mask ratio: 0.989
[2024-05-10 04:18:55,787][    INFO] ***** Evaluation ***** >>>> Class [0 Right Ventricle] Dice: 90.12
[2024-05-10 04:18:55,788][    INFO] ***** Evaluation ***** >>>> Class [1 Myocardium] Dice: 87.87
[2024-05-10 04:18:55,788][    INFO] ***** Evaluation ***** >>>> Class [2 Left Ventricle] Dice: 94.09
[2024-05-10 04:18:55,788][    INFO] ***** Evaluation ***** >>>> MeanDice: 90.70

[2024-05-10 04:18:55,957][    INFO] ===========> Epoch: 33, LR: 0.00397, Previous best: 91.36
[2024-05-10 04:18:56,992][    INFO] Iters: 0, Total loss: 0.029, Loss x: 0.032, Loss s: 0.048, Loss w_fp: 0.005, Mask ratio: 0.993
[2024-05-10 04:19:58,658][    INFO] ***** Evaluation ***** >>>> Class [0 Right Ventricle] Dice: 91.02
[2024-05-10 04:19:58,658][    INFO] ***** Evaluation ***** >>>> Class [1 Myocardium] Dice: 88.79
[2024-05-10 04:19:58,658][    INFO] ***** Evaluation ***** >>>> Class [2 Left Ventricle] Dice: 94.73
[2024-05-10 04:19:58,658][    INFO] ***** Evaluation ***** >>>> MeanDice: 91.51

[2024-05-10 04:19:59,060][    INFO] ===========> Epoch: 34, LR: 0.00377, Previous best: 91.51
[2024-05-10 04:19:59,890][    INFO] Iters: 0, Total loss: 0.019, Loss x: 0.029, Loss s: 0.015, Loss w_fp: 0.003, Mask ratio: 0.988
[2024-05-10 04:20:54,465][    INFO] ***** Evaluation ***** >>>> Class [0 Right Ventricle] Dice: 90.50
[2024-05-10 04:20:54,465][    INFO] ***** Evaluation ***** >>>> Class [1 Myocardium] Dice: 89.51
[2024-05-10 04:20:54,465][    INFO] ***** Evaluation ***** >>>> Class [2 Left Ventricle] Dice: 94.92
[2024-05-10 04:20:54,465][    INFO] ***** Evaluation ***** >>>> MeanDice: 91.64

[2024-05-10 04:20:54,747][    INFO] ===========> Epoch: 35, LR: 0.00356, Previous best: 91.64
[2024-05-10 04:20:55,607][    INFO] Iters: 0, Total loss: 0.025, Loss x: 0.042, Loss s: 0.014, Loss w_fp: 0.002, Mask ratio: 0.991
[2024-05-10 04:21:49,115][    INFO] ***** Evaluation ***** >>>> Class [0 Right Ventricle] Dice: 90.51
[2024-05-10 04:21:49,115][    INFO] ***** Evaluation ***** >>>> Class [1 Myocardium] Dice: 87.88
[2024-05-10 04:21:49,115][    INFO] ***** Evaluation ***** >>>> Class [2 Left Ventricle] Dice: 94.72
[2024-05-10 04:21:49,115][    INFO] ***** Evaluation ***** >>>> MeanDice: 91.04

[2024-05-10 04:21:49,352][    INFO] ===========> Epoch: 36, LR: 0.00336, Previous best: 91.64
[2024-05-10 04:21:50,321][    INFO] Iters: 0, Total loss: 0.030, Loss x: 0.041, Loss s: 0.029, Loss w_fp: 0.009, Mask ratio: 0.992
[2024-05-10 04:22:44,828][    INFO] ***** Evaluation ***** >>>> Class [0 Right Ventricle] Dice: 91.54
[2024-05-10 04:22:44,828][    INFO] ***** Evaluation ***** >>>> Class [1 Myocardium] Dice: 88.81
[2024-05-10 04:22:44,828][    INFO] ***** Evaluation ***** >>>> Class [2 Left Ventricle] Dice: 95.04
[2024-05-10 04:22:44,829][    INFO] ***** Evaluation ***** >>>> MeanDice: 91.80

[2024-05-10 04:22:45,219][    INFO] ===========> Epoch: 37, LR: 0.00316, Previous best: 91.80
[2024-05-10 04:22:46,069][    INFO] Iters: 0, Total loss: 0.022, Loss x: 0.024, Loss s: 0.036, Loss w_fp: 0.004, Mask ratio: 0.992
[2024-05-10 04:23:45,221][    INFO] ***** Evaluation ***** >>>> Class [0 Right Ventricle] Dice: 90.50
[2024-05-10 04:23:45,222][    INFO] ***** Evaluation ***** >>>> Class [1 Myocardium] Dice: 88.14
[2024-05-10 04:23:45,222][    INFO] ***** Evaluation ***** >>>> Class [2 Left Ventricle] Dice: 94.73
[2024-05-10 04:23:45,222][    INFO] ***** Evaluation ***** >>>> MeanDice: 91.13

[2024-05-10 04:23:45,350][    INFO] ===========> Epoch: 38, LR: 0.00295, Previous best: 91.80
[2024-05-10 04:23:46,212][    INFO] Iters: 0, Total loss: 0.025, Loss x: 0.033, Loss s: 0.028, Loss w_fp: 0.005, Mask ratio: 0.989
[2024-05-10 04:24:41,951][    INFO] ***** Evaluation ***** >>>> Class [0 Right Ventricle] Dice: 90.59
[2024-05-10 04:24:41,951][    INFO] ***** Evaluation ***** >>>> Class [1 Myocardium] Dice: 89.14
[2024-05-10 04:24:41,951][    INFO] ***** Evaluation ***** >>>> Class [2 Left Ventricle] Dice: 95.03
[2024-05-10 04:24:41,951][    INFO] ***** Evaluation ***** >>>> MeanDice: 91.58

[2024-05-10 04:24:42,249][    INFO] ===========> Epoch: 39, LR: 0.00275, Previous best: 91.80
[2024-05-10 04:24:43,104][    INFO] Iters: 0, Total loss: 0.039, Loss x: 0.049, Loss s: 0.052, Loss w_fp: 0.008, Mask ratio: 0.995
[2024-05-10 04:25:43,768][    INFO] ***** Evaluation ***** >>>> Class [0 Right Ventricle] Dice: 89.94
[2024-05-10 04:25:43,768][    INFO] ***** Evaluation ***** >>>> Class [1 Myocardium] Dice: 88.84
[2024-05-10 04:25:43,768][    INFO] ***** Evaluation ***** >>>> Class [2 Left Ventricle] Dice: 95.06
[2024-05-10 04:25:43,768][    INFO] ***** Evaluation ***** >>>> MeanDice: 91.28

[2024-05-10 04:25:44,017][    INFO] ===========> Epoch: 40, LR: 0.00254, Previous best: 91.80
[2024-05-10 04:25:44,835][    INFO] Iters: 0, Total loss: 0.023, Loss x: 0.029, Loss s: 0.031, Loss w_fp: 0.003, Mask ratio: 0.987
[2024-05-10 04:26:39,455][    INFO] ***** Evaluation ***** >>>> Class [0 Right Ventricle] Dice: 90.57
[2024-05-10 04:26:39,455][    INFO] ***** Evaluation ***** >>>> Class [1 Myocardium] Dice: 88.56
[2024-05-10 04:26:39,455][    INFO] ***** Evaluation ***** >>>> Class [2 Left Ventricle] Dice: 94.76
[2024-05-10 04:26:39,455][    INFO] ***** Evaluation ***** >>>> MeanDice: 91.30

[2024-05-10 04:26:39,762][    INFO] ===========> Epoch: 41, LR: 0.00233, Previous best: 91.80
[2024-05-10 04:26:40,799][    INFO] Iters: 0, Total loss: 0.030, Loss x: 0.020, Loss s: 0.076, Loss w_fp: 0.005, Mask ratio: 0.992
[2024-05-10 04:27:40,538][    INFO] ***** Evaluation ***** >>>> Class [0 Right Ventricle] Dice: 90.69
[2024-05-10 04:27:40,539][    INFO] ***** Evaluation ***** >>>> Class [1 Myocardium] Dice: 88.93
[2024-05-10 04:27:40,539][    INFO] ***** Evaluation ***** >>>> Class [2 Left Ventricle] Dice: 94.82
[2024-05-10 04:27:40,539][    INFO] ***** Evaluation ***** >>>> MeanDice: 91.48

[2024-05-10 04:27:40,952][    INFO] ===========> Epoch: 42, LR: 0.00211, Previous best: 91.80
[2024-05-10 04:27:41,960][    INFO] Iters: 0, Total loss: 0.028, Loss x: 0.033, Loss s: 0.042, Loss w_fp: 0.003, Mask ratio: 0.994
[2024-05-10 04:28:37,945][    INFO] ***** Evaluation ***** >>>> Class [0 Right Ventricle] Dice: 90.29
[2024-05-10 04:28:37,946][    INFO] ***** Evaluation ***** >>>> Class [1 Myocardium] Dice: 88.95
[2024-05-10 04:28:37,946][    INFO] ***** Evaluation ***** >>>> Class [2 Left Ventricle] Dice: 95.12
[2024-05-10 04:28:37,946][    INFO] ***** Evaluation ***** >>>> MeanDice: 91.46

[2024-05-10 04:28:38,189][    INFO] ===========> Epoch: 43, LR: 0.00190, Previous best: 91.80
[2024-05-10 04:28:39,130][    INFO] Iters: 0, Total loss: 0.023, Loss x: 0.024, Loss s: 0.034, Loss w_fp: 0.008, Mask ratio: 0.992
[2024-05-10 04:29:34,627][    INFO] ***** Evaluation ***** >>>> Class [0 Right Ventricle] Dice: 90.27
[2024-05-10 04:29:34,627][    INFO] ***** Evaluation ***** >>>> Class [1 Myocardium] Dice: 88.66
[2024-05-10 04:29:34,627][    INFO] ***** Evaluation ***** >>>> Class [2 Left Ventricle] Dice: 94.36
[2024-05-10 04:29:34,627][    INFO] ***** Evaluation ***** >>>> MeanDice: 91.10

[2024-05-10 04:29:34,840][    INFO] ===========> Epoch: 44, LR: 0.00168, Previous best: 91.80
[2024-05-10 04:29:35,778][    INFO] Iters: 0, Total loss: 0.021, Loss x: 0.029, Loss s: 0.019, Loss w_fp: 0.006, Mask ratio: 0.990
[2024-05-10 04:30:32,136][    INFO] ***** Evaluation ***** >>>> Class [0 Right Ventricle] Dice: 90.90
[2024-05-10 04:30:32,136][    INFO] ***** Evaluation ***** >>>> Class [1 Myocardium] Dice: 89.08
[2024-05-10 04:30:32,136][    INFO] ***** Evaluation ***** >>>> Class [2 Left Ventricle] Dice: 95.24
[2024-05-10 04:30:32,136][    INFO] ***** Evaluation ***** >>>> MeanDice: 91.74

[2024-05-10 04:30:32,353][    INFO] ===========> Epoch: 45, LR: 0.00146, Previous best: 91.80
[2024-05-10 04:30:33,275][    INFO] Iters: 0, Total loss: 0.018, Loss x: 0.025, Loss s: 0.019, Loss w_fp: 0.004, Mask ratio: 0.994
[2024-05-10 04:31:28,399][    INFO] ***** Evaluation ***** >>>> Class [0 Right Ventricle] Dice: 90.19
[2024-05-10 04:31:28,399][    INFO] ***** Evaluation ***** >>>> Class [1 Myocardium] Dice: 89.03
[2024-05-10 04:31:28,399][    INFO] ***** Evaluation ***** >>>> Class [2 Left Ventricle] Dice: 94.97
[2024-05-10 04:31:28,399][    INFO] ***** Evaluation ***** >>>> MeanDice: 91.39

[2024-05-10 04:31:28,614][    INFO] ===========> Epoch: 46, LR: 0.00123, Previous best: 91.80
[2024-05-10 04:31:29,457][    INFO] Iters: 0, Total loss: 0.025, Loss x: 0.027, Loss s: 0.042, Loss w_fp: 0.005, Mask ratio: 0.989
[2024-05-10 04:32:24,240][    INFO] ***** Evaluation ***** >>>> Class [0 Right Ventricle] Dice: 90.60
[2024-05-10 04:32:24,240][    INFO] ***** Evaluation ***** >>>> Class [1 Myocardium] Dice: 88.90
[2024-05-10 04:32:24,240][    INFO] ***** Evaluation ***** >>>> Class [2 Left Ventricle] Dice: 95.17
[2024-05-10 04:32:24,240][    INFO] ***** Evaluation ***** >>>> MeanDice: 91.56

[2024-05-10 04:32:24,574][    INFO] ===========> Epoch: 47, LR: 0.00100, Previous best: 91.80
[2024-05-10 04:32:25,542][    INFO] Iters: 0, Total loss: 0.029, Loss x: 0.035, Loss s: 0.041, Loss w_fp: 0.004, Mask ratio: 0.992
[2024-05-10 04:33:19,981][    INFO] ***** Evaluation ***** >>>> Class [0 Right Ventricle] Dice: 90.70
[2024-05-10 04:33:19,981][    INFO] ***** Evaluation ***** >>>> Class [1 Myocardium] Dice: 89.07
[2024-05-10 04:33:19,981][    INFO] ***** Evaluation ***** >>>> Class [2 Left Ventricle] Dice: 95.23
[2024-05-10 04:33:19,981][    INFO] ***** Evaluation ***** >>>> MeanDice: 91.67

[2024-05-10 04:33:20,254][    INFO] ===========> Epoch: 48, LR: 0.00077, Previous best: 91.80
[2024-05-10 04:33:21,123][    INFO] Iters: 0, Total loss: 0.027, Loss x: 0.032, Loss s: 0.038, Loss w_fp: 0.006, Mask ratio: 0.992
[2024-05-10 04:34:22,234][    INFO] ***** Evaluation ***** >>>> Class [0 Right Ventricle] Dice: 90.84
[2024-05-10 04:34:22,234][    INFO] ***** Evaluation ***** >>>> Class [1 Myocardium] Dice: 89.15
[2024-05-10 04:34:22,234][    INFO] ***** Evaluation ***** >>>> Class [2 Left Ventricle] Dice: 95.27
[2024-05-10 04:34:22,234][    INFO] ***** Evaluation ***** >>>> MeanDice: 91.75

[2024-05-10 04:34:22,567][    INFO] ===========> Epoch: 49, LR: 0.00052, Previous best: 91.80
[2024-05-10 04:34:23,398][    INFO] Iters: 0, Total loss: 0.025, Loss x: 0.033, Loss s: 0.030, Loss w_fp: 0.004, Mask ratio: 0.993
[2024-05-10 04:35:16,323][    INFO] ***** Evaluation ***** >>>> Class [0 Right Ventricle] Dice: 90.93
[2024-05-10 04:35:16,323][    INFO] ***** Evaluation ***** >>>> Class [1 Myocardium] Dice: 89.21
[2024-05-10 04:35:16,324][    INFO] ***** Evaluation ***** >>>> Class [2 Left Ventricle] Dice: 95.15
[2024-05-10 04:35:16,324][    INFO] ***** Evaluation ***** >>>> MeanDice: 91.76

