/var/lib/slurm-llnl/slurmd/job06193/slurm_script: line 12: module: command not found
/var/lib/slurm-llnl/slurmd/job06193/slurm_script: line 13: activate: No such file or directory

CondaError: Run 'conda init' before 'conda deactivate'


CondaError: Run 'conda init' before 'conda activate'

[2024-07-11 13:49:24,192][    INFO] {'batch_size': 12,
 'conf_thresh': 0.95,
 'crop_size': 256,
 'data_root': '/vol/aimspace/projects/ukbb/data/cardiac/cardiac_segmentations/subjects',
 'dataset': 'ukbb',
 'epochs': 50,
 'exp': '4',
 'local_rank': 0,
 'lr': 0.01,
 'mode': 'train',
 'nclass': 4,
 'nclass_classif': 3,
 'ngpus': 1,
 'num_workers': 1,
 'port': 8079,
 'seed': '79',
 'seg_model': 'unet',
 'split': 18,
 'task': 'seg_only_mid_slices',
 'visualize': False}

[2024-07-11 13:49:24,253][    INFO] Total params: 1.8M

[2024-07-11 13:49:24,892][    INFO] ===========> Epoch: 0, LR: 0.01000, Previous best: 0.00
[2024-07-11 13:49:28,722][    INFO] Iters: 0, Total loss: 1.147
[2024-07-11 13:49:35,079][    INFO] Iters: 15, Total loss: 0.677
[2024-07-11 13:49:41,916][    INFO] Iters: 30, Total loss: 0.546
[2024-07-11 13:49:46,972][    INFO] Iters: 45, Total loss: 0.492
[2024-07-11 13:49:51,239][    INFO] Iters: 60, Total loss: 0.457
[2024-07-11 13:49:54,989][    INFO] Iters: 75, Total loss: 0.426
[2024-07-11 13:49:58,798][    INFO] Iters: 90, Total loss: 0.401
[2024-07-11 13:50:02,692][    INFO] Iters: 105, Total loss: 0.379
[2024-07-11 13:50:06,536][    INFO] Iters: 120, Total loss: 0.359
[2024-07-11 13:50:13,320][    INFO] ***** Evaluation ***** >>>> Class [0 Right Ventricle] Dice: 21.43
[2024-07-11 13:50:13,320][    INFO] ***** Evaluation ***** >>>> Class [1 Myocardium] Dice: 45.52
[2024-07-11 13:50:13,320][    INFO] ***** Evaluation ***** >>>> Class [2 Left Ventricle] Dice: 30.74
[2024-07-11 13:50:13,320][    INFO] ***** Evaluation ***** >>>> MeanDice: 32.56

[2024-07-11 13:50:13,480][    INFO] ===========> Epoch: 1, LR: 0.00982, Previous best: 32.56
[2024-07-11 13:50:14,100][    INFO] Iters: 0, Total loss: 0.170
[2024-07-11 13:50:17,809][    INFO] Iters: 15, Total loss: 0.165
[2024-07-11 13:50:21,603][    INFO] Iters: 30, Total loss: 0.155
[2024-07-11 13:50:25,499][    INFO] Iters: 45, Total loss: 0.145
[2024-07-11 13:50:29,222][    INFO] Iters: 60, Total loss: 0.133
[2024-07-11 13:50:33,063][    INFO] Iters: 75, Total loss: 0.126
[2024-07-11 13:50:36,883][    INFO] Iters: 90, Total loss: 0.119
[2024-07-11 13:50:40,766][    INFO] Iters: 105, Total loss: 0.114
[2024-07-11 13:50:44,721][    INFO] Iters: 120, Total loss: 0.108
[2024-07-11 13:50:50,290][    INFO] ***** Evaluation ***** >>>> Class [0 Right Ventricle] Dice: 27.02
[2024-07-11 13:50:50,290][    INFO] ***** Evaluation ***** >>>> Class [1 Myocardium] Dice: 66.05
[2024-07-11 13:50:50,290][    INFO] ***** Evaluation ***** >>>> Class [2 Left Ventricle] Dice: 62.76
[2024-07-11 13:50:50,290][    INFO] ***** Evaluation ***** >>>> MeanDice: 51.94

[2024-07-11 13:50:50,434][    INFO] ===========> Epoch: 2, LR: 0.00964, Previous best: 51.94
[2024-07-11 13:50:50,943][    INFO] Iters: 0, Total loss: 0.060
[2024-07-11 13:50:54,828][    INFO] Iters: 15, Total loss: 0.065
[2024-07-11 13:50:58,725][    INFO] Iters: 30, Total loss: 0.062
[2024-07-11 13:51:02,649][    INFO] Iters: 45, Total loss: 0.061
[2024-07-11 13:51:06,478][    INFO] Iters: 60, Total loss: 0.060
[2024-07-11 13:51:10,355][    INFO] Iters: 75, Total loss: 0.059
[2024-07-11 13:51:14,282][    INFO] Iters: 90, Total loss: 0.058
[2024-07-11 13:51:18,232][    INFO] Iters: 105, Total loss: 0.058
[2024-07-11 13:51:22,043][    INFO] Iters: 120, Total loss: 0.057
[2024-07-11 13:51:27,622][    INFO] ***** Evaluation ***** >>>> Class [0 Right Ventricle] Dice: 71.13
[2024-07-11 13:51:27,622][    INFO] ***** Evaluation ***** >>>> Class [1 Myocardium] Dice: 76.16
[2024-07-11 13:51:27,623][    INFO] ***** Evaluation ***** >>>> Class [2 Left Ventricle] Dice: 84.30
[2024-07-11 13:51:27,623][    INFO] ***** Evaluation ***** >>>> MeanDice: 77.20

[2024-07-11 13:51:27,765][    INFO] ===========> Epoch: 3, LR: 0.00946, Previous best: 77.20
[2024-07-11 13:51:28,377][    INFO] Iters: 0, Total loss: 0.060
[2024-07-11 13:51:31,879][    INFO] Iters: 15, Total loss: 0.047
[2024-07-11 13:51:35,608][    INFO] Iters: 30, Total loss: 0.049
[2024-07-11 13:51:39,227][    INFO] Iters: 45, Total loss: 0.049
[2024-07-11 13:51:42,834][    INFO] Iters: 60, Total loss: 0.048
[2024-07-11 13:51:46,709][    INFO] Iters: 75, Total loss: 0.047
[2024-07-11 13:51:50,532][    INFO] Iters: 90, Total loss: 0.048
[2024-07-11 13:51:54,359][    INFO] Iters: 105, Total loss: 0.048
[2024-07-11 13:51:58,136][    INFO] Iters: 120, Total loss: 0.047
[2024-07-11 13:52:03,480][    INFO] ***** Evaluation ***** >>>> Class [0 Right Ventricle] Dice: 57.79
[2024-07-11 13:52:03,480][    INFO] ***** Evaluation ***** >>>> Class [1 Myocardium] Dice: 67.36
[2024-07-11 13:52:03,480][    INFO] ***** Evaluation ***** >>>> Class [2 Left Ventricle] Dice: 66.11
[2024-07-11 13:52:03,480][    INFO] ***** Evaluation ***** >>>> MeanDice: 63.75

[2024-07-11 13:52:03,572][    INFO] ===========> Epoch: 4, LR: 0.00928, Previous best: 77.20
[2024-07-11 13:52:04,069][    INFO] Iters: 0, Total loss: 0.034
[2024-07-11 13:52:07,669][    INFO] Iters: 15, Total loss: 0.042
[2024-07-11 13:52:11,442][    INFO] Iters: 30, Total loss: 0.041
[2024-07-11 13:52:15,277][    INFO] Iters: 45, Total loss: 0.041
[2024-07-11 13:52:19,090][    INFO] Iters: 60, Total loss: 0.042
[2024-07-11 13:52:23,064][    INFO] Iters: 75, Total loss: 0.042
[2024-07-11 13:52:26,900][    INFO] Iters: 90, Total loss: 0.042
[2024-07-11 13:52:30,785][    INFO] Iters: 105, Total loss: 0.042
[2024-07-11 13:52:34,874][    INFO] Iters: 120, Total loss: 0.042
[2024-07-11 13:52:40,465][    INFO] ***** Evaluation ***** >>>> Class [0 Right Ventricle] Dice: 72.41
[2024-07-11 13:52:40,466][    INFO] ***** Evaluation ***** >>>> Class [1 Myocardium] Dice: 74.25
[2024-07-11 13:52:40,466][    INFO] ***** Evaluation ***** >>>> Class [2 Left Ventricle] Dice: 78.27
[2024-07-11 13:52:40,466][    INFO] ***** Evaluation ***** >>>> MeanDice: 74.98

[2024-07-11 13:52:40,559][    INFO] ===========> Epoch: 5, LR: 0.00910, Previous best: 77.20
[2024-07-11 13:52:41,054][    INFO] Iters: 0, Total loss: 0.039
[2024-07-11 13:52:44,687][    INFO] Iters: 15, Total loss: 0.036
[2024-07-11 13:52:48,421][    INFO] Iters: 30, Total loss: 0.037
[2024-07-11 13:52:52,090][    INFO] Iters: 45, Total loss: 0.038
[2024-07-11 13:52:55,755][    INFO] Iters: 60, Total loss: 0.037
[2024-07-11 13:52:59,504][    INFO] Iters: 75, Total loss: 0.037
[2024-07-11 13:53:03,254][    INFO] Iters: 90, Total loss: 0.038
[2024-07-11 13:53:07,033][    INFO] Iters: 105, Total loss: 0.038
[2024-07-11 13:53:10,745][    INFO] Iters: 120, Total loss: 0.038
[2024-07-11 13:53:16,186][    INFO] ***** Evaluation ***** >>>> Class [0 Right Ventricle] Dice: 80.45
[2024-07-11 13:53:16,187][    INFO] ***** Evaluation ***** >>>> Class [1 Myocardium] Dice: 80.58
[2024-07-11 13:53:16,187][    INFO] ***** Evaluation ***** >>>> Class [2 Left Ventricle] Dice: 87.20
[2024-07-11 13:53:16,187][    INFO] ***** Evaluation ***** >>>> MeanDice: 82.74

[2024-07-11 13:53:16,340][    INFO] ===========> Epoch: 6, LR: 0.00891, Previous best: 82.74
[2024-07-11 13:53:16,962][    INFO] Iters: 0, Total loss: 0.032
[2024-07-11 13:53:20,467][    INFO] Iters: 15, Total loss: 0.036
[2024-07-11 13:53:24,103][    INFO] Iters: 30, Total loss: 0.036
[2024-07-11 13:53:27,820][    INFO] Iters: 45, Total loss: 0.037
[2024-07-11 13:53:31,548][    INFO] Iters: 60, Total loss: 0.036
[2024-07-11 13:53:35,330][    INFO] Iters: 75, Total loss: 0.035
[2024-07-11 13:53:39,116][    INFO] Iters: 90, Total loss: 0.035
[2024-07-11 13:53:42,908][    INFO] Iters: 105, Total loss: 0.035
[2024-07-11 13:53:46,698][    INFO] Iters: 120, Total loss: 0.035
[2024-07-11 13:53:52,421][    INFO] ***** Evaluation ***** >>>> Class [0 Right Ventricle] Dice: 79.76
[2024-07-11 13:53:52,421][    INFO] ***** Evaluation ***** >>>> Class [1 Myocardium] Dice: 81.98
[2024-07-11 13:53:52,421][    INFO] ***** Evaluation ***** >>>> Class [2 Left Ventricle] Dice: 89.51
[2024-07-11 13:53:52,421][    INFO] ***** Evaluation ***** >>>> MeanDice: 83.75

[2024-07-11 13:53:52,565][    INFO] ===========> Epoch: 7, LR: 0.00873, Previous best: 83.75
[2024-07-11 13:53:53,090][    INFO] Iters: 0, Total loss: 0.031
[2024-07-11 13:53:56,825][    INFO] Iters: 15, Total loss: 0.033
[2024-07-11 13:54:00,466][    INFO] Iters: 30, Total loss: 0.034
[2024-07-11 13:54:04,213][    INFO] Iters: 45, Total loss: 0.034
[2024-07-11 13:54:07,914][    INFO] Iters: 60, Total loss: 0.034
[2024-07-11 13:54:11,713][    INFO] Iters: 75, Total loss: 0.034
[2024-07-11 13:54:15,470][    INFO] Iters: 90, Total loss: 0.034
[2024-07-11 13:54:19,305][    INFO] Iters: 105, Total loss: 0.033
[2024-07-11 13:54:23,045][    INFO] Iters: 120, Total loss: 0.033
[2024-07-11 13:54:28,683][    INFO] ***** Evaluation ***** >>>> Class [0 Right Ventricle] Dice: 83.00
[2024-07-11 13:54:28,683][    INFO] ***** Evaluation ***** >>>> Class [1 Myocardium] Dice: 81.38
[2024-07-11 13:54:28,683][    INFO] ***** Evaluation ***** >>>> Class [2 Left Ventricle] Dice: 87.89
[2024-07-11 13:54:28,683][    INFO] ***** Evaluation ***** >>>> MeanDice: 84.09

[2024-07-11 13:54:28,825][    INFO] ===========> Epoch: 8, LR: 0.00855, Previous best: 84.09
[2024-07-11 13:54:29,261][    INFO] Iters: 0, Total loss: 0.025
[2024-07-11 13:54:33,080][    INFO] Iters: 15, Total loss: 0.032
[2024-07-11 13:54:36,846][    INFO] Iters: 30, Total loss: 0.031
[2024-07-11 13:54:40,608][    INFO] Iters: 45, Total loss: 0.031
[2024-07-11 13:54:44,456][    INFO] Iters: 60, Total loss: 0.031
[2024-07-11 13:54:48,144][    INFO] Iters: 75, Total loss: 0.032
[2024-07-11 13:54:51,949][    INFO] Iters: 90, Total loss: 0.032
[2024-07-11 13:54:55,790][    INFO] Iters: 105, Total loss: 0.033
[2024-07-11 13:54:59,517][    INFO] Iters: 120, Total loss: 0.033
[2024-07-11 13:55:05,122][    INFO] ***** Evaluation ***** >>>> Class [0 Right Ventricle] Dice: 82.46
[2024-07-11 13:55:05,123][    INFO] ***** Evaluation ***** >>>> Class [1 Myocardium] Dice: 83.08
[2024-07-11 13:55:05,123][    INFO] ***** Evaluation ***** >>>> Class [2 Left Ventricle] Dice: 91.96
[2024-07-11 13:55:05,123][    INFO] ***** Evaluation ***** >>>> MeanDice: 85.83

[2024-07-11 13:55:05,266][    INFO] ===========> Epoch: 9, LR: 0.00837, Previous best: 85.83
[2024-07-11 13:55:05,885][    INFO] Iters: 0, Total loss: 0.031
[2024-07-11 13:55:09,384][    INFO] Iters: 15, Total loss: 0.029
[2024-07-11 13:55:13,105][    INFO] Iters: 30, Total loss: 0.029
[2024-07-11 13:55:16,786][    INFO] Iters: 45, Total loss: 0.030
[2024-07-11 13:55:20,716][    INFO] Iters: 60, Total loss: 0.030
[2024-07-11 13:55:24,466][    INFO] Iters: 75, Total loss: 0.030
[2024-07-11 13:55:28,196][    INFO] Iters: 90, Total loss: 0.030
[2024-07-11 13:55:32,100][    INFO] Iters: 105, Total loss: 0.030
[2024-07-11 13:55:35,829][    INFO] Iters: 120, Total loss: 0.030
[2024-07-11 13:55:41,059][    INFO] ***** Evaluation ***** >>>> Class [0 Right Ventricle] Dice: 83.78
[2024-07-11 13:55:41,059][    INFO] ***** Evaluation ***** >>>> Class [1 Myocardium] Dice: 82.44
[2024-07-11 13:55:41,059][    INFO] ***** Evaluation ***** >>>> Class [2 Left Ventricle] Dice: 88.01
[2024-07-11 13:55:41,060][    INFO] ***** Evaluation ***** >>>> MeanDice: 84.74

[2024-07-11 13:55:41,151][    INFO] ===========> Epoch: 10, LR: 0.00818, Previous best: 85.83
[2024-07-11 13:55:41,837][    INFO] Iters: 0, Total loss: 0.031
[2024-07-11 13:55:45,705][    INFO] Iters: 15, Total loss: 0.031
[2024-07-11 13:55:49,600][    INFO] Iters: 30, Total loss: 0.031
[2024-07-11 13:55:53,505][    INFO] Iters: 45, Total loss: 0.031
[2024-07-11 13:55:57,733][    INFO] Iters: 60, Total loss: 0.031
[2024-07-11 13:56:01,726][    INFO] Iters: 75, Total loss: 0.031
[2024-07-11 13:56:05,830][    INFO] Iters: 90, Total loss: 0.030
[2024-07-11 13:56:09,880][    INFO] Iters: 105, Total loss: 0.030
[2024-07-11 13:56:13,766][    INFO] Iters: 120, Total loss: 0.030
[2024-07-11 13:56:19,640][    INFO] ***** Evaluation ***** >>>> Class [0 Right Ventricle] Dice: 82.60
[2024-07-11 13:56:19,640][    INFO] ***** Evaluation ***** >>>> Class [1 Myocardium] Dice: 82.09
[2024-07-11 13:56:19,640][    INFO] ***** Evaluation ***** >>>> Class [2 Left Ventricle] Dice: 85.01
[2024-07-11 13:56:19,640][    INFO] ***** Evaluation ***** >>>> MeanDice: 83.23

[2024-07-11 13:56:19,748][    INFO] ===========> Epoch: 11, LR: 0.00800, Previous best: 85.83
[2024-07-11 13:56:20,502][    INFO] Iters: 0, Total loss: 0.023
[2024-07-11 13:56:23,989][    INFO] Iters: 15, Total loss: 0.030
[2024-07-11 13:56:27,756][    INFO] Iters: 30, Total loss: 0.029
[2024-07-11 13:56:31,490][    INFO] Iters: 45, Total loss: 0.029
[2024-07-11 13:56:35,368][    INFO] Iters: 60, Total loss: 0.029
[2024-07-11 13:56:39,282][    INFO] Iters: 75, Total loss: 0.030
[2024-07-11 13:56:43,179][    INFO] Iters: 90, Total loss: 0.029
[2024-07-11 13:56:47,085][    INFO] Iters: 105, Total loss: 0.029
[2024-07-11 13:56:50,788][    INFO] Iters: 120, Total loss: 0.029
[2024-07-11 13:56:55,728][    INFO] ***** Evaluation ***** >>>> Class [0 Right Ventricle] Dice: 83.08
[2024-07-11 13:56:55,728][    INFO] ***** Evaluation ***** >>>> Class [1 Myocardium] Dice: 80.89
[2024-07-11 13:56:55,728][    INFO] ***** Evaluation ***** >>>> Class [2 Left Ventricle] Dice: 87.56
[2024-07-11 13:56:55,728][    INFO] ***** Evaluation ***** >>>> MeanDice: 83.85

[2024-07-11 13:56:55,827][    INFO] ===========> Epoch: 12, LR: 0.00781, Previous best: 85.83
[2024-07-11 13:56:56,520][    INFO] Iters: 0, Total loss: 0.033
[2024-07-11 13:57:00,067][    INFO] Iters: 15, Total loss: 0.029
[2024-07-11 13:57:03,751][    INFO] Iters: 30, Total loss: 0.029
[2024-07-11 13:57:07,487][    INFO] Iters: 45, Total loss: 0.029
[2024-07-11 13:57:11,285][    INFO] Iters: 60, Total loss: 0.029
[2024-07-11 13:57:15,071][    INFO] Iters: 75, Total loss: 0.028
[2024-07-11 13:57:19,037][    INFO] Iters: 90, Total loss: 0.028
[2024-07-11 13:57:22,979][    INFO] Iters: 105, Total loss: 0.028
[2024-07-11 13:57:26,915][    INFO] Iters: 120, Total loss: 0.028
[2024-07-11 13:57:32,284][    INFO] ***** Evaluation ***** >>>> Class [0 Right Ventricle] Dice: 83.16
[2024-07-11 13:57:32,284][    INFO] ***** Evaluation ***** >>>> Class [1 Myocardium] Dice: 78.65
[2024-07-11 13:57:32,284][    INFO] ***** Evaluation ***** >>>> Class [2 Left Ventricle] Dice: 80.21
[2024-07-11 13:57:32,284][    INFO] ***** Evaluation ***** >>>> MeanDice: 80.67

[2024-07-11 13:57:32,384][    INFO] ===========> Epoch: 13, LR: 0.00763, Previous best: 85.83
[2024-07-11 13:57:32,854][    INFO] Iters: 0, Total loss: 0.027
[2024-07-11 13:57:36,551][    INFO] Iters: 15, Total loss: 0.027
[2024-07-11 13:57:40,427][    INFO] Iters: 30, Total loss: 0.027
[2024-07-11 13:57:44,262][    INFO] Iters: 45, Total loss: 0.027
[2024-07-11 13:57:48,030][    INFO] Iters: 60, Total loss: 0.028
[2024-07-11 13:57:51,873][    INFO] Iters: 75, Total loss: 0.028
[2024-07-11 13:57:55,522][    INFO] Iters: 90, Total loss: 0.028
[2024-07-11 13:57:59,242][    INFO] Iters: 105, Total loss: 0.028
[2024-07-11 13:58:03,053][    INFO] Iters: 120, Total loss: 0.028
[2024-07-11 13:58:08,057][    INFO] ***** Evaluation ***** >>>> Class [0 Right Ventricle] Dice: 83.30
[2024-07-11 13:58:08,057][    INFO] ***** Evaluation ***** >>>> Class [1 Myocardium] Dice: 81.07
[2024-07-11 13:58:08,057][    INFO] ***** Evaluation ***** >>>> Class [2 Left Ventricle] Dice: 85.07
[2024-07-11 13:58:08,058][    INFO] ***** Evaluation ***** >>>> MeanDice: 83.15

[2024-07-11 13:58:08,152][    INFO] ===========> Epoch: 14, LR: 0.00744, Previous best: 85.83
[2024-07-11 13:58:08,802][    INFO] Iters: 0, Total loss: 0.030
[2024-07-11 13:58:12,264][    INFO] Iters: 15, Total loss: 0.025
[2024-07-11 13:58:15,972][    INFO] Iters: 30, Total loss: 0.025
[2024-07-11 13:58:19,803][    INFO] Iters: 45, Total loss: 0.026
[2024-07-11 13:58:23,584][    INFO] Iters: 60, Total loss: 0.026
[2024-07-11 13:58:27,282][    INFO] Iters: 75, Total loss: 0.027
[2024-07-11 13:58:31,009][    INFO] Iters: 90, Total loss: 0.027
[2024-07-11 13:58:34,798][    INFO] Iters: 105, Total loss: 0.027
[2024-07-11 13:58:38,494][    INFO] Iters: 120, Total loss: 0.026
[2024-07-11 13:58:44,111][    INFO] ***** Evaluation ***** >>>> Class [0 Right Ventricle] Dice: 87.32
[2024-07-11 13:58:44,111][    INFO] ***** Evaluation ***** >>>> Class [1 Myocardium] Dice: 84.25
[2024-07-11 13:58:44,111][    INFO] ***** Evaluation ***** >>>> Class [2 Left Ventricle] Dice: 89.34
[2024-07-11 13:58:44,111][    INFO] ***** Evaluation ***** >>>> MeanDice: 86.97

[2024-07-11 13:58:44,287][    INFO] ===========> Epoch: 15, LR: 0.00726, Previous best: 86.97
[2024-07-11 13:58:45,030][    INFO] Iters: 0, Total loss: 0.021
[2024-07-11 13:58:48,865][    INFO] Iters: 15, Total loss: 0.024
[2024-07-11 13:58:52,817][    INFO] Iters: 30, Total loss: 0.025
[2024-07-11 13:58:56,585][    INFO] Iters: 45, Total loss: 0.026
[2024-07-11 13:59:00,242][    INFO] Iters: 60, Total loss: 0.026
[2024-07-11 13:59:03,852][    INFO] Iters: 75, Total loss: 0.026
[2024-07-11 13:59:07,604][    INFO] Iters: 90, Total loss: 0.026
[2024-07-11 13:59:11,305][    INFO] Iters: 105, Total loss: 0.027
[2024-07-11 13:59:15,117][    INFO] Iters: 120, Total loss: 0.026
[2024-07-11 13:59:20,621][    INFO] ***** Evaluation ***** >>>> Class [0 Right Ventricle] Dice: 86.06
[2024-07-11 13:59:20,621][    INFO] ***** Evaluation ***** >>>> Class [1 Myocardium] Dice: 83.37
[2024-07-11 13:59:20,621][    INFO] ***** Evaluation ***** >>>> Class [2 Left Ventricle] Dice: 87.13
[2024-07-11 13:59:20,621][    INFO] ***** Evaluation ***** >>>> MeanDice: 85.52

[2024-07-11 13:59:20,681][    INFO] ===========> Epoch: 16, LR: 0.00707, Previous best: 86.97
[2024-07-11 13:59:21,417][    INFO] Iters: 0, Total loss: 0.026
[2024-07-11 13:59:24,972][    INFO] Iters: 15, Total loss: 0.026
[2024-07-11 13:59:28,592][    INFO] Iters: 30, Total loss: 0.027
[2024-07-11 13:59:32,300][    INFO] Iters: 45, Total loss: 0.027
[2024-07-11 13:59:35,991][    INFO] Iters: 60, Total loss: 0.027
[2024-07-11 13:59:39,665][    INFO] Iters: 75, Total loss: 0.026
[2024-07-11 13:59:43,337][    INFO] Iters: 90, Total loss: 0.026
[2024-07-11 13:59:47,042][    INFO] Iters: 105, Total loss: 0.026
[2024-07-11 13:59:50,743][    INFO] Iters: 120, Total loss: 0.026
[2024-07-11 13:59:56,080][    INFO] ***** Evaluation ***** >>>> Class [0 Right Ventricle] Dice: 85.67
[2024-07-11 13:59:56,080][    INFO] ***** Evaluation ***** >>>> Class [1 Myocardium] Dice: 84.41
[2024-07-11 13:59:56,080][    INFO] ***** Evaluation ***** >>>> Class [2 Left Ventricle] Dice: 90.15
[2024-07-11 13:59:56,080][    INFO] ***** Evaluation ***** >>>> MeanDice: 86.75

[2024-07-11 13:59:56,170][    INFO] ===========> Epoch: 17, LR: 0.00688, Previous best: 86.97
[2024-07-11 13:59:56,726][    INFO] Iters: 0, Total loss: 0.027
[2024-07-11 14:00:00,488][    INFO] Iters: 15, Total loss: 0.025
[2024-07-11 14:00:04,417][    INFO] Iters: 30, Total loss: 0.025
[2024-07-11 14:00:08,388][    INFO] Iters: 45, Total loss: 0.025
[2024-07-11 14:00:12,094][    INFO] Iters: 60, Total loss: 0.025
[2024-07-11 14:00:15,846][    INFO] Iters: 75, Total loss: 0.025
[2024-07-11 14:00:19,605][    INFO] Iters: 90, Total loss: 0.025
[2024-07-11 14:00:23,425][    INFO] Iters: 105, Total loss: 0.025
[2024-07-11 14:00:27,225][    INFO] Iters: 120, Total loss: 0.025
[2024-07-11 14:00:32,315][    INFO] ***** Evaluation ***** >>>> Class [0 Right Ventricle] Dice: 87.54
[2024-07-11 14:00:32,316][    INFO] ***** Evaluation ***** >>>> Class [1 Myocardium] Dice: 84.08
[2024-07-11 14:00:32,316][    INFO] ***** Evaluation ***** >>>> Class [2 Left Ventricle] Dice: 90.23
[2024-07-11 14:00:32,316][    INFO] ***** Evaluation ***** >>>> MeanDice: 87.28

[2024-07-11 14:00:32,474][    INFO] ===========> Epoch: 18, LR: 0.00669, Previous best: 87.28
[2024-07-11 14:00:32,993][    INFO] Iters: 0, Total loss: 0.023
[2024-07-11 14:00:36,824][    INFO] Iters: 15, Total loss: 0.026
[2024-07-11 14:00:40,717][    INFO] Iters: 30, Total loss: 0.025
[2024-07-11 14:00:44,498][    INFO] Iters: 45, Total loss: 0.025
[2024-07-11 14:00:48,201][    INFO] Iters: 60, Total loss: 0.025
[2024-07-11 14:00:51,919][    INFO] Iters: 75, Total loss: 0.025
[2024-07-11 14:00:55,594][    INFO] Iters: 90, Total loss: 0.025
[2024-07-11 14:00:59,325][    INFO] Iters: 105, Total loss: 0.025
[2024-07-11 14:01:03,088][    INFO] Iters: 120, Total loss: 0.025
[2024-07-11 14:01:08,495][    INFO] ***** Evaluation ***** >>>> Class [0 Right Ventricle] Dice: 86.25
[2024-07-11 14:01:08,495][    INFO] ***** Evaluation ***** >>>> Class [1 Myocardium] Dice: 84.26
[2024-07-11 14:01:08,495][    INFO] ***** Evaluation ***** >>>> Class [2 Left Ventricle] Dice: 88.22
[2024-07-11 14:01:08,495][    INFO] ***** Evaluation ***** >>>> MeanDice: 86.24

[2024-07-11 14:01:08,587][    INFO] ===========> Epoch: 19, LR: 0.00651, Previous best: 87.28
[2024-07-11 14:01:09,113][    INFO] Iters: 0, Total loss: 0.028
[2024-07-11 14:01:12,789][    INFO] Iters: 15, Total loss: 0.026
[2024-07-11 14:01:16,728][    INFO] Iters: 30, Total loss: 0.026
[2024-07-11 14:01:20,572][    INFO] Iters: 45, Total loss: 0.025
[2024-07-11 14:01:24,420][    INFO] Iters: 60, Total loss: 0.024
[2024-07-11 14:01:28,133][    INFO] Iters: 75, Total loss: 0.024
[2024-07-11 14:01:31,879][    INFO] Iters: 90, Total loss: 0.024
[2024-07-11 14:01:35,664][    INFO] Iters: 105, Total loss: 0.024
[2024-07-11 14:01:39,436][    INFO] Iters: 120, Total loss: 0.024
[2024-07-11 14:01:44,692][    INFO] ***** Evaluation ***** >>>> Class [0 Right Ventricle] Dice: 88.76
[2024-07-11 14:01:44,692][    INFO] ***** Evaluation ***** >>>> Class [1 Myocardium] Dice: 85.38
[2024-07-11 14:01:44,693][    INFO] ***** Evaluation ***** >>>> Class [2 Left Ventricle] Dice: 90.06
[2024-07-11 14:01:44,693][    INFO] ***** Evaluation ***** >>>> MeanDice: 88.07

[2024-07-11 14:01:44,856][    INFO] ===========> Epoch: 20, LR: 0.00632, Previous best: 88.07
[2024-07-11 14:01:45,357][    INFO] Iters: 0, Total loss: 0.024
[2024-07-11 14:01:49,352][    INFO] Iters: 15, Total loss: 0.022
[2024-07-11 14:01:53,182][    INFO] Iters: 30, Total loss: 0.023
[2024-07-11 14:01:56,992][    INFO] Iters: 45, Total loss: 0.024
[2024-07-11 14:02:00,855][    INFO] Iters: 60, Total loss: 0.024
[2024-07-11 14:02:04,741][    INFO] Iters: 75, Total loss: 0.024
[2024-07-11 14:02:08,571][    INFO] Iters: 90, Total loss: 0.024
[2024-07-11 14:02:12,388][    INFO] Iters: 105, Total loss: 0.024
[2024-07-11 14:02:16,216][    INFO] Iters: 120, Total loss: 0.024
[2024-07-11 14:02:21,694][    INFO] ***** Evaluation ***** >>>> Class [0 Right Ventricle] Dice: 88.37
[2024-07-11 14:02:21,695][    INFO] ***** Evaluation ***** >>>> Class [1 Myocardium] Dice: 85.28
[2024-07-11 14:02:21,695][    INFO] ***** Evaluation ***** >>>> Class [2 Left Ventricle] Dice: 87.87
[2024-07-11 14:02:21,695][    INFO] ***** Evaluation ***** >>>> MeanDice: 87.17

[2024-07-11 14:02:21,789][    INFO] ===========> Epoch: 21, LR: 0.00613, Previous best: 88.07
[2024-07-11 14:02:22,546][    INFO] Iters: 0, Total loss: 0.020
[2024-07-11 14:02:26,182][    INFO] Iters: 15, Total loss: 0.023
[2024-07-11 14:02:29,858][    INFO] Iters: 30, Total loss: 0.023
[2024-07-11 14:02:33,617][    INFO] Iters: 45, Total loss: 0.024
[2024-07-11 14:02:37,292][    INFO] Iters: 60, Total loss: 0.024
[2024-07-11 14:02:40,931][    INFO] Iters: 75, Total loss: 0.024
[2024-07-11 14:02:44,569][    INFO] Iters: 90, Total loss: 0.024
[2024-07-11 14:02:48,222][    INFO] Iters: 105, Total loss: 0.024
[2024-07-11 14:02:51,892][    INFO] Iters: 120, Total loss: 0.024
[2024-07-11 14:02:57,062][    INFO] ***** Evaluation ***** >>>> Class [0 Right Ventricle] Dice: 86.34
[2024-07-11 14:02:57,062][    INFO] ***** Evaluation ***** >>>> Class [1 Myocardium] Dice: 83.37
[2024-07-11 14:02:57,062][    INFO] ***** Evaluation ***** >>>> Class [2 Left Ventricle] Dice: 85.98
[2024-07-11 14:02:57,062][    INFO] ***** Evaluation ***** >>>> MeanDice: 85.23

[2024-07-11 14:02:57,118][    INFO] ===========> Epoch: 22, LR: 0.00594, Previous best: 88.07
[2024-07-11 14:02:57,619][    INFO] Iters: 0, Total loss: 0.027
[2024-07-11 14:03:01,334][    INFO] Iters: 15, Total loss: 0.023
[2024-07-11 14:03:05,045][    INFO] Iters: 30, Total loss: 0.023
[2024-07-11 14:03:08,796][    INFO] Iters: 45, Total loss: 0.023
[2024-07-11 14:03:12,492][    INFO] Iters: 60, Total loss: 0.023
[2024-07-11 14:03:16,294][    INFO] Iters: 75, Total loss: 0.024
[2024-07-11 14:03:19,987][    INFO] Iters: 90, Total loss: 0.024
[2024-07-11 14:03:23,647][    INFO] Iters: 105, Total loss: 0.024
[2024-07-11 14:03:27,312][    INFO] Iters: 120, Total loss: 0.024
[2024-07-11 14:03:32,662][    INFO] ***** Evaluation ***** >>>> Class [0 Right Ventricle] Dice: 88.15
[2024-07-11 14:03:32,662][    INFO] ***** Evaluation ***** >>>> Class [1 Myocardium] Dice: 86.58
[2024-07-11 14:03:32,662][    INFO] ***** Evaluation ***** >>>> Class [2 Left Ventricle] Dice: 91.52
[2024-07-11 14:03:32,662][    INFO] ***** Evaluation ***** >>>> MeanDice: 88.75

[2024-07-11 14:03:32,826][    INFO] ===========> Epoch: 23, LR: 0.00574, Previous best: 88.75
[2024-07-11 14:03:33,337][    INFO] Iters: 0, Total loss: 0.027
[2024-07-11 14:03:37,129][    INFO] Iters: 15, Total loss: 0.023
[2024-07-11 14:03:40,870][    INFO] Iters: 30, Total loss: 0.023
[2024-07-11 14:03:44,654][    INFO] Iters: 45, Total loss: 0.023
[2024-07-11 14:03:48,444][    INFO] Iters: 60, Total loss: 0.023
[2024-07-11 14:03:52,130][    INFO] Iters: 75, Total loss: 0.023
[2024-07-11 14:03:55,791][    INFO] Iters: 90, Total loss: 0.023
[2024-07-11 14:03:59,573][    INFO] Iters: 105, Total loss: 0.023
[2024-07-11 14:04:03,367][    INFO] Iters: 120, Total loss: 0.024
[2024-07-11 14:04:08,600][    INFO] ***** Evaluation ***** >>>> Class [0 Right Ventricle] Dice: 87.49
[2024-07-11 14:04:08,600][    INFO] ***** Evaluation ***** >>>> Class [1 Myocardium] Dice: 84.33
[2024-07-11 14:04:08,600][    INFO] ***** Evaluation ***** >>>> Class [2 Left Ventricle] Dice: 87.28
[2024-07-11 14:04:08,600][    INFO] ***** Evaluation ***** >>>> MeanDice: 86.37

[2024-07-11 14:04:08,688][    INFO] ===========> Epoch: 24, LR: 0.00555, Previous best: 88.75
[2024-07-11 14:04:09,172][    INFO] Iters: 0, Total loss: 0.023
[2024-07-11 14:04:12,938][    INFO] Iters: 15, Total loss: 0.022
[2024-07-11 14:04:16,768][    INFO] Iters: 30, Total loss: 0.023
[2024-07-11 14:04:20,586][    INFO] Iters: 45, Total loss: 0.023
[2024-07-11 14:04:24,343][    INFO] Iters: 60, Total loss: 0.023
[2024-07-11 14:04:28,095][    INFO] Iters: 75, Total loss: 0.023
[2024-07-11 14:04:31,847][    INFO] Iters: 90, Total loss: 0.023
[2024-07-11 14:04:35,717][    INFO] Iters: 105, Total loss: 0.023
[2024-07-11 14:04:39,472][    INFO] Iters: 120, Total loss: 0.023
[2024-07-11 14:04:44,703][    INFO] ***** Evaluation ***** >>>> Class [0 Right Ventricle] Dice: 87.83
[2024-07-11 14:04:44,704][    INFO] ***** Evaluation ***** >>>> Class [1 Myocardium] Dice: 85.37
[2024-07-11 14:04:44,704][    INFO] ***** Evaluation ***** >>>> Class [2 Left Ventricle] Dice: 88.68
[2024-07-11 14:04:44,704][    INFO] ***** Evaluation ***** >>>> MeanDice: 87.29

[2024-07-11 14:04:44,793][    INFO] ===========> Epoch: 25, LR: 0.00536, Previous best: 88.75
[2024-07-11 14:04:45,341][    INFO] Iters: 0, Total loss: 0.021
[2024-07-11 14:04:49,055][    INFO] Iters: 15, Total loss: 0.023
[2024-07-11 14:04:52,814][    INFO] Iters: 30, Total loss: 0.022
[2024-07-11 14:04:56,499][    INFO] Iters: 45, Total loss: 0.022
[2024-07-11 14:05:00,181][    INFO] Iters: 60, Total loss: 0.022
[2024-07-11 14:05:03,821][    INFO] Iters: 75, Total loss: 0.022
[2024-07-11 14:05:07,580][    INFO] Iters: 90, Total loss: 0.022
[2024-07-11 14:05:11,267][    INFO] Iters: 105, Total loss: 0.022
[2024-07-11 14:05:14,996][    INFO] Iters: 120, Total loss: 0.022
[2024-07-11 14:05:19,986][    INFO] ***** Evaluation ***** >>>> Class [0 Right Ventricle] Dice: 87.88
[2024-07-11 14:05:19,986][    INFO] ***** Evaluation ***** >>>> Class [1 Myocardium] Dice: 85.51
[2024-07-11 14:05:19,986][    INFO] ***** Evaluation ***** >>>> Class [2 Left Ventricle] Dice: 89.30
[2024-07-11 14:05:19,986][    INFO] ***** Evaluation ***** >>>> MeanDice: 87.56

[2024-07-11 14:05:20,075][    INFO] ===========> Epoch: 26, LR: 0.00517, Previous best: 88.75
[2024-07-11 14:05:20,667][    INFO] Iters: 0, Total loss: 0.025
[2024-07-11 14:05:24,750][    INFO] Iters: 15, Total loss: 0.021
[2024-07-11 14:05:28,456][    INFO] Iters: 30, Total loss: 0.022
[2024-07-11 14:05:32,259][    INFO] Iters: 45, Total loss: 0.022
[2024-07-11 14:05:36,055][    INFO] Iters: 60, Total loss: 0.022
[2024-07-11 14:05:39,902][    INFO] Iters: 75, Total loss: 0.022
[2024-07-11 14:05:43,735][    INFO] Iters: 90, Total loss: 0.022
[2024-07-11 14:05:47,717][    INFO] Iters: 105, Total loss: 0.022
[2024-07-11 14:05:51,607][    INFO] Iters: 120, Total loss: 0.022
[2024-07-11 14:05:56,939][    INFO] ***** Evaluation ***** >>>> Class [0 Right Ventricle] Dice: 85.21
[2024-07-11 14:05:56,939][    INFO] ***** Evaluation ***** >>>> Class [1 Myocardium] Dice: 81.45
[2024-07-11 14:05:56,939][    INFO] ***** Evaluation ***** >>>> Class [2 Left Ventricle] Dice: 82.97
[2024-07-11 14:05:56,939][    INFO] ***** Evaluation ***** >>>> MeanDice: 83.21

[2024-07-11 14:05:57,030][    INFO] ===========> Epoch: 27, LR: 0.00497, Previous best: 88.75
[2024-07-11 14:05:57,646][    INFO] Iters: 0, Total loss: 0.022
[2024-07-11 14:06:01,260][    INFO] Iters: 15, Total loss: 0.022
[2024-07-11 14:06:04,985][    INFO] Iters: 30, Total loss: 0.023
[2024-07-11 14:06:08,678][    INFO] Iters: 45, Total loss: 0.022
[2024-07-11 14:06:12,385][    INFO] Iters: 60, Total loss: 0.022
[2024-07-11 14:06:16,175][    INFO] Iters: 75, Total loss: 0.022
[2024-07-11 14:06:19,847][    INFO] Iters: 90, Total loss: 0.022
[2024-07-11 14:06:23,550][    INFO] Iters: 105, Total loss: 0.022
[2024-07-11 14:06:27,251][    INFO] Iters: 120, Total loss: 0.022
[2024-07-11 14:06:32,559][    INFO] ***** Evaluation ***** >>>> Class [0 Right Ventricle] Dice: 88.74
[2024-07-11 14:06:32,559][    INFO] ***** Evaluation ***** >>>> Class [1 Myocardium] Dice: 86.09
[2024-07-11 14:06:32,559][    INFO] ***** Evaluation ***** >>>> Class [2 Left Ventricle] Dice: 89.43
[2024-07-11 14:06:32,559][    INFO] ***** Evaluation ***** >>>> MeanDice: 88.08

[2024-07-11 14:06:32,646][    INFO] ===========> Epoch: 28, LR: 0.00478, Previous best: 88.75
[2024-07-11 14:06:33,144][    INFO] Iters: 0, Total loss: 0.020
[2024-07-11 14:06:37,177][    INFO] Iters: 15, Total loss: 0.022
[2024-07-11 14:06:41,014][    INFO] Iters: 30, Total loss: 0.022
[2024-07-11 14:06:44,705][    INFO] Iters: 45, Total loss: 0.022
[2024-07-11 14:06:48,381][    INFO] Iters: 60, Total loss: 0.022
[2024-07-11 14:06:52,156][    INFO] Iters: 75, Total loss: 0.022
[2024-07-11 14:06:55,839][    INFO] Iters: 90, Total loss: 0.022
[2024-07-11 14:06:59,508][    INFO] Iters: 105, Total loss: 0.022
[2024-07-11 14:07:03,284][    INFO] Iters: 120, Total loss: 0.022
[2024-07-11 14:07:08,622][    INFO] ***** Evaluation ***** >>>> Class [0 Right Ventricle] Dice: 86.87
[2024-07-11 14:07:08,622][    INFO] ***** Evaluation ***** >>>> Class [1 Myocardium] Dice: 84.03
[2024-07-11 14:07:08,622][    INFO] ***** Evaluation ***** >>>> Class [2 Left Ventricle] Dice: 86.76
[2024-07-11 14:07:08,622][    INFO] ***** Evaluation ***** >>>> MeanDice: 85.88

[2024-07-11 14:07:08,712][    INFO] ===========> Epoch: 29, LR: 0.00458, Previous best: 88.75
[2024-07-11 14:07:09,239][    INFO] Iters: 0, Total loss: 0.019
[2024-07-11 14:07:12,829][    INFO] Iters: 15, Total loss: 0.022
[2024-07-11 14:07:16,580][    INFO] Iters: 30, Total loss: 0.021
[2024-07-11 14:07:20,324][    INFO] Iters: 45, Total loss: 0.022
[2024-07-11 14:07:23,998][    INFO] Iters: 60, Total loss: 0.021
[2024-07-11 14:07:27,771][    INFO] Iters: 75, Total loss: 0.022
[2024-07-11 14:07:31,435][    INFO] Iters: 90, Total loss: 0.022
[2024-07-11 14:07:35,067][    INFO] Iters: 105, Total loss: 0.022
[2024-07-11 14:07:38,627][    INFO] Iters: 120, Total loss: 0.022
[2024-07-11 14:07:43,868][    INFO] ***** Evaluation ***** >>>> Class [0 Right Ventricle] Dice: 87.35
[2024-07-11 14:07:43,868][    INFO] ***** Evaluation ***** >>>> Class [1 Myocardium] Dice: 83.76
[2024-07-11 14:07:43,869][    INFO] ***** Evaluation ***** >>>> Class [2 Left Ventricle] Dice: 86.21
[2024-07-11 14:07:43,869][    INFO] ***** Evaluation ***** >>>> MeanDice: 85.77

[2024-07-11 14:07:43,923][    INFO] ===========> Epoch: 30, LR: 0.00439, Previous best: 88.75
[2024-07-11 14:07:44,517][    INFO] Iters: 0, Total loss: 0.021
[2024-07-11 14:07:48,153][    INFO] Iters: 15, Total loss: 0.021
[2024-07-11 14:07:51,896][    INFO] Iters: 30, Total loss: 0.021
[2024-07-11 14:07:55,654][    INFO] Iters: 45, Total loss: 0.021
[2024-07-11 14:07:59,346][    INFO] Iters: 60, Total loss: 0.021
[2024-07-11 14:08:02,917][    INFO] Iters: 75, Total loss: 0.021
[2024-07-11 14:08:06,697][    INFO] Iters: 90, Total loss: 0.021
[2024-07-11 14:08:10,368][    INFO] Iters: 105, Total loss: 0.021
[2024-07-11 14:08:14,063][    INFO] Iters: 120, Total loss: 0.021
[2024-07-11 14:08:19,330][    INFO] ***** Evaluation ***** >>>> Class [0 Right Ventricle] Dice: 90.20
[2024-07-11 14:08:19,331][    INFO] ***** Evaluation ***** >>>> Class [1 Myocardium] Dice: 87.74
[2024-07-11 14:08:19,331][    INFO] ***** Evaluation ***** >>>> Class [2 Left Ventricle] Dice: 92.86
[2024-07-11 14:08:19,331][    INFO] ***** Evaluation ***** >>>> MeanDice: 90.26

[2024-07-11 14:08:19,454][    INFO] ===========> Epoch: 31, LR: 0.00419, Previous best: 90.26
[2024-07-11 14:08:20,004][    INFO] Iters: 0, Total loss: 0.023
[2024-07-11 14:08:23,594][    INFO] Iters: 15, Total loss: 0.022
[2024-07-11 14:08:27,325][    INFO] Iters: 30, Total loss: 0.022
[2024-07-11 14:08:31,179][    INFO] Iters: 45, Total loss: 0.021
[2024-07-11 14:08:34,854][    INFO] Iters: 60, Total loss: 0.021
[2024-07-11 14:08:38,628][    INFO] Iters: 75, Total loss: 0.021
[2024-07-11 14:08:42,373][    INFO] Iters: 90, Total loss: 0.021
[2024-07-11 14:08:46,041][    INFO] Iters: 105, Total loss: 0.021
[2024-07-11 14:08:49,749][    INFO] Iters: 120, Total loss: 0.021
[2024-07-11 14:08:55,029][    INFO] ***** Evaluation ***** >>>> Class [0 Right Ventricle] Dice: 88.67
[2024-07-11 14:08:55,029][    INFO] ***** Evaluation ***** >>>> Class [1 Myocardium] Dice: 85.92
[2024-07-11 14:08:55,029][    INFO] ***** Evaluation ***** >>>> Class [2 Left Ventricle] Dice: 89.04
[2024-07-11 14:08:55,029][    INFO] ***** Evaluation ***** >>>> MeanDice: 87.88

[2024-07-11 14:08:55,118][    INFO] ===========> Epoch: 32, LR: 0.00399, Previous best: 90.26
[2024-07-11 14:08:55,777][    INFO] Iters: 0, Total loss: 0.022
[2024-07-11 14:08:59,472][    INFO] Iters: 15, Total loss: 0.022
[2024-07-11 14:09:03,452][    INFO] Iters: 30, Total loss: 0.022
[2024-07-11 14:09:07,379][    INFO] Iters: 45, Total loss: 0.021
[2024-07-11 14:09:11,149][    INFO] Iters: 60, Total loss: 0.021
[2024-07-11 14:09:14,826][    INFO] Iters: 75, Total loss: 0.021
[2024-07-11 14:09:18,672][    INFO] Iters: 90, Total loss: 0.021
[2024-07-11 14:09:22,394][    INFO] Iters: 105, Total loss: 0.021
[2024-07-11 14:09:26,160][    INFO] Iters: 120, Total loss: 0.021
[2024-07-11 14:09:31,673][    INFO] ***** Evaluation ***** >>>> Class [0 Right Ventricle] Dice: 89.05
[2024-07-11 14:09:31,673][    INFO] ***** Evaluation ***** >>>> Class [1 Myocardium] Dice: 86.49
[2024-07-11 14:09:31,673][    INFO] ***** Evaluation ***** >>>> Class [2 Left Ventricle] Dice: 90.95
[2024-07-11 14:09:31,673][    INFO] ***** Evaluation ***** >>>> MeanDice: 88.83

[2024-07-11 14:09:31,764][    INFO] ===========> Epoch: 33, LR: 0.00379, Previous best: 90.26
[2024-07-11 14:09:32,407][    INFO] Iters: 0, Total loss: 0.022
[2024-07-11 14:09:35,960][    INFO] Iters: 15, Total loss: 0.021
[2024-07-11 14:09:39,632][    INFO] Iters: 30, Total loss: 0.021
[2024-07-11 14:09:43,348][    INFO] Iters: 45, Total loss: 0.021
[2024-07-11 14:09:47,056][    INFO] Iters: 60, Total loss: 0.021
[2024-07-11 14:09:50,673][    INFO] Iters: 75, Total loss: 0.021
[2024-07-11 14:09:54,343][    INFO] Iters: 90, Total loss: 0.021
[2024-07-11 14:09:58,008][    INFO] Iters: 105, Total loss: 0.021
[2024-07-11 14:10:01,702][    INFO] Iters: 120, Total loss: 0.021
[2024-07-11 14:10:07,116][    INFO] ***** Evaluation ***** >>>> Class [0 Right Ventricle] Dice: 89.69
[2024-07-11 14:10:07,117][    INFO] ***** Evaluation ***** >>>> Class [1 Myocardium] Dice: 85.99
[2024-07-11 14:10:07,117][    INFO] ***** Evaluation ***** >>>> Class [2 Left Ventricle] Dice: 89.85
[2024-07-11 14:10:07,117][    INFO] ***** Evaluation ***** >>>> MeanDice: 88.51

[2024-07-11 14:10:07,214][    INFO] ===========> Epoch: 34, LR: 0.00359, Previous best: 90.26
[2024-07-11 14:10:07,689][    INFO] Iters: 0, Total loss: 0.022
[2024-07-11 14:10:11,613][    INFO] Iters: 15, Total loss: 0.022
[2024-07-11 14:10:15,314][    INFO] Iters: 30, Total loss: 0.021
[2024-07-11 14:10:19,107][    INFO] Iters: 45, Total loss: 0.021
[2024-07-11 14:10:22,825][    INFO] Iters: 60, Total loss: 0.021
[2024-07-11 14:10:26,535][    INFO] Iters: 75, Total loss: 0.022
[2024-07-11 14:10:30,271][    INFO] Iters: 90, Total loss: 0.022
[2024-07-11 14:10:33,977][    INFO] Iters: 105, Total loss: 0.021
[2024-07-11 14:10:37,670][    INFO] Iters: 120, Total loss: 0.021
[2024-07-11 14:10:43,362][    INFO] ***** Evaluation ***** >>>> Class [0 Right Ventricle] Dice: 89.49
[2024-07-11 14:10:43,362][    INFO] ***** Evaluation ***** >>>> Class [1 Myocardium] Dice: 86.95
[2024-07-11 14:10:43,362][    INFO] ***** Evaluation ***** >>>> Class [2 Left Ventricle] Dice: 91.60
[2024-07-11 14:10:43,362][    INFO] ***** Evaluation ***** >>>> MeanDice: 89.35

[2024-07-11 14:10:43,453][    INFO] ===========> Epoch: 35, LR: 0.00339, Previous best: 90.26
[2024-07-11 14:10:44,095][    INFO] Iters: 0, Total loss: 0.019
[2024-07-11 14:10:47,761][    INFO] Iters: 15, Total loss: 0.020
[2024-07-11 14:10:51,844][    INFO] Iters: 30, Total loss: 0.021
[2024-07-11 14:10:55,924][    INFO] Iters: 45, Total loss: 0.020
[2024-07-11 14:10:59,699][    INFO] Iters: 60, Total loss: 0.021
[2024-07-11 14:11:03,693][    INFO] Iters: 75, Total loss: 0.021
[2024-07-11 14:11:07,639][    INFO] Iters: 90, Total loss: 0.021
[2024-07-11 14:11:11,522][    INFO] Iters: 105, Total loss: 0.021
[2024-07-11 14:11:15,532][    INFO] Iters: 120, Total loss: 0.021
[2024-07-11 14:11:20,615][    INFO] ***** Evaluation ***** >>>> Class [0 Right Ventricle] Dice: 89.52
[2024-07-11 14:11:20,615][    INFO] ***** Evaluation ***** >>>> Class [1 Myocardium] Dice: 86.39
[2024-07-11 14:11:20,615][    INFO] ***** Evaluation ***** >>>> Class [2 Left Ventricle] Dice: 91.07
[2024-07-11 14:11:20,615][    INFO] ***** Evaluation ***** >>>> MeanDice: 88.99

[2024-07-11 14:11:20,712][    INFO] ===========> Epoch: 36, LR: 0.00318, Previous best: 90.26
[2024-07-11 14:11:21,163][    INFO] Iters: 0, Total loss: 0.020
[2024-07-11 14:11:25,302][    INFO] Iters: 15, Total loss: 0.022
[2024-07-11 14:11:29,171][    INFO] Iters: 30, Total loss: 0.021
[2024-07-11 14:11:33,028][    INFO] Iters: 45, Total loss: 0.020
[2024-07-11 14:11:36,886][    INFO] Iters: 60, Total loss: 0.021
[2024-07-11 14:11:40,783][    INFO] Iters: 75, Total loss: 0.021
[2024-07-11 14:11:44,654][    INFO] Iters: 90, Total loss: 0.021
[2024-07-11 14:11:48,476][    INFO] Iters: 105, Total loss: 0.021
[2024-07-11 14:11:52,345][    INFO] Iters: 120, Total loss: 0.021
[2024-07-11 14:11:57,945][    INFO] ***** Evaluation ***** >>>> Class [0 Right Ventricle] Dice: 88.18
[2024-07-11 14:11:57,945][    INFO] ***** Evaluation ***** >>>> Class [1 Myocardium] Dice: 85.68
[2024-07-11 14:11:57,945][    INFO] ***** Evaluation ***** >>>> Class [2 Left Ventricle] Dice: 90.42
[2024-07-11 14:11:57,945][    INFO] ***** Evaluation ***** >>>> MeanDice: 88.10

[2024-07-11 14:11:58,017][    INFO] ===========> Epoch: 37, LR: 0.00298, Previous best: 90.26
[2024-07-11 14:11:58,517][    INFO] Iters: 0, Total loss: 0.023
[2024-07-11 14:12:02,277][    INFO] Iters: 15, Total loss: 0.021
[2024-07-11 14:12:06,001][    INFO] Iters: 30, Total loss: 0.021
[2024-07-11 14:12:09,687][    INFO] Iters: 45, Total loss: 0.021
[2024-07-11 14:12:13,377][    INFO] Iters: 60, Total loss: 0.021
[2024-07-11 14:12:17,074][    INFO] Iters: 75, Total loss: 0.021
[2024-07-11 14:12:20,783][    INFO] Iters: 90, Total loss: 0.021
[2024-07-11 14:12:24,450][    INFO] Iters: 105, Total loss: 0.021
[2024-07-11 14:12:28,060][    INFO] Iters: 120, Total loss: 0.021
[2024-07-11 14:12:33,261][    INFO] ***** Evaluation ***** >>>> Class [0 Right Ventricle] Dice: 88.47
[2024-07-11 14:12:33,261][    INFO] ***** Evaluation ***** >>>> Class [1 Myocardium] Dice: 85.07
[2024-07-11 14:12:33,262][    INFO] ***** Evaluation ***** >>>> Class [2 Left Ventricle] Dice: 88.61
[2024-07-11 14:12:33,262][    INFO] ***** Evaluation ***** >>>> MeanDice: 87.38

[2024-07-11 14:12:33,350][    INFO] ===========> Epoch: 38, LR: 0.00277, Previous best: 90.26
[2024-07-11 14:12:34,032][    INFO] Iters: 0, Total loss: 0.017
[2024-07-11 14:12:37,582][    INFO] Iters: 15, Total loss: 0.021
[2024-07-11 14:12:41,371][    INFO] Iters: 30, Total loss: 0.020
[2024-07-11 14:12:45,042][    INFO] Iters: 45, Total loss: 0.021
[2024-07-11 14:12:48,686][    INFO] Iters: 60, Total loss: 0.021
[2024-07-11 14:12:52,292][    INFO] Iters: 75, Total loss: 0.021
[2024-07-11 14:12:55,961][    INFO] Iters: 90, Total loss: 0.021
[2024-07-11 14:12:59,603][    INFO] Iters: 105, Total loss: 0.021
[2024-07-11 14:13:03,385][    INFO] Iters: 120, Total loss: 0.021
[2024-07-11 14:13:08,677][    INFO] ***** Evaluation ***** >>>> Class [0 Right Ventricle] Dice: 88.96
[2024-07-11 14:13:08,678][    INFO] ***** Evaluation ***** >>>> Class [1 Myocardium] Dice: 87.03
[2024-07-11 14:13:08,678][    INFO] ***** Evaluation ***** >>>> Class [2 Left Ventricle] Dice: 90.92
[2024-07-11 14:13:08,678][    INFO] ***** Evaluation ***** >>>> MeanDice: 88.97

[2024-07-11 14:13:08,774][    INFO] ===========> Epoch: 39, LR: 0.00256, Previous best: 90.26
[2024-07-11 14:13:09,370][    INFO] Iters: 0, Total loss: 0.017
[2024-07-11 14:13:13,157][    INFO] Iters: 15, Total loss: 0.021
[2024-07-11 14:13:17,092][    INFO] Iters: 30, Total loss: 0.021
[2024-07-11 14:13:20,987][    INFO] Iters: 45, Total loss: 0.021
[2024-07-11 14:13:24,916][    INFO] Iters: 60, Total loss: 0.021
[2024-07-11 14:13:28,759][    INFO] Iters: 75, Total loss: 0.021
[2024-07-11 14:13:32,526][    INFO] Iters: 90, Total loss: 0.021
[2024-07-11 14:13:36,295][    INFO] Iters: 105, Total loss: 0.021
[2024-07-11 14:13:40,153][    INFO] Iters: 120, Total loss: 0.021
[2024-07-11 14:13:45,668][    INFO] ***** Evaluation ***** >>>> Class [0 Right Ventricle] Dice: 89.13
[2024-07-11 14:13:45,669][    INFO] ***** Evaluation ***** >>>> Class [1 Myocardium] Dice: 86.86
[2024-07-11 14:13:45,669][    INFO] ***** Evaluation ***** >>>> Class [2 Left Ventricle] Dice: 91.71
[2024-07-11 14:13:45,669][    INFO] ***** Evaluation ***** >>>> MeanDice: 89.24

[2024-07-11 14:13:45,756][    INFO] ===========> Epoch: 40, LR: 0.00235, Previous best: 90.26
[2024-07-11 14:13:46,226][    INFO] Iters: 0, Total loss: 0.024
[2024-07-11 14:13:50,066][    INFO] Iters: 15, Total loss: 0.020
[2024-07-11 14:13:54,112][    INFO] Iters: 30, Total loss: 0.021
[2024-07-11 14:13:57,820][    INFO] Iters: 45, Total loss: 0.021
[2024-07-11 14:14:01,542][    INFO] Iters: 60, Total loss: 0.020
[2024-07-11 14:14:05,230][    INFO] Iters: 75, Total loss: 0.021
[2024-07-11 14:14:08,964][    INFO] Iters: 90, Total loss: 0.021
[2024-07-11 14:14:12,793][    INFO] Iters: 105, Total loss: 0.021
[2024-07-11 14:14:16,456][    INFO] Iters: 120, Total loss: 0.021
[2024-07-11 14:14:21,857][    INFO] ***** Evaluation ***** >>>> Class [0 Right Ventricle] Dice: 89.04
[2024-07-11 14:14:21,857][    INFO] ***** Evaluation ***** >>>> Class [1 Myocardium] Dice: 85.79
[2024-07-11 14:14:21,857][    INFO] ***** Evaluation ***** >>>> Class [2 Left Ventricle] Dice: 89.07
[2024-07-11 14:14:21,857][    INFO] ***** Evaluation ***** >>>> MeanDice: 87.97

[2024-07-11 14:14:21,946][    INFO] ===========> Epoch: 41, LR: 0.00214, Previous best: 90.26
[2024-07-11 14:14:22,545][    INFO] Iters: 0, Total loss: 0.018
[2024-07-11 14:14:26,375][    INFO] Iters: 15, Total loss: 0.019
[2024-07-11 14:14:30,357][    INFO] Iters: 30, Total loss: 0.019
[2024-07-11 14:14:34,209][    INFO] Iters: 45, Total loss: 0.020
[2024-07-11 14:14:38,211][    INFO] Iters: 60, Total loss: 0.020
[2024-07-11 14:14:41,988][    INFO] Iters: 75, Total loss: 0.020
[2024-07-11 14:14:45,758][    INFO] Iters: 90, Total loss: 0.020
[2024-07-11 14:14:49,521][    INFO] Iters: 105, Total loss: 0.020
[2024-07-11 14:14:53,237][    INFO] Iters: 120, Total loss: 0.020
[2024-07-11 14:14:58,765][    INFO] ***** Evaluation ***** >>>> Class [0 Right Ventricle] Dice: 89.32
[2024-07-11 14:14:58,766][    INFO] ***** Evaluation ***** >>>> Class [1 Myocardium] Dice: 86.31
[2024-07-11 14:14:58,766][    INFO] ***** Evaluation ***** >>>> Class [2 Left Ventricle] Dice: 90.32
[2024-07-11 14:14:58,766][    INFO] ***** Evaluation ***** >>>> MeanDice: 88.65

[2024-07-11 14:14:58,854][    INFO] ===========> Epoch: 42, LR: 0.00192, Previous best: 90.26
[2024-07-11 14:14:59,357][    INFO] Iters: 0, Total loss: 0.025
[2024-07-11 14:15:03,293][    INFO] Iters: 15, Total loss: 0.020
[2024-07-11 14:15:07,293][    INFO] Iters: 30, Total loss: 0.020
[2024-07-11 14:15:11,078][    INFO] Iters: 45, Total loss: 0.020
[2024-07-11 14:15:14,764][    INFO] Iters: 60, Total loss: 0.020
[2024-07-11 14:15:18,454][    INFO] Iters: 75, Total loss: 0.020
[2024-07-11 14:15:22,145][    INFO] Iters: 90, Total loss: 0.020
[2024-07-11 14:15:25,894][    INFO] Iters: 105, Total loss: 0.020
[2024-07-11 14:15:29,547][    INFO] Iters: 120, Total loss: 0.020
[2024-07-11 14:15:34,901][    INFO] ***** Evaluation ***** >>>> Class [0 Right Ventricle] Dice: 88.93
[2024-07-11 14:15:34,901][    INFO] ***** Evaluation ***** >>>> Class [1 Myocardium] Dice: 87.04
[2024-07-11 14:15:34,902][    INFO] ***** Evaluation ***** >>>> Class [2 Left Ventricle] Dice: 91.20
[2024-07-11 14:15:34,902][    INFO] ***** Evaluation ***** >>>> MeanDice: 89.06

[2024-07-11 14:15:34,994][    INFO] ===========> Epoch: 43, LR: 0.00171, Previous best: 90.26
[2024-07-11 14:15:35,703][    INFO] Iters: 0, Total loss: 0.020
[2024-07-11 14:15:39,509][    INFO] Iters: 15, Total loss: 0.021
[2024-07-11 14:15:43,552][    INFO] Iters: 30, Total loss: 0.020
[2024-07-11 14:15:47,509][    INFO] Iters: 45, Total loss: 0.020
[2024-07-11 14:15:51,505][    INFO] Iters: 60, Total loss: 0.020
[2024-07-11 14:15:55,442][    INFO] Iters: 75, Total loss: 0.020
[2024-07-11 14:15:59,420][    INFO] Iters: 90, Total loss: 0.020
[2024-07-11 14:16:03,249][    INFO] Iters: 105, Total loss: 0.020
[2024-07-11 14:16:07,333][    INFO] Iters: 120, Total loss: 0.020
[2024-07-11 14:16:12,706][    INFO] ***** Evaluation ***** >>>> Class [0 Right Ventricle] Dice: 88.76
[2024-07-11 14:16:12,706][    INFO] ***** Evaluation ***** >>>> Class [1 Myocardium] Dice: 86.37
[2024-07-11 14:16:12,706][    INFO] ***** Evaluation ***** >>>> Class [2 Left Ventricle] Dice: 90.49
[2024-07-11 14:16:12,706][    INFO] ***** Evaluation ***** >>>> MeanDice: 88.54

[2024-07-11 14:16:12,764][    INFO] ===========> Epoch: 44, LR: 0.00149, Previous best: 90.26
[2024-07-11 14:16:13,347][    INFO] Iters: 0, Total loss: 0.021
[2024-07-11 14:16:17,189][    INFO] Iters: 15, Total loss: 0.020
[2024-07-11 14:16:21,012][    INFO] Iters: 30, Total loss: 0.020
[2024-07-11 14:16:24,867][    INFO] Iters: 45, Total loss: 0.020
[2024-07-11 14:16:28,591][    INFO] Iters: 60, Total loss: 0.020
[2024-07-11 14:16:32,325][    INFO] Iters: 75, Total loss: 0.020
[2024-07-11 14:16:35,985][    INFO] Iters: 90, Total loss: 0.020
[2024-07-11 14:16:39,733][    INFO] Iters: 105, Total loss: 0.020
[2024-07-11 14:16:43,530][    INFO] Iters: 120, Total loss: 0.020
[2024-07-11 14:16:48,960][    INFO] ***** Evaluation ***** >>>> Class [0 Right Ventricle] Dice: 88.81
[2024-07-11 14:16:48,960][    INFO] ***** Evaluation ***** >>>> Class [1 Myocardium] Dice: 86.14
[2024-07-11 14:16:48,960][    INFO] ***** Evaluation ***** >>>> Class [2 Left Ventricle] Dice: 89.26
[2024-07-11 14:16:48,960][    INFO] ***** Evaluation ***** >>>> MeanDice: 88.07

[2024-07-11 14:16:49,049][    INFO] ===========> Epoch: 45, LR: 0.00126, Previous best: 90.26
[2024-07-11 14:16:49,513][    INFO] Iters: 0, Total loss: 0.024
[2024-07-11 14:16:53,297][    INFO] Iters: 15, Total loss: 0.020
[2024-07-11 14:16:57,140][    INFO] Iters: 30, Total loss: 0.020
[2024-07-11 14:17:00,879][    INFO] Iters: 45, Total loss: 0.020
[2024-07-11 14:17:04,574][    INFO] Iters: 60, Total loss: 0.020
[2024-07-11 14:17:08,280][    INFO] Iters: 75, Total loss: 0.020
[2024-07-11 14:17:11,992][    INFO] Iters: 90, Total loss: 0.020
[2024-07-11 14:17:15,661][    INFO] Iters: 105, Total loss: 0.020
[2024-07-11 14:17:19,369][    INFO] Iters: 120, Total loss: 0.020
[2024-07-11 14:17:24,766][    INFO] ***** Evaluation ***** >>>> Class [0 Right Ventricle] Dice: 88.66
[2024-07-11 14:17:24,766][    INFO] ***** Evaluation ***** >>>> Class [1 Myocardium] Dice: 85.37
[2024-07-11 14:17:24,766][    INFO] ***** Evaluation ***** >>>> Class [2 Left Ventricle] Dice: 88.37
[2024-07-11 14:17:24,766][    INFO] ***** Evaluation ***** >>>> MeanDice: 87.47

[2024-07-11 14:17:24,856][    INFO] ===========> Epoch: 46, LR: 0.00103, Previous best: 90.26
[2024-07-11 14:17:25,624][    INFO] Iters: 0, Total loss: 0.025
[2024-07-11 14:17:29,316][    INFO] Iters: 15, Total loss: 0.021
[2024-07-11 14:17:33,245][    INFO] Iters: 30, Total loss: 0.021
[2024-07-11 14:17:37,046][    INFO] Iters: 45, Total loss: 0.020
[2024-07-11 14:17:40,748][    INFO] Iters: 60, Total loss: 0.020
[2024-07-11 14:17:44,509][    INFO] Iters: 75, Total loss: 0.020
[2024-07-11 14:17:48,176][    INFO] Iters: 90, Total loss: 0.020
[2024-07-11 14:17:51,871][    INFO] Iters: 105, Total loss: 0.020
[2024-07-11 14:17:55,604][    INFO] Iters: 120, Total loss: 0.020
[2024-07-11 14:18:00,944][    INFO] ***** Evaluation ***** >>>> Class [0 Right Ventricle] Dice: 89.61
[2024-07-11 14:18:00,944][    INFO] ***** Evaluation ***** >>>> Class [1 Myocardium] Dice: 87.05
[2024-07-11 14:18:00,944][    INFO] ***** Evaluation ***** >>>> Class [2 Left Ventricle] Dice: 90.92
[2024-07-11 14:18:00,944][    INFO] ***** Evaluation ***** >>>> MeanDice: 89.20

[2024-07-11 14:18:01,034][    INFO] ===========> Epoch: 47, LR: 0.00080, Previous best: 90.26
[2024-07-11 14:18:01,584][    INFO] Iters: 0, Total loss: 0.025
[2024-07-11 14:18:05,239][    INFO] Iters: 15, Total loss: 0.021
[2024-07-11 14:18:09,179][    INFO] Iters: 30, Total loss: 0.021
[2024-07-11 14:18:12,946][    INFO] Iters: 45, Total loss: 0.020
[2024-07-11 14:18:16,682][    INFO] Iters: 60, Total loss: 0.020
[2024-07-11 14:18:20,493][    INFO] Iters: 75, Total loss: 0.020
[2024-07-11 14:18:24,300][    INFO] Iters: 90, Total loss: 0.020
[2024-07-11 14:18:28,237][    INFO] Iters: 105, Total loss: 0.020
[2024-07-11 14:18:32,121][    INFO] Iters: 120, Total loss: 0.020
[2024-07-11 14:18:37,399][    INFO] ***** Evaluation ***** >>>> Class [0 Right Ventricle] Dice: 89.09
[2024-07-11 14:18:37,399][    INFO] ***** Evaluation ***** >>>> Class [1 Myocardium] Dice: 86.39
[2024-07-11 14:18:37,399][    INFO] ***** Evaluation ***** >>>> Class [2 Left Ventricle] Dice: 90.27
[2024-07-11 14:18:37,399][    INFO] ***** Evaluation ***** >>>> MeanDice: 88.58

[2024-07-11 14:18:37,491][    INFO] ===========> Epoch: 48, LR: 0.00055, Previous best: 90.26
[2024-07-11 14:18:37,984][    INFO] Iters: 0, Total loss: 0.022
[2024-07-11 14:18:41,814][    INFO] Iters: 15, Total loss: 0.019
[2024-07-11 14:18:45,671][    INFO] Iters: 30, Total loss: 0.020
[2024-07-11 14:18:49,538][    INFO] Iters: 45, Total loss: 0.020
[2024-07-11 14:18:53,371][    INFO] Iters: 60, Total loss: 0.020
[2024-07-11 14:18:57,354][    INFO] Iters: 75, Total loss: 0.019
[2024-07-11 14:19:01,126][    INFO] Iters: 90, Total loss: 0.020
[2024-07-11 14:19:05,044][    INFO] Iters: 105, Total loss: 0.020
[2024-07-11 14:19:08,848][    INFO] Iters: 120, Total loss: 0.020
[2024-07-11 14:19:14,274][    INFO] ***** Evaluation ***** >>>> Class [0 Right Ventricle] Dice: 89.64
[2024-07-11 14:19:14,274][    INFO] ***** Evaluation ***** >>>> Class [1 Myocardium] Dice: 86.92
[2024-07-11 14:19:14,275][    INFO] ***** Evaluation ***** >>>> Class [2 Left Ventricle] Dice: 90.91
[2024-07-11 14:19:14,275][    INFO] ***** Evaluation ***** >>>> MeanDice: 89.16

[2024-07-11 14:19:14,368][    INFO] ===========> Epoch: 49, LR: 0.00030, Previous best: 90.26
[2024-07-11 14:19:14,970][    INFO] Iters: 0, Total loss: 0.020
[2024-07-11 14:19:18,691][    INFO] Iters: 15, Total loss: 0.020
[2024-07-11 14:19:22,441][    INFO] Iters: 30, Total loss: 0.020
[2024-07-11 14:19:26,183][    INFO] Iters: 45, Total loss: 0.020
[2024-07-11 14:19:29,945][    INFO] Iters: 60, Total loss: 0.020
[2024-07-11 14:19:33,696][    INFO] Iters: 75, Total loss: 0.020
[2024-07-11 14:19:37,432][    INFO] Iters: 90, Total loss: 0.020
[2024-07-11 14:19:41,094][    INFO] Iters: 105, Total loss: 0.020
[2024-07-11 14:19:44,811][    INFO] Iters: 120, Total loss: 0.020
[2024-07-11 14:19:50,151][    INFO] ***** Evaluation ***** >>>> Class [0 Right Ventricle] Dice: 89.26
[2024-07-11 14:19:50,151][    INFO] ***** Evaluation ***** >>>> Class [1 Myocardium] Dice: 86.40
[2024-07-11 14:19:50,151][    INFO] ***** Evaluation ***** >>>> Class [2 Left Ventricle] Dice: 89.95
[2024-07-11 14:19:50,151][    INFO] ***** Evaluation ***** >>>> MeanDice: 88.53

