/var/lib/slurm-llnl/slurmd/job06192/slurm_script: line 12: module: command not found
/var/lib/slurm-llnl/slurmd/job06192/slurm_script: line 13: activate: No such file or directory

CondaError: Run 'conda init' before 'conda deactivate'


CondaError: Run 'conda init' before 'conda activate'

[2024-07-11 13:24:23,029][    INFO] {'batch_size': 12,
 'conf_thresh': 0.95,
 'crop_size': 256,
 'data_root': '/vol/aimspace/projects/ukbb/data/cardiac/cardiac_segmentations/subjects',
 'dataset': 'ukbb',
 'epochs': 50,
 'exp': '4',
 'local_rank': 0,
 'lr': 0.01,
 'mode': 'train',
 'nclass': 4,
 'nclass_classif': 3,
 'ngpus': 1,
 'num_workers': 1,
 'port': 8073,
 'seed': '73',
 'seg_model': 'unet',
 'split': 18,
 'task': 'seg_only_mid_slices',
 'visualize': False}

[2024-07-11 13:24:23,079][    INFO] Total params: 1.8M

[2024-07-11 13:24:24,687][    INFO] ===========> Epoch: 0, LR: 0.01000, Previous best: 0.00
[2024-07-11 13:24:28,778][    INFO] Iters: 0, Total loss: 1.089
[2024-07-11 13:24:41,338][    INFO] Iters: 15, Total loss: 0.642
[2024-07-11 13:24:50,814][    INFO] Iters: 30, Total loss: 0.525
[2024-07-11 13:24:56,453][    INFO] Iters: 45, Total loss: 0.475
[2024-07-11 13:25:00,697][    INFO] Iters: 60, Total loss: 0.441
[2024-07-11 13:25:04,346][    INFO] Iters: 75, Total loss: 0.411
[2024-07-11 13:25:08,224][    INFO] Iters: 90, Total loss: 0.382
[2024-07-11 13:25:11,888][    INFO] Iters: 105, Total loss: 0.357
[2024-07-11 13:25:15,431][    INFO] Iters: 120, Total loss: 0.335
[2024-07-11 13:25:22,029][    INFO] ***** Evaluation ***** >>>> Class [0 Right Ventricle] Dice: 7.88
[2024-07-11 13:25:22,029][    INFO] ***** Evaluation ***** >>>> Class [1 Myocardium] Dice: 18.65
[2024-07-11 13:25:22,029][    INFO] ***** Evaluation ***** >>>> Class [2 Left Ventricle] Dice: 12.41
[2024-07-11 13:25:22,030][    INFO] ***** Evaluation ***** >>>> MeanDice: 12.98

[2024-07-11 13:25:22,409][    INFO] ===========> Epoch: 1, LR: 0.00982, Previous best: 12.98
[2024-07-11 13:25:23,056][    INFO] Iters: 0, Total loss: 0.130
[2024-07-11 13:25:27,857][    INFO] Iters: 15, Total loss: 0.148
[2024-07-11 13:25:31,563][    INFO] Iters: 30, Total loss: 0.131
[2024-07-11 13:25:35,254][    INFO] Iters: 45, Total loss: 0.121
[2024-07-11 13:25:39,258][    INFO] Iters: 60, Total loss: 0.112
[2024-07-11 13:25:42,999][    INFO] Iters: 75, Total loss: 0.106
[2024-07-11 13:25:46,647][    INFO] Iters: 90, Total loss: 0.101
[2024-07-11 13:25:50,367][    INFO] Iters: 105, Total loss: 0.098
[2024-07-11 13:25:54,029][    INFO] Iters: 120, Total loss: 0.094
[2024-07-11 13:25:58,695][    INFO] ***** Evaluation ***** >>>> Class [0 Right Ventricle] Dice: 75.88
[2024-07-11 13:25:58,696][    INFO] ***** Evaluation ***** >>>> Class [1 Myocardium] Dice: 79.82
[2024-07-11 13:25:58,696][    INFO] ***** Evaluation ***** >>>> Class [2 Left Ventricle] Dice: 89.28
[2024-07-11 13:25:58,696][    INFO] ***** Evaluation ***** >>>> MeanDice: 81.66

[2024-07-11 13:25:59,085][    INFO] ===========> Epoch: 2, LR: 0.00964, Previous best: 81.66
[2024-07-11 13:25:59,799][    INFO] Iters: 0, Total loss: 0.072
[2024-07-11 13:26:04,296][    INFO] Iters: 15, Total loss: 0.062
[2024-07-11 13:26:08,127][    INFO] Iters: 30, Total loss: 0.063
[2024-07-11 13:26:11,678][    INFO] Iters: 45, Total loss: 0.061
[2024-07-11 13:26:15,288][    INFO] Iters: 60, Total loss: 0.060
[2024-07-11 13:26:18,867][    INFO] Iters: 75, Total loss: 0.059
[2024-07-11 13:26:22,421][    INFO] Iters: 90, Total loss: 0.058
[2024-07-11 13:26:26,069][    INFO] Iters: 105, Total loss: 0.057
[2024-07-11 13:26:29,651][    INFO] Iters: 120, Total loss: 0.057
[2024-07-11 13:26:34,461][    INFO] ***** Evaluation ***** >>>> Class [0 Right Ventricle] Dice: 81.80
[2024-07-11 13:26:34,462][    INFO] ***** Evaluation ***** >>>> Class [1 Myocardium] Dice: 82.55
[2024-07-11 13:26:34,462][    INFO] ***** Evaluation ***** >>>> Class [2 Left Ventricle] Dice: 92.13
[2024-07-11 13:26:34,462][    INFO] ***** Evaluation ***** >>>> MeanDice: 85.49

[2024-07-11 13:26:35,083][    INFO] ===========> Epoch: 3, LR: 0.00946, Previous best: 85.49
[2024-07-11 13:26:35,710][    INFO] Iters: 0, Total loss: 0.044
[2024-07-11 13:26:39,911][    INFO] Iters: 15, Total loss: 0.052
[2024-07-11 13:26:43,465][    INFO] Iters: 30, Total loss: 0.047
[2024-07-11 13:26:47,080][    INFO] Iters: 45, Total loss: 0.048
[2024-07-11 13:26:50,647][    INFO] Iters: 60, Total loss: 0.047
[2024-07-11 13:26:54,292][    INFO] Iters: 75, Total loss: 0.048
[2024-07-11 13:26:57,868][    INFO] Iters: 90, Total loss: 0.047
[2024-07-11 13:27:01,727][    INFO] Iters: 105, Total loss: 0.047
[2024-07-11 13:27:05,335][    INFO] Iters: 120, Total loss: 0.046
[2024-07-11 13:27:10,075][    INFO] ***** Evaluation ***** >>>> Class [0 Right Ventricle] Dice: 82.44
[2024-07-11 13:27:10,075][    INFO] ***** Evaluation ***** >>>> Class [1 Myocardium] Dice: 81.63
[2024-07-11 13:27:10,075][    INFO] ***** Evaluation ***** >>>> Class [2 Left Ventricle] Dice: 92.62
[2024-07-11 13:27:10,075][    INFO] ***** Evaluation ***** >>>> MeanDice: 85.56

[2024-07-11 13:27:10,466][    INFO] ===========> Epoch: 4, LR: 0.00928, Previous best: 85.56
[2024-07-11 13:27:11,065][    INFO] Iters: 0, Total loss: 0.033
[2024-07-11 13:27:15,238][    INFO] Iters: 15, Total loss: 0.040
[2024-07-11 13:27:19,385][    INFO] Iters: 30, Total loss: 0.041
[2024-07-11 13:27:23,060][    INFO] Iters: 45, Total loss: 0.042
[2024-07-11 13:27:26,732][    INFO] Iters: 60, Total loss: 0.042
[2024-07-11 13:27:30,344][    INFO] Iters: 75, Total loss: 0.042
[2024-07-11 13:27:34,128][    INFO] Iters: 90, Total loss: 0.041
[2024-07-11 13:27:37,816][    INFO] Iters: 105, Total loss: 0.042
[2024-07-11 13:27:41,456][    INFO] Iters: 120, Total loss: 0.041
[2024-07-11 13:27:46,095][    INFO] ***** Evaluation ***** >>>> Class [0 Right Ventricle] Dice: 83.38
[2024-07-11 13:27:46,095][    INFO] ***** Evaluation ***** >>>> Class [1 Myocardium] Dice: 84.69
[2024-07-11 13:27:46,095][    INFO] ***** Evaluation ***** >>>> Class [2 Left Ventricle] Dice: 93.08
[2024-07-11 13:27:46,095][    INFO] ***** Evaluation ***** >>>> MeanDice: 87.05

[2024-07-11 13:27:46,484][    INFO] ===========> Epoch: 5, LR: 0.00910, Previous best: 87.05
[2024-07-11 13:27:47,135][    INFO] Iters: 0, Total loss: 0.032
[2024-07-11 13:27:51,416][    INFO] Iters: 15, Total loss: 0.042
[2024-07-11 13:27:55,442][    INFO] Iters: 30, Total loss: 0.041
[2024-07-11 13:27:59,356][    INFO] Iters: 45, Total loss: 0.041
[2024-07-11 13:28:03,130][    INFO] Iters: 60, Total loss: 0.039
[2024-07-11 13:28:06,725][    INFO] Iters: 75, Total loss: 0.040
[2024-07-11 13:28:10,312][    INFO] Iters: 90, Total loss: 0.039
[2024-07-11 13:28:13,915][    INFO] Iters: 105, Total loss: 0.039
[2024-07-11 13:28:17,543][    INFO] Iters: 120, Total loss: 0.039
[2024-07-11 13:28:22,289][    INFO] ***** Evaluation ***** >>>> Class [0 Right Ventricle] Dice: 85.66
[2024-07-11 13:28:22,290][    INFO] ***** Evaluation ***** >>>> Class [1 Myocardium] Dice: 85.05
[2024-07-11 13:28:22,290][    INFO] ***** Evaluation ***** >>>> Class [2 Left Ventricle] Dice: 92.47
[2024-07-11 13:28:22,290][    INFO] ***** Evaluation ***** >>>> MeanDice: 87.73

[2024-07-11 13:28:22,675][    INFO] ===========> Epoch: 6, LR: 0.00891, Previous best: 87.73
[2024-07-11 13:28:23,331][    INFO] Iters: 0, Total loss: 0.032
[2024-07-11 13:28:27,429][    INFO] Iters: 15, Total loss: 0.037
[2024-07-11 13:28:31,610][    INFO] Iters: 30, Total loss: 0.037
[2024-07-11 13:28:35,370][    INFO] Iters: 45, Total loss: 0.038
[2024-07-11 13:28:39,329][    INFO] Iters: 60, Total loss: 0.038
[2024-07-11 13:28:43,052][    INFO] Iters: 75, Total loss: 0.037
[2024-07-11 13:28:46,750][    INFO] Iters: 90, Total loss: 0.037
[2024-07-11 13:28:50,366][    INFO] Iters: 105, Total loss: 0.036
[2024-07-11 13:28:53,976][    INFO] Iters: 120, Total loss: 0.036
[2024-07-11 13:28:58,726][    INFO] ***** Evaluation ***** >>>> Class [0 Right Ventricle] Dice: 86.22
[2024-07-11 13:28:58,726][    INFO] ***** Evaluation ***** >>>> Class [1 Myocardium] Dice: 86.30
[2024-07-11 13:28:58,726][    INFO] ***** Evaluation ***** >>>> Class [2 Left Ventricle] Dice: 94.91
[2024-07-11 13:28:58,726][    INFO] ***** Evaluation ***** >>>> MeanDice: 89.14

[2024-07-11 13:28:59,115][    INFO] ===========> Epoch: 7, LR: 0.00873, Previous best: 89.14
[2024-07-11 13:28:59,726][    INFO] Iters: 0, Total loss: 0.033
[2024-07-11 13:29:03,821][    INFO] Iters: 15, Total loss: 0.034
[2024-07-11 13:29:08,030][    INFO] Iters: 30, Total loss: 0.034
[2024-07-11 13:29:11,799][    INFO] Iters: 45, Total loss: 0.033
[2024-07-11 13:29:15,572][    INFO] Iters: 60, Total loss: 0.034
[2024-07-11 13:29:19,257][    INFO] Iters: 75, Total loss: 0.034
[2024-07-11 13:29:23,014][    INFO] Iters: 90, Total loss: 0.034
[2024-07-11 13:29:26,613][    INFO] Iters: 105, Total loss: 0.034
[2024-07-11 13:29:30,387][    INFO] Iters: 120, Total loss: 0.033
[2024-07-11 13:29:34,933][    INFO] ***** Evaluation ***** >>>> Class [0 Right Ventricle] Dice: 88.45
[2024-07-11 13:29:34,933][    INFO] ***** Evaluation ***** >>>> Class [1 Myocardium] Dice: 87.85
[2024-07-11 13:29:34,933][    INFO] ***** Evaluation ***** >>>> Class [2 Left Ventricle] Dice: 95.80
[2024-07-11 13:29:34,933][    INFO] ***** Evaluation ***** >>>> MeanDice: 90.70

[2024-07-11 13:29:35,331][    INFO] ===========> Epoch: 8, LR: 0.00855, Previous best: 90.70
[2024-07-11 13:29:36,020][    INFO] Iters: 0, Total loss: 0.035
[2024-07-11 13:29:40,013][    INFO] Iters: 15, Total loss: 0.031
[2024-07-11 13:29:44,420][    INFO] Iters: 30, Total loss: 0.031
[2024-07-11 13:29:48,219][    INFO] Iters: 45, Total loss: 0.031
[2024-07-11 13:29:52,118][    INFO] Iters: 60, Total loss: 0.032
[2024-07-11 13:29:55,985][    INFO] Iters: 75, Total loss: 0.032
[2024-07-11 13:29:59,700][    INFO] Iters: 90, Total loss: 0.032
[2024-07-11 13:30:03,632][    INFO] Iters: 105, Total loss: 0.032
[2024-07-11 13:30:07,393][    INFO] Iters: 120, Total loss: 0.033
[2024-07-11 13:30:12,147][    INFO] ***** Evaluation ***** >>>> Class [0 Right Ventricle] Dice: 86.52
[2024-07-11 13:30:12,147][    INFO] ***** Evaluation ***** >>>> Class [1 Myocardium] Dice: 89.50
[2024-07-11 13:30:12,147][    INFO] ***** Evaluation ***** >>>> Class [2 Left Ventricle] Dice: 96.74
[2024-07-11 13:30:12,147][    INFO] ***** Evaluation ***** >>>> MeanDice: 90.92

[2024-07-11 13:30:12,543][    INFO] ===========> Epoch: 9, LR: 0.00837, Previous best: 90.92
[2024-07-11 13:30:13,203][    INFO] Iters: 0, Total loss: 0.036
[2024-07-11 13:30:17,065][    INFO] Iters: 15, Total loss: 0.030
[2024-07-11 13:30:21,103][    INFO] Iters: 30, Total loss: 0.031
[2024-07-11 13:30:24,722][    INFO] Iters: 45, Total loss: 0.032
[2024-07-11 13:30:28,526][    INFO] Iters: 60, Total loss: 0.032
[2024-07-11 13:30:32,238][    INFO] Iters: 75, Total loss: 0.032
[2024-07-11 13:30:35,962][    INFO] Iters: 90, Total loss: 0.032
[2024-07-11 13:30:39,818][    INFO] Iters: 105, Total loss: 0.032
[2024-07-11 13:30:43,568][    INFO] Iters: 120, Total loss: 0.032
[2024-07-11 13:30:48,133][    INFO] ***** Evaluation ***** >>>> Class [0 Right Ventricle] Dice: 88.02
[2024-07-11 13:30:48,133][    INFO] ***** Evaluation ***** >>>> Class [1 Myocardium] Dice: 86.91
[2024-07-11 13:30:48,133][    INFO] ***** Evaluation ***** >>>> Class [2 Left Ventricle] Dice: 95.89
[2024-07-11 13:30:48,133][    INFO] ***** Evaluation ***** >>>> MeanDice: 90.27

[2024-07-11 13:30:48,425][    INFO] ===========> Epoch: 10, LR: 0.00818, Previous best: 90.92
[2024-07-11 13:30:49,248][    INFO] Iters: 0, Total loss: 0.026
[2024-07-11 13:30:53,092][    INFO] Iters: 15, Total loss: 0.031
[2024-07-11 13:30:57,572][    INFO] Iters: 30, Total loss: 0.031
[2024-07-11 13:31:01,375][    INFO] Iters: 45, Total loss: 0.030
[2024-07-11 13:31:05,144][    INFO] Iters: 60, Total loss: 0.030
[2024-07-11 13:31:08,814][    INFO] Iters: 75, Total loss: 0.031
[2024-07-11 13:31:12,575][    INFO] Iters: 90, Total loss: 0.030
[2024-07-11 13:31:16,367][    INFO] Iters: 105, Total loss: 0.030
[2024-07-11 13:31:20,059][    INFO] Iters: 120, Total loss: 0.030
[2024-07-11 13:31:25,031][    INFO] ***** Evaluation ***** >>>> Class [0 Right Ventricle] Dice: 88.25
[2024-07-11 13:31:25,032][    INFO] ***** Evaluation ***** >>>> Class [1 Myocardium] Dice: 86.23
[2024-07-11 13:31:25,032][    INFO] ***** Evaluation ***** >>>> Class [2 Left Ventricle] Dice: 95.54
[2024-07-11 13:31:25,032][    INFO] ***** Evaluation ***** >>>> MeanDice: 90.00

[2024-07-11 13:31:25,231][    INFO] ===========> Epoch: 11, LR: 0.00800, Previous best: 90.92
[2024-07-11 13:31:25,920][    INFO] Iters: 0, Total loss: 0.023
[2024-07-11 13:31:34,079][    INFO] Iters: 15, Total loss: 0.027
[2024-07-11 13:31:42,899][    INFO] Iters: 30, Total loss: 0.029
[2024-07-11 13:31:48,309][    INFO] Iters: 45, Total loss: 0.029
[2024-07-11 13:31:51,946][    INFO] Iters: 60, Total loss: 0.029
[2024-07-11 13:31:55,705][    INFO] Iters: 75, Total loss: 0.029
[2024-07-11 13:31:59,463][    INFO] Iters: 90, Total loss: 0.029
[2024-07-11 13:32:03,490][    INFO] Iters: 105, Total loss: 0.029
[2024-07-11 13:32:07,116][    INFO] Iters: 120, Total loss: 0.029
[2024-07-11 13:32:11,892][    INFO] ***** Evaluation ***** >>>> Class [0 Right Ventricle] Dice: 89.70
[2024-07-11 13:32:11,893][    INFO] ***** Evaluation ***** >>>> Class [1 Myocardium] Dice: 90.84
[2024-07-11 13:32:11,893][    INFO] ***** Evaluation ***** >>>> Class [2 Left Ventricle] Dice: 96.87
[2024-07-11 13:32:11,893][    INFO] ***** Evaluation ***** >>>> MeanDice: 92.47

[2024-07-11 13:32:12,302][    INFO] ===========> Epoch: 12, LR: 0.00781, Previous best: 92.47
[2024-07-11 13:32:12,859][    INFO] Iters: 0, Total loss: 0.033
[2024-07-11 13:32:16,605][    INFO] Iters: 15, Total loss: 0.028
[2024-07-11 13:32:20,895][    INFO] Iters: 30, Total loss: 0.029
[2024-07-11 13:32:24,660][    INFO] Iters: 45, Total loss: 0.029
[2024-07-11 13:32:28,352][    INFO] Iters: 60, Total loss: 0.028
[2024-07-11 13:32:32,001][    INFO] Iters: 75, Total loss: 0.028
[2024-07-11 13:32:35,631][    INFO] Iters: 90, Total loss: 0.028
[2024-07-11 13:32:39,157][    INFO] Iters: 105, Total loss: 0.028
[2024-07-11 13:32:42,817][    INFO] Iters: 120, Total loss: 0.028
[2024-07-11 13:32:47,661][    INFO] ***** Evaluation ***** >>>> Class [0 Right Ventricle] Dice: 88.29
[2024-07-11 13:32:47,662][    INFO] ***** Evaluation ***** >>>> Class [1 Myocardium] Dice: 89.39
[2024-07-11 13:32:47,662][    INFO] ***** Evaluation ***** >>>> Class [2 Left Ventricle] Dice: 96.26
[2024-07-11 13:32:47,662][    INFO] ***** Evaluation ***** >>>> MeanDice: 91.31

[2024-07-11 13:32:47,857][    INFO] ===========> Epoch: 13, LR: 0.00763, Previous best: 92.47
[2024-07-11 13:32:48,424][    INFO] Iters: 0, Total loss: 0.038
[2024-07-11 13:32:52,171][    INFO] Iters: 15, Total loss: 0.028
[2024-07-11 13:32:56,407][    INFO] Iters: 30, Total loss: 0.028
[2024-07-11 13:33:00,111][    INFO] Iters: 45, Total loss: 0.028
[2024-07-11 13:33:03,811][    INFO] Iters: 60, Total loss: 0.028
[2024-07-11 13:33:07,487][    INFO] Iters: 75, Total loss: 0.028
[2024-07-11 13:33:11,228][    INFO] Iters: 90, Total loss: 0.027
[2024-07-11 13:33:14,934][    INFO] Iters: 105, Total loss: 0.027
[2024-07-11 13:33:18,734][    INFO] Iters: 120, Total loss: 0.028
[2024-07-11 13:33:23,808][    INFO] ***** Evaluation ***** >>>> Class [0 Right Ventricle] Dice: 87.97
[2024-07-11 13:33:23,808][    INFO] ***** Evaluation ***** >>>> Class [1 Myocardium] Dice: 87.14
[2024-07-11 13:33:23,808][    INFO] ***** Evaluation ***** >>>> Class [2 Left Ventricle] Dice: 95.40
[2024-07-11 13:33:23,808][    INFO] ***** Evaluation ***** >>>> MeanDice: 90.17

[2024-07-11 13:33:24,004][    INFO] ===========> Epoch: 14, LR: 0.00744, Previous best: 92.47
[2024-07-11 13:33:24,630][    INFO] Iters: 0, Total loss: 0.023
[2024-07-11 13:33:28,389][    INFO] Iters: 15, Total loss: 0.025
[2024-07-11 13:33:32,420][    INFO] Iters: 30, Total loss: 0.026
[2024-07-11 13:33:36,406][    INFO] Iters: 45, Total loss: 0.026
[2024-07-11 13:33:40,077][    INFO] Iters: 60, Total loss: 0.026
[2024-07-11 13:33:43,815][    INFO] Iters: 75, Total loss: 0.027
[2024-07-11 13:33:47,736][    INFO] Iters: 90, Total loss: 0.027
[2024-07-11 13:33:51,387][    INFO] Iters: 105, Total loss: 0.027
[2024-07-11 13:33:55,058][    INFO] Iters: 120, Total loss: 0.027
[2024-07-11 13:34:00,193][    INFO] ***** Evaluation ***** >>>> Class [0 Right Ventricle] Dice: 87.92
[2024-07-11 13:34:00,193][    INFO] ***** Evaluation ***** >>>> Class [1 Myocardium] Dice: 88.71
[2024-07-11 13:34:00,193][    INFO] ***** Evaluation ***** >>>> Class [2 Left Ventricle] Dice: 97.01
[2024-07-11 13:34:00,193][    INFO] ***** Evaluation ***** >>>> MeanDice: 91.21

[2024-07-11 13:34:00,389][    INFO] ===========> Epoch: 15, LR: 0.00726, Previous best: 92.47
[2024-07-11 13:34:01,036][    INFO] Iters: 0, Total loss: 0.024
[2024-07-11 13:34:05,108][    INFO] Iters: 15, Total loss: 0.027
[2024-07-11 13:34:09,139][    INFO] Iters: 30, Total loss: 0.027
[2024-07-11 13:34:13,198][    INFO] Iters: 45, Total loss: 0.027
[2024-07-11 13:34:17,018][    INFO] Iters: 60, Total loss: 0.026
[2024-07-11 13:34:20,857][    INFO] Iters: 75, Total loss: 0.026
[2024-07-11 13:34:24,573][    INFO] Iters: 90, Total loss: 0.026
[2024-07-11 13:34:28,533][    INFO] Iters: 105, Total loss: 0.026
[2024-07-11 13:34:32,238][    INFO] Iters: 120, Total loss: 0.026
[2024-07-11 13:34:37,232][    INFO] ***** Evaluation ***** >>>> Class [0 Right Ventricle] Dice: 88.53
[2024-07-11 13:34:37,233][    INFO] ***** Evaluation ***** >>>> Class [1 Myocardium] Dice: 88.76
[2024-07-11 13:34:37,233][    INFO] ***** Evaluation ***** >>>> Class [2 Left Ventricle] Dice: 95.88
[2024-07-11 13:34:37,233][    INFO] ***** Evaluation ***** >>>> MeanDice: 91.06

[2024-07-11 13:34:37,433][    INFO] ===========> Epoch: 16, LR: 0.00707, Previous best: 92.47
[2024-07-11 13:34:38,109][    INFO] Iters: 0, Total loss: 0.032
[2024-07-11 13:34:42,081][    INFO] Iters: 15, Total loss: 0.026
[2024-07-11 13:34:46,215][    INFO] Iters: 30, Total loss: 0.026
[2024-07-11 13:34:50,355][    INFO] Iters: 45, Total loss: 0.026
[2024-07-11 13:34:54,027][    INFO] Iters: 60, Total loss: 0.026
[2024-07-11 13:34:57,782][    INFO] Iters: 75, Total loss: 0.026
[2024-07-11 13:35:01,528][    INFO] Iters: 90, Total loss: 0.026
[2024-07-11 13:35:05,352][    INFO] Iters: 105, Total loss: 0.026
[2024-07-11 13:35:09,161][    INFO] Iters: 120, Total loss: 0.026
[2024-07-11 13:35:14,004][    INFO] ***** Evaluation ***** >>>> Class [0 Right Ventricle] Dice: 89.76
[2024-07-11 13:35:14,004][    INFO] ***** Evaluation ***** >>>> Class [1 Myocardium] Dice: 89.68
[2024-07-11 13:35:14,005][    INFO] ***** Evaluation ***** >>>> Class [2 Left Ventricle] Dice: 95.97
[2024-07-11 13:35:14,005][    INFO] ***** Evaluation ***** >>>> MeanDice: 91.81

[2024-07-11 13:35:14,202][    INFO] ===========> Epoch: 17, LR: 0.00688, Previous best: 92.47
[2024-07-11 13:35:14,778][    INFO] Iters: 0, Total loss: 0.020
[2024-07-11 13:35:18,698][    INFO] Iters: 15, Total loss: 0.024
[2024-07-11 13:35:22,514][    INFO] Iters: 30, Total loss: 0.025
[2024-07-11 13:35:26,664][    INFO] Iters: 45, Total loss: 0.025
[2024-07-11 13:35:30,170][    INFO] Iters: 60, Total loss: 0.025
[2024-07-11 13:35:33,697][    INFO] Iters: 75, Total loss: 0.026
[2024-07-11 13:35:37,332][    INFO] Iters: 90, Total loss: 0.026
[2024-07-11 13:35:40,891][    INFO] Iters: 105, Total loss: 0.026
[2024-07-11 13:35:44,487][    INFO] Iters: 120, Total loss: 0.026
[2024-07-11 13:35:49,366][    INFO] ***** Evaluation ***** >>>> Class [0 Right Ventricle] Dice: 90.01
[2024-07-11 13:35:49,366][    INFO] ***** Evaluation ***** >>>> Class [1 Myocardium] Dice: 90.73
[2024-07-11 13:35:49,366][    INFO] ***** Evaluation ***** >>>> Class [2 Left Ventricle] Dice: 96.05
[2024-07-11 13:35:49,366][    INFO] ***** Evaluation ***** >>>> MeanDice: 92.26

[2024-07-11 13:35:49,560][    INFO] ===========> Epoch: 18, LR: 0.00669, Previous best: 92.47
[2024-07-11 13:35:50,106][    INFO] Iters: 0, Total loss: 0.025
[2024-07-11 13:35:53,813][    INFO] Iters: 15, Total loss: 0.026
[2024-07-11 13:35:57,534][    INFO] Iters: 30, Total loss: 0.027
[2024-07-11 13:36:01,766][    INFO] Iters: 45, Total loss: 0.026
[2024-07-11 13:36:05,372][    INFO] Iters: 60, Total loss: 0.026
[2024-07-11 13:36:09,033][    INFO] Iters: 75, Total loss: 0.026
[2024-07-11 13:36:12,663][    INFO] Iters: 90, Total loss: 0.026
[2024-07-11 13:36:16,419][    INFO] Iters: 105, Total loss: 0.026
[2024-07-11 13:36:20,022][    INFO] Iters: 120, Total loss: 0.026
[2024-07-11 13:36:25,053][    INFO] ***** Evaluation ***** >>>> Class [0 Right Ventricle] Dice: 90.31
[2024-07-11 13:36:25,053][    INFO] ***** Evaluation ***** >>>> Class [1 Myocardium] Dice: 89.70
[2024-07-11 13:36:25,053][    INFO] ***** Evaluation ***** >>>> Class [2 Left Ventricle] Dice: 96.38
[2024-07-11 13:36:25,053][    INFO] ***** Evaluation ***** >>>> MeanDice: 92.13

[2024-07-11 13:36:25,249][    INFO] ===========> Epoch: 19, LR: 0.00651, Previous best: 92.47
[2024-07-11 13:36:25,905][    INFO] Iters: 0, Total loss: 0.022
[2024-07-11 13:36:29,578][    INFO] Iters: 15, Total loss: 0.025
[2024-07-11 13:36:33,232][    INFO] Iters: 30, Total loss: 0.025
[2024-07-11 13:36:37,177][    INFO] Iters: 45, Total loss: 0.025
[2024-07-11 13:36:40,787][    INFO] Iters: 60, Total loss: 0.025
[2024-07-11 13:36:44,429][    INFO] Iters: 75, Total loss: 0.025
[2024-07-11 13:36:48,011][    INFO] Iters: 90, Total loss: 0.025
[2024-07-11 13:36:51,636][    INFO] Iters: 105, Total loss: 0.025
[2024-07-11 13:36:55,192][    INFO] Iters: 120, Total loss: 0.025
[2024-07-11 13:37:00,023][    INFO] ***** Evaluation ***** >>>> Class [0 Right Ventricle] Dice: 89.61
[2024-07-11 13:37:00,023][    INFO] ***** Evaluation ***** >>>> Class [1 Myocardium] Dice: 89.62
[2024-07-11 13:37:00,023][    INFO] ***** Evaluation ***** >>>> Class [2 Left Ventricle] Dice: 96.69
[2024-07-11 13:37:00,023][    INFO] ***** Evaluation ***** >>>> MeanDice: 91.97

[2024-07-11 13:37:00,220][    INFO] ===========> Epoch: 20, LR: 0.00632, Previous best: 92.47
[2024-07-11 13:37:00,855][    INFO] Iters: 0, Total loss: 0.025
[2024-07-11 13:37:04,735][    INFO] Iters: 15, Total loss: 0.025
[2024-07-11 13:37:08,558][    INFO] Iters: 30, Total loss: 0.025
[2024-07-11 13:37:12,781][    INFO] Iters: 45, Total loss: 0.025
[2024-07-11 13:37:16,838][    INFO] Iters: 60, Total loss: 0.025
[2024-07-11 13:37:20,637][    INFO] Iters: 75, Total loss: 0.025
[2024-07-11 13:37:24,325][    INFO] Iters: 90, Total loss: 0.025
[2024-07-11 13:37:27,915][    INFO] Iters: 105, Total loss: 0.025
[2024-07-11 13:37:31,506][    INFO] Iters: 120, Total loss: 0.025
[2024-07-11 13:37:36,512][    INFO] ***** Evaluation ***** >>>> Class [0 Right Ventricle] Dice: 90.12
[2024-07-11 13:37:36,512][    INFO] ***** Evaluation ***** >>>> Class [1 Myocardium] Dice: 91.28
[2024-07-11 13:37:36,512][    INFO] ***** Evaluation ***** >>>> Class [2 Left Ventricle] Dice: 97.26
[2024-07-11 13:37:36,513][    INFO] ***** Evaluation ***** >>>> MeanDice: 92.89

[2024-07-11 13:37:36,910][    INFO] ===========> Epoch: 21, LR: 0.00613, Previous best: 92.89
[2024-07-11 13:37:37,575][    INFO] Iters: 0, Total loss: 0.021
[2024-07-11 13:37:41,393][    INFO] Iters: 15, Total loss: 0.024
[2024-07-11 13:37:45,172][    INFO] Iters: 30, Total loss: 0.023
[2024-07-11 13:37:49,310][    INFO] Iters: 45, Total loss: 0.025
[2024-07-11 13:37:53,487][    INFO] Iters: 60, Total loss: 0.025
[2024-07-11 13:37:57,366][    INFO] Iters: 75, Total loss: 0.025
[2024-07-11 13:38:01,259][    INFO] Iters: 90, Total loss: 0.025
[2024-07-11 13:38:05,023][    INFO] Iters: 105, Total loss: 0.024
[2024-07-11 13:38:08,911][    INFO] Iters: 120, Total loss: 0.024
[2024-07-11 13:38:13,982][    INFO] ***** Evaluation ***** >>>> Class [0 Right Ventricle] Dice: 89.33
[2024-07-11 13:38:13,982][    INFO] ***** Evaluation ***** >>>> Class [1 Myocardium] Dice: 89.63
[2024-07-11 13:38:13,982][    INFO] ***** Evaluation ***** >>>> Class [2 Left Ventricle] Dice: 97.05
[2024-07-11 13:38:13,982][    INFO] ***** Evaluation ***** >>>> MeanDice: 92.01

[2024-07-11 13:38:14,178][    INFO] ===========> Epoch: 22, LR: 0.00594, Previous best: 92.89
[2024-07-11 13:38:14,775][    INFO] Iters: 0, Total loss: 0.025
[2024-07-11 13:38:18,647][    INFO] Iters: 15, Total loss: 0.023
[2024-07-11 13:38:22,315][    INFO] Iters: 30, Total loss: 0.024
[2024-07-11 13:38:26,261][    INFO] Iters: 45, Total loss: 0.024
[2024-07-11 13:38:30,784][    INFO] Iters: 60, Total loss: 0.024
[2024-07-11 13:38:34,596][    INFO] Iters: 75, Total loss: 0.024
[2024-07-11 13:38:38,337][    INFO] Iters: 90, Total loss: 0.024
[2024-07-11 13:38:42,124][    INFO] Iters: 105, Total loss: 0.024
[2024-07-11 13:38:45,844][    INFO] Iters: 120, Total loss: 0.024
[2024-07-11 13:38:50,943][    INFO] ***** Evaluation ***** >>>> Class [0 Right Ventricle] Dice: 89.35
[2024-07-11 13:38:50,943][    INFO] ***** Evaluation ***** >>>> Class [1 Myocardium] Dice: 88.53
[2024-07-11 13:38:50,943][    INFO] ***** Evaluation ***** >>>> Class [2 Left Ventricle] Dice: 96.10
[2024-07-11 13:38:50,943][    INFO] ***** Evaluation ***** >>>> MeanDice: 91.33

[2024-07-11 13:38:51,137][    INFO] ===========> Epoch: 23, LR: 0.00574, Previous best: 92.89
[2024-07-11 13:38:51,667][    INFO] Iters: 0, Total loss: 0.024
[2024-07-11 13:38:55,625][    INFO] Iters: 15, Total loss: 0.024
[2024-07-11 13:38:59,597][    INFO] Iters: 30, Total loss: 0.024
[2024-07-11 13:39:03,803][    INFO] Iters: 45, Total loss: 0.024
[2024-07-11 13:39:08,110][    INFO] Iters: 60, Total loss: 0.024
[2024-07-11 13:39:11,918][    INFO] Iters: 75, Total loss: 0.024
[2024-07-11 13:39:15,659][    INFO] Iters: 90, Total loss: 0.024
[2024-07-11 13:39:19,427][    INFO] Iters: 105, Total loss: 0.024
[2024-07-11 13:39:23,200][    INFO] Iters: 120, Total loss: 0.024
[2024-07-11 13:39:28,689][    INFO] ***** Evaluation ***** >>>> Class [0 Right Ventricle] Dice: 89.71
[2024-07-11 13:39:28,689][    INFO] ***** Evaluation ***** >>>> Class [1 Myocardium] Dice: 89.94
[2024-07-11 13:39:28,689][    INFO] ***** Evaluation ***** >>>> Class [2 Left Ventricle] Dice: 97.48
[2024-07-11 13:39:28,689][    INFO] ***** Evaluation ***** >>>> MeanDice: 92.38

[2024-07-11 13:39:28,888][    INFO] ===========> Epoch: 24, LR: 0.00555, Previous best: 92.89
[2024-07-11 13:39:29,476][    INFO] Iters: 0, Total loss: 0.018
[2024-07-11 13:39:33,366][    INFO] Iters: 15, Total loss: 0.024
[2024-07-11 13:39:37,210][    INFO] Iters: 30, Total loss: 0.025
[2024-07-11 13:39:41,124][    INFO] Iters: 45, Total loss: 0.024
[2024-07-11 13:39:45,250][    INFO] Iters: 60, Total loss: 0.024
[2024-07-11 13:39:49,114][    INFO] Iters: 75, Total loss: 0.024
[2024-07-11 13:39:52,981][    INFO] Iters: 90, Total loss: 0.024
[2024-07-11 13:39:56,956][    INFO] Iters: 105, Total loss: 0.024
[2024-07-11 13:40:00,925][    INFO] Iters: 120, Total loss: 0.024
[2024-07-11 13:40:06,199][    INFO] ***** Evaluation ***** >>>> Class [0 Right Ventricle] Dice: 90.89
[2024-07-11 13:40:06,200][    INFO] ***** Evaluation ***** >>>> Class [1 Myocardium] Dice: 90.08
[2024-07-11 13:40:06,200][    INFO] ***** Evaluation ***** >>>> Class [2 Left Ventricle] Dice: 96.56
[2024-07-11 13:40:06,200][    INFO] ***** Evaluation ***** >>>> MeanDice: 92.51

[2024-07-11 13:40:06,398][    INFO] ===========> Epoch: 25, LR: 0.00536, Previous best: 92.89
[2024-07-11 13:40:06,995][    INFO] Iters: 0, Total loss: 0.023
[2024-07-11 13:40:10,934][    INFO] Iters: 15, Total loss: 0.023
[2024-07-11 13:40:15,052][    INFO] Iters: 30, Total loss: 0.023
[2024-07-11 13:40:19,060][    INFO] Iters: 45, Total loss: 0.023
[2024-07-11 13:40:23,080][    INFO] Iters: 60, Total loss: 0.023
[2024-07-11 13:40:26,777][    INFO] Iters: 75, Total loss: 0.023
[2024-07-11 13:40:30,474][    INFO] Iters: 90, Total loss: 0.023
[2024-07-11 13:40:34,176][    INFO] Iters: 105, Total loss: 0.023
[2024-07-11 13:40:37,926][    INFO] Iters: 120, Total loss: 0.023
[2024-07-11 13:40:43,100][    INFO] ***** Evaluation ***** >>>> Class [0 Right Ventricle] Dice: 90.64
[2024-07-11 13:40:43,100][    INFO] ***** Evaluation ***** >>>> Class [1 Myocardium] Dice: 89.63
[2024-07-11 13:40:43,100][    INFO] ***** Evaluation ***** >>>> Class [2 Left Ventricle] Dice: 96.97
[2024-07-11 13:40:43,100][    INFO] ***** Evaluation ***** >>>> MeanDice: 92.41

[2024-07-11 13:40:43,295][    INFO] ===========> Epoch: 26, LR: 0.00517, Previous best: 92.89
[2024-07-11 13:40:43,841][    INFO] Iters: 0, Total loss: 0.020
[2024-07-11 13:40:47,680][    INFO] Iters: 15, Total loss: 0.023
[2024-07-11 13:40:51,324][    INFO] Iters: 30, Total loss: 0.023
[2024-07-11 13:40:55,044][    INFO] Iters: 45, Total loss: 0.023
[2024-07-11 13:40:58,761][    INFO] Iters: 60, Total loss: 0.022
[2024-07-11 13:41:02,553][    INFO] Iters: 75, Total loss: 0.022
[2024-07-11 13:41:06,182][    INFO] Iters: 90, Total loss: 0.023
[2024-07-11 13:41:09,703][    INFO] Iters: 105, Total loss: 0.023
[2024-07-11 13:41:13,251][    INFO] Iters: 120, Total loss: 0.023
[2024-07-11 13:41:18,214][    INFO] ***** Evaluation ***** >>>> Class [0 Right Ventricle] Dice: 90.69
[2024-07-11 13:41:18,214][    INFO] ***** Evaluation ***** >>>> Class [1 Myocardium] Dice: 89.42
[2024-07-11 13:41:18,214][    INFO] ***** Evaluation ***** >>>> Class [2 Left Ventricle] Dice: 97.55
[2024-07-11 13:41:18,214][    INFO] ***** Evaluation ***** >>>> MeanDice: 92.55

[2024-07-11 13:41:18,409][    INFO] ===========> Epoch: 27, LR: 0.00497, Previous best: 92.89
[2024-07-11 13:41:19,166][    INFO] Iters: 0, Total loss: 0.020
[2024-07-11 13:41:23,026][    INFO] Iters: 15, Total loss: 0.022
[2024-07-11 13:41:26,690][    INFO] Iters: 30, Total loss: 0.022
[2024-07-11 13:41:30,435][    INFO] Iters: 45, Total loss: 0.022
[2024-07-11 13:41:34,269][    INFO] Iters: 60, Total loss: 0.022
[2024-07-11 13:41:38,211][    INFO] Iters: 75, Total loss: 0.022
[2024-07-11 13:41:41,979][    INFO] Iters: 90, Total loss: 0.022
[2024-07-11 13:41:45,680][    INFO] Iters: 105, Total loss: 0.023
[2024-07-11 13:41:49,331][    INFO] Iters: 120, Total loss: 0.023
[2024-07-11 13:41:54,203][    INFO] ***** Evaluation ***** >>>> Class [0 Right Ventricle] Dice: 91.02
[2024-07-11 13:41:54,203][    INFO] ***** Evaluation ***** >>>> Class [1 Myocardium] Dice: 91.30
[2024-07-11 13:41:54,203][    INFO] ***** Evaluation ***** >>>> Class [2 Left Ventricle] Dice: 97.25
[2024-07-11 13:41:54,203][    INFO] ***** Evaluation ***** >>>> MeanDice: 93.19

[2024-07-11 13:41:54,601][    INFO] ===========> Epoch: 28, LR: 0.00478, Previous best: 93.19
[2024-07-11 13:41:55,206][    INFO] Iters: 0, Total loss: 0.019
[2024-07-11 13:41:58,941][    INFO] Iters: 15, Total loss: 0.022
[2024-07-11 13:42:02,672][    INFO] Iters: 30, Total loss: 0.022
[2024-07-11 13:42:06,285][    INFO] Iters: 45, Total loss: 0.022
[2024-07-11 13:42:10,075][    INFO] Iters: 60, Total loss: 0.022
[2024-07-11 13:42:13,780][    INFO] Iters: 75, Total loss: 0.022
[2024-07-11 13:42:17,401][    INFO] Iters: 90, Total loss: 0.023
[2024-07-11 13:42:21,036][    INFO] Iters: 105, Total loss: 0.023
[2024-07-11 13:42:24,664][    INFO] Iters: 120, Total loss: 0.022
[2024-07-11 13:42:29,463][    INFO] ***** Evaluation ***** >>>> Class [0 Right Ventricle] Dice: 89.49
[2024-07-11 13:42:29,463][    INFO] ***** Evaluation ***** >>>> Class [1 Myocardium] Dice: 89.07
[2024-07-11 13:42:29,463][    INFO] ***** Evaluation ***** >>>> Class [2 Left Ventricle] Dice: 96.62
[2024-07-11 13:42:29,463][    INFO] ***** Evaluation ***** >>>> MeanDice: 91.73

[2024-07-11 13:42:29,657][    INFO] ===========> Epoch: 29, LR: 0.00458, Previous best: 93.19
[2024-07-11 13:42:30,254][    INFO] Iters: 0, Total loss: 0.018
[2024-07-11 13:42:34,061][    INFO] Iters: 15, Total loss: 0.021
[2024-07-11 13:42:37,783][    INFO] Iters: 30, Total loss: 0.022
[2024-07-11 13:42:41,403][    INFO] Iters: 45, Total loss: 0.022
[2024-07-11 13:42:45,283][    INFO] Iters: 60, Total loss: 0.023
[2024-07-11 13:42:49,148][    INFO] Iters: 75, Total loss: 0.023
[2024-07-11 13:42:52,774][    INFO] Iters: 90, Total loss: 0.023
[2024-07-11 13:42:56,494][    INFO] Iters: 105, Total loss: 0.023
[2024-07-11 13:43:00,111][    INFO] Iters: 120, Total loss: 0.022
[2024-07-11 13:43:04,942][    INFO] ***** Evaluation ***** >>>> Class [0 Right Ventricle] Dice: 90.30
[2024-07-11 13:43:04,943][    INFO] ***** Evaluation ***** >>>> Class [1 Myocardium] Dice: 88.93
[2024-07-11 13:43:04,943][    INFO] ***** Evaluation ***** >>>> Class [2 Left Ventricle] Dice: 96.29
[2024-07-11 13:43:04,943][    INFO] ***** Evaluation ***** >>>> MeanDice: 91.84

[2024-07-11 13:43:05,137][    INFO] ===========> Epoch: 30, LR: 0.00439, Previous best: 93.19
[2024-07-11 13:43:05,823][    INFO] Iters: 0, Total loss: 0.022
[2024-07-11 13:43:09,728][    INFO] Iters: 15, Total loss: 0.022
[2024-07-11 13:43:13,607][    INFO] Iters: 30, Total loss: 0.023
[2024-07-11 13:43:17,290][    INFO] Iters: 45, Total loss: 0.022
[2024-07-11 13:43:21,207][    INFO] Iters: 60, Total loss: 0.022
[2024-07-11 13:43:25,183][    INFO] Iters: 75, Total loss: 0.022
[2024-07-11 13:43:28,776][    INFO] Iters: 90, Total loss: 0.022
[2024-07-11 13:43:32,256][    INFO] Iters: 105, Total loss: 0.022
[2024-07-11 13:43:35,847][    INFO] Iters: 120, Total loss: 0.022
[2024-07-11 13:43:40,760][    INFO] ***** Evaluation ***** >>>> Class [0 Right Ventricle] Dice: 89.49
[2024-07-11 13:43:40,760][    INFO] ***** Evaluation ***** >>>> Class [1 Myocardium] Dice: 89.86
[2024-07-11 13:43:40,760][    INFO] ***** Evaluation ***** >>>> Class [2 Left Ventricle] Dice: 96.11
[2024-07-11 13:43:40,760][    INFO] ***** Evaluation ***** >>>> MeanDice: 91.82

[2024-07-11 13:43:40,956][    INFO] ===========> Epoch: 31, LR: 0.00419, Previous best: 93.19
[2024-07-11 13:43:41,609][    INFO] Iters: 0, Total loss: 0.021
[2024-07-11 13:43:45,398][    INFO] Iters: 15, Total loss: 0.022
[2024-07-11 13:43:49,176][    INFO] Iters: 30, Total loss: 0.022
[2024-07-11 13:43:52,968][    INFO] Iters: 45, Total loss: 0.022
[2024-07-11 13:43:56,628][    INFO] Iters: 60, Total loss: 0.022
[2024-07-11 13:44:00,461][    INFO] Iters: 75, Total loss: 0.022
[2024-07-11 13:44:04,496][    INFO] Iters: 90, Total loss: 0.022
[2024-07-11 13:44:08,170][    INFO] Iters: 105, Total loss: 0.022
[2024-07-11 13:44:11,917][    INFO] Iters: 120, Total loss: 0.022
[2024-07-11 13:44:16,953][    INFO] ***** Evaluation ***** >>>> Class [0 Right Ventricle] Dice: 91.24
[2024-07-11 13:44:16,953][    INFO] ***** Evaluation ***** >>>> Class [1 Myocardium] Dice: 91.12
[2024-07-11 13:44:16,953][    INFO] ***** Evaluation ***** >>>> Class [2 Left Ventricle] Dice: 96.77
[2024-07-11 13:44:16,953][    INFO] ***** Evaluation ***** >>>> MeanDice: 93.04

[2024-07-11 13:44:17,148][    INFO] ===========> Epoch: 32, LR: 0.00399, Previous best: 93.19
[2024-07-11 13:44:17,776][    INFO] Iters: 0, Total loss: 0.019
[2024-07-11 13:44:21,483][    INFO] Iters: 15, Total loss: 0.021
[2024-07-11 13:44:25,021][    INFO] Iters: 30, Total loss: 0.021
[2024-07-11 13:44:28,692][    INFO] Iters: 45, Total loss: 0.022
[2024-07-11 13:44:32,222][    INFO] Iters: 60, Total loss: 0.022
[2024-07-11 13:44:36,052][    INFO] Iters: 75, Total loss: 0.022
[2024-07-11 13:44:39,756][    INFO] Iters: 90, Total loss: 0.022
[2024-07-11 13:44:43,404][    INFO] Iters: 105, Total loss: 0.022
[2024-07-11 13:44:46,944][    INFO] Iters: 120, Total loss: 0.022
[2024-07-11 13:44:51,803][    INFO] ***** Evaluation ***** >>>> Class [0 Right Ventricle] Dice: 89.93
[2024-07-11 13:44:51,804][    INFO] ***** Evaluation ***** >>>> Class [1 Myocardium] Dice: 89.02
[2024-07-11 13:44:51,804][    INFO] ***** Evaluation ***** >>>> Class [2 Left Ventricle] Dice: 96.89
[2024-07-11 13:44:51,804][    INFO] ***** Evaluation ***** >>>> MeanDice: 91.95

[2024-07-11 13:44:51,999][    INFO] ===========> Epoch: 33, LR: 0.00379, Previous best: 93.19
[2024-07-11 13:44:52,615][    INFO] Iters: 0, Total loss: 0.020
[2024-07-11 13:44:56,273][    INFO] Iters: 15, Total loss: 0.022
[2024-07-11 13:44:59,775][    INFO] Iters: 30, Total loss: 0.021
[2024-07-11 13:45:03,369][    INFO] Iters: 45, Total loss: 0.022
[2024-07-11 13:45:06,993][    INFO] Iters: 60, Total loss: 0.022
[2024-07-11 13:45:10,735][    INFO] Iters: 75, Total loss: 0.022
[2024-07-11 13:45:14,456][    INFO] Iters: 90, Total loss: 0.022
[2024-07-11 13:45:17,991][    INFO] Iters: 105, Total loss: 0.022
[2024-07-11 13:45:21,571][    INFO] Iters: 120, Total loss: 0.022
[2024-07-11 13:45:26,438][    INFO] ***** Evaluation ***** >>>> Class [0 Right Ventricle] Dice: 90.86
[2024-07-11 13:45:26,438][    INFO] ***** Evaluation ***** >>>> Class [1 Myocardium] Dice: 91.08
[2024-07-11 13:45:26,439][    INFO] ***** Evaluation ***** >>>> Class [2 Left Ventricle] Dice: 97.43
[2024-07-11 13:45:26,439][    INFO] ***** Evaluation ***** >>>> MeanDice: 93.12

[2024-07-11 13:45:26,633][    INFO] ===========> Epoch: 34, LR: 0.00359, Previous best: 93.19
[2024-07-11 13:45:27,114][    INFO] Iters: 0, Total loss: 0.017
[2024-07-11 13:45:31,043][    INFO] Iters: 15, Total loss: 0.021
[2024-07-11 13:45:34,845][    INFO] Iters: 30, Total loss: 0.020
[2024-07-11 13:45:38,462][    INFO] Iters: 45, Total loss: 0.021
[2024-07-11 13:45:42,029][    INFO] Iters: 60, Total loss: 0.021
[2024-07-11 13:45:45,780][    INFO] Iters: 75, Total loss: 0.021
[2024-07-11 13:45:49,707][    INFO] Iters: 90, Total loss: 0.022
[2024-07-11 13:45:53,294][    INFO] Iters: 105, Total loss: 0.022
[2024-07-11 13:45:56,980][    INFO] Iters: 120, Total loss: 0.022
[2024-07-11 13:46:01,737][    INFO] ***** Evaluation ***** >>>> Class [0 Right Ventricle] Dice: 90.48
[2024-07-11 13:46:01,737][    INFO] ***** Evaluation ***** >>>> Class [1 Myocardium] Dice: 90.14
[2024-07-11 13:46:01,737][    INFO] ***** Evaluation ***** >>>> Class [2 Left Ventricle] Dice: 96.79
[2024-07-11 13:46:01,737][    INFO] ***** Evaluation ***** >>>> MeanDice: 92.47

[2024-07-11 13:46:01,935][    INFO] ===========> Epoch: 35, LR: 0.00339, Previous best: 93.19
[2024-07-11 13:46:02,610][    INFO] Iters: 0, Total loss: 0.019
[2024-07-11 13:46:06,463][    INFO] Iters: 15, Total loss: 0.022
[2024-07-11 13:46:10,283][    INFO] Iters: 30, Total loss: 0.022
[2024-07-11 13:46:14,095][    INFO] Iters: 45, Total loss: 0.022
[2024-07-11 13:46:17,798][    INFO] Iters: 60, Total loss: 0.022
[2024-07-11 13:46:21,630][    INFO] Iters: 75, Total loss: 0.022
[2024-07-11 13:46:25,612][    INFO] Iters: 90, Total loss: 0.022
[2024-07-11 13:46:29,249][    INFO] Iters: 105, Total loss: 0.022
[2024-07-11 13:46:32,892][    INFO] Iters: 120, Total loss: 0.022
[2024-07-11 13:46:38,094][    INFO] ***** Evaluation ***** >>>> Class [0 Right Ventricle] Dice: 90.71
[2024-07-11 13:46:38,094][    INFO] ***** Evaluation ***** >>>> Class [1 Myocardium] Dice: 91.05
[2024-07-11 13:46:38,094][    INFO] ***** Evaluation ***** >>>> Class [2 Left Ventricle] Dice: 97.18
[2024-07-11 13:46:38,095][    INFO] ***** Evaluation ***** >>>> MeanDice: 92.98

[2024-07-11 13:46:38,287][    INFO] ===========> Epoch: 36, LR: 0.00318, Previous best: 93.19
[2024-07-11 13:46:38,945][    INFO] Iters: 0, Total loss: 0.023
[2024-07-11 13:46:42,614][    INFO] Iters: 15, Total loss: 0.021
[2024-07-11 13:46:46,230][    INFO] Iters: 30, Total loss: 0.021
[2024-07-11 13:46:49,804][    INFO] Iters: 45, Total loss: 0.021
[2024-07-11 13:46:53,398][    INFO] Iters: 60, Total loss: 0.021
[2024-07-11 13:46:56,957][    INFO] Iters: 75, Total loss: 0.021
[2024-07-11 13:47:00,957][    INFO] Iters: 90, Total loss: 0.021
[2024-07-11 13:47:04,473][    INFO] Iters: 105, Total loss: 0.021
[2024-07-11 13:47:08,215][    INFO] Iters: 120, Total loss: 0.021
[2024-07-11 13:47:12,954][    INFO] ***** Evaluation ***** >>>> Class [0 Right Ventricle] Dice: 90.48
[2024-07-11 13:47:12,954][    INFO] ***** Evaluation ***** >>>> Class [1 Myocardium] Dice: 90.28
[2024-07-11 13:47:12,954][    INFO] ***** Evaluation ***** >>>> Class [2 Left Ventricle] Dice: 96.34
[2024-07-11 13:47:12,954][    INFO] ***** Evaluation ***** >>>> MeanDice: 92.37

[2024-07-11 13:47:13,152][    INFO] ===========> Epoch: 37, LR: 0.00298, Previous best: 93.19
[2024-07-11 13:47:13,612][    INFO] Iters: 0, Total loss: 0.021
[2024-07-11 13:47:17,410][    INFO] Iters: 15, Total loss: 0.023
[2024-07-11 13:47:21,000][    INFO] Iters: 30, Total loss: 0.022
[2024-07-11 13:47:24,649][    INFO] Iters: 45, Total loss: 0.022
[2024-07-11 13:47:28,254][    INFO] Iters: 60, Total loss: 0.021
[2024-07-11 13:47:31,945][    INFO] Iters: 75, Total loss: 0.021
[2024-07-11 13:47:35,750][    INFO] Iters: 90, Total loss: 0.021
[2024-07-11 13:47:39,708][    INFO] Iters: 105, Total loss: 0.021
[2024-07-11 13:47:43,577][    INFO] Iters: 120, Total loss: 0.021
[2024-07-11 13:47:48,463][    INFO] ***** Evaluation ***** >>>> Class [0 Right Ventricle] Dice: 90.89
[2024-07-11 13:47:48,463][    INFO] ***** Evaluation ***** >>>> Class [1 Myocardium] Dice: 90.16
[2024-07-11 13:47:48,463][    INFO] ***** Evaluation ***** >>>> Class [2 Left Ventricle] Dice: 96.81
[2024-07-11 13:47:48,463][    INFO] ***** Evaluation ***** >>>> MeanDice: 92.62

[2024-07-11 13:47:48,660][    INFO] ===========> Epoch: 38, LR: 0.00277, Previous best: 93.19
[2024-07-11 13:47:49,195][    INFO] Iters: 0, Total loss: 0.018
[2024-07-11 13:47:53,253][    INFO] Iters: 15, Total loss: 0.021
[2024-07-11 13:47:57,443][    INFO] Iters: 30, Total loss: 0.021
[2024-07-11 13:48:01,235][    INFO] Iters: 45, Total loss: 0.021
[2024-07-11 13:48:05,045][    INFO] Iters: 60, Total loss: 0.021
[2024-07-11 13:48:08,870][    INFO] Iters: 75, Total loss: 0.021
[2024-07-11 13:48:12,813][    INFO] Iters: 90, Total loss: 0.021
[2024-07-11 13:48:16,747][    INFO] Iters: 105, Total loss: 0.021
[2024-07-11 13:48:21,472][    INFO] Iters: 120, Total loss: 0.021
[2024-07-11 13:48:26,232][    INFO] ***** Evaluation ***** >>>> Class [0 Right Ventricle] Dice: 90.22
[2024-07-11 13:48:26,233][    INFO] ***** Evaluation ***** >>>> Class [1 Myocardium] Dice: 90.54
[2024-07-11 13:48:26,233][    INFO] ***** Evaluation ***** >>>> Class [2 Left Ventricle] Dice: 96.89
[2024-07-11 13:48:26,233][    INFO] ***** Evaluation ***** >>>> MeanDice: 92.55

[2024-07-11 13:48:26,427][    INFO] ===========> Epoch: 39, LR: 0.00256, Previous best: 93.19
[2024-07-11 13:48:26,948][    INFO] Iters: 0, Total loss: 0.021
[2024-07-11 13:48:30,662][    INFO] Iters: 15, Total loss: 0.021
[2024-07-11 13:48:34,478][    INFO] Iters: 30, Total loss: 0.021
[2024-07-11 13:48:38,261][    INFO] Iters: 45, Total loss: 0.021
[2024-07-11 13:48:41,990][    INFO] Iters: 60, Total loss: 0.021
[2024-07-11 13:48:45,706][    INFO] Iters: 75, Total loss: 0.021
[2024-07-11 13:48:49,599][    INFO] Iters: 90, Total loss: 0.021
[2024-07-11 13:48:53,460][    INFO] Iters: 105, Total loss: 0.021
[2024-07-11 13:48:57,438][    INFO] Iters: 120, Total loss: 0.021
[2024-07-11 13:49:02,267][    INFO] ***** Evaluation ***** >>>> Class [0 Right Ventricle] Dice: 91.15
[2024-07-11 13:49:02,267][    INFO] ***** Evaluation ***** >>>> Class [1 Myocardium] Dice: 91.08
[2024-07-11 13:49:02,267][    INFO] ***** Evaluation ***** >>>> Class [2 Left Ventricle] Dice: 96.91
[2024-07-11 13:49:02,267][    INFO] ***** Evaluation ***** >>>> MeanDice: 93.05

[2024-07-11 13:49:02,463][    INFO] ===========> Epoch: 40, LR: 0.00235, Previous best: 93.19
[2024-07-11 13:49:03,155][    INFO] Iters: 0, Total loss: 0.018
[2024-07-11 13:49:06,971][    INFO] Iters: 15, Total loss: 0.021
[2024-07-11 13:49:10,559][    INFO] Iters: 30, Total loss: 0.021
[2024-07-11 13:49:14,139][    INFO] Iters: 45, Total loss: 0.021
[2024-07-11 13:49:17,882][    INFO] Iters: 60, Total loss: 0.021
[2024-07-11 13:49:21,441][    INFO] Iters: 75, Total loss: 0.021
[2024-07-11 13:49:25,020][    INFO] Iters: 90, Total loss: 0.021
[2024-07-11 13:49:28,898][    INFO] Iters: 105, Total loss: 0.021
[2024-07-11 13:49:32,774][    INFO] Iters: 120, Total loss: 0.021
[2024-07-11 13:49:37,403][    INFO] ***** Evaluation ***** >>>> Class [0 Right Ventricle] Dice: 90.93
[2024-07-11 13:49:37,403][    INFO] ***** Evaluation ***** >>>> Class [1 Myocardium] Dice: 91.27
[2024-07-11 13:49:37,403][    INFO] ***** Evaluation ***** >>>> Class [2 Left Ventricle] Dice: 97.39
[2024-07-11 13:49:37,403][    INFO] ***** Evaluation ***** >>>> MeanDice: 93.20

[2024-07-11 13:49:37,796][    INFO] ===========> Epoch: 41, LR: 0.00214, Previous best: 93.20
[2024-07-11 13:49:38,398][    INFO] Iters: 0, Total loss: 0.019
[2024-07-11 13:49:42,476][    INFO] Iters: 15, Total loss: 0.021
[2024-07-11 13:49:46,153][    INFO] Iters: 30, Total loss: 0.022
[2024-07-11 13:49:49,816][    INFO] Iters: 45, Total loss: 0.021
[2024-07-11 13:49:53,406][    INFO] Iters: 60, Total loss: 0.021
[2024-07-11 13:49:57,021][    INFO] Iters: 75, Total loss: 0.021
[2024-07-11 13:50:00,665][    INFO] Iters: 90, Total loss: 0.021
[2024-07-11 13:50:04,568][    INFO] Iters: 105, Total loss: 0.021
[2024-07-11 13:50:08,356][    INFO] Iters: 120, Total loss: 0.021
[2024-07-11 13:50:13,014][    INFO] ***** Evaluation ***** >>>> Class [0 Right Ventricle] Dice: 91.02
[2024-07-11 13:50:13,015][    INFO] ***** Evaluation ***** >>>> Class [1 Myocardium] Dice: 91.09
[2024-07-11 13:50:13,015][    INFO] ***** Evaluation ***** >>>> Class [2 Left Ventricle] Dice: 97.31
[2024-07-11 13:50:13,015][    INFO] ***** Evaluation ***** >>>> MeanDice: 93.14

[2024-07-11 13:50:13,209][    INFO] ===========> Epoch: 42, LR: 0.00192, Previous best: 93.20
[2024-07-11 13:50:13,705][    INFO] Iters: 0, Total loss: 0.019
[2024-07-11 13:50:17,510][    INFO] Iters: 15, Total loss: 0.022
[2024-07-11 13:50:21,230][    INFO] Iters: 30, Total loss: 0.021
[2024-07-11 13:50:25,045][    INFO] Iters: 45, Total loss: 0.021
[2024-07-11 13:50:28,641][    INFO] Iters: 60, Total loss: 0.021
[2024-07-11 13:50:32,279][    INFO] Iters: 75, Total loss: 0.021
[2024-07-11 13:50:36,020][    INFO] Iters: 90, Total loss: 0.021
[2024-07-11 13:50:40,198][    INFO] Iters: 105, Total loss: 0.021
[2024-07-11 13:50:44,008][    INFO] Iters: 120, Total loss: 0.021
[2024-07-11 13:50:48,565][    INFO] ***** Evaluation ***** >>>> Class [0 Right Ventricle] Dice: 91.57
[2024-07-11 13:50:48,565][    INFO] ***** Evaluation ***** >>>> Class [1 Myocardium] Dice: 91.23
[2024-07-11 13:50:48,565][    INFO] ***** Evaluation ***** >>>> Class [2 Left Ventricle] Dice: 97.24
[2024-07-11 13:50:48,565][    INFO] ***** Evaluation ***** >>>> MeanDice: 93.35

[2024-07-11 13:50:48,947][    INFO] ===========> Epoch: 43, LR: 0.00171, Previous best: 93.35
[2024-07-11 13:50:49,487][    INFO] Iters: 0, Total loss: 0.020
[2024-07-11 13:50:53,196][    INFO] Iters: 15, Total loss: 0.021
[2024-07-11 13:50:57,050][    INFO] Iters: 30, Total loss: 0.021
[2024-07-11 13:51:00,895][    INFO] Iters: 45, Total loss: 0.021
[2024-07-11 13:51:04,545][    INFO] Iters: 60, Total loss: 0.021
[2024-07-11 13:51:08,241][    INFO] Iters: 75, Total loss: 0.021
[2024-07-11 13:51:11,861][    INFO] Iters: 90, Total loss: 0.021
[2024-07-11 13:51:15,931][    INFO] Iters: 105, Total loss: 0.020
[2024-07-11 13:51:19,704][    INFO] Iters: 120, Total loss: 0.021
[2024-07-11 13:51:24,582][    INFO] ***** Evaluation ***** >>>> Class [0 Right Ventricle] Dice: 91.32
[2024-07-11 13:51:24,582][    INFO] ***** Evaluation ***** >>>> Class [1 Myocardium] Dice: 90.64
[2024-07-11 13:51:24,582][    INFO] ***** Evaluation ***** >>>> Class [2 Left Ventricle] Dice: 97.11
[2024-07-11 13:51:24,582][    INFO] ***** Evaluation ***** >>>> MeanDice: 93.02

[2024-07-11 13:51:24,767][    INFO] ===========> Epoch: 44, LR: 0.00149, Previous best: 93.35
[2024-07-11 13:51:25,238][    INFO] Iters: 0, Total loss: 0.023
[2024-07-11 13:51:29,148][    INFO] Iters: 15, Total loss: 0.020
[2024-07-11 13:51:32,840][    INFO] Iters: 30, Total loss: 0.020
[2024-07-11 13:51:36,601][    INFO] Iters: 45, Total loss: 0.020
[2024-07-11 13:51:40,227][    INFO] Iters: 60, Total loss: 0.021
[2024-07-11 13:51:43,806][    INFO] Iters: 75, Total loss: 0.020
[2024-07-11 13:51:47,328][    INFO] Iters: 90, Total loss: 0.020
[2024-07-11 13:51:51,314][    INFO] Iters: 105, Total loss: 0.021
[2024-07-11 13:51:59,005][    INFO] Iters: 120, Total loss: 0.021
[2024-07-11 13:52:09,032][    INFO] ***** Evaluation ***** >>>> Class [0 Right Ventricle] Dice: 91.00
[2024-07-11 13:52:09,032][    INFO] ***** Evaluation ***** >>>> Class [1 Myocardium] Dice: 90.62
[2024-07-11 13:52:09,032][    INFO] ***** Evaluation ***** >>>> Class [2 Left Ventricle] Dice: 96.84
[2024-07-11 13:52:09,032][    INFO] ***** Evaluation ***** >>>> MeanDice: 92.82

[2024-07-11 13:52:09,387][    INFO] ===========> Epoch: 45, LR: 0.00126, Previous best: 93.35
[2024-07-11 13:52:10,419][    INFO] Iters: 0, Total loss: 0.017
[2024-07-11 13:52:14,176][    INFO] Iters: 15, Total loss: 0.019
[2024-07-11 13:52:17,834][    INFO] Iters: 30, Total loss: 0.020
[2024-07-11 13:52:21,375][    INFO] Iters: 45, Total loss: 0.020
[2024-07-11 13:52:25,217][    INFO] Iters: 60, Total loss: 0.020
[2024-07-11 13:52:28,920][    INFO] Iters: 75, Total loss: 0.021
[2024-07-11 13:52:32,571][    INFO] Iters: 90, Total loss: 0.021
[2024-07-11 13:52:36,420][    INFO] Iters: 105, Total loss: 0.021
[2024-07-11 13:52:40,364][    INFO] Iters: 120, Total loss: 0.021
[2024-07-11 13:52:45,027][    INFO] ***** Evaluation ***** >>>> Class [0 Right Ventricle] Dice: 91.20
[2024-07-11 13:52:45,027][    INFO] ***** Evaluation ***** >>>> Class [1 Myocardium] Dice: 90.93
[2024-07-11 13:52:45,027][    INFO] ***** Evaluation ***** >>>> Class [2 Left Ventricle] Dice: 97.06
[2024-07-11 13:52:45,027][    INFO] ***** Evaluation ***** >>>> MeanDice: 93.06

[2024-07-11 13:52:45,222][    INFO] ===========> Epoch: 46, LR: 0.00103, Previous best: 93.35
[2024-07-11 13:52:45,728][    INFO] Iters: 0, Total loss: 0.018
[2024-07-11 13:52:49,588][    INFO] Iters: 15, Total loss: 0.020
[2024-07-11 13:52:53,350][    INFO] Iters: 30, Total loss: 0.020
[2024-07-11 13:52:57,280][    INFO] Iters: 45, Total loss: 0.020
[2024-07-11 13:53:01,412][    INFO] Iters: 60, Total loss: 0.020
[2024-07-11 13:53:05,167][    INFO] Iters: 75, Total loss: 0.020
[2024-07-11 13:53:08,949][    INFO] Iters: 90, Total loss: 0.020
[2024-07-11 13:53:13,032][    INFO] Iters: 105, Total loss: 0.020
[2024-07-11 13:53:17,164][    INFO] Iters: 120, Total loss: 0.020
[2024-07-11 13:53:21,920][    INFO] ***** Evaluation ***** >>>> Class [0 Right Ventricle] Dice: 91.28
[2024-07-11 13:53:21,921][    INFO] ***** Evaluation ***** >>>> Class [1 Myocardium] Dice: 91.04
[2024-07-11 13:53:21,921][    INFO] ***** Evaluation ***** >>>> Class [2 Left Ventricle] Dice: 97.07
[2024-07-11 13:53:21,921][    INFO] ***** Evaluation ***** >>>> MeanDice: 93.13

[2024-07-11 13:53:22,117][    INFO] ===========> Epoch: 47, LR: 0.00080, Previous best: 93.35
[2024-07-11 13:53:22,794][    INFO] Iters: 0, Total loss: 0.021
[2024-07-11 13:53:26,509][    INFO] Iters: 15, Total loss: 0.020
[2024-07-11 13:53:30,323][    INFO] Iters: 30, Total loss: 0.020
[2024-07-11 13:53:34,078][    INFO] Iters: 45, Total loss: 0.020
[2024-07-11 13:53:37,798][    INFO] Iters: 60, Total loss: 0.020
[2024-07-11 13:53:41,537][    INFO] Iters: 75, Total loss: 0.021
[2024-07-11 13:53:45,360][    INFO] Iters: 90, Total loss: 0.021
[2024-07-11 13:53:49,012][    INFO] Iters: 105, Total loss: 0.021
[2024-07-11 13:53:53,166][    INFO] Iters: 120, Total loss: 0.021
[2024-07-11 13:53:57,926][    INFO] ***** Evaluation ***** >>>> Class [0 Right Ventricle] Dice: 91.18
[2024-07-11 13:53:57,926][    INFO] ***** Evaluation ***** >>>> Class [1 Myocardium] Dice: 91.27
[2024-07-11 13:53:57,926][    INFO] ***** Evaluation ***** >>>> Class [2 Left Ventricle] Dice: 97.18
[2024-07-11 13:53:57,926][    INFO] ***** Evaluation ***** >>>> MeanDice: 93.21

[2024-07-11 13:53:58,123][    INFO] ===========> Epoch: 48, LR: 0.00055, Previous best: 93.35
[2024-07-11 13:53:58,684][    INFO] Iters: 0, Total loss: 0.022
[2024-07-11 13:54:02,694][    INFO] Iters: 15, Total loss: 0.020
[2024-07-11 13:54:06,550][    INFO] Iters: 30, Total loss: 0.021
[2024-07-11 13:54:10,292][    INFO] Iters: 45, Total loss: 0.020
[2024-07-11 13:54:14,003][    INFO] Iters: 60, Total loss: 0.021
[2024-07-11 13:54:17,647][    INFO] Iters: 75, Total loss: 0.020
[2024-07-11 13:54:21,359][    INFO] Iters: 90, Total loss: 0.020
[2024-07-11 13:54:24,997][    INFO] Iters: 105, Total loss: 0.020
[2024-07-11 13:54:29,186][    INFO] Iters: 120, Total loss: 0.020
[2024-07-11 13:54:33,987][    INFO] ***** Evaluation ***** >>>> Class [0 Right Ventricle] Dice: 91.26
[2024-07-11 13:54:33,988][    INFO] ***** Evaluation ***** >>>> Class [1 Myocardium] Dice: 90.92
[2024-07-11 13:54:33,988][    INFO] ***** Evaluation ***** >>>> Class [2 Left Ventricle] Dice: 97.06
[2024-07-11 13:54:33,988][    INFO] ***** Evaluation ***** >>>> MeanDice: 93.08

[2024-07-11 13:54:34,186][    INFO] ===========> Epoch: 49, LR: 0.00030, Previous best: 93.35
[2024-07-11 13:54:34,664][    INFO] Iters: 0, Total loss: 0.021
[2024-07-11 13:54:38,573][    INFO] Iters: 15, Total loss: 0.021
[2024-07-11 13:54:42,386][    INFO] Iters: 30, Total loss: 0.020
[2024-07-11 13:54:46,212][    INFO] Iters: 45, Total loss: 0.020
[2024-07-11 13:54:50,212][    INFO] Iters: 60, Total loss: 0.021
[2024-07-11 13:54:54,075][    INFO] Iters: 75, Total loss: 0.021
[2024-07-11 13:54:57,910][    INFO] Iters: 90, Total loss: 0.021
[2024-07-11 13:55:01,862][    INFO] Iters: 105, Total loss: 0.021
[2024-07-11 13:55:05,926][    INFO] Iters: 120, Total loss: 0.020
[2024-07-11 13:55:10,556][    INFO] ***** Evaluation ***** >>>> Class [0 Right Ventricle] Dice: 91.39
[2024-07-11 13:55:10,556][    INFO] ***** Evaluation ***** >>>> Class [1 Myocardium] Dice: 91.28
[2024-07-11 13:55:10,556][    INFO] ***** Evaluation ***** >>>> Class [2 Left Ventricle] Dice: 97.11
[2024-07-11 13:55:10,556][    INFO] ***** Evaluation ***** >>>> MeanDice: 93.26

