/var/lib/slurm-llnl/slurmd/job06188/slurm_script: line 12: module: command not found
/var/lib/slurm-llnl/slurmd/job06188/slurm_script: line 13: activate: No such file or directory

CondaError: Run 'conda init' before 'conda deactivate'


CondaError: Run 'conda init' before 'conda activate'

[2024-07-11 13:25:08,480][    INFO] {'batch_size': 12,
 'conf_thresh': 0.95,
 'crop_size': 256,
 'data_root': '/vol/aimspace/projects/ukbb/data/cardiac/cardiac_segmentations/subjects',
 'dataset': 'ukbb',
 'epochs': 50,
 'exp': '4',
 'local_rank': 0,
 'lr': 0.01,
 'mode': 'train',
 'nclass': 4,
 'nclass_classif': 3,
 'ngpus': 1,
 'num_workers': 1,
 'port': 8053,
 'seed': '53',
 'seg_model': 'unet',
 'split': 18,
 'task': 'seg_only_mid_slices',
 'visualize': False}

[2024-07-11 13:25:08,560][    INFO] Total params: 1.8M

[2024-07-11 13:25:10,167][    INFO] ===========> Epoch: 0, LR: 0.01000, Previous best: 0.00
[2024-07-11 13:25:20,948][    INFO] Iters: 0, Total loss: 1.072
[2024-07-11 13:25:32,017][    INFO] Iters: 15, Total loss: 0.640
[2024-07-11 13:25:45,374][    INFO] Iters: 30, Total loss: 0.528
[2024-07-11 13:25:53,218][    INFO] Iters: 45, Total loss: 0.479
[2024-07-11 13:25:59,125][    INFO] Iters: 60, Total loss: 0.445
[2024-07-11 13:26:04,142][    INFO] Iters: 75, Total loss: 0.416
[2024-07-11 13:26:08,096][    INFO] Iters: 90, Total loss: 0.390
[2024-07-11 13:26:11,686][    INFO] Iters: 105, Total loss: 0.362
[2024-07-11 13:26:15,247][    INFO] Iters: 120, Total loss: 0.336
[2024-07-11 13:26:23,861][    INFO] ***** Evaluation ***** >>>> Class [0 Right Ventricle] Dice: 50.78
[2024-07-11 13:26:23,862][    INFO] ***** Evaluation ***** >>>> Class [1 Myocardium] Dice: 54.89
[2024-07-11 13:26:23,862][    INFO] ***** Evaluation ***** >>>> Class [2 Left Ventricle] Dice: 68.41
[2024-07-11 13:26:23,862][    INFO] ***** Evaluation ***** >>>> MeanDice: 58.03

[2024-07-11 13:26:24,238][    INFO] ===========> Epoch: 1, LR: 0.00982, Previous best: 58.03
[2024-07-11 13:26:24,811][    INFO] Iters: 0, Total loss: 0.181
[2024-07-11 13:26:28,930][    INFO] Iters: 15, Total loss: 0.133
[2024-07-11 13:26:32,867][    INFO] Iters: 30, Total loss: 0.121
[2024-07-11 13:26:36,500][    INFO] Iters: 45, Total loss: 0.112
[2024-07-11 13:26:40,059][    INFO] Iters: 60, Total loss: 0.106
[2024-07-11 13:26:43,531][    INFO] Iters: 75, Total loss: 0.101
[2024-07-11 13:26:47,068][    INFO] Iters: 90, Total loss: 0.096
[2024-07-11 13:26:50,554][    INFO] Iters: 105, Total loss: 0.092
[2024-07-11 13:26:54,104][    INFO] Iters: 120, Total loss: 0.089
[2024-07-11 13:26:58,644][    INFO] ***** Evaluation ***** >>>> Class [0 Right Ventricle] Dice: 68.47
[2024-07-11 13:26:58,644][    INFO] ***** Evaluation ***** >>>> Class [1 Myocardium] Dice: 71.34
[2024-07-11 13:26:58,644][    INFO] ***** Evaluation ***** >>>> Class [2 Left Ventricle] Dice: 82.34
[2024-07-11 13:26:58,644][    INFO] ***** Evaluation ***** >>>> MeanDice: 74.05

[2024-07-11 13:26:59,031][    INFO] ===========> Epoch: 2, LR: 0.00964, Previous best: 74.05
[2024-07-11 13:26:59,462][    INFO] Iters: 0, Total loss: 0.060
[2024-07-11 13:27:03,248][    INFO] Iters: 15, Total loss: 0.063
[2024-07-11 13:27:06,827][    INFO] Iters: 30, Total loss: 0.062
[2024-07-11 13:27:10,358][    INFO] Iters: 45, Total loss: 0.062
[2024-07-11 13:27:13,802][    INFO] Iters: 60, Total loss: 0.060
[2024-07-11 13:27:17,350][    INFO] Iters: 75, Total loss: 0.059
[2024-07-11 13:27:20,914][    INFO] Iters: 90, Total loss: 0.059
[2024-07-11 13:27:24,408][    INFO] Iters: 105, Total loss: 0.058
[2024-07-11 13:27:27,905][    INFO] Iters: 120, Total loss: 0.057
[2024-07-11 13:27:32,502][    INFO] ***** Evaluation ***** >>>> Class [0 Right Ventricle] Dice: 3.90
[2024-07-11 13:27:32,502][    INFO] ***** Evaluation ***** >>>> Class [1 Myocardium] Dice: 23.76
[2024-07-11 13:27:32,502][    INFO] ***** Evaluation ***** >>>> Class [2 Left Ventricle] Dice: 19.58
[2024-07-11 13:27:32,502][    INFO] ***** Evaluation ***** >>>> MeanDice: 15.75

[2024-07-11 13:27:32,699][    INFO] ===========> Epoch: 3, LR: 0.00946, Previous best: 74.05
[2024-07-11 13:27:33,317][    INFO] Iters: 0, Total loss: 0.047
[2024-07-11 13:27:37,512][    INFO] Iters: 15, Total loss: 0.054
[2024-07-11 13:27:41,179][    INFO] Iters: 30, Total loss: 0.055
[2024-07-11 13:27:44,968][    INFO] Iters: 45, Total loss: 0.052
[2024-07-11 13:27:48,660][    INFO] Iters: 60, Total loss: 0.051
[2024-07-11 13:27:52,288][    INFO] Iters: 75, Total loss: 0.050
[2024-07-11 13:27:55,876][    INFO] Iters: 90, Total loss: 0.048
[2024-07-11 13:27:59,382][    INFO] Iters: 105, Total loss: 0.048
[2024-07-11 13:28:02,920][    INFO] Iters: 120, Total loss: 0.047
[2024-07-11 13:28:07,773][    INFO] ***** Evaluation ***** >>>> Class [0 Right Ventricle] Dice: 71.15
[2024-07-11 13:28:07,773][    INFO] ***** Evaluation ***** >>>> Class [1 Myocardium] Dice: 81.41
[2024-07-11 13:28:07,773][    INFO] ***** Evaluation ***** >>>> Class [2 Left Ventricle] Dice: 89.82
[2024-07-11 13:28:07,773][    INFO] ***** Evaluation ***** >>>> MeanDice: 80.79

[2024-07-11 13:28:08,167][    INFO] ===========> Epoch: 4, LR: 0.00928, Previous best: 80.79
[2024-07-11 13:28:08,597][    INFO] Iters: 0, Total loss: 0.060
[2024-07-11 13:28:12,359][    INFO] Iters: 15, Total loss: 0.043
[2024-07-11 13:28:16,027][    INFO] Iters: 30, Total loss: 0.043
[2024-07-11 13:28:19,641][    INFO] Iters: 45, Total loss: 0.043
[2024-07-11 13:28:23,113][    INFO] Iters: 60, Total loss: 0.043
[2024-07-11 13:28:26,710][    INFO] Iters: 75, Total loss: 0.043
[2024-07-11 13:28:30,314][    INFO] Iters: 90, Total loss: 0.042
[2024-07-11 13:28:33,874][    INFO] Iters: 105, Total loss: 0.041
[2024-07-11 13:28:37,385][    INFO] Iters: 120, Total loss: 0.041
[2024-07-11 13:28:42,022][    INFO] ***** Evaluation ***** >>>> Class [0 Right Ventricle] Dice: 61.84
[2024-07-11 13:28:42,023][    INFO] ***** Evaluation ***** >>>> Class [1 Myocardium] Dice: 76.17
[2024-07-11 13:28:42,023][    INFO] ***** Evaluation ***** >>>> Class [2 Left Ventricle] Dice: 84.48
[2024-07-11 13:28:42,023][    INFO] ***** Evaluation ***** >>>> MeanDice: 74.16

[2024-07-11 13:28:42,219][    INFO] ===========> Epoch: 5, LR: 0.00910, Previous best: 80.79
[2024-07-11 13:28:42,762][    INFO] Iters: 0, Total loss: 0.035
[2024-07-11 13:28:46,965][    INFO] Iters: 15, Total loss: 0.039
[2024-07-11 13:28:50,768][    INFO] Iters: 30, Total loss: 0.039
[2024-07-11 13:28:54,568][    INFO] Iters: 45, Total loss: 0.039
[2024-07-11 13:28:58,306][    INFO] Iters: 60, Total loss: 0.039
[2024-07-11 13:29:02,071][    INFO] Iters: 75, Total loss: 0.039
[2024-07-11 13:29:05,826][    INFO] Iters: 90, Total loss: 0.038
[2024-07-11 13:29:09,525][    INFO] Iters: 105, Total loss: 0.038
[2024-07-11 13:29:13,257][    INFO] Iters: 120, Total loss: 0.038
[2024-07-11 13:29:17,801][    INFO] ***** Evaluation ***** >>>> Class [0 Right Ventricle] Dice: 71.02
[2024-07-11 13:29:17,801][    INFO] ***** Evaluation ***** >>>> Class [1 Myocardium] Dice: 77.44
[2024-07-11 13:29:17,801][    INFO] ***** Evaluation ***** >>>> Class [2 Left Ventricle] Dice: 86.96
[2024-07-11 13:29:17,801][    INFO] ***** Evaluation ***** >>>> MeanDice: 78.48

[2024-07-11 13:29:17,997][    INFO] ===========> Epoch: 6, LR: 0.00891, Previous best: 80.79
[2024-07-11 13:29:18,604][    INFO] Iters: 0, Total loss: 0.047
[2024-07-11 13:29:22,359][    INFO] Iters: 15, Total loss: 0.039
[2024-07-11 13:29:26,028][    INFO] Iters: 30, Total loss: 0.037
[2024-07-11 13:29:29,856][    INFO] Iters: 45, Total loss: 0.037
[2024-07-11 13:29:33,502][    INFO] Iters: 60, Total loss: 0.037
[2024-07-11 13:29:37,163][    INFO] Iters: 75, Total loss: 0.037
[2024-07-11 13:29:40,835][    INFO] Iters: 90, Total loss: 0.036
[2024-07-11 13:29:44,595][    INFO] Iters: 105, Total loss: 0.036
[2024-07-11 13:29:48,309][    INFO] Iters: 120, Total loss: 0.036
[2024-07-11 13:29:53,280][    INFO] ***** Evaluation ***** >>>> Class [0 Right Ventricle] Dice: 74.90
[2024-07-11 13:29:53,280][    INFO] ***** Evaluation ***** >>>> Class [1 Myocardium] Dice: 76.27
[2024-07-11 13:29:53,281][    INFO] ***** Evaluation ***** >>>> Class [2 Left Ventricle] Dice: 82.76
[2024-07-11 13:29:53,281][    INFO] ***** Evaluation ***** >>>> MeanDice: 77.97

[2024-07-11 13:29:53,479][    INFO] ===========> Epoch: 7, LR: 0.00873, Previous best: 80.79
[2024-07-11 13:29:54,020][    INFO] Iters: 0, Total loss: 0.030
[2024-07-11 13:29:57,769][    INFO] Iters: 15, Total loss: 0.036
[2024-07-11 13:30:01,451][    INFO] Iters: 30, Total loss: 0.036
[2024-07-11 13:30:05,296][    INFO] Iters: 45, Total loss: 0.036
[2024-07-11 13:30:09,163][    INFO] Iters: 60, Total loss: 0.035
[2024-07-11 13:30:12,935][    INFO] Iters: 75, Total loss: 0.035
[2024-07-11 13:30:16,762][    INFO] Iters: 90, Total loss: 0.035
[2024-07-11 13:30:20,447][    INFO] Iters: 105, Total loss: 0.034
[2024-07-11 13:30:24,125][    INFO] Iters: 120, Total loss: 0.034
[2024-07-11 13:30:28,626][    INFO] ***** Evaluation ***** >>>> Class [0 Right Ventricle] Dice: 82.40
[2024-07-11 13:30:28,626][    INFO] ***** Evaluation ***** >>>> Class [1 Myocardium] Dice: 83.36
[2024-07-11 13:30:28,626][    INFO] ***** Evaluation ***** >>>> Class [2 Left Ventricle] Dice: 91.25
[2024-07-11 13:30:28,627][    INFO] ***** Evaluation ***** >>>> MeanDice: 85.67

[2024-07-11 13:30:29,029][    INFO] ===========> Epoch: 8, LR: 0.00855, Previous best: 85.67
[2024-07-11 13:30:29,553][    INFO] Iters: 0, Total loss: 0.031
[2024-07-11 13:30:33,190][    INFO] Iters: 15, Total loss: 0.032
[2024-07-11 13:30:36,810][    INFO] Iters: 30, Total loss: 0.033
[2024-07-11 13:30:40,394][    INFO] Iters: 45, Total loss: 0.032
[2024-07-11 13:30:43,972][    INFO] Iters: 60, Total loss: 0.032
[2024-07-11 13:30:47,561][    INFO] Iters: 75, Total loss: 0.032
[2024-07-11 13:30:51,095][    INFO] Iters: 90, Total loss: 0.032
[2024-07-11 13:30:54,623][    INFO] Iters: 105, Total loss: 0.032
[2024-07-11 13:30:58,183][    INFO] Iters: 120, Total loss: 0.032
[2024-07-11 13:31:02,908][    INFO] ***** Evaluation ***** >>>> Class [0 Right Ventricle] Dice: 80.86
[2024-07-11 13:31:02,909][    INFO] ***** Evaluation ***** >>>> Class [1 Myocardium] Dice: 81.81
[2024-07-11 13:31:02,909][    INFO] ***** Evaluation ***** >>>> Class [2 Left Ventricle] Dice: 89.67
[2024-07-11 13:31:02,909][    INFO] ***** Evaluation ***** >>>> MeanDice: 84.11

[2024-07-11 13:31:03,108][    INFO] ===========> Epoch: 9, LR: 0.00837, Previous best: 85.67
[2024-07-11 13:31:03,585][    INFO] Iters: 0, Total loss: 0.028
[2024-07-11 13:31:07,293][    INFO] Iters: 15, Total loss: 0.029
[2024-07-11 13:31:11,104][    INFO] Iters: 30, Total loss: 0.030
[2024-07-11 13:31:14,821][    INFO] Iters: 45, Total loss: 0.031
[2024-07-11 13:31:18,540][    INFO] Iters: 60, Total loss: 0.031
[2024-07-11 13:31:22,332][    INFO] Iters: 75, Total loss: 0.031
[2024-07-11 13:31:26,093][    INFO] Iters: 90, Total loss: 0.031
[2024-07-11 13:31:29,790][    INFO] Iters: 105, Total loss: 0.030
[2024-07-11 13:31:33,558][    INFO] Iters: 120, Total loss: 0.031
[2024-07-11 13:31:38,094][    INFO] ***** Evaluation ***** >>>> Class [0 Right Ventricle] Dice: 76.03
[2024-07-11 13:31:38,094][    INFO] ***** Evaluation ***** >>>> Class [1 Myocardium] Dice: 79.70
[2024-07-11 13:31:38,094][    INFO] ***** Evaluation ***** >>>> Class [2 Left Ventricle] Dice: 85.72
[2024-07-11 13:31:38,094][    INFO] ***** Evaluation ***** >>>> MeanDice: 80.48

[2024-07-11 13:31:38,290][    INFO] ===========> Epoch: 10, LR: 0.00818, Previous best: 85.67
[2024-07-11 13:31:38,737][    INFO] Iters: 0, Total loss: 0.032
[2024-07-11 13:31:42,470][    INFO] Iters: 15, Total loss: 0.031
[2024-07-11 13:31:46,224][    INFO] Iters: 30, Total loss: 0.031
[2024-07-11 13:31:49,949][    INFO] Iters: 45, Total loss: 0.029
[2024-07-11 13:31:53,637][    INFO] Iters: 60, Total loss: 0.030
[2024-07-11 13:31:57,259][    INFO] Iters: 75, Total loss: 0.029
[2024-07-11 13:32:01,243][    INFO] Iters: 90, Total loss: 0.030
[2024-07-11 13:32:04,807][    INFO] Iters: 105, Total loss: 0.030
[2024-07-11 13:32:08,806][    INFO] Iters: 120, Total loss: 0.030
[2024-07-11 13:32:13,414][    INFO] ***** Evaluation ***** >>>> Class [0 Right Ventricle] Dice: 72.48
[2024-07-11 13:32:13,414][    INFO] ***** Evaluation ***** >>>> Class [1 Myocardium] Dice: 81.42
[2024-07-11 13:32:13,414][    INFO] ***** Evaluation ***** >>>> Class [2 Left Ventricle] Dice: 88.61
[2024-07-11 13:32:13,414][    INFO] ***** Evaluation ***** >>>> MeanDice: 80.84

[2024-07-11 13:32:13,609][    INFO] ===========> Epoch: 11, LR: 0.00800, Previous best: 85.67
[2024-07-11 13:32:14,091][    INFO] Iters: 0, Total loss: 0.027
[2024-07-11 13:32:17,857][    INFO] Iters: 15, Total loss: 0.028
[2024-07-11 13:32:21,590][    INFO] Iters: 30, Total loss: 0.027
[2024-07-11 13:32:25,286][    INFO] Iters: 45, Total loss: 0.028
[2024-07-11 13:32:28,887][    INFO] Iters: 60, Total loss: 0.028
[2024-07-11 13:32:32,430][    INFO] Iters: 75, Total loss: 0.028
[2024-07-11 13:32:36,080][    INFO] Iters: 90, Total loss: 0.029
[2024-07-11 13:32:39,643][    INFO] Iters: 105, Total loss: 0.028
[2024-07-11 13:32:43,209][    INFO] Iters: 120, Total loss: 0.029
[2024-07-11 13:32:47,692][    INFO] ***** Evaluation ***** >>>> Class [0 Right Ventricle] Dice: 77.64
[2024-07-11 13:32:47,692][    INFO] ***** Evaluation ***** >>>> Class [1 Myocardium] Dice: 82.85
[2024-07-11 13:32:47,692][    INFO] ***** Evaluation ***** >>>> Class [2 Left Ventricle] Dice: 88.84
[2024-07-11 13:32:47,692][    INFO] ***** Evaluation ***** >>>> MeanDice: 83.11

[2024-07-11 13:32:47,888][    INFO] ===========> Epoch: 12, LR: 0.00781, Previous best: 85.67
[2024-07-11 13:32:48,396][    INFO] Iters: 0, Total loss: 0.027
[2024-07-11 13:32:52,263][    INFO] Iters: 15, Total loss: 0.026
[2024-07-11 13:32:56,164][    INFO] Iters: 30, Total loss: 0.028
[2024-07-11 13:32:59,957][    INFO] Iters: 45, Total loss: 0.028
[2024-07-11 13:33:03,619][    INFO] Iters: 60, Total loss: 0.028
[2024-07-11 13:33:07,187][    INFO] Iters: 75, Total loss: 0.028
[2024-07-11 13:33:11,190][    INFO] Iters: 90, Total loss: 0.028
[2024-07-11 13:33:14,693][    INFO] Iters: 105, Total loss: 0.028
[2024-07-11 13:33:18,308][    INFO] Iters: 120, Total loss: 0.028
[2024-07-11 13:33:22,909][    INFO] ***** Evaluation ***** >>>> Class [0 Right Ventricle] Dice: 82.40
[2024-07-11 13:33:22,909][    INFO] ***** Evaluation ***** >>>> Class [1 Myocardium] Dice: 85.05
[2024-07-11 13:33:22,909][    INFO] ***** Evaluation ***** >>>> Class [2 Left Ventricle] Dice: 90.59
[2024-07-11 13:33:22,910][    INFO] ***** Evaluation ***** >>>> MeanDice: 86.01

[2024-07-11 13:33:23,311][    INFO] ===========> Epoch: 13, LR: 0.00763, Previous best: 86.01
[2024-07-11 13:33:23,809][    INFO] Iters: 0, Total loss: 0.031
[2024-07-11 13:33:27,676][    INFO] Iters: 15, Total loss: 0.026
[2024-07-11 13:33:31,456][    INFO] Iters: 30, Total loss: 0.027
[2024-07-11 13:33:35,247][    INFO] Iters: 45, Total loss: 0.027
[2024-07-11 13:33:38,899][    INFO] Iters: 60, Total loss: 0.027
[2024-07-11 13:33:42,572][    INFO] Iters: 75, Total loss: 0.027
[2024-07-11 13:33:46,196][    INFO] Iters: 90, Total loss: 0.027
[2024-07-11 13:33:49,826][    INFO] Iters: 105, Total loss: 0.028
[2024-07-11 13:33:53,422][    INFO] Iters: 120, Total loss: 0.027
[2024-07-11 13:33:58,070][    INFO] ***** Evaluation ***** >>>> Class [0 Right Ventricle] Dice: 79.39
[2024-07-11 13:33:58,070][    INFO] ***** Evaluation ***** >>>> Class [1 Myocardium] Dice: 82.45
[2024-07-11 13:33:58,070][    INFO] ***** Evaluation ***** >>>> Class [2 Left Ventricle] Dice: 87.73
[2024-07-11 13:33:58,070][    INFO] ***** Evaluation ***** >>>> MeanDice: 83.19

[2024-07-11 13:33:58,266][    INFO] ===========> Epoch: 14, LR: 0.00744, Previous best: 86.01
[2024-07-11 13:33:58,817][    INFO] Iters: 0, Total loss: 0.031
[2024-07-11 13:34:02,507][    INFO] Iters: 15, Total loss: 0.027
[2024-07-11 13:34:06,626][    INFO] Iters: 30, Total loss: 0.027
[2024-07-11 13:34:10,282][    INFO] Iters: 45, Total loss: 0.027
[2024-07-11 13:34:14,934][    INFO] Iters: 60, Total loss: 0.027
[2024-07-11 13:34:30,101][    INFO] Iters: 75, Total loss: 0.027
[2024-07-11 13:35:26,418][    INFO] Iters: 90, Total loss: 0.027
[2024-07-11 13:35:29,978][    INFO] Iters: 105, Total loss: 0.027
[2024-07-11 13:35:33,588][    INFO] Iters: 120, Total loss: 0.027
[2024-07-11 13:35:38,208][    INFO] ***** Evaluation ***** >>>> Class [0 Right Ventricle] Dice: 78.09
[2024-07-11 13:35:38,208][    INFO] ***** Evaluation ***** >>>> Class [1 Myocardium] Dice: 83.08
[2024-07-11 13:35:38,208][    INFO] ***** Evaluation ***** >>>> Class [2 Left Ventricle] Dice: 90.11
[2024-07-11 13:35:38,208][    INFO] ***** Evaluation ***** >>>> MeanDice: 83.76

[2024-07-11 13:35:38,416][    INFO] ===========> Epoch: 15, LR: 0.00726, Previous best: 86.01
[2024-07-11 13:35:38,967][    INFO] Iters: 0, Total loss: 0.026
[2024-07-11 13:35:42,643][    INFO] Iters: 15, Total loss: 0.027
[2024-07-11 13:35:46,252][    INFO] Iters: 30, Total loss: 0.027
[2024-07-11 13:35:49,820][    INFO] Iters: 45, Total loss: 0.027
[2024-07-11 13:35:53,787][    INFO] Iters: 60, Total loss: 0.027
[2024-07-11 13:35:57,353][    INFO] Iters: 75, Total loss: 0.026
[2024-07-11 13:36:00,856][    INFO] Iters: 90, Total loss: 0.026
[2024-07-11 13:36:04,371][    INFO] Iters: 105, Total loss: 0.027
[2024-07-11 13:36:07,889][    INFO] Iters: 120, Total loss: 0.027
[2024-07-11 13:36:12,406][    INFO] ***** Evaluation ***** >>>> Class [0 Right Ventricle] Dice: 78.58
[2024-07-11 13:36:12,406][    INFO] ***** Evaluation ***** >>>> Class [1 Myocardium] Dice: 84.27
[2024-07-11 13:36:12,406][    INFO] ***** Evaluation ***** >>>> Class [2 Left Ventricle] Dice: 90.98
[2024-07-11 13:36:12,406][    INFO] ***** Evaluation ***** >>>> MeanDice: 84.61

[2024-07-11 13:36:12,607][    INFO] ===========> Epoch: 16, LR: 0.00707, Previous best: 86.01
[2024-07-11 13:36:13,151][    INFO] Iters: 0, Total loss: 0.026
[2024-07-11 13:36:16,935][    INFO] Iters: 15, Total loss: 0.024
[2024-07-11 13:36:20,700][    INFO] Iters: 30, Total loss: 0.025
[2024-07-11 13:36:24,557][    INFO] Iters: 45, Total loss: 0.026
[2024-07-11 13:36:28,222][    INFO] Iters: 60, Total loss: 0.026
[2024-07-11 13:36:31,920][    INFO] Iters: 75, Total loss: 0.026
[2024-07-11 13:36:35,630][    INFO] Iters: 90, Total loss: 0.026
[2024-07-11 13:36:39,391][    INFO] Iters: 105, Total loss: 0.026
[2024-07-11 13:36:43,057][    INFO] Iters: 120, Total loss: 0.026
[2024-07-11 13:36:47,601][    INFO] ***** Evaluation ***** >>>> Class [0 Right Ventricle] Dice: 86.52
[2024-07-11 13:36:47,601][    INFO] ***** Evaluation ***** >>>> Class [1 Myocardium] Dice: 88.55
[2024-07-11 13:36:47,601][    INFO] ***** Evaluation ***** >>>> Class [2 Left Ventricle] Dice: 95.49
[2024-07-11 13:36:47,601][    INFO] ***** Evaluation ***** >>>> MeanDice: 90.19

[2024-07-11 13:36:48,008][    INFO] ===========> Epoch: 17, LR: 0.00688, Previous best: 90.19
[2024-07-11 13:36:48,525][    INFO] Iters: 0, Total loss: 0.030
[2024-07-11 13:36:52,151][    INFO] Iters: 15, Total loss: 0.026
[2024-07-11 13:36:55,736][    INFO] Iters: 30, Total loss: 0.026
[2024-07-11 13:36:59,708][    INFO] Iters: 45, Total loss: 0.026
[2024-07-11 13:37:03,294][    INFO] Iters: 60, Total loss: 0.026
[2024-07-11 13:37:06,824][    INFO] Iters: 75, Total loss: 0.025
[2024-07-11 13:37:10,429][    INFO] Iters: 90, Total loss: 0.025
[2024-07-11 13:37:14,365][    INFO] Iters: 105, Total loss: 0.025
[2024-07-11 13:37:18,011][    INFO] Iters: 120, Total loss: 0.025
[2024-07-11 13:37:22,621][    INFO] ***** Evaluation ***** >>>> Class [0 Right Ventricle] Dice: 65.19
[2024-07-11 13:37:22,621][    INFO] ***** Evaluation ***** >>>> Class [1 Myocardium] Dice: 76.96
[2024-07-11 13:37:22,621][    INFO] ***** Evaluation ***** >>>> Class [2 Left Ventricle] Dice: 82.55
[2024-07-11 13:37:22,621][    INFO] ***** Evaluation ***** >>>> MeanDice: 74.90

[2024-07-11 13:37:22,818][    INFO] ===========> Epoch: 18, LR: 0.00669, Previous best: 90.19
[2024-07-11 13:37:23,365][    INFO] Iters: 0, Total loss: 0.024
[2024-07-11 13:37:28,181][    INFO] Iters: 15, Total loss: 0.027
[2024-07-11 13:38:04,113][    INFO] Iters: 30, Total loss: 0.026
[2024-07-11 13:39:38,113][    INFO] Iters: 45, Total loss: 0.026
[2024-07-11 13:40:50,056][    INFO] Iters: 60, Total loss: 0.026
[2024-07-11 13:40:53,733][    INFO] Iters: 75, Total loss: 0.026
[2024-07-11 13:40:57,275][    INFO] Iters: 90, Total loss: 0.025
[2024-07-11 13:41:00,883][    INFO] Iters: 105, Total loss: 0.025
[2024-07-11 13:41:04,498][    INFO] Iters: 120, Total loss: 0.025
[2024-07-11 13:41:08,965][    INFO] ***** Evaluation ***** >>>> Class [0 Right Ventricle] Dice: 86.10
[2024-07-11 13:41:08,965][    INFO] ***** Evaluation ***** >>>> Class [1 Myocardium] Dice: 88.34
[2024-07-11 13:41:08,965][    INFO] ***** Evaluation ***** >>>> Class [2 Left Ventricle] Dice: 94.09
[2024-07-11 13:41:08,965][    INFO] ***** Evaluation ***** >>>> MeanDice: 89.51

[2024-07-11 13:41:09,177][    INFO] ===========> Epoch: 19, LR: 0.00651, Previous best: 90.19
[2024-07-11 13:41:09,687][    INFO] Iters: 0, Total loss: 0.022
[2024-07-11 13:41:13,419][    INFO] Iters: 15, Total loss: 0.025
[2024-07-11 13:41:17,205][    INFO] Iters: 30, Total loss: 0.025
[2024-07-11 13:41:20,946][    INFO] Iters: 45, Total loss: 0.025
[2024-07-11 13:41:24,528][    INFO] Iters: 60, Total loss: 0.024
[2024-07-11 13:41:28,112][    INFO] Iters: 75, Total loss: 0.024
[2024-07-11 13:41:31,784][    INFO] Iters: 90, Total loss: 0.024
[2024-07-11 13:41:35,423][    INFO] Iters: 105, Total loss: 0.025
[2024-07-11 13:41:39,045][    INFO] Iters: 120, Total loss: 0.025
[2024-07-11 13:41:43,726][    INFO] ***** Evaluation ***** >>>> Class [0 Right Ventricle] Dice: 84.96
[2024-07-11 13:41:43,727][    INFO] ***** Evaluation ***** >>>> Class [1 Myocardium] Dice: 89.00
[2024-07-11 13:41:43,727][    INFO] ***** Evaluation ***** >>>> Class [2 Left Ventricle] Dice: 94.60
[2024-07-11 13:41:43,727][    INFO] ***** Evaluation ***** >>>> MeanDice: 89.52

[2024-07-11 13:41:43,923][    INFO] ===========> Epoch: 20, LR: 0.00632, Previous best: 90.19
[2024-07-11 13:41:44,397][    INFO] Iters: 0, Total loss: 0.027
[2024-07-11 13:41:48,244][    INFO] Iters: 15, Total loss: 0.023
[2024-07-11 13:41:52,455][    INFO] Iters: 30, Total loss: 0.023
[2024-07-11 13:41:56,246][    INFO] Iters: 45, Total loss: 0.024
[2024-07-11 13:41:59,969][    INFO] Iters: 60, Total loss: 0.024
[2024-07-11 13:42:03,721][    INFO] Iters: 75, Total loss: 0.024
[2024-07-11 13:42:07,400][    INFO] Iters: 90, Total loss: 0.024
[2024-07-11 13:42:11,197][    INFO] Iters: 105, Total loss: 0.024
[2024-07-11 13:42:14,955][    INFO] Iters: 120, Total loss: 0.024
[2024-07-11 13:42:19,391][    INFO] ***** Evaluation ***** >>>> Class [0 Right Ventricle] Dice: 87.50
[2024-07-11 13:42:19,391][    INFO] ***** Evaluation ***** >>>> Class [1 Myocardium] Dice: 89.56
[2024-07-11 13:42:19,391][    INFO] ***** Evaluation ***** >>>> Class [2 Left Ventricle] Dice: 95.27
[2024-07-11 13:42:19,391][    INFO] ***** Evaluation ***** >>>> MeanDice: 90.78

[2024-07-11 13:42:19,789][    INFO] ===========> Epoch: 21, LR: 0.00613, Previous best: 90.78
[2024-07-11 13:42:20,257][    INFO] Iters: 0, Total loss: 0.028
[2024-07-11 13:42:24,012][    INFO] Iters: 15, Total loss: 0.024
[2024-07-11 13:42:27,704][    INFO] Iters: 30, Total loss: 0.023
[2024-07-11 13:42:31,326][    INFO] Iters: 45, Total loss: 0.024
[2024-07-11 13:42:34,994][    INFO] Iters: 60, Total loss: 0.024
[2024-07-11 13:42:38,656][    INFO] Iters: 75, Total loss: 0.024
[2024-07-11 13:42:42,303][    INFO] Iters: 90, Total loss: 0.024
[2024-07-11 13:42:46,031][    INFO] Iters: 105, Total loss: 0.024
[2024-07-11 13:42:49,819][    INFO] Iters: 120, Total loss: 0.024
[2024-07-11 13:42:54,331][    INFO] ***** Evaluation ***** >>>> Class [0 Right Ventricle] Dice: 81.99
[2024-07-11 13:42:54,331][    INFO] ***** Evaluation ***** >>>> Class [1 Myocardium] Dice: 86.10
[2024-07-11 13:42:54,331][    INFO] ***** Evaluation ***** >>>> Class [2 Left Ventricle] Dice: 91.83
[2024-07-11 13:42:54,331][    INFO] ***** Evaluation ***** >>>> MeanDice: 86.64

[2024-07-11 13:42:54,527][    INFO] ===========> Epoch: 22, LR: 0.00594, Previous best: 90.78
[2024-07-11 13:42:55,126][    INFO] Iters: 0, Total loss: 0.022
[2024-07-11 13:42:58,968][    INFO] Iters: 15, Total loss: 0.023
[2024-07-11 13:43:02,756][    INFO] Iters: 30, Total loss: 0.024
[2024-07-11 13:43:06,279][    INFO] Iters: 45, Total loss: 0.024
[2024-07-11 13:43:10,290][    INFO] Iters: 60, Total loss: 0.024
[2024-07-11 13:43:13,851][    INFO] Iters: 75, Total loss: 0.024
[2024-07-11 13:43:20,650][    INFO] Iters: 90, Total loss: 0.024
[2024-07-11 13:43:24,259][    INFO] Iters: 105, Total loss: 0.024
[2024-07-11 13:43:27,773][    INFO] Iters: 120, Total loss: 0.024
[2024-07-11 13:43:32,206][    INFO] ***** Evaluation ***** >>>> Class [0 Right Ventricle] Dice: 84.61
[2024-07-11 13:43:32,206][    INFO] ***** Evaluation ***** >>>> Class [1 Myocardium] Dice: 88.86
[2024-07-11 13:43:32,206][    INFO] ***** Evaluation ***** >>>> Class [2 Left Ventricle] Dice: 94.59
[2024-07-11 13:43:32,206][    INFO] ***** Evaluation ***** >>>> MeanDice: 89.35

[2024-07-11 13:43:32,400][    INFO] ===========> Epoch: 23, LR: 0.00574, Previous best: 90.78
[2024-07-11 13:43:32,881][    INFO] Iters: 0, Total loss: 0.035
[2024-07-11 13:43:36,586][    INFO] Iters: 15, Total loss: 0.025
[2024-07-11 13:43:40,169][    INFO] Iters: 30, Total loss: 0.024
[2024-07-11 13:43:43,834][    INFO] Iters: 45, Total loss: 0.024
[2024-07-11 13:43:47,382][    INFO] Iters: 60, Total loss: 0.024
[2024-07-11 13:43:50,976][    INFO] Iters: 75, Total loss: 0.024
[2024-07-11 13:43:54,503][    INFO] Iters: 90, Total loss: 0.024
[2024-07-11 13:43:58,005][    INFO] Iters: 105, Total loss: 0.024
[2024-07-11 13:44:01,600][    INFO] Iters: 120, Total loss: 0.024
[2024-07-11 13:44:06,052][    INFO] ***** Evaluation ***** >>>> Class [0 Right Ventricle] Dice: 84.71
[2024-07-11 13:44:06,053][    INFO] ***** Evaluation ***** >>>> Class [1 Myocardium] Dice: 88.09
[2024-07-11 13:44:06,053][    INFO] ***** Evaluation ***** >>>> Class [2 Left Ventricle] Dice: 93.31
[2024-07-11 13:44:06,053][    INFO] ***** Evaluation ***** >>>> MeanDice: 88.70

[2024-07-11 13:44:06,250][    INFO] ===========> Epoch: 24, LR: 0.00555, Previous best: 90.78
[2024-07-11 13:44:06,884][    INFO] Iters: 0, Total loss: 0.027
[2024-07-11 13:44:10,619][    INFO] Iters: 15, Total loss: 0.024
[2024-07-11 13:44:14,189][    INFO] Iters: 30, Total loss: 0.023
[2024-07-11 13:44:17,846][    INFO] Iters: 45, Total loss: 0.023
[2024-07-11 13:44:21,452][    INFO] Iters: 60, Total loss: 0.023
[2024-07-11 13:44:25,013][    INFO] Iters: 75, Total loss: 0.023
[2024-07-11 13:44:28,986][    INFO] Iters: 90, Total loss: 0.023
[2024-07-11 13:44:32,534][    INFO] Iters: 105, Total loss: 0.023
[2024-07-11 13:44:36,097][    INFO] Iters: 120, Total loss: 0.023
[2024-07-11 13:44:40,624][    INFO] ***** Evaluation ***** >>>> Class [0 Right Ventricle] Dice: 83.04
[2024-07-11 13:44:40,624][    INFO] ***** Evaluation ***** >>>> Class [1 Myocardium] Dice: 87.54
[2024-07-11 13:44:40,624][    INFO] ***** Evaluation ***** >>>> Class [2 Left Ventricle] Dice: 92.47
[2024-07-11 13:44:40,624][    INFO] ***** Evaluation ***** >>>> MeanDice: 87.68

[2024-07-11 13:44:40,820][    INFO] ===========> Epoch: 25, LR: 0.00536, Previous best: 90.78
[2024-07-11 13:44:41,388][    INFO] Iters: 0, Total loss: 0.018
[2024-07-11 13:44:45,400][    INFO] Iters: 15, Total loss: 0.023
[2024-07-11 13:44:49,108][    INFO] Iters: 30, Total loss: 0.023
[2024-07-11 13:44:52,906][    INFO] Iters: 45, Total loss: 0.023
[2024-07-11 13:44:56,650][    INFO] Iters: 60, Total loss: 0.024
[2024-07-11 13:45:00,257][    INFO] Iters: 75, Total loss: 0.024
[2024-07-11 13:45:03,817][    INFO] Iters: 90, Total loss: 0.023
[2024-07-11 13:45:07,479][    INFO] Iters: 105, Total loss: 0.023
[2024-07-11 13:45:11,098][    INFO] Iters: 120, Total loss: 0.023
[2024-07-11 13:45:15,655][    INFO] ***** Evaluation ***** >>>> Class [0 Right Ventricle] Dice: 82.36
[2024-07-11 13:45:15,655][    INFO] ***** Evaluation ***** >>>> Class [1 Myocardium] Dice: 87.74
[2024-07-11 13:45:15,655][    INFO] ***** Evaluation ***** >>>> Class [2 Left Ventricle] Dice: 93.26
[2024-07-11 13:45:15,655][    INFO] ***** Evaluation ***** >>>> MeanDice: 87.79

[2024-07-11 13:45:15,846][    INFO] ===========> Epoch: 26, LR: 0.00517, Previous best: 90.78
[2024-07-11 13:45:16,384][    INFO] Iters: 0, Total loss: 0.023
[2024-07-11 13:45:20,097][    INFO] Iters: 15, Total loss: 0.022
[2024-07-11 13:45:23,863][    INFO] Iters: 30, Total loss: 0.023
[2024-07-11 13:45:27,467][    INFO] Iters: 45, Total loss: 0.023
[2024-07-11 13:45:30,993][    INFO] Iters: 60, Total loss: 0.023
[2024-07-11 13:45:34,558][    INFO] Iters: 75, Total loss: 0.023
[2024-07-11 13:45:38,510][    INFO] Iters: 90, Total loss: 0.023
[2024-07-11 13:45:42,083][    INFO] Iters: 105, Total loss: 0.023
[2024-07-11 13:45:45,689][    INFO] Iters: 120, Total loss: 0.023
[2024-07-11 13:45:50,404][    INFO] ***** Evaluation ***** >>>> Class [0 Right Ventricle] Dice: 87.55
[2024-07-11 13:45:50,404][    INFO] ***** Evaluation ***** >>>> Class [1 Myocardium] Dice: 89.74
[2024-07-11 13:45:50,404][    INFO] ***** Evaluation ***** >>>> Class [2 Left Ventricle] Dice: 95.85
[2024-07-11 13:45:50,404][    INFO] ***** Evaluation ***** >>>> MeanDice: 91.05

[2024-07-11 13:45:50,809][    INFO] ===========> Epoch: 27, LR: 0.00497, Previous best: 91.05
[2024-07-11 13:45:51,322][    INFO] Iters: 0, Total loss: 0.022
[2024-07-11 13:45:55,039][    INFO] Iters: 15, Total loss: 0.022
[2024-07-11 13:45:58,511][    INFO] Iters: 30, Total loss: 0.022
[2024-07-11 13:46:02,179][    INFO] Iters: 45, Total loss: 0.023
[2024-07-11 13:46:05,695][    INFO] Iters: 60, Total loss: 0.023
[2024-07-11 13:46:09,218][    INFO] Iters: 75, Total loss: 0.023
[2024-07-11 13:46:12,712][    INFO] Iters: 90, Total loss: 0.023
[2024-07-11 13:46:16,201][    INFO] Iters: 105, Total loss: 0.023
[2024-07-11 13:46:19,717][    INFO] Iters: 120, Total loss: 0.023
[2024-07-11 13:46:24,287][    INFO] ***** Evaluation ***** >>>> Class [0 Right Ventricle] Dice: 84.88
[2024-07-11 13:46:24,287][    INFO] ***** Evaluation ***** >>>> Class [1 Myocardium] Dice: 89.82
[2024-07-11 13:46:24,287][    INFO] ***** Evaluation ***** >>>> Class [2 Left Ventricle] Dice: 95.61
[2024-07-11 13:46:24,287][    INFO] ***** Evaluation ***** >>>> MeanDice: 90.11

[2024-07-11 13:46:24,483][    INFO] ===========> Epoch: 28, LR: 0.00478, Previous best: 91.05
[2024-07-11 13:46:25,086][    INFO] Iters: 0, Total loss: 0.020
[2024-07-11 13:46:28,860][    INFO] Iters: 15, Total loss: 0.023
[2024-07-11 13:46:32,475][    INFO] Iters: 30, Total loss: 0.023
[2024-07-11 13:46:36,177][    INFO] Iters: 45, Total loss: 0.023
[2024-07-11 13:46:40,128][    INFO] Iters: 60, Total loss: 0.023
[2024-07-11 13:46:43,715][    INFO] Iters: 75, Total loss: 0.023
[2024-07-11 13:46:47,264][    INFO] Iters: 90, Total loss: 0.023
[2024-07-11 13:46:50,828][    INFO] Iters: 105, Total loss: 0.023
[2024-07-11 13:46:54,337][    INFO] Iters: 120, Total loss: 0.023
[2024-07-11 13:46:59,003][    INFO] ***** Evaluation ***** >>>> Class [0 Right Ventricle] Dice: 81.95
[2024-07-11 13:46:59,004][    INFO] ***** Evaluation ***** >>>> Class [1 Myocardium] Dice: 87.91
[2024-07-11 13:46:59,004][    INFO] ***** Evaluation ***** >>>> Class [2 Left Ventricle] Dice: 93.90
[2024-07-11 13:46:59,004][    INFO] ***** Evaluation ***** >>>> MeanDice: 87.92

[2024-07-11 13:46:59,204][    INFO] ===========> Epoch: 29, LR: 0.00458, Previous best: 91.05
[2024-07-11 13:46:59,783][    INFO] Iters: 0, Total loss: 0.023
[2024-07-11 13:47:03,535][    INFO] Iters: 15, Total loss: 0.022
[2024-07-11 13:47:07,360][    INFO] Iters: 30, Total loss: 0.021
[2024-07-11 13:47:11,224][    INFO] Iters: 45, Total loss: 0.022
[2024-07-11 13:47:15,057][    INFO] Iters: 60, Total loss: 0.022
[2024-07-11 13:47:18,929][    INFO] Iters: 75, Total loss: 0.022
[2024-07-11 13:47:22,769][    INFO] Iters: 90, Total loss: 0.022
[2024-07-11 13:47:26,578][    INFO] Iters: 105, Total loss: 0.022
[2024-07-11 13:47:30,460][    INFO] Iters: 120, Total loss: 0.022
[2024-07-11 13:47:35,661][    INFO] ***** Evaluation ***** >>>> Class [0 Right Ventricle] Dice: 83.93
[2024-07-11 13:47:35,661][    INFO] ***** Evaluation ***** >>>> Class [1 Myocardium] Dice: 87.38
[2024-07-11 13:47:35,661][    INFO] ***** Evaluation ***** >>>> Class [2 Left Ventricle] Dice: 93.05
[2024-07-11 13:47:35,661][    INFO] ***** Evaluation ***** >>>> MeanDice: 88.12

[2024-07-11 13:47:35,857][    INFO] ===========> Epoch: 30, LR: 0.00439, Previous best: 91.05
[2024-07-11 13:47:36,355][    INFO] Iters: 0, Total loss: 0.019
[2024-07-11 13:48:24,588][    INFO] Iters: 15, Total loss: 0.022
[2024-07-11 13:48:48,954][    INFO] Iters: 30, Total loss: 0.023
[2024-07-11 13:48:52,523][    INFO] Iters: 45, Total loss: 0.022
[2024-07-11 13:48:56,032][    INFO] Iters: 60, Total loss: 0.022
[2024-07-11 13:48:59,604][    INFO] Iters: 75, Total loss: 0.022
[2024-07-11 13:49:03,226][    INFO] Iters: 90, Total loss: 0.022
[2024-07-11 13:49:06,804][    INFO] Iters: 105, Total loss: 0.022
[2024-07-11 13:49:10,416][    INFO] Iters: 120, Total loss: 0.022
[2024-07-11 13:49:14,954][    INFO] ***** Evaluation ***** >>>> Class [0 Right Ventricle] Dice: 86.24
[2024-07-11 13:49:14,954][    INFO] ***** Evaluation ***** >>>> Class [1 Myocardium] Dice: 89.78
[2024-07-11 13:49:14,954][    INFO] ***** Evaluation ***** >>>> Class [2 Left Ventricle] Dice: 94.96
[2024-07-11 13:49:14,954][    INFO] ***** Evaluation ***** >>>> MeanDice: 90.33

[2024-07-11 13:49:15,162][    INFO] ===========> Epoch: 31, LR: 0.00419, Previous best: 91.05
[2024-07-11 13:49:15,768][    INFO] Iters: 0, Total loss: 0.023
[2024-07-11 13:49:19,668][    INFO] Iters: 15, Total loss: 0.022
[2024-07-11 13:49:23,329][    INFO] Iters: 30, Total loss: 0.022
[2024-07-11 13:49:27,098][    INFO] Iters: 45, Total loss: 0.022
[2024-07-11 13:49:31,175][    INFO] Iters: 60, Total loss: 0.021
[2024-07-11 13:49:34,808][    INFO] Iters: 75, Total loss: 0.021
[2024-07-11 13:49:38,391][    INFO] Iters: 90, Total loss: 0.021
[2024-07-11 13:49:42,044][    INFO] Iters: 105, Total loss: 0.021
[2024-07-11 13:49:45,670][    INFO] Iters: 120, Total loss: 0.021
[2024-07-11 13:49:50,068][    INFO] ***** Evaluation ***** >>>> Class [0 Right Ventricle] Dice: 83.67
[2024-07-11 13:49:50,068][    INFO] ***** Evaluation ***** >>>> Class [1 Myocardium] Dice: 89.69
[2024-07-11 13:49:50,068][    INFO] ***** Evaluation ***** >>>> Class [2 Left Ventricle] Dice: 94.89
[2024-07-11 13:49:50,069][    INFO] ***** Evaluation ***** >>>> MeanDice: 89.42

[2024-07-11 13:49:50,264][    INFO] ===========> Epoch: 32, LR: 0.00399, Previous best: 91.05
[2024-07-11 13:49:50,727][    INFO] Iters: 0, Total loss: 0.024
[2024-07-11 13:49:54,553][    INFO] Iters: 15, Total loss: 0.021
[2024-07-11 13:49:58,473][    INFO] Iters: 30, Total loss: 0.022
[2024-07-11 13:50:02,304][    INFO] Iters: 45, Total loss: 0.022
[2024-07-11 13:50:06,084][    INFO] Iters: 60, Total loss: 0.022
[2024-07-11 13:50:09,593][    INFO] Iters: 75, Total loss: 0.022
[2024-07-11 13:50:13,164][    INFO] Iters: 90, Total loss: 0.022
[2024-07-11 13:50:16,668][    INFO] Iters: 105, Total loss: 0.022
[2024-07-11 13:50:20,101][    INFO] Iters: 120, Total loss: 0.022
[2024-07-11 13:50:24,564][    INFO] ***** Evaluation ***** >>>> Class [0 Right Ventricle] Dice: 87.07
[2024-07-11 13:50:24,564][    INFO] ***** Evaluation ***** >>>> Class [1 Myocardium] Dice: 89.74
[2024-07-11 13:50:24,564][    INFO] ***** Evaluation ***** >>>> Class [2 Left Ventricle] Dice: 95.25
[2024-07-11 13:50:24,564][    INFO] ***** Evaluation ***** >>>> MeanDice: 90.69

[2024-07-11 13:50:24,759][    INFO] ===========> Epoch: 33, LR: 0.00379, Previous best: 91.05
[2024-07-11 13:50:25,262][    INFO] Iters: 0, Total loss: 0.021
[2024-07-11 13:50:28,908][    INFO] Iters: 15, Total loss: 0.022
[2024-07-11 13:50:32,535][    INFO] Iters: 30, Total loss: 0.022
[2024-07-11 13:50:36,066][    INFO] Iters: 45, Total loss: 0.022
[2024-07-11 13:50:39,662][    INFO] Iters: 60, Total loss: 0.022
[2024-07-11 13:50:43,273][    INFO] Iters: 75, Total loss: 0.022
[2024-07-11 13:50:47,276][    INFO] Iters: 90, Total loss: 0.022
[2024-07-11 13:50:50,838][    INFO] Iters: 105, Total loss: 0.022
[2024-07-11 13:50:54,378][    INFO] Iters: 120, Total loss: 0.022
[2024-07-11 13:50:58,895][    INFO] ***** Evaluation ***** >>>> Class [0 Right Ventricle] Dice: 85.52
[2024-07-11 13:50:58,896][    INFO] ***** Evaluation ***** >>>> Class [1 Myocardium] Dice: 89.75
[2024-07-11 13:50:58,896][    INFO] ***** Evaluation ***** >>>> Class [2 Left Ventricle] Dice: 95.31
[2024-07-11 13:50:58,896][    INFO] ***** Evaluation ***** >>>> MeanDice: 90.19

[2024-07-11 13:50:59,096][    INFO] ===========> Epoch: 34, LR: 0.00359, Previous best: 91.05
[2024-07-11 13:50:59,674][    INFO] Iters: 0, Total loss: 0.018
[2024-07-11 13:51:03,380][    INFO] Iters: 15, Total loss: 0.021
[2024-07-11 13:51:07,111][    INFO] Iters: 30, Total loss: 0.021
[2024-07-11 13:51:10,961][    INFO] Iters: 45, Total loss: 0.021
[2024-07-11 13:51:14,680][    INFO] Iters: 60, Total loss: 0.021
[2024-07-11 13:51:18,417][    INFO] Iters: 75, Total loss: 0.021
[2024-07-11 13:51:21,965][    INFO] Iters: 90, Total loss: 0.021
[2024-07-11 13:51:25,667][    INFO] Iters: 105, Total loss: 0.021
[2024-07-11 13:51:29,379][    INFO] Iters: 120, Total loss: 0.021
[2024-07-11 13:51:33,853][    INFO] ***** Evaluation ***** >>>> Class [0 Right Ventricle] Dice: 85.09
[2024-07-11 13:51:33,853][    INFO] ***** Evaluation ***** >>>> Class [1 Myocardium] Dice: 90.01
[2024-07-11 13:51:33,853][    INFO] ***** Evaluation ***** >>>> Class [2 Left Ventricle] Dice: 94.97
[2024-07-11 13:51:33,853][    INFO] ***** Evaluation ***** >>>> MeanDice: 90.02

[2024-07-11 13:51:34,050][    INFO] ===========> Epoch: 35, LR: 0.00339, Previous best: 91.05
[2024-07-11 13:51:34,595][    INFO] Iters: 0, Total loss: 0.020
[2024-07-11 13:51:38,242][    INFO] Iters: 15, Total loss: 0.021
[2024-07-11 13:51:41,797][    INFO] Iters: 30, Total loss: 0.021
[2024-07-11 13:51:45,487][    INFO] Iters: 45, Total loss: 0.021
[2024-07-11 13:51:49,062][    INFO] Iters: 60, Total loss: 0.022
[2024-07-11 13:51:52,642][    INFO] Iters: 75, Total loss: 0.022
[2024-07-11 13:51:56,851][    INFO] Iters: 90, Total loss: 0.022
[2024-07-11 13:52:00,529][    INFO] Iters: 105, Total loss: 0.021
[2024-07-11 13:52:04,285][    INFO] Iters: 120, Total loss: 0.021
[2024-07-11 13:52:08,748][    INFO] ***** Evaluation ***** >>>> Class [0 Right Ventricle] Dice: 85.94
[2024-07-11 13:52:08,748][    INFO] ***** Evaluation ***** >>>> Class [1 Myocardium] Dice: 90.02
[2024-07-11 13:52:08,748][    INFO] ***** Evaluation ***** >>>> Class [2 Left Ventricle] Dice: 95.21
[2024-07-11 13:52:08,748][    INFO] ***** Evaluation ***** >>>> MeanDice: 90.39

[2024-07-11 13:52:08,944][    INFO] ===========> Epoch: 36, LR: 0.00318, Previous best: 91.05
[2024-07-11 13:52:09,554][    INFO] Iters: 0, Total loss: 0.018
[2024-07-11 13:52:13,311][    INFO] Iters: 15, Total loss: 0.021
[2024-07-11 13:52:17,029][    INFO] Iters: 30, Total loss: 0.021
[2024-07-11 13:52:20,693][    INFO] Iters: 45, Total loss: 0.021
[2024-07-11 13:52:24,272][    INFO] Iters: 60, Total loss: 0.021
[2024-07-11 13:52:27,897][    INFO] Iters: 75, Total loss: 0.021
[2024-07-11 13:52:31,445][    INFO] Iters: 90, Total loss: 0.021
[2024-07-11 13:52:35,003][    INFO] Iters: 105, Total loss: 0.021
[2024-07-11 13:52:38,624][    INFO] Iters: 120, Total loss: 0.021
[2024-07-11 13:52:43,104][    INFO] ***** Evaluation ***** >>>> Class [0 Right Ventricle] Dice: 85.56
[2024-07-11 13:52:43,104][    INFO] ***** Evaluation ***** >>>> Class [1 Myocardium] Dice: 89.15
[2024-07-11 13:52:43,104][    INFO] ***** Evaluation ***** >>>> Class [2 Left Ventricle] Dice: 94.42
[2024-07-11 13:52:43,105][    INFO] ***** Evaluation ***** >>>> MeanDice: 89.71

[2024-07-11 13:52:43,300][    INFO] ===========> Epoch: 37, LR: 0.00298, Previous best: 91.05
[2024-07-11 13:52:43,821][    INFO] Iters: 0, Total loss: 0.020
[2024-07-11 13:52:47,568][    INFO] Iters: 15, Total loss: 0.022
[2024-07-11 13:52:51,150][    INFO] Iters: 30, Total loss: 0.021
[2024-07-11 13:52:54,779][    INFO] Iters: 45, Total loss: 0.021
[2024-07-11 13:52:58,543][    INFO] Iters: 60, Total loss: 0.021
[2024-07-11 13:53:02,755][    INFO] Iters: 75, Total loss: 0.021
[2024-07-11 13:53:06,252][    INFO] Iters: 90, Total loss: 0.021
[2024-07-11 13:53:09,806][    INFO] Iters: 105, Total loss: 0.021
[2024-07-11 13:53:13,385][    INFO] Iters: 120, Total loss: 0.021
[2024-07-11 13:53:17,736][    INFO] ***** Evaluation ***** >>>> Class [0 Right Ventricle] Dice: 88.66
[2024-07-11 13:53:17,736][    INFO] ***** Evaluation ***** >>>> Class [1 Myocardium] Dice: 90.26
[2024-07-11 13:53:17,736][    INFO] ***** Evaluation ***** >>>> Class [2 Left Ventricle] Dice: 95.52
[2024-07-11 13:53:17,736][    INFO] ***** Evaluation ***** >>>> MeanDice: 91.48

[2024-07-11 13:53:18,137][    INFO] ===========> Epoch: 38, LR: 0.00277, Previous best: 91.48
[2024-07-11 13:53:18,719][    INFO] Iters: 0, Total loss: 0.021
[2024-07-11 13:53:22,556][    INFO] Iters: 15, Total loss: 0.021
[2024-07-11 13:53:26,332][    INFO] Iters: 30, Total loss: 0.021
[2024-07-11 13:53:30,044][    INFO] Iters: 45, Total loss: 0.021
[2024-07-11 13:53:33,713][    INFO] Iters: 60, Total loss: 0.021
[2024-07-11 13:53:37,434][    INFO] Iters: 75, Total loss: 0.021
[2024-07-11 13:53:41,075][    INFO] Iters: 90, Total loss: 0.021
[2024-07-11 13:53:44,784][    INFO] Iters: 105, Total loss: 0.021
[2024-07-11 13:53:48,453][    INFO] Iters: 120, Total loss: 0.021
[2024-07-11 13:53:52,936][    INFO] ***** Evaluation ***** >>>> Class [0 Right Ventricle] Dice: 84.25
[2024-07-11 13:53:52,936][    INFO] ***** Evaluation ***** >>>> Class [1 Myocardium] Dice: 89.67
[2024-07-11 13:53:52,936][    INFO] ***** Evaluation ***** >>>> Class [2 Left Ventricle] Dice: 94.94
[2024-07-11 13:53:52,936][    INFO] ***** Evaluation ***** >>>> MeanDice: 89.62

[2024-07-11 13:53:53,130][    INFO] ===========> Epoch: 39, LR: 0.00256, Previous best: 91.48
[2024-07-11 13:53:53,584][    INFO] Iters: 0, Total loss: 0.016
[2024-07-11 13:53:57,269][    INFO] Iters: 15, Total loss: 0.020
[2024-07-11 13:54:00,969][    INFO] Iters: 30, Total loss: 0.020
[2024-07-11 13:54:05,111][    INFO] Iters: 45, Total loss: 0.020
[2024-07-11 13:54:08,665][    INFO] Iters: 60, Total loss: 0.020
[2024-07-11 13:54:12,246][    INFO] Iters: 75, Total loss: 0.020
[2024-07-11 13:54:15,904][    INFO] Iters: 90, Total loss: 0.020
[2024-07-11 13:54:19,373][    INFO] Iters: 105, Total loss: 0.020
[2024-07-11 13:54:22,951][    INFO] Iters: 120, Total loss: 0.021
[2024-07-11 13:54:27,411][    INFO] ***** Evaluation ***** >>>> Class [0 Right Ventricle] Dice: 82.84
[2024-07-11 13:54:27,411][    INFO] ***** Evaluation ***** >>>> Class [1 Myocardium] Dice: 90.00
[2024-07-11 13:54:27,411][    INFO] ***** Evaluation ***** >>>> Class [2 Left Ventricle] Dice: 95.36
[2024-07-11 13:54:27,411][    INFO] ***** Evaluation ***** >>>> MeanDice: 89.40

[2024-07-11 13:54:27,605][    INFO] ===========> Epoch: 40, LR: 0.00235, Previous best: 91.48
[2024-07-11 13:54:28,108][    INFO] Iters: 0, Total loss: 0.022
[2024-07-11 13:54:31,844][    INFO] Iters: 15, Total loss: 0.021
[2024-07-11 13:54:35,492][    INFO] Iters: 30, Total loss: 0.021
[2024-07-11 13:54:39,064][    INFO] Iters: 45, Total loss: 0.021
[2024-07-11 13:54:42,644][    INFO] Iters: 60, Total loss: 0.021
[2024-07-11 13:54:46,247][    INFO] Iters: 75, Total loss: 0.021
[2024-07-11 13:54:49,913][    INFO] Iters: 90, Total loss: 0.021
[2024-07-11 13:54:53,516][    INFO] Iters: 105, Total loss: 0.021
[2024-07-11 13:54:57,136][    INFO] Iters: 120, Total loss: 0.021
[2024-07-11 13:55:01,625][    INFO] ***** Evaluation ***** >>>> Class [0 Right Ventricle] Dice: 85.12
[2024-07-11 13:55:01,626][    INFO] ***** Evaluation ***** >>>> Class [1 Myocardium] Dice: 90.14
[2024-07-11 13:55:01,626][    INFO] ***** Evaluation ***** >>>> Class [2 Left Ventricle] Dice: 95.22
[2024-07-11 13:55:01,626][    INFO] ***** Evaluation ***** >>>> MeanDice: 90.16

[2024-07-11 13:55:01,823][    INFO] ===========> Epoch: 41, LR: 0.00214, Previous best: 91.48
[2024-07-11 13:55:02,282][    INFO] Iters: 0, Total loss: 0.017
[2024-07-11 13:55:05,882][    INFO] Iters: 15, Total loss: 0.022
[2024-07-11 13:55:09,854][    INFO] Iters: 30, Total loss: 0.021
[2024-07-11 13:55:13,429][    INFO] Iters: 45, Total loss: 0.021
[2024-07-11 13:55:16,969][    INFO] Iters: 60, Total loss: 0.021
[2024-07-11 13:55:20,582][    INFO] Iters: 75, Total loss: 0.021
[2024-07-11 13:55:24,071][    INFO] Iters: 90, Total loss: 0.021
[2024-07-11 13:55:27,655][    INFO] Iters: 105, Total loss: 0.021
[2024-07-11 13:55:31,195][    INFO] Iters: 120, Total loss: 0.021
[2024-07-11 13:55:35,614][    INFO] ***** Evaluation ***** >>>> Class [0 Right Ventricle] Dice: 83.86
[2024-07-11 13:55:35,614][    INFO] ***** Evaluation ***** >>>> Class [1 Myocardium] Dice: 90.05
[2024-07-11 13:55:35,614][    INFO] ***** Evaluation ***** >>>> Class [2 Left Ventricle] Dice: 95.30
[2024-07-11 13:55:35,615][    INFO] ***** Evaluation ***** >>>> MeanDice: 89.73

[2024-07-11 13:55:35,811][    INFO] ===========> Epoch: 42, LR: 0.00192, Previous best: 91.48
[2024-07-11 13:55:36,308][    INFO] Iters: 0, Total loss: 0.022
[2024-07-11 13:55:40,227][    INFO] Iters: 15, Total loss: 0.022
[2024-07-11 13:55:43,916][    INFO] Iters: 30, Total loss: 0.021
[2024-07-11 13:55:47,631][    INFO] Iters: 45, Total loss: 0.021
[2024-07-11 13:55:51,304][    INFO] Iters: 60, Total loss: 0.021
[2024-07-11 13:55:54,896][    INFO] Iters: 75, Total loss: 0.021
[2024-07-11 13:55:58,480][    INFO] Iters: 90, Total loss: 0.021
[2024-07-11 13:56:02,008][    INFO] Iters: 105, Total loss: 0.021
[2024-07-11 13:56:05,472][    INFO] Iters: 120, Total loss: 0.021
[2024-07-11 13:56:09,927][    INFO] ***** Evaluation ***** >>>> Class [0 Right Ventricle] Dice: 86.75
[2024-07-11 13:56:09,927][    INFO] ***** Evaluation ***** >>>> Class [1 Myocardium] Dice: 90.46
[2024-07-11 13:56:09,927][    INFO] ***** Evaluation ***** >>>> Class [2 Left Ventricle] Dice: 95.68
[2024-07-11 13:56:09,928][    INFO] ***** Evaluation ***** >>>> MeanDice: 90.96

[2024-07-11 13:56:10,122][    INFO] ===========> Epoch: 43, LR: 0.00171, Previous best: 91.48
[2024-07-11 13:56:10,704][    INFO] Iters: 0, Total loss: 0.019
[2024-07-11 13:56:14,470][    INFO] Iters: 15, Total loss: 0.020
[2024-07-11 13:56:18,633][    INFO] Iters: 30, Total loss: 0.020
[2024-07-11 13:56:22,409][    INFO] Iters: 45, Total loss: 0.020
[2024-07-11 13:56:26,212][    INFO] Iters: 60, Total loss: 0.020
[2024-07-11 13:56:29,717][    INFO] Iters: 75, Total loss: 0.020
[2024-07-11 13:56:33,405][    INFO] Iters: 90, Total loss: 0.020
[2024-07-11 13:56:37,117][    INFO] Iters: 105, Total loss: 0.020
[2024-07-11 13:56:40,841][    INFO] Iters: 120, Total loss: 0.020
[2024-07-11 13:56:45,248][    INFO] ***** Evaluation ***** >>>> Class [0 Right Ventricle] Dice: 85.01
[2024-07-11 13:56:45,249][    INFO] ***** Evaluation ***** >>>> Class [1 Myocardium] Dice: 90.66
[2024-07-11 13:56:45,249][    INFO] ***** Evaluation ***** >>>> Class [2 Left Ventricle] Dice: 95.95
[2024-07-11 13:56:45,249][    INFO] ***** Evaluation ***** >>>> MeanDice: 90.54

[2024-07-11 13:56:45,443][    INFO] ===========> Epoch: 44, LR: 0.00149, Previous best: 91.48
[2024-07-11 13:56:45,979][    INFO] Iters: 0, Total loss: 0.019
[2024-07-11 13:56:49,638][    INFO] Iters: 15, Total loss: 0.020
[2024-07-11 13:56:53,248][    INFO] Iters: 30, Total loss: 0.020
[2024-07-11 13:56:56,879][    INFO] Iters: 45, Total loss: 0.020
[2024-07-11 13:57:00,472][    INFO] Iters: 60, Total loss: 0.020
[2024-07-11 13:57:03,933][    INFO] Iters: 75, Total loss: 0.020
[2024-07-11 13:57:07,527][    INFO] Iters: 90, Total loss: 0.020
[2024-07-11 13:57:11,059][    INFO] Iters: 105, Total loss: 0.020
[2024-07-11 13:57:14,579][    INFO] Iters: 120, Total loss: 0.020
[2024-07-11 13:57:19,362][    INFO] ***** Evaluation ***** >>>> Class [0 Right Ventricle] Dice: 85.82
[2024-07-11 13:57:19,362][    INFO] ***** Evaluation ***** >>>> Class [1 Myocardium] Dice: 90.59
[2024-07-11 13:57:19,362][    INFO] ***** Evaluation ***** >>>> Class [2 Left Ventricle] Dice: 95.84
[2024-07-11 13:57:19,362][    INFO] ***** Evaluation ***** >>>> MeanDice: 90.75

[2024-07-11 13:57:19,558][    INFO] ===========> Epoch: 45, LR: 0.00126, Previous best: 91.48
[2024-07-11 13:57:20,309][    INFO] Iters: 0, Total loss: 0.018
[2024-07-11 13:57:24,179][    INFO] Iters: 15, Total loss: 0.019
[2024-07-11 13:57:27,892][    INFO] Iters: 30, Total loss: 0.020
[2024-07-11 13:57:31,632][    INFO] Iters: 45, Total loss: 0.020
[2024-07-11 13:57:35,353][    INFO] Iters: 60, Total loss: 0.020
[2024-07-11 13:57:38,951][    INFO] Iters: 75, Total loss: 0.020
[2024-07-11 13:57:42,762][    INFO] Iters: 90, Total loss: 0.020
[2024-07-11 13:57:46,507][    INFO] Iters: 105, Total loss: 0.020
[2024-07-11 13:57:50,210][    INFO] Iters: 120, Total loss: 0.020
[2024-07-11 13:57:57,106][    INFO] ***** Evaluation ***** >>>> Class [0 Right Ventricle] Dice: 86.51
[2024-07-11 13:57:57,106][    INFO] ***** Evaluation ***** >>>> Class [1 Myocardium] Dice: 90.69
[2024-07-11 13:57:57,106][    INFO] ***** Evaluation ***** >>>> Class [2 Left Ventricle] Dice: 95.35
[2024-07-11 13:57:57,106][    INFO] ***** Evaluation ***** >>>> MeanDice: 90.85

[2024-07-11 13:57:57,306][    INFO] ===========> Epoch: 46, LR: 0.00103, Previous best: 91.48
[2024-07-11 13:57:57,908][    INFO] Iters: 0, Total loss: 0.020
[2024-07-11 13:58:01,645][    INFO] Iters: 15, Total loss: 0.020
[2024-07-11 13:58:05,377][    INFO] Iters: 30, Total loss: 0.020
[2024-07-11 13:58:09,046][    INFO] Iters: 45, Total loss: 0.020
[2024-07-11 13:58:25,112][    INFO] Iters: 60, Total loss: 0.020
[2024-07-11 14:00:07,551][    INFO] Iters: 75, Total loss: 0.020
[2024-07-11 14:01:33,359][    INFO] Iters: 90, Total loss: 0.020
[2024-07-11 14:02:34,615][    INFO] Iters: 105, Total loss: 0.020
[2024-07-11 14:02:40,998][    INFO] Iters: 120, Total loss: 0.020
[2024-07-11 14:02:45,499][    INFO] ***** Evaluation ***** >>>> Class [0 Right Ventricle] Dice: 86.23
[2024-07-11 14:02:45,499][    INFO] ***** Evaluation ***** >>>> Class [1 Myocardium] Dice: 90.41
[2024-07-11 14:02:45,499][    INFO] ***** Evaluation ***** >>>> Class [2 Left Ventricle] Dice: 95.48
[2024-07-11 14:02:45,499][    INFO] ***** Evaluation ***** >>>> MeanDice: 90.71

[2024-07-11 14:02:45,707][    INFO] ===========> Epoch: 47, LR: 0.00080, Previous best: 91.48
[2024-07-11 14:02:46,381][    INFO] Iters: 0, Total loss: 0.018
[2024-07-11 14:02:50,131][    INFO] Iters: 15, Total loss: 0.019
[2024-07-11 14:02:53,838][    INFO] Iters: 30, Total loss: 0.019
[2024-07-11 14:02:58,002][    INFO] Iters: 45, Total loss: 0.020
[2024-07-11 14:03:01,631][    INFO] Iters: 60, Total loss: 0.020
[2024-07-11 14:03:05,180][    INFO] Iters: 75, Total loss: 0.020
[2024-07-11 14:03:08,741][    INFO] Iters: 90, Total loss: 0.020
[2024-07-11 14:03:12,209][    INFO] Iters: 105, Total loss: 0.020
[2024-07-11 14:03:15,777][    INFO] Iters: 120, Total loss: 0.020
[2024-07-11 14:03:20,333][    INFO] ***** Evaluation ***** >>>> Class [0 Right Ventricle] Dice: 87.39
[2024-07-11 14:03:20,333][    INFO] ***** Evaluation ***** >>>> Class [1 Myocardium] Dice: 90.77
[2024-07-11 14:03:20,333][    INFO] ***** Evaluation ***** >>>> Class [2 Left Ventricle] Dice: 96.04
[2024-07-11 14:03:20,333][    INFO] ***** Evaluation ***** >>>> MeanDice: 91.40

[2024-07-11 14:03:20,533][    INFO] ===========> Epoch: 48, LR: 0.00055, Previous best: 91.48
[2024-07-11 14:03:21,037][    INFO] Iters: 0, Total loss: 0.021
[2024-07-11 14:03:24,821][    INFO] Iters: 15, Total loss: 0.021
[2024-07-11 14:03:28,463][    INFO] Iters: 30, Total loss: 0.021
[2024-07-11 14:03:32,298][    INFO] Iters: 45, Total loss: 0.020
[2024-07-11 14:03:35,991][    INFO] Iters: 60, Total loss: 0.020
[2024-07-11 14:03:39,533][    INFO] Iters: 75, Total loss: 0.020
[2024-07-11 14:03:43,058][    INFO] Iters: 90, Total loss: 0.020
[2024-07-11 14:03:46,694][    INFO] Iters: 105, Total loss: 0.020
[2024-07-11 14:03:50,290][    INFO] Iters: 120, Total loss: 0.020
[2024-07-11 14:03:54,903][    INFO] ***** Evaluation ***** >>>> Class [0 Right Ventricle] Dice: 87.01
[2024-07-11 14:03:54,904][    INFO] ***** Evaluation ***** >>>> Class [1 Myocardium] Dice: 90.62
[2024-07-11 14:03:54,904][    INFO] ***** Evaluation ***** >>>> Class [2 Left Ventricle] Dice: 95.91
[2024-07-11 14:03:54,904][    INFO] ***** Evaluation ***** >>>> MeanDice: 91.18

[2024-07-11 14:03:55,102][    INFO] ===========> Epoch: 49, LR: 0.00030, Previous best: 91.48
[2024-07-11 14:03:55,643][    INFO] Iters: 0, Total loss: 0.017
[2024-07-11 14:03:59,441][    INFO] Iters: 15, Total loss: 0.020
[2024-07-11 14:04:03,019][    INFO] Iters: 30, Total loss: 0.020
[2024-07-11 14:04:06,553][    INFO] Iters: 45, Total loss: 0.021
[2024-07-11 14:04:10,075][    INFO] Iters: 60, Total loss: 0.021
[2024-07-11 14:04:13,564][    INFO] Iters: 75, Total loss: 0.021
[2024-07-11 14:04:17,537][    INFO] Iters: 90, Total loss: 0.020
[2024-07-11 14:04:21,055][    INFO] Iters: 105, Total loss: 0.020
[2024-07-11 14:04:24,555][    INFO] Iters: 120, Total loss: 0.020
[2024-07-11 14:04:29,090][    INFO] ***** Evaluation ***** >>>> Class [0 Right Ventricle] Dice: 85.91
[2024-07-11 14:04:29,091][    INFO] ***** Evaluation ***** >>>> Class [1 Myocardium] Dice: 90.52
[2024-07-11 14:04:29,091][    INFO] ***** Evaluation ***** >>>> Class [2 Left Ventricle] Dice: 95.63
[2024-07-11 14:04:29,091][    INFO] ***** Evaluation ***** >>>> MeanDice: 90.69

