/var/lib/slurm-llnl/slurmd/job06191/slurm_script: line 12: module: command not found
/var/lib/slurm-llnl/slurmd/job06191/slurm_script: line 13: activate: No such file or directory

CondaError: Run 'conda init' before 'conda deactivate'


CondaError: Run 'conda init' before 'conda activate'

[2024-07-11 13:24:23,331][    INFO] {'batch_size': 12,
 'conf_thresh': 0.95,
 'crop_size': 256,
 'data_root': '/vol/aimspace/projects/ukbb/data/cardiac/cardiac_segmentations/subjects',
 'dataset': 'ukbb',
 'epochs': 50,
 'exp': '4',
 'local_rank': 0,
 'lr': 0.01,
 'mode': 'train',
 'nclass': 4,
 'nclass_classif': 3,
 'ngpus': 1,
 'num_workers': 1,
 'port': 8071,
 'seed': '71',
 'seg_model': 'unet',
 'split': 18,
 'task': 'seg_only_mid_slices',
 'visualize': False}

[2024-07-11 13:24:23,394][    INFO] Total params: 1.8M

[2024-07-11 13:24:24,785][    INFO] ===========> Epoch: 0, LR: 0.01000, Previous best: 0.00
[2024-07-11 13:24:29,112][    INFO] Iters: 0, Total loss: 1.163
[2024-07-11 13:24:41,573][    INFO] Iters: 15, Total loss: 0.661
[2024-07-11 13:24:51,405][    INFO] Iters: 30, Total loss: 0.536
[2024-07-11 13:24:56,770][    INFO] Iters: 45, Total loss: 0.485
[2024-07-11 13:25:01,844][    INFO] Iters: 60, Total loss: 0.450
[2024-07-11 13:25:06,037][    INFO] Iters: 75, Total loss: 0.419
[2024-07-11 13:25:10,295][    INFO] Iters: 90, Total loss: 0.392
[2024-07-11 13:25:13,933][    INFO] Iters: 105, Total loss: 0.367
[2024-07-11 13:25:17,532][    INFO] Iters: 120, Total loss: 0.343
[2024-07-11 13:25:25,834][    INFO] ***** Evaluation ***** >>>> Class [0 Right Ventricle] Dice: 2.16
[2024-07-11 13:25:25,834][    INFO] ***** Evaluation ***** >>>> Class [1 Myocardium] Dice: 31.60
[2024-07-11 13:25:25,834][    INFO] ***** Evaluation ***** >>>> Class [2 Left Ventricle] Dice: 34.10
[2024-07-11 13:25:25,834][    INFO] ***** Evaluation ***** >>>> MeanDice: 22.62

[2024-07-11 13:25:26,219][    INFO] ===========> Epoch: 1, LR: 0.00982, Previous best: 22.62
[2024-07-11 13:25:26,810][    INFO] Iters: 0, Total loss: 0.145
[2024-07-11 13:25:30,614][    INFO] Iters: 15, Total loss: 0.128
[2024-07-11 13:25:34,388][    INFO] Iters: 30, Total loss: 0.114
[2024-07-11 13:25:38,461][    INFO] Iters: 45, Total loss: 0.110
[2024-07-11 13:25:42,145][    INFO] Iters: 60, Total loss: 0.107
[2024-07-11 13:25:45,671][    INFO] Iters: 75, Total loss: 0.103
[2024-07-11 13:25:49,262][    INFO] Iters: 90, Total loss: 0.100
[2024-07-11 13:25:52,852][    INFO] Iters: 105, Total loss: 0.097
[2024-07-11 13:25:56,430][    INFO] Iters: 120, Total loss: 0.094
[2024-07-11 13:26:02,845][    INFO] ***** Evaluation ***** >>>> Class [0 Right Ventricle] Dice: 78.27
[2024-07-11 13:26:02,845][    INFO] ***** Evaluation ***** >>>> Class [1 Myocardium] Dice: 78.37
[2024-07-11 13:26:02,845][    INFO] ***** Evaluation ***** >>>> Class [2 Left Ventricle] Dice: 91.72
[2024-07-11 13:26:02,845][    INFO] ***** Evaluation ***** >>>> MeanDice: 82.79

[2024-07-11 13:26:03,238][    INFO] ===========> Epoch: 2, LR: 0.00964, Previous best: 82.79
[2024-07-11 13:26:03,860][    INFO] Iters: 0, Total loss: 0.077
[2024-07-11 13:26:07,566][    INFO] Iters: 15, Total loss: 0.071
[2024-07-11 13:26:11,070][    INFO] Iters: 30, Total loss: 0.064
[2024-07-11 13:26:14,633][    INFO] Iters: 45, Total loss: 0.061
[2024-07-11 13:26:18,196][    INFO] Iters: 60, Total loss: 0.060
[2024-07-11 13:26:21,759][    INFO] Iters: 75, Total loss: 0.059
[2024-07-11 13:26:25,330][    INFO] Iters: 90, Total loss: 0.058
[2024-07-11 13:26:28,924][    INFO] Iters: 105, Total loss: 0.057
[2024-07-11 13:26:32,485][    INFO] Iters: 120, Total loss: 0.057
[2024-07-11 13:26:39,026][    INFO] ***** Evaluation ***** >>>> Class [0 Right Ventricle] Dice: 41.68
[2024-07-11 13:26:39,027][    INFO] ***** Evaluation ***** >>>> Class [1 Myocardium] Dice: 68.90
[2024-07-11 13:26:39,027][    INFO] ***** Evaluation ***** >>>> Class [2 Left Ventricle] Dice: 70.68
[2024-07-11 13:26:39,027][    INFO] ***** Evaluation ***** >>>> MeanDice: 60.42

[2024-07-11 13:26:39,223][    INFO] ===========> Epoch: 3, LR: 0.00946, Previous best: 82.79
[2024-07-11 13:26:39,778][    INFO] Iters: 0, Total loss: 0.076
[2024-07-11 13:26:43,619][    INFO] Iters: 15, Total loss: 0.050
[2024-07-11 13:26:47,312][    INFO] Iters: 30, Total loss: 0.051
[2024-07-11 13:26:50,996][    INFO] Iters: 45, Total loss: 0.050
[2024-07-11 13:26:54,616][    INFO] Iters: 60, Total loss: 0.049
[2024-07-11 13:26:58,195][    INFO] Iters: 75, Total loss: 0.048
[2024-07-11 13:27:02,214][    INFO] Iters: 90, Total loss: 0.048
[2024-07-11 13:27:05,772][    INFO] Iters: 105, Total loss: 0.047
[2024-07-11 13:27:09,365][    INFO] Iters: 120, Total loss: 0.046
[2024-07-11 13:27:16,143][    INFO] ***** Evaluation ***** >>>> Class [0 Right Ventricle] Dice: 74.38
[2024-07-11 13:27:16,143][    INFO] ***** Evaluation ***** >>>> Class [1 Myocardium] Dice: 82.55
[2024-07-11 13:27:16,143][    INFO] ***** Evaluation ***** >>>> Class [2 Left Ventricle] Dice: 91.50
[2024-07-11 13:27:16,143][    INFO] ***** Evaluation ***** >>>> MeanDice: 82.81

[2024-07-11 13:27:16,527][    INFO] ===========> Epoch: 4, LR: 0.00928, Previous best: 82.81
[2024-07-11 13:27:17,139][    INFO] Iters: 0, Total loss: 0.038
[2024-07-11 13:27:20,900][    INFO] Iters: 15, Total loss: 0.045
[2024-07-11 13:27:24,616][    INFO] Iters: 30, Total loss: 0.043
[2024-07-11 13:27:28,256][    INFO] Iters: 45, Total loss: 0.042
[2024-07-11 13:27:31,984][    INFO] Iters: 60, Total loss: 0.042
[2024-07-11 13:27:35,799][    INFO] Iters: 75, Total loss: 0.042
[2024-07-11 13:27:39,578][    INFO] Iters: 90, Total loss: 0.041
[2024-07-11 13:27:43,173][    INFO] Iters: 105, Total loss: 0.041
[2024-07-11 13:27:47,184][    INFO] Iters: 120, Total loss: 0.041
[2024-07-11 13:27:53,360][    INFO] ***** Evaluation ***** >>>> Class [0 Right Ventricle] Dice: 85.14
[2024-07-11 13:27:53,360][    INFO] ***** Evaluation ***** >>>> Class [1 Myocardium] Dice: 81.90
[2024-07-11 13:27:53,360][    INFO] ***** Evaluation ***** >>>> Class [2 Left Ventricle] Dice: 93.86
[2024-07-11 13:27:53,360][    INFO] ***** Evaluation ***** >>>> MeanDice: 86.97

[2024-07-11 13:27:53,748][    INFO] ===========> Epoch: 5, LR: 0.00910, Previous best: 86.97
[2024-07-11 13:27:54,283][    INFO] Iters: 0, Total loss: 0.041
[2024-07-11 13:27:58,165][    INFO] Iters: 15, Total loss: 0.045
[2024-07-11 13:28:01,869][    INFO] Iters: 30, Total loss: 0.043
[2024-07-11 13:28:05,614][    INFO] Iters: 45, Total loss: 0.041
[2024-07-11 13:28:09,172][    INFO] Iters: 60, Total loss: 0.040
[2024-07-11 13:28:12,677][    INFO] Iters: 75, Total loss: 0.040
[2024-07-11 13:28:16,249][    INFO] Iters: 90, Total loss: 0.039
[2024-07-11 13:28:19,724][    INFO] Iters: 105, Total loss: 0.039
[2024-07-11 13:28:23,590][    INFO] Iters: 120, Total loss: 0.039
[2024-07-11 13:28:29,789][    INFO] ***** Evaluation ***** >>>> Class [0 Right Ventricle] Dice: 69.39
[2024-07-11 13:28:29,790][    INFO] ***** Evaluation ***** >>>> Class [1 Myocardium] Dice: 83.51
[2024-07-11 13:28:29,790][    INFO] ***** Evaluation ***** >>>> Class [2 Left Ventricle] Dice: 92.47
[2024-07-11 13:28:29,790][    INFO] ***** Evaluation ***** >>>> MeanDice: 81.79

[2024-07-11 13:28:29,984][    INFO] ===========> Epoch: 6, LR: 0.00891, Previous best: 86.97
[2024-07-11 13:28:30,592][    INFO] Iters: 0, Total loss: 0.031
[2024-07-11 13:28:34,288][    INFO] Iters: 15, Total loss: 0.036
[2024-07-11 13:28:38,331][    INFO] Iters: 30, Total loss: 0.035
[2024-07-11 13:28:41,912][    INFO] Iters: 45, Total loss: 0.036
[2024-07-11 13:28:45,471][    INFO] Iters: 60, Total loss: 0.036
[2024-07-11 13:28:49,008][    INFO] Iters: 75, Total loss: 0.036
[2024-07-11 13:28:52,648][    INFO] Iters: 90, Total loss: 0.036
[2024-07-11 13:28:56,218][    INFO] Iters: 105, Total loss: 0.036
[2024-07-11 13:29:00,275][    INFO] Iters: 120, Total loss: 0.036
[2024-07-11 13:29:05,914][    INFO] ***** Evaluation ***** >>>> Class [0 Right Ventricle] Dice: 85.27
[2024-07-11 13:29:05,914][    INFO] ***** Evaluation ***** >>>> Class [1 Myocardium] Dice: 81.58
[2024-07-11 13:29:05,915][    INFO] ***** Evaluation ***** >>>> Class [2 Left Ventricle] Dice: 93.69
[2024-07-11 13:29:05,915][    INFO] ***** Evaluation ***** >>>> MeanDice: 86.85

[2024-07-11 13:29:06,113][    INFO] ===========> Epoch: 7, LR: 0.00873, Previous best: 86.97
[2024-07-11 13:29:06,662][    INFO] Iters: 0, Total loss: 0.038
[2024-07-11 13:29:10,482][    INFO] Iters: 15, Total loss: 0.035
[2024-07-11 13:29:14,173][    INFO] Iters: 30, Total loss: 0.033
[2024-07-11 13:29:17,891][    INFO] Iters: 45, Total loss: 0.034
[2024-07-11 13:29:21,547][    INFO] Iters: 60, Total loss: 0.033
[2024-07-11 13:29:25,211][    INFO] Iters: 75, Total loss: 0.033
[2024-07-11 13:29:29,082][    INFO] Iters: 90, Total loss: 0.033
[2024-07-11 13:29:32,879][    INFO] Iters: 105, Total loss: 0.033
[2024-07-11 13:29:37,309][    INFO] Iters: 120, Total loss: 0.033
[2024-07-11 13:29:43,279][    INFO] ***** Evaluation ***** >>>> Class [0 Right Ventricle] Dice: 86.31
[2024-07-11 13:29:43,280][    INFO] ***** Evaluation ***** >>>> Class [1 Myocardium] Dice: 84.72
[2024-07-11 13:29:43,280][    INFO] ***** Evaluation ***** >>>> Class [2 Left Ventricle] Dice: 94.55
[2024-07-11 13:29:43,280][    INFO] ***** Evaluation ***** >>>> MeanDice: 88.53

[2024-07-11 13:29:43,679][    INFO] ===========> Epoch: 8, LR: 0.00855, Previous best: 88.53
[2024-07-11 13:29:44,255][    INFO] Iters: 0, Total loss: 0.037
[2024-07-11 13:29:47,982][    INFO] Iters: 15, Total loss: 0.035
[2024-07-11 13:29:51,634][    INFO] Iters: 30, Total loss: 0.036
[2024-07-11 13:29:55,298][    INFO] Iters: 45, Total loss: 0.034
[2024-07-11 13:29:58,960][    INFO] Iters: 60, Total loss: 0.034
[2024-07-11 13:30:02,898][    INFO] Iters: 75, Total loss: 0.033
[2024-07-11 13:30:06,581][    INFO] Iters: 90, Total loss: 0.033
[2024-07-11 13:30:10,366][    INFO] Iters: 105, Total loss: 0.032
[2024-07-11 13:30:14,550][    INFO] Iters: 120, Total loss: 0.032
[2024-07-11 13:30:20,258][    INFO] ***** Evaluation ***** >>>> Class [0 Right Ventricle] Dice: 84.54
[2024-07-11 13:30:20,258][    INFO] ***** Evaluation ***** >>>> Class [1 Myocardium] Dice: 85.71
[2024-07-11 13:30:20,258][    INFO] ***** Evaluation ***** >>>> Class [2 Left Ventricle] Dice: 94.38
[2024-07-11 13:30:20,258][    INFO] ***** Evaluation ***** >>>> MeanDice: 88.21

[2024-07-11 13:30:20,456][    INFO] ===========> Epoch: 9, LR: 0.00837, Previous best: 88.53
[2024-07-11 13:30:21,034][    INFO] Iters: 0, Total loss: 0.029
[2024-07-11 13:30:24,722][    INFO] Iters: 15, Total loss: 0.031
[2024-07-11 13:30:28,381][    INFO] Iters: 30, Total loss: 0.032
[2024-07-11 13:30:31,921][    INFO] Iters: 45, Total loss: 0.032
[2024-07-11 13:30:35,509][    INFO] Iters: 60, Total loss: 0.031
[2024-07-11 13:30:39,069][    INFO] Iters: 75, Total loss: 0.031
[2024-07-11 13:30:42,630][    INFO] Iters: 90, Total loss: 0.031
[2024-07-11 13:30:46,124][    INFO] Iters: 105, Total loss: 0.031
[2024-07-11 13:30:50,114][    INFO] Iters: 120, Total loss: 0.031
[2024-07-11 13:30:55,946][    INFO] ***** Evaluation ***** >>>> Class [0 Right Ventricle] Dice: 87.33
[2024-07-11 13:30:55,946][    INFO] ***** Evaluation ***** >>>> Class [1 Myocardium] Dice: 86.38
[2024-07-11 13:30:55,946][    INFO] ***** Evaluation ***** >>>> Class [2 Left Ventricle] Dice: 92.38
[2024-07-11 13:30:55,946][    INFO] ***** Evaluation ***** >>>> MeanDice: 88.70

[2024-07-11 13:30:56,333][    INFO] ===========> Epoch: 10, LR: 0.00818, Previous best: 88.70
[2024-07-11 13:30:56,910][    INFO] Iters: 0, Total loss: 0.037
[2024-07-11 13:31:00,677][    INFO] Iters: 15, Total loss: 0.031
[2024-07-11 13:31:04,340][    INFO] Iters: 30, Total loss: 0.030
[2024-07-11 13:31:07,915][    INFO] Iters: 45, Total loss: 0.029
[2024-07-11 13:31:11,471][    INFO] Iters: 60, Total loss: 0.030
[2024-07-11 13:31:15,008][    INFO] Iters: 75, Total loss: 0.030
[2024-07-11 13:31:18,475][    INFO] Iters: 90, Total loss: 0.030
[2024-07-11 13:31:22,021][    INFO] Iters: 105, Total loss: 0.030
[2024-07-11 13:31:26,053][    INFO] Iters: 120, Total loss: 0.030
[2024-07-11 13:31:38,261][    INFO] ***** Evaluation ***** >>>> Class [0 Right Ventricle] Dice: 87.82
[2024-07-11 13:31:38,262][    INFO] ***** Evaluation ***** >>>> Class [1 Myocardium] Dice: 85.73
[2024-07-11 13:31:38,262][    INFO] ***** Evaluation ***** >>>> Class [2 Left Ventricle] Dice: 94.02
[2024-07-11 13:31:38,262][    INFO] ***** Evaluation ***** >>>> MeanDice: 89.19

[2024-07-11 13:31:39,142][    INFO] ===========> Epoch: 11, LR: 0.00800, Previous best: 89.19
[2024-07-11 13:31:39,689][    INFO] Iters: 0, Total loss: 0.032
[2024-07-11 13:31:46,707][    INFO] Iters: 15, Total loss: 0.030
[2024-07-11 13:31:50,371][    INFO] Iters: 30, Total loss: 0.029
[2024-07-11 13:31:54,154][    INFO] Iters: 45, Total loss: 0.029
[2024-07-11 13:31:57,790][    INFO] Iters: 60, Total loss: 0.029
[2024-07-11 13:32:01,681][    INFO] Iters: 75, Total loss: 0.029
[2024-07-11 13:32:05,352][    INFO] Iters: 90, Total loss: 0.029
[2024-07-11 13:32:09,015][    INFO] Iters: 105, Total loss: 0.029
[2024-07-11 13:32:13,314][    INFO] Iters: 120, Total loss: 0.029
[2024-07-11 13:32:19,499][    INFO] ***** Evaluation ***** >>>> Class [0 Right Ventricle] Dice: 89.01
[2024-07-11 13:32:19,499][    INFO] ***** Evaluation ***** >>>> Class [1 Myocardium] Dice: 85.53
[2024-07-11 13:32:19,499][    INFO] ***** Evaluation ***** >>>> Class [2 Left Ventricle] Dice: 94.56
[2024-07-11 13:32:19,499][    INFO] ***** Evaluation ***** >>>> MeanDice: 89.70

[2024-07-11 13:32:19,882][    INFO] ===========> Epoch: 12, LR: 0.00781, Previous best: 89.70
[2024-07-11 13:32:20,470][    INFO] Iters: 0, Total loss: 0.029
[2024-07-11 13:32:24,184][    INFO] Iters: 15, Total loss: 0.029
[2024-07-11 13:32:27,918][    INFO] Iters: 30, Total loss: 0.030
[2024-07-11 13:32:31,606][    INFO] Iters: 45, Total loss: 0.030
[2024-07-11 13:32:35,252][    INFO] Iters: 60, Total loss: 0.029
[2024-07-11 13:32:38,757][    INFO] Iters: 75, Total loss: 0.029
[2024-07-11 13:32:42,321][    INFO] Iters: 90, Total loss: 0.028
[2024-07-11 13:32:45,954][    INFO] Iters: 105, Total loss: 0.028
[2024-07-11 13:32:49,860][    INFO] Iters: 120, Total loss: 0.028
[2024-07-11 13:32:55,235][    INFO] ***** Evaluation ***** >>>> Class [0 Right Ventricle] Dice: 88.93
[2024-07-11 13:32:55,235][    INFO] ***** Evaluation ***** >>>> Class [1 Myocardium] Dice: 86.85
[2024-07-11 13:32:55,235][    INFO] ***** Evaluation ***** >>>> Class [2 Left Ventricle] Dice: 93.68
[2024-07-11 13:32:55,235][    INFO] ***** Evaluation ***** >>>> MeanDice: 89.82

[2024-07-11 13:32:55,622][    INFO] ===========> Epoch: 13, LR: 0.00763, Previous best: 89.82
[2024-07-11 13:32:56,419][    INFO] Iters: 0, Total loss: 0.028
[2024-07-11 13:33:00,105][    INFO] Iters: 15, Total loss: 0.030
[2024-07-11 13:33:03,745][    INFO] Iters: 30, Total loss: 0.030
[2024-07-11 13:33:07,346][    INFO] Iters: 45, Total loss: 0.029
[2024-07-11 13:33:10,996][    INFO] Iters: 60, Total loss: 0.029
[2024-07-11 13:33:14,628][    INFO] Iters: 75, Total loss: 0.028
[2024-07-11 13:33:18,323][    INFO] Iters: 90, Total loss: 0.028
[2024-07-11 13:33:22,016][    INFO] Iters: 105, Total loss: 0.027
[2024-07-11 13:33:26,166][    INFO] Iters: 120, Total loss: 0.028
[2024-07-11 13:33:31,814][    INFO] ***** Evaluation ***** >>>> Class [0 Right Ventricle] Dice: 89.10
[2024-07-11 13:33:31,814][    INFO] ***** Evaluation ***** >>>> Class [1 Myocardium] Dice: 87.34
[2024-07-11 13:33:31,815][    INFO] ***** Evaluation ***** >>>> Class [2 Left Ventricle] Dice: 94.88
[2024-07-11 13:33:31,815][    INFO] ***** Evaluation ***** >>>> MeanDice: 90.44

[2024-07-11 13:33:32,201][    INFO] ===========> Epoch: 14, LR: 0.00744, Previous best: 90.44
[2024-07-11 13:33:32,802][    INFO] Iters: 0, Total loss: 0.027
[2024-07-11 13:33:36,856][    INFO] Iters: 15, Total loss: 0.027
[2024-07-11 13:33:40,537][    INFO] Iters: 30, Total loss: 0.026
[2024-07-11 13:33:44,221][    INFO] Iters: 45, Total loss: 0.026
[2024-07-11 13:33:47,985][    INFO] Iters: 60, Total loss: 0.026
[2024-07-11 13:33:51,560][    INFO] Iters: 75, Total loss: 0.027
[2024-07-11 13:33:55,094][    INFO] Iters: 90, Total loss: 0.027
[2024-07-11 13:33:58,950][    INFO] Iters: 105, Total loss: 0.027
[2024-07-11 13:34:02,699][    INFO] Iters: 120, Total loss: 0.026
[2024-07-11 13:34:08,520][    INFO] ***** Evaluation ***** >>>> Class [0 Right Ventricle] Dice: 87.91
[2024-07-11 13:34:08,521][    INFO] ***** Evaluation ***** >>>> Class [1 Myocardium] Dice: 88.24
[2024-07-11 13:34:08,521][    INFO] ***** Evaluation ***** >>>> Class [2 Left Ventricle] Dice: 94.64
[2024-07-11 13:34:08,521][    INFO] ***** Evaluation ***** >>>> MeanDice: 90.27

[2024-07-11 13:34:08,715][    INFO] ===========> Epoch: 15, LR: 0.00726, Previous best: 90.44
[2024-07-11 13:34:09,314][    INFO] Iters: 0, Total loss: 0.026
[2024-07-11 13:34:13,208][    INFO] Iters: 15, Total loss: 0.027
[2024-07-11 13:34:16,800][    INFO] Iters: 30, Total loss: 0.027
[2024-07-11 13:34:20,550][    INFO] Iters: 45, Total loss: 0.027
[2024-07-11 13:34:24,153][    INFO] Iters: 60, Total loss: 0.026
[2024-07-11 13:34:28,000][    INFO] Iters: 75, Total loss: 0.026
[2024-07-11 13:34:31,636][    INFO] Iters: 90, Total loss: 0.026
[2024-07-11 13:34:35,351][    INFO] Iters: 105, Total loss: 0.026
[2024-07-11 13:34:39,233][    INFO] Iters: 120, Total loss: 0.026
[2024-07-11 13:34:45,081][    INFO] ***** Evaluation ***** >>>> Class [0 Right Ventricle] Dice: 90.56
[2024-07-11 13:34:45,081][    INFO] ***** Evaluation ***** >>>> Class [1 Myocardium] Dice: 86.75
[2024-07-11 13:34:45,082][    INFO] ***** Evaluation ***** >>>> Class [2 Left Ventricle] Dice: 94.99
[2024-07-11 13:34:45,082][    INFO] ***** Evaluation ***** >>>> MeanDice: 90.77

[2024-07-11 13:34:45,485][    INFO] ===========> Epoch: 16, LR: 0.00707, Previous best: 90.77
[2024-07-11 13:34:46,203][    INFO] Iters: 0, Total loss: 0.022
[2024-07-11 13:34:50,445][    INFO] Iters: 15, Total loss: 0.025
[2024-07-11 13:34:54,170][    INFO] Iters: 30, Total loss: 0.025
[2024-07-11 13:34:57,761][    INFO] Iters: 45, Total loss: 0.025
[2024-07-11 13:35:01,413][    INFO] Iters: 60, Total loss: 0.025
[2024-07-11 13:35:05,083][    INFO] Iters: 75, Total loss: 0.025
[2024-07-11 13:35:08,703][    INFO] Iters: 90, Total loss: 0.025
[2024-07-11 13:35:12,574][    INFO] Iters: 105, Total loss: 0.025
[2024-07-11 13:35:16,354][    INFO] Iters: 120, Total loss: 0.025
[2024-07-11 13:35:22,387][    INFO] ***** Evaluation ***** >>>> Class [0 Right Ventricle] Dice: 89.94
[2024-07-11 13:35:22,387][    INFO] ***** Evaluation ***** >>>> Class [1 Myocardium] Dice: 87.33
[2024-07-11 13:35:22,387][    INFO] ***** Evaluation ***** >>>> Class [2 Left Ventricle] Dice: 94.60
[2024-07-11 13:35:22,387][    INFO] ***** Evaluation ***** >>>> MeanDice: 90.62

[2024-07-11 13:35:22,585][    INFO] ===========> Epoch: 17, LR: 0.00688, Previous best: 90.77
[2024-07-11 13:35:23,246][    INFO] Iters: 0, Total loss: 0.021
[2024-07-11 13:35:27,238][    INFO] Iters: 15, Total loss: 0.024
[2024-07-11 13:35:30,800][    INFO] Iters: 30, Total loss: 0.025
[2024-07-11 13:35:34,363][    INFO] Iters: 45, Total loss: 0.025
[2024-07-11 13:35:37,812][    INFO] Iters: 60, Total loss: 0.025
[2024-07-11 13:35:41,307][    INFO] Iters: 75, Total loss: 0.025
[2024-07-11 13:35:44,901][    INFO] Iters: 90, Total loss: 0.025
[2024-07-11 13:35:48,674][    INFO] Iters: 105, Total loss: 0.025
[2024-07-11 13:35:52,411][    INFO] Iters: 120, Total loss: 0.025
[2024-07-11 13:35:58,048][    INFO] ***** Evaluation ***** >>>> Class [0 Right Ventricle] Dice: 89.39
[2024-07-11 13:35:58,048][    INFO] ***** Evaluation ***** >>>> Class [1 Myocardium] Dice: 87.80
[2024-07-11 13:35:58,048][    INFO] ***** Evaluation ***** >>>> Class [2 Left Ventricle] Dice: 95.57
[2024-07-11 13:35:58,048][    INFO] ***** Evaluation ***** >>>> MeanDice: 90.92

[2024-07-11 13:35:58,435][    INFO] ===========> Epoch: 18, LR: 0.00669, Previous best: 90.92
[2024-07-11 13:35:59,011][    INFO] Iters: 0, Total loss: 0.025
[2024-07-11 13:36:03,187][    INFO] Iters: 15, Total loss: 0.026
[2024-07-11 13:36:06,969][    INFO] Iters: 30, Total loss: 0.025
[2024-07-11 13:36:10,700][    INFO] Iters: 45, Total loss: 0.025
[2024-07-11 13:36:14,314][    INFO] Iters: 60, Total loss: 0.025
[2024-07-11 13:36:17,807][    INFO] Iters: 75, Total loss: 0.025
[2024-07-11 13:36:21,399][    INFO] Iters: 90, Total loss: 0.025
[2024-07-11 13:36:25,434][    INFO] Iters: 105, Total loss: 0.025
[2024-07-11 13:36:29,030][    INFO] Iters: 120, Total loss: 0.025
[2024-07-11 13:36:34,756][    INFO] ***** Evaluation ***** >>>> Class [0 Right Ventricle] Dice: 90.54
[2024-07-11 13:36:34,756][    INFO] ***** Evaluation ***** >>>> Class [1 Myocardium] Dice: 86.86
[2024-07-11 13:36:34,757][    INFO] ***** Evaluation ***** >>>> Class [2 Left Ventricle] Dice: 95.06
[2024-07-11 13:36:34,757][    INFO] ***** Evaluation ***** >>>> MeanDice: 90.82

[2024-07-11 13:36:34,952][    INFO] ===========> Epoch: 19, LR: 0.00651, Previous best: 90.92
[2024-07-11 13:36:35,594][    INFO] Iters: 0, Total loss: 0.026
[2024-07-11 13:36:39,538][    INFO] Iters: 15, Total loss: 0.026
[2024-07-11 13:36:43,316][    INFO] Iters: 30, Total loss: 0.026
[2024-07-11 13:36:47,137][    INFO] Iters: 45, Total loss: 0.025
[2024-07-11 13:36:50,865][    INFO] Iters: 60, Total loss: 0.025
[2024-07-11 13:36:54,579][    INFO] Iters: 75, Total loss: 0.024
[2024-07-11 13:36:58,360][    INFO] Iters: 90, Total loss: 0.024
[2024-07-11 13:37:02,513][    INFO] Iters: 105, Total loss: 0.024
[2024-07-11 13:37:06,295][    INFO] Iters: 120, Total loss: 0.024
[2024-07-11 13:37:12,436][    INFO] ***** Evaluation ***** >>>> Class [0 Right Ventricle] Dice: 90.48
[2024-07-11 13:37:12,437][    INFO] ***** Evaluation ***** >>>> Class [1 Myocardium] Dice: 87.07
[2024-07-11 13:37:12,437][    INFO] ***** Evaluation ***** >>>> Class [2 Left Ventricle] Dice: 95.70
[2024-07-11 13:37:12,437][    INFO] ***** Evaluation ***** >>>> MeanDice: 91.08

[2024-07-11 13:37:12,821][    INFO] ===========> Epoch: 20, LR: 0.00632, Previous best: 91.08
[2024-07-11 13:37:13,406][    INFO] Iters: 0, Total loss: 0.021
[2024-07-11 13:37:17,302][    INFO] Iters: 15, Total loss: 0.023
[2024-07-11 13:37:20,994][    INFO] Iters: 30, Total loss: 0.023
[2024-07-11 13:37:24,877][    INFO] Iters: 45, Total loss: 0.024
[2024-07-11 13:37:28,619][    INFO] Iters: 60, Total loss: 0.024
[2024-07-11 13:37:32,532][    INFO] Iters: 75, Total loss: 0.024
[2024-07-11 13:37:36,541][    INFO] Iters: 90, Total loss: 0.024
[2024-07-11 13:37:40,671][    INFO] Iters: 105, Total loss: 0.024
[2024-07-11 13:37:44,502][    INFO] Iters: 120, Total loss: 0.024
[2024-07-11 13:37:50,553][    INFO] ***** Evaluation ***** >>>> Class [0 Right Ventricle] Dice: 90.55
[2024-07-11 13:37:50,553][    INFO] ***** Evaluation ***** >>>> Class [1 Myocardium] Dice: 88.50
[2024-07-11 13:37:50,553][    INFO] ***** Evaluation ***** >>>> Class [2 Left Ventricle] Dice: 95.36
[2024-07-11 13:37:50,553][    INFO] ***** Evaluation ***** >>>> MeanDice: 91.47

[2024-07-11 13:37:50,939][    INFO] ===========> Epoch: 21, LR: 0.00613, Previous best: 91.47
[2024-07-11 13:37:51,507][    INFO] Iters: 0, Total loss: 0.023
[2024-07-11 13:37:55,538][    INFO] Iters: 15, Total loss: 0.023
[2024-07-11 13:37:59,499][    INFO] Iters: 30, Total loss: 0.024
[2024-07-11 13:38:03,289][    INFO] Iters: 45, Total loss: 0.024
[2024-07-11 13:38:07,121][    INFO] Iters: 60, Total loss: 0.024
[2024-07-11 13:38:10,819][    INFO] Iters: 75, Total loss: 0.024
[2024-07-11 13:38:15,015][    INFO] Iters: 90, Total loss: 0.024
[2024-07-11 13:38:18,816][    INFO] Iters: 105, Total loss: 0.024
[2024-07-11 13:38:22,574][    INFO] Iters: 120, Total loss: 0.024
[2024-07-11 13:38:28,489][    INFO] ***** Evaluation ***** >>>> Class [0 Right Ventricle] Dice: 90.35
[2024-07-11 13:38:28,490][    INFO] ***** Evaluation ***** >>>> Class [1 Myocardium] Dice: 87.90
[2024-07-11 13:38:28,490][    INFO] ***** Evaluation ***** >>>> Class [2 Left Ventricle] Dice: 95.06
[2024-07-11 13:38:28,490][    INFO] ***** Evaluation ***** >>>> MeanDice: 91.10

[2024-07-11 13:38:28,689][    INFO] ===========> Epoch: 22, LR: 0.00594, Previous best: 91.47
[2024-07-11 13:38:29,538][    INFO] Iters: 0, Total loss: 0.021
[2024-07-11 13:38:33,669][    INFO] Iters: 15, Total loss: 0.025
[2024-07-11 13:38:37,349][    INFO] Iters: 30, Total loss: 0.024
[2024-07-11 13:38:40,973][    INFO] Iters: 45, Total loss: 0.024
[2024-07-11 13:38:44,581][    INFO] Iters: 60, Total loss: 0.024
[2024-07-11 13:38:48,226][    INFO] Iters: 75, Total loss: 0.023
[2024-07-11 13:38:52,296][    INFO] Iters: 90, Total loss: 0.023
[2024-07-11 13:38:55,918][    INFO] Iters: 105, Total loss: 0.023
[2024-07-11 13:38:59,632][    INFO] Iters: 120, Total loss: 0.023
[2024-07-11 13:39:06,197][    INFO] ***** Evaluation ***** >>>> Class [0 Right Ventricle] Dice: 90.25
[2024-07-11 13:39:06,198][    INFO] ***** Evaluation ***** >>>> Class [1 Myocardium] Dice: 88.43
[2024-07-11 13:39:06,198][    INFO] ***** Evaluation ***** >>>> Class [2 Left Ventricle] Dice: 95.22
[2024-07-11 13:39:06,198][    INFO] ***** Evaluation ***** >>>> MeanDice: 91.30

[2024-07-11 13:39:06,391][    INFO] ===========> Epoch: 23, LR: 0.00574, Previous best: 91.47
[2024-07-11 13:39:07,138][    INFO] Iters: 0, Total loss: 0.021
[2024-07-11 13:39:11,013][    INFO] Iters: 15, Total loss: 0.022
[2024-07-11 13:39:14,917][    INFO] Iters: 30, Total loss: 0.023
[2024-07-11 13:39:18,774][    INFO] Iters: 45, Total loss: 0.023
[2024-07-11 13:39:22,524][    INFO] Iters: 60, Total loss: 0.023
[2024-07-11 13:39:26,922][    INFO] Iters: 75, Total loss: 0.023
[2024-07-11 13:39:30,884][    INFO] Iters: 90, Total loss: 0.023
[2024-07-11 13:39:34,653][    INFO] Iters: 105, Total loss: 0.023
[2024-07-11 13:39:38,439][    INFO] Iters: 120, Total loss: 0.023
[2024-07-11 13:39:44,425][    INFO] ***** Evaluation ***** >>>> Class [0 Right Ventricle] Dice: 90.22
[2024-07-11 13:39:44,425][    INFO] ***** Evaluation ***** >>>> Class [1 Myocardium] Dice: 87.75
[2024-07-11 13:39:44,425][    INFO] ***** Evaluation ***** >>>> Class [2 Left Ventricle] Dice: 95.06
[2024-07-11 13:39:44,425][    INFO] ***** Evaluation ***** >>>> MeanDice: 91.01

[2024-07-11 13:39:44,622][    INFO] ===========> Epoch: 24, LR: 0.00555, Previous best: 91.47
[2024-07-11 13:39:45,196][    INFO] Iters: 0, Total loss: 0.021
[2024-07-11 13:39:49,078][    INFO] Iters: 15, Total loss: 0.021
[2024-07-11 13:39:52,899][    INFO] Iters: 30, Total loss: 0.022
[2024-07-11 13:39:56,716][    INFO] Iters: 45, Total loss: 0.022
[2024-07-11 13:40:00,545][    INFO] Iters: 60, Total loss: 0.023
[2024-07-11 13:40:04,700][    INFO] Iters: 75, Total loss: 0.023
[2024-07-11 13:40:08,587][    INFO] Iters: 90, Total loss: 0.023
[2024-07-11 13:40:12,566][    INFO] Iters: 105, Total loss: 0.023
[2024-07-11 13:40:16,343][    INFO] Iters: 120, Total loss: 0.023
[2024-07-11 13:40:22,274][    INFO] ***** Evaluation ***** >>>> Class [0 Right Ventricle] Dice: 91.26
[2024-07-11 13:40:22,275][    INFO] ***** Evaluation ***** >>>> Class [1 Myocardium] Dice: 88.55
[2024-07-11 13:40:22,275][    INFO] ***** Evaluation ***** >>>> Class [2 Left Ventricle] Dice: 95.31
[2024-07-11 13:40:22,275][    INFO] ***** Evaluation ***** >>>> MeanDice: 91.71

[2024-07-11 13:40:22,673][    INFO] ===========> Epoch: 25, LR: 0.00536, Previous best: 91.71
[2024-07-11 13:40:23,234][    INFO] Iters: 0, Total loss: 0.027
[2024-07-11 13:40:27,202][    INFO] Iters: 15, Total loss: 0.023
[2024-07-11 13:40:30,956][    INFO] Iters: 30, Total loss: 0.024
[2024-07-11 13:40:34,830][    INFO] Iters: 45, Total loss: 0.024
[2024-07-11 13:40:38,681][    INFO] Iters: 60, Total loss: 0.023
[2024-07-11 13:40:42,703][    INFO] Iters: 75, Total loss: 0.023
[2024-07-11 13:40:46,564][    INFO] Iters: 90, Total loss: 0.023
[2024-07-11 13:40:50,259][    INFO] Iters: 105, Total loss: 0.023
[2024-07-11 13:40:53,994][    INFO] Iters: 120, Total loss: 0.023
[2024-07-11 13:40:59,987][    INFO] ***** Evaluation ***** >>>> Class [0 Right Ventricle] Dice: 90.62
[2024-07-11 13:40:59,987][    INFO] ***** Evaluation ***** >>>> Class [1 Myocardium] Dice: 87.69
[2024-07-11 13:40:59,987][    INFO] ***** Evaluation ***** >>>> Class [2 Left Ventricle] Dice: 94.59
[2024-07-11 13:40:59,987][    INFO] ***** Evaluation ***** >>>> MeanDice: 90.97

[2024-07-11 13:41:00,182][    INFO] ===========> Epoch: 26, LR: 0.00517, Previous best: 91.71
[2024-07-11 13:41:00,820][    INFO] Iters: 0, Total loss: 0.022
[2024-07-11 13:41:04,587][    INFO] Iters: 15, Total loss: 0.025
[2024-07-11 13:41:08,469][    INFO] Iters: 30, Total loss: 0.024
[2024-07-11 13:41:12,301][    INFO] Iters: 45, Total loss: 0.023
[2024-07-11 13:41:16,129][    INFO] Iters: 60, Total loss: 0.023
[2024-07-11 13:41:20,012][    INFO] Iters: 75, Total loss: 0.023
[2024-07-11 13:41:23,816][    INFO] Iters: 90, Total loss: 0.023
[2024-07-11 13:41:27,573][    INFO] Iters: 105, Total loss: 0.023
[2024-07-11 13:41:31,327][    INFO] Iters: 120, Total loss: 0.023
[2024-07-11 13:41:37,003][    INFO] ***** Evaluation ***** >>>> Class [0 Right Ventricle] Dice: 90.61
[2024-07-11 13:41:37,004][    INFO] ***** Evaluation ***** >>>> Class [1 Myocardium] Dice: 87.98
[2024-07-11 13:41:37,004][    INFO] ***** Evaluation ***** >>>> Class [2 Left Ventricle] Dice: 95.54
[2024-07-11 13:41:37,004][    INFO] ***** Evaluation ***** >>>> MeanDice: 91.38

[2024-07-11 13:41:37,201][    INFO] ===========> Epoch: 27, LR: 0.00497, Previous best: 91.71
[2024-07-11 13:41:37,782][    INFO] Iters: 0, Total loss: 0.021
[2024-07-11 13:41:41,326][    INFO] Iters: 15, Total loss: 0.021
[2024-07-11 13:41:44,955][    INFO] Iters: 30, Total loss: 0.022
[2024-07-11 13:41:48,585][    INFO] Iters: 45, Total loss: 0.023
[2024-07-11 13:41:52,314][    INFO] Iters: 60, Total loss: 0.023
[2024-07-11 13:41:56,179][    INFO] Iters: 75, Total loss: 0.023
[2024-07-11 13:41:59,708][    INFO] Iters: 90, Total loss: 0.023
[2024-07-11 13:42:03,226][    INFO] Iters: 105, Total loss: 0.023
[2024-07-11 13:42:06,724][    INFO] Iters: 120, Total loss: 0.022
[2024-07-11 13:42:12,422][    INFO] ***** Evaluation ***** >>>> Class [0 Right Ventricle] Dice: 91.19
[2024-07-11 13:42:12,422][    INFO] ***** Evaluation ***** >>>> Class [1 Myocardium] Dice: 88.08
[2024-07-11 13:42:12,422][    INFO] ***** Evaluation ***** >>>> Class [2 Left Ventricle] Dice: 95.08
[2024-07-11 13:42:12,422][    INFO] ***** Evaluation ***** >>>> MeanDice: 91.45

[2024-07-11 13:42:12,617][    INFO] ===========> Epoch: 28, LR: 0.00478, Previous best: 91.71
[2024-07-11 13:42:13,222][    INFO] Iters: 0, Total loss: 0.022
[2024-07-11 13:42:16,950][    INFO] Iters: 15, Total loss: 0.021
[2024-07-11 13:42:20,582][    INFO] Iters: 30, Total loss: 0.022
[2024-07-11 13:42:24,228][    INFO] Iters: 45, Total loss: 0.022
[2024-07-11 13:42:28,034][    INFO] Iters: 60, Total loss: 0.022
[2024-07-11 13:42:31,876][    INFO] Iters: 75, Total loss: 0.022
[2024-07-11 13:42:35,482][    INFO] Iters: 90, Total loss: 0.022
[2024-07-11 13:42:39,036][    INFO] Iters: 105, Total loss: 0.022
[2024-07-11 13:42:42,755][    INFO] Iters: 120, Total loss: 0.022
[2024-07-11 13:42:48,474][    INFO] ***** Evaluation ***** >>>> Class [0 Right Ventricle] Dice: 90.91
[2024-07-11 13:42:48,474][    INFO] ***** Evaluation ***** >>>> Class [1 Myocardium] Dice: 87.76
[2024-07-11 13:42:48,474][    INFO] ***** Evaluation ***** >>>> Class [2 Left Ventricle] Dice: 95.44
[2024-07-11 13:42:48,474][    INFO] ***** Evaluation ***** >>>> MeanDice: 91.37

[2024-07-11 13:42:48,683][    INFO] ===========> Epoch: 29, LR: 0.00458, Previous best: 91.71
[2024-07-11 13:42:49,150][    INFO] Iters: 0, Total loss: 0.021
[2024-07-11 13:42:52,781][    INFO] Iters: 15, Total loss: 0.022
[2024-07-11 13:42:56,298][    INFO] Iters: 30, Total loss: 0.022
[2024-07-11 13:42:59,893][    INFO] Iters: 45, Total loss: 0.022
[2024-07-11 13:43:03,638][    INFO] Iters: 60, Total loss: 0.022
[2024-07-11 13:43:07,410][    INFO] Iters: 75, Total loss: 0.022
[2024-07-11 13:43:11,031][    INFO] Iters: 90, Total loss: 0.022
[2024-07-11 13:43:14,524][    INFO] Iters: 105, Total loss: 0.022
[2024-07-11 13:43:18,174][    INFO] Iters: 120, Total loss: 0.022
[2024-07-11 13:43:24,794][    INFO] ***** Evaluation ***** >>>> Class [0 Right Ventricle] Dice: 91.07
[2024-07-11 13:43:24,795][    INFO] ***** Evaluation ***** >>>> Class [1 Myocardium] Dice: 87.78
[2024-07-11 13:43:24,795][    INFO] ***** Evaluation ***** >>>> Class [2 Left Ventricle] Dice: 95.17
[2024-07-11 13:43:24,795][    INFO] ***** Evaluation ***** >>>> MeanDice: 91.34

[2024-07-11 13:43:24,990][    INFO] ===========> Epoch: 30, LR: 0.00439, Previous best: 91.71
[2024-07-11 13:43:25,648][    INFO] Iters: 0, Total loss: 0.023
[2024-07-11 13:43:29,368][    INFO] Iters: 15, Total loss: 0.022
[2024-07-11 13:43:32,942][    INFO] Iters: 30, Total loss: 0.022
[2024-07-11 13:43:36,484][    INFO] Iters: 45, Total loss: 0.022
[2024-07-11 13:43:40,264][    INFO] Iters: 60, Total loss: 0.022
[2024-07-11 13:43:44,014][    INFO] Iters: 75, Total loss: 0.022
[2024-07-11 13:43:47,524][    INFO] Iters: 90, Total loss: 0.022
[2024-07-11 13:43:51,029][    INFO] Iters: 105, Total loss: 0.022
[2024-07-11 13:43:54,562][    INFO] Iters: 120, Total loss: 0.022
[2024-07-11 13:44:00,351][    INFO] ***** Evaluation ***** >>>> Class [0 Right Ventricle] Dice: 91.49
[2024-07-11 13:44:00,351][    INFO] ***** Evaluation ***** >>>> Class [1 Myocardium] Dice: 88.83
[2024-07-11 13:44:00,351][    INFO] ***** Evaluation ***** >>>> Class [2 Left Ventricle] Dice: 95.72
[2024-07-11 13:44:00,351][    INFO] ***** Evaluation ***** >>>> MeanDice: 92.02

[2024-07-11 13:44:00,759][    INFO] ===========> Epoch: 31, LR: 0.00419, Previous best: 92.02
[2024-07-11 13:44:01,422][    INFO] Iters: 0, Total loss: 0.019
[2024-07-11 13:44:05,188][    INFO] Iters: 15, Total loss: 0.021
[2024-07-11 13:44:09,017][    INFO] Iters: 30, Total loss: 0.021
[2024-07-11 13:44:12,655][    INFO] Iters: 45, Total loss: 0.021
[2024-07-11 13:44:16,641][    INFO] Iters: 60, Total loss: 0.021
[2024-07-11 13:44:20,351][    INFO] Iters: 75, Total loss: 0.021
[2024-07-11 13:44:23,937][    INFO] Iters: 90, Total loss: 0.021
[2024-07-11 13:44:27,532][    INFO] Iters: 105, Total loss: 0.021
[2024-07-11 13:44:31,075][    INFO] Iters: 120, Total loss: 0.021
[2024-07-11 13:44:36,913][    INFO] ***** Evaluation ***** >>>> Class [0 Right Ventricle] Dice: 91.14
[2024-07-11 13:44:36,913][    INFO] ***** Evaluation ***** >>>> Class [1 Myocardium] Dice: 89.31
[2024-07-11 13:44:36,913][    INFO] ***** Evaluation ***** >>>> Class [2 Left Ventricle] Dice: 95.26
[2024-07-11 13:44:36,913][    INFO] ***** Evaluation ***** >>>> MeanDice: 91.90

[2024-07-11 13:44:37,108][    INFO] ===========> Epoch: 32, LR: 0.00399, Previous best: 92.02
[2024-07-11 13:44:37,715][    INFO] Iters: 0, Total loss: 0.025
[2024-07-11 13:44:41,495][    INFO] Iters: 15, Total loss: 0.021
[2024-07-11 13:44:45,191][    INFO] Iters: 30, Total loss: 0.021
[2024-07-11 13:44:49,001][    INFO] Iters: 45, Total loss: 0.021
[2024-07-11 13:44:52,929][    INFO] Iters: 60, Total loss: 0.021
[2024-07-11 13:44:56,479][    INFO] Iters: 75, Total loss: 0.021
[2024-07-11 13:45:00,022][    INFO] Iters: 90, Total loss: 0.021
[2024-07-11 13:45:03,680][    INFO] Iters: 105, Total loss: 0.021
[2024-07-11 13:45:07,298][    INFO] Iters: 120, Total loss: 0.021
[2024-07-11 13:45:13,117][    INFO] ***** Evaluation ***** >>>> Class [0 Right Ventricle] Dice: 91.39
[2024-07-11 13:45:13,117][    INFO] ***** Evaluation ***** >>>> Class [1 Myocardium] Dice: 87.95
[2024-07-11 13:45:13,117][    INFO] ***** Evaluation ***** >>>> Class [2 Left Ventricle] Dice: 95.56
[2024-07-11 13:45:13,118][    INFO] ***** Evaluation ***** >>>> MeanDice: 91.63

[2024-07-11 13:45:13,315][    INFO] ===========> Epoch: 33, LR: 0.00379, Previous best: 92.02
[2024-07-11 13:45:13,916][    INFO] Iters: 0, Total loss: 0.026
[2024-07-11 13:45:17,589][    INFO] Iters: 15, Total loss: 0.022
[2024-07-11 13:45:21,192][    INFO] Iters: 30, Total loss: 0.022
[2024-07-11 13:45:24,865][    INFO] Iters: 45, Total loss: 0.021
[2024-07-11 13:45:28,610][    INFO] Iters: 60, Total loss: 0.021
[2024-07-11 13:45:32,138][    INFO] Iters: 75, Total loss: 0.021
[2024-07-11 13:45:35,808][    INFO] Iters: 90, Total loss: 0.021
[2024-07-11 13:45:39,327][    INFO] Iters: 105, Total loss: 0.021
[2024-07-11 13:45:43,000][    INFO] Iters: 120, Total loss: 0.021
[2024-07-11 13:45:49,090][    INFO] ***** Evaluation ***** >>>> Class [0 Right Ventricle] Dice: 91.08
[2024-07-11 13:45:49,090][    INFO] ***** Evaluation ***** >>>> Class [1 Myocardium] Dice: 88.16
[2024-07-11 13:45:49,090][    INFO] ***** Evaluation ***** >>>> Class [2 Left Ventricle] Dice: 95.33
[2024-07-11 13:45:49,090][    INFO] ***** Evaluation ***** >>>> MeanDice: 91.52

[2024-07-11 13:45:49,287][    INFO] ===========> Epoch: 34, LR: 0.00359, Previous best: 92.02
[2024-07-11 13:45:49,743][    INFO] Iters: 0, Total loss: 0.020
[2024-07-11 13:45:53,349][    INFO] Iters: 15, Total loss: 0.022
[2024-07-11 13:45:56,921][    INFO] Iters: 30, Total loss: 0.022
[2024-07-11 13:46:00,602][    INFO] Iters: 45, Total loss: 0.021
[2024-07-11 13:46:04,427][    INFO] Iters: 60, Total loss: 0.021
[2024-07-11 13:46:07,970][    INFO] Iters: 75, Total loss: 0.021
[2024-07-11 13:46:11,447][    INFO] Iters: 90, Total loss: 0.021
[2024-07-11 13:46:14,957][    INFO] Iters: 105, Total loss: 0.021
[2024-07-11 13:46:18,417][    INFO] Iters: 120, Total loss: 0.021
[2024-07-11 13:46:24,288][    INFO] ***** Evaluation ***** >>>> Class [0 Right Ventricle] Dice: 91.29
[2024-07-11 13:46:24,288][    INFO] ***** Evaluation ***** >>>> Class [1 Myocardium] Dice: 89.72
[2024-07-11 13:46:24,288][    INFO] ***** Evaluation ***** >>>> Class [2 Left Ventricle] Dice: 95.58
[2024-07-11 13:46:24,288][    INFO] ***** Evaluation ***** >>>> MeanDice: 92.19

[2024-07-11 13:46:24,700][    INFO] ===========> Epoch: 35, LR: 0.00339, Previous best: 92.19
[2024-07-11 13:46:25,315][    INFO] Iters: 0, Total loss: 0.019
[2024-07-11 13:46:28,917][    INFO] Iters: 15, Total loss: 0.021
[2024-07-11 13:46:32,464][    INFO] Iters: 30, Total loss: 0.021
[2024-07-11 13:46:36,392][    INFO] Iters: 45, Total loss: 0.021
[2024-07-11 13:46:40,095][    INFO] Iters: 60, Total loss: 0.021
[2024-07-11 13:46:43,641][    INFO] Iters: 75, Total loss: 0.021
[2024-07-11 13:46:47,226][    INFO] Iters: 90, Total loss: 0.021
[2024-07-11 13:46:50,696][    INFO] Iters: 105, Total loss: 0.021
[2024-07-11 13:46:54,234][    INFO] Iters: 120, Total loss: 0.021
[2024-07-11 13:47:00,352][    INFO] ***** Evaluation ***** >>>> Class [0 Right Ventricle] Dice: 91.49
[2024-07-11 13:47:00,352][    INFO] ***** Evaluation ***** >>>> Class [1 Myocardium] Dice: 89.01
[2024-07-11 13:47:00,352][    INFO] ***** Evaluation ***** >>>> Class [2 Left Ventricle] Dice: 95.69
[2024-07-11 13:47:00,352][    INFO] ***** Evaluation ***** >>>> MeanDice: 92.06

[2024-07-11 13:47:00,548][    INFO] ===========> Epoch: 36, LR: 0.00318, Previous best: 92.19
[2024-07-11 13:47:01,055][    INFO] Iters: 0, Total loss: 0.024
[2024-07-11 13:47:04,813][    INFO] Iters: 15, Total loss: 0.023
[2024-07-11 13:47:08,514][    INFO] Iters: 30, Total loss: 0.022
[2024-07-11 13:47:12,110][    INFO] Iters: 45, Total loss: 0.022
[2024-07-11 13:47:15,817][    INFO] Iters: 60, Total loss: 0.022
[2024-07-11 13:47:19,397][    INFO] Iters: 75, Total loss: 0.022
[2024-07-11 13:47:22,910][    INFO] Iters: 90, Total loss: 0.022
[2024-07-11 13:47:26,396][    INFO] Iters: 105, Total loss: 0.022
[2024-07-11 13:47:29,979][    INFO] Iters: 120, Total loss: 0.021
[2024-07-11 13:47:35,722][    INFO] ***** Evaluation ***** >>>> Class [0 Right Ventricle] Dice: 91.25
[2024-07-11 13:47:35,722][    INFO] ***** Evaluation ***** >>>> Class [1 Myocardium] Dice: 89.80
[2024-07-11 13:47:35,722][    INFO] ***** Evaluation ***** >>>> Class [2 Left Ventricle] Dice: 95.66
[2024-07-11 13:47:35,722][    INFO] ***** Evaluation ***** >>>> MeanDice: 92.24

[2024-07-11 13:47:36,108][    INFO] ===========> Epoch: 37, LR: 0.00298, Previous best: 92.24
[2024-07-11 13:47:36,823][    INFO] Iters: 0, Total loss: 0.018
[2024-07-11 13:47:40,605][    INFO] Iters: 15, Total loss: 0.020
[2024-07-11 13:47:44,391][    INFO] Iters: 30, Total loss: 0.020
[2024-07-11 13:47:48,061][    INFO] Iters: 45, Total loss: 0.021
[2024-07-11 13:47:51,904][    INFO] Iters: 60, Total loss: 0.021
[2024-07-11 13:47:56,182][    INFO] Iters: 75, Total loss: 0.021
[2024-07-11 13:47:59,892][    INFO] Iters: 90, Total loss: 0.021
[2024-07-11 13:48:03,638][    INFO] Iters: 105, Total loss: 0.021
[2024-07-11 13:48:07,321][    INFO] Iters: 120, Total loss: 0.021
[2024-07-11 13:48:13,084][    INFO] ***** Evaluation ***** >>>> Class [0 Right Ventricle] Dice: 91.14
[2024-07-11 13:48:13,084][    INFO] ***** Evaluation ***** >>>> Class [1 Myocardium] Dice: 89.13
[2024-07-11 13:48:13,084][    INFO] ***** Evaluation ***** >>>> Class [2 Left Ventricle] Dice: 95.45
[2024-07-11 13:48:13,084][    INFO] ***** Evaluation ***** >>>> MeanDice: 91.91

[2024-07-11 13:48:13,279][    INFO] ===========> Epoch: 38, LR: 0.00277, Previous best: 92.24
[2024-07-11 13:48:13,794][    INFO] Iters: 0, Total loss: 0.021
[2024-07-11 13:48:17,554][    INFO] Iters: 15, Total loss: 0.021
[2024-07-11 13:48:22,324][    INFO] Iters: 30, Total loss: 0.021
[2024-07-11 13:48:26,034][    INFO] Iters: 45, Total loss: 0.021
[2024-07-11 13:48:29,753][    INFO] Iters: 60, Total loss: 0.020
[2024-07-11 13:48:33,444][    INFO] Iters: 75, Total loss: 0.020
[2024-07-11 13:48:37,231][    INFO] Iters: 90, Total loss: 0.021
[2024-07-11 13:48:40,831][    INFO] Iters: 105, Total loss: 0.021
[2024-07-11 13:48:44,474][    INFO] Iters: 120, Total loss: 0.021
[2024-07-11 13:48:50,540][    INFO] ***** Evaluation ***** >>>> Class [0 Right Ventricle] Dice: 91.66
[2024-07-11 13:48:50,540][    INFO] ***** Evaluation ***** >>>> Class [1 Myocardium] Dice: 88.68
[2024-07-11 13:48:50,540][    INFO] ***** Evaluation ***** >>>> Class [2 Left Ventricle] Dice: 95.60
[2024-07-11 13:48:50,540][    INFO] ***** Evaluation ***** >>>> MeanDice: 91.98

[2024-07-11 13:48:50,740][    INFO] ===========> Epoch: 39, LR: 0.00256, Previous best: 92.24
[2024-07-11 13:48:51,274][    INFO] Iters: 0, Total loss: 0.020
[2024-07-11 13:48:54,976][    INFO] Iters: 15, Total loss: 0.020
[2024-07-11 13:48:58,854][    INFO] Iters: 30, Total loss: 0.021
[2024-07-11 13:49:02,559][    INFO] Iters: 45, Total loss: 0.021
[2024-07-11 13:49:06,151][    INFO] Iters: 60, Total loss: 0.021
[2024-07-11 13:49:09,709][    INFO] Iters: 75, Total loss: 0.021
[2024-07-11 13:49:13,269][    INFO] Iters: 90, Total loss: 0.021
[2024-07-11 13:49:16,831][    INFO] Iters: 105, Total loss: 0.021
[2024-07-11 13:49:20,389][    INFO] Iters: 120, Total loss: 0.021
[2024-07-11 13:49:26,245][    INFO] ***** Evaluation ***** >>>> Class [0 Right Ventricle] Dice: 91.12
[2024-07-11 13:49:26,245][    INFO] ***** Evaluation ***** >>>> Class [1 Myocardium] Dice: 89.01
[2024-07-11 13:49:26,246][    INFO] ***** Evaluation ***** >>>> Class [2 Left Ventricle] Dice: 95.70
[2024-07-11 13:49:26,246][    INFO] ***** Evaluation ***** >>>> MeanDice: 91.94

[2024-07-11 13:49:26,442][    INFO] ===========> Epoch: 40, LR: 0.00235, Previous best: 92.24
[2024-07-11 13:49:27,060][    INFO] Iters: 0, Total loss: 0.022
[2024-07-11 13:49:30,942][    INFO] Iters: 15, Total loss: 0.021
[2024-07-11 13:49:34,572][    INFO] Iters: 30, Total loss: 0.021
[2024-07-11 13:49:38,410][    INFO] Iters: 45, Total loss: 0.021
[2024-07-11 13:49:41,994][    INFO] Iters: 60, Total loss: 0.021
[2024-07-11 13:49:45,619][    INFO] Iters: 75, Total loss: 0.020
[2024-07-11 13:49:49,337][    INFO] Iters: 90, Total loss: 0.020
[2024-07-11 13:49:52,882][    INFO] Iters: 105, Total loss: 0.020
[2024-07-11 13:49:56,571][    INFO] Iters: 120, Total loss: 0.020
[2024-07-11 13:50:02,286][    INFO] ***** Evaluation ***** >>>> Class [0 Right Ventricle] Dice: 91.08
[2024-07-11 13:50:02,286][    INFO] ***** Evaluation ***** >>>> Class [1 Myocardium] Dice: 89.59
[2024-07-11 13:50:02,286][    INFO] ***** Evaluation ***** >>>> Class [2 Left Ventricle] Dice: 95.62
[2024-07-11 13:50:02,286][    INFO] ***** Evaluation ***** >>>> MeanDice: 92.10

[2024-07-11 13:50:02,481][    INFO] ===========> Epoch: 41, LR: 0.00214, Previous best: 92.24
[2024-07-11 13:50:03,047][    INFO] Iters: 0, Total loss: 0.017
[2024-07-11 13:50:06,874][    INFO] Iters: 15, Total loss: 0.020
[2024-07-11 13:50:10,479][    INFO] Iters: 30, Total loss: 0.020
[2024-07-11 13:50:14,283][    INFO] Iters: 45, Total loss: 0.020
[2024-07-11 13:50:17,767][    INFO] Iters: 60, Total loss: 0.020
[2024-07-11 13:50:21,251][    INFO] Iters: 75, Total loss: 0.020
[2024-07-11 13:50:24,774][    INFO] Iters: 90, Total loss: 0.020
[2024-07-11 13:50:28,287][    INFO] Iters: 105, Total loss: 0.020
[2024-07-11 13:50:31,816][    INFO] Iters: 120, Total loss: 0.020
[2024-07-11 13:50:37,431][    INFO] ***** Evaluation ***** >>>> Class [0 Right Ventricle] Dice: 91.69
[2024-07-11 13:50:37,432][    INFO] ***** Evaluation ***** >>>> Class [1 Myocardium] Dice: 89.57
[2024-07-11 13:50:37,432][    INFO] ***** Evaluation ***** >>>> Class [2 Left Ventricle] Dice: 95.66
[2024-07-11 13:50:37,432][    INFO] ***** Evaluation ***** >>>> MeanDice: 92.31

[2024-07-11 13:50:37,834][    INFO] ===========> Epoch: 42, LR: 0.00192, Previous best: 92.31
[2024-07-11 13:50:38,479][    INFO] Iters: 0, Total loss: 0.023
[2024-07-11 13:50:42,240][    INFO] Iters: 15, Total loss: 0.020
[2024-07-11 13:50:45,998][    INFO] Iters: 30, Total loss: 0.020
[2024-07-11 13:50:49,901][    INFO] Iters: 45, Total loss: 0.020
[2024-07-11 13:50:53,629][    INFO] Iters: 60, Total loss: 0.020
[2024-07-11 13:50:57,344][    INFO] Iters: 75, Total loss: 0.020
[2024-07-11 13:51:01,022][    INFO] Iters: 90, Total loss: 0.020
[2024-07-11 13:51:04,540][    INFO] Iters: 105, Total loss: 0.020
[2024-07-11 13:51:08,250][    INFO] Iters: 120, Total loss: 0.020
[2024-07-11 13:51:14,153][    INFO] ***** Evaluation ***** >>>> Class [0 Right Ventricle] Dice: 91.61
[2024-07-11 13:51:14,154][    INFO] ***** Evaluation ***** >>>> Class [1 Myocardium] Dice: 89.73
[2024-07-11 13:51:14,154][    INFO] ***** Evaluation ***** >>>> Class [2 Left Ventricle] Dice: 95.80
[2024-07-11 13:51:14,154][    INFO] ***** Evaluation ***** >>>> MeanDice: 92.38

[2024-07-11 13:51:14,542][    INFO] ===========> Epoch: 43, LR: 0.00171, Previous best: 92.38
[2024-07-11 13:51:15,091][    INFO] Iters: 0, Total loss: 0.020
[2024-07-11 13:51:18,929][    INFO] Iters: 15, Total loss: 0.021
[2024-07-11 13:51:22,528][    INFO] Iters: 30, Total loss: 0.020
[2024-07-11 13:51:26,296][    INFO] Iters: 45, Total loss: 0.020
[2024-07-11 13:51:29,896][    INFO] Iters: 60, Total loss: 0.020
[2024-07-11 13:51:33,502][    INFO] Iters: 75, Total loss: 0.020
[2024-07-11 13:51:37,094][    INFO] Iters: 90, Total loss: 0.020
[2024-07-11 13:51:40,629][    INFO] Iters: 105, Total loss: 0.020
[2024-07-11 13:51:44,231][    INFO] Iters: 120, Total loss: 0.020
[2024-07-11 13:51:50,128][    INFO] ***** Evaluation ***** >>>> Class [0 Right Ventricle] Dice: 91.46
[2024-07-11 13:51:50,128][    INFO] ***** Evaluation ***** >>>> Class [1 Myocardium] Dice: 89.31
[2024-07-11 13:51:50,128][    INFO] ***** Evaluation ***** >>>> Class [2 Left Ventricle] Dice: 95.75
[2024-07-11 13:51:50,128][    INFO] ***** Evaluation ***** >>>> MeanDice: 92.17

[2024-07-11 13:51:50,325][    INFO] ===========> Epoch: 44, LR: 0.00149, Previous best: 92.38
[2024-07-11 13:51:50,935][    INFO] Iters: 0, Total loss: 0.021
[2024-07-11 13:51:58,709][    INFO] Iters: 15, Total loss: 0.020
[2024-07-11 13:52:07,164][    INFO] Iters: 30, Total loss: 0.020
[2024-07-11 13:52:12,599][    INFO] Iters: 45, Total loss: 0.020
[2024-07-11 13:52:16,117][    INFO] Iters: 60, Total loss: 0.020
[2024-07-11 13:52:19,671][    INFO] Iters: 75, Total loss: 0.020
[2024-07-11 13:52:23,253][    INFO] Iters: 90, Total loss: 0.020
[2024-07-11 13:52:27,107][    INFO] Iters: 105, Total loss: 0.020
[2024-07-11 13:52:30,707][    INFO] Iters: 120, Total loss: 0.020
[2024-07-11 13:52:36,758][    INFO] ***** Evaluation ***** >>>> Class [0 Right Ventricle] Dice: 91.41
[2024-07-11 13:52:36,758][    INFO] ***** Evaluation ***** >>>> Class [1 Myocardium] Dice: 89.16
[2024-07-11 13:52:36,758][    INFO] ***** Evaluation ***** >>>> Class [2 Left Ventricle] Dice: 95.80
[2024-07-11 13:52:36,758][    INFO] ***** Evaluation ***** >>>> MeanDice: 92.12

[2024-07-11 13:52:36,953][    INFO] ===========> Epoch: 45, LR: 0.00126, Previous best: 92.38
[2024-07-11 13:52:37,638][    INFO] Iters: 0, Total loss: 0.018
[2024-07-11 13:52:41,633][    INFO] Iters: 15, Total loss: 0.019
[2024-07-11 13:52:45,544][    INFO] Iters: 30, Total loss: 0.019
[2024-07-11 13:52:49,225][    INFO] Iters: 45, Total loss: 0.020
[2024-07-11 13:52:52,820][    INFO] Iters: 60, Total loss: 0.020
[2024-07-11 13:52:56,472][    INFO] Iters: 75, Total loss: 0.020
[2024-07-11 13:53:00,377][    INFO] Iters: 90, Total loss: 0.020
[2024-07-11 13:53:04,044][    INFO] Iters: 105, Total loss: 0.020
[2024-07-11 13:53:07,686][    INFO] Iters: 120, Total loss: 0.020
[2024-07-11 13:53:14,033][    INFO] ***** Evaluation ***** >>>> Class [0 Right Ventricle] Dice: 91.50
[2024-07-11 13:53:14,033][    INFO] ***** Evaluation ***** >>>> Class [1 Myocardium] Dice: 89.40
[2024-07-11 13:53:14,033][    INFO] ***** Evaluation ***** >>>> Class [2 Left Ventricle] Dice: 95.80
[2024-07-11 13:53:14,033][    INFO] ***** Evaluation ***** >>>> MeanDice: 92.23

[2024-07-11 13:53:14,233][    INFO] ===========> Epoch: 46, LR: 0.00103, Previous best: 92.38
[2024-07-11 13:53:14,938][    INFO] Iters: 0, Total loss: 0.016
[2024-07-11 13:53:18,851][    INFO] Iters: 15, Total loss: 0.020
[2024-07-11 13:53:22,621][    INFO] Iters: 30, Total loss: 0.020
[2024-07-11 13:53:26,256][    INFO] Iters: 45, Total loss: 0.020
[2024-07-11 13:53:29,825][    INFO] Iters: 60, Total loss: 0.020
[2024-07-11 13:53:33,428][    INFO] Iters: 75, Total loss: 0.020
[2024-07-11 13:53:37,034][    INFO] Iters: 90, Total loss: 0.020
[2024-07-11 13:53:40,625][    INFO] Iters: 105, Total loss: 0.020
[2024-07-11 13:53:44,320][    INFO] Iters: 120, Total loss: 0.020
[2024-07-11 13:53:49,715][    INFO] ***** Evaluation ***** >>>> Class [0 Right Ventricle] Dice: 91.67
[2024-07-11 13:53:49,715][    INFO] ***** Evaluation ***** >>>> Class [1 Myocardium] Dice: 89.21
[2024-07-11 13:53:49,715][    INFO] ***** Evaluation ***** >>>> Class [2 Left Ventricle] Dice: 95.76
[2024-07-11 13:53:49,715][    INFO] ***** Evaluation ***** >>>> MeanDice: 92.21

[2024-07-11 13:53:50,028][    INFO] ===========> Epoch: 47, LR: 0.00080, Previous best: 92.38
[2024-07-11 13:53:50,778][    INFO] Iters: 0, Total loss: 0.017
[2024-07-11 13:53:54,443][    INFO] Iters: 15, Total loss: 0.019
[2024-07-11 13:53:58,018][    INFO] Iters: 30, Total loss: 0.019
[2024-07-11 13:54:01,810][    INFO] Iters: 45, Total loss: 0.019
[2024-07-11 13:54:05,485][    INFO] Iters: 60, Total loss: 0.019
[2024-07-11 13:54:09,067][    INFO] Iters: 75, Total loss: 0.020
[2024-07-11 13:54:12,719][    INFO] Iters: 90, Total loss: 0.020
[2024-07-11 13:54:16,291][    INFO] Iters: 105, Total loss: 0.020
[2024-07-11 13:54:19,867][    INFO] Iters: 120, Total loss: 0.020
[2024-07-11 13:54:25,744][    INFO] ***** Evaluation ***** >>>> Class [0 Right Ventricle] Dice: 91.77
[2024-07-11 13:54:25,744][    INFO] ***** Evaluation ***** >>>> Class [1 Myocardium] Dice: 89.21
[2024-07-11 13:54:25,744][    INFO] ***** Evaluation ***** >>>> Class [2 Left Ventricle] Dice: 95.83
[2024-07-11 13:54:25,744][    INFO] ***** Evaluation ***** >>>> MeanDice: 92.27

[2024-07-11 13:54:25,939][    INFO] ===========> Epoch: 48, LR: 0.00055, Previous best: 92.38
[2024-07-11 13:54:26,717][    INFO] Iters: 0, Total loss: 0.025
[2024-07-11 13:54:30,693][    INFO] Iters: 15, Total loss: 0.021
[2024-07-11 13:54:34,597][    INFO] Iters: 30, Total loss: 0.020
[2024-07-11 13:54:38,522][    INFO] Iters: 45, Total loss: 0.020
[2024-07-11 13:54:42,186][    INFO] Iters: 60, Total loss: 0.020
[2024-07-11 13:54:45,760][    INFO] Iters: 75, Total loss: 0.020
[2024-07-11 13:54:49,357][    INFO] Iters: 90, Total loss: 0.020
[2024-07-11 13:54:52,939][    INFO] Iters: 105, Total loss: 0.020
[2024-07-11 13:54:56,734][    INFO] Iters: 120, Total loss: 0.020
[2024-07-11 13:55:02,602][    INFO] ***** Evaluation ***** >>>> Class [0 Right Ventricle] Dice: 91.66
[2024-07-11 13:55:02,603][    INFO] ***** Evaluation ***** >>>> Class [1 Myocardium] Dice: 89.29
[2024-07-11 13:55:02,603][    INFO] ***** Evaluation ***** >>>> Class [2 Left Ventricle] Dice: 95.80
[2024-07-11 13:55:02,603][    INFO] ***** Evaluation ***** >>>> MeanDice: 92.25

[2024-07-11 13:55:02,795][    INFO] ===========> Epoch: 49, LR: 0.00030, Previous best: 92.38
[2024-07-11 13:55:03,519][    INFO] Iters: 0, Total loss: 0.018
[2024-07-11 13:55:07,477][    INFO] Iters: 15, Total loss: 0.019
[2024-07-11 13:55:11,317][    INFO] Iters: 30, Total loss: 0.019
[2024-07-11 13:55:15,206][    INFO] Iters: 45, Total loss: 0.020
[2024-07-11 13:55:18,965][    INFO] Iters: 60, Total loss: 0.019
[2024-07-11 13:55:22,604][    INFO] Iters: 75, Total loss: 0.020
[2024-07-11 13:55:26,165][    INFO] Iters: 90, Total loss: 0.020
[2024-07-11 13:55:29,706][    INFO] Iters: 105, Total loss: 0.020
[2024-07-11 13:55:33,266][    INFO] Iters: 120, Total loss: 0.020
[2024-07-11 13:55:38,860][    INFO] ***** Evaluation ***** >>>> Class [0 Right Ventricle] Dice: 91.64
[2024-07-11 13:55:38,860][    INFO] ***** Evaluation ***** >>>> Class [1 Myocardium] Dice: 89.24
[2024-07-11 13:55:38,860][    INFO] ***** Evaluation ***** >>>> Class [2 Left Ventricle] Dice: 95.80
[2024-07-11 13:55:38,860][    INFO] ***** Evaluation ***** >>>> MeanDice: 92.23

