[2024-03-11 15:30:38,640][    INFO] {'all_split': 'splits/ukbb/all.csv',
 'batch_size': 12,
 'conf_thresh': 0.95,
 'config': 'configs/ukbb_ethn_ctrl.yaml',
 'crop_size': 256,
 'ctrl': 'age ethnicity',
 'data_desc': 'UKBB Train Data - 264 Patients, 26 Labeled, Rest Unlabeled '
              'Patients',
 'data_root': '/vol/aimspace/projects/ukbb/data/cardiac/cardiac_segmentations/subjects',
 'dataset': 'ukbb',
 'epochs': 100,
 'labeled_id_path': 'splits/ukbb/26/labeled.csv',
 'labeled_split': 'splits/ukbb/26/labeled.csv',
 'local_rank': 0,
 'lr': 0.01,
 'mode': 'train',
 'model_desc': 'Unimatch Unet 26 Training on UKBB',
 'nclass': 4,
 'ngpus': 1,
 'num_workers': 1,
 'port': 8026,
 'save_path': 'exp/ukbb/unimatch/unet/26',
 'split': 26,
 'train_split': 'splits/ukbb/26/train.csv',
 'unlabeled_id_path': 'splits/ukbb/26/unlabeled.csv',
 'unlabeled_split': 'splits/ukbb/26/unlabeled.csv',
 'val_split': 'splits/ukbb/26/val.csv',
 'visualize': False}

[2024-03-11 15:30:38,675][    INFO] Total params: 1.8M

[2024-03-11 15:31:34,393][    INFO] ===========> Epoch: 0, LR: 0.01000, Previous best: 0.00
[2024-03-11 15:34:27,528][    INFO] Iters: 0, Total loss: 0.886, Loss x: 1.134, Loss s: 0.776, Loss w_fp: 0.501, Mask ratio: 0.000
[2024-03-11 15:35:37,519][    INFO] ***** Evaluation ***** >>>> Class [0 Right Ventricle] Dice: 0.00
[2024-03-11 15:35:37,519][    INFO] ***** Evaluation ***** >>>> Class [1 Myocardium] Dice: 0.00
[2024-03-11 15:35:37,519][    INFO] ***** Evaluation ***** >>>> Class [2 Left Ventricle] Dice: 0.00
[2024-03-11 15:35:37,519][    INFO] ***** Evaluation ***** >>>> MeanDice: 0.00

[2024-03-11 15:35:37,876][    INFO] ===========> Epoch: 1, LR: 0.00999, Previous best: 0.00
[2024-03-11 15:35:48,331][    INFO] Iters: 0, Total loss: 0.586, Loss x: 0.422, Loss s: 0.750, Loss w_fp: 0.750, Mask ratio: 0.816
[2024-03-11 15:36:04,258][    INFO] ***** Evaluation ***** >>>> Class [0 Right Ventricle] Dice: 0.00
[2024-03-11 15:36:04,258][    INFO] ***** Evaluation ***** >>>> Class [1 Myocardium] Dice: 0.00
[2024-03-11 15:36:04,258][    INFO] ***** Evaluation ***** >>>> Class [2 Left Ventricle] Dice: 0.00
[2024-03-11 15:36:04,258][    INFO] ***** Evaluation ***** >>>> MeanDice: 0.00

[2024-03-11 15:36:04,425][    INFO] ===========> Epoch: 2, LR: 0.00990, Previous best: 0.00
[2024-03-11 15:36:05,168][    INFO] Iters: 0, Total loss: 0.571, Loss x: 0.391, Loss s: 0.750, Loss w_fp: 0.750, Mask ratio: 0.709
[2024-03-11 15:36:21,041][    INFO] ***** Evaluation ***** >>>> Class [0 Right Ventricle] Dice: 0.00
[2024-03-11 15:36:21,041][    INFO] ***** Evaluation ***** >>>> Class [1 Myocardium] Dice: 0.00
[2024-03-11 15:36:21,041][    INFO] ***** Evaluation ***** >>>> Class [2 Left Ventricle] Dice: 0.00
[2024-03-11 15:36:21,042][    INFO] ***** Evaluation ***** >>>> MeanDice: 0.00

[2024-03-11 15:36:21,204][    INFO] ===========> Epoch: 3, LR: 0.00981, Previous best: 0.00
[2024-03-11 15:36:21,941][    INFO] Iters: 0, Total loss: 0.560, Loss x: 0.369, Loss s: 0.750, Loss w_fp: 0.750, Mask ratio: 0.717
[2024-03-11 15:36:37,556][    INFO] ***** Evaluation ***** >>>> Class [0 Right Ventricle] Dice: 8.53
[2024-03-11 15:36:37,556][    INFO] ***** Evaluation ***** >>>> Class [1 Myocardium] Dice: 0.00
[2024-03-11 15:36:37,556][    INFO] ***** Evaluation ***** >>>> Class [2 Left Ventricle] Dice: 0.00
[2024-03-11 15:36:37,556][    INFO] ***** Evaluation ***** >>>> MeanDice: 2.84

[2024-03-11 15:36:37,880][    INFO] ===========> Epoch: 4, LR: 0.00972, Previous best: 2.84
[2024-03-11 15:36:38,667][    INFO] Iters: 0, Total loss: 0.541, Loss x: 0.332, Loss s: 0.751, Loss w_fp: 0.751, Mask ratio: 0.883
[2024-03-11 15:36:54,860][    INFO] ***** Evaluation ***** >>>> Class [0 Right Ventricle] Dice: 31.86
[2024-03-11 15:36:54,860][    INFO] ***** Evaluation ***** >>>> Class [1 Myocardium] Dice: 8.23
[2024-03-11 15:36:54,860][    INFO] ***** Evaluation ***** >>>> Class [2 Left Ventricle] Dice: 38.84
[2024-03-11 15:36:54,860][    INFO] ***** Evaluation ***** >>>> MeanDice: 26.31

[2024-03-11 15:36:55,180][    INFO] ===========> Epoch: 5, LR: 0.00963, Previous best: 26.31
[2024-03-11 15:36:55,936][    INFO] Iters: 0, Total loss: 0.503, Loss x: 0.254, Loss s: 0.751, Loss w_fp: 0.752, Mask ratio: 0.891
[2024-03-11 15:37:11,958][    INFO] ***** Evaluation ***** >>>> Class [0 Right Ventricle] Dice: 0.01
[2024-03-11 15:37:11,958][    INFO] ***** Evaluation ***** >>>> Class [1 Myocardium] Dice: 0.00
[2024-03-11 15:37:11,959][    INFO] ***** Evaluation ***** >>>> Class [2 Left Ventricle] Dice: 0.00
[2024-03-11 15:37:11,959][    INFO] ***** Evaluation ***** >>>> MeanDice: 0.00

[2024-03-11 15:37:12,123][    INFO] ===========> Epoch: 6, LR: 0.00954, Previous best: 26.31
[2024-03-11 15:37:12,902][    INFO] Iters: 0, Total loss: 0.564, Loss x: 0.378, Loss s: 0.750, Loss w_fp: 0.750, Mask ratio: 0.899
[2024-03-11 15:37:30,553][    INFO] ***** Evaluation ***** >>>> Class [0 Right Ventricle] Dice: 36.79
[2024-03-11 15:37:30,553][    INFO] ***** Evaluation ***** >>>> Class [1 Myocardium] Dice: 35.15
[2024-03-11 15:37:30,553][    INFO] ***** Evaluation ***** >>>> Class [2 Left Ventricle] Dice: 31.76
[2024-03-11 15:37:30,553][    INFO] ***** Evaluation ***** >>>> MeanDice: 34.57

[2024-03-11 15:37:30,878][    INFO] ===========> Epoch: 7, LR: 0.00945, Previous best: 34.57
[2024-03-11 15:37:31,637][    INFO] Iters: 0, Total loss: 0.230, Loss x: 0.277, Loss s: 0.313, Loss w_fp: 0.053, Mask ratio: 0.967
[2024-03-11 15:37:49,989][    INFO] ***** Evaluation ***** >>>> Class [0 Right Ventricle] Dice: 40.96
[2024-03-11 15:37:49,989][    INFO] ***** Evaluation ***** >>>> Class [1 Myocardium] Dice: 40.52
[2024-03-11 15:37:49,989][    INFO] ***** Evaluation ***** >>>> Class [2 Left Ventricle] Dice: 64.21
[2024-03-11 15:37:49,989][    INFO] ***** Evaluation ***** >>>> MeanDice: 48.56

[2024-03-11 15:37:50,310][    INFO] ===========> Epoch: 8, LR: 0.00936, Previous best: 48.56
[2024-03-11 15:37:51,205][    INFO] Iters: 0, Total loss: 0.161, Loss x: 0.150, Loss s: 0.332, Loss w_fp: 0.012, Mask ratio: 0.973
[2024-03-11 15:38:07,243][    INFO] ***** Evaluation ***** >>>> Class [0 Right Ventricle] Dice: 72.13
[2024-03-11 15:38:07,243][    INFO] ***** Evaluation ***** >>>> Class [1 Myocardium] Dice: 65.48
[2024-03-11 15:38:07,244][    INFO] ***** Evaluation ***** >>>> Class [2 Left Ventricle] Dice: 83.40
[2024-03-11 15:38:07,244][    INFO] ***** Evaluation ***** >>>> MeanDice: 73.67

[2024-03-11 15:38:07,568][    INFO] ===========> Epoch: 9, LR: 0.00927, Previous best: 73.67
[2024-03-11 15:38:08,333][    INFO] Iters: 0, Total loss: 0.093, Loss x: 0.157, Loss s: 0.030, Loss w_fp: 0.026, Mask ratio: 0.969
[2024-03-11 15:38:24,987][    INFO] ***** Evaluation ***** >>>> Class [0 Right Ventricle] Dice: 74.88
[2024-03-11 15:38:24,987][    INFO] ***** Evaluation ***** >>>> Class [1 Myocardium] Dice: 71.43
[2024-03-11 15:38:24,987][    INFO] ***** Evaluation ***** >>>> Class [2 Left Ventricle] Dice: 84.89
[2024-03-11 15:38:24,987][    INFO] ***** Evaluation ***** >>>> MeanDice: 77.07

[2024-03-11 15:38:25,309][    INFO] ===========> Epoch: 10, LR: 0.00918, Previous best: 77.07
[2024-03-11 15:38:26,080][    INFO] Iters: 0, Total loss: 0.105, Loss x: 0.159, Loss s: 0.088, Loss w_fp: 0.014, Mask ratio: 0.979
[2024-03-11 15:38:42,496][    INFO] ***** Evaluation ***** >>>> Class [0 Right Ventricle] Dice: 74.73
[2024-03-11 15:38:42,497][    INFO] ***** Evaluation ***** >>>> Class [1 Myocardium] Dice: 72.30
[2024-03-11 15:38:42,497][    INFO] ***** Evaluation ***** >>>> Class [2 Left Ventricle] Dice: 85.85
[2024-03-11 15:38:42,497][    INFO] ***** Evaluation ***** >>>> MeanDice: 77.63

[2024-03-11 15:38:42,833][    INFO] ===========> Epoch: 11, LR: 0.00909, Previous best: 77.63
[2024-03-11 15:38:43,588][    INFO] Iters: 0, Total loss: 0.075, Loss x: 0.096, Loss s: 0.095, Loss w_fp: 0.014, Mask ratio: 0.979
[2024-03-11 15:39:01,231][    INFO] ***** Evaluation ***** >>>> Class [0 Right Ventricle] Dice: 75.35
[2024-03-11 15:39:01,231][    INFO] ***** Evaluation ***** >>>> Class [1 Myocardium] Dice: 75.16
[2024-03-11 15:39:01,231][    INFO] ***** Evaluation ***** >>>> Class [2 Left Ventricle] Dice: 87.53
[2024-03-11 15:39:01,231][    INFO] ***** Evaluation ***** >>>> MeanDice: 79.35

[2024-03-11 15:39:01,550][    INFO] ===========> Epoch: 12, LR: 0.00899, Previous best: 79.35
[2024-03-11 15:39:02,373][    INFO] Iters: 0, Total loss: 0.123, Loss x: 0.121, Loss s: 0.217, Loss w_fp: 0.032, Mask ratio: 0.987
[2024-03-11 15:39:19,322][    INFO] ***** Evaluation ***** >>>> Class [0 Right Ventricle] Dice: 75.25
[2024-03-11 15:39:19,322][    INFO] ***** Evaluation ***** >>>> Class [1 Myocardium] Dice: 78.34
[2024-03-11 15:39:19,322][    INFO] ***** Evaluation ***** >>>> Class [2 Left Ventricle] Dice: 89.05
[2024-03-11 15:39:19,322][    INFO] ***** Evaluation ***** >>>> MeanDice: 80.88

[2024-03-11 15:39:19,641][    INFO] ===========> Epoch: 13, LR: 0.00890, Previous best: 80.88
[2024-03-11 15:39:20,426][    INFO] Iters: 0, Total loss: 0.060, Loss x: 0.092, Loss s: 0.041, Loss w_fp: 0.014, Mask ratio: 0.983
[2024-03-11 15:39:36,193][    INFO] ***** Evaluation ***** >>>> Class [0 Right Ventricle] Dice: 75.33
[2024-03-11 15:39:36,194][    INFO] ***** Evaluation ***** >>>> Class [1 Myocardium] Dice: 77.37
[2024-03-11 15:39:36,194][    INFO] ***** Evaluation ***** >>>> Class [2 Left Ventricle] Dice: 89.98
[2024-03-11 15:39:36,194][    INFO] ***** Evaluation ***** >>>> MeanDice: 80.89

[2024-03-11 15:39:36,517][    INFO] ===========> Epoch: 14, LR: 0.00881, Previous best: 80.89
[2024-03-11 15:39:37,282][    INFO] Iters: 0, Total loss: 0.064, Loss x: 0.104, Loss s: 0.035, Loss w_fp: 0.012, Mask ratio: 0.985
[2024-03-11 15:39:53,163][    INFO] ***** Evaluation ***** >>>> Class [0 Right Ventricle] Dice: 80.61
[2024-03-11 15:39:53,163][    INFO] ***** Evaluation ***** >>>> Class [1 Myocardium] Dice: 81.30
[2024-03-11 15:39:53,164][    INFO] ***** Evaluation ***** >>>> Class [2 Left Ventricle] Dice: 91.04
[2024-03-11 15:39:53,164][    INFO] ***** Evaluation ***** >>>> MeanDice: 84.31

[2024-03-11 15:39:53,485][    INFO] ===========> Epoch: 15, LR: 0.00872, Previous best: 84.31
[2024-03-11 15:39:54,268][    INFO] Iters: 0, Total loss: 0.052, Loss x: 0.073, Loss s: 0.056, Loss w_fp: 0.008, Mask ratio: 0.982
[2024-03-11 15:40:10,178][    INFO] ***** Evaluation ***** >>>> Class [0 Right Ventricle] Dice: 78.32
[2024-03-11 15:40:10,178][    INFO] ***** Evaluation ***** >>>> Class [1 Myocardium] Dice: 79.00
[2024-03-11 15:40:10,178][    INFO] ***** Evaluation ***** >>>> Class [2 Left Ventricle] Dice: 88.32
[2024-03-11 15:40:10,178][    INFO] ***** Evaluation ***** >>>> MeanDice: 81.88

[2024-03-11 15:40:10,336][    INFO] ===========> Epoch: 16, LR: 0.00863, Previous best: 84.31
[2024-03-11 15:40:11,110][    INFO] Iters: 0, Total loss: 0.050, Loss x: 0.068, Loss s: 0.042, Loss w_fp: 0.022, Mask ratio: 0.986
[2024-03-11 15:40:27,121][    INFO] ***** Evaluation ***** >>>> Class [0 Right Ventricle] Dice: 78.57
[2024-03-11 15:40:27,121][    INFO] ***** Evaluation ***** >>>> Class [1 Myocardium] Dice: 81.27
[2024-03-11 15:40:27,121][    INFO] ***** Evaluation ***** >>>> Class [2 Left Ventricle] Dice: 91.25
[2024-03-11 15:40:27,121][    INFO] ***** Evaluation ***** >>>> MeanDice: 83.70

[2024-03-11 15:40:27,282][    INFO] ===========> Epoch: 17, LR: 0.00854, Previous best: 84.31
[2024-03-11 15:40:28,027][    INFO] Iters: 0, Total loss: 0.057, Loss x: 0.055, Loss s: 0.096, Loss w_fp: 0.023, Mask ratio: 0.981
[2024-03-11 15:40:43,781][    INFO] ***** Evaluation ***** >>>> Class [0 Right Ventricle] Dice: 80.21
[2024-03-11 15:40:43,781][    INFO] ***** Evaluation ***** >>>> Class [1 Myocardium] Dice: 76.27
[2024-03-11 15:40:43,782][    INFO] ***** Evaluation ***** >>>> Class [2 Left Ventricle] Dice: 88.59
[2024-03-11 15:40:43,782][    INFO] ***** Evaluation ***** >>>> MeanDice: 81.69

[2024-03-11 15:40:43,939][    INFO] ===========> Epoch: 18, LR: 0.00845, Previous best: 84.31
[2024-03-11 15:40:44,689][    INFO] Iters: 0, Total loss: 0.060, Loss x: 0.075, Loss s: 0.078, Loss w_fp: 0.010, Mask ratio: 0.989
[2024-03-11 15:41:00,822][    INFO] ***** Evaluation ***** >>>> Class [0 Right Ventricle] Dice: 68.46
[2024-03-11 15:41:00,823][    INFO] ***** Evaluation ***** >>>> Class [1 Myocardium] Dice: 72.96
[2024-03-11 15:41:00,823][    INFO] ***** Evaluation ***** >>>> Class [2 Left Ventricle] Dice: 86.89
[2024-03-11 15:41:00,823][    INFO] ***** Evaluation ***** >>>> MeanDice: 76.11

[2024-03-11 15:41:00,989][    INFO] ===========> Epoch: 19, LR: 0.00835, Previous best: 84.31
[2024-03-11 15:41:01,753][    INFO] Iters: 0, Total loss: 0.046, Loss x: 0.061, Loss s: 0.056, Loss w_fp: 0.005, Mask ratio: 0.985
[2024-03-11 15:41:18,240][    INFO] ***** Evaluation ***** >>>> Class [0 Right Ventricle] Dice: 81.91
[2024-03-11 15:41:18,240][    INFO] ***** Evaluation ***** >>>> Class [1 Myocardium] Dice: 81.53
[2024-03-11 15:41:18,240][    INFO] ***** Evaluation ***** >>>> Class [2 Left Ventricle] Dice: 90.87
[2024-03-11 15:41:18,240][    INFO] ***** Evaluation ***** >>>> MeanDice: 84.77

[2024-03-11 15:41:18,565][    INFO] ===========> Epoch: 20, LR: 0.00826, Previous best: 84.77
[2024-03-11 15:41:19,326][    INFO] Iters: 0, Total loss: 0.059, Loss x: 0.052, Loss s: 0.088, Loss w_fp: 0.046, Mask ratio: 0.981
[2024-03-11 15:41:35,137][    INFO] ***** Evaluation ***** >>>> Class [0 Right Ventricle] Dice: 73.57
[2024-03-11 15:41:35,137][    INFO] ***** Evaluation ***** >>>> Class [1 Myocardium] Dice: 79.77
[2024-03-11 15:41:35,138][    INFO] ***** Evaluation ***** >>>> Class [2 Left Ventricle] Dice: 86.86
[2024-03-11 15:41:35,138][    INFO] ***** Evaluation ***** >>>> MeanDice: 80.07

[2024-03-11 15:41:35,304][    INFO] ===========> Epoch: 21, LR: 0.00817, Previous best: 84.77
[2024-03-11 15:41:36,067][    INFO] Iters: 0, Total loss: 0.076, Loss x: 0.109, Loss s: 0.060, Loss w_fp: 0.025, Mask ratio: 0.977
[2024-03-11 15:41:52,020][    INFO] ***** Evaluation ***** >>>> Class [0 Right Ventricle] Dice: 80.97
[2024-03-11 15:41:52,020][    INFO] ***** Evaluation ***** >>>> Class [1 Myocardium] Dice: 80.87
[2024-03-11 15:41:52,021][    INFO] ***** Evaluation ***** >>>> Class [2 Left Ventricle] Dice: 91.36
[2024-03-11 15:41:52,021][    INFO] ***** Evaluation ***** >>>> MeanDice: 84.40

[2024-03-11 15:41:52,179][    INFO] ===========> Epoch: 22, LR: 0.00808, Previous best: 84.77
[2024-03-11 15:41:52,965][    INFO] Iters: 0, Total loss: 0.063, Loss x: 0.047, Loss s: 0.144, Loss w_fp: 0.013, Mask ratio: 0.985
[2024-03-11 15:42:08,723][    INFO] ***** Evaluation ***** >>>> Class [0 Right Ventricle] Dice: 79.91
[2024-03-11 15:42:08,723][    INFO] ***** Evaluation ***** >>>> Class [1 Myocardium] Dice: 82.25
[2024-03-11 15:42:08,723][    INFO] ***** Evaluation ***** >>>> Class [2 Left Ventricle] Dice: 91.57
[2024-03-11 15:42:08,723][    INFO] ***** Evaluation ***** >>>> MeanDice: 84.58

[2024-03-11 15:42:08,885][    INFO] ===========> Epoch: 23, LR: 0.00799, Previous best: 84.77
[2024-03-11 15:42:09,663][    INFO] Iters: 0, Total loss: 0.046, Loss x: 0.047, Loss s: 0.082, Loss w_fp: 0.007, Mask ratio: 0.987
[2024-03-11 15:42:26,249][    INFO] ***** Evaluation ***** >>>> Class [0 Right Ventricle] Dice: 82.07
[2024-03-11 15:42:26,249][    INFO] ***** Evaluation ***** >>>> Class [1 Myocardium] Dice: 83.24
[2024-03-11 15:42:26,249][    INFO] ***** Evaluation ***** >>>> Class [2 Left Ventricle] Dice: 92.00
[2024-03-11 15:42:26,249][    INFO] ***** Evaluation ***** >>>> MeanDice: 85.77

[2024-03-11 15:42:26,571][    INFO] ===========> Epoch: 24, LR: 0.00789, Previous best: 85.77
[2024-03-11 15:42:27,323][    INFO] Iters: 0, Total loss: 0.056, Loss x: 0.057, Loss s: 0.102, Loss w_fp: 0.009, Mask ratio: 0.992
[2024-03-11 15:42:43,515][    INFO] ***** Evaluation ***** >>>> Class [0 Right Ventricle] Dice: 80.58
[2024-03-11 15:42:43,515][    INFO] ***** Evaluation ***** >>>> Class [1 Myocardium] Dice: 80.88
[2024-03-11 15:42:43,515][    INFO] ***** Evaluation ***** >>>> Class [2 Left Ventricle] Dice: 91.55
[2024-03-11 15:42:43,515][    INFO] ***** Evaluation ***** >>>> MeanDice: 84.34

[2024-03-11 15:42:43,673][    INFO] ===========> Epoch: 25, LR: 0.00780, Previous best: 85.77
[2024-03-11 15:42:44,439][    INFO] Iters: 0, Total loss: 0.043, Loss x: 0.052, Loss s: 0.059, Loss w_fp: 0.009, Mask ratio: 0.984
[2024-03-11 15:43:00,582][    INFO] ***** Evaluation ***** >>>> Class [0 Right Ventricle] Dice: 79.52
[2024-03-11 15:43:00,582][    INFO] ***** Evaluation ***** >>>> Class [1 Myocardium] Dice: 79.72
[2024-03-11 15:43:00,582][    INFO] ***** Evaluation ***** >>>> Class [2 Left Ventricle] Dice: 90.07
[2024-03-11 15:43:00,582][    INFO] ***** Evaluation ***** >>>> MeanDice: 83.10

[2024-03-11 15:43:00,741][    INFO] ===========> Epoch: 26, LR: 0.00771, Previous best: 85.77
[2024-03-11 15:43:01,491][    INFO] Iters: 0, Total loss: 0.044, Loss x: 0.057, Loss s: 0.060, Loss w_fp: 0.004, Mask ratio: 0.991
[2024-03-11 15:43:17,476][    INFO] ***** Evaluation ***** >>>> Class [0 Right Ventricle] Dice: 82.84
[2024-03-11 15:43:17,476][    INFO] ***** Evaluation ***** >>>> Class [1 Myocardium] Dice: 81.94
[2024-03-11 15:43:17,476][    INFO] ***** Evaluation ***** >>>> Class [2 Left Ventricle] Dice: 92.09
[2024-03-11 15:43:17,477][    INFO] ***** Evaluation ***** >>>> MeanDice: 85.63

[2024-03-11 15:43:17,643][    INFO] ===========> Epoch: 27, LR: 0.00762, Previous best: 85.77
[2024-03-11 15:43:18,420][    INFO] Iters: 0, Total loss: 0.049, Loss x: 0.064, Loss s: 0.065, Loss w_fp: 0.005, Mask ratio: 0.986
[2024-03-11 15:43:36,198][    INFO] ***** Evaluation ***** >>>> Class [0 Right Ventricle] Dice: 83.55
[2024-03-11 15:43:36,198][    INFO] ***** Evaluation ***** >>>> Class [1 Myocardium] Dice: 82.99
[2024-03-11 15:43:36,198][    INFO] ***** Evaluation ***** >>>> Class [2 Left Ventricle] Dice: 90.25
[2024-03-11 15:43:36,198][    INFO] ***** Evaluation ***** >>>> MeanDice: 85.60

[2024-03-11 15:43:36,363][    INFO] ===========> Epoch: 28, LR: 0.00752, Previous best: 85.77
[2024-03-11 15:43:37,119][    INFO] Iters: 0, Total loss: 0.041, Loss x: 0.048, Loss s: 0.060, Loss w_fp: 0.007, Mask ratio: 0.988
[2024-03-11 15:43:53,485][    INFO] ***** Evaluation ***** >>>> Class [0 Right Ventricle] Dice: 79.53
[2024-03-11 15:43:53,486][    INFO] ***** Evaluation ***** >>>> Class [1 Myocardium] Dice: 82.64
[2024-03-11 15:43:53,486][    INFO] ***** Evaluation ***** >>>> Class [2 Left Ventricle] Dice: 93.27
[2024-03-11 15:43:53,486][    INFO] ***** Evaluation ***** >>>> MeanDice: 85.15

[2024-03-11 15:43:53,648][    INFO] ===========> Epoch: 29, LR: 0.00743, Previous best: 85.77
[2024-03-11 15:43:54,428][    INFO] Iters: 0, Total loss: 0.036, Loss x: 0.054, Loss s: 0.026, Loss w_fp: 0.009, Mask ratio: 0.989
[2024-03-11 15:44:10,303][    INFO] ***** Evaluation ***** >>>> Class [0 Right Ventricle] Dice: 83.43
[2024-03-11 15:44:10,303][    INFO] ***** Evaluation ***** >>>> Class [1 Myocardium] Dice: 82.71
[2024-03-11 15:44:10,303][    INFO] ***** Evaluation ***** >>>> Class [2 Left Ventricle] Dice: 92.75
[2024-03-11 15:44:10,303][    INFO] ***** Evaluation ***** >>>> MeanDice: 86.30

[2024-03-11 15:44:10,626][    INFO] ===========> Epoch: 30, LR: 0.00734, Previous best: 86.30
[2024-03-11 15:44:11,391][    INFO] Iters: 0, Total loss: 0.032, Loss x: 0.045, Loss s: 0.035, Loss w_fp: 0.003, Mask ratio: 0.988
[2024-03-11 15:44:27,059][    INFO] ***** Evaluation ***** >>>> Class [0 Right Ventricle] Dice: 80.00
[2024-03-11 15:44:27,059][    INFO] ***** Evaluation ***** >>>> Class [1 Myocardium] Dice: 83.87
[2024-03-11 15:44:27,060][    INFO] ***** Evaluation ***** >>>> Class [2 Left Ventricle] Dice: 92.38
[2024-03-11 15:44:27,060][    INFO] ***** Evaluation ***** >>>> MeanDice: 85.41

[2024-03-11 15:44:27,225][    INFO] ===========> Epoch: 31, LR: 0.00724, Previous best: 86.30
[2024-03-11 15:44:27,998][    INFO] Iters: 0, Total loss: 0.043, Loss x: 0.064, Loss s: 0.040, Loss w_fp: 0.003, Mask ratio: 0.987
[2024-03-11 15:44:44,076][    INFO] ***** Evaluation ***** >>>> Class [0 Right Ventricle] Dice: 84.00
[2024-03-11 15:44:44,076][    INFO] ***** Evaluation ***** >>>> Class [1 Myocardium] Dice: 83.60
[2024-03-11 15:44:44,076][    INFO] ***** Evaluation ***** >>>> Class [2 Left Ventricle] Dice: 92.86
[2024-03-11 15:44:44,076][    INFO] ***** Evaluation ***** >>>> MeanDice: 86.82

[2024-03-11 15:44:44,426][    INFO] ===========> Epoch: 32, LR: 0.00715, Previous best: 86.82
[2024-03-11 15:44:45,207][    INFO] Iters: 0, Total loss: 0.046, Loss x: 0.043, Loss s: 0.090, Loss w_fp: 0.008, Mask ratio: 0.992
[2024-03-11 15:45:00,953][    INFO] ***** Evaluation ***** >>>> Class [0 Right Ventricle] Dice: 84.14
[2024-03-11 15:45:00,953][    INFO] ***** Evaluation ***** >>>> Class [1 Myocardium] Dice: 82.71
[2024-03-11 15:45:00,953][    INFO] ***** Evaluation ***** >>>> Class [2 Left Ventricle] Dice: 92.10
[2024-03-11 15:45:00,953][    INFO] ***** Evaluation ***** >>>> MeanDice: 86.32

[2024-03-11 15:45:01,117][    INFO] ===========> Epoch: 33, LR: 0.00706, Previous best: 86.82
[2024-03-11 15:45:01,897][    INFO] Iters: 0, Total loss: 0.030, Loss x: 0.036, Loss s: 0.038, Loss w_fp: 0.011, Mask ratio: 0.984
[2024-03-11 15:45:18,057][    INFO] ***** Evaluation ***** >>>> Class [0 Right Ventricle] Dice: 84.78
[2024-03-11 15:45:18,057][    INFO] ***** Evaluation ***** >>>> Class [1 Myocardium] Dice: 85.51
[2024-03-11 15:45:18,057][    INFO] ***** Evaluation ***** >>>> Class [2 Left Ventricle] Dice: 93.33
[2024-03-11 15:45:18,057][    INFO] ***** Evaluation ***** >>>> MeanDice: 87.87

[2024-03-11 15:45:18,378][    INFO] ===========> Epoch: 34, LR: 0.00696, Previous best: 87.87
[2024-03-11 15:45:19,128][    INFO] Iters: 0, Total loss: 0.037, Loss x: 0.051, Loss s: 0.042, Loss w_fp: 0.005, Mask ratio: 0.990
[2024-03-11 15:45:35,006][    INFO] ***** Evaluation ***** >>>> Class [0 Right Ventricle] Dice: 84.90
[2024-03-11 15:45:35,007][    INFO] ***** Evaluation ***** >>>> Class [1 Myocardium] Dice: 85.53
[2024-03-11 15:45:35,007][    INFO] ***** Evaluation ***** >>>> Class [2 Left Ventricle] Dice: 93.53
[2024-03-11 15:45:35,007][    INFO] ***** Evaluation ***** >>>> MeanDice: 87.99

[2024-03-11 15:45:35,337][    INFO] ===========> Epoch: 35, LR: 0.00687, Previous best: 87.99
[2024-03-11 15:45:36,095][    INFO] Iters: 0, Total loss: 0.063, Loss x: 0.076, Loss s: 0.089, Loss w_fp: 0.010, Mask ratio: 0.990
[2024-03-11 15:45:53,200][    INFO] ***** Evaluation ***** >>>> Class [0 Right Ventricle] Dice: 83.61
[2024-03-11 15:45:53,200][    INFO] ***** Evaluation ***** >>>> Class [1 Myocardium] Dice: 84.31
[2024-03-11 15:45:53,200][    INFO] ***** Evaluation ***** >>>> Class [2 Left Ventricle] Dice: 93.08
[2024-03-11 15:45:53,200][    INFO] ***** Evaluation ***** >>>> MeanDice: 87.00

[2024-03-11 15:45:53,357][    INFO] ===========> Epoch: 36, LR: 0.00678, Previous best: 87.99
[2024-03-11 15:45:54,112][    INFO] Iters: 0, Total loss: 0.028, Loss x: 0.037, Loss s: 0.035, Loss w_fp: 0.003, Mask ratio: 0.994
[2024-03-11 15:46:09,898][    INFO] ***** Evaluation ***** >>>> Class [0 Right Ventricle] Dice: 84.80
[2024-03-11 15:46:09,898][    INFO] ***** Evaluation ***** >>>> Class [1 Myocardium] Dice: 84.58
[2024-03-11 15:46:09,898][    INFO] ***** Evaluation ***** >>>> Class [2 Left Ventricle] Dice: 93.24
[2024-03-11 15:46:09,898][    INFO] ***** Evaluation ***** >>>> MeanDice: 87.54

[2024-03-11 15:46:10,056][    INFO] ===========> Epoch: 37, LR: 0.00668, Previous best: 87.99
[2024-03-11 15:46:10,849][    INFO] Iters: 0, Total loss: 0.061, Loss x: 0.043, Loss s: 0.149, Loss w_fp: 0.008, Mask ratio: 0.986
[2024-03-11 15:46:26,731][    INFO] ***** Evaluation ***** >>>> Class [0 Right Ventricle] Dice: 85.42
[2024-03-11 15:46:26,731][    INFO] ***** Evaluation ***** >>>> Class [1 Myocardium] Dice: 82.64
[2024-03-11 15:46:26,732][    INFO] ***** Evaluation ***** >>>> Class [2 Left Ventricle] Dice: 92.71
[2024-03-11 15:46:26,732][    INFO] ***** Evaluation ***** >>>> MeanDice: 86.92

[2024-03-11 15:46:26,892][    INFO] ===========> Epoch: 38, LR: 0.00659, Previous best: 87.99
[2024-03-11 15:46:27,674][    INFO] Iters: 0, Total loss: 0.048, Loss x: 0.077, Loss s: 0.034, Loss w_fp: 0.005, Mask ratio: 0.983
[2024-03-11 15:46:43,748][    INFO] ***** Evaluation ***** >>>> Class [0 Right Ventricle] Dice: 82.42
[2024-03-11 15:46:43,748][    INFO] ***** Evaluation ***** >>>> Class [1 Myocardium] Dice: 82.71
[2024-03-11 15:46:43,748][    INFO] ***** Evaluation ***** >>>> Class [2 Left Ventricle] Dice: 90.53
[2024-03-11 15:46:43,748][    INFO] ***** Evaluation ***** >>>> MeanDice: 85.22

[2024-03-11 15:46:43,908][    INFO] ===========> Epoch: 39, LR: 0.00649, Previous best: 87.99
[2024-03-11 15:46:44,695][    INFO] Iters: 0, Total loss: 0.068, Loss x: 0.084, Loss s: 0.093, Loss w_fp: 0.012, Mask ratio: 0.989
[2024-03-11 15:47:00,899][    INFO] ***** Evaluation ***** >>>> Class [0 Right Ventricle] Dice: 82.84
[2024-03-11 15:47:00,899][    INFO] ***** Evaluation ***** >>>> Class [1 Myocardium] Dice: 81.72
[2024-03-11 15:47:00,899][    INFO] ***** Evaluation ***** >>>> Class [2 Left Ventricle] Dice: 92.68
[2024-03-11 15:47:00,899][    INFO] ***** Evaluation ***** >>>> MeanDice: 85.74

[2024-03-11 15:47:01,058][    INFO] ===========> Epoch: 40, LR: 0.00640, Previous best: 87.99
[2024-03-11 15:47:01,819][    INFO] Iters: 0, Total loss: 0.045, Loss x: 0.058, Loss s: 0.044, Loss w_fp: 0.017, Mask ratio: 0.988
[2024-03-11 15:47:17,674][    INFO] ***** Evaluation ***** >>>> Class [0 Right Ventricle] Dice: 85.14
[2024-03-11 15:47:17,675][    INFO] ***** Evaluation ***** >>>> Class [1 Myocardium] Dice: 83.98
[2024-03-11 15:47:17,675][    INFO] ***** Evaluation ***** >>>> Class [2 Left Ventricle] Dice: 93.51
[2024-03-11 15:47:17,675][    INFO] ***** Evaluation ***** >>>> MeanDice: 87.54

[2024-03-11 15:47:17,835][    INFO] ===========> Epoch: 41, LR: 0.00630, Previous best: 87.99
[2024-03-11 15:47:18,593][    INFO] Iters: 0, Total loss: 0.046, Loss x: 0.041, Loss s: 0.098, Loss w_fp: 0.005, Mask ratio: 0.992
[2024-03-11 15:47:34,300][    INFO] ***** Evaluation ***** >>>> Class [0 Right Ventricle] Dice: 85.30
[2024-03-11 15:47:34,300][    INFO] ***** Evaluation ***** >>>> Class [1 Myocardium] Dice: 83.76
[2024-03-11 15:47:34,300][    INFO] ***** Evaluation ***** >>>> Class [2 Left Ventricle] Dice: 94.09
[2024-03-11 15:47:34,300][    INFO] ***** Evaluation ***** >>>> MeanDice: 87.72

[2024-03-11 15:47:34,464][    INFO] ===========> Epoch: 42, LR: 0.00621, Previous best: 87.99
[2024-03-11 15:47:35,235][    INFO] Iters: 0, Total loss: 0.032, Loss x: 0.042, Loss s: 0.038, Loss w_fp: 0.005, Mask ratio: 0.986
[2024-03-11 15:47:52,332][    INFO] ***** Evaluation ***** >>>> Class [0 Right Ventricle] Dice: 82.32
[2024-03-11 15:47:52,332][    INFO] ***** Evaluation ***** >>>> Class [1 Myocardium] Dice: 82.63
[2024-03-11 15:47:52,332][    INFO] ***** Evaluation ***** >>>> Class [2 Left Ventricle] Dice: 92.37
[2024-03-11 15:47:52,332][    INFO] ***** Evaluation ***** >>>> MeanDice: 85.77

[2024-03-11 15:47:52,496][    INFO] ===========> Epoch: 43, LR: 0.00611, Previous best: 87.99
[2024-03-11 15:47:53,275][    INFO] Iters: 0, Total loss: 0.039, Loss x: 0.048, Loss s: 0.048, Loss w_fp: 0.012, Mask ratio: 0.988
[2024-03-11 15:48:09,339][    INFO] ***** Evaluation ***** >>>> Class [0 Right Ventricle] Dice: 85.35
[2024-03-11 15:48:09,339][    INFO] ***** Evaluation ***** >>>> Class [1 Myocardium] Dice: 84.59
[2024-03-11 15:48:09,339][    INFO] ***** Evaluation ***** >>>> Class [2 Left Ventricle] Dice: 90.76
[2024-03-11 15:48:09,339][    INFO] ***** Evaluation ***** >>>> MeanDice: 86.90

[2024-03-11 15:48:09,501][    INFO] ===========> Epoch: 44, LR: 0.00602, Previous best: 87.99
[2024-03-11 15:48:10,296][    INFO] Iters: 0, Total loss: 0.037, Loss x: 0.054, Loss s: 0.033, Loss w_fp: 0.007, Mask ratio: 0.987
[2024-03-11 15:48:26,211][    INFO] ***** Evaluation ***** >>>> Class [0 Right Ventricle] Dice: 85.89
[2024-03-11 15:48:26,211][    INFO] ***** Evaluation ***** >>>> Class [1 Myocardium] Dice: 86.37
[2024-03-11 15:48:26,211][    INFO] ***** Evaluation ***** >>>> Class [2 Left Ventricle] Dice: 94.40
[2024-03-11 15:48:26,211][    INFO] ***** Evaluation ***** >>>> MeanDice: 88.89

[2024-03-11 15:48:26,534][    INFO] ===========> Epoch: 45, LR: 0.00592, Previous best: 88.89
[2024-03-11 15:48:27,323][    INFO] Iters: 0, Total loss: 0.034, Loss x: 0.048, Loss s: 0.035, Loss w_fp: 0.005, Mask ratio: 0.990
[2024-03-11 15:48:43,166][    INFO] ***** Evaluation ***** >>>> Class [0 Right Ventricle] Dice: 85.23
[2024-03-11 15:48:43,167][    INFO] ***** Evaluation ***** >>>> Class [1 Myocardium] Dice: 81.65
[2024-03-11 15:48:43,167][    INFO] ***** Evaluation ***** >>>> Class [2 Left Ventricle] Dice: 92.84
[2024-03-11 15:48:43,167][    INFO] ***** Evaluation ***** >>>> MeanDice: 86.58

[2024-03-11 15:48:43,327][    INFO] ===========> Epoch: 46, LR: 0.00583, Previous best: 88.89
[2024-03-11 15:48:44,084][    INFO] Iters: 0, Total loss: 0.062, Loss x: 0.091, Loss s: 0.060, Loss w_fp: 0.005, Mask ratio: 0.988
[2024-03-11 15:49:00,018][    INFO] ***** Evaluation ***** >>>> Class [0 Right Ventricle] Dice: 85.72
[2024-03-11 15:49:00,018][    INFO] ***** Evaluation ***** >>>> Class [1 Myocardium] Dice: 84.99
[2024-03-11 15:49:00,018][    INFO] ***** Evaluation ***** >>>> Class [2 Left Ventricle] Dice: 94.14
[2024-03-11 15:49:00,018][    INFO] ***** Evaluation ***** >>>> MeanDice: 88.28

[2024-03-11 15:49:00,177][    INFO] ===========> Epoch: 47, LR: 0.00573, Previous best: 88.89
[2024-03-11 15:49:00,915][    INFO] Iters: 0, Total loss: 0.038, Loss x: 0.045, Loss s: 0.059, Loss w_fp: 0.004, Mask ratio: 0.988
[2024-03-11 15:49:16,847][    INFO] ***** Evaluation ***** >>>> Class [0 Right Ventricle] Dice: 84.05
[2024-03-11 15:49:16,847][    INFO] ***** Evaluation ***** >>>> Class [1 Myocardium] Dice: 84.87
[2024-03-11 15:49:16,847][    INFO] ***** Evaluation ***** >>>> Class [2 Left Ventricle] Dice: 94.26
[2024-03-11 15:49:16,847][    INFO] ***** Evaluation ***** >>>> MeanDice: 87.73

[2024-03-11 15:49:17,005][    INFO] ===========> Epoch: 48, LR: 0.00564, Previous best: 88.89
[2024-03-11 15:49:17,760][    INFO] Iters: 0, Total loss: 0.038, Loss x: 0.052, Loss s: 0.043, Loss w_fp: 0.006, Mask ratio: 0.987
[2024-03-11 15:49:33,781][    INFO] ***** Evaluation ***** >>>> Class [0 Right Ventricle] Dice: 85.32
[2024-03-11 15:49:33,781][    INFO] ***** Evaluation ***** >>>> Class [1 Myocardium] Dice: 84.86
[2024-03-11 15:49:33,781][    INFO] ***** Evaluation ***** >>>> Class [2 Left Ventricle] Dice: 94.19
[2024-03-11 15:49:33,782][    INFO] ***** Evaluation ***** >>>> MeanDice: 88.12

[2024-03-11 15:49:33,945][    INFO] ===========> Epoch: 49, LR: 0.00554, Previous best: 88.89
[2024-03-11 15:49:34,721][    INFO] Iters: 0, Total loss: 0.023, Loss x: 0.028, Loss s: 0.033, Loss w_fp: 0.004, Mask ratio: 0.988
[2024-03-11 15:49:50,397][    INFO] ***** Evaluation ***** >>>> Class [0 Right Ventricle] Dice: 85.33
[2024-03-11 15:49:50,397][    INFO] ***** Evaluation ***** >>>> Class [1 Myocardium] Dice: 84.88
[2024-03-11 15:49:50,397][    INFO] ***** Evaluation ***** >>>> Class [2 Left Ventricle] Dice: 92.32
[2024-03-11 15:49:50,397][    INFO] ***** Evaluation ***** >>>> MeanDice: 87.51

[2024-03-11 15:49:50,562][    INFO] ===========> Epoch: 50, LR: 0.00544, Previous best: 88.89
[2024-03-11 15:49:51,337][    INFO] Iters: 0, Total loss: 0.037, Loss x: 0.049, Loss s: 0.041, Loss w_fp: 0.007, Mask ratio: 0.990
[2024-03-11 15:50:07,351][    INFO] ***** Evaluation ***** >>>> Class [0 Right Ventricle] Dice: 86.36
[2024-03-11 15:50:07,351][    INFO] ***** Evaluation ***** >>>> Class [1 Myocardium] Dice: 86.86
[2024-03-11 15:50:07,352][    INFO] ***** Evaluation ***** >>>> Class [2 Left Ventricle] Dice: 94.30
[2024-03-11 15:50:07,352][    INFO] ***** Evaluation ***** >>>> MeanDice: 89.17

[2024-03-11 15:50:07,677][    INFO] ===========> Epoch: 51, LR: 0.00535, Previous best: 89.17
[2024-03-11 15:50:08,408][    INFO] Iters: 0, Total loss: 0.031, Loss x: 0.040, Loss s: 0.038, Loss w_fp: 0.006, Mask ratio: 0.989
[2024-03-11 15:50:24,233][    INFO] ***** Evaluation ***** >>>> Class [0 Right Ventricle] Dice: 86.11
[2024-03-11 15:50:24,234][    INFO] ***** Evaluation ***** >>>> Class [1 Myocardium] Dice: 85.57
[2024-03-11 15:50:24,234][    INFO] ***** Evaluation ***** >>>> Class [2 Left Ventricle] Dice: 94.38
[2024-03-11 15:50:24,234][    INFO] ***** Evaluation ***** >>>> MeanDice: 88.69

[2024-03-11 15:50:24,396][    INFO] ===========> Epoch: 52, LR: 0.00525, Previous best: 89.17
[2024-03-11 15:50:25,165][    INFO] Iters: 0, Total loss: 0.030, Loss x: 0.035, Loss s: 0.042, Loss w_fp: 0.009, Mask ratio: 0.986
[2024-03-11 15:50:42,960][    INFO] ***** Evaluation ***** >>>> Class [0 Right Ventricle] Dice: 86.62
[2024-03-11 15:50:42,960][    INFO] ***** Evaluation ***** >>>> Class [1 Myocardium] Dice: 86.84
[2024-03-11 15:50:42,960][    INFO] ***** Evaluation ***** >>>> Class [2 Left Ventricle] Dice: 93.69
[2024-03-11 15:50:42,960][    INFO] ***** Evaluation ***** >>>> MeanDice: 89.05

[2024-03-11 15:50:43,122][    INFO] ===========> Epoch: 53, LR: 0.00516, Previous best: 89.17
[2024-03-11 15:50:43,901][    INFO] Iters: 0, Total loss: 0.023, Loss x: 0.034, Loss s: 0.020, Loss w_fp: 0.004, Mask ratio: 0.995
[2024-03-11 15:51:00,033][    INFO] ***** Evaluation ***** >>>> Class [0 Right Ventricle] Dice: 85.78
[2024-03-11 15:51:00,033][    INFO] ***** Evaluation ***** >>>> Class [1 Myocardium] Dice: 86.05
[2024-03-11 15:51:00,033][    INFO] ***** Evaluation ***** >>>> Class [2 Left Ventricle] Dice: 93.14
[2024-03-11 15:51:00,033][    INFO] ***** Evaluation ***** >>>> MeanDice: 88.33

[2024-03-11 15:51:00,194][    INFO] ===========> Epoch: 54, LR: 0.00506, Previous best: 89.17
[2024-03-11 15:51:00,951][    INFO] Iters: 0, Total loss: 0.034, Loss x: 0.047, Loss s: 0.033, Loss w_fp: 0.007, Mask ratio: 0.985
[2024-03-11 15:51:16,538][    INFO] ***** Evaluation ***** >>>> Class [0 Right Ventricle] Dice: 86.89
[2024-03-11 15:51:16,538][    INFO] ***** Evaluation ***** >>>> Class [1 Myocardium] Dice: 86.41
[2024-03-11 15:51:16,538][    INFO] ***** Evaluation ***** >>>> Class [2 Left Ventricle] Dice: 93.18
[2024-03-11 15:51:16,538][    INFO] ***** Evaluation ***** >>>> MeanDice: 88.83

[2024-03-11 15:51:16,697][    INFO] ===========> Epoch: 55, LR: 0.00496, Previous best: 89.17
[2024-03-11 15:51:17,480][    INFO] Iters: 0, Total loss: 0.049, Loss x: 0.061, Loss s: 0.068, Loss w_fp: 0.006, Mask ratio: 0.988
[2024-03-11 15:51:35,406][    INFO] ***** Evaluation ***** >>>> Class [0 Right Ventricle] Dice: 86.22
[2024-03-11 15:51:35,406][    INFO] ***** Evaluation ***** >>>> Class [1 Myocardium] Dice: 86.03
[2024-03-11 15:51:35,406][    INFO] ***** Evaluation ***** >>>> Class [2 Left Ventricle] Dice: 94.02
[2024-03-11 15:51:35,406][    INFO] ***** Evaluation ***** >>>> MeanDice: 88.76

[2024-03-11 15:51:35,569][    INFO] ===========> Epoch: 56, LR: 0.00486, Previous best: 89.17
[2024-03-11 15:51:36,342][    INFO] Iters: 0, Total loss: 0.024, Loss x: 0.031, Loss s: 0.030, Loss w_fp: 0.006, Mask ratio: 0.984
[2024-03-11 15:51:52,044][    INFO] ***** Evaluation ***** >>>> Class [0 Right Ventricle] Dice: 87.24
[2024-03-11 15:51:52,044][    INFO] ***** Evaluation ***** >>>> Class [1 Myocardium] Dice: 86.95
[2024-03-11 15:51:52,045][    INFO] ***** Evaluation ***** >>>> Class [2 Left Ventricle] Dice: 94.39
[2024-03-11 15:51:52,045][    INFO] ***** Evaluation ***** >>>> MeanDice: 89.53

[2024-03-11 15:51:52,369][    INFO] ===========> Epoch: 57, LR: 0.00477, Previous best: 89.53
[2024-03-11 15:51:53,146][    INFO] Iters: 0, Total loss: 0.028, Loss x: 0.032, Loss s: 0.041, Loss w_fp: 0.007, Mask ratio: 0.987
[2024-03-11 15:52:09,323][    INFO] ***** Evaluation ***** >>>> Class [0 Right Ventricle] Dice: 86.32
[2024-03-11 15:52:09,323][    INFO] ***** Evaluation ***** >>>> Class [1 Myocardium] Dice: 85.17
[2024-03-11 15:52:09,323][    INFO] ***** Evaluation ***** >>>> Class [2 Left Ventricle] Dice: 94.51
[2024-03-11 15:52:09,323][    INFO] ***** Evaluation ***** >>>> MeanDice: 88.67

[2024-03-11 15:52:09,480][    INFO] ===========> Epoch: 58, LR: 0.00467, Previous best: 89.53
[2024-03-11 15:52:10,225][    INFO] Iters: 0, Total loss: 0.030, Loss x: 0.030, Loss s: 0.054, Loss w_fp: 0.005, Mask ratio: 0.988
[2024-03-11 15:52:26,473][    INFO] ***** Evaluation ***** >>>> Class [0 Right Ventricle] Dice: 86.63
[2024-03-11 15:52:26,473][    INFO] ***** Evaluation ***** >>>> Class [1 Myocardium] Dice: 84.64
[2024-03-11 15:52:26,473][    INFO] ***** Evaluation ***** >>>> Class [2 Left Ventricle] Dice: 92.13
[2024-03-11 15:52:26,473][    INFO] ***** Evaluation ***** >>>> MeanDice: 87.80

[2024-03-11 15:52:26,632][    INFO] ===========> Epoch: 59, LR: 0.00457, Previous best: 89.53
[2024-03-11 15:52:27,388][    INFO] Iters: 0, Total loss: 0.041, Loss x: 0.048, Loss s: 0.054, Loss w_fp: 0.015, Mask ratio: 0.986
[2024-03-11 15:52:43,107][    INFO] ***** Evaluation ***** >>>> Class [0 Right Ventricle] Dice: 87.61
[2024-03-11 15:52:43,107][    INFO] ***** Evaluation ***** >>>> Class [1 Myocardium] Dice: 87.33
[2024-03-11 15:52:43,107][    INFO] ***** Evaluation ***** >>>> Class [2 Left Ventricle] Dice: 94.77
[2024-03-11 15:52:43,107][    INFO] ***** Evaluation ***** >>>> MeanDice: 89.91

[2024-03-11 15:52:43,428][    INFO] ===========> Epoch: 60, LR: 0.00447, Previous best: 89.91
[2024-03-11 15:52:44,207][    INFO] Iters: 0, Total loss: 0.029, Loss x: 0.034, Loss s: 0.043, Loss w_fp: 0.005, Mask ratio: 0.989
[2024-03-11 15:53:00,194][    INFO] ***** Evaluation ***** >>>> Class [0 Right Ventricle] Dice: 85.94
[2024-03-11 15:53:00,194][    INFO] ***** Evaluation ***** >>>> Class [1 Myocardium] Dice: 85.07
[2024-03-11 15:53:00,194][    INFO] ***** Evaluation ***** >>>> Class [2 Left Ventricle] Dice: 93.65
[2024-03-11 15:53:00,194][    INFO] ***** Evaluation ***** >>>> MeanDice: 88.22

[2024-03-11 15:53:00,357][    INFO] ===========> Epoch: 61, LR: 0.00437, Previous best: 89.91
[2024-03-11 15:53:01,102][    INFO] Iters: 0, Total loss: 0.034, Loss x: 0.047, Loss s: 0.033, Loss w_fp: 0.009, Mask ratio: 0.988
[2024-03-11 15:53:17,031][    INFO] ***** Evaluation ***** >>>> Class [0 Right Ventricle] Dice: 86.33
[2024-03-11 15:53:17,031][    INFO] ***** Evaluation ***** >>>> Class [1 Myocardium] Dice: 86.25
[2024-03-11 15:53:17,031][    INFO] ***** Evaluation ***** >>>> Class [2 Left Ventricle] Dice: 94.47
[2024-03-11 15:53:17,031][    INFO] ***** Evaluation ***** >>>> MeanDice: 89.02

[2024-03-11 15:53:17,188][    INFO] ===========> Epoch: 62, LR: 0.00427, Previous best: 89.91
[2024-03-11 15:53:17,953][    INFO] Iters: 0, Total loss: 0.031, Loss x: 0.042, Loss s: 0.036, Loss w_fp: 0.004, Mask ratio: 0.992
[2024-03-11 15:53:34,060][    INFO] ***** Evaluation ***** >>>> Class [0 Right Ventricle] Dice: 86.55
[2024-03-11 15:53:34,060][    INFO] ***** Evaluation ***** >>>> Class [1 Myocardium] Dice: 87.38
[2024-03-11 15:53:34,060][    INFO] ***** Evaluation ***** >>>> Class [2 Left Ventricle] Dice: 94.27
[2024-03-11 15:53:34,060][    INFO] ***** Evaluation ***** >>>> MeanDice: 89.40

[2024-03-11 15:53:34,252][    INFO] ===========> Epoch: 63, LR: 0.00418, Previous best: 89.91
[2024-03-11 15:53:36,849][    INFO] Iters: 0, Total loss: 0.035, Loss x: 0.046, Loss s: 0.046, Loss w_fp: 0.004, Mask ratio: 0.989
[2024-03-11 15:53:53,258][    INFO] ***** Evaluation ***** >>>> Class [0 Right Ventricle] Dice: 86.60
[2024-03-11 15:53:53,258][    INFO] ***** Evaluation ***** >>>> Class [1 Myocardium] Dice: 86.90
[2024-03-11 15:53:53,258][    INFO] ***** Evaluation ***** >>>> Class [2 Left Ventricle] Dice: 94.86
[2024-03-11 15:53:53,258][    INFO] ***** Evaluation ***** >>>> MeanDice: 89.45

[2024-03-11 15:53:53,419][    INFO] ===========> Epoch: 64, LR: 0.00408, Previous best: 89.91
[2024-03-11 15:53:54,193][    INFO] Iters: 0, Total loss: 0.045, Loss x: 0.036, Loss s: 0.103, Loss w_fp: 0.003, Mask ratio: 0.991
[2024-03-11 15:54:09,827][    INFO] ***** Evaluation ***** >>>> Class [0 Right Ventricle] Dice: 85.94
[2024-03-11 15:54:09,827][    INFO] ***** Evaluation ***** >>>> Class [1 Myocardium] Dice: 87.58
[2024-03-11 15:54:09,827][    INFO] ***** Evaluation ***** >>>> Class [2 Left Ventricle] Dice: 94.93
[2024-03-11 15:54:09,827][    INFO] ***** Evaluation ***** >>>> MeanDice: 89.49

[2024-03-11 15:54:09,989][    INFO] ===========> Epoch: 65, LR: 0.00398, Previous best: 89.91
[2024-03-11 15:54:10,739][    INFO] Iters: 0, Total loss: 0.024, Loss x: 0.035, Loss s: 0.024, Loss w_fp: 0.002, Mask ratio: 0.990
[2024-03-11 15:54:26,738][    INFO] ***** Evaluation ***** >>>> Class [0 Right Ventricle] Dice: 86.50
[2024-03-11 15:54:26,738][    INFO] ***** Evaluation ***** >>>> Class [1 Myocardium] Dice: 87.22
[2024-03-11 15:54:26,738][    INFO] ***** Evaluation ***** >>>> Class [2 Left Ventricle] Dice: 94.89
[2024-03-11 15:54:26,739][    INFO] ***** Evaluation ***** >>>> MeanDice: 89.54

[2024-03-11 15:54:26,900][    INFO] ===========> Epoch: 66, LR: 0.00388, Previous best: 89.91
[2024-03-11 15:54:27,666][    INFO] Iters: 0, Total loss: 0.031, Loss x: 0.049, Loss s: 0.020, Loss w_fp: 0.004, Mask ratio: 0.990
[2024-03-11 15:54:43,287][    INFO] ***** Evaluation ***** >>>> Class [0 Right Ventricle] Dice: 87.09
[2024-03-11 15:54:43,288][    INFO] ***** Evaluation ***** >>>> Class [1 Myocardium] Dice: 85.52
[2024-03-11 15:54:43,288][    INFO] ***** Evaluation ***** >>>> Class [2 Left Ventricle] Dice: 92.32
[2024-03-11 15:54:43,288][    INFO] ***** Evaluation ***** >>>> MeanDice: 88.31

[2024-03-11 15:54:43,458][    INFO] ===========> Epoch: 67, LR: 0.00378, Previous best: 89.91
[2024-03-11 15:54:44,217][    INFO] Iters: 0, Total loss: 0.035, Loss x: 0.027, Loss s: 0.081, Loss w_fp: 0.008, Mask ratio: 0.988
[2024-03-11 15:54:59,917][    INFO] ***** Evaluation ***** >>>> Class [0 Right Ventricle] Dice: 86.99
[2024-03-11 15:54:59,917][    INFO] ***** Evaluation ***** >>>> Class [1 Myocardium] Dice: 87.10
[2024-03-11 15:54:59,917][    INFO] ***** Evaluation ***** >>>> Class [2 Left Ventricle] Dice: 94.94
[2024-03-11 15:54:59,917][    INFO] ***** Evaluation ***** >>>> MeanDice: 89.68

[2024-03-11 15:55:00,078][    INFO] ===========> Epoch: 68, LR: 0.00368, Previous best: 89.91
[2024-03-11 15:55:00,860][    INFO] Iters: 0, Total loss: 0.023, Loss x: 0.027, Loss s: 0.034, Loss w_fp: 0.004, Mask ratio: 0.990
[2024-03-11 15:55:16,669][    INFO] ***** Evaluation ***** >>>> Class [0 Right Ventricle] Dice: 86.86
[2024-03-11 15:55:16,670][    INFO] ***** Evaluation ***** >>>> Class [1 Myocardium] Dice: 85.30
[2024-03-11 15:55:16,670][    INFO] ***** Evaluation ***** >>>> Class [2 Left Ventricle] Dice: 94.33
[2024-03-11 15:55:16,670][    INFO] ***** Evaluation ***** >>>> MeanDice: 88.83

[2024-03-11 15:55:16,832][    INFO] ===========> Epoch: 69, LR: 0.00358, Previous best: 89.91
[2024-03-11 15:55:17,597][    INFO] Iters: 0, Total loss: 0.028, Loss x: 0.032, Loss s: 0.044, Loss w_fp: 0.005, Mask ratio: 0.989
[2024-03-11 15:55:33,526][    INFO] ***** Evaluation ***** >>>> Class [0 Right Ventricle] Dice: 84.82
[2024-03-11 15:55:33,526][    INFO] ***** Evaluation ***** >>>> Class [1 Myocardium] Dice: 85.78
[2024-03-11 15:55:33,526][    INFO] ***** Evaluation ***** >>>> Class [2 Left Ventricle] Dice: 93.92
[2024-03-11 15:55:33,526][    INFO] ***** Evaluation ***** >>>> MeanDice: 88.17

[2024-03-11 15:55:33,691][    INFO] ===========> Epoch: 70, LR: 0.00347, Previous best: 89.91
[2024-03-11 15:55:34,451][    INFO] Iters: 0, Total loss: 0.026, Loss x: 0.032, Loss s: 0.038, Loss w_fp: 0.003, Mask ratio: 0.989
[2024-03-11 15:55:50,075][    INFO] ***** Evaluation ***** >>>> Class [0 Right Ventricle] Dice: 86.93
[2024-03-11 15:55:50,075][    INFO] ***** Evaluation ***** >>>> Class [1 Myocardium] Dice: 85.97
[2024-03-11 15:55:50,076][    INFO] ***** Evaluation ***** >>>> Class [2 Left Ventricle] Dice: 94.37
[2024-03-11 15:55:50,076][    INFO] ***** Evaluation ***** >>>> MeanDice: 89.09

[2024-03-11 15:55:50,241][    INFO] ===========> Epoch: 71, LR: 0.00337, Previous best: 89.91
[2024-03-11 15:55:51,031][    INFO] Iters: 0, Total loss: 0.034, Loss x: 0.046, Loss s: 0.038, Loss w_fp: 0.006, Mask ratio: 0.985
[2024-03-11 15:56:06,872][    INFO] ***** Evaluation ***** >>>> Class [0 Right Ventricle] Dice: 86.72
[2024-03-11 15:56:06,872][    INFO] ***** Evaluation ***** >>>> Class [1 Myocardium] Dice: 85.90
[2024-03-11 15:56:06,872][    INFO] ***** Evaluation ***** >>>> Class [2 Left Ventricle] Dice: 94.50
[2024-03-11 15:56:06,873][    INFO] ***** Evaluation ***** >>>> MeanDice: 89.04

[2024-03-11 15:56:07,038][    INFO] ===========> Epoch: 72, LR: 0.00327, Previous best: 89.91
[2024-03-11 15:56:07,806][    INFO] Iters: 0, Total loss: 0.032, Loss x: 0.033, Loss s: 0.057, Loss w_fp: 0.004, Mask ratio: 0.987
[2024-03-11 15:56:23,976][    INFO] ***** Evaluation ***** >>>> Class [0 Right Ventricle] Dice: 86.71
[2024-03-11 15:56:23,976][    INFO] ***** Evaluation ***** >>>> Class [1 Myocardium] Dice: 87.07
[2024-03-11 15:56:23,976][    INFO] ***** Evaluation ***** >>>> Class [2 Left Ventricle] Dice: 94.77
[2024-03-11 15:56:23,976][    INFO] ***** Evaluation ***** >>>> MeanDice: 89.52

[2024-03-11 15:56:24,140][    INFO] ===========> Epoch: 73, LR: 0.00317, Previous best: 89.91
[2024-03-11 15:56:24,885][    INFO] Iters: 0, Total loss: 0.058, Loss x: 0.081, Loss s: 0.064, Loss w_fp: 0.005, Mask ratio: 0.991
[2024-03-11 15:56:40,603][    INFO] ***** Evaluation ***** >>>> Class [0 Right Ventricle] Dice: 86.52
[2024-03-11 15:56:40,603][    INFO] ***** Evaluation ***** >>>> Class [1 Myocardium] Dice: 86.85
[2024-03-11 15:56:40,603][    INFO] ***** Evaluation ***** >>>> Class [2 Left Ventricle] Dice: 94.48
[2024-03-11 15:56:40,603][    INFO] ***** Evaluation ***** >>>> MeanDice: 89.28

[2024-03-11 15:56:40,761][    INFO] ===========> Epoch: 74, LR: 0.00307, Previous best: 89.91
[2024-03-11 15:56:41,517][    INFO] Iters: 0, Total loss: 0.038, Loss x: 0.036, Loss s: 0.053, Loss w_fp: 0.028, Mask ratio: 0.988
[2024-03-11 15:56:57,732][    INFO] ***** Evaluation ***** >>>> Class [0 Right Ventricle] Dice: 86.66
[2024-03-11 15:56:57,733][    INFO] ***** Evaluation ***** >>>> Class [1 Myocardium] Dice: 87.34
[2024-03-11 15:56:57,733][    INFO] ***** Evaluation ***** >>>> Class [2 Left Ventricle] Dice: 94.98
[2024-03-11 15:56:57,733][    INFO] ***** Evaluation ***** >>>> MeanDice: 89.66

[2024-03-11 15:56:57,897][    INFO] ===========> Epoch: 75, LR: 0.00296, Previous best: 89.91
[2024-03-11 15:56:58,677][    INFO] Iters: 0, Total loss: 0.043, Loss x: 0.069, Loss s: 0.029, Loss w_fp: 0.004, Mask ratio: 0.992
[2024-03-11 15:57:14,547][    INFO] ***** Evaluation ***** >>>> Class [0 Right Ventricle] Dice: 87.43
[2024-03-11 15:57:14,547][    INFO] ***** Evaluation ***** >>>> Class [1 Myocardium] Dice: 87.13
[2024-03-11 15:57:14,547][    INFO] ***** Evaluation ***** >>>> Class [2 Left Ventricle] Dice: 94.88
[2024-03-11 15:57:14,547][    INFO] ***** Evaluation ***** >>>> MeanDice: 89.81

[2024-03-11 15:57:14,713][    INFO] ===========> Epoch: 76, LR: 0.00286, Previous best: 89.91
[2024-03-11 15:57:15,492][    INFO] Iters: 0, Total loss: 0.031, Loss x: 0.041, Loss s: 0.037, Loss w_fp: 0.003, Mask ratio: 0.989
[2024-03-11 15:57:31,478][    INFO] ***** Evaluation ***** >>>> Class [0 Right Ventricle] Dice: 86.45
[2024-03-11 15:57:31,479][    INFO] ***** Evaluation ***** >>>> Class [1 Myocardium] Dice: 87.60
[2024-03-11 15:57:31,479][    INFO] ***** Evaluation ***** >>>> Class [2 Left Ventricle] Dice: 94.93
[2024-03-11 15:57:31,479][    INFO] ***** Evaluation ***** >>>> MeanDice: 89.66

[2024-03-11 15:57:31,645][    INFO] ===========> Epoch: 77, LR: 0.00276, Previous best: 89.91
[2024-03-11 15:57:32,406][    INFO] Iters: 0, Total loss: 0.033, Loss x: 0.036, Loss s: 0.051, Loss w_fp: 0.009, Mask ratio: 0.990
[2024-03-11 15:57:48,054][    INFO] ***** Evaluation ***** >>>> Class [0 Right Ventricle] Dice: 87.09
[2024-03-11 15:57:48,054][    INFO] ***** Evaluation ***** >>>> Class [1 Myocardium] Dice: 87.64
[2024-03-11 15:57:48,054][    INFO] ***** Evaluation ***** >>>> Class [2 Left Ventricle] Dice: 94.88
[2024-03-11 15:57:48,055][    INFO] ***** Evaluation ***** >>>> MeanDice: 89.87

[2024-03-11 15:57:48,216][    INFO] ===========> Epoch: 78, LR: 0.00265, Previous best: 89.91
[2024-03-11 15:57:49,040][    INFO] Iters: 0, Total loss: 0.018, Loss x: 0.023, Loss s: 0.024, Loss w_fp: 0.004, Mask ratio: 0.991
[2024-03-11 15:58:06,037][    INFO] ***** Evaluation ***** >>>> Class [0 Right Ventricle] Dice: 88.26
[2024-03-11 15:58:06,037][    INFO] ***** Evaluation ***** >>>> Class [1 Myocardium] Dice: 87.23
[2024-03-11 15:58:06,038][    INFO] ***** Evaluation ***** >>>> Class [2 Left Ventricle] Dice: 94.90
[2024-03-11 15:58:06,038][    INFO] ***** Evaluation ***** >>>> MeanDice: 90.13

[2024-03-11 15:58:06,359][    INFO] ===========> Epoch: 79, LR: 0.00255, Previous best: 90.13
[2024-03-11 15:58:07,102][    INFO] Iters: 0, Total loss: 0.031, Loss x: 0.032, Loss s: 0.055, Loss w_fp: 0.006, Mask ratio: 0.990
[2024-03-11 15:58:23,539][    INFO] ***** Evaluation ***** >>>> Class [0 Right Ventricle] Dice: 87.02
[2024-03-11 15:58:23,540][    INFO] ***** Evaluation ***** >>>> Class [1 Myocardium] Dice: 87.68
[2024-03-11 15:58:23,540][    INFO] ***** Evaluation ***** >>>> Class [2 Left Ventricle] Dice: 95.09
[2024-03-11 15:58:23,540][    INFO] ***** Evaluation ***** >>>> MeanDice: 89.93

[2024-03-11 15:58:23,699][    INFO] ===========> Epoch: 80, LR: 0.00244, Previous best: 90.13
[2024-03-11 15:58:24,469][    INFO] Iters: 0, Total loss: 0.043, Loss x: 0.044, Loss s: 0.072, Loss w_fp: 0.011, Mask ratio: 0.986
[2024-03-11 15:58:40,136][    INFO] ***** Evaluation ***** >>>> Class [0 Right Ventricle] Dice: 86.58
[2024-03-11 15:58:40,136][    INFO] ***** Evaluation ***** >>>> Class [1 Myocardium] Dice: 87.27
[2024-03-11 15:58:40,136][    INFO] ***** Evaluation ***** >>>> Class [2 Left Ventricle] Dice: 94.99
[2024-03-11 15:58:40,136][    INFO] ***** Evaluation ***** >>>> MeanDice: 89.61

[2024-03-11 15:58:40,293][    INFO] ===========> Epoch: 81, LR: 0.00234, Previous best: 90.13
[2024-03-11 15:58:41,045][    INFO] Iters: 0, Total loss: 0.035, Loss x: 0.033, Loss s: 0.069, Loss w_fp: 0.004, Mask ratio: 0.987
[2024-03-11 15:58:57,165][    INFO] ***** Evaluation ***** >>>> Class [0 Right Ventricle] Dice: 87.40
[2024-03-11 15:58:57,165][    INFO] ***** Evaluation ***** >>>> Class [1 Myocardium] Dice: 87.80
[2024-03-11 15:58:57,165][    INFO] ***** Evaluation ***** >>>> Class [2 Left Ventricle] Dice: 95.21
[2024-03-11 15:58:57,165][    INFO] ***** Evaluation ***** >>>> MeanDice: 90.14

[2024-03-11 15:58:57,484][    INFO] ===========> Epoch: 82, LR: 0.00223, Previous best: 90.14
[2024-03-11 15:58:58,243][    INFO] Iters: 0, Total loss: 0.021, Loss x: 0.031, Loss s: 0.014, Loss w_fp: 0.008, Mask ratio: 0.992
[2024-03-11 15:59:14,022][    INFO] ***** Evaluation ***** >>>> Class [0 Right Ventricle] Dice: 86.47
[2024-03-11 15:59:14,022][    INFO] ***** Evaluation ***** >>>> Class [1 Myocardium] Dice: 87.03
[2024-03-11 15:59:14,022][    INFO] ***** Evaluation ***** >>>> Class [2 Left Ventricle] Dice: 95.09
[2024-03-11 15:59:14,022][    INFO] ***** Evaluation ***** >>>> MeanDice: 89.53

[2024-03-11 15:59:14,182][    INFO] ===========> Epoch: 83, LR: 0.00213, Previous best: 90.14
[2024-03-11 15:59:14,933][    INFO] Iters: 0, Total loss: 0.027, Loss x: 0.031, Loss s: 0.037, Loss w_fp: 0.010, Mask ratio: 0.992
[2024-03-11 15:59:31,075][    INFO] ***** Evaluation ***** >>>> Class [0 Right Ventricle] Dice: 86.66
[2024-03-11 15:59:31,075][    INFO] ***** Evaluation ***** >>>> Class [1 Myocardium] Dice: 87.57
[2024-03-11 15:59:31,075][    INFO] ***** Evaluation ***** >>>> Class [2 Left Ventricle] Dice: 94.71
[2024-03-11 15:59:31,075][    INFO] ***** Evaluation ***** >>>> MeanDice: 89.65

[2024-03-11 15:59:31,235][    INFO] ===========> Epoch: 84, LR: 0.00202, Previous best: 90.14
[2024-03-11 15:59:32,032][    INFO] Iters: 0, Total loss: 0.035, Loss x: 0.045, Loss s: 0.046, Loss w_fp: 0.004, Mask ratio: 0.992
[2024-03-11 15:59:48,063][    INFO] ***** Evaluation ***** >>>> Class [0 Right Ventricle] Dice: 87.45
[2024-03-11 15:59:48,063][    INFO] ***** Evaluation ***** >>>> Class [1 Myocardium] Dice: 88.06
[2024-03-11 15:59:48,063][    INFO] ***** Evaluation ***** >>>> Class [2 Left Ventricle] Dice: 95.00
[2024-03-11 15:59:48,063][    INFO] ***** Evaluation ***** >>>> MeanDice: 90.17

[2024-03-11 15:59:48,390][    INFO] ===========> Epoch: 85, LR: 0.00191, Previous best: 90.17
[2024-03-11 15:59:49,155][    INFO] Iters: 0, Total loss: 0.029, Loss x: 0.037, Loss s: 0.036, Loss w_fp: 0.005, Mask ratio: 0.991
[2024-03-11 16:00:06,954][    INFO] ***** Evaluation ***** >>>> Class [0 Right Ventricle] Dice: 87.36
[2024-03-11 16:00:06,954][    INFO] ***** Evaluation ***** >>>> Class [1 Myocardium] Dice: 87.40
[2024-03-11 16:00:06,954][    INFO] ***** Evaluation ***** >>>> Class [2 Left Ventricle] Dice: 94.79
[2024-03-11 16:00:06,954][    INFO] ***** Evaluation ***** >>>> MeanDice: 89.85

[2024-03-11 16:00:07,116][    INFO] ===========> Epoch: 86, LR: 0.00180, Previous best: 90.17
[2024-03-11 16:00:07,906][    INFO] Iters: 0, Total loss: 0.023, Loss x: 0.032, Loss s: 0.021, Loss w_fp: 0.008, Mask ratio: 0.993
[2024-03-11 16:00:24,816][    INFO] ***** Evaluation ***** >>>> Class [0 Right Ventricle] Dice: 87.08
[2024-03-11 16:00:24,817][    INFO] ***** Evaluation ***** >>>> Class [1 Myocardium] Dice: 87.67
[2024-03-11 16:00:24,817][    INFO] ***** Evaluation ***** >>>> Class [2 Left Ventricle] Dice: 95.29
[2024-03-11 16:00:24,817][    INFO] ***** Evaluation ***** >>>> MeanDice: 90.01

[2024-03-11 16:00:24,982][    INFO] ===========> Epoch: 87, LR: 0.00169, Previous best: 90.17
[2024-03-11 16:00:25,764][    INFO] Iters: 0, Total loss: 0.023, Loss x: 0.035, Loss s: 0.015, Loss w_fp: 0.006, Mask ratio: 0.987
[2024-03-11 16:00:41,980][    INFO] ***** Evaluation ***** >>>> Class [0 Right Ventricle] Dice: 86.95
[2024-03-11 16:00:41,980][    INFO] ***** Evaluation ***** >>>> Class [1 Myocardium] Dice: 87.38
[2024-03-11 16:00:41,980][    INFO] ***** Evaluation ***** >>>> Class [2 Left Ventricle] Dice: 94.97
[2024-03-11 16:00:41,980][    INFO] ***** Evaluation ***** >>>> MeanDice: 89.77

[2024-03-11 16:00:42,137][    INFO] ===========> Epoch: 88, LR: 0.00158, Previous best: 90.17
[2024-03-11 16:00:42,870][    INFO] Iters: 0, Total loss: 0.031, Loss x: 0.032, Loss s: 0.056, Loss w_fp: 0.005, Mask ratio: 0.986
[2024-03-11 16:00:59,432][    INFO] ***** Evaluation ***** >>>> Class [0 Right Ventricle] Dice: 87.01
[2024-03-11 16:00:59,432][    INFO] ***** Evaluation ***** >>>> Class [1 Myocardium] Dice: 87.29
[2024-03-11 16:00:59,433][    INFO] ***** Evaluation ***** >>>> Class [2 Left Ventricle] Dice: 94.79
[2024-03-11 16:00:59,433][    INFO] ***** Evaluation ***** >>>> MeanDice: 89.70

[2024-03-11 16:00:59,601][    INFO] ===========> Epoch: 89, LR: 0.00147, Previous best: 90.17
[2024-03-11 16:01:00,407][    INFO] Iters: 0, Total loss: 0.024, Loss x: 0.031, Loss s: 0.025, Loss w_fp: 0.008, Mask ratio: 0.991
[2024-03-11 16:01:16,931][    INFO] ***** Evaluation ***** >>>> Class [0 Right Ventricle] Dice: 87.41
[2024-03-11 16:01:16,931][    INFO] ***** Evaluation ***** >>>> Class [1 Myocardium] Dice: 87.89
[2024-03-11 16:01:16,931][    INFO] ***** Evaluation ***** >>>> Class [2 Left Ventricle] Dice: 95.33
[2024-03-11 16:01:16,931][    INFO] ***** Evaluation ***** >>>> MeanDice: 90.21

[2024-03-11 16:01:17,254][    INFO] ===========> Epoch: 90, LR: 0.00136, Previous best: 90.21
[2024-03-11 16:01:18,037][    INFO] Iters: 0, Total loss: 0.032, Loss x: 0.032, Loss s: 0.062, Loss w_fp: 0.004, Mask ratio: 0.990
[2024-03-11 16:01:34,373][    INFO] ***** Evaluation ***** >>>> Class [0 Right Ventricle] Dice: 86.69
[2024-03-11 16:01:34,373][    INFO] ***** Evaluation ***** >>>> Class [1 Myocardium] Dice: 87.39
[2024-03-11 16:01:34,373][    INFO] ***** Evaluation ***** >>>> Class [2 Left Ventricle] Dice: 95.06
[2024-03-11 16:01:34,373][    INFO] ***** Evaluation ***** >>>> MeanDice: 89.71

[2024-03-11 16:01:34,531][    INFO] ===========> Epoch: 91, LR: 0.00125, Previous best: 90.21
[2024-03-11 16:01:35,355][    INFO] Iters: 0, Total loss: 0.033, Loss x: 0.033, Loss s: 0.065, Loss w_fp: 0.003, Mask ratio: 0.993
[2024-03-11 16:01:52,141][    INFO] ***** Evaluation ***** >>>> Class [0 Right Ventricle] Dice: 86.58
[2024-03-11 16:01:52,141][    INFO] ***** Evaluation ***** >>>> Class [1 Myocardium] Dice: 87.44
[2024-03-11 16:01:52,142][    INFO] ***** Evaluation ***** >>>> Class [2 Left Ventricle] Dice: 95.02
[2024-03-11 16:01:52,142][    INFO] ***** Evaluation ***** >>>> MeanDice: 89.68

[2024-03-11 16:01:52,305][    INFO] ===========> Epoch: 92, LR: 0.00113, Previous best: 90.21
[2024-03-11 16:01:53,051][    INFO] Iters: 0, Total loss: 0.020, Loss x: 0.027, Loss s: 0.021, Loss w_fp: 0.005, Mask ratio: 0.988
[2024-03-11 16:02:09,533][    INFO] ***** Evaluation ***** >>>> Class [0 Right Ventricle] Dice: 86.46
[2024-03-11 16:02:09,533][    INFO] ***** Evaluation ***** >>>> Class [1 Myocardium] Dice: 87.60
[2024-03-11 16:02:09,533][    INFO] ***** Evaluation ***** >>>> Class [2 Left Ventricle] Dice: 95.31
[2024-03-11 16:02:09,534][    INFO] ***** Evaluation ***** >>>> MeanDice: 89.79

[2024-03-11 16:02:09,704][    INFO] ===========> Epoch: 93, LR: 0.00102, Previous best: 90.21
[2024-03-11 16:02:10,490][    INFO] Iters: 0, Total loss: 0.028, Loss x: 0.036, Loss s: 0.037, Loss w_fp: 0.002, Mask ratio: 0.991
[2024-03-11 16:02:27,077][    INFO] ***** Evaluation ***** >>>> Class [0 Right Ventricle] Dice: 87.32
[2024-03-11 16:02:27,077][    INFO] ***** Evaluation ***** >>>> Class [1 Myocardium] Dice: 87.61
[2024-03-11 16:02:27,077][    INFO] ***** Evaluation ***** >>>> Class [2 Left Ventricle] Dice: 95.17
[2024-03-11 16:02:27,077][    INFO] ***** Evaluation ***** >>>> MeanDice: 90.03

[2024-03-11 16:02:27,240][    INFO] ===========> Epoch: 94, LR: 0.00090, Previous best: 90.21
[2024-03-11 16:02:27,992][    INFO] Iters: 0, Total loss: 0.029, Loss x: 0.026, Loss s: 0.057, Loss w_fp: 0.005, Mask ratio: 0.990
[2024-03-11 16:02:44,913][    INFO] ***** Evaluation ***** >>>> Class [0 Right Ventricle] Dice: 87.23
[2024-03-11 16:02:44,913][    INFO] ***** Evaluation ***** >>>> Class [1 Myocardium] Dice: 87.34
[2024-03-11 16:02:44,913][    INFO] ***** Evaluation ***** >>>> Class [2 Left Ventricle] Dice: 95.25
[2024-03-11 16:02:44,914][    INFO] ***** Evaluation ***** >>>> MeanDice: 89.94

[2024-03-11 16:02:45,072][    INFO] ===========> Epoch: 95, LR: 0.00078, Previous best: 90.21
[2024-03-11 16:02:45,841][    INFO] Iters: 0, Total loss: 0.047, Loss x: 0.046, Loss s: 0.086, Loss w_fp: 0.010, Mask ratio: 0.988
[2024-03-11 16:03:02,808][    INFO] ***** Evaluation ***** >>>> Class [0 Right Ventricle] Dice: 87.33
[2024-03-11 16:03:02,809][    INFO] ***** Evaluation ***** >>>> Class [1 Myocardium] Dice: 87.53
[2024-03-11 16:03:02,809][    INFO] ***** Evaluation ***** >>>> Class [2 Left Ventricle] Dice: 95.23
[2024-03-11 16:03:02,809][    INFO] ***** Evaluation ***** >>>> MeanDice: 90.03

[2024-03-11 16:03:02,977][    INFO] ===========> Epoch: 96, LR: 0.00066, Previous best: 90.21
[2024-03-11 16:03:03,727][    INFO] Iters: 0, Total loss: 0.034, Loss x: 0.047, Loss s: 0.039, Loss w_fp: 0.004, Mask ratio: 0.991
[2024-03-11 16:03:20,327][    INFO] ***** Evaluation ***** >>>> Class [0 Right Ventricle] Dice: 87.65
[2024-03-11 16:03:20,327][    INFO] ***** Evaluation ***** >>>> Class [1 Myocardium] Dice: 87.82
[2024-03-11 16:03:20,327][    INFO] ***** Evaluation ***** >>>> Class [2 Left Ventricle] Dice: 95.29
[2024-03-11 16:03:20,327][    INFO] ***** Evaluation ***** >>>> MeanDice: 90.25

[2024-03-11 16:03:20,661][    INFO] ===========> Epoch: 97, LR: 0.00054, Previous best: 90.25
[2024-03-11 16:03:21,464][    INFO] Iters: 0, Total loss: 0.048, Loss x: 0.049, Loss s: 0.082, Loss w_fp: 0.013, Mask ratio: 0.991
[2024-03-11 16:03:37,500][    INFO] ***** Evaluation ***** >>>> Class [0 Right Ventricle] Dice: 87.57
[2024-03-11 16:03:37,500][    INFO] ***** Evaluation ***** >>>> Class [1 Myocardium] Dice: 87.77
[2024-03-11 16:03:37,500][    INFO] ***** Evaluation ***** >>>> Class [2 Left Ventricle] Dice: 95.27
[2024-03-11 16:03:37,500][    INFO] ***** Evaluation ***** >>>> MeanDice: 90.20

[2024-03-11 16:03:37,660][    INFO] ===========> Epoch: 98, LR: 0.00041, Previous best: 90.25
[2024-03-11 16:03:38,466][    INFO] Iters: 0, Total loss: 0.050, Loss x: 0.034, Loss s: 0.128, Loss w_fp: 0.004, Mask ratio: 0.993
[2024-03-11 16:03:55,156][    INFO] ***** Evaluation ***** >>>> Class [0 Right Ventricle] Dice: 87.26
[2024-03-11 16:03:55,157][    INFO] ***** Evaluation ***** >>>> Class [1 Myocardium] Dice: 87.59
[2024-03-11 16:03:55,157][    INFO] ***** Evaluation ***** >>>> Class [2 Left Ventricle] Dice: 95.27
[2024-03-11 16:03:55,157][    INFO] ***** Evaluation ***** >>>> MeanDice: 90.04

[2024-03-11 16:03:55,321][    INFO] ===========> Epoch: 99, LR: 0.00028, Previous best: 90.25
[2024-03-11 16:03:56,098][    INFO] Iters: 0, Total loss: 0.019, Loss x: 0.027, Loss s: 0.018, Loss w_fp: 0.003, Mask ratio: 0.992
[2024-03-11 16:04:12,760][    INFO] ***** Evaluation ***** >>>> Class [0 Right Ventricle] Dice: 87.63
[2024-03-11 16:04:12,761][    INFO] ***** Evaluation ***** >>>> Class [1 Myocardium] Dice: 87.91
[2024-03-11 16:04:12,761][    INFO] ***** Evaluation ***** >>>> Class [2 Left Ventricle] Dice: 95.35
[2024-03-11 16:04:12,761][    INFO] ***** Evaluation ***** >>>> MeanDice: 90.29

