/var/lib/slurm/slurmd/job04898/slurm_script: line 15: module: command not found
[2024-05-10 02:13:08,932][    INFO] {'batch_size': 12,
 'conf_thresh': 0.95,
 'config': 'configs/ukbb/train/exp3/seed73/config.yaml',
 'crop_size': 256,
 'ctrl': 'age ethnicity',
 'data_desc': 'UKBB Train Data - 264 Patients, 26 Labeled, Rest Unlabeled '
              'Patients',
 'data_root': '/vol/aimspace/projects/ukbb/data/cardiac/cardiac_segmentations/subjects',
 'dataset': 'ukbb',
 'epochs': 100,
 'local_rank': 0,
 'lr': 0.01,
 'mode': 'train',
 'model_desc': 'Unimatch Unet 26 Training on UKBB',
 'nclass': 4,
 'ngpus': 1,
 'num_workers': 1,
 'seed': 73,
 'split': 26,
 'visualize': False}

[2024-05-10 02:13:09,005][    INFO] Total params: 1.8M

[2024-05-10 02:13:11,264][    INFO] ===========> Epoch: 0, LR: 0.01000, Previous best: 0.00
[2024-05-10 02:13:17,288][    INFO] Iters: 0, Total loss: 0.744, Loss x: 0.957, Loss s: 0.506, Loss w_fp: 0.555, Mask ratio: 0.000
[2024-05-10 02:13:33,986][    INFO] ***** Evaluation ***** >>>> Class [0 Right Ventricle] Dice: 0.00
[2024-05-10 02:13:33,987][    INFO] ***** Evaluation ***** >>>> Class [1 Myocardium] Dice: 0.00
[2024-05-10 02:13:33,987][    INFO] ***** Evaluation ***** >>>> Class [2 Left Ventricle] Dice: 0.00
[2024-05-10 02:13:33,987][    INFO] ***** Evaluation ***** >>>> MeanDice: 0.00

[2024-05-10 02:13:34,074][    INFO] ===========> Epoch: 1, LR: 0.00999, Previous best: 0.00
[2024-05-10 02:13:34,801][    INFO] Iters: 0, Total loss: 0.579, Loss x: 0.407, Loss s: 0.750, Loss w_fp: 0.751, Mask ratio: 0.743
[2024-05-10 02:13:50,531][    INFO] ***** Evaluation ***** >>>> Class [0 Right Ventricle] Dice: 0.00
[2024-05-10 02:13:50,531][    INFO] ***** Evaluation ***** >>>> Class [1 Myocardium] Dice: 0.00
[2024-05-10 02:13:50,531][    INFO] ***** Evaluation ***** >>>> Class [2 Left Ventricle] Dice: 0.00
[2024-05-10 02:13:50,531][    INFO] ***** Evaluation ***** >>>> MeanDice: 0.00

[2024-05-10 02:13:50,577][    INFO] ===========> Epoch: 2, LR: 0.00990, Previous best: 0.00
[2024-05-10 02:13:51,346][    INFO] Iters: 0, Total loss: 0.550, Loss x: 0.348, Loss s: 0.752, Loss w_fp: 0.753, Mask ratio: 0.792
[2024-05-10 02:14:07,019][    INFO] ***** Evaluation ***** >>>> Class [0 Right Ventricle] Dice: 0.00
[2024-05-10 02:14:07,019][    INFO] ***** Evaluation ***** >>>> Class [1 Myocardium] Dice: 0.00
[2024-05-10 02:14:07,019][    INFO] ***** Evaluation ***** >>>> Class [2 Left Ventricle] Dice: 19.52
[2024-05-10 02:14:07,020][    INFO] ***** Evaluation ***** >>>> MeanDice: 6.51

[2024-05-10 02:14:07,136][    INFO] ===========> Epoch: 3, LR: 0.00981, Previous best: 6.51
[2024-05-10 02:14:07,902][    INFO] Iters: 0, Total loss: 0.522, Loss x: 0.292, Loss s: 0.752, Loss w_fp: 0.753, Mask ratio: 0.913
[2024-05-10 02:14:25,208][    INFO] ***** Evaluation ***** >>>> Class [0 Right Ventricle] Dice: 2.96
[2024-05-10 02:14:25,208][    INFO] ***** Evaluation ***** >>>> Class [1 Myocardium] Dice: 15.72
[2024-05-10 02:14:25,208][    INFO] ***** Evaluation ***** >>>> Class [2 Left Ventricle] Dice: 54.99
[2024-05-10 02:14:25,208][    INFO] ***** Evaluation ***** >>>> MeanDice: 24.55

[2024-05-10 02:14:25,298][    INFO] ===========> Epoch: 4, LR: 0.00972, Previous best: 24.55
[2024-05-10 02:14:26,069][    INFO] Iters: 0, Total loss: 0.498, Loss x: 0.244, Loss s: 0.752, Loss w_fp: 0.752, Mask ratio: 0.925
[2024-05-10 02:14:42,119][    INFO] ***** Evaluation ***** >>>> Class [0 Right Ventricle] Dice: 0.05
[2024-05-10 02:14:42,119][    INFO] ***** Evaluation ***** >>>> Class [1 Myocardium] Dice: 0.00
[2024-05-10 02:14:42,119][    INFO] ***** Evaluation ***** >>>> Class [2 Left Ventricle] Dice: 42.26
[2024-05-10 02:14:42,119][    INFO] ***** Evaluation ***** >>>> MeanDice: 14.11

[2024-05-10 02:14:42,179][    INFO] ===========> Epoch: 5, LR: 0.00963, Previous best: 24.55
[2024-05-10 02:14:43,060][    INFO] Iters: 0, Total loss: 0.391, Loss x: 0.235, Loss s: 0.589, Loss w_fp: 0.505, Mask ratio: 0.941
[2024-05-10 02:14:59,550][    INFO] ***** Evaluation ***** >>>> Class [0 Right Ventricle] Dice: 51.00
[2024-05-10 02:14:59,550][    INFO] ***** Evaluation ***** >>>> Class [1 Myocardium] Dice: 66.02
[2024-05-10 02:14:59,550][    INFO] ***** Evaluation ***** >>>> Class [2 Left Ventricle] Dice: 82.07
[2024-05-10 02:14:59,550][    INFO] ***** Evaluation ***** >>>> MeanDice: 66.37

[2024-05-10 02:14:59,663][    INFO] ===========> Epoch: 6, LR: 0.00954, Previous best: 66.37
[2024-05-10 02:15:00,537][    INFO] Iters: 0, Total loss: 0.360, Loss x: 0.176, Loss s: 0.586, Loss w_fp: 0.503, Mask ratio: 0.954
[2024-05-10 02:15:16,667][    INFO] ***** Evaluation ***** >>>> Class [0 Right Ventricle] Dice: 14.97
[2024-05-10 02:15:16,667][    INFO] ***** Evaluation ***** >>>> Class [1 Myocardium] Dice: 8.58
[2024-05-10 02:15:16,667][    INFO] ***** Evaluation ***** >>>> Class [2 Left Ventricle] Dice: 38.16
[2024-05-10 02:15:16,667][    INFO] ***** Evaluation ***** >>>> MeanDice: 20.57

[2024-05-10 02:15:16,739][    INFO] ===========> Epoch: 7, LR: 0.00945, Previous best: 66.37
[2024-05-10 02:15:17,575][    INFO] Iters: 0, Total loss: 0.198, Loss x: 0.154, Loss s: 0.396, Loss w_fp: 0.087, Mask ratio: 0.979
[2024-05-10 02:15:32,731][    INFO] ***** Evaluation ***** >>>> Class [0 Right Ventricle] Dice: 61.74
[2024-05-10 02:15:32,731][    INFO] ***** Evaluation ***** >>>> Class [1 Myocardium] Dice: 72.52
[2024-05-10 02:15:32,731][    INFO] ***** Evaluation ***** >>>> Class [2 Left Ventricle] Dice: 84.93
[2024-05-10 02:15:32,731][    INFO] ***** Evaluation ***** >>>> MeanDice: 73.06

[2024-05-10 02:15:32,824][    INFO] ===========> Epoch: 8, LR: 0.00936, Previous best: 73.06
[2024-05-10 02:15:33,668][    INFO] Iters: 0, Total loss: 0.130, Loss x: 0.132, Loss s: 0.220, Loss w_fp: 0.037, Mask ratio: 0.986
[2024-05-10 02:15:49,237][    INFO] ***** Evaluation ***** >>>> Class [0 Right Ventricle] Dice: 71.18
[2024-05-10 02:15:49,237][    INFO] ***** Evaluation ***** >>>> Class [1 Myocardium] Dice: 74.99
[2024-05-10 02:15:49,237][    INFO] ***** Evaluation ***** >>>> Class [2 Left Ventricle] Dice: 86.49
[2024-05-10 02:15:49,237][    INFO] ***** Evaluation ***** >>>> MeanDice: 77.55

[2024-05-10 02:15:49,355][    INFO] ===========> Epoch: 9, LR: 0.00927, Previous best: 77.55
[2024-05-10 02:15:50,135][    INFO] Iters: 0, Total loss: 0.253, Loss x: 0.093, Loss s: 0.548, Loss w_fp: 0.277, Mask ratio: 0.982
[2024-05-10 02:16:06,088][    INFO] ***** Evaluation ***** >>>> Class [0 Right Ventricle] Dice: 75.69
[2024-05-10 02:16:06,088][    INFO] ***** Evaluation ***** >>>> Class [1 Myocardium] Dice: 77.94
[2024-05-10 02:16:06,088][    INFO] ***** Evaluation ***** >>>> Class [2 Left Ventricle] Dice: 88.15
[2024-05-10 02:16:06,088][    INFO] ***** Evaluation ***** >>>> MeanDice: 80.59

[2024-05-10 02:16:06,201][    INFO] ===========> Epoch: 10, LR: 0.00918, Previous best: 80.59
[2024-05-10 02:16:06,968][    INFO] Iters: 0, Total loss: 0.071, Loss x: 0.109, Loss s: 0.060, Loss w_fp: 0.005, Mask ratio: 0.982
[2024-05-10 02:16:22,884][    INFO] ***** Evaluation ***** >>>> Class [0 Right Ventricle] Dice: 74.06
[2024-05-10 02:16:22,884][    INFO] ***** Evaluation ***** >>>> Class [1 Myocardium] Dice: 74.44
[2024-05-10 02:16:22,884][    INFO] ***** Evaluation ***** >>>> Class [2 Left Ventricle] Dice: 85.95
[2024-05-10 02:16:22,884][    INFO] ***** Evaluation ***** >>>> MeanDice: 78.15

[2024-05-10 02:16:22,956][    INFO] ===========> Epoch: 11, LR: 0.00909, Previous best: 80.59
[2024-05-10 02:16:23,727][    INFO] Iters: 0, Total loss: 0.046, Loss x: 0.069, Loss s: 0.035, Loss w_fp: 0.010, Mask ratio: 0.984
[2024-05-10 02:16:39,140][    INFO] ***** Evaluation ***** >>>> Class [0 Right Ventricle] Dice: 78.53
[2024-05-10 02:16:39,140][    INFO] ***** Evaluation ***** >>>> Class [1 Myocardium] Dice: 80.94
[2024-05-10 02:16:39,140][    INFO] ***** Evaluation ***** >>>> Class [2 Left Ventricle] Dice: 89.83
[2024-05-10 02:16:39,140][    INFO] ***** Evaluation ***** >>>> MeanDice: 83.10

[2024-05-10 02:16:39,271][    INFO] ===========> Epoch: 12, LR: 0.00899, Previous best: 83.10
[2024-05-10 02:16:40,130][    INFO] Iters: 0, Total loss: 0.088, Loss x: 0.078, Loss s: 0.180, Loss w_fp: 0.017, Mask ratio: 0.989
[2024-05-10 02:16:55,643][    INFO] ***** Evaluation ***** >>>> Class [0 Right Ventricle] Dice: 78.90
[2024-05-10 02:16:55,643][    INFO] ***** Evaluation ***** >>>> Class [1 Myocardium] Dice: 77.75
[2024-05-10 02:16:55,643][    INFO] ***** Evaluation ***** >>>> Class [2 Left Ventricle] Dice: 89.33
[2024-05-10 02:16:55,644][    INFO] ***** Evaluation ***** >>>> MeanDice: 81.99

[2024-05-10 02:16:55,715][    INFO] ===========> Epoch: 13, LR: 0.00890, Previous best: 83.10
[2024-05-10 02:16:56,548][    INFO] Iters: 0, Total loss: 0.061, Loss x: 0.047, Loss s: 0.136, Loss w_fp: 0.015, Mask ratio: 0.984
[2024-05-10 02:17:12,328][    INFO] ***** Evaluation ***** >>>> Class [0 Right Ventricle] Dice: 78.09
[2024-05-10 02:17:12,328][    INFO] ***** Evaluation ***** >>>> Class [1 Myocardium] Dice: 77.77
[2024-05-10 02:17:12,328][    INFO] ***** Evaluation ***** >>>> Class [2 Left Ventricle] Dice: 89.17
[2024-05-10 02:17:12,328][    INFO] ***** Evaluation ***** >>>> MeanDice: 81.68

[2024-05-10 02:17:12,400][    INFO] ===========> Epoch: 14, LR: 0.00881, Previous best: 83.10
[2024-05-10 02:17:13,285][    INFO] Iters: 0, Total loss: 0.062, Loss x: 0.052, Loss s: 0.100, Loss w_fp: 0.045, Mask ratio: 0.992
[2024-05-10 02:17:28,709][    INFO] ***** Evaluation ***** >>>> Class [0 Right Ventricle] Dice: 77.68
[2024-05-10 02:17:28,709][    INFO] ***** Evaluation ***** >>>> Class [1 Myocardium] Dice: 80.70
[2024-05-10 02:17:28,709][    INFO] ***** Evaluation ***** >>>> Class [2 Left Ventricle] Dice: 88.71
[2024-05-10 02:17:28,709][    INFO] ***** Evaluation ***** >>>> MeanDice: 82.36

[2024-05-10 02:17:28,780][    INFO] ===========> Epoch: 15, LR: 0.00872, Previous best: 83.10
[2024-05-10 02:17:29,664][    INFO] Iters: 0, Total loss: 0.049, Loss x: 0.061, Loss s: 0.064, Loss w_fp: 0.010, Mask ratio: 0.986
[2024-05-10 02:17:45,288][    INFO] ***** Evaluation ***** >>>> Class [0 Right Ventricle] Dice: 79.56
[2024-05-10 02:17:45,288][    INFO] ***** Evaluation ***** >>>> Class [1 Myocardium] Dice: 76.95
[2024-05-10 02:17:45,288][    INFO] ***** Evaluation ***** >>>> Class [2 Left Ventricle] Dice: 87.81
[2024-05-10 02:17:45,288][    INFO] ***** Evaluation ***** >>>> MeanDice: 81.44

[2024-05-10 02:17:45,335][    INFO] ===========> Epoch: 16, LR: 0.00863, Previous best: 83.10
[2024-05-10 02:17:46,095][    INFO] Iters: 0, Total loss: 0.054, Loss x: 0.064, Loss s: 0.075, Loss w_fp: 0.013, Mask ratio: 0.982
[2024-05-10 02:18:02,267][    INFO] ***** Evaluation ***** >>>> Class [0 Right Ventricle] Dice: 78.99
[2024-05-10 02:18:02,267][    INFO] ***** Evaluation ***** >>>> Class [1 Myocardium] Dice: 82.57
[2024-05-10 02:18:02,267][    INFO] ***** Evaluation ***** >>>> Class [2 Left Ventricle] Dice: 87.06
[2024-05-10 02:18:02,267][    INFO] ***** Evaluation ***** >>>> MeanDice: 82.88

[2024-05-10 02:18:02,339][    INFO] ===========> Epoch: 17, LR: 0.00854, Previous best: 83.10
[2024-05-10 02:18:03,122][    INFO] Iters: 0, Total loss: 0.032, Loss x: 0.048, Loss s: 0.024, Loss w_fp: 0.008, Mask ratio: 0.987
[2024-05-10 02:18:19,232][    INFO] ***** Evaluation ***** >>>> Class [0 Right Ventricle] Dice: 80.04
[2024-05-10 02:18:19,233][    INFO] ***** Evaluation ***** >>>> Class [1 Myocardium] Dice: 81.35
[2024-05-10 02:18:19,233][    INFO] ***** Evaluation ***** >>>> Class [2 Left Ventricle] Dice: 90.27
[2024-05-10 02:18:19,233][    INFO] ***** Evaluation ***** >>>> MeanDice: 83.89

[2024-05-10 02:18:19,347][    INFO] ===========> Epoch: 18, LR: 0.00845, Previous best: 83.89
[2024-05-10 02:18:20,108][    INFO] Iters: 0, Total loss: 0.051, Loss x: 0.078, Loss s: 0.038, Loss w_fp: 0.009, Mask ratio: 0.987
[2024-05-10 02:18:35,519][    INFO] ***** Evaluation ***** >>>> Class [0 Right Ventricle] Dice: 80.85
[2024-05-10 02:18:35,520][    INFO] ***** Evaluation ***** >>>> Class [1 Myocardium] Dice: 81.39
[2024-05-10 02:18:35,520][    INFO] ***** Evaluation ***** >>>> Class [2 Left Ventricle] Dice: 90.84
[2024-05-10 02:18:35,520][    INFO] ***** Evaluation ***** >>>> MeanDice: 84.36

[2024-05-10 02:18:35,633][    INFO] ===========> Epoch: 19, LR: 0.00835, Previous best: 84.36
[2024-05-10 02:18:36,387][    INFO] Iters: 0, Total loss: 0.036, Loss x: 0.051, Loss s: 0.035, Loss w_fp: 0.006, Mask ratio: 0.987
[2024-05-10 02:18:52,127][    INFO] ***** Evaluation ***** >>>> Class [0 Right Ventricle] Dice: 77.95
[2024-05-10 02:18:52,127][    INFO] ***** Evaluation ***** >>>> Class [1 Myocardium] Dice: 80.87
[2024-05-10 02:18:52,128][    INFO] ***** Evaluation ***** >>>> Class [2 Left Ventricle] Dice: 91.75
[2024-05-10 02:18:52,128][    INFO] ***** Evaluation ***** >>>> MeanDice: 83.52

[2024-05-10 02:18:52,174][    INFO] ===========> Epoch: 20, LR: 0.00826, Previous best: 84.36
[2024-05-10 02:18:52,979][    INFO] Iters: 0, Total loss: 0.060, Loss x: 0.070, Loss s: 0.084, Loss w_fp: 0.014, Mask ratio: 0.986
[2024-05-10 02:19:11,224][    INFO] ***** Evaluation ***** >>>> Class [0 Right Ventricle] Dice: 82.67
[2024-05-10 02:19:11,225][    INFO] ***** Evaluation ***** >>>> Class [1 Myocardium] Dice: 82.81
[2024-05-10 02:19:11,225][    INFO] ***** Evaluation ***** >>>> Class [2 Left Ventricle] Dice: 91.13
[2024-05-10 02:19:11,225][    INFO] ***** Evaluation ***** >>>> MeanDice: 85.54

[2024-05-10 02:19:11,312][    INFO] ===========> Epoch: 21, LR: 0.00817, Previous best: 85.54
[2024-05-10 02:19:12,087][    INFO] Iters: 0, Total loss: 0.035, Loss x: 0.051, Loss s: 0.033, Loss w_fp: 0.004, Mask ratio: 0.988
[2024-05-10 02:19:27,015][    INFO] ***** Evaluation ***** >>>> Class [0 Right Ventricle] Dice: 80.11
[2024-05-10 02:19:27,015][    INFO] ***** Evaluation ***** >>>> Class [1 Myocardium] Dice: 83.56
[2024-05-10 02:19:27,015][    INFO] ***** Evaluation ***** >>>> Class [2 Left Ventricle] Dice: 91.68
[2024-05-10 02:19:27,015][    INFO] ***** Evaluation ***** >>>> MeanDice: 85.12

[2024-05-10 02:19:27,062][    INFO] ===========> Epoch: 22, LR: 0.00808, Previous best: 85.54
[2024-05-10 02:19:27,800][    INFO] Iters: 0, Total loss: 0.030, Loss x: 0.049, Loss s: 0.015, Loss w_fp: 0.006, Mask ratio: 0.989
[2024-05-10 02:19:45,196][    INFO] ***** Evaluation ***** >>>> Class [0 Right Ventricle] Dice: 80.53
[2024-05-10 02:19:45,196][    INFO] ***** Evaluation ***** >>>> Class [1 Myocardium] Dice: 80.56
[2024-05-10 02:19:45,196][    INFO] ***** Evaluation ***** >>>> Class [2 Left Ventricle] Dice: 90.42
[2024-05-10 02:19:45,196][    INFO] ***** Evaluation ***** >>>> MeanDice: 83.83

[2024-05-10 02:19:45,244][    INFO] ===========> Epoch: 23, LR: 0.00799, Previous best: 85.54
[2024-05-10 02:19:45,989][    INFO] Iters: 0, Total loss: 0.030, Loss x: 0.037, Loss s: 0.043, Loss w_fp: 0.005, Mask ratio: 0.988
[2024-05-10 02:20:02,572][    INFO] ***** Evaluation ***** >>>> Class [0 Right Ventricle] Dice: 82.74
[2024-05-10 02:20:02,572][    INFO] ***** Evaluation ***** >>>> Class [1 Myocardium] Dice: 82.28
[2024-05-10 02:20:02,573][    INFO] ***** Evaluation ***** >>>> Class [2 Left Ventricle] Dice: 91.28
[2024-05-10 02:20:02,573][    INFO] ***** Evaluation ***** >>>> MeanDice: 85.43

[2024-05-10 02:20:02,651][    INFO] ===========> Epoch: 24, LR: 0.00789, Previous best: 85.54
[2024-05-10 02:20:03,397][    INFO] Iters: 0, Total loss: 0.040, Loss x: 0.053, Loss s: 0.052, Loss w_fp: 0.003, Mask ratio: 0.990
[2024-05-10 02:20:19,493][    INFO] ***** Evaluation ***** >>>> Class [0 Right Ventricle] Dice: 80.01
[2024-05-10 02:20:19,494][    INFO] ***** Evaluation ***** >>>> Class [1 Myocardium] Dice: 81.36
[2024-05-10 02:20:19,494][    INFO] ***** Evaluation ***** >>>> Class [2 Left Ventricle] Dice: 92.08
[2024-05-10 02:20:19,494][    INFO] ***** Evaluation ***** >>>> MeanDice: 84.48

[2024-05-10 02:20:19,567][    INFO] ===========> Epoch: 25, LR: 0.00780, Previous best: 85.54
[2024-05-10 02:20:20,343][    INFO] Iters: 0, Total loss: 0.031, Loss x: 0.040, Loss s: 0.038, Loss w_fp: 0.004, Mask ratio: 0.986
[2024-05-10 02:20:35,790][    INFO] ***** Evaluation ***** >>>> Class [0 Right Ventricle] Dice: 82.63
[2024-05-10 02:20:35,790][    INFO] ***** Evaluation ***** >>>> Class [1 Myocardium] Dice: 82.37
[2024-05-10 02:20:35,791][    INFO] ***** Evaluation ***** >>>> Class [2 Left Ventricle] Dice: 91.50
[2024-05-10 02:20:35,791][    INFO] ***** Evaluation ***** >>>> MeanDice: 85.50

[2024-05-10 02:20:35,862][    INFO] ===========> Epoch: 26, LR: 0.00771, Previous best: 85.54
[2024-05-10 02:20:36,652][    INFO] Iters: 0, Total loss: 0.029, Loss x: 0.040, Loss s: 0.031, Loss w_fp: 0.004, Mask ratio: 0.990
[2024-05-10 02:20:51,892][    INFO] ***** Evaluation ***** >>>> Class [0 Right Ventricle] Dice: 82.40
[2024-05-10 02:20:51,893][    INFO] ***** Evaluation ***** >>>> Class [1 Myocardium] Dice: 83.97
[2024-05-10 02:20:51,893][    INFO] ***** Evaluation ***** >>>> Class [2 Left Ventricle] Dice: 91.82
[2024-05-10 02:20:51,893][    INFO] ***** Evaluation ***** >>>> MeanDice: 86.06

[2024-05-10 02:20:52,007][    INFO] ===========> Epoch: 27, LR: 0.00762, Previous best: 86.06
[2024-05-10 02:20:52,780][    INFO] Iters: 0, Total loss: 0.031, Loss x: 0.049, Loss s: 0.026, Loss w_fp: 0.003, Mask ratio: 0.988
[2024-05-10 02:21:08,222][    INFO] ***** Evaluation ***** >>>> Class [0 Right Ventricle] Dice: 82.33
[2024-05-10 02:21:08,222][    INFO] ***** Evaluation ***** >>>> Class [1 Myocardium] Dice: 81.93
[2024-05-10 02:21:08,222][    INFO] ***** Evaluation ***** >>>> Class [2 Left Ventricle] Dice: 91.56
[2024-05-10 02:21:08,222][    INFO] ***** Evaluation ***** >>>> MeanDice: 85.27

[2024-05-10 02:21:08,269][    INFO] ===========> Epoch: 28, LR: 0.00752, Previous best: 86.06
[2024-05-10 02:21:09,035][    INFO] Iters: 0, Total loss: 0.028, Loss x: 0.042, Loss s: 0.024, Loss w_fp: 0.007, Mask ratio: 0.987
[2024-05-10 02:21:24,100][    INFO] ***** Evaluation ***** >>>> Class [0 Right Ventricle] Dice: 83.89
[2024-05-10 02:21:24,101][    INFO] ***** Evaluation ***** >>>> Class [1 Myocardium] Dice: 82.73
[2024-05-10 02:21:24,101][    INFO] ***** Evaluation ***** >>>> Class [2 Left Ventricle] Dice: 91.10
[2024-05-10 02:21:24,101][    INFO] ***** Evaluation ***** >>>> MeanDice: 85.91

[2024-05-10 02:21:24,149][    INFO] ===========> Epoch: 29, LR: 0.00743, Previous best: 86.06
[2024-05-10 02:21:25,013][    INFO] Iters: 0, Total loss: 0.045, Loss x: 0.079, Loss s: 0.012, Loss w_fp: 0.009, Mask ratio: 0.986
[2024-05-10 02:21:43,503][    INFO] ***** Evaluation ***** >>>> Class [0 Right Ventricle] Dice: 84.39
[2024-05-10 02:21:43,503][    INFO] ***** Evaluation ***** >>>> Class [1 Myocardium] Dice: 83.43
[2024-05-10 02:21:43,503][    INFO] ***** Evaluation ***** >>>> Class [2 Left Ventricle] Dice: 90.67
[2024-05-10 02:21:43,503][    INFO] ***** Evaluation ***** >>>> MeanDice: 86.16

[2024-05-10 02:21:43,594][    INFO] ===========> Epoch: 30, LR: 0.00734, Previous best: 86.16
[2024-05-10 02:21:44,373][    INFO] Iters: 0, Total loss: 0.040, Loss x: 0.037, Loss s: 0.079, Loss w_fp: 0.005, Mask ratio: 0.987
[2024-05-10 02:21:59,686][    INFO] ***** Evaluation ***** >>>> Class [0 Right Ventricle] Dice: 83.52
[2024-05-10 02:21:59,686][    INFO] ***** Evaluation ***** >>>> Class [1 Myocardium] Dice: 84.62
[2024-05-10 02:21:59,686][    INFO] ***** Evaluation ***** >>>> Class [2 Left Ventricle] Dice: 91.95
[2024-05-10 02:21:59,686][    INFO] ***** Evaluation ***** >>>> MeanDice: 86.70

[2024-05-10 02:21:59,775][    INFO] ===========> Epoch: 31, LR: 0.00724, Previous best: 86.70
[2024-05-10 02:22:00,543][    INFO] Iters: 0, Total loss: 0.052, Loss x: 0.057, Loss s: 0.072, Loss w_fp: 0.024, Mask ratio: 0.983
[2024-05-10 02:22:16,208][    INFO] ***** Evaluation ***** >>>> Class [0 Right Ventricle] Dice: 84.96
[2024-05-10 02:22:16,208][    INFO] ***** Evaluation ***** >>>> Class [1 Myocardium] Dice: 84.29
[2024-05-10 02:22:16,208][    INFO] ***** Evaluation ***** >>>> Class [2 Left Ventricle] Dice: 92.51
[2024-05-10 02:22:16,208][    INFO] ***** Evaluation ***** >>>> MeanDice: 87.25

[2024-05-10 02:22:16,300][    INFO] ===========> Epoch: 32, LR: 0.00715, Previous best: 87.25
[2024-05-10 02:22:17,033][    INFO] Iters: 0, Total loss: 0.042, Loss x: 0.050, Loss s: 0.058, Loss w_fp: 0.008, Mask ratio: 0.987
[2024-05-10 02:22:32,795][    INFO] ***** Evaluation ***** >>>> Class [0 Right Ventricle] Dice: 83.16
[2024-05-10 02:22:32,796][    INFO] ***** Evaluation ***** >>>> Class [1 Myocardium] Dice: 83.86
[2024-05-10 02:22:32,796][    INFO] ***** Evaluation ***** >>>> Class [2 Left Ventricle] Dice: 92.31
[2024-05-10 02:22:32,796][    INFO] ***** Evaluation ***** >>>> MeanDice: 86.44

[2024-05-10 02:22:32,869][    INFO] ===========> Epoch: 33, LR: 0.00706, Previous best: 87.25
[2024-05-10 02:22:33,685][    INFO] Iters: 0, Total loss: 0.024, Loss x: 0.037, Loss s: 0.017, Loss w_fp: 0.007, Mask ratio: 0.987
[2024-05-10 02:22:49,202][    INFO] ***** Evaluation ***** >>>> Class [0 Right Ventricle] Dice: 83.75
[2024-05-10 02:22:49,202][    INFO] ***** Evaluation ***** >>>> Class [1 Myocardium] Dice: 84.04
[2024-05-10 02:22:49,202][    INFO] ***** Evaluation ***** >>>> Class [2 Left Ventricle] Dice: 92.93
[2024-05-10 02:22:49,202][    INFO] ***** Evaluation ***** >>>> MeanDice: 86.91

[2024-05-10 02:22:49,276][    INFO] ===========> Epoch: 34, LR: 0.00696, Previous best: 87.25
[2024-05-10 02:22:50,013][    INFO] Iters: 0, Total loss: 0.040, Loss x: 0.058, Loss s: 0.042, Loss w_fp: 0.003, Mask ratio: 0.988
[2024-05-10 02:23:05,719][    INFO] ***** Evaluation ***** >>>> Class [0 Right Ventricle] Dice: 84.50
[2024-05-10 02:23:05,719][    INFO] ***** Evaluation ***** >>>> Class [1 Myocardium] Dice: 82.84
[2024-05-10 02:23:05,719][    INFO] ***** Evaluation ***** >>>> Class [2 Left Ventricle] Dice: 92.61
[2024-05-10 02:23:05,719][    INFO] ***** Evaluation ***** >>>> MeanDice: 86.65

[2024-05-10 02:23:05,792][    INFO] ===========> Epoch: 35, LR: 0.00687, Previous best: 87.25
[2024-05-10 02:23:06,687][    INFO] Iters: 0, Total loss: 0.041, Loss x: 0.056, Loss s: 0.046, Loss w_fp: 0.004, Mask ratio: 0.990
[2024-05-10 02:23:22,153][    INFO] ***** Evaluation ***** >>>> Class [0 Right Ventricle] Dice: 86.05
[2024-05-10 02:23:22,153][    INFO] ***** Evaluation ***** >>>> Class [1 Myocardium] Dice: 85.80
[2024-05-10 02:23:22,153][    INFO] ***** Evaluation ***** >>>> Class [2 Left Ventricle] Dice: 93.30
[2024-05-10 02:23:22,153][    INFO] ***** Evaluation ***** >>>> MeanDice: 88.38

[2024-05-10 02:23:22,277][    INFO] ===========> Epoch: 36, LR: 0.00678, Previous best: 88.38
[2024-05-10 02:23:23,038][    INFO] Iters: 0, Total loss: 0.030, Loss x: 0.045, Loss s: 0.026, Loss w_fp: 0.007, Mask ratio: 0.986
[2024-05-10 02:23:38,790][    INFO] ***** Evaluation ***** >>>> Class [0 Right Ventricle] Dice: 85.35
[2024-05-10 02:23:38,790][    INFO] ***** Evaluation ***** >>>> Class [1 Myocardium] Dice: 84.80
[2024-05-10 02:23:38,790][    INFO] ***** Evaluation ***** >>>> Class [2 Left Ventricle] Dice: 92.99
[2024-05-10 02:23:38,790][    INFO] ***** Evaluation ***** >>>> MeanDice: 87.71

[2024-05-10 02:23:38,863][    INFO] ===========> Epoch: 37, LR: 0.00668, Previous best: 88.38
[2024-05-10 02:23:39,747][    INFO] Iters: 0, Total loss: 0.036, Loss x: 0.052, Loss s: 0.029, Loss w_fp: 0.010, Mask ratio: 0.989
[2024-05-10 02:23:56,596][    INFO] ***** Evaluation ***** >>>> Class [0 Right Ventricle] Dice: 82.51
[2024-05-10 02:23:56,597][    INFO] ***** Evaluation ***** >>>> Class [1 Myocardium] Dice: 84.92
[2024-05-10 02:23:56,597][    INFO] ***** Evaluation ***** >>>> Class [2 Left Ventricle] Dice: 93.68
[2024-05-10 02:23:56,597][    INFO] ***** Evaluation ***** >>>> MeanDice: 87.04

[2024-05-10 02:23:56,668][    INFO] ===========> Epoch: 38, LR: 0.00659, Previous best: 88.38
[2024-05-10 02:23:57,444][    INFO] Iters: 0, Total loss: 0.033, Loss x: 0.042, Loss s: 0.031, Loss w_fp: 0.016, Mask ratio: 0.988
[2024-05-10 02:24:14,045][    INFO] ***** Evaluation ***** >>>> Class [0 Right Ventricle] Dice: 84.26
[2024-05-10 02:24:14,045][    INFO] ***** Evaluation ***** >>>> Class [1 Myocardium] Dice: 84.69
[2024-05-10 02:24:14,045][    INFO] ***** Evaluation ***** >>>> Class [2 Left Ventricle] Dice: 91.66
[2024-05-10 02:24:14,045][    INFO] ***** Evaluation ***** >>>> MeanDice: 86.87

[2024-05-10 02:24:14,091][    INFO] ===========> Epoch: 39, LR: 0.00649, Previous best: 88.38
[2024-05-10 02:24:14,840][    INFO] Iters: 0, Total loss: 0.037, Loss x: 0.032, Loss s: 0.057, Loss w_fp: 0.026, Mask ratio: 0.992
[2024-05-10 02:24:29,859][    INFO] ***** Evaluation ***** >>>> Class [0 Right Ventricle] Dice: 84.43
[2024-05-10 02:24:29,859][    INFO] ***** Evaluation ***** >>>> Class [1 Myocardium] Dice: 83.78
[2024-05-10 02:24:29,859][    INFO] ***** Evaluation ***** >>>> Class [2 Left Ventricle] Dice: 93.12
[2024-05-10 02:24:29,860][    INFO] ***** Evaluation ***** >>>> MeanDice: 87.11

[2024-05-10 02:24:29,932][    INFO] ===========> Epoch: 40, LR: 0.00640, Previous best: 88.38
[2024-05-10 02:24:30,687][    INFO] Iters: 0, Total loss: 0.046, Loss x: 0.061, Loss s: 0.057, Loss w_fp: 0.006, Mask ratio: 0.987
[2024-05-10 02:24:47,515][    INFO] ***** Evaluation ***** >>>> Class [0 Right Ventricle] Dice: 84.47
[2024-05-10 02:24:47,515][    INFO] ***** Evaluation ***** >>>> Class [1 Myocardium] Dice: 83.72
[2024-05-10 02:24:47,515][    INFO] ***** Evaluation ***** >>>> Class [2 Left Ventricle] Dice: 92.79
[2024-05-10 02:24:47,515][    INFO] ***** Evaluation ***** >>>> MeanDice: 86.99

[2024-05-10 02:24:47,587][    INFO] ===========> Epoch: 41, LR: 0.00630, Previous best: 88.38
[2024-05-10 02:24:48,405][    INFO] Iters: 0, Total loss: 0.040, Loss x: 0.035, Loss s: 0.077, Loss w_fp: 0.014, Mask ratio: 0.990
[2024-05-10 02:25:05,535][    INFO] ***** Evaluation ***** >>>> Class [0 Right Ventricle] Dice: 85.53
[2024-05-10 02:25:05,536][    INFO] ***** Evaluation ***** >>>> Class [1 Myocardium] Dice: 84.38
[2024-05-10 02:25:05,536][    INFO] ***** Evaluation ***** >>>> Class [2 Left Ventricle] Dice: 92.49
[2024-05-10 02:25:05,536][    INFO] ***** Evaluation ***** >>>> MeanDice: 87.46

[2024-05-10 02:25:05,584][    INFO] ===========> Epoch: 42, LR: 0.00621, Previous best: 88.38
[2024-05-10 02:25:06,411][    INFO] Iters: 0, Total loss: 0.030, Loss x: 0.041, Loss s: 0.036, Loss w_fp: 0.004, Mask ratio: 0.986
[2024-05-10 02:25:22,282][    INFO] ***** Evaluation ***** >>>> Class [0 Right Ventricle] Dice: 82.63
[2024-05-10 02:25:22,283][    INFO] ***** Evaluation ***** >>>> Class [1 Myocardium] Dice: 83.45
[2024-05-10 02:25:22,283][    INFO] ***** Evaluation ***** >>>> Class [2 Left Ventricle] Dice: 93.19
[2024-05-10 02:25:22,283][    INFO] ***** Evaluation ***** >>>> MeanDice: 86.42

[2024-05-10 02:25:22,350][    INFO] ===========> Epoch: 43, LR: 0.00611, Previous best: 88.38
[2024-05-10 02:25:23,232][    INFO] Iters: 0, Total loss: 0.026, Loss x: 0.026, Loss s: 0.049, Loss w_fp: 0.003, Mask ratio: 0.988
[2024-05-10 02:25:39,125][    INFO] ***** Evaluation ***** >>>> Class [0 Right Ventricle] Dice: 85.27
[2024-05-10 02:25:39,125][    INFO] ***** Evaluation ***** >>>> Class [1 Myocardium] Dice: 86.05
[2024-05-10 02:25:39,125][    INFO] ***** Evaluation ***** >>>> Class [2 Left Ventricle] Dice: 93.99
[2024-05-10 02:25:39,125][    INFO] ***** Evaluation ***** >>>> MeanDice: 88.44

[2024-05-10 02:25:39,240][    INFO] ===========> Epoch: 44, LR: 0.00602, Previous best: 88.44
[2024-05-10 02:25:40,037][    INFO] Iters: 0, Total loss: 0.023, Loss x: 0.034, Loss s: 0.018, Loss w_fp: 0.005, Mask ratio: 0.991
[2024-05-10 02:25:55,131][    INFO] ***** Evaluation ***** >>>> Class [0 Right Ventricle] Dice: 86.05
[2024-05-10 02:25:55,131][    INFO] ***** Evaluation ***** >>>> Class [1 Myocardium] Dice: 86.43
[2024-05-10 02:25:55,131][    INFO] ***** Evaluation ***** >>>> Class [2 Left Ventricle] Dice: 93.88
[2024-05-10 02:25:55,131][    INFO] ***** Evaluation ***** >>>> MeanDice: 88.79

[2024-05-10 02:25:55,245][    INFO] ===========> Epoch: 45, LR: 0.00592, Previous best: 88.79
[2024-05-10 02:25:55,977][    INFO] Iters: 0, Total loss: 0.039, Loss x: 0.049, Loss s: 0.049, Loss w_fp: 0.009, Mask ratio: 0.988
[2024-05-10 02:26:11,084][    INFO] ***** Evaluation ***** >>>> Class [0 Right Ventricle] Dice: 85.11
[2024-05-10 02:26:11,084][    INFO] ***** Evaluation ***** >>>> Class [1 Myocardium] Dice: 85.19
[2024-05-10 02:26:11,084][    INFO] ***** Evaluation ***** >>>> Class [2 Left Ventricle] Dice: 93.86
[2024-05-10 02:26:11,084][    INFO] ***** Evaluation ***** >>>> MeanDice: 88.05

[2024-05-10 02:26:11,158][    INFO] ===========> Epoch: 46, LR: 0.00583, Previous best: 88.79
[2024-05-10 02:26:11,941][    INFO] Iters: 0, Total loss: 0.036, Loss x: 0.052, Loss s: 0.030, Loss w_fp: 0.010, Mask ratio: 0.989
[2024-05-10 02:26:26,983][    INFO] ***** Evaluation ***** >>>> Class [0 Right Ventricle] Dice: 85.55
[2024-05-10 02:26:26,983][    INFO] ***** Evaluation ***** >>>> Class [1 Myocardium] Dice: 86.10
[2024-05-10 02:26:26,983][    INFO] ***** Evaluation ***** >>>> Class [2 Left Ventricle] Dice: 93.35
[2024-05-10 02:26:26,983][    INFO] ***** Evaluation ***** >>>> MeanDice: 88.34

[2024-05-10 02:26:27,058][    INFO] ===========> Epoch: 47, LR: 0.00573, Previous best: 88.79
[2024-05-10 02:26:27,837][    INFO] Iters: 0, Total loss: 0.030, Loss x: 0.040, Loss s: 0.035, Loss w_fp: 0.007, Mask ratio: 0.985
[2024-05-10 02:26:44,810][    INFO] ***** Evaluation ***** >>>> Class [0 Right Ventricle] Dice: 84.47
[2024-05-10 02:26:44,810][    INFO] ***** Evaluation ***** >>>> Class [1 Myocardium] Dice: 85.23
[2024-05-10 02:26:44,810][    INFO] ***** Evaluation ***** >>>> Class [2 Left Ventricle] Dice: 93.24
[2024-05-10 02:26:44,810][    INFO] ***** Evaluation ***** >>>> MeanDice: 87.65

[2024-05-10 02:26:44,881][    INFO] ===========> Epoch: 48, LR: 0.00564, Previous best: 88.79
[2024-05-10 02:26:45,671][    INFO] Iters: 0, Total loss: 0.032, Loss x: 0.045, Loss s: 0.025, Loss w_fp: 0.014, Mask ratio: 0.986
[2024-05-10 02:27:01,055][    INFO] ***** Evaluation ***** >>>> Class [0 Right Ventricle] Dice: 85.67
[2024-05-10 02:27:01,055][    INFO] ***** Evaluation ***** >>>> Class [1 Myocardium] Dice: 85.97
[2024-05-10 02:27:01,055][    INFO] ***** Evaluation ***** >>>> Class [2 Left Ventricle] Dice: 93.26
[2024-05-10 02:27:01,055][    INFO] ***** Evaluation ***** >>>> MeanDice: 88.30

[2024-05-10 02:27:01,130][    INFO] ===========> Epoch: 49, LR: 0.00554, Previous best: 88.79
[2024-05-10 02:27:01,949][    INFO] Iters: 0, Total loss: 0.041, Loss x: 0.042, Loss s: 0.074, Loss w_fp: 0.004, Mask ratio: 0.989
[2024-05-10 02:27:18,640][    INFO] ***** Evaluation ***** >>>> Class [0 Right Ventricle] Dice: 80.99
[2024-05-10 02:27:18,640][    INFO] ***** Evaluation ***** >>>> Class [1 Myocardium] Dice: 86.33
[2024-05-10 02:27:18,640][    INFO] ***** Evaluation ***** >>>> Class [2 Left Ventricle] Dice: 93.55
[2024-05-10 02:27:18,640][    INFO] ***** Evaluation ***** >>>> MeanDice: 86.96

[2024-05-10 02:27:18,714][    INFO] ===========> Epoch: 50, LR: 0.00544, Previous best: 88.79
[2024-05-10 02:27:19,501][    INFO] Iters: 0, Total loss: 0.027, Loss x: 0.037, Loss s: 0.027, Loss w_fp: 0.007, Mask ratio: 0.983
[2024-05-10 02:27:36,771][    INFO] ***** Evaluation ***** >>>> Class [0 Right Ventricle] Dice: 86.69
[2024-05-10 02:27:36,771][    INFO] ***** Evaluation ***** >>>> Class [1 Myocardium] Dice: 85.19
[2024-05-10 02:27:36,771][    INFO] ***** Evaluation ***** >>>> Class [2 Left Ventricle] Dice: 93.72
[2024-05-10 02:27:36,771][    INFO] ***** Evaluation ***** >>>> MeanDice: 88.53

[2024-05-10 02:27:36,844][    INFO] ===========> Epoch: 51, LR: 0.00535, Previous best: 88.79
[2024-05-10 02:27:37,750][    INFO] Iters: 0, Total loss: 0.036, Loss x: 0.049, Loss s: 0.039, Loss w_fp: 0.006, Mask ratio: 0.989
[2024-05-10 02:27:55,272][    INFO] ***** Evaluation ***** >>>> Class [0 Right Ventricle] Dice: 85.82
[2024-05-10 02:27:55,272][    INFO] ***** Evaluation ***** >>>> Class [1 Myocardium] Dice: 85.65
[2024-05-10 02:27:55,272][    INFO] ***** Evaluation ***** >>>> Class [2 Left Ventricle] Dice: 93.79
[2024-05-10 02:27:55,272][    INFO] ***** Evaluation ***** >>>> MeanDice: 88.42

[2024-05-10 02:27:55,345][    INFO] ===========> Epoch: 52, LR: 0.00525, Previous best: 88.79
[2024-05-10 02:27:56,257][    INFO] Iters: 0, Total loss: 0.034, Loss x: 0.031, Loss s: 0.068, Loss w_fp: 0.004, Mask ratio: 0.985
[2024-05-10 02:28:14,004][    INFO] ***** Evaluation ***** >>>> Class [0 Right Ventricle] Dice: 85.80
[2024-05-10 02:28:14,005][    INFO] ***** Evaluation ***** >>>> Class [1 Myocardium] Dice: 86.31
[2024-05-10 02:28:14,005][    INFO] ***** Evaluation ***** >>>> Class [2 Left Ventricle] Dice: 93.67
[2024-05-10 02:28:14,005][    INFO] ***** Evaluation ***** >>>> MeanDice: 88.59

[2024-05-10 02:28:14,063][    INFO] ===========> Epoch: 53, LR: 0.00516, Previous best: 88.79
[2024-05-10 02:28:14,961][    INFO] Iters: 0, Total loss: 0.023, Loss x: 0.034, Loss s: 0.020, Loss w_fp: 0.005, Mask ratio: 0.984
[2024-05-10 02:28:30,674][    INFO] ***** Evaluation ***** >>>> Class [0 Right Ventricle] Dice: 86.48
[2024-05-10 02:28:30,675][    INFO] ***** Evaluation ***** >>>> Class [1 Myocardium] Dice: 87.24
[2024-05-10 02:28:30,675][    INFO] ***** Evaluation ***** >>>> Class [2 Left Ventricle] Dice: 93.63
[2024-05-10 02:28:30,675][    INFO] ***** Evaluation ***** >>>> MeanDice: 89.12

[2024-05-10 02:28:30,791][    INFO] ===========> Epoch: 54, LR: 0.00506, Previous best: 89.12
[2024-05-10 02:28:31,737][    INFO] Iters: 0, Total loss: 0.025, Loss x: 0.044, Loss s: 0.010, Loss w_fp: 0.003, Mask ratio: 0.991
[2024-05-10 02:28:48,029][    INFO] ***** Evaluation ***** >>>> Class [0 Right Ventricle] Dice: 85.77
[2024-05-10 02:28:48,029][    INFO] ***** Evaluation ***** >>>> Class [1 Myocardium] Dice: 85.30
[2024-05-10 02:28:48,029][    INFO] ***** Evaluation ***** >>>> Class [2 Left Ventricle] Dice: 93.19
[2024-05-10 02:28:48,029][    INFO] ***** Evaluation ***** >>>> MeanDice: 88.09

[2024-05-10 02:28:48,097][    INFO] ===========> Epoch: 55, LR: 0.00496, Previous best: 89.12
[2024-05-10 02:28:49,019][    INFO] Iters: 0, Total loss: 0.047, Loss x: 0.054, Loss s: 0.075, Loss w_fp: 0.004, Mask ratio: 0.990
[2024-05-10 02:29:04,902][    INFO] ***** Evaluation ***** >>>> Class [0 Right Ventricle] Dice: 86.31
[2024-05-10 02:29:04,903][    INFO] ***** Evaluation ***** >>>> Class [1 Myocardium] Dice: 85.74
[2024-05-10 02:29:04,903][    INFO] ***** Evaluation ***** >>>> Class [2 Left Ventricle] Dice: 93.50
[2024-05-10 02:29:04,903][    INFO] ***** Evaluation ***** >>>> MeanDice: 88.52

[2024-05-10 02:29:04,979][    INFO] ===========> Epoch: 56, LR: 0.00486, Previous best: 89.12
[2024-05-10 02:29:05,947][    INFO] Iters: 0, Total loss: 0.029, Loss x: 0.033, Loss s: 0.046, Loss w_fp: 0.004, Mask ratio: 0.992
[2024-05-10 02:29:21,601][    INFO] ***** Evaluation ***** >>>> Class [0 Right Ventricle] Dice: 85.67
[2024-05-10 02:29:21,601][    INFO] ***** Evaluation ***** >>>> Class [1 Myocardium] Dice: 85.39
[2024-05-10 02:29:21,601][    INFO] ***** Evaluation ***** >>>> Class [2 Left Ventricle] Dice: 93.81
[2024-05-10 02:29:21,601][    INFO] ***** Evaluation ***** >>>> MeanDice: 88.29

[2024-05-10 02:29:21,674][    INFO] ===========> Epoch: 57, LR: 0.00477, Previous best: 89.12
[2024-05-10 02:29:22,507][    INFO] Iters: 0, Total loss: 0.035, Loss x: 0.035, Loss s: 0.065, Loss w_fp: 0.005, Mask ratio: 0.988
[2024-05-10 02:29:38,513][    INFO] ***** Evaluation ***** >>>> Class [0 Right Ventricle] Dice: 86.20
[2024-05-10 02:29:38,513][    INFO] ***** Evaluation ***** >>>> Class [1 Myocardium] Dice: 86.34
[2024-05-10 02:29:38,513][    INFO] ***** Evaluation ***** >>>> Class [2 Left Ventricle] Dice: 93.64
[2024-05-10 02:29:38,513][    INFO] ***** Evaluation ***** >>>> MeanDice: 88.73

[2024-05-10 02:29:38,585][    INFO] ===========> Epoch: 58, LR: 0.00467, Previous best: 89.12
[2024-05-10 02:29:39,525][    INFO] Iters: 0, Total loss: 0.026, Loss x: 0.033, Loss s: 0.033, Loss w_fp: 0.006, Mask ratio: 0.990
[2024-05-10 02:29:57,093][    INFO] ***** Evaluation ***** >>>> Class [0 Right Ventricle] Dice: 86.37
[2024-05-10 02:29:57,094][    INFO] ***** Evaluation ***** >>>> Class [1 Myocardium] Dice: 86.67
[2024-05-10 02:29:57,094][    INFO] ***** Evaluation ***** >>>> Class [2 Left Ventricle] Dice: 93.93
[2024-05-10 02:29:57,094][    INFO] ***** Evaluation ***** >>>> MeanDice: 88.99

[2024-05-10 02:29:57,169][    INFO] ===========> Epoch: 59, LR: 0.00457, Previous best: 89.12
[2024-05-10 02:29:58,004][    INFO] Iters: 0, Total loss: 0.041, Loss x: 0.044, Loss s: 0.066, Loss w_fp: 0.011, Mask ratio: 0.986
[2024-05-10 02:30:13,838][    INFO] ***** Evaluation ***** >>>> Class [0 Right Ventricle] Dice: 87.09
[2024-05-10 02:30:13,838][    INFO] ***** Evaluation ***** >>>> Class [1 Myocardium] Dice: 88.45
[2024-05-10 02:30:13,838][    INFO] ***** Evaluation ***** >>>> Class [2 Left Ventricle] Dice: 94.49
[2024-05-10 02:30:13,838][    INFO] ***** Evaluation ***** >>>> MeanDice: 90.01

[2024-05-10 02:30:13,951][    INFO] ===========> Epoch: 60, LR: 0.00447, Previous best: 90.01
[2024-05-10 02:30:14,900][    INFO] Iters: 0, Total loss: 0.024, Loss x: 0.033, Loss s: 0.027, Loss w_fp: 0.003, Mask ratio: 0.986
[2024-05-10 02:30:32,744][    INFO] ***** Evaluation ***** >>>> Class [0 Right Ventricle] Dice: 86.18
[2024-05-10 02:30:32,744][    INFO] ***** Evaluation ***** >>>> Class [1 Myocardium] Dice: 85.29
[2024-05-10 02:30:32,744][    INFO] ***** Evaluation ***** >>>> Class [2 Left Ventricle] Dice: 93.56
[2024-05-10 02:30:32,744][    INFO] ***** Evaluation ***** >>>> MeanDice: 88.34

[2024-05-10 02:30:32,792][    INFO] ===========> Epoch: 61, LR: 0.00437, Previous best: 90.01
[2024-05-10 02:30:33,611][    INFO] Iters: 0, Total loss: 0.032, Loss x: 0.036, Loss s: 0.053, Loss w_fp: 0.004, Mask ratio: 0.991
[2024-05-10 02:30:49,972][    INFO] ***** Evaluation ***** >>>> Class [0 Right Ventricle] Dice: 87.11
[2024-05-10 02:30:49,972][    INFO] ***** Evaluation ***** >>>> Class [1 Myocardium] Dice: 87.92
[2024-05-10 02:30:49,972][    INFO] ***** Evaluation ***** >>>> Class [2 Left Ventricle] Dice: 94.30
[2024-05-10 02:30:49,972][    INFO] ***** Evaluation ***** >>>> MeanDice: 89.77

[2024-05-10 02:30:50,048][    INFO] ===========> Epoch: 62, LR: 0.00427, Previous best: 90.01
[2024-05-10 02:30:50,955][    INFO] Iters: 0, Total loss: 0.027, Loss x: 0.038, Loss s: 0.026, Loss w_fp: 0.005, Mask ratio: 0.986
[2024-05-10 02:31:06,847][    INFO] ***** Evaluation ***** >>>> Class [0 Right Ventricle] Dice: 86.51
[2024-05-10 02:31:06,848][    INFO] ***** Evaluation ***** >>>> Class [1 Myocardium] Dice: 86.40
[2024-05-10 02:31:06,848][    INFO] ***** Evaluation ***** >>>> Class [2 Left Ventricle] Dice: 94.45
[2024-05-10 02:31:06,848][    INFO] ***** Evaluation ***** >>>> MeanDice: 89.12

[2024-05-10 02:31:06,921][    INFO] ===========> Epoch: 63, LR: 0.00418, Previous best: 90.01
[2024-05-10 02:31:07,847][    INFO] Iters: 0, Total loss: 0.034, Loss x: 0.042, Loss s: 0.050, Loss w_fp: 0.003, Mask ratio: 0.991
[2024-05-10 02:31:28,500][    INFO] ***** Evaluation ***** >>>> Class [0 Right Ventricle] Dice: 86.36
[2024-05-10 02:31:28,500][    INFO] ***** Evaluation ***** >>>> Class [1 Myocardium] Dice: 86.78
[2024-05-10 02:31:28,500][    INFO] ***** Evaluation ***** >>>> Class [2 Left Ventricle] Dice: 94.35
[2024-05-10 02:31:28,500][    INFO] ***** Evaluation ***** >>>> MeanDice: 89.16

[2024-05-10 02:31:28,573][    INFO] ===========> Epoch: 64, LR: 0.00408, Previous best: 90.01
[2024-05-10 02:31:29,440][    INFO] Iters: 0, Total loss: 0.030, Loss x: 0.028, Loss s: 0.055, Loss w_fp: 0.011, Mask ratio: 0.994
[2024-05-10 02:31:45,818][    INFO] ***** Evaluation ***** >>>> Class [0 Right Ventricle] Dice: 87.11
[2024-05-10 02:31:45,819][    INFO] ***** Evaluation ***** >>>> Class [1 Myocardium] Dice: 87.51
[2024-05-10 02:31:45,819][    INFO] ***** Evaluation ***** >>>> Class [2 Left Ventricle] Dice: 94.16
[2024-05-10 02:31:45,819][    INFO] ***** Evaluation ***** >>>> MeanDice: 89.59

[2024-05-10 02:31:45,893][    INFO] ===========> Epoch: 65, LR: 0.00398, Previous best: 90.01
[2024-05-10 02:31:46,839][    INFO] Iters: 0, Total loss: 0.034, Loss x: 0.025, Loss s: 0.080, Loss w_fp: 0.007, Mask ratio: 0.991
[2024-05-10 02:32:02,381][    INFO] ***** Evaluation ***** >>>> Class [0 Right Ventricle] Dice: 86.56
[2024-05-10 02:32:02,381][    INFO] ***** Evaluation ***** >>>> Class [1 Myocardium] Dice: 86.95
[2024-05-10 02:32:02,381][    INFO] ***** Evaluation ***** >>>> Class [2 Left Ventricle] Dice: 94.50
[2024-05-10 02:32:02,381][    INFO] ***** Evaluation ***** >>>> MeanDice: 89.34

[2024-05-10 02:32:02,429][    INFO] ===========> Epoch: 66, LR: 0.00388, Previous best: 90.01
[2024-05-10 02:32:03,283][    INFO] Iters: 0, Total loss: 0.025, Loss x: 0.030, Loss s: 0.034, Loss w_fp: 0.006, Mask ratio: 0.984
[2024-05-10 02:32:20,729][    INFO] ***** Evaluation ***** >>>> Class [0 Right Ventricle] Dice: 87.16
[2024-05-10 02:32:20,729][    INFO] ***** Evaluation ***** >>>> Class [1 Myocardium] Dice: 86.68
[2024-05-10 02:32:20,729][    INFO] ***** Evaluation ***** >>>> Class [2 Left Ventricle] Dice: 94.10
[2024-05-10 02:32:20,729][    INFO] ***** Evaluation ***** >>>> MeanDice: 89.31

[2024-05-10 02:32:20,801][    INFO] ===========> Epoch: 67, LR: 0.00378, Previous best: 90.01
[2024-05-10 02:32:21,727][    INFO] Iters: 0, Total loss: 0.030, Loss x: 0.035, Loss s: 0.041, Loss w_fp: 0.008, Mask ratio: 0.988
[2024-05-10 02:32:38,385][    INFO] ***** Evaluation ***** >>>> Class [0 Right Ventricle] Dice: 87.46
[2024-05-10 02:32:38,385][    INFO] ***** Evaluation ***** >>>> Class [1 Myocardium] Dice: 88.15
[2024-05-10 02:32:38,385][    INFO] ***** Evaluation ***** >>>> Class [2 Left Ventricle] Dice: 93.95
[2024-05-10 02:32:38,385][    INFO] ***** Evaluation ***** >>>> MeanDice: 89.85

[2024-05-10 02:32:38,443][    INFO] ===========> Epoch: 68, LR: 0.00368, Previous best: 90.01
[2024-05-10 02:32:39,376][    INFO] Iters: 0, Total loss: 0.023, Loss x: 0.027, Loss s: 0.037, Loss w_fp: 0.002, Mask ratio: 0.990
[2024-05-10 02:32:57,397][    INFO] ***** Evaluation ***** >>>> Class [0 Right Ventricle] Dice: 87.05
[2024-05-10 02:32:57,397][    INFO] ***** Evaluation ***** >>>> Class [1 Myocardium] Dice: 86.31
[2024-05-10 02:32:57,398][    INFO] ***** Evaluation ***** >>>> Class [2 Left Ventricle] Dice: 94.06
[2024-05-10 02:32:57,398][    INFO] ***** Evaluation ***** >>>> MeanDice: 89.14

[2024-05-10 02:32:57,444][    INFO] ===========> Epoch: 69, LR: 0.00358, Previous best: 90.01
[2024-05-10 02:32:58,281][    INFO] Iters: 0, Total loss: 0.022, Loss x: 0.033, Loss s: 0.017, Loss w_fp: 0.005, Mask ratio: 0.991
[2024-05-10 02:33:14,713][    INFO] ***** Evaluation ***** >>>> Class [0 Right Ventricle] Dice: 86.59
[2024-05-10 02:33:14,713][    INFO] ***** Evaluation ***** >>>> Class [1 Myocardium] Dice: 87.30
[2024-05-10 02:33:14,713][    INFO] ***** Evaluation ***** >>>> Class [2 Left Ventricle] Dice: 94.13
[2024-05-10 02:33:14,713][    INFO] ***** Evaluation ***** >>>> MeanDice: 89.34

[2024-05-10 02:33:14,785][    INFO] ===========> Epoch: 70, LR: 0.00347, Previous best: 90.01
[2024-05-10 02:33:15,747][    INFO] Iters: 0, Total loss: 0.034, Loss x: 0.045, Loss s: 0.044, Loss w_fp: 0.004, Mask ratio: 0.993
[2024-05-10 02:33:31,783][    INFO] ***** Evaluation ***** >>>> Class [0 Right Ventricle] Dice: 86.43
[2024-05-10 02:33:31,784][    INFO] ***** Evaluation ***** >>>> Class [1 Myocardium] Dice: 87.78
[2024-05-10 02:33:31,784][    INFO] ***** Evaluation ***** >>>> Class [2 Left Ventricle] Dice: 94.75
[2024-05-10 02:33:31,784][    INFO] ***** Evaluation ***** >>>> MeanDice: 89.65

[2024-05-10 02:33:31,831][    INFO] ===========> Epoch: 71, LR: 0.00337, Previous best: 90.01
[2024-05-10 02:33:32,654][    INFO] Iters: 0, Total loss: 0.025, Loss x: 0.026, Loss s: 0.037, Loss w_fp: 0.011, Mask ratio: 0.987
[2024-05-10 02:33:48,939][    INFO] ***** Evaluation ***** >>>> Class [0 Right Ventricle] Dice: 87.20
[2024-05-10 02:33:48,940][    INFO] ***** Evaluation ***** >>>> Class [1 Myocardium] Dice: 88.18
[2024-05-10 02:33:48,940][    INFO] ***** Evaluation ***** >>>> Class [2 Left Ventricle] Dice: 94.46
[2024-05-10 02:33:48,940][    INFO] ***** Evaluation ***** >>>> MeanDice: 89.95

[2024-05-10 02:33:48,988][    INFO] ===========> Epoch: 72, LR: 0.00327, Previous best: 90.01
[2024-05-10 02:33:49,900][    INFO] Iters: 0, Total loss: 0.022, Loss x: 0.033, Loss s: 0.021, Loss w_fp: 0.001, Mask ratio: 0.989
[2024-05-10 02:34:06,796][    INFO] ***** Evaluation ***** >>>> Class [0 Right Ventricle] Dice: 86.68
[2024-05-10 02:34:06,796][    INFO] ***** Evaluation ***** >>>> Class [1 Myocardium] Dice: 87.02
[2024-05-10 02:34:06,797][    INFO] ***** Evaluation ***** >>>> Class [2 Left Ventricle] Dice: 94.23
[2024-05-10 02:34:06,797][    INFO] ***** Evaluation ***** >>>> MeanDice: 89.31

[2024-05-10 02:34:06,868][    INFO] ===========> Epoch: 73, LR: 0.00317, Previous best: 90.01
[2024-05-10 02:34:07,679][    INFO] Iters: 0, Total loss: 0.025, Loss x: 0.035, Loss s: 0.028, Loss w_fp: 0.004, Mask ratio: 0.994
[2024-05-10 02:34:22,945][    INFO] ***** Evaluation ***** >>>> Class [0 Right Ventricle] Dice: 86.86
[2024-05-10 02:34:22,945][    INFO] ***** Evaluation ***** >>>> Class [1 Myocardium] Dice: 88.10
[2024-05-10 02:34:22,945][    INFO] ***** Evaluation ***** >>>> Class [2 Left Ventricle] Dice: 94.54
[2024-05-10 02:34:22,945][    INFO] ***** Evaluation ***** >>>> MeanDice: 89.83

[2024-05-10 02:34:23,017][    INFO] ===========> Epoch: 74, LR: 0.00307, Previous best: 90.01
[2024-05-10 02:34:23,959][    INFO] Iters: 0, Total loss: 0.034, Loss x: 0.032, Loss s: 0.068, Loss w_fp: 0.004, Mask ratio: 0.993
[2024-05-10 02:34:40,387][    INFO] ***** Evaluation ***** >>>> Class [0 Right Ventricle] Dice: 87.29
[2024-05-10 02:34:40,387][    INFO] ***** Evaluation ***** >>>> Class [1 Myocardium] Dice: 88.37
[2024-05-10 02:34:40,387][    INFO] ***** Evaluation ***** >>>> Class [2 Left Ventricle] Dice: 94.67
[2024-05-10 02:34:40,387][    INFO] ***** Evaluation ***** >>>> MeanDice: 90.11

[2024-05-10 02:34:40,540][    INFO] ===========> Epoch: 75, LR: 0.00296, Previous best: 90.11
[2024-05-10 02:34:41,384][    INFO] Iters: 0, Total loss: 0.030, Loss x: 0.038, Loss s: 0.035, Loss w_fp: 0.008, Mask ratio: 0.987
[2024-05-10 02:34:58,858][    INFO] ***** Evaluation ***** >>>> Class [0 Right Ventricle] Dice: 87.04
[2024-05-10 02:34:58,859][    INFO] ***** Evaluation ***** >>>> Class [1 Myocardium] Dice: 87.48
[2024-05-10 02:34:58,859][    INFO] ***** Evaluation ***** >>>> Class [2 Left Ventricle] Dice: 94.39
[2024-05-10 02:34:58,859][    INFO] ***** Evaluation ***** >>>> MeanDice: 89.64

[2024-05-10 02:34:58,931][    INFO] ===========> Epoch: 76, LR: 0.00286, Previous best: 90.11
[2024-05-10 02:34:59,768][    INFO] Iters: 0, Total loss: 0.019, Loss x: 0.026, Loss s: 0.021, Loss w_fp: 0.004, Mask ratio: 0.985
[2024-05-10 02:35:17,167][    INFO] ***** Evaluation ***** >>>> Class [0 Right Ventricle] Dice: 86.93
[2024-05-10 02:35:17,167][    INFO] ***** Evaluation ***** >>>> Class [1 Myocardium] Dice: 87.41
[2024-05-10 02:35:17,167][    INFO] ***** Evaluation ***** >>>> Class [2 Left Ventricle] Dice: 93.99
[2024-05-10 02:35:17,167][    INFO] ***** Evaluation ***** >>>> MeanDice: 89.44

[2024-05-10 02:35:17,239][    INFO] ===========> Epoch: 77, LR: 0.00276, Previous best: 90.11
[2024-05-10 02:35:18,166][    INFO] Iters: 0, Total loss: 0.039, Loss x: 0.043, Loss s: 0.049, Loss w_fp: 0.023, Mask ratio: 0.993
[2024-05-10 02:35:37,060][    INFO] ***** Evaluation ***** >>>> Class [0 Right Ventricle] Dice: 85.53
[2024-05-10 02:35:37,060][    INFO] ***** Evaluation ***** >>>> Class [1 Myocardium] Dice: 86.71
[2024-05-10 02:35:37,060][    INFO] ***** Evaluation ***** >>>> Class [2 Left Ventricle] Dice: 94.46
[2024-05-10 02:35:37,060][    INFO] ***** Evaluation ***** >>>> MeanDice: 88.90

[2024-05-10 02:35:37,128][    INFO] ===========> Epoch: 78, LR: 0.00265, Previous best: 90.11
[2024-05-10 02:35:37,968][    INFO] Iters: 0, Total loss: 0.028, Loss x: 0.041, Loss s: 0.027, Loss w_fp: 0.003, Mask ratio: 0.991
[2024-05-10 02:35:53,616][    INFO] ***** Evaluation ***** >>>> Class [0 Right Ventricle] Dice: 87.60
[2024-05-10 02:35:53,617][    INFO] ***** Evaluation ***** >>>> Class [1 Myocardium] Dice: 87.41
[2024-05-10 02:35:53,617][    INFO] ***** Evaluation ***** >>>> Class [2 Left Ventricle] Dice: 94.48
[2024-05-10 02:35:53,617][    INFO] ***** Evaluation ***** >>>> MeanDice: 89.83

[2024-05-10 02:35:53,689][    INFO] ===========> Epoch: 79, LR: 0.00255, Previous best: 90.11
[2024-05-10 02:35:54,559][    INFO] Iters: 0, Total loss: 0.033, Loss x: 0.036, Loss s: 0.052, Loss w_fp: 0.008, Mask ratio: 0.988
[2024-05-10 02:36:11,562][    INFO] ***** Evaluation ***** >>>> Class [0 Right Ventricle] Dice: 87.61
[2024-05-10 02:36:11,563][    INFO] ***** Evaluation ***** >>>> Class [1 Myocardium] Dice: 87.64
[2024-05-10 02:36:11,563][    INFO] ***** Evaluation ***** >>>> Class [2 Left Ventricle] Dice: 94.12
[2024-05-10 02:36:11,563][    INFO] ***** Evaluation ***** >>>> MeanDice: 89.79

[2024-05-10 02:36:11,636][    INFO] ===========> Epoch: 80, LR: 0.00244, Previous best: 90.11
[2024-05-10 02:36:12,494][    INFO] Iters: 0, Total loss: 0.034, Loss x: 0.035, Loss s: 0.061, Loss w_fp: 0.006, Mask ratio: 0.989
[2024-05-10 02:36:29,637][    INFO] ***** Evaluation ***** >>>> Class [0 Right Ventricle] Dice: 88.00
[2024-05-10 02:36:29,637][    INFO] ***** Evaluation ***** >>>> Class [1 Myocardium] Dice: 88.13
[2024-05-10 02:36:29,637][    INFO] ***** Evaluation ***** >>>> Class [2 Left Ventricle] Dice: 94.51
[2024-05-10 02:36:29,637][    INFO] ***** Evaluation ***** >>>> MeanDice: 90.21

[2024-05-10 02:36:29,752][    INFO] ===========> Epoch: 81, LR: 0.00234, Previous best: 90.21
[2024-05-10 02:36:30,580][    INFO] Iters: 0, Total loss: 0.026, Loss x: 0.032, Loss s: 0.038, Loss w_fp: 0.005, Mask ratio: 0.990
[2024-05-10 02:36:46,656][    INFO] ***** Evaluation ***** >>>> Class [0 Right Ventricle] Dice: 87.63
[2024-05-10 02:36:46,656][    INFO] ***** Evaluation ***** >>>> Class [1 Myocardium] Dice: 87.58
[2024-05-10 02:36:46,656][    INFO] ***** Evaluation ***** >>>> Class [2 Left Ventricle] Dice: 93.79
[2024-05-10 02:36:46,656][    INFO] ***** Evaluation ***** >>>> MeanDice: 89.67

[2024-05-10 02:36:46,705][    INFO] ===========> Epoch: 82, LR: 0.00223, Previous best: 90.21
[2024-05-10 02:36:47,519][    INFO] Iters: 0, Total loss: 0.046, Loss x: 0.070, Loss s: 0.037, Loss w_fp: 0.006, Mask ratio: 0.990
[2024-05-10 02:37:03,959][    INFO] ***** Evaluation ***** >>>> Class [0 Right Ventricle] Dice: 87.19
[2024-05-10 02:37:03,959][    INFO] ***** Evaluation ***** >>>> Class [1 Myocardium] Dice: 87.76
[2024-05-10 02:37:03,959][    INFO] ***** Evaluation ***** >>>> Class [2 Left Ventricle] Dice: 94.54
[2024-05-10 02:37:03,959][    INFO] ***** Evaluation ***** >>>> MeanDice: 89.83

[2024-05-10 02:37:04,005][    INFO] ===========> Epoch: 83, LR: 0.00213, Previous best: 90.21
[2024-05-10 02:37:04,842][    INFO] Iters: 0, Total loss: 0.049, Loss x: 0.045, Loss s: 0.093, Loss w_fp: 0.014, Mask ratio: 0.990
[2024-05-10 02:37:21,153][    INFO] ***** Evaluation ***** >>>> Class [0 Right Ventricle] Dice: 87.65
[2024-05-10 02:37:21,153][    INFO] ***** Evaluation ***** >>>> Class [1 Myocardium] Dice: 88.04
[2024-05-10 02:37:21,153][    INFO] ***** Evaluation ***** >>>> Class [2 Left Ventricle] Dice: 94.62
[2024-05-10 02:37:21,153][    INFO] ***** Evaluation ***** >>>> MeanDice: 90.10

[2024-05-10 02:37:21,201][    INFO] ===========> Epoch: 84, LR: 0.00202, Previous best: 90.21
[2024-05-10 02:37:22,015][    INFO] Iters: 0, Total loss: 0.021, Loss x: 0.033, Loss s: 0.013, Loss w_fp: 0.003, Mask ratio: 0.990
[2024-05-10 02:37:37,178][    INFO] ***** Evaluation ***** >>>> Class [0 Right Ventricle] Dice: 87.73
[2024-05-10 02:37:37,178][    INFO] ***** Evaluation ***** >>>> Class [1 Myocardium] Dice: 88.12
[2024-05-10 02:37:37,178][    INFO] ***** Evaluation ***** >>>> Class [2 Left Ventricle] Dice: 94.62
[2024-05-10 02:37:37,178][    INFO] ***** Evaluation ***** >>>> MeanDice: 90.16

[2024-05-10 02:37:37,250][    INFO] ===========> Epoch: 85, LR: 0.00191, Previous best: 90.21
[2024-05-10 02:37:38,079][    INFO] Iters: 0, Total loss: 0.025, Loss x: 0.027, Loss s: 0.035, Loss w_fp: 0.010, Mask ratio: 0.987
[2024-05-10 02:37:53,784][    INFO] ***** Evaluation ***** >>>> Class [0 Right Ventricle] Dice: 87.48
[2024-05-10 02:37:53,785][    INFO] ***** Evaluation ***** >>>> Class [1 Myocardium] Dice: 87.78
[2024-05-10 02:37:53,785][    INFO] ***** Evaluation ***** >>>> Class [2 Left Ventricle] Dice: 94.64
[2024-05-10 02:37:53,785][    INFO] ***** Evaluation ***** >>>> MeanDice: 89.97

[2024-05-10 02:37:53,858][    INFO] ===========> Epoch: 86, LR: 0.00180, Previous best: 90.21
[2024-05-10 02:37:54,732][    INFO] Iters: 0, Total loss: 0.026, Loss x: 0.028, Loss s: 0.040, Loss w_fp: 0.006, Mask ratio: 0.991
[2024-05-10 02:38:11,319][    INFO] ***** Evaluation ***** >>>> Class [0 Right Ventricle] Dice: 87.41
[2024-05-10 02:38:11,319][    INFO] ***** Evaluation ***** >>>> Class [1 Myocardium] Dice: 87.79
[2024-05-10 02:38:11,320][    INFO] ***** Evaluation ***** >>>> Class [2 Left Ventricle] Dice: 94.71
[2024-05-10 02:38:11,320][    INFO] ***** Evaluation ***** >>>> MeanDice: 89.97

[2024-05-10 02:38:11,393][    INFO] ===========> Epoch: 87, LR: 0.00169, Previous best: 90.21
[2024-05-10 02:38:12,228][    INFO] Iters: 0, Total loss: 0.027, Loss x: 0.034, Loss s: 0.035, Loss w_fp: 0.003, Mask ratio: 0.988
[2024-05-10 02:38:28,497][    INFO] ***** Evaluation ***** >>>> Class [0 Right Ventricle] Dice: 87.53
[2024-05-10 02:38:28,497][    INFO] ***** Evaluation ***** >>>> Class [1 Myocardium] Dice: 87.62
[2024-05-10 02:38:28,498][    INFO] ***** Evaluation ***** >>>> Class [2 Left Ventricle] Dice: 94.65
[2024-05-10 02:38:28,498][    INFO] ***** Evaluation ***** >>>> MeanDice: 89.94

[2024-05-10 02:38:28,569][    INFO] ===========> Epoch: 88, LR: 0.00158, Previous best: 90.21
[2024-05-10 02:38:29,379][    INFO] Iters: 0, Total loss: 0.033, Loss x: 0.029, Loss s: 0.065, Loss w_fp: 0.009, Mask ratio: 0.989
[2024-05-10 02:38:45,643][    INFO] ***** Evaluation ***** >>>> Class [0 Right Ventricle] Dice: 87.72
[2024-05-10 02:38:45,643][    INFO] ***** Evaluation ***** >>>> Class [1 Myocardium] Dice: 88.25
[2024-05-10 02:38:45,643][    INFO] ***** Evaluation ***** >>>> Class [2 Left Ventricle] Dice: 94.85
[2024-05-10 02:38:45,644][    INFO] ***** Evaluation ***** >>>> MeanDice: 90.27

[2024-05-10 02:38:45,755][    INFO] ===========> Epoch: 89, LR: 0.00147, Previous best: 90.27
[2024-05-10 02:38:46,573][    INFO] Iters: 0, Total loss: 0.029, Loss x: 0.025, Loss s: 0.059, Loss w_fp: 0.008, Mask ratio: 0.989
[2024-05-10 02:39:04,326][    INFO] ***** Evaluation ***** >>>> Class [0 Right Ventricle] Dice: 87.54
[2024-05-10 02:39:04,326][    INFO] ***** Evaluation ***** >>>> Class [1 Myocardium] Dice: 88.19
[2024-05-10 02:39:04,326][    INFO] ***** Evaluation ***** >>>> Class [2 Left Ventricle] Dice: 94.76
[2024-05-10 02:39:04,326][    INFO] ***** Evaluation ***** >>>> MeanDice: 90.16

[2024-05-10 02:39:04,398][    INFO] ===========> Epoch: 90, LR: 0.00136, Previous best: 90.27
[2024-05-10 02:39:05,317][    INFO] Iters: 0, Total loss: 0.022, Loss x: 0.026, Loss s: 0.033, Loss w_fp: 0.005, Mask ratio: 0.992
[2024-05-10 02:39:20,819][    INFO] ***** Evaluation ***** >>>> Class [0 Right Ventricle] Dice: 87.45
[2024-05-10 02:39:20,819][    INFO] ***** Evaluation ***** >>>> Class [1 Myocardium] Dice: 87.91
[2024-05-10 02:39:20,819][    INFO] ***** Evaluation ***** >>>> Class [2 Left Ventricle] Dice: 93.89
[2024-05-10 02:39:20,819][    INFO] ***** Evaluation ***** >>>> MeanDice: 89.75

[2024-05-10 02:39:20,892][    INFO] ===========> Epoch: 91, LR: 0.00125, Previous best: 90.27
[2024-05-10 02:39:21,819][    INFO] Iters: 0, Total loss: 0.039, Loss x: 0.050, Loss s: 0.050, Loss w_fp: 0.006, Mask ratio: 0.991
[2024-05-10 02:39:37,881][    INFO] ***** Evaluation ***** >>>> Class [0 Right Ventricle] Dice: 87.60
[2024-05-10 02:39:37,881][    INFO] ***** Evaluation ***** >>>> Class [1 Myocardium] Dice: 87.84
[2024-05-10 02:39:37,881][    INFO] ***** Evaluation ***** >>>> Class [2 Left Ventricle] Dice: 94.46
[2024-05-10 02:39:37,881][    INFO] ***** Evaluation ***** >>>> MeanDice: 89.97

[2024-05-10 02:39:37,954][    INFO] ===========> Epoch: 92, LR: 0.00113, Previous best: 90.27
[2024-05-10 02:39:38,804][    INFO] Iters: 0, Total loss: 0.035, Loss x: 0.033, Loss s: 0.071, Loss w_fp: 0.005, Mask ratio: 0.991
[2024-05-10 02:39:54,562][    INFO] ***** Evaluation ***** >>>> Class [0 Right Ventricle] Dice: 87.50
[2024-05-10 02:39:54,563][    INFO] ***** Evaluation ***** >>>> Class [1 Myocardium] Dice: 87.92
[2024-05-10 02:39:54,563][    INFO] ***** Evaluation ***** >>>> Class [2 Left Ventricle] Dice: 94.38
[2024-05-10 02:39:54,563][    INFO] ***** Evaluation ***** >>>> MeanDice: 89.93

[2024-05-10 02:39:54,637][    INFO] ===========> Epoch: 93, LR: 0.00102, Previous best: 90.27
[2024-05-10 02:39:55,479][    INFO] Iters: 0, Total loss: 0.034, Loss x: 0.037, Loss s: 0.058, Loss w_fp: 0.003, Mask ratio: 0.989
[2024-05-10 02:40:11,651][    INFO] ***** Evaluation ***** >>>> Class [0 Right Ventricle] Dice: 87.75
[2024-05-10 02:40:11,652][    INFO] ***** Evaluation ***** >>>> Class [1 Myocardium] Dice: 88.39
[2024-05-10 02:40:11,652][    INFO] ***** Evaluation ***** >>>> Class [2 Left Ventricle] Dice: 94.84
[2024-05-10 02:40:11,652][    INFO] ***** Evaluation ***** >>>> MeanDice: 90.33

[2024-05-10 02:40:11,742][    INFO] ===========> Epoch: 94, LR: 0.00090, Previous best: 90.33
[2024-05-10 02:40:12,583][    INFO] Iters: 0, Total loss: 0.018, Loss x: 0.023, Loss s: 0.021, Loss w_fp: 0.003, Mask ratio: 0.988
[2024-05-10 02:40:28,274][    INFO] ***** Evaluation ***** >>>> Class [0 Right Ventricle] Dice: 87.72
[2024-05-10 02:40:28,274][    INFO] ***** Evaluation ***** >>>> Class [1 Myocardium] Dice: 88.22
[2024-05-10 02:40:28,274][    INFO] ***** Evaluation ***** >>>> Class [2 Left Ventricle] Dice: 94.66
[2024-05-10 02:40:28,274][    INFO] ***** Evaluation ***** >>>> MeanDice: 90.20

[2024-05-10 02:40:28,320][    INFO] ===========> Epoch: 95, LR: 0.00078, Previous best: 90.33
[2024-05-10 02:40:29,149][    INFO] Iters: 0, Total loss: 0.024, Loss x: 0.036, Loss s: 0.023, Loss w_fp: 0.003, Mask ratio: 0.993
[2024-05-10 02:40:44,882][    INFO] ***** Evaluation ***** >>>> Class [0 Right Ventricle] Dice: 87.67
[2024-05-10 02:40:44,882][    INFO] ***** Evaluation ***** >>>> Class [1 Myocardium] Dice: 88.43
[2024-05-10 02:40:44,882][    INFO] ***** Evaluation ***** >>>> Class [2 Left Ventricle] Dice: 94.68
[2024-05-10 02:40:44,882][    INFO] ***** Evaluation ***** >>>> MeanDice: 90.26

[2024-05-10 02:40:44,929][    INFO] ===========> Epoch: 96, LR: 0.00066, Previous best: 90.33
[2024-05-10 02:40:45,785][    INFO] Iters: 0, Total loss: 0.029, Loss x: 0.040, Loss s: 0.029, Loss w_fp: 0.006, Mask ratio: 0.990
[2024-05-10 02:41:01,641][    INFO] ***** Evaluation ***** >>>> Class [0 Right Ventricle] Dice: 87.72
[2024-05-10 02:41:01,641][    INFO] ***** Evaluation ***** >>>> Class [1 Myocardium] Dice: 88.28
[2024-05-10 02:41:01,641][    INFO] ***** Evaluation ***** >>>> Class [2 Left Ventricle] Dice: 94.69
[2024-05-10 02:41:01,641][    INFO] ***** Evaluation ***** >>>> MeanDice: 90.23

[2024-05-10 02:41:01,713][    INFO] ===========> Epoch: 97, LR: 0.00054, Previous best: 90.33
[2024-05-10 02:41:02,543][    INFO] Iters: 0, Total loss: 0.029, Loss x: 0.030, Loss s: 0.048, Loss w_fp: 0.009, Mask ratio: 0.987
[2024-05-10 02:41:18,954][    INFO] ***** Evaluation ***** >>>> Class [0 Right Ventricle] Dice: 87.70
[2024-05-10 02:41:18,954][    INFO] ***** Evaluation ***** >>>> Class [1 Myocardium] Dice: 88.07
[2024-05-10 02:41:18,955][    INFO] ***** Evaluation ***** >>>> Class [2 Left Ventricle] Dice: 94.57
[2024-05-10 02:41:18,955][    INFO] ***** Evaluation ***** >>>> MeanDice: 90.11

[2024-05-10 02:41:19,027][    INFO] ===========> Epoch: 98, LR: 0.00041, Previous best: 90.33
[2024-05-10 02:41:19,854][    INFO] Iters: 0, Total loss: 0.039, Loss x: 0.063, Loss s: 0.019, Loss w_fp: 0.009, Mask ratio: 0.993
[2024-05-10 02:41:36,027][    INFO] ***** Evaluation ***** >>>> Class [0 Right Ventricle] Dice: 87.75
[2024-05-10 02:41:36,028][    INFO] ***** Evaluation ***** >>>> Class [1 Myocardium] Dice: 88.10
[2024-05-10 02:41:36,028][    INFO] ***** Evaluation ***** >>>> Class [2 Left Ventricle] Dice: 94.80
[2024-05-10 02:41:36,028][    INFO] ***** Evaluation ***** >>>> MeanDice: 90.22

[2024-05-10 02:41:36,101][    INFO] ===========> Epoch: 99, LR: 0.00028, Previous best: 90.33
[2024-05-10 02:41:36,933][    INFO] Iters: 0, Total loss: 0.023, Loss x: 0.021, Loss s: 0.041, Loss w_fp: 0.009, Mask ratio: 0.990
[2024-05-10 02:41:53,842][    INFO] ***** Evaluation ***** >>>> Class [0 Right Ventricle] Dice: 87.55
[2024-05-10 02:41:53,843][    INFO] ***** Evaluation ***** >>>> Class [1 Myocardium] Dice: 87.89
[2024-05-10 02:41:53,843][    INFO] ***** Evaluation ***** >>>> Class [2 Left Ventricle] Dice: 94.86
[2024-05-10 02:41:53,843][    INFO] ***** Evaluation ***** >>>> MeanDice: 90.10

