/var/lib/slurm/slurmd/job04880/slurm_script: line 15: module: command not found
[2024-05-09 18:46:19,645][    INFO] {'batch_size': 12,
 'conf_thresh': 0.95,
 'config': 'configs/ukbb/train/exp3/seed43/config.yaml',
 'crop_size': 256,
 'ctrl': 'age ethnicity',
 'data_desc': 'UKBB Train Data - 264 Patients, 26 Labeled, Rest Unlabeled '
              'Patients',
 'data_root': '/vol/aimspace/projects/ukbb/data/cardiac/cardiac_segmentations/subjects',
 'dataset': 'ukbb',
 'epochs': 100,
 'local_rank': 0,
 'lr': 0.01,
 'mode': 'train',
 'model_desc': 'Unimatch Unet 26 Training on UKBB',
 'nclass': 4,
 'ngpus': 1,
 'num_workers': 1,
 'seed': 43,
 'split': 26,
 'visualize': False}

[2024-05-09 18:46:19,725][    INFO] Total params: 1.8M

[2024-05-09 18:46:22,056][    INFO] ===========> Epoch: 0, LR: 0.01000, Previous best: 0.00
[2024-05-09 18:46:26,975][    INFO] Iters: 0, Total loss: 0.512, Loss x: 1.024, Loss s: 0.000, Loss w_fp: 0.000, Mask ratio: 0.000
[2024-05-09 18:46:44,265][    INFO] ***** Evaluation ***** >>>> Class [0 Right Ventricle] Dice: 0.00
[2024-05-09 18:46:44,265][    INFO] ***** Evaluation ***** >>>> Class [1 Myocardium] Dice: 0.00
[2024-05-09 18:46:44,265][    INFO] ***** Evaluation ***** >>>> Class [2 Left Ventricle] Dice: 1.28
[2024-05-09 18:46:44,265][    INFO] ***** Evaluation ***** >>>> MeanDice: 0.43

[2024-05-09 18:46:44,379][    INFO] ===========> Epoch: 1, LR: 0.00999, Previous best: 0.43
[2024-05-09 18:46:45,245][    INFO] Iters: 0, Total loss: 0.568, Loss x: 0.385, Loss s: 0.750, Loss w_fp: 0.750, Mask ratio: 0.610
[2024-05-09 18:47:01,398][    INFO] ***** Evaluation ***** >>>> Class [0 Right Ventricle] Dice: 0.00
[2024-05-09 18:47:01,398][    INFO] ***** Evaluation ***** >>>> Class [1 Myocardium] Dice: 0.00
[2024-05-09 18:47:01,398][    INFO] ***** Evaluation ***** >>>> Class [2 Left Ventricle] Dice: 1.28
[2024-05-09 18:47:01,398][    INFO] ***** Evaluation ***** >>>> MeanDice: 0.43

[2024-05-09 18:47:01,470][    INFO] ===========> Epoch: 2, LR: 0.00990, Previous best: 0.43
[2024-05-09 18:47:02,361][    INFO] Iters: 0, Total loss: 0.546, Loss x: 0.341, Loss s: 0.752, Loss w_fp: 0.751, Mask ratio: 0.800
[2024-05-09 18:47:17,978][    INFO] ***** Evaluation ***** >>>> Class [0 Right Ventricle] Dice: 1.09
[2024-05-09 18:47:17,978][    INFO] ***** Evaluation ***** >>>> Class [1 Myocardium] Dice: 28.05
[2024-05-09 18:47:17,978][    INFO] ***** Evaluation ***** >>>> Class [2 Left Ventricle] Dice: 31.27
[2024-05-09 18:47:17,978][    INFO] ***** Evaluation ***** >>>> MeanDice: 20.13

[2024-05-09 18:47:18,116][    INFO] ===========> Epoch: 3, LR: 0.00981, Previous best: 20.13
[2024-05-09 18:47:18,983][    INFO] Iters: 0, Total loss: 0.519, Loss x: 0.286, Loss s: 0.752, Loss w_fp: 0.752, Mask ratio: 0.875
[2024-05-09 18:47:35,704][    INFO] ***** Evaluation ***** >>>> Class [0 Right Ventricle] Dice: 24.28
[2024-05-09 18:47:35,704][    INFO] ***** Evaluation ***** >>>> Class [1 Myocardium] Dice: 31.75
[2024-05-09 18:47:35,704][    INFO] ***** Evaluation ***** >>>> Class [2 Left Ventricle] Dice: 38.28
[2024-05-09 18:47:35,704][    INFO] ***** Evaluation ***** >>>> MeanDice: 31.43

[2024-05-09 18:47:35,845][    INFO] ===========> Epoch: 4, LR: 0.00972, Previous best: 31.43
[2024-05-09 18:47:36,708][    INFO] Iters: 0, Total loss: 0.459, Loss x: 0.169, Loss s: 0.750, Loss w_fp: 0.750, Mask ratio: 0.907
[2024-05-09 18:47:51,877][    INFO] ***** Evaluation ***** >>>> Class [0 Right Ventricle] Dice: 47.72
[2024-05-09 18:47:51,877][    INFO] ***** Evaluation ***** >>>> Class [1 Myocardium] Dice: 7.29
[2024-05-09 18:47:51,877][    INFO] ***** Evaluation ***** >>>> Class [2 Left Ventricle] Dice: 59.65
[2024-05-09 18:47:51,877][    INFO] ***** Evaluation ***** >>>> MeanDice: 38.22

[2024-05-09 18:47:51,994][    INFO] ===========> Epoch: 5, LR: 0.00963, Previous best: 38.22
[2024-05-09 18:47:52,844][    INFO] Iters: 0, Total loss: 0.387, Loss x: 0.224, Loss s: 0.589, Loss w_fp: 0.511, Mask ratio: 0.958
[2024-05-09 18:48:10,940][    INFO] ***** Evaluation ***** >>>> Class [0 Right Ventricle] Dice: 56.17
[2024-05-09 18:48:10,940][    INFO] ***** Evaluation ***** >>>> Class [1 Myocardium] Dice: 63.30
[2024-05-09 18:48:10,940][    INFO] ***** Evaluation ***** >>>> Class [2 Left Ventricle] Dice: 77.89
[2024-05-09 18:48:10,940][    INFO] ***** Evaluation ***** >>>> MeanDice: 65.79

[2024-05-09 18:48:11,031][    INFO] ===========> Epoch: 6, LR: 0.00954, Previous best: 65.79
[2024-05-09 18:48:12,350][    INFO] Iters: 0, Total loss: 0.108, Loss x: 0.090, Loss s: 0.220, Loss w_fp: 0.030, Mask ratio: 0.983
[2024-05-09 18:48:30,362][    INFO] ***** Evaluation ***** >>>> Class [0 Right Ventricle] Dice: 68.17
[2024-05-09 18:48:30,362][    INFO] ***** Evaluation ***** >>>> Class [1 Myocardium] Dice: 69.32
[2024-05-09 18:48:30,362][    INFO] ***** Evaluation ***** >>>> Class [2 Left Ventricle] Dice: 78.44
[2024-05-09 18:48:30,362][    INFO] ***** Evaluation ***** >>>> MeanDice: 71.98

[2024-05-09 18:48:30,495][    INFO] ===========> Epoch: 7, LR: 0.00945, Previous best: 71.98
[2024-05-09 18:48:31,432][    INFO] Iters: 0, Total loss: 0.067, Loss x: 0.105, Loss s: 0.052, Loss w_fp: 0.005, Mask ratio: 0.987
[2024-05-09 18:48:50,724][    INFO] ***** Evaluation ***** >>>> Class [0 Right Ventricle] Dice: 67.50
[2024-05-09 18:48:50,724][    INFO] ***** Evaluation ***** >>>> Class [1 Myocardium] Dice: 72.50
[2024-05-09 18:48:50,725][    INFO] ***** Evaluation ***** >>>> Class [2 Left Ventricle] Dice: 83.39
[2024-05-09 18:48:50,725][    INFO] ***** Evaluation ***** >>>> MeanDice: 74.46

[2024-05-09 18:48:50,839][    INFO] ===========> Epoch: 8, LR: 0.00936, Previous best: 74.46
[2024-05-09 18:48:51,740][    INFO] Iters: 0, Total loss: 0.062, Loss x: 0.084, Loss s: 0.072, Loss w_fp: 0.010, Mask ratio: 0.984
[2024-05-09 18:49:11,072][    INFO] ***** Evaluation ***** >>>> Class [0 Right Ventricle] Dice: 69.20
[2024-05-09 18:49:11,072][    INFO] ***** Evaluation ***** >>>> Class [1 Myocardium] Dice: 73.10
[2024-05-09 18:49:11,072][    INFO] ***** Evaluation ***** >>>> Class [2 Left Ventricle] Dice: 86.20
[2024-05-09 18:49:11,072][    INFO] ***** Evaluation ***** >>>> MeanDice: 76.17

[2024-05-09 18:49:11,187][    INFO] ===========> Epoch: 9, LR: 0.00927, Previous best: 76.17
[2024-05-09 18:49:12,218][    INFO] Iters: 0, Total loss: 0.076, Loss x: 0.119, Loss s: 0.044, Loss w_fp: 0.022, Mask ratio: 0.984
[2024-05-09 18:49:31,892][    INFO] ***** Evaluation ***** >>>> Class [0 Right Ventricle] Dice: 74.59
[2024-05-09 18:49:31,893][    INFO] ***** Evaluation ***** >>>> Class [1 Myocardium] Dice: 76.59
[2024-05-09 18:49:31,893][    INFO] ***** Evaluation ***** >>>> Class [2 Left Ventricle] Dice: 87.90
[2024-05-09 18:49:31,893][    INFO] ***** Evaluation ***** >>>> MeanDice: 79.69

[2024-05-09 18:49:32,009][    INFO] ===========> Epoch: 10, LR: 0.00918, Previous best: 79.69
[2024-05-09 18:49:32,890][    INFO] Iters: 0, Total loss: 0.077, Loss x: 0.110, Loss s: 0.070, Loss w_fp: 0.015, Mask ratio: 0.981
[2024-05-09 18:49:53,703][    INFO] ***** Evaluation ***** >>>> Class [0 Right Ventricle] Dice: 78.84
[2024-05-09 18:49:53,704][    INFO] ***** Evaluation ***** >>>> Class [1 Myocardium] Dice: 75.26
[2024-05-09 18:49:53,704][    INFO] ***** Evaluation ***** >>>> Class [2 Left Ventricle] Dice: 83.55
[2024-05-09 18:49:53,704][    INFO] ***** Evaluation ***** >>>> MeanDice: 79.22

[2024-05-09 18:49:54,005][    INFO] ===========> Epoch: 11, LR: 0.00909, Previous best: 79.69
[2024-05-09 18:49:55,070][    INFO] Iters: 0, Total loss: 0.049, Loss x: 0.072, Loss s: 0.045, Loss w_fp: 0.006, Mask ratio: 0.984
[2024-05-09 18:50:13,498][    INFO] ***** Evaluation ***** >>>> Class [0 Right Ventricle] Dice: 76.51
[2024-05-09 18:50:13,498][    INFO] ***** Evaluation ***** >>>> Class [1 Myocardium] Dice: 76.91
[2024-05-09 18:50:13,498][    INFO] ***** Evaluation ***** >>>> Class [2 Left Ventricle] Dice: 89.00
[2024-05-09 18:50:13,498][    INFO] ***** Evaluation ***** >>>> MeanDice: 80.81

[2024-05-09 18:50:13,587][    INFO] ===========> Epoch: 12, LR: 0.00899, Previous best: 80.81
[2024-05-09 18:50:14,448][    INFO] Iters: 0, Total loss: 0.056, Loss x: 0.082, Loss s: 0.051, Loss w_fp: 0.011, Mask ratio: 0.986
[2024-05-09 18:50:33,573][    INFO] ***** Evaluation ***** >>>> Class [0 Right Ventricle] Dice: 77.33
[2024-05-09 18:50:33,573][    INFO] ***** Evaluation ***** >>>> Class [1 Myocardium] Dice: 76.70
[2024-05-09 18:50:33,573][    INFO] ***** Evaluation ***** >>>> Class [2 Left Ventricle] Dice: 87.95
[2024-05-09 18:50:33,573][    INFO] ***** Evaluation ***** >>>> MeanDice: 80.66

[2024-05-09 18:50:33,620][    INFO] ===========> Epoch: 13, LR: 0.00890, Previous best: 80.81
[2024-05-09 18:50:34,610][    INFO] Iters: 0, Total loss: 0.050, Loss x: 0.062, Loss s: 0.071, Loss w_fp: 0.006, Mask ratio: 0.990
[2024-05-09 18:50:54,692][    INFO] ***** Evaluation ***** >>>> Class [0 Right Ventricle] Dice: 80.11
[2024-05-09 18:50:54,692][    INFO] ***** Evaluation ***** >>>> Class [1 Myocardium] Dice: 79.53
[2024-05-09 18:50:54,692][    INFO] ***** Evaluation ***** >>>> Class [2 Left Ventricle] Dice: 89.91
[2024-05-09 18:50:54,692][    INFO] ***** Evaluation ***** >>>> MeanDice: 83.18

[2024-05-09 18:50:54,829][    INFO] ===========> Epoch: 14, LR: 0.00881, Previous best: 83.18
[2024-05-09 18:50:55,733][    INFO] Iters: 0, Total loss: 0.047, Loss x: 0.057, Loss s: 0.061, Loss w_fp: 0.014, Mask ratio: 0.991
[2024-05-09 18:51:13,581][    INFO] ***** Evaluation ***** >>>> Class [0 Right Ventricle] Dice: 78.93
[2024-05-09 18:51:13,582][    INFO] ***** Evaluation ***** >>>> Class [1 Myocardium] Dice: 76.85
[2024-05-09 18:51:13,582][    INFO] ***** Evaluation ***** >>>> Class [2 Left Ventricle] Dice: 88.14
[2024-05-09 18:51:13,582][    INFO] ***** Evaluation ***** >>>> MeanDice: 81.30

[2024-05-09 18:51:13,656][    INFO] ===========> Epoch: 15, LR: 0.00872, Previous best: 83.18
[2024-05-09 18:51:15,676][    INFO] Iters: 0, Total loss: 0.074, Loss x: 0.083, Loss s: 0.113, Loss w_fp: 0.019, Mask ratio: 0.983
[2024-05-09 18:51:36,766][    INFO] ***** Evaluation ***** >>>> Class [0 Right Ventricle] Dice: 79.04
[2024-05-09 18:51:36,766][    INFO] ***** Evaluation ***** >>>> Class [1 Myocardium] Dice: 80.23
[2024-05-09 18:51:36,766][    INFO] ***** Evaluation ***** >>>> Class [2 Left Ventricle] Dice: 90.25
[2024-05-09 18:51:36,766][    INFO] ***** Evaluation ***** >>>> MeanDice: 83.18

[2024-05-09 18:51:36,814][    INFO] ===========> Epoch: 16, LR: 0.00863, Previous best: 83.18
[2024-05-09 18:51:37,748][    INFO] Iters: 0, Total loss: 0.058, Loss x: 0.063, Loss s: 0.076, Loss w_fp: 0.031, Mask ratio: 0.980
[2024-05-09 18:51:57,266][    INFO] ***** Evaluation ***** >>>> Class [0 Right Ventricle] Dice: 81.27
[2024-05-09 18:51:57,266][    INFO] ***** Evaluation ***** >>>> Class [1 Myocardium] Dice: 79.31
[2024-05-09 18:51:57,266][    INFO] ***** Evaluation ***** >>>> Class [2 Left Ventricle] Dice: 89.39
[2024-05-09 18:51:57,266][    INFO] ***** Evaluation ***** >>>> MeanDice: 83.32

[2024-05-09 18:51:57,385][    INFO] ===========> Epoch: 17, LR: 0.00854, Previous best: 83.32
[2024-05-09 18:51:58,385][    INFO] Iters: 0, Total loss: 0.040, Loss x: 0.060, Loss s: 0.028, Loss w_fp: 0.013, Mask ratio: 0.990
[2024-05-09 18:52:16,861][    INFO] ***** Evaluation ***** >>>> Class [0 Right Ventricle] Dice: 77.27
[2024-05-09 18:52:16,862][    INFO] ***** Evaluation ***** >>>> Class [1 Myocardium] Dice: 77.38
[2024-05-09 18:52:16,862][    INFO] ***** Evaluation ***** >>>> Class [2 Left Ventricle] Dice: 84.14
[2024-05-09 18:52:16,862][    INFO] ***** Evaluation ***** >>>> MeanDice: 79.59

[2024-05-09 18:52:16,935][    INFO] ===========> Epoch: 18, LR: 0.00845, Previous best: 83.32
[2024-05-09 18:52:17,881][    INFO] Iters: 0, Total loss: 0.069, Loss x: 0.054, Loss s: 0.156, Loss w_fp: 0.013, Mask ratio: 0.984
[2024-05-09 18:52:36,316][    INFO] ***** Evaluation ***** >>>> Class [0 Right Ventricle] Dice: 81.24
[2024-05-09 18:52:36,317][    INFO] ***** Evaluation ***** >>>> Class [1 Myocardium] Dice: 79.83
[2024-05-09 18:52:36,317][    INFO] ***** Evaluation ***** >>>> Class [2 Left Ventricle] Dice: 90.74
[2024-05-09 18:52:36,317][    INFO] ***** Evaluation ***** >>>> MeanDice: 83.94

[2024-05-09 18:52:36,406][    INFO] ===========> Epoch: 19, LR: 0.00835, Previous best: 83.94
[2024-05-09 18:52:37,282][    INFO] Iters: 0, Total loss: 0.042, Loss x: 0.047, Loss s: 0.067, Loss w_fp: 0.006, Mask ratio: 0.982
[2024-05-09 18:52:53,884][    INFO] ***** Evaluation ***** >>>> Class [0 Right Ventricle] Dice: 82.00
[2024-05-09 18:52:53,884][    INFO] ***** Evaluation ***** >>>> Class [1 Myocardium] Dice: 80.43
[2024-05-09 18:52:53,884][    INFO] ***** Evaluation ***** >>>> Class [2 Left Ventricle] Dice: 87.63
[2024-05-09 18:52:53,884][    INFO] ***** Evaluation ***** >>>> MeanDice: 83.35

[2024-05-09 18:52:53,958][    INFO] ===========> Epoch: 20, LR: 0.00826, Previous best: 83.94
[2024-05-09 18:52:54,836][    INFO] Iters: 0, Total loss: 0.045, Loss x: 0.058, Loss s: 0.055, Loss w_fp: 0.010, Mask ratio: 0.985
[2024-05-09 18:53:13,600][    INFO] ***** Evaluation ***** >>>> Class [0 Right Ventricle] Dice: 79.08
[2024-05-09 18:53:13,600][    INFO] ***** Evaluation ***** >>>> Class [1 Myocardium] Dice: 82.17
[2024-05-09 18:53:13,600][    INFO] ***** Evaluation ***** >>>> Class [2 Left Ventricle] Dice: 90.53
[2024-05-09 18:53:13,600][    INFO] ***** Evaluation ***** >>>> MeanDice: 83.93

[2024-05-09 18:53:13,674][    INFO] ===========> Epoch: 21, LR: 0.00817, Previous best: 83.94
[2024-05-09 18:53:14,503][    INFO] Iters: 0, Total loss: 0.038, Loss x: 0.051, Loss s: 0.043, Loss w_fp: 0.006, Mask ratio: 0.981
[2024-05-09 18:53:34,399][    INFO] ***** Evaluation ***** >>>> Class [0 Right Ventricle] Dice: 83.67
[2024-05-09 18:53:34,399][    INFO] ***** Evaluation ***** >>>> Class [1 Myocardium] Dice: 80.25
[2024-05-09 18:53:34,399][    INFO] ***** Evaluation ***** >>>> Class [2 Left Ventricle] Dice: 90.48
[2024-05-09 18:53:34,400][    INFO] ***** Evaluation ***** >>>> MeanDice: 84.80

[2024-05-09 18:53:34,515][    INFO] ===========> Epoch: 22, LR: 0.00808, Previous best: 84.80
[2024-05-09 18:53:35,513][    INFO] Iters: 0, Total loss: 0.052, Loss x: 0.074, Loss s: 0.047, Loss w_fp: 0.015, Mask ratio: 0.989
[2024-05-09 18:53:52,988][    INFO] ***** Evaluation ***** >>>> Class [0 Right Ventricle] Dice: 85.21
[2024-05-09 18:53:52,989][    INFO] ***** Evaluation ***** >>>> Class [1 Myocardium] Dice: 82.63
[2024-05-09 18:53:52,989][    INFO] ***** Evaluation ***** >>>> Class [2 Left Ventricle] Dice: 91.18
[2024-05-09 18:53:52,989][    INFO] ***** Evaluation ***** >>>> MeanDice: 86.34

[2024-05-09 18:53:53,129][    INFO] ===========> Epoch: 23, LR: 0.00799, Previous best: 86.34
[2024-05-09 18:53:54,103][    INFO] Iters: 0, Total loss: 0.057, Loss x: 0.068, Loss s: 0.085, Loss w_fp: 0.006, Mask ratio: 0.986
[2024-05-09 18:54:11,374][    INFO] ***** Evaluation ***** >>>> Class [0 Right Ventricle] Dice: 84.06
[2024-05-09 18:54:11,374][    INFO] ***** Evaluation ***** >>>> Class [1 Myocardium] Dice: 80.87
[2024-05-09 18:54:11,374][    INFO] ***** Evaluation ***** >>>> Class [2 Left Ventricle] Dice: 90.43
[2024-05-09 18:54:11,374][    INFO] ***** Evaluation ***** >>>> MeanDice: 85.12

[2024-05-09 18:54:11,446][    INFO] ===========> Epoch: 24, LR: 0.00789, Previous best: 86.34
[2024-05-09 18:54:12,296][    INFO] Iters: 0, Total loss: 0.038, Loss x: 0.052, Loss s: 0.042, Loss w_fp: 0.003, Mask ratio: 0.991
[2024-05-09 18:54:29,125][    INFO] ***** Evaluation ***** >>>> Class [0 Right Ventricle] Dice: 83.04
[2024-05-09 18:54:29,125][    INFO] ***** Evaluation ***** >>>> Class [1 Myocardium] Dice: 82.34
[2024-05-09 18:54:29,125][    INFO] ***** Evaluation ***** >>>> Class [2 Left Ventricle] Dice: 89.79
[2024-05-09 18:54:29,125][    INFO] ***** Evaluation ***** >>>> MeanDice: 85.06

[2024-05-09 18:54:29,197][    INFO] ===========> Epoch: 25, LR: 0.00780, Previous best: 86.34
[2024-05-09 18:54:30,137][    INFO] Iters: 0, Total loss: 0.036, Loss x: 0.038, Loss s: 0.062, Loss w_fp: 0.007, Mask ratio: 0.988
[2024-05-09 18:54:47,785][    INFO] ***** Evaluation ***** >>>> Class [0 Right Ventricle] Dice: 84.14
[2024-05-09 18:54:47,785][    INFO] ***** Evaluation ***** >>>> Class [1 Myocardium] Dice: 83.72
[2024-05-09 18:54:47,785][    INFO] ***** Evaluation ***** >>>> Class [2 Left Ventricle] Dice: 92.28
[2024-05-09 18:54:47,785][    INFO] ***** Evaluation ***** >>>> MeanDice: 86.71

[2024-05-09 18:54:47,899][    INFO] ===========> Epoch: 26, LR: 0.00771, Previous best: 86.71
[2024-05-09 18:54:48,779][    INFO] Iters: 0, Total loss: 0.054, Loss x: 0.056, Loss s: 0.102, Loss w_fp: 0.003, Mask ratio: 0.990
[2024-05-09 18:55:07,145][    INFO] ***** Evaluation ***** >>>> Class [0 Right Ventricle] Dice: 81.87
[2024-05-09 18:55:07,145][    INFO] ***** Evaluation ***** >>>> Class [1 Myocardium] Dice: 82.62
[2024-05-09 18:55:07,145][    INFO] ***** Evaluation ***** >>>> Class [2 Left Ventricle] Dice: 92.15
[2024-05-09 18:55:07,146][    INFO] ***** Evaluation ***** >>>> MeanDice: 85.55

[2024-05-09 18:55:07,221][    INFO] ===========> Epoch: 27, LR: 0.00762, Previous best: 86.71
[2024-05-09 18:55:08,055][    INFO] Iters: 0, Total loss: 0.053, Loss x: 0.061, Loss s: 0.084, Loss w_fp: 0.007, Mask ratio: 0.986
[2024-05-09 18:55:25,786][    INFO] ***** Evaluation ***** >>>> Class [0 Right Ventricle] Dice: 83.26
[2024-05-09 18:55:25,786][    INFO] ***** Evaluation ***** >>>> Class [1 Myocardium] Dice: 82.84
[2024-05-09 18:55:25,786][    INFO] ***** Evaluation ***** >>>> Class [2 Left Ventricle] Dice: 91.54
[2024-05-09 18:55:25,786][    INFO] ***** Evaluation ***** >>>> MeanDice: 85.88

[2024-05-09 18:55:25,860][    INFO] ===========> Epoch: 28, LR: 0.00752, Previous best: 86.71
[2024-05-09 18:55:26,859][    INFO] Iters: 0, Total loss: 0.032, Loss x: 0.053, Loss s: 0.015, Loss w_fp: 0.006, Mask ratio: 0.984
[2024-05-09 18:55:42,524][    INFO] ***** Evaluation ***** >>>> Class [0 Right Ventricle] Dice: 83.20
[2024-05-09 18:55:42,525][    INFO] ***** Evaluation ***** >>>> Class [1 Myocardium] Dice: 84.24
[2024-05-09 18:55:42,525][    INFO] ***** Evaluation ***** >>>> Class [2 Left Ventricle] Dice: 91.32
[2024-05-09 18:55:42,525][    INFO] ***** Evaluation ***** >>>> MeanDice: 86.25

[2024-05-09 18:55:42,600][    INFO] ===========> Epoch: 29, LR: 0.00743, Previous best: 86.71
[2024-05-09 18:55:43,579][    INFO] Iters: 0, Total loss: 0.050, Loss x: 0.056, Loss s: 0.075, Loss w_fp: 0.014, Mask ratio: 0.985
[2024-05-09 18:56:01,474][    INFO] ***** Evaluation ***** >>>> Class [0 Right Ventricle] Dice: 84.77
[2024-05-09 18:56:01,474][    INFO] ***** Evaluation ***** >>>> Class [1 Myocardium] Dice: 83.90
[2024-05-09 18:56:01,474][    INFO] ***** Evaluation ***** >>>> Class [2 Left Ventricle] Dice: 91.32
[2024-05-09 18:56:01,474][    INFO] ***** Evaluation ***** >>>> MeanDice: 86.66

[2024-05-09 18:56:01,548][    INFO] ===========> Epoch: 30, LR: 0.00734, Previous best: 86.71
[2024-05-09 18:56:02,462][    INFO] Iters: 0, Total loss: 0.039, Loss x: 0.032, Loss s: 0.080, Loss w_fp: 0.012, Mask ratio: 0.985
[2024-05-09 18:56:20,681][    INFO] ***** Evaluation ***** >>>> Class [0 Right Ventricle] Dice: 86.00
[2024-05-09 18:56:20,682][    INFO] ***** Evaluation ***** >>>> Class [1 Myocardium] Dice: 83.43
[2024-05-09 18:56:20,682][    INFO] ***** Evaluation ***** >>>> Class [2 Left Ventricle] Dice: 91.04
[2024-05-09 18:56:20,682][    INFO] ***** Evaluation ***** >>>> MeanDice: 86.82

[2024-05-09 18:56:20,799][    INFO] ===========> Epoch: 31, LR: 0.00724, Previous best: 86.82
[2024-05-09 18:56:21,761][    INFO] Iters: 0, Total loss: 0.028, Loss x: 0.038, Loss s: 0.029, Loss w_fp: 0.008, Mask ratio: 0.992
[2024-05-09 18:56:37,742][    INFO] ***** Evaluation ***** >>>> Class [0 Right Ventricle] Dice: 83.71
[2024-05-09 18:56:37,743][    INFO] ***** Evaluation ***** >>>> Class [1 Myocardium] Dice: 83.59
[2024-05-09 18:56:37,743][    INFO] ***** Evaluation ***** >>>> Class [2 Left Ventricle] Dice: 90.94
[2024-05-09 18:56:37,743][    INFO] ***** Evaluation ***** >>>> MeanDice: 86.08

[2024-05-09 18:56:37,816][    INFO] ===========> Epoch: 32, LR: 0.00715, Previous best: 86.82
[2024-05-09 18:56:38,725][    INFO] Iters: 0, Total loss: 0.035, Loss x: 0.053, Loss s: 0.029, Loss w_fp: 0.005, Mask ratio: 0.989
[2024-05-09 18:56:56,037][    INFO] ***** Evaluation ***** >>>> Class [0 Right Ventricle] Dice: 84.96
[2024-05-09 18:56:56,037][    INFO] ***** Evaluation ***** >>>> Class [1 Myocardium] Dice: 84.63
[2024-05-09 18:56:56,037][    INFO] ***** Evaluation ***** >>>> Class [2 Left Ventricle] Dice: 91.78
[2024-05-09 18:56:56,037][    INFO] ***** Evaluation ***** >>>> MeanDice: 87.12

[2024-05-09 18:56:56,172][    INFO] ===========> Epoch: 33, LR: 0.00706, Previous best: 87.12
[2024-05-09 18:56:57,044][    INFO] Iters: 0, Total loss: 0.041, Loss x: 0.042, Loss s: 0.063, Loss w_fp: 0.017, Mask ratio: 0.986
[2024-05-09 18:57:14,613][    INFO] ***** Evaluation ***** >>>> Class [0 Right Ventricle] Dice: 83.93
[2024-05-09 18:57:14,613][    INFO] ***** Evaluation ***** >>>> Class [1 Myocardium] Dice: 84.60
[2024-05-09 18:57:14,614][    INFO] ***** Evaluation ***** >>>> Class [2 Left Ventricle] Dice: 92.78
[2024-05-09 18:57:14,614][    INFO] ***** Evaluation ***** >>>> MeanDice: 87.10

[2024-05-09 18:57:14,682][    INFO] ===========> Epoch: 34, LR: 0.00696, Previous best: 87.12
[2024-05-09 18:57:15,561][    INFO] Iters: 0, Total loss: 0.034, Loss x: 0.039, Loss s: 0.055, Loss w_fp: 0.004, Mask ratio: 0.989
[2024-05-09 18:57:32,569][    INFO] ***** Evaluation ***** >>>> Class [0 Right Ventricle] Dice: 85.82
[2024-05-09 18:57:32,569][    INFO] ***** Evaluation ***** >>>> Class [1 Myocardium] Dice: 85.58
[2024-05-09 18:57:32,569][    INFO] ***** Evaluation ***** >>>> Class [2 Left Ventricle] Dice: 92.68
[2024-05-09 18:57:32,569][    INFO] ***** Evaluation ***** >>>> MeanDice: 88.03

[2024-05-09 18:57:32,659][    INFO] ===========> Epoch: 35, LR: 0.00687, Previous best: 88.03
[2024-05-09 18:57:33,525][    INFO] Iters: 0, Total loss: 0.033, Loss x: 0.040, Loss s: 0.049, Loss w_fp: 0.002, Mask ratio: 0.994
[2024-05-09 18:57:52,468][    INFO] ***** Evaluation ***** >>>> Class [0 Right Ventricle] Dice: 86.48
[2024-05-09 18:57:52,468][    INFO] ***** Evaluation ***** >>>> Class [1 Myocardium] Dice: 83.73
[2024-05-09 18:57:52,468][    INFO] ***** Evaluation ***** >>>> Class [2 Left Ventricle] Dice: 92.11
[2024-05-09 18:57:52,468][    INFO] ***** Evaluation ***** >>>> MeanDice: 87.44

[2024-05-09 18:57:52,516][    INFO] ===========> Epoch: 36, LR: 0.00678, Previous best: 88.03
[2024-05-09 18:57:53,382][    INFO] Iters: 0, Total loss: 0.022, Loss x: 0.026, Loss s: 0.032, Loss w_fp: 0.005, Mask ratio: 0.985
[2024-05-09 18:58:10,832][    INFO] ***** Evaluation ***** >>>> Class [0 Right Ventricle] Dice: 83.74
[2024-05-09 18:58:10,832][    INFO] ***** Evaluation ***** >>>> Class [1 Myocardium] Dice: 83.57
[2024-05-09 18:58:10,832][    INFO] ***** Evaluation ***** >>>> Class [2 Left Ventricle] Dice: 92.79
[2024-05-09 18:58:10,832][    INFO] ***** Evaluation ***** >>>> MeanDice: 86.70

[2024-05-09 18:58:10,904][    INFO] ===========> Epoch: 37, LR: 0.00668, Previous best: 88.03
[2024-05-09 18:58:11,835][    INFO] Iters: 0, Total loss: 0.032, Loss x: 0.036, Loss s: 0.049, Loss w_fp: 0.009, Mask ratio: 0.990
[2024-05-09 18:58:28,747][    INFO] ***** Evaluation ***** >>>> Class [0 Right Ventricle] Dice: 86.71
[2024-05-09 18:58:28,747][    INFO] ***** Evaluation ***** >>>> Class [1 Myocardium] Dice: 84.99
[2024-05-09 18:58:28,747][    INFO] ***** Evaluation ***** >>>> Class [2 Left Ventricle] Dice: 92.28
[2024-05-09 18:58:28,747][    INFO] ***** Evaluation ***** >>>> MeanDice: 87.99

[2024-05-09 18:58:28,818][    INFO] ===========> Epoch: 38, LR: 0.00659, Previous best: 88.03
[2024-05-09 18:58:29,779][    INFO] Iters: 0, Total loss: 0.052, Loss x: 0.053, Loss s: 0.089, Loss w_fp: 0.010, Mask ratio: 0.989
[2024-05-09 18:58:46,571][    INFO] ***** Evaluation ***** >>>> Class [0 Right Ventricle] Dice: 85.05
[2024-05-09 18:58:46,571][    INFO] ***** Evaluation ***** >>>> Class [1 Myocardium] Dice: 84.30
[2024-05-09 18:58:46,571][    INFO] ***** Evaluation ***** >>>> Class [2 Left Ventricle] Dice: 92.35
[2024-05-09 18:58:46,571][    INFO] ***** Evaluation ***** >>>> MeanDice: 87.24

[2024-05-09 18:58:46,634][    INFO] ===========> Epoch: 39, LR: 0.00649, Previous best: 88.03
[2024-05-09 18:58:47,568][    INFO] Iters: 0, Total loss: 0.037, Loss x: 0.039, Loss s: 0.055, Loss w_fp: 0.016, Mask ratio: 0.990
[2024-05-09 18:59:05,453][    INFO] ***** Evaluation ***** >>>> Class [0 Right Ventricle] Dice: 84.17
[2024-05-09 18:59:05,453][    INFO] ***** Evaluation ***** >>>> Class [1 Myocardium] Dice: 83.86
[2024-05-09 18:59:05,453][    INFO] ***** Evaluation ***** >>>> Class [2 Left Ventricle] Dice: 91.97
[2024-05-09 18:59:05,453][    INFO] ***** Evaluation ***** >>>> MeanDice: 86.67

[2024-05-09 18:59:05,501][    INFO] ===========> Epoch: 40, LR: 0.00640, Previous best: 88.03
[2024-05-09 18:59:06,370][    INFO] Iters: 0, Total loss: 0.044, Loss x: 0.061, Loss s: 0.050, Loss w_fp: 0.005, Mask ratio: 0.987
[2024-05-09 18:59:23,733][    INFO] ***** Evaluation ***** >>>> Class [0 Right Ventricle] Dice: 85.34
[2024-05-09 18:59:23,734][    INFO] ***** Evaluation ***** >>>> Class [1 Myocardium] Dice: 85.03
[2024-05-09 18:59:23,734][    INFO] ***** Evaluation ***** >>>> Class [2 Left Ventricle] Dice: 92.12
[2024-05-09 18:59:23,734][    INFO] ***** Evaluation ***** >>>> MeanDice: 87.50

[2024-05-09 18:59:23,806][    INFO] ===========> Epoch: 41, LR: 0.00630, Previous best: 88.03
[2024-05-09 18:59:24,770][    INFO] Iters: 0, Total loss: 0.029, Loss x: 0.026, Loss s: 0.053, Loss w_fp: 0.013, Mask ratio: 0.989
[2024-05-09 18:59:41,246][    INFO] ***** Evaluation ***** >>>> Class [0 Right Ventricle] Dice: 86.40
[2024-05-09 18:59:41,247][    INFO] ***** Evaluation ***** >>>> Class [1 Myocardium] Dice: 84.18
[2024-05-09 18:59:41,247][    INFO] ***** Evaluation ***** >>>> Class [2 Left Ventricle] Dice: 91.68
[2024-05-09 18:59:41,247][    INFO] ***** Evaluation ***** >>>> MeanDice: 87.42

[2024-05-09 18:59:41,293][    INFO] ===========> Epoch: 42, LR: 0.00621, Previous best: 88.03
[2024-05-09 18:59:42,139][    INFO] Iters: 0, Total loss: 0.030, Loss x: 0.029, Loss s: 0.056, Loss w_fp: 0.004, Mask ratio: 0.990
[2024-05-09 18:59:59,492][    INFO] ***** Evaluation ***** >>>> Class [0 Right Ventricle] Dice: 84.76
[2024-05-09 18:59:59,492][    INFO] ***** Evaluation ***** >>>> Class [1 Myocardium] Dice: 84.16
[2024-05-09 18:59:59,492][    INFO] ***** Evaluation ***** >>>> Class [2 Left Ventricle] Dice: 92.48
[2024-05-09 18:59:59,492][    INFO] ***** Evaluation ***** >>>> MeanDice: 87.13

[2024-05-09 18:59:59,541][    INFO] ===========> Epoch: 43, LR: 0.00611, Previous best: 88.03
[2024-05-09 19:00:00,880][    INFO] Iters: 0, Total loss: 0.048, Loss x: 0.076, Loss s: 0.037, Loss w_fp: 0.003, Mask ratio: 0.987
[2024-05-09 19:00:16,912][    INFO] ***** Evaluation ***** >>>> Class [0 Right Ventricle] Dice: 82.88
[2024-05-09 19:00:16,912][    INFO] ***** Evaluation ***** >>>> Class [1 Myocardium] Dice: 83.35
[2024-05-09 19:00:16,912][    INFO] ***** Evaluation ***** >>>> Class [2 Left Ventricle] Dice: 91.71
[2024-05-09 19:00:16,912][    INFO] ***** Evaluation ***** >>>> MeanDice: 85.98

[2024-05-09 19:00:16,960][    INFO] ===========> Epoch: 44, LR: 0.00602, Previous best: 88.03
[2024-05-09 19:00:17,829][    INFO] Iters: 0, Total loss: 0.036, Loss x: 0.051, Loss s: 0.037, Loss w_fp: 0.004, Mask ratio: 0.991
[2024-05-09 19:00:33,785][    INFO] ***** Evaluation ***** >>>> Class [0 Right Ventricle] Dice: 82.63
[2024-05-09 19:00:33,785][    INFO] ***** Evaluation ***** >>>> Class [1 Myocardium] Dice: 81.45
[2024-05-09 19:00:33,785][    INFO] ***** Evaluation ***** >>>> Class [2 Left Ventricle] Dice: 89.78
[2024-05-09 19:00:33,785][    INFO] ***** Evaluation ***** >>>> MeanDice: 84.62

[2024-05-09 19:00:33,856][    INFO] ===========> Epoch: 45, LR: 0.00592, Previous best: 88.03
[2024-05-09 19:00:34,710][    INFO] Iters: 0, Total loss: 0.034, Loss x: 0.047, Loss s: 0.033, Loss w_fp: 0.009, Mask ratio: 0.986
[2024-05-09 19:00:51,751][    INFO] ***** Evaluation ***** >>>> Class [0 Right Ventricle] Dice: 85.45
[2024-05-09 19:00:51,751][    INFO] ***** Evaluation ***** >>>> Class [1 Myocardium] Dice: 84.57
[2024-05-09 19:00:51,751][    INFO] ***** Evaluation ***** >>>> Class [2 Left Ventricle] Dice: 92.24
[2024-05-09 19:00:51,751][    INFO] ***** Evaluation ***** >>>> MeanDice: 87.42

[2024-05-09 19:00:51,815][    INFO] ===========> Epoch: 46, LR: 0.00583, Previous best: 88.03
[2024-05-09 19:00:52,653][    INFO] Iters: 0, Total loss: 0.021, Loss x: 0.031, Loss s: 0.020, Loss w_fp: 0.003, Mask ratio: 0.988
[2024-05-09 19:01:08,280][    INFO] ***** Evaluation ***** >>>> Class [0 Right Ventricle] Dice: 87.17
[2024-05-09 19:01:08,281][    INFO] ***** Evaluation ***** >>>> Class [1 Myocardium] Dice: 86.30
[2024-05-09 19:01:08,281][    INFO] ***** Evaluation ***** >>>> Class [2 Left Ventricle] Dice: 92.94
[2024-05-09 19:01:08,281][    INFO] ***** Evaluation ***** >>>> MeanDice: 88.80

[2024-05-09 19:01:08,372][    INFO] ===========> Epoch: 47, LR: 0.00573, Previous best: 88.80
[2024-05-09 19:01:09,240][    INFO] Iters: 0, Total loss: 0.037, Loss x: 0.049, Loss s: 0.047, Loss w_fp: 0.003, Mask ratio: 0.990
[2024-05-09 19:01:25,256][    INFO] ***** Evaluation ***** >>>> Class [0 Right Ventricle] Dice: 87.93
[2024-05-09 19:01:25,256][    INFO] ***** Evaluation ***** >>>> Class [1 Myocardium] Dice: 86.17
[2024-05-09 19:01:25,256][    INFO] ***** Evaluation ***** >>>> Class [2 Left Ventricle] Dice: 92.24
[2024-05-09 19:01:25,256][    INFO] ***** Evaluation ***** >>>> MeanDice: 88.78

[2024-05-09 19:01:25,329][    INFO] ===========> Epoch: 48, LR: 0.00564, Previous best: 88.80
[2024-05-09 19:01:26,248][    INFO] Iters: 0, Total loss: 0.035, Loss x: 0.031, Loss s: 0.074, Loss w_fp: 0.005, Mask ratio: 0.986
[2024-05-09 19:01:42,509][    INFO] ***** Evaluation ***** >>>> Class [0 Right Ventricle] Dice: 84.93
[2024-05-09 19:01:42,509][    INFO] ***** Evaluation ***** >>>> Class [1 Myocardium] Dice: 85.90
[2024-05-09 19:01:42,509][    INFO] ***** Evaluation ***** >>>> Class [2 Left Ventricle] Dice: 93.38
[2024-05-09 19:01:42,509][    INFO] ***** Evaluation ***** >>>> MeanDice: 88.07

[2024-05-09 19:01:42,581][    INFO] ===========> Epoch: 49, LR: 0.00554, Previous best: 88.80
[2024-05-09 19:01:43,478][    INFO] Iters: 0, Total loss: 0.038, Loss x: 0.037, Loss s: 0.068, Loss w_fp: 0.008, Mask ratio: 0.985
[2024-05-09 19:02:00,004][    INFO] ***** Evaluation ***** >>>> Class [0 Right Ventricle] Dice: 83.12
[2024-05-09 19:02:00,004][    INFO] ***** Evaluation ***** >>>> Class [1 Myocardium] Dice: 84.52
[2024-05-09 19:02:00,004][    INFO] ***** Evaluation ***** >>>> Class [2 Left Ventricle] Dice: 90.54
[2024-05-09 19:02:00,004][    INFO] ***** Evaluation ***** >>>> MeanDice: 86.06

[2024-05-09 19:02:00,076][    INFO] ===========> Epoch: 50, LR: 0.00544, Previous best: 88.80
[2024-05-09 19:02:00,909][    INFO] Iters: 0, Total loss: 0.028, Loss x: 0.031, Loss s: 0.043, Loss w_fp: 0.008, Mask ratio: 0.988
[2024-05-09 19:02:17,079][    INFO] ***** Evaluation ***** >>>> Class [0 Right Ventricle] Dice: 87.00
[2024-05-09 19:02:17,079][    INFO] ***** Evaluation ***** >>>> Class [1 Myocardium] Dice: 85.46
[2024-05-09 19:02:17,079][    INFO] ***** Evaluation ***** >>>> Class [2 Left Ventricle] Dice: 92.05
[2024-05-09 19:02:17,079][    INFO] ***** Evaluation ***** >>>> MeanDice: 88.17

[2024-05-09 19:02:17,128][    INFO] ===========> Epoch: 51, LR: 0.00535, Previous best: 88.80
[2024-05-09 19:02:18,113][    INFO] Iters: 0, Total loss: 0.017, Loss x: 0.026, Loss s: 0.014, Loss w_fp: 0.004, Mask ratio: 0.990
[2024-05-09 19:02:33,105][    INFO] ***** Evaluation ***** >>>> Class [0 Right Ventricle] Dice: 85.98
[2024-05-09 19:02:33,105][    INFO] ***** Evaluation ***** >>>> Class [1 Myocardium] Dice: 86.92
[2024-05-09 19:02:33,105][    INFO] ***** Evaluation ***** >>>> Class [2 Left Ventricle] Dice: 93.41
[2024-05-09 19:02:33,106][    INFO] ***** Evaluation ***** >>>> MeanDice: 88.77

[2024-05-09 19:02:33,153][    INFO] ===========> Epoch: 52, LR: 0.00525, Previous best: 88.80
[2024-05-09 19:02:33,998][    INFO] Iters: 0, Total loss: 0.022, Loss x: 0.029, Loss s: 0.024, Loss w_fp: 0.006, Mask ratio: 0.994
[2024-05-09 19:02:49,087][    INFO] ***** Evaluation ***** >>>> Class [0 Right Ventricle] Dice: 86.62
[2024-05-09 19:02:49,087][    INFO] ***** Evaluation ***** >>>> Class [1 Myocardium] Dice: 85.58
[2024-05-09 19:02:49,087][    INFO] ***** Evaluation ***** >>>> Class [2 Left Ventricle] Dice: 92.34
[2024-05-09 19:02:49,087][    INFO] ***** Evaluation ***** >>>> MeanDice: 88.18

[2024-05-09 19:02:49,159][    INFO] ===========> Epoch: 53, LR: 0.00516, Previous best: 88.80
[2024-05-09 19:02:50,030][    INFO] Iters: 0, Total loss: 0.040, Loss x: 0.051, Loss s: 0.053, Loss w_fp: 0.004, Mask ratio: 0.989
[2024-05-09 19:03:06,965][    INFO] ***** Evaluation ***** >>>> Class [0 Right Ventricle] Dice: 85.41
[2024-05-09 19:03:06,965][    INFO] ***** Evaluation ***** >>>> Class [1 Myocardium] Dice: 85.27
[2024-05-09 19:03:06,965][    INFO] ***** Evaluation ***** >>>> Class [2 Left Ventricle] Dice: 91.97
[2024-05-09 19:03:06,965][    INFO] ***** Evaluation ***** >>>> MeanDice: 87.55

[2024-05-09 19:03:07,011][    INFO] ===========> Epoch: 54, LR: 0.00506, Previous best: 88.80
[2024-05-09 19:03:07,890][    INFO] Iters: 0, Total loss: 0.026, Loss x: 0.035, Loss s: 0.027, Loss w_fp: 0.006, Mask ratio: 0.987
[2024-05-09 19:03:24,042][    INFO] ***** Evaluation ***** >>>> Class [0 Right Ventricle] Dice: 87.17
[2024-05-09 19:03:24,042][    INFO] ***** Evaluation ***** >>>> Class [1 Myocardium] Dice: 85.80
[2024-05-09 19:03:24,042][    INFO] ***** Evaluation ***** >>>> Class [2 Left Ventricle] Dice: 92.69
[2024-05-09 19:03:24,042][    INFO] ***** Evaluation ***** >>>> MeanDice: 88.55

[2024-05-09 19:03:24,089][    INFO] ===========> Epoch: 55, LR: 0.00496, Previous best: 88.80
[2024-05-09 19:03:25,016][    INFO] Iters: 0, Total loss: 0.031, Loss x: 0.042, Loss s: 0.033, Loss w_fp: 0.006, Mask ratio: 0.991
[2024-05-09 19:03:40,166][    INFO] ***** Evaluation ***** >>>> Class [0 Right Ventricle] Dice: 86.29
[2024-05-09 19:03:40,166][    INFO] ***** Evaluation ***** >>>> Class [1 Myocardium] Dice: 84.93
[2024-05-09 19:03:40,166][    INFO] ***** Evaluation ***** >>>> Class [2 Left Ventricle] Dice: 92.45
[2024-05-09 19:03:40,166][    INFO] ***** Evaluation ***** >>>> MeanDice: 87.89

[2024-05-09 19:03:40,237][    INFO] ===========> Epoch: 56, LR: 0.00486, Previous best: 88.80
[2024-05-09 19:03:41,097][    INFO] Iters: 0, Total loss: 0.030, Loss x: 0.028, Loss s: 0.057, Loss w_fp: 0.005, Mask ratio: 0.989
[2024-05-09 19:03:58,608][    INFO] ***** Evaluation ***** >>>> Class [0 Right Ventricle] Dice: 84.85
[2024-05-09 19:03:58,609][    INFO] ***** Evaluation ***** >>>> Class [1 Myocardium] Dice: 84.84
[2024-05-09 19:03:58,609][    INFO] ***** Evaluation ***** >>>> Class [2 Left Ventricle] Dice: 92.88
[2024-05-09 19:03:58,609][    INFO] ***** Evaluation ***** >>>> MeanDice: 87.52

[2024-05-09 19:03:58,659][    INFO] ===========> Epoch: 57, LR: 0.00477, Previous best: 88.80
[2024-05-09 19:03:59,477][    INFO] Iters: 0, Total loss: 0.037, Loss x: 0.053, Loss s: 0.034, Loss w_fp: 0.008, Mask ratio: 0.990
[2024-05-09 19:04:16,515][    INFO] ***** Evaluation ***** >>>> Class [0 Right Ventricle] Dice: 86.09
[2024-05-09 19:04:16,515][    INFO] ***** Evaluation ***** >>>> Class [1 Myocardium] Dice: 85.33
[2024-05-09 19:04:16,515][    INFO] ***** Evaluation ***** >>>> Class [2 Left Ventricle] Dice: 92.94
[2024-05-09 19:04:16,516][    INFO] ***** Evaluation ***** >>>> MeanDice: 88.12

[2024-05-09 19:04:16,586][    INFO] ===========> Epoch: 58, LR: 0.00467, Previous best: 88.80
[2024-05-09 19:04:17,486][    INFO] Iters: 0, Total loss: 0.031, Loss x: 0.032, Loss s: 0.048, Loss w_fp: 0.012, Mask ratio: 0.993
[2024-05-09 19:04:34,764][    INFO] ***** Evaluation ***** >>>> Class [0 Right Ventricle] Dice: 88.08
[2024-05-09 19:04:34,765][    INFO] ***** Evaluation ***** >>>> Class [1 Myocardium] Dice: 87.17
[2024-05-09 19:04:34,765][    INFO] ***** Evaluation ***** >>>> Class [2 Left Ventricle] Dice: 93.55
[2024-05-09 19:04:34,765][    INFO] ***** Evaluation ***** >>>> MeanDice: 89.60

[2024-05-09 19:04:34,856][    INFO] ===========> Epoch: 59, LR: 0.00457, Previous best: 89.60
[2024-05-09 19:04:35,851][    INFO] Iters: 0, Total loss: 0.030, Loss x: 0.032, Loss s: 0.051, Loss w_fp: 0.004, Mask ratio: 0.988
[2024-05-09 19:04:51,667][    INFO] ***** Evaluation ***** >>>> Class [0 Right Ventricle] Dice: 85.71
[2024-05-09 19:04:51,667][    INFO] ***** Evaluation ***** >>>> Class [1 Myocardium] Dice: 84.22
[2024-05-09 19:04:51,668][    INFO] ***** Evaluation ***** >>>> Class [2 Left Ventricle] Dice: 91.60
[2024-05-09 19:04:51,668][    INFO] ***** Evaluation ***** >>>> MeanDice: 87.18

[2024-05-09 19:04:51,739][    INFO] ===========> Epoch: 60, LR: 0.00447, Previous best: 89.60
[2024-05-09 19:04:52,700][    INFO] Iters: 0, Total loss: 0.030, Loss x: 0.029, Loss s: 0.056, Loss w_fp: 0.006, Mask ratio: 0.980
[2024-05-09 19:05:07,317][    INFO] ***** Evaluation ***** >>>> Class [0 Right Ventricle] Dice: 86.03
[2024-05-09 19:05:07,317][    INFO] ***** Evaluation ***** >>>> Class [1 Myocardium] Dice: 85.22
[2024-05-09 19:05:07,317][    INFO] ***** Evaluation ***** >>>> Class [2 Left Ventricle] Dice: 92.94
[2024-05-09 19:05:07,317][    INFO] ***** Evaluation ***** >>>> MeanDice: 88.06

[2024-05-09 19:05:07,364][    INFO] ===========> Epoch: 61, LR: 0.00437, Previous best: 89.60
[2024-05-09 19:05:08,219][    INFO] Iters: 0, Total loss: 0.027, Loss x: 0.024, Loss s: 0.050, Loss w_fp: 0.012, Mask ratio: 0.988
[2024-05-09 19:05:23,213][    INFO] ***** Evaluation ***** >>>> Class [0 Right Ventricle] Dice: 86.63
[2024-05-09 19:05:23,213][    INFO] ***** Evaluation ***** >>>> Class [1 Myocardium] Dice: 87.02
[2024-05-09 19:05:23,213][    INFO] ***** Evaluation ***** >>>> Class [2 Left Ventricle] Dice: 93.83
[2024-05-09 19:05:23,213][    INFO] ***** Evaluation ***** >>>> MeanDice: 89.16

[2024-05-09 19:05:23,263][    INFO] ===========> Epoch: 62, LR: 0.00427, Previous best: 89.60
[2024-05-09 19:05:24,122][    INFO] Iters: 0, Total loss: 0.020, Loss x: 0.022, Loss s: 0.032, Loss w_fp: 0.004, Mask ratio: 0.986
[2024-05-09 19:05:39,664][    INFO] ***** Evaluation ***** >>>> Class [0 Right Ventricle] Dice: 87.20
[2024-05-09 19:05:39,665][    INFO] ***** Evaluation ***** >>>> Class [1 Myocardium] Dice: 86.50
[2024-05-09 19:05:39,665][    INFO] ***** Evaluation ***** >>>> Class [2 Left Ventricle] Dice: 93.66
[2024-05-09 19:05:39,665][    INFO] ***** Evaluation ***** >>>> MeanDice: 89.12

[2024-05-09 19:05:39,736][    INFO] ===========> Epoch: 63, LR: 0.00418, Previous best: 89.60
[2024-05-09 19:05:40,589][    INFO] Iters: 0, Total loss: 0.031, Loss x: 0.030, Loss s: 0.057, Loss w_fp: 0.007, Mask ratio: 0.989
[2024-05-09 19:05:56,887][    INFO] ***** Evaluation ***** >>>> Class [0 Right Ventricle] Dice: 86.23
[2024-05-09 19:05:56,887][    INFO] ***** Evaluation ***** >>>> Class [1 Myocardium] Dice: 84.88
[2024-05-09 19:05:56,887][    INFO] ***** Evaluation ***** >>>> Class [2 Left Ventricle] Dice: 90.61
[2024-05-09 19:05:56,887][    INFO] ***** Evaluation ***** >>>> MeanDice: 87.24

[2024-05-09 19:05:56,933][    INFO] ===========> Epoch: 64, LR: 0.00408, Previous best: 89.60
[2024-05-09 19:05:57,781][    INFO] Iters: 0, Total loss: 0.021, Loss x: 0.030, Loss s: 0.019, Loss w_fp: 0.004, Mask ratio: 0.990
[2024-05-09 19:06:12,562][    INFO] ***** Evaluation ***** >>>> Class [0 Right Ventricle] Dice: 87.60
[2024-05-09 19:06:12,562][    INFO] ***** Evaluation ***** >>>> Class [1 Myocardium] Dice: 86.90
[2024-05-09 19:06:12,562][    INFO] ***** Evaluation ***** >>>> Class [2 Left Ventricle] Dice: 93.14
[2024-05-09 19:06:12,562][    INFO] ***** Evaluation ***** >>>> MeanDice: 89.21

[2024-05-09 19:06:12,634][    INFO] ===========> Epoch: 65, LR: 0.00398, Previous best: 89.60
[2024-05-09 19:06:13,508][    INFO] Iters: 0, Total loss: 0.014, Loss x: 0.021, Loss s: 0.015, Loss w_fp: 0.002, Mask ratio: 0.990
[2024-05-09 19:06:32,906][    INFO] ***** Evaluation ***** >>>> Class [0 Right Ventricle] Dice: 88.29
[2024-05-09 19:06:32,906][    INFO] ***** Evaluation ***** >>>> Class [1 Myocardium] Dice: 86.80
[2024-05-09 19:06:32,906][    INFO] ***** Evaluation ***** >>>> Class [2 Left Ventricle] Dice: 93.35
[2024-05-09 19:06:32,906][    INFO] ***** Evaluation ***** >>>> MeanDice: 89.48

[2024-05-09 19:06:32,978][    INFO] ===========> Epoch: 66, LR: 0.00388, Previous best: 89.60
[2024-05-09 19:06:33,844][    INFO] Iters: 0, Total loss: 0.026, Loss x: 0.025, Loss s: 0.048, Loss w_fp: 0.004, Mask ratio: 0.987
[2024-05-09 19:06:51,162][    INFO] ***** Evaluation ***** >>>> Class [0 Right Ventricle] Dice: 86.52
[2024-05-09 19:06:51,162][    INFO] ***** Evaluation ***** >>>> Class [1 Myocardium] Dice: 85.70
[2024-05-09 19:06:51,162][    INFO] ***** Evaluation ***** >>>> Class [2 Left Ventricle] Dice: 93.08
[2024-05-09 19:06:51,162][    INFO] ***** Evaluation ***** >>>> MeanDice: 88.44

[2024-05-09 19:06:51,233][    INFO] ===========> Epoch: 67, LR: 0.00378, Previous best: 89.60
[2024-05-09 19:06:52,160][    INFO] Iters: 0, Total loss: 0.021, Loss x: 0.029, Loss s: 0.020, Loss w_fp: 0.008, Mask ratio: 0.985
[2024-05-09 19:07:08,374][    INFO] ***** Evaluation ***** >>>> Class [0 Right Ventricle] Dice: 86.62
[2024-05-09 19:07:08,374][    INFO] ***** Evaluation ***** >>>> Class [1 Myocardium] Dice: 85.60
[2024-05-09 19:07:08,374][    INFO] ***** Evaluation ***** >>>> Class [2 Left Ventricle] Dice: 91.51
[2024-05-09 19:07:08,374][    INFO] ***** Evaluation ***** >>>> MeanDice: 87.91

[2024-05-09 19:07:08,448][    INFO] ===========> Epoch: 68, LR: 0.00368, Previous best: 89.60
[2024-05-09 19:07:09,401][    INFO] Iters: 0, Total loss: 0.024, Loss x: 0.031, Loss s: 0.030, Loss w_fp: 0.003, Mask ratio: 0.986
[2024-05-09 19:07:27,208][    INFO] ***** Evaluation ***** >>>> Class [0 Right Ventricle] Dice: 87.56
[2024-05-09 19:07:27,209][    INFO] ***** Evaluation ***** >>>> Class [1 Myocardium] Dice: 86.55
[2024-05-09 19:07:27,209][    INFO] ***** Evaluation ***** >>>> Class [2 Left Ventricle] Dice: 93.41
[2024-05-09 19:07:27,209][    INFO] ***** Evaluation ***** >>>> MeanDice: 89.17

[2024-05-09 19:07:27,299][    INFO] ===========> Epoch: 69, LR: 0.00358, Previous best: 89.60
[2024-05-09 19:07:28,152][    INFO] Iters: 0, Total loss: 0.025, Loss x: 0.034, Loss s: 0.029, Loss w_fp: 0.004, Mask ratio: 0.991
[2024-05-09 19:07:43,150][    INFO] ***** Evaluation ***** >>>> Class [0 Right Ventricle] Dice: 87.74
[2024-05-09 19:07:43,150][    INFO] ***** Evaluation ***** >>>> Class [1 Myocardium] Dice: 85.82
[2024-05-09 19:07:43,150][    INFO] ***** Evaluation ***** >>>> Class [2 Left Ventricle] Dice: 93.62
[2024-05-09 19:07:43,150][    INFO] ***** Evaluation ***** >>>> MeanDice: 89.06

[2024-05-09 19:07:43,224][    INFO] ===========> Epoch: 70, LR: 0.00347, Previous best: 89.60
[2024-05-09 19:07:44,087][    INFO] Iters: 0, Total loss: 0.022, Loss x: 0.027, Loss s: 0.030, Loss w_fp: 0.005, Mask ratio: 0.989
[2024-05-09 19:08:00,159][    INFO] ***** Evaluation ***** >>>> Class [0 Right Ventricle] Dice: 87.31
[2024-05-09 19:08:00,160][    INFO] ***** Evaluation ***** >>>> Class [1 Myocardium] Dice: 87.06
[2024-05-09 19:08:00,160][    INFO] ***** Evaluation ***** >>>> Class [2 Left Ventricle] Dice: 92.65
[2024-05-09 19:08:00,160][    INFO] ***** Evaluation ***** >>>> MeanDice: 89.01

[2024-05-09 19:08:00,235][    INFO] ===========> Epoch: 71, LR: 0.00337, Previous best: 89.60
[2024-05-09 19:08:01,104][    INFO] Iters: 0, Total loss: 0.031, Loss x: 0.037, Loss s: 0.046, Loss w_fp: 0.003, Mask ratio: 0.991
[2024-05-09 19:08:19,027][    INFO] ***** Evaluation ***** >>>> Class [0 Right Ventricle] Dice: 87.07
[2024-05-09 19:08:19,027][    INFO] ***** Evaluation ***** >>>> Class [1 Myocardium] Dice: 85.78
[2024-05-09 19:08:19,027][    INFO] ***** Evaluation ***** >>>> Class [2 Left Ventricle] Dice: 92.46
[2024-05-09 19:08:19,027][    INFO] ***** Evaluation ***** >>>> MeanDice: 88.44

[2024-05-09 19:08:19,101][    INFO] ===========> Epoch: 72, LR: 0.00327, Previous best: 89.60
[2024-05-09 19:08:19,945][    INFO] Iters: 0, Total loss: 0.022, Loss x: 0.035, Loss s: 0.016, Loss w_fp: 0.003, Mask ratio: 0.984
[2024-05-09 19:08:34,834][    INFO] ***** Evaluation ***** >>>> Class [0 Right Ventricle] Dice: 88.59
[2024-05-09 19:08:34,834][    INFO] ***** Evaluation ***** >>>> Class [1 Myocardium] Dice: 87.67
[2024-05-09 19:08:34,834][    INFO] ***** Evaluation ***** >>>> Class [2 Left Ventricle] Dice: 93.62
[2024-05-09 19:08:34,834][    INFO] ***** Evaluation ***** >>>> MeanDice: 89.96

[2024-05-09 19:08:34,949][    INFO] ===========> Epoch: 73, LR: 0.00317, Previous best: 89.96
[2024-05-09 19:08:35,788][    INFO] Iters: 0, Total loss: 0.025, Loss x: 0.030, Loss s: 0.032, Loss w_fp: 0.007, Mask ratio: 0.989
[2024-05-09 19:08:53,502][    INFO] ***** Evaluation ***** >>>> Class [0 Right Ventricle] Dice: 87.10
[2024-05-09 19:08:53,502][    INFO] ***** Evaluation ***** >>>> Class [1 Myocardium] Dice: 87.81
[2024-05-09 19:08:53,502][    INFO] ***** Evaluation ***** >>>> Class [2 Left Ventricle] Dice: 94.08
[2024-05-09 19:08:53,503][    INFO] ***** Evaluation ***** >>>> MeanDice: 89.66

[2024-05-09 19:08:53,587][    INFO] ===========> Epoch: 74, LR: 0.00307, Previous best: 89.96
[2024-05-09 19:08:54,461][    INFO] Iters: 0, Total loss: 0.029, Loss x: 0.043, Loss s: 0.024, Loss w_fp: 0.007, Mask ratio: 0.987
[2024-05-09 19:09:10,103][    INFO] ***** Evaluation ***** >>>> Class [0 Right Ventricle] Dice: 87.69
[2024-05-09 19:09:10,103][    INFO] ***** Evaluation ***** >>>> Class [1 Myocardium] Dice: 87.21
[2024-05-09 19:09:10,103][    INFO] ***** Evaluation ***** >>>> Class [2 Left Ventricle] Dice: 93.63
[2024-05-09 19:09:10,103][    INFO] ***** Evaluation ***** >>>> MeanDice: 89.51

[2024-05-09 19:09:10,150][    INFO] ===========> Epoch: 75, LR: 0.00296, Previous best: 89.96
[2024-05-09 19:09:10,975][    INFO] Iters: 0, Total loss: 0.032, Loss x: 0.037, Loss s: 0.051, Loss w_fp: 0.003, Mask ratio: 0.989
[2024-05-09 19:09:26,011][    INFO] ***** Evaluation ***** >>>> Class [0 Right Ventricle] Dice: 86.86
[2024-05-09 19:09:26,011][    INFO] ***** Evaluation ***** >>>> Class [1 Myocardium] Dice: 86.89
[2024-05-09 19:09:26,011][    INFO] ***** Evaluation ***** >>>> Class [2 Left Ventricle] Dice: 92.88
[2024-05-09 19:09:26,011][    INFO] ***** Evaluation ***** >>>> MeanDice: 88.88

[2024-05-09 19:09:26,083][    INFO] ===========> Epoch: 76, LR: 0.00286, Previous best: 89.96
[2024-05-09 19:09:27,006][    INFO] Iters: 0, Total loss: 0.025, Loss x: 0.027, Loss s: 0.039, Loss w_fp: 0.006, Mask ratio: 0.986
[2024-05-09 19:09:42,201][    INFO] ***** Evaluation ***** >>>> Class [0 Right Ventricle] Dice: 87.97
[2024-05-09 19:09:42,202][    INFO] ***** Evaluation ***** >>>> Class [1 Myocardium] Dice: 87.50
[2024-05-09 19:09:42,202][    INFO] ***** Evaluation ***** >>>> Class [2 Left Ventricle] Dice: 93.61
[2024-05-09 19:09:42,202][    INFO] ***** Evaluation ***** >>>> MeanDice: 89.69

[2024-05-09 19:09:42,274][    INFO] ===========> Epoch: 77, LR: 0.00276, Previous best: 89.96
[2024-05-09 19:09:43,179][    INFO] Iters: 0, Total loss: 0.037, Loss x: 0.037, Loss s: 0.067, Loss w_fp: 0.005, Mask ratio: 0.990
[2024-05-09 19:10:00,797][    INFO] ***** Evaluation ***** >>>> Class [0 Right Ventricle] Dice: 86.37
[2024-05-09 19:10:00,797][    INFO] ***** Evaluation ***** >>>> Class [1 Myocardium] Dice: 86.48
[2024-05-09 19:10:00,797][    INFO] ***** Evaluation ***** >>>> Class [2 Left Ventricle] Dice: 92.77
[2024-05-09 19:10:00,797][    INFO] ***** Evaluation ***** >>>> MeanDice: 88.54

[2024-05-09 19:10:00,869][    INFO] ===========> Epoch: 78, LR: 0.00265, Previous best: 89.96
[2024-05-09 19:10:01,723][    INFO] Iters: 0, Total loss: 0.023, Loss x: 0.032, Loss s: 0.025, Loss w_fp: 0.004, Mask ratio: 0.990
[2024-05-09 19:10:18,163][    INFO] ***** Evaluation ***** >>>> Class [0 Right Ventricle] Dice: 88.04
[2024-05-09 19:10:18,163][    INFO] ***** Evaluation ***** >>>> Class [1 Myocardium] Dice: 86.56
[2024-05-09 19:10:18,163][    INFO] ***** Evaluation ***** >>>> Class [2 Left Ventricle] Dice: 93.76
[2024-05-09 19:10:18,163][    INFO] ***** Evaluation ***** >>>> MeanDice: 89.45

[2024-05-09 19:10:18,237][    INFO] ===========> Epoch: 79, LR: 0.00255, Previous best: 89.96
[2024-05-09 19:10:19,192][    INFO] Iters: 0, Total loss: 0.027, Loss x: 0.030, Loss s: 0.044, Loss w_fp: 0.002, Mask ratio: 0.991
[2024-05-09 19:10:36,611][    INFO] ***** Evaluation ***** >>>> Class [0 Right Ventricle] Dice: 87.14
[2024-05-09 19:10:36,611][    INFO] ***** Evaluation ***** >>>> Class [1 Myocardium] Dice: 87.90
[2024-05-09 19:10:36,611][    INFO] ***** Evaluation ***** >>>> Class [2 Left Ventricle] Dice: 93.64
[2024-05-09 19:10:36,612][    INFO] ***** Evaluation ***** >>>> MeanDice: 89.56

[2024-05-09 19:10:36,684][    INFO] ===========> Epoch: 80, LR: 0.00244, Previous best: 89.96
[2024-05-09 19:10:37,514][    INFO] Iters: 0, Total loss: 0.026, Loss x: 0.030, Loss s: 0.041, Loss w_fp: 0.002, Mask ratio: 0.991
[2024-05-09 19:10:52,173][    INFO] ***** Evaluation ***** >>>> Class [0 Right Ventricle] Dice: 88.36
[2024-05-09 19:10:52,173][    INFO] ***** Evaluation ***** >>>> Class [1 Myocardium] Dice: 86.65
[2024-05-09 19:10:52,173][    INFO] ***** Evaluation ***** >>>> Class [2 Left Ventricle] Dice: 93.58
[2024-05-09 19:10:52,173][    INFO] ***** Evaluation ***** >>>> MeanDice: 89.53

[2024-05-09 19:10:52,244][    INFO] ===========> Epoch: 81, LR: 0.00234, Previous best: 89.96
[2024-05-09 19:10:53,105][    INFO] Iters: 0, Total loss: 0.024, Loss x: 0.032, Loss s: 0.027, Loss w_fp: 0.003, Mask ratio: 0.994
[2024-05-09 19:11:10,357][    INFO] ***** Evaluation ***** >>>> Class [0 Right Ventricle] Dice: 87.35
[2024-05-09 19:11:10,357][    INFO] ***** Evaluation ***** >>>> Class [1 Myocardium] Dice: 87.59
[2024-05-09 19:11:10,357][    INFO] ***** Evaluation ***** >>>> Class [2 Left Ventricle] Dice: 93.88
[2024-05-09 19:11:10,357][    INFO] ***** Evaluation ***** >>>> MeanDice: 89.61

[2024-05-09 19:11:10,429][    INFO] ===========> Epoch: 82, LR: 0.00223, Previous best: 89.96
[2024-05-09 19:11:11,310][    INFO] Iters: 0, Total loss: 0.032, Loss x: 0.033, Loss s: 0.055, Loss w_fp: 0.009, Mask ratio: 0.989
[2024-05-09 19:11:27,923][    INFO] ***** Evaluation ***** >>>> Class [0 Right Ventricle] Dice: 87.62
[2024-05-09 19:11:27,923][    INFO] ***** Evaluation ***** >>>> Class [1 Myocardium] Dice: 86.44
[2024-05-09 19:11:27,923][    INFO] ***** Evaluation ***** >>>> Class [2 Left Ventricle] Dice: 93.53
[2024-05-09 19:11:27,924][    INFO] ***** Evaluation ***** >>>> MeanDice: 89.20

[2024-05-09 19:11:27,996][    INFO] ===========> Epoch: 83, LR: 0.00213, Previous best: 89.96
[2024-05-09 19:11:28,843][    INFO] Iters: 0, Total loss: 0.028, Loss x: 0.030, Loss s: 0.049, Loss w_fp: 0.004, Mask ratio: 0.992
[2024-05-09 19:11:44,198][    INFO] ***** Evaluation ***** >>>> Class [0 Right Ventricle] Dice: 87.21
[2024-05-09 19:11:44,199][    INFO] ***** Evaluation ***** >>>> Class [1 Myocardium] Dice: 87.42
[2024-05-09 19:11:44,199][    INFO] ***** Evaluation ***** >>>> Class [2 Left Ventricle] Dice: 93.38
[2024-05-09 19:11:44,199][    INFO] ***** Evaluation ***** >>>> MeanDice: 89.34

[2024-05-09 19:11:44,263][    INFO] ===========> Epoch: 84, LR: 0.00202, Previous best: 89.96
[2024-05-09 19:11:45,164][    INFO] Iters: 0, Total loss: 0.026, Loss x: 0.036, Loss s: 0.026, Loss w_fp: 0.006, Mask ratio: 0.990
[2024-05-09 19:12:00,179][    INFO] ***** Evaluation ***** >>>> Class [0 Right Ventricle] Dice: 88.42
[2024-05-09 19:12:00,179][    INFO] ***** Evaluation ***** >>>> Class [1 Myocardium] Dice: 87.27
[2024-05-09 19:12:00,179][    INFO] ***** Evaluation ***** >>>> Class [2 Left Ventricle] Dice: 93.71
[2024-05-09 19:12:00,179][    INFO] ***** Evaluation ***** >>>> MeanDice: 89.80

[2024-05-09 19:12:00,251][    INFO] ===========> Epoch: 85, LR: 0.00191, Previous best: 89.96
[2024-05-09 19:12:01,113][    INFO] Iters: 0, Total loss: 0.047, Loss x: 0.041, Loss s: 0.089, Loss w_fp: 0.017, Mask ratio: 0.994
[2024-05-09 19:12:16,143][    INFO] ***** Evaluation ***** >>>> Class [0 Right Ventricle] Dice: 88.23
[2024-05-09 19:12:16,143][    INFO] ***** Evaluation ***** >>>> Class [1 Myocardium] Dice: 88.17
[2024-05-09 19:12:16,143][    INFO] ***** Evaluation ***** >>>> Class [2 Left Ventricle] Dice: 94.35
[2024-05-09 19:12:16,143][    INFO] ***** Evaluation ***** >>>> MeanDice: 90.25

[2024-05-09 19:12:16,236][    INFO] ===========> Epoch: 86, LR: 0.00180, Previous best: 90.25
[2024-05-09 19:12:17,105][    INFO] Iters: 0, Total loss: 0.027, Loss x: 0.034, Loss s: 0.038, Loss w_fp: 0.002, Mask ratio: 0.987
[2024-05-09 19:12:32,546][    INFO] ***** Evaluation ***** >>>> Class [0 Right Ventricle] Dice: 88.09
[2024-05-09 19:12:32,546][    INFO] ***** Evaluation ***** >>>> Class [1 Myocardium] Dice: 87.23
[2024-05-09 19:12:32,546][    INFO] ***** Evaluation ***** >>>> Class [2 Left Ventricle] Dice: 93.37
[2024-05-09 19:12:32,546][    INFO] ***** Evaluation ***** >>>> MeanDice: 89.56

[2024-05-09 19:12:32,593][    INFO] ===========> Epoch: 87, LR: 0.00169, Previous best: 90.25
[2024-05-09 19:12:33,580][    INFO] Iters: 0, Total loss: 0.035, Loss x: 0.036, Loss s: 0.062, Loss w_fp: 0.007, Mask ratio: 0.990
[2024-05-09 19:12:49,327][    INFO] ***** Evaluation ***** >>>> Class [0 Right Ventricle] Dice: 88.26
[2024-05-09 19:12:49,328][    INFO] ***** Evaluation ***** >>>> Class [1 Myocardium] Dice: 87.38
[2024-05-09 19:12:49,328][    INFO] ***** Evaluation ***** >>>> Class [2 Left Ventricle] Dice: 94.06
[2024-05-09 19:12:49,328][    INFO] ***** Evaluation ***** >>>> MeanDice: 89.90

[2024-05-09 19:12:49,400][    INFO] ===========> Epoch: 88, LR: 0.00158, Previous best: 90.25
[2024-05-09 19:12:50,264][    INFO] Iters: 0, Total loss: 0.042, Loss x: 0.032, Loss s: 0.095, Loss w_fp: 0.008, Mask ratio: 0.986
[2024-05-09 19:13:06,199][    INFO] ***** Evaluation ***** >>>> Class [0 Right Ventricle] Dice: 86.40
[2024-05-09 19:13:06,200][    INFO] ***** Evaluation ***** >>>> Class [1 Myocardium] Dice: 85.95
[2024-05-09 19:13:06,200][    INFO] ***** Evaluation ***** >>>> Class [2 Left Ventricle] Dice: 93.23
[2024-05-09 19:13:06,200][    INFO] ***** Evaluation ***** >>>> MeanDice: 88.53

[2024-05-09 19:13:06,273][    INFO] ===========> Epoch: 89, LR: 0.00147, Previous best: 90.25
[2024-05-09 19:13:07,284][    INFO] Iters: 0, Total loss: 0.041, Loss x: 0.043, Loss s: 0.074, Loss w_fp: 0.004, Mask ratio: 0.991
[2024-05-09 19:13:27,676][    INFO] ***** Evaluation ***** >>>> Class [0 Right Ventricle] Dice: 87.43
[2024-05-09 19:13:27,677][    INFO] ***** Evaluation ***** >>>> Class [1 Myocardium] Dice: 86.90
[2024-05-09 19:13:27,677][    INFO] ***** Evaluation ***** >>>> Class [2 Left Ventricle] Dice: 93.00
[2024-05-09 19:13:27,677][    INFO] ***** Evaluation ***** >>>> MeanDice: 89.11

[2024-05-09 19:13:27,740][    INFO] ===========> Epoch: 90, LR: 0.00136, Previous best: 90.25
[2024-05-09 19:13:28,620][    INFO] Iters: 0, Total loss: 0.038, Loss x: 0.035, Loss s: 0.080, Loss w_fp: 0.003, Mask ratio: 0.989
[2024-05-09 19:13:44,583][    INFO] ***** Evaluation ***** >>>> Class [0 Right Ventricle] Dice: 87.67
[2024-05-09 19:13:44,583][    INFO] ***** Evaluation ***** >>>> Class [1 Myocardium] Dice: 86.90
[2024-05-09 19:13:44,584][    INFO] ***** Evaluation ***** >>>> Class [2 Left Ventricle] Dice: 93.76
[2024-05-09 19:13:44,584][    INFO] ***** Evaluation ***** >>>> MeanDice: 89.44

[2024-05-09 19:13:44,655][    INFO] ===========> Epoch: 91, LR: 0.00125, Previous best: 90.25
[2024-05-09 19:13:45,617][    INFO] Iters: 0, Total loss: 0.022, Loss x: 0.020, Loss s: 0.040, Loss w_fp: 0.007, Mask ratio: 0.990
[2024-05-09 19:14:04,990][    INFO] ***** Evaluation ***** >>>> Class [0 Right Ventricle] Dice: 88.10
[2024-05-09 19:14:04,990][    INFO] ***** Evaluation ***** >>>> Class [1 Myocardium] Dice: 87.40
[2024-05-09 19:14:04,990][    INFO] ***** Evaluation ***** >>>> Class [2 Left Ventricle] Dice: 94.16
[2024-05-09 19:14:04,990][    INFO] ***** Evaluation ***** >>>> MeanDice: 89.89

[2024-05-09 19:14:05,061][    INFO] ===========> Epoch: 92, LR: 0.00113, Previous best: 90.25
[2024-05-09 19:14:06,010][    INFO] Iters: 0, Total loss: 0.043, Loss x: 0.062, Loss s: 0.039, Loss w_fp: 0.008, Mask ratio: 0.989
[2024-05-09 19:14:21,322][    INFO] ***** Evaluation ***** >>>> Class [0 Right Ventricle] Dice: 88.10
[2024-05-09 19:14:21,322][    INFO] ***** Evaluation ***** >>>> Class [1 Myocardium] Dice: 87.70
[2024-05-09 19:14:21,322][    INFO] ***** Evaluation ***** >>>> Class [2 Left Ventricle] Dice: 94.03
[2024-05-09 19:14:21,322][    INFO] ***** Evaluation ***** >>>> MeanDice: 89.94

[2024-05-09 19:14:21,388][    INFO] ===========> Epoch: 93, LR: 0.00102, Previous best: 90.25
[2024-05-09 19:14:22,242][    INFO] Iters: 0, Total loss: 0.019, Loss x: 0.025, Loss s: 0.022, Loss w_fp: 0.004, Mask ratio: 0.989
[2024-05-09 19:14:37,607][    INFO] ***** Evaluation ***** >>>> Class [0 Right Ventricle] Dice: 87.86
[2024-05-09 19:14:37,607][    INFO] ***** Evaluation ***** >>>> Class [1 Myocardium] Dice: 87.25
[2024-05-09 19:14:37,608][    INFO] ***** Evaluation ***** >>>> Class [2 Left Ventricle] Dice: 93.73
[2024-05-09 19:14:37,608][    INFO] ***** Evaluation ***** >>>> MeanDice: 89.61

[2024-05-09 19:14:37,678][    INFO] ===========> Epoch: 94, LR: 0.00090, Previous best: 90.25
[2024-05-09 19:14:38,564][    INFO] Iters: 0, Total loss: 0.020, Loss x: 0.030, Loss s: 0.019, Loss w_fp: 0.003, Mask ratio: 0.987
[2024-05-09 19:14:53,770][    INFO] ***** Evaluation ***** >>>> Class [0 Right Ventricle] Dice: 87.80
[2024-05-09 19:14:53,770][    INFO] ***** Evaluation ***** >>>> Class [1 Myocardium] Dice: 87.23
[2024-05-09 19:14:53,770][    INFO] ***** Evaluation ***** >>>> Class [2 Left Ventricle] Dice: 93.84
[2024-05-09 19:14:53,771][    INFO] ***** Evaluation ***** >>>> MeanDice: 89.62

[2024-05-09 19:14:53,853][    INFO] ===========> Epoch: 95, LR: 0.00078, Previous best: 90.25
[2024-05-09 19:14:54,782][    INFO] Iters: 0, Total loss: 0.030, Loss x: 0.029, Loss s: 0.048, Loss w_fp: 0.016, Mask ratio: 0.984
[2024-05-09 19:15:11,528][    INFO] ***** Evaluation ***** >>>> Class [0 Right Ventricle] Dice: 88.02
[2024-05-09 19:15:11,528][    INFO] ***** Evaluation ***** >>>> Class [1 Myocardium] Dice: 87.91
[2024-05-09 19:15:11,528][    INFO] ***** Evaluation ***** >>>> Class [2 Left Ventricle] Dice: 94.04
[2024-05-09 19:15:11,528][    INFO] ***** Evaluation ***** >>>> MeanDice: 89.99

[2024-05-09 19:15:11,574][    INFO] ===========> Epoch: 96, LR: 0.00066, Previous best: 90.25
[2024-05-09 19:15:12,417][    INFO] Iters: 0, Total loss: 0.024, Loss x: 0.026, Loss s: 0.035, Loss w_fp: 0.009, Mask ratio: 0.988
[2024-05-09 19:15:27,342][    INFO] ***** Evaluation ***** >>>> Class [0 Right Ventricle] Dice: 87.80
[2024-05-09 19:15:27,342][    INFO] ***** Evaluation ***** >>>> Class [1 Myocardium] Dice: 87.37
[2024-05-09 19:15:27,342][    INFO] ***** Evaluation ***** >>>> Class [2 Left Ventricle] Dice: 93.82
[2024-05-09 19:15:27,342][    INFO] ***** Evaluation ***** >>>> MeanDice: 89.66

[2024-05-09 19:15:27,388][    INFO] ===========> Epoch: 97, LR: 0.00054, Previous best: 90.25
[2024-05-09 19:15:28,226][    INFO] Iters: 0, Total loss: 0.028, Loss x: 0.039, Loss s: 0.028, Loss w_fp: 0.006, Mask ratio: 0.992
[2024-05-09 19:15:43,662][    INFO] ***** Evaluation ***** >>>> Class [0 Right Ventricle] Dice: 87.97
[2024-05-09 19:15:43,662][    INFO] ***** Evaluation ***** >>>> Class [1 Myocardium] Dice: 87.01
[2024-05-09 19:15:43,662][    INFO] ***** Evaluation ***** >>>> Class [2 Left Ventricle] Dice: 93.56
[2024-05-09 19:15:43,662][    INFO] ***** Evaluation ***** >>>> MeanDice: 89.51

[2024-05-09 19:15:43,709][    INFO] ===========> Epoch: 98, LR: 0.00041, Previous best: 90.25
[2024-05-09 19:15:44,596][    INFO] Iters: 0, Total loss: 0.029, Loss x: 0.047, Loss s: 0.021, Loss w_fp: 0.002, Mask ratio: 0.992
[2024-05-09 19:16:00,291][    INFO] ***** Evaluation ***** >>>> Class [0 Right Ventricle] Dice: 88.25
[2024-05-09 19:16:00,291][    INFO] ***** Evaluation ***** >>>> Class [1 Myocardium] Dice: 87.42
[2024-05-09 19:16:00,291][    INFO] ***** Evaluation ***** >>>> Class [2 Left Ventricle] Dice: 93.71
[2024-05-09 19:16:00,292][    INFO] ***** Evaluation ***** >>>> MeanDice: 89.79

[2024-05-09 19:16:00,365][    INFO] ===========> Epoch: 99, LR: 0.00028, Previous best: 90.25
[2024-05-09 19:16:01,223][    INFO] Iters: 0, Total loss: 0.017, Loss x: 0.025, Loss s: 0.015, Loss w_fp: 0.003, Mask ratio: 0.989
[2024-05-09 19:16:16,051][    INFO] ***** Evaluation ***** >>>> Class [0 Right Ventricle] Dice: 88.00
[2024-05-09 19:16:16,051][    INFO] ***** Evaluation ***** >>>> Class [1 Myocardium] Dice: 87.28
[2024-05-09 19:16:16,051][    INFO] ***** Evaluation ***** >>>> Class [2 Left Ventricle] Dice: 93.72
[2024-05-09 19:16:16,051][    INFO] ***** Evaluation ***** >>>> MeanDice: 89.67

