/var/lib/slurm/slurmd/job04877/slurm_script: line 15: module: command not found
[2024-05-09 17:34:24,182][    INFO] {'batch_size': 12,
 'conf_thresh': 0.95,
 'config': 'configs/ukbb/train/exp3/seed42/config.yaml',
 'crop_size': 256,
 'ctrl': 'age ethnicity',
 'data_desc': 'UKBB Train Data - 264 Patients, 26 Labeled, Rest Unlabeled '
              'Patients',
 'data_root': '/vol/aimspace/projects/ukbb/data/cardiac/cardiac_segmentations/subjects',
 'dataset': 'ukbb',
 'epochs': 100,
 'local_rank': 0,
 'lr': 0.01,
 'mode': 'train',
 'model_desc': 'Unimatch Unet 26 Training on UKBB',
 'nclass': 4,
 'ngpus': 1,
 'num_workers': 1,
 'seed': 42,
 'split': 26,
 'visualize': False}

[2024-05-09 17:34:24,296][    INFO] Total params: 1.8M

[2024-05-09 17:34:26,585][    INFO] ===========> Epoch: 0, LR: 0.01000, Previous best: 0.00
[2024-05-09 17:34:32,244][    INFO] Iters: 0, Total loss: 0.838, Loss x: 1.186, Loss s: 0.267, Loss w_fp: 0.713, Mask ratio: 0.000
[2024-05-09 17:34:51,829][    INFO] ***** Evaluation ***** >>>> Class [0 Right Ventricle] Dice: 0.00
[2024-05-09 17:34:51,829][    INFO] ***** Evaluation ***** >>>> Class [1 Myocardium] Dice: 0.00
[2024-05-09 17:34:51,829][    INFO] ***** Evaluation ***** >>>> Class [2 Left Ventricle] Dice: 0.00
[2024-05-09 17:34:51,829][    INFO] ***** Evaluation ***** >>>> MeanDice: 0.00

[2024-05-09 17:34:51,946][    INFO] ===========> Epoch: 1, LR: 0.00999, Previous best: 0.00
[2024-05-09 17:34:52,946][    INFO] Iters: 0, Total loss: 0.579, Loss x: 0.407, Loss s: 0.751, Loss w_fp: 0.752, Mask ratio: 0.730
[2024-05-09 17:35:09,117][    INFO] ***** Evaluation ***** >>>> Class [0 Right Ventricle] Dice: 0.00
[2024-05-09 17:35:09,117][    INFO] ***** Evaluation ***** >>>> Class [1 Myocardium] Dice: 0.00
[2024-05-09 17:35:09,117][    INFO] ***** Evaluation ***** >>>> Class [2 Left Ventricle] Dice: 0.00
[2024-05-09 17:35:09,117][    INFO] ***** Evaluation ***** >>>> MeanDice: 0.00

[2024-05-09 17:35:09,191][    INFO] ===========> Epoch: 2, LR: 0.00990, Previous best: 0.00
[2024-05-09 17:35:10,071][    INFO] Iters: 0, Total loss: 0.561, Loss x: 0.370, Loss s: 0.751, Loss w_fp: 0.752, Mask ratio: 0.673
[2024-05-09 17:35:27,734][    INFO] ***** Evaluation ***** >>>> Class [0 Right Ventricle] Dice: 0.00
[2024-05-09 17:35:27,734][    INFO] ***** Evaluation ***** >>>> Class [1 Myocardium] Dice: 30.91
[2024-05-09 17:35:27,734][    INFO] ***** Evaluation ***** >>>> Class [2 Left Ventricle] Dice: 0.00
[2024-05-09 17:35:27,734][    INFO] ***** Evaluation ***** >>>> MeanDice: 10.30

[2024-05-09 17:35:27,826][    INFO] ===========> Epoch: 3, LR: 0.00981, Previous best: 10.30
[2024-05-09 17:35:28,720][    INFO] Iters: 0, Total loss: 0.543, Loss x: 0.333, Loss s: 0.752, Loss w_fp: 0.752, Mask ratio: 0.720
[2024-05-09 17:35:44,299][    INFO] ***** Evaluation ***** >>>> Class [0 Right Ventricle] Dice: 0.00
[2024-05-09 17:35:44,300][    INFO] ***** Evaluation ***** >>>> Class [1 Myocardium] Dice: 45.10
[2024-05-09 17:35:44,300][    INFO] ***** Evaluation ***** >>>> Class [2 Left Ventricle] Dice: 24.89
[2024-05-09 17:35:44,300][    INFO] ***** Evaluation ***** >>>> MeanDice: 23.33

[2024-05-09 17:35:44,390][    INFO] ===========> Epoch: 4, LR: 0.00972, Previous best: 23.33
[2024-05-09 17:35:45,283][    INFO] Iters: 0, Total loss: 0.525, Loss x: 0.298, Loss s: 0.752, Loss w_fp: 0.752, Mask ratio: 0.816
[2024-05-09 17:36:02,199][    INFO] ***** Evaluation ***** >>>> Class [0 Right Ventricle] Dice: 6.57
[2024-05-09 17:36:02,200][    INFO] ***** Evaluation ***** >>>> Class [1 Myocardium] Dice: 53.97
[2024-05-09 17:36:02,200][    INFO] ***** Evaluation ***** >>>> Class [2 Left Ventricle] Dice: 60.39
[2024-05-09 17:36:02,200][    INFO] ***** Evaluation ***** >>>> MeanDice: 40.31

[2024-05-09 17:36:02,316][    INFO] ===========> Epoch: 5, LR: 0.00963, Previous best: 40.31
[2024-05-09 17:36:03,165][    INFO] Iters: 0, Total loss: 0.422, Loss x: 0.218, Loss s: 0.697, Loss w_fp: 0.556, Mask ratio: 0.916
[2024-05-09 17:36:19,767][    INFO] ***** Evaluation ***** >>>> Class [0 Right Ventricle] Dice: 36.62
[2024-05-09 17:36:19,767][    INFO] ***** Evaluation ***** >>>> Class [1 Myocardium] Dice: 62.66
[2024-05-09 17:36:19,767][    INFO] ***** Evaluation ***** >>>> Class [2 Left Ventricle] Dice: 68.23
[2024-05-09 17:36:19,767][    INFO] ***** Evaluation ***** >>>> MeanDice: 55.84

[2024-05-09 17:36:19,881][    INFO] ===========> Epoch: 6, LR: 0.00954, Previous best: 55.84
[2024-05-09 17:36:20,722][    INFO] Iters: 0, Total loss: 0.253, Loss x: 0.170, Loss s: 0.393, Loss w_fp: 0.282, Mask ratio: 0.952
[2024-05-09 17:36:40,594][    INFO] ***** Evaluation ***** >>>> Class [0 Right Ventricle] Dice: 14.74
[2024-05-09 17:36:40,595][    INFO] ***** Evaluation ***** >>>> Class [1 Myocardium] Dice: 39.50
[2024-05-09 17:36:40,595][    INFO] ***** Evaluation ***** >>>> Class [2 Left Ventricle] Dice: 48.20
[2024-05-09 17:36:40,595][    INFO] ***** Evaluation ***** >>>> MeanDice: 34.14

[2024-05-09 17:36:40,668][    INFO] ===========> Epoch: 7, LR: 0.00945, Previous best: 55.84
[2024-05-09 17:36:41,516][    INFO] Iters: 0, Total loss: 0.231, Loss x: 0.192, Loss s: 0.284, Loss w_fp: 0.255, Mask ratio: 0.962
[2024-05-09 17:36:57,948][    INFO] ***** Evaluation ***** >>>> Class [0 Right Ventricle] Dice: 59.92
[2024-05-09 17:36:57,948][    INFO] ***** Evaluation ***** >>>> Class [1 Myocardium] Dice: 73.46
[2024-05-09 17:36:57,949][    INFO] ***** Evaluation ***** >>>> Class [2 Left Ventricle] Dice: 84.56
[2024-05-09 17:36:57,949][    INFO] ***** Evaluation ***** >>>> MeanDice: 72.65

[2024-05-09 17:36:58,065][    INFO] ===========> Epoch: 8, LR: 0.00936, Previous best: 72.65
[2024-05-09 17:36:58,968][    INFO] Iters: 0, Total loss: 0.219, Loss x: 0.154, Loss s: 0.311, Loss w_fp: 0.258, Mask ratio: 0.967
[2024-05-09 17:37:15,402][    INFO] ***** Evaluation ***** >>>> Class [0 Right Ventricle] Dice: 39.25
[2024-05-09 17:37:15,402][    INFO] ***** Evaluation ***** >>>> Class [1 Myocardium] Dice: 73.83
[2024-05-09 17:37:15,403][    INFO] ***** Evaluation ***** >>>> Class [2 Left Ventricle] Dice: 80.40
[2024-05-09 17:37:15,403][    INFO] ***** Evaluation ***** >>>> MeanDice: 64.50

[2024-05-09 17:37:15,476][    INFO] ===========> Epoch: 9, LR: 0.00927, Previous best: 72.65
[2024-05-09 17:37:16,461][    INFO] Iters: 0, Total loss: 0.137, Loss x: 0.150, Loss s: 0.214, Loss w_fp: 0.035, Mask ratio: 0.970
[2024-05-09 17:37:33,673][    INFO] ***** Evaluation ***** >>>> Class [0 Right Ventricle] Dice: 70.92
[2024-05-09 17:37:33,673][    INFO] ***** Evaluation ***** >>>> Class [1 Myocardium] Dice: 77.98
[2024-05-09 17:37:33,673][    INFO] ***** Evaluation ***** >>>> Class [2 Left Ventricle] Dice: 89.07
[2024-05-09 17:37:33,674][    INFO] ***** Evaluation ***** >>>> MeanDice: 79.33

[2024-05-09 17:37:33,790][    INFO] ===========> Epoch: 10, LR: 0.00918, Previous best: 79.33
[2024-05-09 17:37:35,016][    INFO] Iters: 0, Total loss: 0.102, Loss x: 0.131, Loss s: 0.114, Loss w_fp: 0.034, Mask ratio: 0.968
[2024-05-09 17:37:51,571][    INFO] ***** Evaluation ***** >>>> Class [0 Right Ventricle] Dice: 75.31
[2024-05-09 17:37:51,572][    INFO] ***** Evaluation ***** >>>> Class [1 Myocardium] Dice: 76.11
[2024-05-09 17:37:51,572][    INFO] ***** Evaluation ***** >>>> Class [2 Left Ventricle] Dice: 88.14
[2024-05-09 17:37:51,572][    INFO] ***** Evaluation ***** >>>> MeanDice: 79.85

[2024-05-09 17:37:51,686][    INFO] ===========> Epoch: 11, LR: 0.00909, Previous best: 79.85
[2024-05-09 17:37:52,701][    INFO] Iters: 0, Total loss: 0.068, Loss x: 0.073, Loss s: 0.100, Loss w_fp: 0.024, Mask ratio: 0.980
[2024-05-09 17:38:08,604][    INFO] ***** Evaluation ***** >>>> Class [0 Right Ventricle] Dice: 74.52
[2024-05-09 17:38:08,604][    INFO] ***** Evaluation ***** >>>> Class [1 Myocardium] Dice: 81.27
[2024-05-09 17:38:08,604][    INFO] ***** Evaluation ***** >>>> Class [2 Left Ventricle] Dice: 90.46
[2024-05-09 17:38:08,604][    INFO] ***** Evaluation ***** >>>> MeanDice: 82.08

[2024-05-09 17:38:08,733][    INFO] ===========> Epoch: 12, LR: 0.00899, Previous best: 82.08
[2024-05-09 17:38:09,587][    INFO] Iters: 0, Total loss: 0.055, Loss x: 0.079, Loss s: 0.053, Loss w_fp: 0.010, Mask ratio: 0.983
[2024-05-09 17:38:26,176][    INFO] ***** Evaluation ***** >>>> Class [0 Right Ventricle] Dice: 74.54
[2024-05-09 17:38:26,176][    INFO] ***** Evaluation ***** >>>> Class [1 Myocardium] Dice: 80.94
[2024-05-09 17:38:26,176][    INFO] ***** Evaluation ***** >>>> Class [2 Left Ventricle] Dice: 89.17
[2024-05-09 17:38:26,177][    INFO] ***** Evaluation ***** >>>> MeanDice: 81.55

[2024-05-09 17:38:26,250][    INFO] ===========> Epoch: 13, LR: 0.00890, Previous best: 82.08
[2024-05-09 17:38:27,118][    INFO] Iters: 0, Total loss: 0.082, Loss x: 0.078, Loss s: 0.144, Loss w_fp: 0.029, Mask ratio: 0.987
[2024-05-09 17:38:43,679][    INFO] ***** Evaluation ***** >>>> Class [0 Right Ventricle] Dice: 79.41
[2024-05-09 17:38:43,680][    INFO] ***** Evaluation ***** >>>> Class [1 Myocardium] Dice: 79.49
[2024-05-09 17:38:43,680][    INFO] ***** Evaluation ***** >>>> Class [2 Left Ventricle] Dice: 91.67
[2024-05-09 17:38:43,680][    INFO] ***** Evaluation ***** >>>> MeanDice: 83.53

[2024-05-09 17:38:43,817][    INFO] ===========> Epoch: 14, LR: 0.00881, Previous best: 83.53
[2024-05-09 17:38:44,811][    INFO] Iters: 0, Total loss: 0.056, Loss x: 0.063, Loss s: 0.089, Loss w_fp: 0.007, Mask ratio: 0.988
[2024-05-09 17:39:00,821][    INFO] ***** Evaluation ***** >>>> Class [0 Right Ventricle] Dice: 79.87
[2024-05-09 17:39:00,821][    INFO] ***** Evaluation ***** >>>> Class [1 Myocardium] Dice: 80.23
[2024-05-09 17:39:00,821][    INFO] ***** Evaluation ***** >>>> Class [2 Left Ventricle] Dice: 89.86
[2024-05-09 17:39:00,821][    INFO] ***** Evaluation ***** >>>> MeanDice: 83.32

[2024-05-09 17:39:00,870][    INFO] ===========> Epoch: 15, LR: 0.00872, Previous best: 83.53
[2024-05-09 17:39:01,762][    INFO] Iters: 0, Total loss: 0.051, Loss x: 0.070, Loss s: 0.056, Loss w_fp: 0.009, Mask ratio: 0.985
[2024-05-09 17:39:17,830][    INFO] ***** Evaluation ***** >>>> Class [0 Right Ventricle] Dice: 80.87
[2024-05-09 17:39:17,830][    INFO] ***** Evaluation ***** >>>> Class [1 Myocardium] Dice: 79.87
[2024-05-09 17:39:17,830][    INFO] ***** Evaluation ***** >>>> Class [2 Left Ventricle] Dice: 89.68
[2024-05-09 17:39:17,830][    INFO] ***** Evaluation ***** >>>> MeanDice: 83.47

[2024-05-09 17:39:17,903][    INFO] ===========> Epoch: 16, LR: 0.00863, Previous best: 83.53
[2024-05-09 17:39:18,779][    INFO] Iters: 0, Total loss: 0.084, Loss x: 0.108, Loss s: 0.102, Loss w_fp: 0.020, Mask ratio: 0.984
[2024-05-09 17:39:34,884][    INFO] ***** Evaluation ***** >>>> Class [0 Right Ventricle] Dice: 79.95
[2024-05-09 17:39:34,884][    INFO] ***** Evaluation ***** >>>> Class [1 Myocardium] Dice: 80.75
[2024-05-09 17:39:34,884][    INFO] ***** Evaluation ***** >>>> Class [2 Left Ventricle] Dice: 91.95
[2024-05-09 17:39:34,884][    INFO] ***** Evaluation ***** >>>> MeanDice: 84.22

[2024-05-09 17:39:34,977][    INFO] ===========> Epoch: 17, LR: 0.00854, Previous best: 84.22
[2024-05-09 17:39:35,804][    INFO] Iters: 0, Total loss: 0.054, Loss x: 0.070, Loss s: 0.069, Loss w_fp: 0.006, Mask ratio: 0.984
[2024-05-09 17:39:51,277][    INFO] ***** Evaluation ***** >>>> Class [0 Right Ventricle] Dice: 79.63
[2024-05-09 17:39:51,277][    INFO] ***** Evaluation ***** >>>> Class [1 Myocardium] Dice: 80.24
[2024-05-09 17:39:51,277][    INFO] ***** Evaluation ***** >>>> Class [2 Left Ventricle] Dice: 91.77
[2024-05-09 17:39:51,277][    INFO] ***** Evaluation ***** >>>> MeanDice: 83.88

[2024-05-09 17:39:51,326][    INFO] ===========> Epoch: 18, LR: 0.00845, Previous best: 84.22
[2024-05-09 17:39:52,292][    INFO] Iters: 0, Total loss: 0.069, Loss x: 0.078, Loss s: 0.109, Loss w_fp: 0.012, Mask ratio: 0.989
[2024-05-09 17:40:08,121][    INFO] ***** Evaluation ***** >>>> Class [0 Right Ventricle] Dice: 81.95
[2024-05-09 17:40:08,122][    INFO] ***** Evaluation ***** >>>> Class [1 Myocardium] Dice: 79.55
[2024-05-09 17:40:08,122][    INFO] ***** Evaluation ***** >>>> Class [2 Left Ventricle] Dice: 91.64
[2024-05-09 17:40:08,122][    INFO] ***** Evaluation ***** >>>> MeanDice: 84.38

[2024-05-09 17:40:08,233][    INFO] ===========> Epoch: 19, LR: 0.00835, Previous best: 84.38
[2024-05-09 17:40:09,145][    INFO] Iters: 0, Total loss: 0.034, Loss x: 0.057, Loss s: 0.022, Loss w_fp: 0.003, Mask ratio: 0.989
[2024-05-09 17:40:25,023][    INFO] ***** Evaluation ***** >>>> Class [0 Right Ventricle] Dice: 82.05
[2024-05-09 17:40:25,023][    INFO] ***** Evaluation ***** >>>> Class [1 Myocardium] Dice: 82.40
[2024-05-09 17:40:25,023][    INFO] ***** Evaluation ***** >>>> Class [2 Left Ventricle] Dice: 90.86
[2024-05-09 17:40:25,023][    INFO] ***** Evaluation ***** >>>> MeanDice: 85.10

[2024-05-09 17:40:25,138][    INFO] ===========> Epoch: 20, LR: 0.00826, Previous best: 85.10
[2024-05-09 17:40:26,086][    INFO] Iters: 0, Total loss: 0.053, Loss x: 0.066, Loss s: 0.065, Loss w_fp: 0.014, Mask ratio: 0.989
[2024-05-09 17:40:43,207][    INFO] ***** Evaluation ***** >>>> Class [0 Right Ventricle] Dice: 82.40
[2024-05-09 17:40:43,207][    INFO] ***** Evaluation ***** >>>> Class [1 Myocardium] Dice: 82.93
[2024-05-09 17:40:43,207][    INFO] ***** Evaluation ***** >>>> Class [2 Left Ventricle] Dice: 92.54
[2024-05-09 17:40:43,207][    INFO] ***** Evaluation ***** >>>> MeanDice: 85.96

[2024-05-09 17:40:43,300][    INFO] ===========> Epoch: 21, LR: 0.00817, Previous best: 85.96
[2024-05-09 17:40:44,224][    INFO] Iters: 0, Total loss: 0.055, Loss x: 0.078, Loss s: 0.045, Loss w_fp: 0.019, Mask ratio: 0.981
[2024-05-09 17:40:59,885][    INFO] ***** Evaluation ***** >>>> Class [0 Right Ventricle] Dice: 83.61
[2024-05-09 17:40:59,885][    INFO] ***** Evaluation ***** >>>> Class [1 Myocardium] Dice: 83.44
[2024-05-09 17:40:59,885][    INFO] ***** Evaluation ***** >>>> Class [2 Left Ventricle] Dice: 92.88
[2024-05-09 17:40:59,885][    INFO] ***** Evaluation ***** >>>> MeanDice: 86.64

[2024-05-09 17:40:59,975][    INFO] ===========> Epoch: 22, LR: 0.00808, Previous best: 86.64
[2024-05-09 17:41:00,863][    INFO] Iters: 0, Total loss: 0.040, Loss x: 0.059, Loss s: 0.033, Loss w_fp: 0.007, Mask ratio: 0.986
[2024-05-09 17:41:15,876][    INFO] ***** Evaluation ***** >>>> Class [0 Right Ventricle] Dice: 80.38
[2024-05-09 17:41:15,876][    INFO] ***** Evaluation ***** >>>> Class [1 Myocardium] Dice: 79.15
[2024-05-09 17:41:15,876][    INFO] ***** Evaluation ***** >>>> Class [2 Left Ventricle] Dice: 91.62
[2024-05-09 17:41:15,876][    INFO] ***** Evaluation ***** >>>> MeanDice: 83.72

[2024-05-09 17:41:15,948][    INFO] ===========> Epoch: 23, LR: 0.00799, Previous best: 86.64
[2024-05-09 17:41:16,833][    INFO] Iters: 0, Total loss: 0.041, Loss x: 0.048, Loss s: 0.063, Loss w_fp: 0.003, Mask ratio: 0.987
[2024-05-09 17:41:33,176][    INFO] ***** Evaluation ***** >>>> Class [0 Right Ventricle] Dice: 82.37
[2024-05-09 17:41:33,176][    INFO] ***** Evaluation ***** >>>> Class [1 Myocardium] Dice: 83.95
[2024-05-09 17:41:33,176][    INFO] ***** Evaluation ***** >>>> Class [2 Left Ventricle] Dice: 93.14
[2024-05-09 17:41:33,176][    INFO] ***** Evaluation ***** >>>> MeanDice: 86.49

[2024-05-09 17:41:33,249][    INFO] ===========> Epoch: 24, LR: 0.00789, Previous best: 86.64
[2024-05-09 17:41:34,144][    INFO] Iters: 0, Total loss: 0.041, Loss x: 0.049, Loss s: 0.060, Loss w_fp: 0.007, Mask ratio: 0.991
[2024-05-09 17:41:53,219][    INFO] ***** Evaluation ***** >>>> Class [0 Right Ventricle] Dice: 82.22
[2024-05-09 17:41:53,220][    INFO] ***** Evaluation ***** >>>> Class [1 Myocardium] Dice: 81.90
[2024-05-09 17:41:53,220][    INFO] ***** Evaluation ***** >>>> Class [2 Left Ventricle] Dice: 92.95
[2024-05-09 17:41:53,220][    INFO] ***** Evaluation ***** >>>> MeanDice: 85.69

[2024-05-09 17:41:53,294][    INFO] ===========> Epoch: 25, LR: 0.00780, Previous best: 86.64
[2024-05-09 17:41:54,206][    INFO] Iters: 0, Total loss: 0.040, Loss x: 0.042, Loss s: 0.066, Loss w_fp: 0.013, Mask ratio: 0.984
[2024-05-09 17:42:11,361][    INFO] ***** Evaluation ***** >>>> Class [0 Right Ventricle] Dice: 83.15
[2024-05-09 17:42:11,362][    INFO] ***** Evaluation ***** >>>> Class [1 Myocardium] Dice: 82.41
[2024-05-09 17:42:11,362][    INFO] ***** Evaluation ***** >>>> Class [2 Left Ventricle] Dice: 93.10
[2024-05-09 17:42:11,362][    INFO] ***** Evaluation ***** >>>> MeanDice: 86.22

[2024-05-09 17:42:11,434][    INFO] ===========> Epoch: 26, LR: 0.00771, Previous best: 86.64
[2024-05-09 17:42:12,290][    INFO] Iters: 0, Total loss: 0.049, Loss x: 0.057, Loss s: 0.071, Loss w_fp: 0.014, Mask ratio: 0.989
[2024-05-09 17:42:27,802][    INFO] ***** Evaluation ***** >>>> Class [0 Right Ventricle] Dice: 84.52
[2024-05-09 17:42:27,802][    INFO] ***** Evaluation ***** >>>> Class [1 Myocardium] Dice: 82.97
[2024-05-09 17:42:27,802][    INFO] ***** Evaluation ***** >>>> Class [2 Left Ventricle] Dice: 92.01
[2024-05-09 17:42:27,802][    INFO] ***** Evaluation ***** >>>> MeanDice: 86.50

[2024-05-09 17:42:27,849][    INFO] ===========> Epoch: 27, LR: 0.00762, Previous best: 86.64
[2024-05-09 17:42:28,716][    INFO] Iters: 0, Total loss: 0.032, Loss x: 0.044, Loss s: 0.031, Loss w_fp: 0.008, Mask ratio: 0.987
[2024-05-09 17:42:44,419][    INFO] ***** Evaluation ***** >>>> Class [0 Right Ventricle] Dice: 84.23
[2024-05-09 17:42:44,419][    INFO] ***** Evaluation ***** >>>> Class [1 Myocardium] Dice: 82.42
[2024-05-09 17:42:44,419][    INFO] ***** Evaluation ***** >>>> Class [2 Left Ventricle] Dice: 90.84
[2024-05-09 17:42:44,419][    INFO] ***** Evaluation ***** >>>> MeanDice: 85.83

[2024-05-09 17:42:44,491][    INFO] ===========> Epoch: 28, LR: 0.00752, Previous best: 86.64
[2024-05-09 17:42:45,359][    INFO] Iters: 0, Total loss: 0.039, Loss x: 0.043, Loss s: 0.066, Loss w_fp: 0.006, Mask ratio: 0.984
[2024-05-09 17:43:01,078][    INFO] ***** Evaluation ***** >>>> Class [0 Right Ventricle] Dice: 84.74
[2024-05-09 17:43:01,079][    INFO] ***** Evaluation ***** >>>> Class [1 Myocardium] Dice: 84.33
[2024-05-09 17:43:01,079][    INFO] ***** Evaluation ***** >>>> Class [2 Left Ventricle] Dice: 93.33
[2024-05-09 17:43:01,079][    INFO] ***** Evaluation ***** >>>> MeanDice: 87.47

[2024-05-09 17:43:01,198][    INFO] ===========> Epoch: 29, LR: 0.00743, Previous best: 87.47
[2024-05-09 17:43:02,030][    INFO] Iters: 0, Total loss: 0.033, Loss x: 0.051, Loss s: 0.027, Loss w_fp: 0.006, Mask ratio: 0.989
[2024-05-09 17:43:18,215][    INFO] ***** Evaluation ***** >>>> Class [0 Right Ventricle] Dice: 84.76
[2024-05-09 17:43:18,215][    INFO] ***** Evaluation ***** >>>> Class [1 Myocardium] Dice: 84.03
[2024-05-09 17:43:18,215][    INFO] ***** Evaluation ***** >>>> Class [2 Left Ventricle] Dice: 93.42
[2024-05-09 17:43:18,215][    INFO] ***** Evaluation ***** >>>> MeanDice: 87.40

[2024-05-09 17:43:18,290][    INFO] ===========> Epoch: 30, LR: 0.00734, Previous best: 87.47
[2024-05-09 17:43:19,276][    INFO] Iters: 0, Total loss: 0.043, Loss x: 0.056, Loss s: 0.058, Loss w_fp: 0.004, Mask ratio: 0.988
[2024-05-09 17:43:35,970][    INFO] ***** Evaluation ***** >>>> Class [0 Right Ventricle] Dice: 84.79
[2024-05-09 17:43:35,970][    INFO] ***** Evaluation ***** >>>> Class [1 Myocardium] Dice: 85.91
[2024-05-09 17:43:35,970][    INFO] ***** Evaluation ***** >>>> Class [2 Left Ventricle] Dice: 93.96
[2024-05-09 17:43:35,970][    INFO] ***** Evaluation ***** >>>> MeanDice: 88.22

[2024-05-09 17:43:36,064][    INFO] ===========> Epoch: 31, LR: 0.00724, Previous best: 88.22
[2024-05-09 17:43:37,076][    INFO] Iters: 0, Total loss: 0.030, Loss x: 0.044, Loss s: 0.027, Loss w_fp: 0.004, Mask ratio: 0.988
[2024-05-09 17:43:53,255][    INFO] ***** Evaluation ***** >>>> Class [0 Right Ventricle] Dice: 85.24
[2024-05-09 17:43:53,255][    INFO] ***** Evaluation ***** >>>> Class [1 Myocardium] Dice: 85.29
[2024-05-09 17:43:53,255][    INFO] ***** Evaluation ***** >>>> Class [2 Left Ventricle] Dice: 93.89
[2024-05-09 17:43:53,255][    INFO] ***** Evaluation ***** >>>> MeanDice: 88.14

[2024-05-09 17:43:53,327][    INFO] ===========> Epoch: 32, LR: 0.00715, Previous best: 88.22
[2024-05-09 17:43:54,214][    INFO] Iters: 0, Total loss: 0.061, Loss x: 0.055, Loss s: 0.122, Loss w_fp: 0.011, Mask ratio: 0.993
[2024-05-09 17:44:12,355][    INFO] ***** Evaluation ***** >>>> Class [0 Right Ventricle] Dice: 85.12
[2024-05-09 17:44:12,355][    INFO] ***** Evaluation ***** >>>> Class [1 Myocardium] Dice: 84.63
[2024-05-09 17:44:12,356][    INFO] ***** Evaluation ***** >>>> Class [2 Left Ventricle] Dice: 94.20
[2024-05-09 17:44:12,356][    INFO] ***** Evaluation ***** >>>> MeanDice: 87.98

[2024-05-09 17:44:12,428][    INFO] ===========> Epoch: 33, LR: 0.00706, Previous best: 88.22
[2024-05-09 17:44:13,419][    INFO] Iters: 0, Total loss: 0.033, Loss x: 0.041, Loss s: 0.046, Loss w_fp: 0.005, Mask ratio: 0.987
[2024-05-09 17:44:34,756][    INFO] ***** Evaluation ***** >>>> Class [0 Right Ventricle] Dice: 84.75
[2024-05-09 17:44:34,756][    INFO] ***** Evaluation ***** >>>> Class [1 Myocardium] Dice: 84.60
[2024-05-09 17:44:34,756][    INFO] ***** Evaluation ***** >>>> Class [2 Left Ventricle] Dice: 92.95
[2024-05-09 17:44:34,756][    INFO] ***** Evaluation ***** >>>> MeanDice: 87.43

[2024-05-09 17:44:34,828][    INFO] ===========> Epoch: 34, LR: 0.00696, Previous best: 88.22
[2024-05-09 17:44:35,711][    INFO] Iters: 0, Total loss: 0.053, Loss x: 0.050, Loss s: 0.108, Loss w_fp: 0.003, Mask ratio: 0.992
[2024-05-09 17:44:52,622][    INFO] ***** Evaluation ***** >>>> Class [0 Right Ventricle] Dice: 84.65
[2024-05-09 17:44:52,622][    INFO] ***** Evaluation ***** >>>> Class [1 Myocardium] Dice: 84.72
[2024-05-09 17:44:52,622][    INFO] ***** Evaluation ***** >>>> Class [2 Left Ventricle] Dice: 93.49
[2024-05-09 17:44:52,622][    INFO] ***** Evaluation ***** >>>> MeanDice: 87.62

[2024-05-09 17:44:52,697][    INFO] ===========> Epoch: 35, LR: 0.00687, Previous best: 88.22
[2024-05-09 17:44:53,561][    INFO] Iters: 0, Total loss: 0.051, Loss x: 0.081, Loss s: 0.037, Loss w_fp: 0.006, Mask ratio: 0.988
[2024-05-09 17:45:09,352][    INFO] ***** Evaluation ***** >>>> Class [0 Right Ventricle] Dice: 85.11
[2024-05-09 17:45:09,353][    INFO] ***** Evaluation ***** >>>> Class [1 Myocardium] Dice: 85.57
[2024-05-09 17:45:09,353][    INFO] ***** Evaluation ***** >>>> Class [2 Left Ventricle] Dice: 94.00
[2024-05-09 17:45:09,353][    INFO] ***** Evaluation ***** >>>> MeanDice: 88.23

[2024-05-09 17:45:09,460][    INFO] ===========> Epoch: 36, LR: 0.00678, Previous best: 88.23
[2024-05-09 17:45:10,493][    INFO] Iters: 0, Total loss: 0.037, Loss x: 0.049, Loss s: 0.047, Loss w_fp: 0.004, Mask ratio: 0.994
[2024-05-09 17:45:25,920][    INFO] ***** Evaluation ***** >>>> Class [0 Right Ventricle] Dice: 86.12
[2024-05-09 17:45:25,920][    INFO] ***** Evaluation ***** >>>> Class [1 Myocardium] Dice: 83.50
[2024-05-09 17:45:25,920][    INFO] ***** Evaluation ***** >>>> Class [2 Left Ventricle] Dice: 93.70
[2024-05-09 17:45:25,920][    INFO] ***** Evaluation ***** >>>> MeanDice: 87.77

[2024-05-09 17:45:26,000][    INFO] ===========> Epoch: 37, LR: 0.00668, Previous best: 88.23
[2024-05-09 17:45:26,874][    INFO] Iters: 0, Total loss: 0.039, Loss x: 0.047, Loss s: 0.056, Loss w_fp: 0.007, Mask ratio: 0.986
[2024-05-09 17:45:43,311][    INFO] ***** Evaluation ***** >>>> Class [0 Right Ventricle] Dice: 85.05
[2024-05-09 17:45:43,311][    INFO] ***** Evaluation ***** >>>> Class [1 Myocardium] Dice: 82.84
[2024-05-09 17:45:43,311][    INFO] ***** Evaluation ***** >>>> Class [2 Left Ventricle] Dice: 93.04
[2024-05-09 17:45:43,311][    INFO] ***** Evaluation ***** >>>> MeanDice: 86.98

[2024-05-09 17:45:43,385][    INFO] ===========> Epoch: 38, LR: 0.00659, Previous best: 88.23
[2024-05-09 17:45:44,235][    INFO] Iters: 0, Total loss: 0.037, Loss x: 0.054, Loss s: 0.035, Loss w_fp: 0.004, Mask ratio: 0.986
[2024-05-09 17:45:59,731][    INFO] ***** Evaluation ***** >>>> Class [0 Right Ventricle] Dice: 83.70
[2024-05-09 17:45:59,731][    INFO] ***** Evaluation ***** >>>> Class [1 Myocardium] Dice: 81.71
[2024-05-09 17:45:59,731][    INFO] ***** Evaluation ***** >>>> Class [2 Left Ventricle] Dice: 93.07
[2024-05-09 17:45:59,731][    INFO] ***** Evaluation ***** >>>> MeanDice: 86.16

[2024-05-09 17:45:59,806][    INFO] ===========> Epoch: 39, LR: 0.00649, Previous best: 88.23
[2024-05-09 17:46:00,657][    INFO] Iters: 0, Total loss: 0.051, Loss x: 0.066, Loss s: 0.063, Loss w_fp: 0.009, Mask ratio: 0.990
[2024-05-09 17:46:16,706][    INFO] ***** Evaluation ***** >>>> Class [0 Right Ventricle] Dice: 84.73
[2024-05-09 17:46:16,706][    INFO] ***** Evaluation ***** >>>> Class [1 Myocardium] Dice: 82.68
[2024-05-09 17:46:16,706][    INFO] ***** Evaluation ***** >>>> Class [2 Left Ventricle] Dice: 93.18
[2024-05-09 17:46:16,706][    INFO] ***** Evaluation ***** >>>> MeanDice: 86.87

[2024-05-09 17:46:16,754][    INFO] ===========> Epoch: 40, LR: 0.00640, Previous best: 88.23
[2024-05-09 17:46:17,604][    INFO] Iters: 0, Total loss: 0.044, Loss x: 0.053, Loss s: 0.061, Loss w_fp: 0.008, Mask ratio: 0.987
[2024-05-09 17:46:34,778][    INFO] ***** Evaluation ***** >>>> Class [0 Right Ventricle] Dice: 84.70
[2024-05-09 17:46:34,779][    INFO] ***** Evaluation ***** >>>> Class [1 Myocardium] Dice: 84.66
[2024-05-09 17:46:34,779][    INFO] ***** Evaluation ***** >>>> Class [2 Left Ventricle] Dice: 93.86
[2024-05-09 17:46:34,779][    INFO] ***** Evaluation ***** >>>> MeanDice: 87.74

[2024-05-09 17:46:34,850][    INFO] ===========> Epoch: 41, LR: 0.00630, Previous best: 88.23
[2024-05-09 17:46:35,721][    INFO] Iters: 0, Total loss: 0.046, Loss x: 0.049, Loss s: 0.082, Loss w_fp: 0.006, Mask ratio: 0.991
[2024-05-09 17:46:51,356][    INFO] ***** Evaluation ***** >>>> Class [0 Right Ventricle] Dice: 84.82
[2024-05-09 17:46:51,357][    INFO] ***** Evaluation ***** >>>> Class [1 Myocardium] Dice: 84.16
[2024-05-09 17:46:51,357][    INFO] ***** Evaluation ***** >>>> Class [2 Left Ventricle] Dice: 93.23
[2024-05-09 17:46:51,357][    INFO] ***** Evaluation ***** >>>> MeanDice: 87.40

[2024-05-09 17:46:51,420][    INFO] ===========> Epoch: 42, LR: 0.00621, Previous best: 88.23
[2024-05-09 17:46:52,302][    INFO] Iters: 0, Total loss: 0.036, Loss x: 0.041, Loss s: 0.057, Loss w_fp: 0.006, Mask ratio: 0.986
[2024-05-09 17:47:11,957][    INFO] ***** Evaluation ***** >>>> Class [0 Right Ventricle] Dice: 80.07
[2024-05-09 17:47:11,957][    INFO] ***** Evaluation ***** >>>> Class [1 Myocardium] Dice: 83.06
[2024-05-09 17:47:11,957][    INFO] ***** Evaluation ***** >>>> Class [2 Left Ventricle] Dice: 93.19
[2024-05-09 17:47:11,957][    INFO] ***** Evaluation ***** >>>> MeanDice: 85.44

[2024-05-09 17:47:12,028][    INFO] ===========> Epoch: 43, LR: 0.00611, Previous best: 88.23
[2024-05-09 17:47:12,935][    INFO] Iters: 0, Total loss: 0.038, Loss x: 0.050, Loss s: 0.045, Loss w_fp: 0.009, Mask ratio: 0.988
[2024-05-09 17:47:31,084][    INFO] ***** Evaluation ***** >>>> Class [0 Right Ventricle] Dice: 85.84
[2024-05-09 17:47:31,084][    INFO] ***** Evaluation ***** >>>> Class [1 Myocardium] Dice: 84.75
[2024-05-09 17:47:31,084][    INFO] ***** Evaluation ***** >>>> Class [2 Left Ventricle] Dice: 92.96
[2024-05-09 17:47:31,084][    INFO] ***** Evaluation ***** >>>> MeanDice: 87.85

[2024-05-09 17:47:31,131][    INFO] ===========> Epoch: 44, LR: 0.00602, Previous best: 88.23
[2024-05-09 17:47:32,020][    INFO] Iters: 0, Total loss: 0.034, Loss x: 0.051, Loss s: 0.027, Loss w_fp: 0.009, Mask ratio: 0.987
[2024-05-09 17:47:48,016][    INFO] ***** Evaluation ***** >>>> Class [0 Right Ventricle] Dice: 86.07
[2024-05-09 17:47:48,017][    INFO] ***** Evaluation ***** >>>> Class [1 Myocardium] Dice: 84.38
[2024-05-09 17:47:48,017][    INFO] ***** Evaluation ***** >>>> Class [2 Left Ventricle] Dice: 92.88
[2024-05-09 17:47:48,017][    INFO] ***** Evaluation ***** >>>> MeanDice: 87.78

[2024-05-09 17:47:48,065][    INFO] ===========> Epoch: 45, LR: 0.00592, Previous best: 88.23
[2024-05-09 17:47:49,053][    INFO] Iters: 0, Total loss: 0.033, Loss x: 0.052, Loss s: 0.024, Loss w_fp: 0.005, Mask ratio: 0.992
[2024-05-09 17:48:08,617][    INFO] ***** Evaluation ***** >>>> Class [0 Right Ventricle] Dice: 85.27
[2024-05-09 17:48:08,618][    INFO] ***** Evaluation ***** >>>> Class [1 Myocardium] Dice: 85.27
[2024-05-09 17:48:08,618][    INFO] ***** Evaluation ***** >>>> Class [2 Left Ventricle] Dice: 93.88
[2024-05-09 17:48:08,618][    INFO] ***** Evaluation ***** >>>> MeanDice: 88.14

[2024-05-09 17:48:08,690][    INFO] ===========> Epoch: 46, LR: 0.00583, Previous best: 88.23
[2024-05-09 17:48:09,558][    INFO] Iters: 0, Total loss: 0.057, Loss x: 0.086, Loss s: 0.050, Loss w_fp: 0.005, Mask ratio: 0.990
[2024-05-09 17:48:26,384][    INFO] ***** Evaluation ***** >>>> Class [0 Right Ventricle] Dice: 85.18
[2024-05-09 17:48:26,384][    INFO] ***** Evaluation ***** >>>> Class [1 Myocardium] Dice: 83.92
[2024-05-09 17:48:26,384][    INFO] ***** Evaluation ***** >>>> Class [2 Left Ventricle] Dice: 93.58
[2024-05-09 17:48:26,384][    INFO] ***** Evaluation ***** >>>> MeanDice: 87.56

[2024-05-09 17:48:26,458][    INFO] ===========> Epoch: 47, LR: 0.00573, Previous best: 88.23
[2024-05-09 17:48:27,413][    INFO] Iters: 0, Total loss: 0.037, Loss x: 0.049, Loss s: 0.044, Loss w_fp: 0.006, Mask ratio: 0.987
[2024-05-09 17:48:44,394][    INFO] ***** Evaluation ***** >>>> Class [0 Right Ventricle] Dice: 85.08
[2024-05-09 17:48:44,394][    INFO] ***** Evaluation ***** >>>> Class [1 Myocardium] Dice: 86.36
[2024-05-09 17:48:44,394][    INFO] ***** Evaluation ***** >>>> Class [2 Left Ventricle] Dice: 94.76
[2024-05-09 17:48:44,394][    INFO] ***** Evaluation ***** >>>> MeanDice: 88.73

[2024-05-09 17:48:44,511][    INFO] ===========> Epoch: 48, LR: 0.00564, Previous best: 88.73
[2024-05-09 17:48:45,475][    INFO] Iters: 0, Total loss: 0.041, Loss x: 0.051, Loss s: 0.050, Loss w_fp: 0.013, Mask ratio: 0.989
[2024-05-09 17:49:02,557][    INFO] ***** Evaluation ***** >>>> Class [0 Right Ventricle] Dice: 86.17
[2024-05-09 17:49:02,558][    INFO] ***** Evaluation ***** >>>> Class [1 Myocardium] Dice: 84.89
[2024-05-09 17:49:02,558][    INFO] ***** Evaluation ***** >>>> Class [2 Left Ventricle] Dice: 94.21
[2024-05-09 17:49:02,558][    INFO] ***** Evaluation ***** >>>> MeanDice: 88.42

[2024-05-09 17:49:02,630][    INFO] ===========> Epoch: 49, LR: 0.00554, Previous best: 88.73
[2024-05-09 17:49:03,641][    INFO] Iters: 0, Total loss: 0.023, Loss x: 0.028, Loss s: 0.033, Loss w_fp: 0.002, Mask ratio: 0.988
[2024-05-09 17:49:19,518][    INFO] ***** Evaluation ***** >>>> Class [0 Right Ventricle] Dice: 86.45
[2024-05-09 17:49:19,518][    INFO] ***** Evaluation ***** >>>> Class [1 Myocardium] Dice: 85.75
[2024-05-09 17:49:19,518][    INFO] ***** Evaluation ***** >>>> Class [2 Left Ventricle] Dice: 94.23
[2024-05-09 17:49:19,518][    INFO] ***** Evaluation ***** >>>> MeanDice: 88.81

[2024-05-09 17:49:19,610][    INFO] ===========> Epoch: 50, LR: 0.00544, Previous best: 88.81
[2024-05-09 17:49:20,508][    INFO] Iters: 0, Total loss: 0.054, Loss x: 0.050, Loss s: 0.106, Loss w_fp: 0.010, Mask ratio: 0.991
[2024-05-09 17:49:36,845][    INFO] ***** Evaluation ***** >>>> Class [0 Right Ventricle] Dice: 83.71
[2024-05-09 17:49:36,845][    INFO] ***** Evaluation ***** >>>> Class [1 Myocardium] Dice: 83.18
[2024-05-09 17:49:36,845][    INFO] ***** Evaluation ***** >>>> Class [2 Left Ventricle] Dice: 93.43
[2024-05-09 17:49:36,845][    INFO] ***** Evaluation ***** >>>> MeanDice: 86.77

[2024-05-09 17:49:36,891][    INFO] ===========> Epoch: 51, LR: 0.00535, Previous best: 88.81
[2024-05-09 17:49:37,717][    INFO] Iters: 0, Total loss: 0.034, Loss x: 0.045, Loss s: 0.042, Loss w_fp: 0.005, Mask ratio: 0.988
[2024-05-09 17:49:52,837][    INFO] ***** Evaluation ***** >>>> Class [0 Right Ventricle] Dice: 85.56
[2024-05-09 17:49:52,837][    INFO] ***** Evaluation ***** >>>> Class [1 Myocardium] Dice: 85.91
[2024-05-09 17:49:52,837][    INFO] ***** Evaluation ***** >>>> Class [2 Left Ventricle] Dice: 94.81
[2024-05-09 17:49:52,837][    INFO] ***** Evaluation ***** >>>> MeanDice: 88.76

[2024-05-09 17:49:52,910][    INFO] ===========> Epoch: 52, LR: 0.00525, Previous best: 88.81
[2024-05-09 17:49:53,800][    INFO] Iters: 0, Total loss: 0.031, Loss x: 0.035, Loss s: 0.051, Loss w_fp: 0.003, Mask ratio: 0.988
[2024-05-09 17:50:09,370][    INFO] ***** Evaluation ***** >>>> Class [0 Right Ventricle] Dice: 86.93
[2024-05-09 17:50:09,371][    INFO] ***** Evaluation ***** >>>> Class [1 Myocardium] Dice: 86.43
[2024-05-09 17:50:09,371][    INFO] ***** Evaluation ***** >>>> Class [2 Left Ventricle] Dice: 94.52
[2024-05-09 17:50:09,371][    INFO] ***** Evaluation ***** >>>> MeanDice: 89.29

[2024-05-09 17:50:09,461][    INFO] ===========> Epoch: 53, LR: 0.00516, Previous best: 89.29
[2024-05-09 17:50:10,414][    INFO] Iters: 0, Total loss: 0.026, Loss x: 0.031, Loss s: 0.036, Loss w_fp: 0.006, Mask ratio: 0.993
[2024-05-09 17:50:28,057][    INFO] ***** Evaluation ***** >>>> Class [0 Right Ventricle] Dice: 87.16
[2024-05-09 17:50:28,057][    INFO] ***** Evaluation ***** >>>> Class [1 Myocardium] Dice: 85.09
[2024-05-09 17:50:28,057][    INFO] ***** Evaluation ***** >>>> Class [2 Left Ventricle] Dice: 94.36
[2024-05-09 17:50:28,057][    INFO] ***** Evaluation ***** >>>> MeanDice: 88.87

[2024-05-09 17:50:28,132][    INFO] ===========> Epoch: 54, LR: 0.00506, Previous best: 89.29
[2024-05-09 17:50:29,056][    INFO] Iters: 0, Total loss: 0.030, Loss x: 0.043, Loss s: 0.023, Loss w_fp: 0.011, Mask ratio: 0.988
[2024-05-09 17:50:47,286][    INFO] ***** Evaluation ***** >>>> Class [0 Right Ventricle] Dice: 86.96
[2024-05-09 17:50:47,286][    INFO] ***** Evaluation ***** >>>> Class [1 Myocardium] Dice: 86.56
[2024-05-09 17:50:47,286][    INFO] ***** Evaluation ***** >>>> Class [2 Left Ventricle] Dice: 92.81
[2024-05-09 17:50:47,287][    INFO] ***** Evaluation ***** >>>> MeanDice: 88.78

[2024-05-09 17:50:47,360][    INFO] ===========> Epoch: 55, LR: 0.00496, Previous best: 89.29
[2024-05-09 17:50:48,235][    INFO] Iters: 0, Total loss: 0.034, Loss x: 0.048, Loss s: 0.032, Loss w_fp: 0.006, Mask ratio: 0.989
[2024-05-09 17:51:04,088][    INFO] ***** Evaluation ***** >>>> Class [0 Right Ventricle] Dice: 85.86
[2024-05-09 17:51:04,088][    INFO] ***** Evaluation ***** >>>> Class [1 Myocardium] Dice: 86.15
[2024-05-09 17:51:04,088][    INFO] ***** Evaluation ***** >>>> Class [2 Left Ventricle] Dice: 94.13
[2024-05-09 17:51:04,088][    INFO] ***** Evaluation ***** >>>> MeanDice: 88.71

[2024-05-09 17:51:04,161][    INFO] ===========> Epoch: 56, LR: 0.00486, Previous best: 89.29
[2024-05-09 17:51:05,007][    INFO] Iters: 0, Total loss: 0.030, Loss x: 0.031, Loss s: 0.055, Loss w_fp: 0.004, Mask ratio: 0.984
[2024-05-09 17:51:22,547][    INFO] ***** Evaluation ***** >>>> Class [0 Right Ventricle] Dice: 87.13
[2024-05-09 17:51:22,547][    INFO] ***** Evaluation ***** >>>> Class [1 Myocardium] Dice: 86.47
[2024-05-09 17:51:22,547][    INFO] ***** Evaluation ***** >>>> Class [2 Left Ventricle] Dice: 94.22
[2024-05-09 17:51:22,547][    INFO] ***** Evaluation ***** >>>> MeanDice: 89.27

[2024-05-09 17:51:22,596][    INFO] ===========> Epoch: 57, LR: 0.00477, Previous best: 89.29
[2024-05-09 17:51:23,461][    INFO] Iters: 0, Total loss: 0.026, Loss x: 0.029, Loss s: 0.037, Loss w_fp: 0.006, Mask ratio: 0.986
[2024-05-09 17:51:38,999][    INFO] ***** Evaluation ***** >>>> Class [0 Right Ventricle] Dice: 86.64
[2024-05-09 17:51:38,999][    INFO] ***** Evaluation ***** >>>> Class [1 Myocardium] Dice: 85.58
[2024-05-09 17:51:38,999][    INFO] ***** Evaluation ***** >>>> Class [2 Left Ventricle] Dice: 94.72
[2024-05-09 17:51:38,999][    INFO] ***** Evaluation ***** >>>> MeanDice: 88.98

[2024-05-09 17:51:39,072][    INFO] ===========> Epoch: 58, LR: 0.00467, Previous best: 89.29
[2024-05-09 17:51:39,944][    INFO] Iters: 0, Total loss: 0.023, Loss x: 0.028, Loss s: 0.030, Loss w_fp: 0.006, Mask ratio: 0.989
[2024-05-09 17:51:56,284][    INFO] ***** Evaluation ***** >>>> Class [0 Right Ventricle] Dice: 87.29
[2024-05-09 17:51:56,284][    INFO] ***** Evaluation ***** >>>> Class [1 Myocardium] Dice: 86.64
[2024-05-09 17:51:56,284][    INFO] ***** Evaluation ***** >>>> Class [2 Left Ventricle] Dice: 94.39
[2024-05-09 17:51:56,284][    INFO] ***** Evaluation ***** >>>> MeanDice: 89.44

[2024-05-09 17:51:56,400][    INFO] ===========> Epoch: 59, LR: 0.00457, Previous best: 89.44
[2024-05-09 17:51:57,295][    INFO] Iters: 0, Total loss: 0.034, Loss x: 0.048, Loss s: 0.033, Loss w_fp: 0.006, Mask ratio: 0.988
[2024-05-09 17:52:17,294][    INFO] ***** Evaluation ***** >>>> Class [0 Right Ventricle] Dice: 87.44
[2024-05-09 17:52:17,295][    INFO] ***** Evaluation ***** >>>> Class [1 Myocardium] Dice: 87.03
[2024-05-09 17:52:17,295][    INFO] ***** Evaluation ***** >>>> Class [2 Left Ventricle] Dice: 94.33
[2024-05-09 17:52:17,295][    INFO] ***** Evaluation ***** >>>> MeanDice: 89.60

[2024-05-09 17:52:17,410][    INFO] ===========> Epoch: 60, LR: 0.00447, Previous best: 89.60
[2024-05-09 17:52:18,270][    INFO] Iters: 0, Total loss: 0.030, Loss x: 0.042, Loss s: 0.034, Loss w_fp: 0.003, Mask ratio: 0.989
[2024-05-09 17:52:34,522][    INFO] ***** Evaluation ***** >>>> Class [0 Right Ventricle] Dice: 86.84
[2024-05-09 17:52:34,522][    INFO] ***** Evaluation ***** >>>> Class [1 Myocardium] Dice: 87.08
[2024-05-09 17:52:34,522][    INFO] ***** Evaluation ***** >>>> Class [2 Left Ventricle] Dice: 94.95
[2024-05-09 17:52:34,522][    INFO] ***** Evaluation ***** >>>> MeanDice: 89.62

[2024-05-09 17:52:34,639][    INFO] ===========> Epoch: 61, LR: 0.00437, Previous best: 89.62
[2024-05-09 17:52:35,456][    INFO] Iters: 0, Total loss: 0.040, Loss x: 0.054, Loss s: 0.039, Loss w_fp: 0.013, Mask ratio: 0.992
[2024-05-09 17:52:51,180][    INFO] ***** Evaluation ***** >>>> Class [0 Right Ventricle] Dice: 87.45
[2024-05-09 17:52:51,181][    INFO] ***** Evaluation ***** >>>> Class [1 Myocardium] Dice: 87.00
[2024-05-09 17:52:51,181][    INFO] ***** Evaluation ***** >>>> Class [2 Left Ventricle] Dice: 94.47
[2024-05-09 17:52:51,181][    INFO] ***** Evaluation ***** >>>> MeanDice: 89.64

[2024-05-09 17:52:51,296][    INFO] ===========> Epoch: 62, LR: 0.00427, Previous best: 89.64
[2024-05-09 17:52:52,308][    INFO] Iters: 0, Total loss: 0.040, Loss x: 0.040, Loss s: 0.075, Loss w_fp: 0.005, Mask ratio: 0.992
[2024-05-09 17:53:12,894][    INFO] ***** Evaluation ***** >>>> Class [0 Right Ventricle] Dice: 86.62
[2024-05-09 17:53:12,894][    INFO] ***** Evaluation ***** >>>> Class [1 Myocardium] Dice: 86.44
[2024-05-09 17:53:12,894][    INFO] ***** Evaluation ***** >>>> Class [2 Left Ventricle] Dice: 94.66
[2024-05-09 17:53:12,894][    INFO] ***** Evaluation ***** >>>> MeanDice: 89.24

[2024-05-09 17:53:12,966][    INFO] ===========> Epoch: 63, LR: 0.00418, Previous best: 89.64
[2024-05-09 17:53:13,929][    INFO] Iters: 0, Total loss: 0.032, Loss x: 0.050, Loss s: 0.023, Loss w_fp: 0.004, Mask ratio: 0.987
[2024-05-09 17:53:29,528][    INFO] ***** Evaluation ***** >>>> Class [0 Right Ventricle] Dice: 87.07
[2024-05-09 17:53:29,528][    INFO] ***** Evaluation ***** >>>> Class [1 Myocardium] Dice: 87.19
[2024-05-09 17:53:29,528][    INFO] ***** Evaluation ***** >>>> Class [2 Left Ventricle] Dice: 94.53
[2024-05-09 17:53:29,528][    INFO] ***** Evaluation ***** >>>> MeanDice: 89.60

[2024-05-09 17:53:29,600][    INFO] ===========> Epoch: 64, LR: 0.00408, Previous best: 89.64
[2024-05-09 17:53:30,612][    INFO] Iters: 0, Total loss: 0.035, Loss x: 0.033, Loss s: 0.067, Loss w_fp: 0.006, Mask ratio: 0.989
[2024-05-09 17:53:50,115][    INFO] ***** Evaluation ***** >>>> Class [0 Right Ventricle] Dice: 86.49
[2024-05-09 17:53:50,116][    INFO] ***** Evaluation ***** >>>> Class [1 Myocardium] Dice: 87.37
[2024-05-09 17:53:50,116][    INFO] ***** Evaluation ***** >>>> Class [2 Left Ventricle] Dice: 94.74
[2024-05-09 17:53:50,116][    INFO] ***** Evaluation ***** >>>> MeanDice: 89.53

[2024-05-09 17:53:50,190][    INFO] ===========> Epoch: 65, LR: 0.00398, Previous best: 89.64
[2024-05-09 17:53:51,169][    INFO] Iters: 0, Total loss: 0.028, Loss x: 0.041, Loss s: 0.027, Loss w_fp: 0.004, Mask ratio: 0.991
[2024-05-09 17:54:07,795][    INFO] ***** Evaluation ***** >>>> Class [0 Right Ventricle] Dice: 86.79
[2024-05-09 17:54:07,795][    INFO] ***** Evaluation ***** >>>> Class [1 Myocardium] Dice: 86.15
[2024-05-09 17:54:07,795][    INFO] ***** Evaluation ***** >>>> Class [2 Left Ventricle] Dice: 94.10
[2024-05-09 17:54:07,795][    INFO] ***** Evaluation ***** >>>> MeanDice: 89.01

[2024-05-09 17:54:07,841][    INFO] ===========> Epoch: 66, LR: 0.00388, Previous best: 89.64
[2024-05-09 17:54:08,787][    INFO] Iters: 0, Total loss: 0.039, Loss x: 0.066, Loss s: 0.018, Loss w_fp: 0.005, Mask ratio: 0.990
[2024-05-09 17:54:25,152][    INFO] ***** Evaluation ***** >>>> Class [0 Right Ventricle] Dice: 86.17
[2024-05-09 17:54:25,152][    INFO] ***** Evaluation ***** >>>> Class [1 Myocardium] Dice: 86.91
[2024-05-09 17:54:25,152][    INFO] ***** Evaluation ***** >>>> Class [2 Left Ventricle] Dice: 94.53
[2024-05-09 17:54:25,153][    INFO] ***** Evaluation ***** >>>> MeanDice: 89.20

[2024-05-09 17:54:25,224][    INFO] ===========> Epoch: 67, LR: 0.00378, Previous best: 89.64
[2024-05-09 17:54:26,058][    INFO] Iters: 0, Total loss: 0.025, Loss x: 0.027, Loss s: 0.037, Loss w_fp: 0.008, Mask ratio: 0.990
[2024-05-09 17:54:41,689][    INFO] ***** Evaluation ***** >>>> Class [0 Right Ventricle] Dice: 87.01
[2024-05-09 17:54:41,689][    INFO] ***** Evaluation ***** >>>> Class [1 Myocardium] Dice: 86.31
[2024-05-09 17:54:41,689][    INFO] ***** Evaluation ***** >>>> Class [2 Left Ventricle] Dice: 93.03
[2024-05-09 17:54:41,689][    INFO] ***** Evaluation ***** >>>> MeanDice: 88.78

[2024-05-09 17:54:41,761][    INFO] ===========> Epoch: 68, LR: 0.00368, Previous best: 89.64
[2024-05-09 17:54:42,746][    INFO] Iters: 0, Total loss: 0.019, Loss x: 0.024, Loss s: 0.021, Loss w_fp: 0.006, Mask ratio: 0.991
[2024-05-09 17:55:01,418][    INFO] ***** Evaluation ***** >>>> Class [0 Right Ventricle] Dice: 87.04
[2024-05-09 17:55:01,418][    INFO] ***** Evaluation ***** >>>> Class [1 Myocardium] Dice: 87.38
[2024-05-09 17:55:01,419][    INFO] ***** Evaluation ***** >>>> Class [2 Left Ventricle] Dice: 94.73
[2024-05-09 17:55:01,419][    INFO] ***** Evaluation ***** >>>> MeanDice: 89.72

[2024-05-09 17:55:01,511][    INFO] ===========> Epoch: 69, LR: 0.00358, Previous best: 89.72
[2024-05-09 17:55:02,473][    INFO] Iters: 0, Total loss: 0.028, Loss x: 0.042, Loss s: 0.022, Loss w_fp: 0.005, Mask ratio: 0.987
[2024-05-09 17:55:19,156][    INFO] ***** Evaluation ***** >>>> Class [0 Right Ventricle] Dice: 87.28
[2024-05-09 17:55:19,157][    INFO] ***** Evaluation ***** >>>> Class [1 Myocardium] Dice: 86.98
[2024-05-09 17:55:19,157][    INFO] ***** Evaluation ***** >>>> Class [2 Left Ventricle] Dice: 94.34
[2024-05-09 17:55:19,157][    INFO] ***** Evaluation ***** >>>> MeanDice: 89.53

[2024-05-09 17:55:19,227][    INFO] ===========> Epoch: 70, LR: 0.00347, Previous best: 89.72
[2024-05-09 17:55:20,115][    INFO] Iters: 0, Total loss: 0.029, Loss x: 0.038, Loss s: 0.038, Loss w_fp: 0.002, Mask ratio: 0.991
[2024-05-09 17:55:39,037][    INFO] ***** Evaluation ***** >>>> Class [0 Right Ventricle] Dice: 86.96
[2024-05-09 17:55:39,037][    INFO] ***** Evaluation ***** >>>> Class [1 Myocardium] Dice: 84.63
[2024-05-09 17:55:39,037][    INFO] ***** Evaluation ***** >>>> Class [2 Left Ventricle] Dice: 93.74
[2024-05-09 17:55:39,037][    INFO] ***** Evaluation ***** >>>> MeanDice: 88.44

[2024-05-09 17:55:39,108][    INFO] ===========> Epoch: 71, LR: 0.00337, Previous best: 89.72
[2024-05-09 17:55:40,000][    INFO] Iters: 0, Total loss: 0.035, Loss x: 0.051, Loss s: 0.029, Loss w_fp: 0.009, Mask ratio: 0.986
[2024-05-09 17:55:58,473][    INFO] ***** Evaluation ***** >>>> Class [0 Right Ventricle] Dice: 86.74
[2024-05-09 17:55:58,473][    INFO] ***** Evaluation ***** >>>> Class [1 Myocardium] Dice: 86.70
[2024-05-09 17:55:58,473][    INFO] ***** Evaluation ***** >>>> Class [2 Left Ventricle] Dice: 94.45
[2024-05-09 17:55:58,473][    INFO] ***** Evaluation ***** >>>> MeanDice: 89.30

[2024-05-09 17:55:58,547][    INFO] ===========> Epoch: 72, LR: 0.00327, Previous best: 89.72
[2024-05-09 17:55:59,412][    INFO] Iters: 0, Total loss: 0.032, Loss x: 0.031, Loss s: 0.058, Loss w_fp: 0.006, Mask ratio: 0.987
[2024-05-09 17:56:14,540][    INFO] ***** Evaluation ***** >>>> Class [0 Right Ventricle] Dice: 87.28
[2024-05-09 17:56:14,540][    INFO] ***** Evaluation ***** >>>> Class [1 Myocardium] Dice: 86.80
[2024-05-09 17:56:14,541][    INFO] ***** Evaluation ***** >>>> Class [2 Left Ventricle] Dice: 94.90
[2024-05-09 17:56:14,541][    INFO] ***** Evaluation ***** >>>> MeanDice: 89.66

[2024-05-09 17:56:14,616][    INFO] ===========> Epoch: 73, LR: 0.00317, Previous best: 89.72
[2024-05-09 17:56:15,503][    INFO] Iters: 0, Total loss: 0.046, Loss x: 0.072, Loss s: 0.034, Loss w_fp: 0.005, Mask ratio: 0.992
[2024-05-09 17:56:34,487][    INFO] ***** Evaluation ***** >>>> Class [0 Right Ventricle] Dice: 86.15
[2024-05-09 17:56:34,488][    INFO] ***** Evaluation ***** >>>> Class [1 Myocardium] Dice: 86.85
[2024-05-09 17:56:34,488][    INFO] ***** Evaluation ***** >>>> Class [2 Left Ventricle] Dice: 94.96
[2024-05-09 17:56:34,488][    INFO] ***** Evaluation ***** >>>> MeanDice: 89.32

[2024-05-09 17:56:34,561][    INFO] ===========> Epoch: 74, LR: 0.00307, Previous best: 89.72
[2024-05-09 17:56:35,544][    INFO] Iters: 0, Total loss: 0.027, Loss x: 0.037, Loss s: 0.028, Loss w_fp: 0.006, Mask ratio: 0.989
[2024-05-09 17:56:51,545][    INFO] ***** Evaluation ***** >>>> Class [0 Right Ventricle] Dice: 86.80
[2024-05-09 17:56:51,545][    INFO] ***** Evaluation ***** >>>> Class [1 Myocardium] Dice: 87.00
[2024-05-09 17:56:51,545][    INFO] ***** Evaluation ***** >>>> Class [2 Left Ventricle] Dice: 94.67
[2024-05-09 17:56:51,545][    INFO] ***** Evaluation ***** >>>> MeanDice: 89.49

[2024-05-09 17:56:51,593][    INFO] ===========> Epoch: 75, LR: 0.00296, Previous best: 89.72
[2024-05-09 17:56:52,435][    INFO] Iters: 0, Total loss: 0.043, Loss x: 0.060, Loss s: 0.043, Loss w_fp: 0.007, Mask ratio: 0.992
[2024-05-09 17:57:08,514][    INFO] ***** Evaluation ***** >>>> Class [0 Right Ventricle] Dice: 87.18
[2024-05-09 17:57:08,514][    INFO] ***** Evaluation ***** >>>> Class [1 Myocardium] Dice: 87.28
[2024-05-09 17:57:08,514][    INFO] ***** Evaluation ***** >>>> Class [2 Left Ventricle] Dice: 94.94
[2024-05-09 17:57:08,514][    INFO] ***** Evaluation ***** >>>> MeanDice: 89.80

[2024-05-09 17:57:08,646][    INFO] ===========> Epoch: 76, LR: 0.00286, Previous best: 89.80
[2024-05-09 17:57:09,641][    INFO] Iters: 0, Total loss: 0.031, Loss x: 0.039, Loss s: 0.040, Loss w_fp: 0.005, Mask ratio: 0.990
[2024-05-09 17:57:25,659][    INFO] ***** Evaluation ***** >>>> Class [0 Right Ventricle] Dice: 86.49
[2024-05-09 17:57:25,659][    INFO] ***** Evaluation ***** >>>> Class [1 Myocardium] Dice: 86.79
[2024-05-09 17:57:25,659][    INFO] ***** Evaluation ***** >>>> Class [2 Left Ventricle] Dice: 94.97
[2024-05-09 17:57:25,659][    INFO] ***** Evaluation ***** >>>> MeanDice: 89.42

[2024-05-09 17:57:25,708][    INFO] ===========> Epoch: 77, LR: 0.00276, Previous best: 89.80
[2024-05-09 17:57:26,580][    INFO] Iters: 0, Total loss: 0.047, Loss x: 0.043, Loss s: 0.096, Loss w_fp: 0.005, Mask ratio: 0.990
[2024-05-09 17:57:41,748][    INFO] ***** Evaluation ***** >>>> Class [0 Right Ventricle] Dice: 87.57
[2024-05-09 17:57:41,748][    INFO] ***** Evaluation ***** >>>> Class [1 Myocardium] Dice: 86.98
[2024-05-09 17:57:41,748][    INFO] ***** Evaluation ***** >>>> Class [2 Left Ventricle] Dice: 94.63
[2024-05-09 17:57:41,748][    INFO] ***** Evaluation ***** >>>> MeanDice: 89.73

[2024-05-09 17:57:41,819][    INFO] ===========> Epoch: 78, LR: 0.00265, Previous best: 89.80
[2024-05-09 17:57:42,802][    INFO] Iters: 0, Total loss: 0.028, Loss x: 0.028, Loss s: 0.044, Loss w_fp: 0.010, Mask ratio: 0.992
[2024-05-09 17:57:58,437][    INFO] ***** Evaluation ***** >>>> Class [0 Right Ventricle] Dice: 87.21
[2024-05-09 17:57:58,437][    INFO] ***** Evaluation ***** >>>> Class [1 Myocardium] Dice: 87.05
[2024-05-09 17:57:58,437][    INFO] ***** Evaluation ***** >>>> Class [2 Left Ventricle] Dice: 93.87
[2024-05-09 17:57:58,437][    INFO] ***** Evaluation ***** >>>> MeanDice: 89.37

[2024-05-09 17:57:58,511][    INFO] ===========> Epoch: 79, LR: 0.00255, Previous best: 89.80
[2024-05-09 17:57:59,408][    INFO] Iters: 0, Total loss: 0.021, Loss x: 0.032, Loss s: 0.014, Loss w_fp: 0.005, Mask ratio: 0.992
[2024-05-09 17:58:15,923][    INFO] ***** Evaluation ***** >>>> Class [0 Right Ventricle] Dice: 87.17
[2024-05-09 17:58:15,923][    INFO] ***** Evaluation ***** >>>> Class [1 Myocardium] Dice: 87.06
[2024-05-09 17:58:15,923][    INFO] ***** Evaluation ***** >>>> Class [2 Left Ventricle] Dice: 95.05
[2024-05-09 17:58:15,923][    INFO] ***** Evaluation ***** >>>> MeanDice: 89.76

[2024-05-09 17:58:15,994][    INFO] ===========> Epoch: 80, LR: 0.00244, Previous best: 89.80
[2024-05-09 17:58:16,863][    INFO] Iters: 0, Total loss: 0.034, Loss x: 0.043, Loss s: 0.046, Loss w_fp: 0.004, Mask ratio: 0.989
[2024-05-09 17:58:33,993][    INFO] ***** Evaluation ***** >>>> Class [0 Right Ventricle] Dice: 87.30
[2024-05-09 17:58:33,993][    INFO] ***** Evaluation ***** >>>> Class [1 Myocardium] Dice: 86.67
[2024-05-09 17:58:33,993][    INFO] ***** Evaluation ***** >>>> Class [2 Left Ventricle] Dice: 94.52
[2024-05-09 17:58:33,993][    INFO] ***** Evaluation ***** >>>> MeanDice: 89.50

[2024-05-09 17:58:34,065][    INFO] ===========> Epoch: 81, LR: 0.00234, Previous best: 89.80
[2024-05-09 17:58:35,021][    INFO] Iters: 0, Total loss: 0.035, Loss x: 0.035, Loss s: 0.062, Loss w_fp: 0.006, Mask ratio: 0.990
[2024-05-09 17:58:51,409][    INFO] ***** Evaluation ***** >>>> Class [0 Right Ventricle] Dice: 87.41
[2024-05-09 17:58:51,409][    INFO] ***** Evaluation ***** >>>> Class [1 Myocardium] Dice: 87.66
[2024-05-09 17:58:51,409][    INFO] ***** Evaluation ***** >>>> Class [2 Left Ventricle] Dice: 95.17
[2024-05-09 17:58:51,409][    INFO] ***** Evaluation ***** >>>> MeanDice: 90.08

[2024-05-09 17:58:51,590][    INFO] ===========> Epoch: 82, LR: 0.00223, Previous best: 90.08
[2024-05-09 17:58:52,467][    INFO] Iters: 0, Total loss: 0.025, Loss x: 0.030, Loss s: 0.031, Loss w_fp: 0.007, Mask ratio: 0.992
[2024-05-09 17:59:07,868][    INFO] ***** Evaluation ***** >>>> Class [0 Right Ventricle] Dice: 87.21
[2024-05-09 17:59:07,868][    INFO] ***** Evaluation ***** >>>> Class [1 Myocardium] Dice: 86.60
[2024-05-09 17:59:07,868][    INFO] ***** Evaluation ***** >>>> Class [2 Left Ventricle] Dice: 94.27
[2024-05-09 17:59:07,868][    INFO] ***** Evaluation ***** >>>> MeanDice: 89.36

[2024-05-09 17:59:07,939][    INFO] ===========> Epoch: 83, LR: 0.00213, Previous best: 90.08
[2024-05-09 17:59:08,808][    INFO] Iters: 0, Total loss: 0.030, Loss x: 0.031, Loss s: 0.052, Loss w_fp: 0.006, Mask ratio: 0.993
[2024-05-09 17:59:25,097][    INFO] ***** Evaluation ***** >>>> Class [0 Right Ventricle] Dice: 87.41
[2024-05-09 17:59:25,097][    INFO] ***** Evaluation ***** >>>> Class [1 Myocardium] Dice: 86.66
[2024-05-09 17:59:25,098][    INFO] ***** Evaluation ***** >>>> Class [2 Left Ventricle] Dice: 93.64
[2024-05-09 17:59:25,098][    INFO] ***** Evaluation ***** >>>> MeanDice: 89.24

[2024-05-09 17:59:25,172][    INFO] ===========> Epoch: 84, LR: 0.00202, Previous best: 90.08
[2024-05-09 17:59:26,080][    INFO] Iters: 0, Total loss: 0.048, Loss x: 0.043, Loss s: 0.099, Loss w_fp: 0.006, Mask ratio: 0.992
[2024-05-09 17:59:41,653][    INFO] ***** Evaluation ***** >>>> Class [0 Right Ventricle] Dice: 87.95
[2024-05-09 17:59:41,654][    INFO] ***** Evaluation ***** >>>> Class [1 Myocardium] Dice: 86.99
[2024-05-09 17:59:41,654][    INFO] ***** Evaluation ***** >>>> Class [2 Left Ventricle] Dice: 94.36
[2024-05-09 17:59:41,654][    INFO] ***** Evaluation ***** >>>> MeanDice: 89.77

[2024-05-09 17:59:41,728][    INFO] ===========> Epoch: 85, LR: 0.00191, Previous best: 90.08
[2024-05-09 17:59:42,714][    INFO] Iters: 0, Total loss: 0.025, Loss x: 0.033, Loss s: 0.033, Loss w_fp: 0.003, Mask ratio: 0.992
[2024-05-09 17:59:58,290][    INFO] ***** Evaluation ***** >>>> Class [0 Right Ventricle] Dice: 87.88
[2024-05-09 17:59:58,290][    INFO] ***** Evaluation ***** >>>> Class [1 Myocardium] Dice: 87.20
[2024-05-09 17:59:58,290][    INFO] ***** Evaluation ***** >>>> Class [2 Left Ventricle] Dice: 95.22
[2024-05-09 17:59:58,290][    INFO] ***** Evaluation ***** >>>> MeanDice: 90.10

[2024-05-09 17:59:58,407][    INFO] ===========> Epoch: 86, LR: 0.00180, Previous best: 90.10
[2024-05-09 17:59:59,287][    INFO] Iters: 0, Total loss: 0.022, Loss x: 0.031, Loss s: 0.024, Loss w_fp: 0.003, Mask ratio: 0.993
[2024-05-09 18:00:16,795][    INFO] ***** Evaluation ***** >>>> Class [0 Right Ventricle] Dice: 87.95
[2024-05-09 18:00:16,796][    INFO] ***** Evaluation ***** >>>> Class [1 Myocardium] Dice: 87.06
[2024-05-09 18:00:16,796][    INFO] ***** Evaluation ***** >>>> Class [2 Left Ventricle] Dice: 94.73
[2024-05-09 18:00:16,796][    INFO] ***** Evaluation ***** >>>> MeanDice: 89.91

[2024-05-09 18:00:16,918][    INFO] ===========> Epoch: 87, LR: 0.00169, Previous best: 90.10
[2024-05-09 18:00:17,804][    INFO] Iters: 0, Total loss: 0.027, Loss x: 0.032, Loss s: 0.037, Loss w_fp: 0.006, Mask ratio: 0.986
[2024-05-09 18:00:35,910][    INFO] ***** Evaluation ***** >>>> Class [0 Right Ventricle] Dice: 88.11
[2024-05-09 18:00:35,910][    INFO] ***** Evaluation ***** >>>> Class [1 Myocardium] Dice: 87.13
[2024-05-09 18:00:35,910][    INFO] ***** Evaluation ***** >>>> Class [2 Left Ventricle] Dice: 94.64
[2024-05-09 18:00:35,910][    INFO] ***** Evaluation ***** >>>> MeanDice: 89.96

[2024-05-09 18:00:35,983][    INFO] ===========> Epoch: 88, LR: 0.00158, Previous best: 90.10
[2024-05-09 18:00:36,827][    INFO] Iters: 0, Total loss: 0.037, Loss x: 0.033, Loss s: 0.068, Loss w_fp: 0.013, Mask ratio: 0.988
[2024-05-09 18:00:51,948][    INFO] ***** Evaluation ***** >>>> Class [0 Right Ventricle] Dice: 87.83
[2024-05-09 18:00:51,949][    INFO] ***** Evaluation ***** >>>> Class [1 Myocardium] Dice: 87.78
[2024-05-09 18:00:51,949][    INFO] ***** Evaluation ***** >>>> Class [2 Left Ventricle] Dice: 94.85
[2024-05-09 18:00:51,949][    INFO] ***** Evaluation ***** >>>> MeanDice: 90.16

[2024-05-09 18:00:52,064][    INFO] ===========> Epoch: 89, LR: 0.00147, Previous best: 90.16
[2024-05-09 18:00:52,933][    INFO] Iters: 0, Total loss: 0.029, Loss x: 0.037, Loss s: 0.037, Loss w_fp: 0.003, Mask ratio: 0.993
[2024-05-09 18:01:09,472][    INFO] ***** Evaluation ***** >>>> Class [0 Right Ventricle] Dice: 87.68
[2024-05-09 18:01:09,472][    INFO] ***** Evaluation ***** >>>> Class [1 Myocardium] Dice: 87.56
[2024-05-09 18:01:09,472][    INFO] ***** Evaluation ***** >>>> Class [2 Left Ventricle] Dice: 95.25
[2024-05-09 18:01:09,472][    INFO] ***** Evaluation ***** >>>> MeanDice: 90.16

[2024-05-09 18:01:09,592][    INFO] ===========> Epoch: 90, LR: 0.00136, Previous best: 90.16
[2024-05-09 18:01:10,552][    INFO] Iters: 0, Total loss: 0.027, Loss x: 0.036, Loss s: 0.030, Loss w_fp: 0.004, Mask ratio: 0.990
[2024-05-09 18:01:26,500][    INFO] ***** Evaluation ***** >>>> Class [0 Right Ventricle] Dice: 87.61
[2024-05-09 18:01:26,501][    INFO] ***** Evaluation ***** >>>> Class [1 Myocardium] Dice: 87.62
[2024-05-09 18:01:26,501][    INFO] ***** Evaluation ***** >>>> Class [2 Left Ventricle] Dice: 95.05
[2024-05-09 18:01:26,501][    INFO] ***** Evaluation ***** >>>> MeanDice: 90.09

[2024-05-09 18:01:26,573][    INFO] ===========> Epoch: 91, LR: 0.00125, Previous best: 90.16
[2024-05-09 18:01:27,445][    INFO] Iters: 0, Total loss: 0.028, Loss x: 0.031, Loss s: 0.042, Loss w_fp: 0.007, Mask ratio: 0.992
[2024-05-09 18:01:43,247][    INFO] ***** Evaluation ***** >>>> Class [0 Right Ventricle] Dice: 87.58
[2024-05-09 18:01:43,247][    INFO] ***** Evaluation ***** >>>> Class [1 Myocardium] Dice: 87.32
[2024-05-09 18:01:43,247][    INFO] ***** Evaluation ***** >>>> Class [2 Left Ventricle] Dice: 95.12
[2024-05-09 18:01:43,247][    INFO] ***** Evaluation ***** >>>> MeanDice: 90.00

[2024-05-09 18:01:43,319][    INFO] ===========> Epoch: 92, LR: 0.00113, Previous best: 90.16
[2024-05-09 18:01:44,237][    INFO] Iters: 0, Total loss: 0.018, Loss x: 0.026, Loss s: 0.018, Loss w_fp: 0.004, Mask ratio: 0.989
[2024-05-09 18:02:00,417][    INFO] ***** Evaluation ***** >>>> Class [0 Right Ventricle] Dice: 87.32
[2024-05-09 18:02:00,417][    INFO] ***** Evaluation ***** >>>> Class [1 Myocardium] Dice: 86.94
[2024-05-09 18:02:00,417][    INFO] ***** Evaluation ***** >>>> Class [2 Left Ventricle] Dice: 95.03
[2024-05-09 18:02:00,417][    INFO] ***** Evaluation ***** >>>> MeanDice: 89.76

[2024-05-09 18:02:00,490][    INFO] ===========> Epoch: 93, LR: 0.00102, Previous best: 90.16
[2024-05-09 18:02:01,420][    INFO] Iters: 0, Total loss: 0.025, Loss x: 0.034, Loss s: 0.030, Loss w_fp: 0.002, Mask ratio: 0.991
[2024-05-09 18:02:16,856][    INFO] ***** Evaluation ***** >>>> Class [0 Right Ventricle] Dice: 87.85
[2024-05-09 18:02:16,856][    INFO] ***** Evaluation ***** >>>> Class [1 Myocardium] Dice: 86.59
[2024-05-09 18:02:16,856][    INFO] ***** Evaluation ***** >>>> Class [2 Left Ventricle] Dice: 94.72
[2024-05-09 18:02:16,856][    INFO] ***** Evaluation ***** >>>> MeanDice: 89.72

[2024-05-09 18:02:16,933][    INFO] ===========> Epoch: 94, LR: 0.00090, Previous best: 90.16
[2024-05-09 18:02:17,831][    INFO] Iters: 0, Total loss: 0.024, Loss x: 0.024, Loss s: 0.045, Loss w_fp: 0.003, Mask ratio: 0.992
[2024-05-09 18:02:33,834][    INFO] ***** Evaluation ***** >>>> Class [0 Right Ventricle] Dice: 88.18
[2024-05-09 18:02:33,834][    INFO] ***** Evaluation ***** >>>> Class [1 Myocardium] Dice: 87.27
[2024-05-09 18:02:33,834][    INFO] ***** Evaluation ***** >>>> Class [2 Left Ventricle] Dice: 94.55
[2024-05-09 18:02:33,834][    INFO] ***** Evaluation ***** >>>> MeanDice: 90.00

[2024-05-09 18:02:33,883][    INFO] ===========> Epoch: 95, LR: 0.00078, Previous best: 90.16
[2024-05-09 18:02:34,740][    INFO] Iters: 0, Total loss: 0.036, Loss x: 0.045, Loss s: 0.034, Loss w_fp: 0.022, Mask ratio: 0.990
[2024-05-09 18:02:51,366][    INFO] ***** Evaluation ***** >>>> Class [0 Right Ventricle] Dice: 87.23
[2024-05-09 18:02:51,366][    INFO] ***** Evaluation ***** >>>> Class [1 Myocardium] Dice: 86.67
[2024-05-09 18:02:51,366][    INFO] ***** Evaluation ***** >>>> Class [2 Left Ventricle] Dice: 94.95
[2024-05-09 18:02:51,366][    INFO] ***** Evaluation ***** >>>> MeanDice: 89.62

[2024-05-09 18:02:51,440][    INFO] ===========> Epoch: 96, LR: 0.00066, Previous best: 90.16
[2024-05-09 18:02:52,331][    INFO] Iters: 0, Total loss: 0.032, Loss x: 0.041, Loss s: 0.034, Loss w_fp: 0.009, Mask ratio: 0.989
[2024-05-09 18:03:08,027][    INFO] ***** Evaluation ***** >>>> Class [0 Right Ventricle] Dice: 88.07
[2024-05-09 18:03:08,028][    INFO] ***** Evaluation ***** >>>> Class [1 Myocardium] Dice: 87.32
[2024-05-09 18:03:08,028][    INFO] ***** Evaluation ***** >>>> Class [2 Left Ventricle] Dice: 94.60
[2024-05-09 18:03:08,028][    INFO] ***** Evaluation ***** >>>> MeanDice: 90.00

[2024-05-09 18:03:08,101][    INFO] ===========> Epoch: 97, LR: 0.00054, Previous best: 90.16
[2024-05-09 18:03:08,966][    INFO] Iters: 0, Total loss: 0.046, Loss x: 0.045, Loss s: 0.083, Loss w_fp: 0.012, Mask ratio: 0.995
[2024-05-09 18:03:24,705][    INFO] ***** Evaluation ***** >>>> Class [0 Right Ventricle] Dice: 87.95
[2024-05-09 18:03:24,705][    INFO] ***** Evaluation ***** >>>> Class [1 Myocardium] Dice: 87.30
[2024-05-09 18:03:24,705][    INFO] ***** Evaluation ***** >>>> Class [2 Left Ventricle] Dice: 95.05
[2024-05-09 18:03:24,705][    INFO] ***** Evaluation ***** >>>> MeanDice: 90.10

[2024-05-09 18:03:24,774][    INFO] ===========> Epoch: 98, LR: 0.00041, Previous best: 90.16
[2024-05-09 18:03:25,623][    INFO] Iters: 0, Total loss: 0.025, Loss x: 0.034, Loss s: 0.029, Loss w_fp: 0.003, Mask ratio: 0.994
[2024-05-09 18:03:41,320][    INFO] ***** Evaluation ***** >>>> Class [0 Right Ventricle] Dice: 87.81
[2024-05-09 18:03:41,320][    INFO] ***** Evaluation ***** >>>> Class [1 Myocardium] Dice: 87.09
[2024-05-09 18:03:41,320][    INFO] ***** Evaluation ***** >>>> Class [2 Left Ventricle] Dice: 94.99
[2024-05-09 18:03:41,320][    INFO] ***** Evaluation ***** >>>> MeanDice: 89.96

[2024-05-09 18:03:41,393][    INFO] ===========> Epoch: 99, LR: 0.00028, Previous best: 90.16
[2024-05-09 18:03:42,379][    INFO] Iters: 0, Total loss: 0.024, Loss x: 0.027, Loss s: 0.037, Loss w_fp: 0.007, Mask ratio: 0.991
[2024-05-09 18:03:58,101][    INFO] ***** Evaluation ***** >>>> Class [0 Right Ventricle] Dice: 88.02
[2024-05-09 18:03:58,101][    INFO] ***** Evaluation ***** >>>> Class [1 Myocardium] Dice: 87.60
[2024-05-09 18:03:58,101][    INFO] ***** Evaluation ***** >>>> Class [2 Left Ventricle] Dice: 94.87
[2024-05-09 18:03:58,101][    INFO] ***** Evaluation ***** >>>> MeanDice: 90.16

