/var/lib/slurm/slurmd/job05088/slurm_script: line 15: module: command not found
[2024-05-10 18:37:57,902][    INFO] {'batch_size': 12,
 'conf_thresh': 0.95,
 'config': 'configs/ukbb/train/exp2/seed57/config.yaml',
 'crop_size': 256,
 'ctrl': 'age sex',
 'data_desc': 'UKBB Train Data - 805 Patients, 80 Labeled, Rest Unlabeled '
              'Patients',
 'data_root': '/vol/aimspace/projects/ukbb/data/cardiac/cardiac_segmentations/subjects',
 'dataset': 'ukbb',
 'epochs': 50,
 'local_rank': 0,
 'lr': 0.01,
 'mode': 'train',
 'model_desc': 'Unimatch Unet 80 Training on UKBB',
 'nclass': 4,
 'ngpus': 1,
 'num_workers': 1,
 'seed': 57,
 'split': 80,
 'visualize': False}

[2024-05-10 18:37:57,948][    INFO] Total params: 1.8M

[2024-05-10 18:38:01,302][    INFO] ************ Load from checkpoint at epoch 3

[2024-05-10 18:38:01,302][    INFO] ===========> Epoch: 4, LR: 0.00944, Previous best: 81.84
[2024-05-10 18:38:06,385][    INFO] Iters: 0, Total loss: 0.070, Loss x: 0.071, Loss s: 0.132, Loss w_fp: 0.008, Mask ratio: 0.985
[2024-05-10 18:39:09,381][    INFO] ***** Evaluation ***** >>>> Class [0 Right Ventricle] Dice: 77.48
[2024-05-10 18:39:09,381][    INFO] ***** Evaluation ***** >>>> Class [1 Myocardium] Dice: 80.06
[2024-05-10 18:39:09,381][    INFO] ***** Evaluation ***** >>>> Class [2 Left Ventricle] Dice: 90.21
[2024-05-10 18:39:09,381][    INFO] ***** Evaluation ***** >>>> MeanDice: 82.58

[2024-05-10 18:39:09,722][    INFO] ===========> Epoch: 5, LR: 0.00926, Previous best: 82.58
[2024-05-10 18:39:10,541][    INFO] Iters: 0, Total loss: 0.049, Loss x: 0.071, Loss s: 0.049, Loss w_fp: 0.005, Mask ratio: 0.990
[2024-05-10 18:40:07,767][    INFO] ***** Evaluation ***** >>>> Class [0 Right Ventricle] Dice: 78.65
[2024-05-10 18:40:07,767][    INFO] ***** Evaluation ***** >>>> Class [1 Myocardium] Dice: 81.08
[2024-05-10 18:40:07,767][    INFO] ***** Evaluation ***** >>>> Class [2 Left Ventricle] Dice: 90.71
[2024-05-10 18:40:07,767][    INFO] ***** Evaluation ***** >>>> MeanDice: 83.48

[2024-05-10 18:40:08,110][    INFO] ===========> Epoch: 6, LR: 0.00908, Previous best: 83.48
[2024-05-10 18:40:08,927][    INFO] Iters: 0, Total loss: 0.039, Loss x: 0.056, Loss s: 0.033, Loss w_fp: 0.011, Mask ratio: 0.979
[2024-05-10 18:41:02,794][    INFO] ***** Evaluation ***** >>>> Class [0 Right Ventricle] Dice: 82.59
[2024-05-10 18:41:02,795][    INFO] ***** Evaluation ***** >>>> Class [1 Myocardium] Dice: 82.14
[2024-05-10 18:41:02,795][    INFO] ***** Evaluation ***** >>>> Class [2 Left Ventricle] Dice: 91.37
[2024-05-10 18:41:02,795][    INFO] ***** Evaluation ***** >>>> MeanDice: 85.37

[2024-05-10 18:41:03,135][    INFO] ===========> Epoch: 7, LR: 0.00889, Previous best: 85.37
[2024-05-10 18:41:03,929][    INFO] Iters: 0, Total loss: 0.052, Loss x: 0.056, Loss s: 0.088, Loss w_fp: 0.007, Mask ratio: 0.986
[2024-05-10 18:41:58,648][    INFO] ***** Evaluation ***** >>>> Class [0 Right Ventricle] Dice: 82.46
[2024-05-10 18:41:58,648][    INFO] ***** Evaluation ***** >>>> Class [1 Myocardium] Dice: 85.11
[2024-05-10 18:41:58,648][    INFO] ***** Evaluation ***** >>>> Class [2 Left Ventricle] Dice: 92.83
[2024-05-10 18:41:58,648][    INFO] ***** Evaluation ***** >>>> MeanDice: 86.80

[2024-05-10 18:41:58,987][    INFO] ===========> Epoch: 8, LR: 0.00871, Previous best: 86.80
[2024-05-10 18:41:59,766][    INFO] Iters: 0, Total loss: 0.048, Loss x: 0.060, Loss s: 0.066, Loss w_fp: 0.004, Mask ratio: 0.984
[2024-05-10 18:42:54,145][    INFO] ***** Evaluation ***** >>>> Class [0 Right Ventricle] Dice: 79.85
[2024-05-10 18:42:54,145][    INFO] ***** Evaluation ***** >>>> Class [1 Myocardium] Dice: 83.40
[2024-05-10 18:42:54,146][    INFO] ***** Evaluation ***** >>>> Class [2 Left Ventricle] Dice: 92.33
[2024-05-10 18:42:54,146][    INFO] ***** Evaluation ***** >>>> MeanDice: 85.19

[2024-05-10 18:42:54,306][    INFO] ===========> Epoch: 9, LR: 0.00853, Previous best: 86.80
[2024-05-10 18:42:55,092][    INFO] Iters: 0, Total loss: 0.051, Loss x: 0.037, Loss s: 0.126, Loss w_fp: 0.006, Mask ratio: 0.990
[2024-05-10 18:43:50,014][    INFO] ***** Evaluation ***** >>>> Class [0 Right Ventricle] Dice: 81.91
[2024-05-10 18:43:50,014][    INFO] ***** Evaluation ***** >>>> Class [1 Myocardium] Dice: 81.69
[2024-05-10 18:43:50,014][    INFO] ***** Evaluation ***** >>>> Class [2 Left Ventricle] Dice: 92.03
[2024-05-10 18:43:50,014][    INFO] ***** Evaluation ***** >>>> MeanDice: 85.21

[2024-05-10 18:43:50,198][    INFO] ===========> Epoch: 10, LR: 0.00834, Previous best: 86.80
[2024-05-10 18:43:51,789][    INFO] Iters: 0, Total loss: 0.060, Loss x: 0.068, Loss s: 0.091, Loss w_fp: 0.015, Mask ratio: 0.984
[2024-05-10 18:44:45,701][    INFO] ***** Evaluation ***** >>>> Class [0 Right Ventricle] Dice: 85.12
[2024-05-10 18:44:45,702][    INFO] ***** Evaluation ***** >>>> Class [1 Myocardium] Dice: 84.15
[2024-05-10 18:44:45,702][    INFO] ***** Evaluation ***** >>>> Class [2 Left Ventricle] Dice: 93.39
[2024-05-10 18:44:45,702][    INFO] ***** Evaluation ***** >>>> MeanDice: 87.55

[2024-05-10 18:44:46,080][    INFO] ===========> Epoch: 11, LR: 0.00816, Previous best: 87.55
[2024-05-10 18:44:46,919][    INFO] Iters: 0, Total loss: 0.031, Loss x: 0.045, Loss s: 0.029, Loss w_fp: 0.005, Mask ratio: 0.987
[2024-05-10 18:45:39,902][    INFO] ***** Evaluation ***** >>>> Class [0 Right Ventricle] Dice: 84.28
[2024-05-10 18:45:39,902][    INFO] ***** Evaluation ***** >>>> Class [1 Myocardium] Dice: 82.99
[2024-05-10 18:45:39,902][    INFO] ***** Evaluation ***** >>>> Class [2 Left Ventricle] Dice: 92.45
[2024-05-10 18:45:39,902][    INFO] ***** Evaluation ***** >>>> MeanDice: 86.57

[2024-05-10 18:45:40,085][    INFO] ===========> Epoch: 12, LR: 0.00798, Previous best: 87.55
[2024-05-10 18:45:40,870][    INFO] Iters: 0, Total loss: 0.064, Loss x: 0.066, Loss s: 0.118, Loss w_fp: 0.007, Mask ratio: 0.984
[2024-05-10 18:46:34,717][    INFO] ***** Evaluation ***** >>>> Class [0 Right Ventricle] Dice: 85.38
[2024-05-10 18:46:34,717][    INFO] ***** Evaluation ***** >>>> Class [1 Myocardium] Dice: 84.24
[2024-05-10 18:46:34,717][    INFO] ***** Evaluation ***** >>>> Class [2 Left Ventricle] Dice: 93.03
[2024-05-10 18:46:34,717][    INFO] ***** Evaluation ***** >>>> MeanDice: 87.55

[2024-05-10 18:46:34,897][    INFO] ===========> Epoch: 13, LR: 0.00779, Previous best: 87.55
[2024-05-10 18:46:35,716][    INFO] Iters: 0, Total loss: 0.035, Loss x: 0.051, Loss s: 0.034, Loss w_fp: 0.003, Mask ratio: 0.987
[2024-05-10 18:47:29,105][    INFO] ***** Evaluation ***** >>>> Class [0 Right Ventricle] Dice: 86.00
[2024-05-10 18:47:29,106][    INFO] ***** Evaluation ***** >>>> Class [1 Myocardium] Dice: 85.65
[2024-05-10 18:47:29,106][    INFO] ***** Evaluation ***** >>>> Class [2 Left Ventricle] Dice: 93.28
[2024-05-10 18:47:29,106][    INFO] ***** Evaluation ***** >>>> MeanDice: 88.31

[2024-05-10 18:47:29,432][    INFO] ===========> Epoch: 14, LR: 0.00761, Previous best: 88.31
[2024-05-10 18:47:30,226][    INFO] Iters: 0, Total loss: 0.044, Loss x: 0.069, Loss s: 0.034, Loss w_fp: 0.004, Mask ratio: 0.991
[2024-05-10 18:48:24,286][    INFO] ***** Evaluation ***** >>>> Class [0 Right Ventricle] Dice: 85.25
[2024-05-10 18:48:24,287][    INFO] ***** Evaluation ***** >>>> Class [1 Myocardium] Dice: 84.20
[2024-05-10 18:48:24,287][    INFO] ***** Evaluation ***** >>>> Class [2 Left Ventricle] Dice: 93.48
[2024-05-10 18:48:24,287][    INFO] ***** Evaluation ***** >>>> MeanDice: 87.64

[2024-05-10 18:48:24,470][    INFO] ===========> Epoch: 15, LR: 0.00742, Previous best: 88.31
[2024-05-10 18:48:25,266][    INFO] Iters: 0, Total loss: 0.035, Loss x: 0.043, Loss s: 0.048, Loss w_fp: 0.003, Mask ratio: 0.988
[2024-05-10 18:49:18,814][    INFO] ***** Evaluation ***** >>>> Class [0 Right Ventricle] Dice: 85.57
[2024-05-10 18:49:18,814][    INFO] ***** Evaluation ***** >>>> Class [1 Myocardium] Dice: 85.93
[2024-05-10 18:49:18,814][    INFO] ***** Evaluation ***** >>>> Class [2 Left Ventricle] Dice: 93.75
[2024-05-10 18:49:18,814][    INFO] ***** Evaluation ***** >>>> MeanDice: 88.42

[2024-05-10 18:49:19,154][    INFO] ===========> Epoch: 16, LR: 0.00723, Previous best: 88.42
[2024-05-10 18:49:19,952][    INFO] Iters: 0, Total loss: 0.041, Loss x: 0.036, Loss s: 0.091, Loss w_fp: 0.003, Mask ratio: 0.990
[2024-05-10 18:50:14,068][    INFO] ***** Evaluation ***** >>>> Class [0 Right Ventricle] Dice: 86.41
[2024-05-10 18:50:14,068][    INFO] ***** Evaluation ***** >>>> Class [1 Myocardium] Dice: 85.73
[2024-05-10 18:50:14,068][    INFO] ***** Evaluation ***** >>>> Class [2 Left Ventricle] Dice: 93.84
[2024-05-10 18:50:14,068][    INFO] ***** Evaluation ***** >>>> MeanDice: 88.66

[2024-05-10 18:50:14,407][    INFO] ===========> Epoch: 17, LR: 0.00705, Previous best: 88.66
[2024-05-10 18:50:15,216][    INFO] Iters: 0, Total loss: 0.027, Loss x: 0.032, Loss s: 0.039, Loss w_fp: 0.004, Mask ratio: 0.987
[2024-05-10 18:51:11,137][    INFO] ***** Evaluation ***** >>>> Class [0 Right Ventricle] Dice: 85.03
[2024-05-10 18:51:11,137][    INFO] ***** Evaluation ***** >>>> Class [1 Myocardium] Dice: 86.10
[2024-05-10 18:51:11,137][    INFO] ***** Evaluation ***** >>>> Class [2 Left Ventricle] Dice: 94.04
[2024-05-10 18:51:11,137][    INFO] ***** Evaluation ***** >>>> MeanDice: 88.39

[2024-05-10 18:51:11,323][    INFO] ===========> Epoch: 18, LR: 0.00686, Previous best: 88.66
[2024-05-10 18:51:12,108][    INFO] Iters: 0, Total loss: 0.034, Loss x: 0.051, Loss s: 0.029, Loss w_fp: 0.005, Mask ratio: 0.991
[2024-05-10 18:52:06,998][    INFO] ***** Evaluation ***** >>>> Class [0 Right Ventricle] Dice: 86.80
[2024-05-10 18:52:06,998][    INFO] ***** Evaluation ***** >>>> Class [1 Myocardium] Dice: 87.23
[2024-05-10 18:52:06,998][    INFO] ***** Evaluation ***** >>>> Class [2 Left Ventricle] Dice: 94.42
[2024-05-10 18:52:06,999][    INFO] ***** Evaluation ***** >>>> MeanDice: 89.48

[2024-05-10 18:52:07,338][    INFO] ===========> Epoch: 19, LR: 0.00667, Previous best: 89.48
[2024-05-10 18:52:08,151][    INFO] Iters: 0, Total loss: 0.041, Loss x: 0.033, Loss s: 0.095, Loss w_fp: 0.004, Mask ratio: 0.992
[2024-05-10 18:53:01,951][    INFO] ***** Evaluation ***** >>>> Class [0 Right Ventricle] Dice: 87.21
[2024-05-10 18:53:01,951][    INFO] ***** Evaluation ***** >>>> Class [1 Myocardium] Dice: 86.88
[2024-05-10 18:53:01,951][    INFO] ***** Evaluation ***** >>>> Class [2 Left Ventricle] Dice: 94.11
[2024-05-10 18:53:01,951][    INFO] ***** Evaluation ***** >>>> MeanDice: 89.40

[2024-05-10 18:53:02,135][    INFO] ===========> Epoch: 20, LR: 0.00648, Previous best: 89.48
[2024-05-10 18:53:02,944][    INFO] Iters: 0, Total loss: 0.026, Loss x: 0.038, Loss s: 0.022, Loss w_fp: 0.007, Mask ratio: 0.992
[2024-05-10 18:53:57,025][    INFO] ***** Evaluation ***** >>>> Class [0 Right Ventricle] Dice: 87.77
[2024-05-10 18:53:57,025][    INFO] ***** Evaluation ***** >>>> Class [1 Myocardium] Dice: 87.99
[2024-05-10 18:53:57,025][    INFO] ***** Evaluation ***** >>>> Class [2 Left Ventricle] Dice: 94.20
[2024-05-10 18:53:57,025][    INFO] ***** Evaluation ***** >>>> MeanDice: 89.99

[2024-05-10 18:53:57,365][    INFO] ===========> Epoch: 21, LR: 0.00629, Previous best: 89.99
[2024-05-10 18:53:58,162][    INFO] Iters: 0, Total loss: 0.031, Loss x: 0.032, Loss s: 0.049, Loss w_fp: 0.009, Mask ratio: 0.987
[2024-05-10 18:54:53,082][    INFO] ***** Evaluation ***** >>>> Class [0 Right Ventricle] Dice: 88.47
[2024-05-10 18:54:53,083][    INFO] ***** Evaluation ***** >>>> Class [1 Myocardium] Dice: 88.04
[2024-05-10 18:54:53,083][    INFO] ***** Evaluation ***** >>>> Class [2 Left Ventricle] Dice: 94.23
[2024-05-10 18:54:53,083][    INFO] ***** Evaluation ***** >>>> MeanDice: 90.25

[2024-05-10 18:54:53,423][    INFO] ===========> Epoch: 22, LR: 0.00610, Previous best: 90.25
[2024-05-10 18:54:55,080][    INFO] Iters: 0, Total loss: 0.025, Loss x: 0.033, Loss s: 0.029, Loss w_fp: 0.006, Mask ratio: 0.987
[2024-05-10 18:55:50,707][    INFO] ***** Evaluation ***** >>>> Class [0 Right Ventricle] Dice: 86.85
[2024-05-10 18:55:50,707][    INFO] ***** Evaluation ***** >>>> Class [1 Myocardium] Dice: 86.79
[2024-05-10 18:55:50,707][    INFO] ***** Evaluation ***** >>>> Class [2 Left Ventricle] Dice: 93.76
[2024-05-10 18:55:50,707][    INFO] ***** Evaluation ***** >>>> MeanDice: 89.13

[2024-05-10 18:55:50,892][    INFO] ===========> Epoch: 23, LR: 0.00591, Previous best: 90.25
[2024-05-10 18:55:51,692][    INFO] Iters: 0, Total loss: 0.028, Loss x: 0.037, Loss s: 0.036, Loss w_fp: 0.003, Mask ratio: 0.987
[2024-05-10 18:56:46,233][    INFO] ***** Evaluation ***** >>>> Class [0 Right Ventricle] Dice: 87.40
[2024-05-10 18:56:46,234][    INFO] ***** Evaluation ***** >>>> Class [1 Myocardium] Dice: 87.55
[2024-05-10 18:56:46,234][    INFO] ***** Evaluation ***** >>>> Class [2 Left Ventricle] Dice: 94.29
[2024-05-10 18:56:46,234][    INFO] ***** Evaluation ***** >>>> MeanDice: 89.75

[2024-05-10 18:56:46,421][    INFO] ===========> Epoch: 24, LR: 0.00572, Previous best: 90.25
[2024-05-10 18:56:47,337][    INFO] Iters: 0, Total loss: 0.034, Loss x: 0.053, Loss s: 0.025, Loss w_fp: 0.005, Mask ratio: 0.990
[2024-05-10 18:57:41,473][    INFO] ***** Evaluation ***** >>>> Class [0 Right Ventricle] Dice: 87.98
[2024-05-10 18:57:41,474][    INFO] ***** Evaluation ***** >>>> Class [1 Myocardium] Dice: 87.31
[2024-05-10 18:57:41,474][    INFO] ***** Evaluation ***** >>>> Class [2 Left Ventricle] Dice: 94.33
[2024-05-10 18:57:41,474][    INFO] ***** Evaluation ***** >>>> MeanDice: 89.87

[2024-05-10 18:57:41,658][    INFO] ===========> Epoch: 25, LR: 0.00553, Previous best: 90.25
[2024-05-10 18:57:42,458][    INFO] Iters: 0, Total loss: 0.035, Loss x: 0.053, Loss s: 0.028, Loss w_fp: 0.006, Mask ratio: 0.992
[2024-05-10 18:58:37,948][    INFO] ***** Evaluation ***** >>>> Class [0 Right Ventricle] Dice: 88.31
[2024-05-10 18:58:37,948][    INFO] ***** Evaluation ***** >>>> Class [1 Myocardium] Dice: 88.29
[2024-05-10 18:58:37,948][    INFO] ***** Evaluation ***** >>>> Class [2 Left Ventricle] Dice: 94.62
[2024-05-10 18:58:37,948][    INFO] ***** Evaluation ***** >>>> MeanDice: 90.41

[2024-05-10 18:58:38,303][    INFO] ===========> Epoch: 26, LR: 0.00534, Previous best: 90.41
[2024-05-10 18:58:39,088][    INFO] Iters: 0, Total loss: 0.031, Loss x: 0.038, Loss s: 0.046, Loss w_fp: 0.003, Mask ratio: 0.993
[2024-05-10 18:59:33,028][    INFO] ***** Evaluation ***** >>>> Class [0 Right Ventricle] Dice: 87.48
[2024-05-10 18:59:33,028][    INFO] ***** Evaluation ***** >>>> Class [1 Myocardium] Dice: 86.70
[2024-05-10 18:59:33,028][    INFO] ***** Evaluation ***** >>>> Class [2 Left Ventricle] Dice: 94.41
[2024-05-10 18:59:33,028][    INFO] ***** Evaluation ***** >>>> MeanDice: 89.53

[2024-05-10 18:59:33,214][    INFO] ===========> Epoch: 27, LR: 0.00514, Previous best: 90.41
[2024-05-10 18:59:33,989][    INFO] Iters: 0, Total loss: 0.031, Loss x: 0.032, Loss s: 0.058, Loss w_fp: 0.005, Mask ratio: 0.990
[2024-05-10 19:00:29,612][    INFO] ***** Evaluation ***** >>>> Class [0 Right Ventricle] Dice: 88.79
[2024-05-10 19:00:29,612][    INFO] ***** Evaluation ***** >>>> Class [1 Myocardium] Dice: 88.20
[2024-05-10 19:00:29,612][    INFO] ***** Evaluation ***** >>>> Class [2 Left Ventricle] Dice: 94.16
[2024-05-10 19:00:29,612][    INFO] ***** Evaluation ***** >>>> MeanDice: 90.38

[2024-05-10 19:00:29,796][    INFO] ===========> Epoch: 28, LR: 0.00495, Previous best: 90.41
[2024-05-10 19:00:30,595][    INFO] Iters: 0, Total loss: 0.020, Loss x: 0.029, Loss s: 0.015, Loss w_fp: 0.005, Mask ratio: 0.989
[2024-05-10 19:01:25,850][    INFO] ***** Evaluation ***** >>>> Class [0 Right Ventricle] Dice: 88.75
[2024-05-10 19:01:25,850][    INFO] ***** Evaluation ***** >>>> Class [1 Myocardium] Dice: 88.02
[2024-05-10 19:01:25,850][    INFO] ***** Evaluation ***** >>>> Class [2 Left Ventricle] Dice: 94.61
[2024-05-10 19:01:25,850][    INFO] ***** Evaluation ***** >>>> MeanDice: 90.46

[2024-05-10 19:01:26,193][    INFO] ===========> Epoch: 29, LR: 0.00476, Previous best: 90.46
[2024-05-10 19:01:27,043][    INFO] Iters: 0, Total loss: 0.021, Loss x: 0.023, Loss s: 0.033, Loss w_fp: 0.005, Mask ratio: 0.992
[2024-05-10 19:02:23,755][    INFO] ***** Evaluation ***** >>>> Class [0 Right Ventricle] Dice: 89.23
[2024-05-10 19:02:23,755][    INFO] ***** Evaluation ***** >>>> Class [1 Myocardium] Dice: 88.40
[2024-05-10 19:02:23,755][    INFO] ***** Evaluation ***** >>>> Class [2 Left Ventricle] Dice: 94.66
[2024-05-10 19:02:23,755][    INFO] ***** Evaluation ***** >>>> MeanDice: 90.76

[2024-05-10 19:02:24,096][    INFO] ===========> Epoch: 30, LR: 0.00456, Previous best: 90.76
[2024-05-10 19:02:24,894][    INFO] Iters: 0, Total loss: 0.019, Loss x: 0.029, Loss s: 0.015, Loss w_fp: 0.003, Mask ratio: 0.992
[2024-05-10 19:03:21,054][    INFO] ***** Evaluation ***** >>>> Class [0 Right Ventricle] Dice: 88.57
[2024-05-10 19:03:21,054][    INFO] ***** Evaluation ***** >>>> Class [1 Myocardium] Dice: 88.37
[2024-05-10 19:03:21,054][    INFO] ***** Evaluation ***** >>>> Class [2 Left Ventricle] Dice: 94.89
[2024-05-10 19:03:21,054][    INFO] ***** Evaluation ***** >>>> MeanDice: 90.61

[2024-05-10 19:03:21,240][    INFO] ===========> Epoch: 31, LR: 0.00436, Previous best: 90.76
[2024-05-10 19:03:22,022][    INFO] Iters: 0, Total loss: 0.036, Loss x: 0.057, Loss s: 0.026, Loss w_fp: 0.004, Mask ratio: 0.991
[2024-05-10 19:04:15,927][    INFO] ***** Evaluation ***** >>>> Class [0 Right Ventricle] Dice: 87.95
[2024-05-10 19:04:15,927][    INFO] ***** Evaluation ***** >>>> Class [1 Myocardium] Dice: 88.66
[2024-05-10 19:04:15,927][    INFO] ***** Evaluation ***** >>>> Class [2 Left Ventricle] Dice: 94.93
[2024-05-10 19:04:15,927][    INFO] ***** Evaluation ***** >>>> MeanDice: 90.51

[2024-05-10 19:04:16,113][    INFO] ===========> Epoch: 32, LR: 0.00416, Previous best: 90.76
[2024-05-10 19:04:16,914][    INFO] Iters: 0, Total loss: 0.022, Loss x: 0.030, Loss s: 0.024, Loss w_fp: 0.002, Mask ratio: 0.984
[2024-05-10 19:05:12,789][    INFO] ***** Evaluation ***** >>>> Class [0 Right Ventricle] Dice: 89.69
[2024-05-10 19:05:12,789][    INFO] ***** Evaluation ***** >>>> Class [1 Myocardium] Dice: 88.82
[2024-05-10 19:05:12,789][    INFO] ***** Evaluation ***** >>>> Class [2 Left Ventricle] Dice: 94.62
[2024-05-10 19:05:12,789][    INFO] ***** Evaluation ***** >>>> MeanDice: 91.04

[2024-05-10 19:05:13,128][    INFO] ===========> Epoch: 33, LR: 0.00397, Previous best: 91.04
[2024-05-10 19:05:13,926][    INFO] Iters: 0, Total loss: 0.023, Loss x: 0.028, Loss s: 0.032, Loss w_fp: 0.006, Mask ratio: 0.990
[2024-05-10 19:06:09,740][    INFO] ***** Evaluation ***** >>>> Class [0 Right Ventricle] Dice: 88.51
[2024-05-10 19:06:09,740][    INFO] ***** Evaluation ***** >>>> Class [1 Myocardium] Dice: 88.29
[2024-05-10 19:06:09,740][    INFO] ***** Evaluation ***** >>>> Class [2 Left Ventricle] Dice: 94.78
[2024-05-10 19:06:09,740][    INFO] ***** Evaluation ***** >>>> MeanDice: 90.53

[2024-05-10 19:06:09,926][    INFO] ===========> Epoch: 34, LR: 0.00377, Previous best: 91.04
[2024-05-10 19:06:10,750][    INFO] Iters: 0, Total loss: 0.029, Loss x: 0.041, Loss s: 0.030, Loss w_fp: 0.004, Mask ratio: 0.991
[2024-05-10 19:07:06,431][    INFO] ***** Evaluation ***** >>>> Class [0 Right Ventricle] Dice: 89.63
[2024-05-10 19:07:06,431][    INFO] ***** Evaluation ***** >>>> Class [1 Myocardium] Dice: 89.15
[2024-05-10 19:07:06,431][    INFO] ***** Evaluation ***** >>>> Class [2 Left Ventricle] Dice: 95.12
[2024-05-10 19:07:06,431][    INFO] ***** Evaluation ***** >>>> MeanDice: 91.30

[2024-05-10 19:07:06,909][    INFO] ===========> Epoch: 35, LR: 0.00356, Previous best: 91.30
[2024-05-10 19:07:08,570][    INFO] Iters: 0, Total loss: 0.021, Loss x: 0.029, Loss s: 0.022, Loss w_fp: 0.003, Mask ratio: 0.990
[2024-05-10 19:08:02,903][    INFO] ***** Evaluation ***** >>>> Class [0 Right Ventricle] Dice: 87.03
[2024-05-10 19:08:02,903][    INFO] ***** Evaluation ***** >>>> Class [1 Myocardium] Dice: 88.93
[2024-05-10 19:08:02,903][    INFO] ***** Evaluation ***** >>>> Class [2 Left Ventricle] Dice: 94.93
[2024-05-10 19:08:02,903][    INFO] ***** Evaluation ***** >>>> MeanDice: 90.29

[2024-05-10 19:08:03,090][    INFO] ===========> Epoch: 36, LR: 0.00336, Previous best: 91.30
[2024-05-10 19:08:03,905][    INFO] Iters: 0, Total loss: 0.024, Loss x: 0.032, Loss s: 0.028, Loss w_fp: 0.003, Mask ratio: 0.991
[2024-05-10 19:08:57,492][    INFO] ***** Evaluation ***** >>>> Class [0 Right Ventricle] Dice: 88.28
[2024-05-10 19:08:57,492][    INFO] ***** Evaluation ***** >>>> Class [1 Myocardium] Dice: 88.63
[2024-05-10 19:08:57,492][    INFO] ***** Evaluation ***** >>>> Class [2 Left Ventricle] Dice: 94.81
[2024-05-10 19:08:57,492][    INFO] ***** Evaluation ***** >>>> MeanDice: 90.57

[2024-05-10 19:08:57,679][    INFO] ===========> Epoch: 37, LR: 0.00316, Previous best: 91.30
[2024-05-10 19:08:58,474][    INFO] Iters: 0, Total loss: 0.032, Loss x: 0.027, Loss s: 0.072, Loss w_fp: 0.003, Mask ratio: 0.991
[2024-05-10 19:09:54,081][    INFO] ***** Evaluation ***** >>>> Class [0 Right Ventricle] Dice: 89.30
[2024-05-10 19:09:54,081][    INFO] ***** Evaluation ***** >>>> Class [1 Myocardium] Dice: 88.89
[2024-05-10 19:09:54,081][    INFO] ***** Evaluation ***** >>>> Class [2 Left Ventricle] Dice: 94.85
[2024-05-10 19:09:54,081][    INFO] ***** Evaluation ***** >>>> MeanDice: 91.01

[2024-05-10 19:09:54,240][    INFO] ===========> Epoch: 38, LR: 0.00295, Previous best: 91.30
[2024-05-10 19:09:55,032][    INFO] Iters: 0, Total loss: 0.026, Loss x: 0.030, Loss s: 0.040, Loss w_fp: 0.003, Mask ratio: 0.992
[2024-05-10 19:10:56,803][    INFO] ***** Evaluation ***** >>>> Class [0 Right Ventricle] Dice: 89.42
[2024-05-10 19:10:56,803][    INFO] ***** Evaluation ***** >>>> Class [1 Myocardium] Dice: 89.29
[2024-05-10 19:10:56,803][    INFO] ***** Evaluation ***** >>>> Class [2 Left Ventricle] Dice: 94.76
[2024-05-10 19:10:56,803][    INFO] ***** Evaluation ***** >>>> MeanDice: 91.16

[2024-05-10 19:10:56,990][    INFO] ===========> Epoch: 39, LR: 0.00275, Previous best: 91.30
[2024-05-10 19:10:57,812][    INFO] Iters: 0, Total loss: 0.038, Loss x: 0.057, Loss s: 0.037, Loss w_fp: 0.002, Mask ratio: 0.993
[2024-05-10 19:12:04,875][    INFO] ***** Evaluation ***** >>>> Class [0 Right Ventricle] Dice: 88.67
[2024-05-10 19:12:04,875][    INFO] ***** Evaluation ***** >>>> Class [1 Myocardium] Dice: 88.47
[2024-05-10 19:12:04,875][    INFO] ***** Evaluation ***** >>>> Class [2 Left Ventricle] Dice: 95.00
[2024-05-10 19:12:04,875][    INFO] ***** Evaluation ***** >>>> MeanDice: 90.71

[2024-05-10 19:12:05,091][    INFO] ===========> Epoch: 40, LR: 0.00254, Previous best: 91.30
[2024-05-10 19:12:05,973][    INFO] Iters: 0, Total loss: 0.025, Loss x: 0.030, Loss s: 0.037, Loss w_fp: 0.004, Mask ratio: 0.990
[2024-05-10 19:13:12,215][    INFO] ***** Evaluation ***** >>>> Class [0 Right Ventricle] Dice: 89.58
[2024-05-10 19:13:12,215][    INFO] ***** Evaluation ***** >>>> Class [1 Myocardium] Dice: 88.77
[2024-05-10 19:13:12,216][    INFO] ***** Evaluation ***** >>>> Class [2 Left Ventricle] Dice: 95.22
[2024-05-10 19:13:12,216][    INFO] ***** Evaluation ***** >>>> MeanDice: 91.19

[2024-05-10 19:13:12,400][    INFO] ===========> Epoch: 41, LR: 0.00233, Previous best: 91.30
[2024-05-10 19:13:13,235][    INFO] Iters: 0, Total loss: 0.028, Loss x: 0.032, Loss s: 0.041, Loss w_fp: 0.007, Mask ratio: 0.993
[2024-05-10 19:14:12,443][    INFO] ***** Evaluation ***** >>>> Class [0 Right Ventricle] Dice: 88.84
[2024-05-10 19:14:12,444][    INFO] ***** Evaluation ***** >>>> Class [1 Myocardium] Dice: 88.84
[2024-05-10 19:14:12,444][    INFO] ***** Evaluation ***** >>>> Class [2 Left Ventricle] Dice: 94.97
[2024-05-10 19:14:12,444][    INFO] ***** Evaluation ***** >>>> MeanDice: 90.88

[2024-05-10 19:14:12,629][    INFO] ===========> Epoch: 42, LR: 0.00211, Previous best: 91.30
[2024-05-10 19:14:13,429][    INFO] Iters: 0, Total loss: 0.018, Loss x: 0.023, Loss s: 0.021, Loss w_fp: 0.007, Mask ratio: 0.995
[2024-05-10 19:15:07,670][    INFO] ***** Evaluation ***** >>>> Class [0 Right Ventricle] Dice: 89.85
[2024-05-10 19:15:07,670][    INFO] ***** Evaluation ***** >>>> Class [1 Myocardium] Dice: 89.13
[2024-05-10 19:15:07,670][    INFO] ***** Evaluation ***** >>>> Class [2 Left Ventricle] Dice: 95.30
[2024-05-10 19:15:07,670][    INFO] ***** Evaluation ***** >>>> MeanDice: 91.42

[2024-05-10 19:15:08,024][    INFO] ===========> Epoch: 43, LR: 0.00190, Previous best: 91.42
[2024-05-10 19:15:08,810][    INFO] Iters: 0, Total loss: 0.024, Loss x: 0.037, Loss s: 0.020, Loss w_fp: 0.003, Mask ratio: 0.989
[2024-05-10 19:16:02,758][    INFO] ***** Evaluation ***** >>>> Class [0 Right Ventricle] Dice: 89.28
[2024-05-10 19:16:02,758][    INFO] ***** Evaluation ***** >>>> Class [1 Myocardium] Dice: 89.02
[2024-05-10 19:16:02,758][    INFO] ***** Evaluation ***** >>>> Class [2 Left Ventricle] Dice: 95.07
[2024-05-10 19:16:02,758][    INFO] ***** Evaluation ***** >>>> MeanDice: 91.12

[2024-05-10 19:16:02,943][    INFO] ===========> Epoch: 44, LR: 0.00168, Previous best: 91.42
[2024-05-10 19:16:03,762][    INFO] Iters: 0, Total loss: 0.028, Loss x: 0.029, Loss s: 0.051, Loss w_fp: 0.003, Mask ratio: 0.995
[2024-05-10 19:16:58,020][    INFO] ***** Evaluation ***** >>>> Class [0 Right Ventricle] Dice: 89.62
[2024-05-10 19:16:58,021][    INFO] ***** Evaluation ***** >>>> Class [1 Myocardium] Dice: 89.15
[2024-05-10 19:16:58,021][    INFO] ***** Evaluation ***** >>>> Class [2 Left Ventricle] Dice: 95.03
[2024-05-10 19:16:58,021][    INFO] ***** Evaluation ***** >>>> MeanDice: 91.27

[2024-05-10 19:16:58,204][    INFO] ===========> Epoch: 45, LR: 0.00146, Previous best: 91.42
[2024-05-10 19:16:59,003][    INFO] Iters: 0, Total loss: 0.023, Loss x: 0.028, Loss s: 0.022, Loss w_fp: 0.013, Mask ratio: 0.989
[2024-05-10 19:17:52,414][    INFO] ***** Evaluation ***** >>>> Class [0 Right Ventricle] Dice: 89.92
[2024-05-10 19:17:52,414][    INFO] ***** Evaluation ***** >>>> Class [1 Myocardium] Dice: 89.40
[2024-05-10 19:17:52,414][    INFO] ***** Evaluation ***** >>>> Class [2 Left Ventricle] Dice: 95.10
[2024-05-10 19:17:52,414][    INFO] ***** Evaluation ***** >>>> MeanDice: 91.47

[2024-05-10 19:17:52,753][    INFO] ===========> Epoch: 46, LR: 0.00123, Previous best: 91.47
[2024-05-10 19:17:53,564][    INFO] Iters: 0, Total loss: 0.028, Loss x: 0.034, Loss s: 0.040, Loss w_fp: 0.005, Mask ratio: 0.994
[2024-05-10 19:18:47,808][    INFO] ***** Evaluation ***** >>>> Class [0 Right Ventricle] Dice: 89.47
[2024-05-10 19:18:47,808][    INFO] ***** Evaluation ***** >>>> Class [1 Myocardium] Dice: 89.30
[2024-05-10 19:18:47,808][    INFO] ***** Evaluation ***** >>>> Class [2 Left Ventricle] Dice: 95.11
[2024-05-10 19:18:47,808][    INFO] ***** Evaluation ***** >>>> MeanDice: 91.29

[2024-05-10 19:18:47,993][    INFO] ===========> Epoch: 47, LR: 0.00100, Previous best: 91.47
[2024-05-10 19:18:48,815][    INFO] Iters: 0, Total loss: 0.019, Loss x: 0.019, Loss s: 0.033, Loss w_fp: 0.005, Mask ratio: 0.990
[2024-05-10 19:19:43,384][    INFO] ***** Evaluation ***** >>>> Class [0 Right Ventricle] Dice: 89.22
[2024-05-10 19:19:43,384][    INFO] ***** Evaluation ***** >>>> Class [1 Myocardium] Dice: 88.87
[2024-05-10 19:19:43,384][    INFO] ***** Evaluation ***** >>>> Class [2 Left Ventricle] Dice: 95.25
[2024-05-10 19:19:43,384][    INFO] ***** Evaluation ***** >>>> MeanDice: 91.11

[2024-05-10 19:19:43,569][    INFO] ===========> Epoch: 48, LR: 0.00077, Previous best: 91.47
[2024-05-10 19:19:44,385][    INFO] Iters: 0, Total loss: 0.021, Loss x: 0.024, Loss s: 0.031, Loss w_fp: 0.006, Mask ratio: 0.988
[2024-05-10 19:20:38,131][    INFO] ***** Evaluation ***** >>>> Class [0 Right Ventricle] Dice: 89.84
[2024-05-10 19:20:38,132][    INFO] ***** Evaluation ***** >>>> Class [1 Myocardium] Dice: 89.26
[2024-05-10 19:20:38,132][    INFO] ***** Evaluation ***** >>>> Class [2 Left Ventricle] Dice: 95.16
[2024-05-10 19:20:38,132][    INFO] ***** Evaluation ***** >>>> MeanDice: 91.42

[2024-05-10 19:20:38,317][    INFO] ===========> Epoch: 49, LR: 0.00052, Previous best: 91.47
[2024-05-10 19:20:39,159][    INFO] Iters: 0, Total loss: 0.026, Loss x: 0.037, Loss s: 0.025, Loss w_fp: 0.004, Mask ratio: 0.992
[2024-05-10 19:21:33,417][    INFO] ***** Evaluation ***** >>>> Class [0 Right Ventricle] Dice: 89.58
[2024-05-10 19:21:33,417][    INFO] ***** Evaluation ***** >>>> Class [1 Myocardium] Dice: 89.13
[2024-05-10 19:21:33,418][    INFO] ***** Evaluation ***** >>>> Class [2 Left Ventricle] Dice: 95.23
[2024-05-10 19:21:33,418][    INFO] ***** Evaluation ***** >>>> MeanDice: 91.32

