/var/lib/slurm/slurmd/job04893/slurm_script: line 15: module: command not found
[2024-05-10 00:21:10,476][    INFO] {'batch_size': 12,
 'conf_thresh': 0.95,
 'config': 'configs/ukbb/train/exp4/seed61/config.yaml',
 'crop_size': 256,
 'ctrl': 'age sex ethnicity',
 'data_desc': 'UKBB Train Data - 182 Patients - 18 Labeled, Rest Unlabeled',
 'data_root': '/vol/aimspace/projects/ukbb/data/cardiac/cardiac_segmentations/subjects',
 'dataset': 'ukbb',
 'epochs': 200,
 'local_rank': 0,
 'lr': 0.01,
 'mode': 'train',
 'model_desc': 'Unimatch Unet 18 Training on UKBB',
 'nclass': 4,
 'ngpus': 1,
 'num_workers': 1,
 'seed': 61,
 'split': 18,
 'visualize': False}

[2024-05-10 00:21:10,532][    INFO] Total params: 1.8M

[2024-05-10 00:21:12,702][    INFO] ===========> Epoch: 0, LR: 0.01000, Previous best: 0.00
[2024-05-10 00:21:17,752][    INFO] Iters: 0, Total loss: 0.585, Loss x: 1.170, Loss s: 0.000, Loss w_fp: 0.000, Mask ratio: 0.000
[2024-05-10 00:21:28,870][    INFO] ***** Evaluation ***** >>>> Class [0 Right Ventricle] Dice: 0.00
[2024-05-10 00:21:28,871][    INFO] ***** Evaluation ***** >>>> Class [1 Myocardium] Dice: 0.00
[2024-05-10 00:21:28,871][    INFO] ***** Evaluation ***** >>>> Class [2 Left Ventricle] Dice: 0.00
[2024-05-10 00:21:28,871][    INFO] ***** Evaluation ***** >>>> MeanDice: 0.00

[2024-05-10 00:21:28,986][    INFO] ===========> Epoch: 1, LR: 0.01000, Previous best: 0.00
[2024-05-10 00:21:29,827][    INFO] Iters: 0, Total loss: 0.577, Loss x: 0.403, Loss s: 0.751, Loss w_fp: 0.751, Mask ratio: 0.791
[2024-05-10 00:21:40,659][    INFO] ***** Evaluation ***** >>>> Class [0 Right Ventricle] Dice: 0.00
[2024-05-10 00:21:40,659][    INFO] ***** Evaluation ***** >>>> Class [1 Myocardium] Dice: 0.00
[2024-05-10 00:21:40,659][    INFO] ***** Evaluation ***** >>>> Class [2 Left Ventricle] Dice: 0.00
[2024-05-10 00:21:40,659][    INFO] ***** Evaluation ***** >>>> MeanDice: 0.00

[2024-05-10 00:21:40,736][    INFO] ===========> Epoch: 2, LR: 0.00995, Previous best: 0.00
[2024-05-10 00:21:41,586][    INFO] Iters: 0, Total loss: 0.562, Loss x: 0.372, Loss s: 0.751, Loss w_fp: 0.751, Mask ratio: 0.747
[2024-05-10 00:21:52,394][    INFO] ***** Evaluation ***** >>>> Class [0 Right Ventricle] Dice: 0.00
[2024-05-10 00:21:52,394][    INFO] ***** Evaluation ***** >>>> Class [1 Myocardium] Dice: 0.81
[2024-05-10 00:21:52,394][    INFO] ***** Evaluation ***** >>>> Class [2 Left Ventricle] Dice: 0.00
[2024-05-10 00:21:52,394][    INFO] ***** Evaluation ***** >>>> MeanDice: 0.27

[2024-05-10 00:21:52,520][    INFO] ===========> Epoch: 3, LR: 0.00991, Previous best: 0.27
[2024-05-10 00:21:53,388][    INFO] Iters: 0, Total loss: 0.556, Loss x: 0.362, Loss s: 0.751, Loss w_fp: 0.751, Mask ratio: 0.769
[2024-05-10 00:22:04,826][    INFO] ***** Evaluation ***** >>>> Class [0 Right Ventricle] Dice: 0.00
[2024-05-10 00:22:04,826][    INFO] ***** Evaluation ***** >>>> Class [1 Myocardium] Dice: 0.00
[2024-05-10 00:22:04,826][    INFO] ***** Evaluation ***** >>>> Class [2 Left Ventricle] Dice: 0.00
[2024-05-10 00:22:04,826][    INFO] ***** Evaluation ***** >>>> MeanDice: 0.00

[2024-05-10 00:22:04,899][    INFO] ===========> Epoch: 4, LR: 0.00986, Previous best: 0.27
[2024-05-10 00:22:05,748][    INFO] Iters: 0, Total loss: 0.522, Loss x: 0.294, Loss s: 0.752, Loss w_fp: 0.751, Mask ratio: 0.877
[2024-05-10 00:22:17,357][    INFO] ***** Evaluation ***** >>>> Class [0 Right Ventricle] Dice: 0.05
[2024-05-10 00:22:17,357][    INFO] ***** Evaluation ***** >>>> Class [1 Myocardium] Dice: 23.69
[2024-05-10 00:22:17,357][    INFO] ***** Evaluation ***** >>>> Class [2 Left Ventricle] Dice: 14.12
[2024-05-10 00:22:17,357][    INFO] ***** Evaluation ***** >>>> MeanDice: 12.62

[2024-05-10 00:22:17,470][    INFO] ===========> Epoch: 5, LR: 0.00982, Previous best: 12.62
[2024-05-10 00:22:18,345][    INFO] Iters: 0, Total loss: 0.496, Loss x: 0.240, Loss s: 0.751, Loss w_fp: 0.751, Mask ratio: 0.899
[2024-05-10 00:22:29,007][    INFO] ***** Evaluation ***** >>>> Class [0 Right Ventricle] Dice: 0.00
[2024-05-10 00:22:29,007][    INFO] ***** Evaluation ***** >>>> Class [1 Myocardium] Dice: 0.08
[2024-05-10 00:22:29,007][    INFO] ***** Evaluation ***** >>>> Class [2 Left Ventricle] Dice: 0.00
[2024-05-10 00:22:29,007][    INFO] ***** Evaluation ***** >>>> MeanDice: 0.03

[2024-05-10 00:22:29,083][    INFO] ===========> Epoch: 6, LR: 0.00977, Previous best: 12.62
[2024-05-10 00:22:29,934][    INFO] Iters: 0, Total loss: 0.487, Loss x: 0.302, Loss s: 0.705, Loss w_fp: 0.640, Mask ratio: 0.893
[2024-05-10 00:22:40,552][    INFO] ***** Evaluation ***** >>>> Class [0 Right Ventricle] Dice: 14.14
[2024-05-10 00:22:40,552][    INFO] ***** Evaluation ***** >>>> Class [1 Myocardium] Dice: 41.87
[2024-05-10 00:22:40,552][    INFO] ***** Evaluation ***** >>>> Class [2 Left Ventricle] Dice: 60.54
[2024-05-10 00:22:40,552][    INFO] ***** Evaluation ***** >>>> MeanDice: 38.85

[2024-05-10 00:22:40,671][    INFO] ===========> Epoch: 7, LR: 0.00972, Previous best: 38.85
[2024-05-10 00:22:41,534][    INFO] Iters: 0, Total loss: 0.351, Loss x: 0.191, Loss s: 0.597, Loss w_fp: 0.424, Mask ratio: 0.952
[2024-05-10 00:22:52,329][    INFO] ***** Evaluation ***** >>>> Class [0 Right Ventricle] Dice: 37.32
[2024-05-10 00:22:52,329][    INFO] ***** Evaluation ***** >>>> Class [1 Myocardium] Dice: 52.50
[2024-05-10 00:22:52,329][    INFO] ***** Evaluation ***** >>>> Class [2 Left Ventricle] Dice: 64.05
[2024-05-10 00:22:52,330][    INFO] ***** Evaluation ***** >>>> MeanDice: 51.29

[2024-05-10 00:22:52,444][    INFO] ===========> Epoch: 8, LR: 0.00968, Previous best: 51.29
[2024-05-10 00:22:53,317][    INFO] Iters: 0, Total loss: 0.254, Loss x: 0.176, Loss s: 0.382, Loss w_fp: 0.283, Mask ratio: 0.943
[2024-05-10 00:23:03,879][    INFO] ***** Evaluation ***** >>>> Class [0 Right Ventricle] Dice: 50.27
[2024-05-10 00:23:03,880][    INFO] ***** Evaluation ***** >>>> Class [1 Myocardium] Dice: 12.11
[2024-05-10 00:23:03,880][    INFO] ***** Evaluation ***** >>>> Class [2 Left Ventricle] Dice: 62.63
[2024-05-10 00:23:03,880][    INFO] ***** Evaluation ***** >>>> MeanDice: 41.67

[2024-05-10 00:23:03,925][    INFO] ===========> Epoch: 9, LR: 0.00963, Previous best: 51.29
[2024-05-10 00:23:04,800][    INFO] Iters: 0, Total loss: 0.260, Loss x: 0.232, Loss s: 0.316, Loss w_fp: 0.258, Mask ratio: 0.965
[2024-05-10 00:23:15,849][    INFO] ***** Evaluation ***** >>>> Class [0 Right Ventricle] Dice: 37.04
[2024-05-10 00:23:15,850][    INFO] ***** Evaluation ***** >>>> Class [1 Myocardium] Dice: 60.97
[2024-05-10 00:23:15,850][    INFO] ***** Evaluation ***** >>>> Class [2 Left Ventricle] Dice: 78.10
[2024-05-10 00:23:15,850][    INFO] ***** Evaluation ***** >>>> MeanDice: 58.70

[2024-05-10 00:23:15,940][    INFO] ===========> Epoch: 10, LR: 0.00959, Previous best: 58.70
[2024-05-10 00:23:16,802][    INFO] Iters: 0, Total loss: 0.198, Loss x: 0.189, Loss s: 0.374, Loss w_fp: 0.041, Mask ratio: 0.986
[2024-05-10 00:23:27,652][    INFO] ***** Evaluation ***** >>>> Class [0 Right Ventricle] Dice: 62.96
[2024-05-10 00:23:27,653][    INFO] ***** Evaluation ***** >>>> Class [1 Myocardium] Dice: 65.50
[2024-05-10 00:23:27,653][    INFO] ***** Evaluation ***** >>>> Class [2 Left Ventricle] Dice: 82.69
[2024-05-10 00:23:27,653][    INFO] ***** Evaluation ***** >>>> MeanDice: 70.38

[2024-05-10 00:23:27,772][    INFO] ===========> Epoch: 11, LR: 0.00954, Previous best: 70.38
[2024-05-10 00:23:28,629][    INFO] Iters: 0, Total loss: 0.088, Loss x: 0.144, Loss s: 0.058, Loss w_fp: 0.006, Mask ratio: 0.981
[2024-05-10 00:23:39,548][    INFO] ***** Evaluation ***** >>>> Class [0 Right Ventricle] Dice: 68.40
[2024-05-10 00:23:39,548][    INFO] ***** Evaluation ***** >>>> Class [1 Myocardium] Dice: 70.06
[2024-05-10 00:23:39,548][    INFO] ***** Evaluation ***** >>>> Class [2 Left Ventricle] Dice: 85.86
[2024-05-10 00:23:39,548][    INFO] ***** Evaluation ***** >>>> MeanDice: 74.77

[2024-05-10 00:23:39,638][    INFO] ===========> Epoch: 12, LR: 0.00950, Previous best: 74.77
[2024-05-10 00:23:40,484][    INFO] Iters: 0, Total loss: 0.070, Loss x: 0.099, Loss s: 0.070, Loss w_fp: 0.013, Mask ratio: 0.980
[2024-05-10 00:23:51,363][    INFO] ***** Evaluation ***** >>>> Class [0 Right Ventricle] Dice: 68.85
[2024-05-10 00:23:51,363][    INFO] ***** Evaluation ***** >>>> Class [1 Myocardium] Dice: 70.47
[2024-05-10 00:23:51,363][    INFO] ***** Evaluation ***** >>>> Class [2 Left Ventricle] Dice: 85.33
[2024-05-10 00:23:51,363][    INFO] ***** Evaluation ***** >>>> MeanDice: 74.88

[2024-05-10 00:23:51,456][    INFO] ===========> Epoch: 13, LR: 0.00945, Previous best: 74.88
[2024-05-10 00:23:52,307][    INFO] Iters: 0, Total loss: 0.065, Loss x: 0.082, Loss s: 0.078, Loss w_fp: 0.019, Mask ratio: 0.981
[2024-05-10 00:24:03,077][    INFO] ***** Evaluation ***** >>>> Class [0 Right Ventricle] Dice: 73.44
[2024-05-10 00:24:03,077][    INFO] ***** Evaluation ***** >>>> Class [1 Myocardium] Dice: 73.53
[2024-05-10 00:24:03,077][    INFO] ***** Evaluation ***** >>>> Class [2 Left Ventricle] Dice: 87.81
[2024-05-10 00:24:03,077][    INFO] ***** Evaluation ***** >>>> MeanDice: 78.26

[2024-05-10 00:24:03,195][    INFO] ===========> Epoch: 14, LR: 0.00941, Previous best: 78.26
[2024-05-10 00:24:04,105][    INFO] Iters: 0, Total loss: 0.075, Loss x: 0.095, Loss s: 0.091, Loss w_fp: 0.019, Mask ratio: 0.991
[2024-05-10 00:24:14,713][    INFO] ***** Evaluation ***** >>>> Class [0 Right Ventricle] Dice: 68.07
[2024-05-10 00:24:14,713][    INFO] ***** Evaluation ***** >>>> Class [1 Myocardium] Dice: 66.54
[2024-05-10 00:24:14,713][    INFO] ***** Evaluation ***** >>>> Class [2 Left Ventricle] Dice: 84.45
[2024-05-10 00:24:14,713][    INFO] ***** Evaluation ***** >>>> MeanDice: 73.02

[2024-05-10 00:24:14,792][    INFO] ===========> Epoch: 15, LR: 0.00936, Previous best: 78.26
[2024-05-10 00:24:15,624][    INFO] Iters: 0, Total loss: 0.102, Loss x: 0.167, Loss s: 0.071, Loss w_fp: 0.005, Mask ratio: 0.979
[2024-05-10 00:24:26,429][    INFO] ***** Evaluation ***** >>>> Class [0 Right Ventricle] Dice: 70.73
[2024-05-10 00:24:26,429][    INFO] ***** Evaluation ***** >>>> Class [1 Myocardium] Dice: 67.43
[2024-05-10 00:24:26,429][    INFO] ***** Evaluation ***** >>>> Class [2 Left Ventricle] Dice: 83.89
[2024-05-10 00:24:26,429][    INFO] ***** Evaluation ***** >>>> MeanDice: 74.02

[2024-05-10 00:24:26,503][    INFO] ===========> Epoch: 16, LR: 0.00932, Previous best: 78.26
[2024-05-10 00:24:27,403][    INFO] Iters: 0, Total loss: 0.071, Loss x: 0.127, Loss s: 0.024, Loss w_fp: 0.006, Mask ratio: 0.985
[2024-05-10 00:24:38,614][    INFO] ***** Evaluation ***** >>>> Class [0 Right Ventricle] Dice: 70.33
[2024-05-10 00:24:38,614][    INFO] ***** Evaluation ***** >>>> Class [1 Myocardium] Dice: 69.85
[2024-05-10 00:24:38,614][    INFO] ***** Evaluation ***** >>>> Class [2 Left Ventricle] Dice: 87.17
[2024-05-10 00:24:38,614][    INFO] ***** Evaluation ***** >>>> MeanDice: 75.79

[2024-05-10 00:24:38,664][    INFO] ===========> Epoch: 17, LR: 0.00927, Previous best: 78.26
[2024-05-10 00:24:39,489][    INFO] Iters: 0, Total loss: 0.059, Loss x: 0.085, Loss s: 0.060, Loss w_fp: 0.007, Mask ratio: 0.980
[2024-05-10 00:24:50,792][    INFO] ***** Evaluation ***** >>>> Class [0 Right Ventricle] Dice: 74.56
[2024-05-10 00:24:50,793][    INFO] ***** Evaluation ***** >>>> Class [1 Myocardium] Dice: 76.71
[2024-05-10 00:24:50,793][    INFO] ***** Evaluation ***** >>>> Class [2 Left Ventricle] Dice: 88.08
[2024-05-10 00:24:50,793][    INFO] ***** Evaluation ***** >>>> MeanDice: 79.78

[2024-05-10 00:24:50,910][    INFO] ===========> Epoch: 18, LR: 0.00923, Previous best: 79.78
[2024-05-10 00:24:51,762][    INFO] Iters: 0, Total loss: 0.071, Loss x: 0.105, Loss s: 0.065, Loss w_fp: 0.007, Mask ratio: 0.981
[2024-05-10 00:25:02,827][    INFO] ***** Evaluation ***** >>>> Class [0 Right Ventricle] Dice: 76.30
[2024-05-10 00:25:02,827][    INFO] ***** Evaluation ***** >>>> Class [1 Myocardium] Dice: 76.73
[2024-05-10 00:25:02,828][    INFO] ***** Evaluation ***** >>>> Class [2 Left Ventricle] Dice: 89.12
[2024-05-10 00:25:02,828][    INFO] ***** Evaluation ***** >>>> MeanDice: 80.72

[2024-05-10 00:25:02,949][    INFO] ===========> Epoch: 19, LR: 0.00918, Previous best: 80.72
[2024-05-10 00:25:03,819][    INFO] Iters: 0, Total loss: 0.061, Loss x: 0.050, Loss s: 0.120, Loss w_fp: 0.024, Mask ratio: 0.989
[2024-05-10 00:25:14,649][    INFO] ***** Evaluation ***** >>>> Class [0 Right Ventricle] Dice: 75.04
[2024-05-10 00:25:14,649][    INFO] ***** Evaluation ***** >>>> Class [1 Myocardium] Dice: 67.71
[2024-05-10 00:25:14,649][    INFO] ***** Evaluation ***** >>>> Class [2 Left Ventricle] Dice: 83.26
[2024-05-10 00:25:14,649][    INFO] ***** Evaluation ***** >>>> MeanDice: 75.34

[2024-05-10 00:25:14,695][    INFO] ===========> Epoch: 20, LR: 0.00914, Previous best: 80.72
[2024-05-10 00:25:15,551][    INFO] Iters: 0, Total loss: 0.056, Loss x: 0.078, Loss s: 0.062, Loss w_fp: 0.006, Mask ratio: 0.988
[2024-05-10 00:25:27,857][    INFO] ***** Evaluation ***** >>>> Class [0 Right Ventricle] Dice: 75.70
[2024-05-10 00:25:27,857][    INFO] ***** Evaluation ***** >>>> Class [1 Myocardium] Dice: 74.08
[2024-05-10 00:25:27,857][    INFO] ***** Evaluation ***** >>>> Class [2 Left Ventricle] Dice: 89.71
[2024-05-10 00:25:27,858][    INFO] ***** Evaluation ***** >>>> MeanDice: 79.83

[2024-05-10 00:25:27,904][    INFO] ===========> Epoch: 21, LR: 0.00909, Previous best: 80.72
[2024-05-10 00:25:28,794][    INFO] Iters: 0, Total loss: 0.070, Loss x: 0.085, Loss s: 0.097, Loss w_fp: 0.014, Mask ratio: 0.979
[2024-05-10 00:25:39,499][    INFO] ***** Evaluation ***** >>>> Class [0 Right Ventricle] Dice: 77.27
[2024-05-10 00:25:39,499][    INFO] ***** Evaluation ***** >>>> Class [1 Myocardium] Dice: 79.74
[2024-05-10 00:25:39,499][    INFO] ***** Evaluation ***** >>>> Class [2 Left Ventricle] Dice: 90.47
[2024-05-10 00:25:39,499][    INFO] ***** Evaluation ***** >>>> MeanDice: 82.50

[2024-05-10 00:25:39,613][    INFO] ===========> Epoch: 22, LR: 0.00905, Previous best: 82.50
[2024-05-10 00:25:40,500][    INFO] Iters: 0, Total loss: 0.045, Loss x: 0.061, Loss s: 0.051, Loss w_fp: 0.007, Mask ratio: 0.977
[2024-05-10 00:25:51,709][    INFO] ***** Evaluation ***** >>>> Class [0 Right Ventricle] Dice: 78.20
[2024-05-10 00:25:51,709][    INFO] ***** Evaluation ***** >>>> Class [1 Myocardium] Dice: 75.46
[2024-05-10 00:25:51,709][    INFO] ***** Evaluation ***** >>>> Class [2 Left Ventricle] Dice: 91.01
[2024-05-10 00:25:51,709][    INFO] ***** Evaluation ***** >>>> MeanDice: 81.55

[2024-05-10 00:25:51,781][    INFO] ===========> Epoch: 23, LR: 0.00900, Previous best: 82.50
[2024-05-10 00:25:52,646][    INFO] Iters: 0, Total loss: 0.061, Loss x: 0.093, Loss s: 0.046, Loss w_fp: 0.011, Mask ratio: 0.989
[2024-05-10 00:26:03,963][    INFO] ***** Evaluation ***** >>>> Class [0 Right Ventricle] Dice: 78.50
[2024-05-10 00:26:03,964][    INFO] ***** Evaluation ***** >>>> Class [1 Myocardium] Dice: 78.45
[2024-05-10 00:26:03,964][    INFO] ***** Evaluation ***** >>>> Class [2 Left Ventricle] Dice: 91.22
[2024-05-10 00:26:03,964][    INFO] ***** Evaluation ***** >>>> MeanDice: 82.72

[2024-05-10 00:26:04,083][    INFO] ===========> Epoch: 24, LR: 0.00895, Previous best: 82.72
[2024-05-10 00:26:04,954][    INFO] Iters: 0, Total loss: 0.042, Loss x: 0.058, Loss s: 0.045, Loss w_fp: 0.007, Mask ratio: 0.985
[2024-05-10 00:26:15,941][    INFO] ***** Evaluation ***** >>>> Class [0 Right Ventricle] Dice: 79.11
[2024-05-10 00:26:15,942][    INFO] ***** Evaluation ***** >>>> Class [1 Myocardium] Dice: 80.36
[2024-05-10 00:26:15,942][    INFO] ***** Evaluation ***** >>>> Class [2 Left Ventricle] Dice: 92.55
[2024-05-10 00:26:15,942][    INFO] ***** Evaluation ***** >>>> MeanDice: 84.01

[2024-05-10 00:26:16,063][    INFO] ===========> Epoch: 25, LR: 0.00891, Previous best: 84.01
[2024-05-10 00:26:16,900][    INFO] Iters: 0, Total loss: 0.069, Loss x: 0.050, Loss s: 0.164, Loss w_fp: 0.010, Mask ratio: 0.990
[2024-05-10 00:26:28,535][    INFO] ***** Evaluation ***** >>>> Class [0 Right Ventricle] Dice: 78.00
[2024-05-10 00:26:28,536][    INFO] ***** Evaluation ***** >>>> Class [1 Myocardium] Dice: 73.92
[2024-05-10 00:26:28,536][    INFO] ***** Evaluation ***** >>>> Class [2 Left Ventricle] Dice: 88.59
[2024-05-10 00:26:28,536][    INFO] ***** Evaluation ***** >>>> MeanDice: 80.17

[2024-05-10 00:26:28,607][    INFO] ===========> Epoch: 26, LR: 0.00886, Previous best: 84.01
[2024-05-10 00:26:29,471][    INFO] Iters: 0, Total loss: 0.040, Loss x: 0.055, Loss s: 0.041, Loss w_fp: 0.010, Mask ratio: 0.982
[2024-05-10 00:26:41,052][    INFO] ***** Evaluation ***** >>>> Class [0 Right Ventricle] Dice: 78.03
[2024-05-10 00:26:41,053][    INFO] ***** Evaluation ***** >>>> Class [1 Myocardium] Dice: 77.31
[2024-05-10 00:26:41,053][    INFO] ***** Evaluation ***** >>>> Class [2 Left Ventricle] Dice: 91.35
[2024-05-10 00:26:41,053][    INFO] ***** Evaluation ***** >>>> MeanDice: 82.23

[2024-05-10 00:26:41,125][    INFO] ===========> Epoch: 27, LR: 0.00882, Previous best: 84.01
[2024-05-10 00:26:41,969][    INFO] Iters: 0, Total loss: 0.030, Loss x: 0.046, Loss s: 0.024, Loss w_fp: 0.007, Mask ratio: 0.985
[2024-05-10 00:26:54,408][    INFO] ***** Evaluation ***** >>>> Class [0 Right Ventricle] Dice: 79.17
[2024-05-10 00:26:54,408][    INFO] ***** Evaluation ***** >>>> Class [1 Myocardium] Dice: 79.60
[2024-05-10 00:26:54,409][    INFO] ***** Evaluation ***** >>>> Class [2 Left Ventricle] Dice: 91.66
[2024-05-10 00:26:54,409][    INFO] ***** Evaluation ***** >>>> MeanDice: 83.48

[2024-05-10 00:26:54,483][    INFO] ===========> Epoch: 28, LR: 0.00877, Previous best: 84.01
[2024-05-10 00:26:55,360][    INFO] Iters: 0, Total loss: 0.049, Loss x: 0.066, Loss s: 0.059, Loss w_fp: 0.003, Mask ratio: 0.984
[2024-05-10 00:27:05,961][    INFO] ***** Evaluation ***** >>>> Class [0 Right Ventricle] Dice: 79.84
[2024-05-10 00:27:05,962][    INFO] ***** Evaluation ***** >>>> Class [1 Myocardium] Dice: 79.90
[2024-05-10 00:27:05,962][    INFO] ***** Evaluation ***** >>>> Class [2 Left Ventricle] Dice: 91.38
[2024-05-10 00:27:05,962][    INFO] ***** Evaluation ***** >>>> MeanDice: 83.70

[2024-05-10 00:27:06,015][    INFO] ===========> Epoch: 29, LR: 0.00873, Previous best: 84.01
[2024-05-10 00:27:06,878][    INFO] Iters: 0, Total loss: 0.031, Loss x: 0.055, Loss s: 0.012, Loss w_fp: 0.003, Mask ratio: 0.988
[2024-05-10 00:27:17,717][    INFO] ***** Evaluation ***** >>>> Class [0 Right Ventricle] Dice: 77.72
[2024-05-10 00:27:17,717][    INFO] ***** Evaluation ***** >>>> Class [1 Myocardium] Dice: 80.60
[2024-05-10 00:27:17,717][    INFO] ***** Evaluation ***** >>>> Class [2 Left Ventricle] Dice: 91.73
[2024-05-10 00:27:17,717][    INFO] ***** Evaluation ***** >>>> MeanDice: 83.35

[2024-05-10 00:27:17,788][    INFO] ===========> Epoch: 30, LR: 0.00868, Previous best: 84.01
[2024-05-10 00:27:18,639][    INFO] Iters: 0, Total loss: 0.060, Loss x: 0.045, Loss s: 0.143, Loss w_fp: 0.007, Mask ratio: 0.982
[2024-05-10 00:27:29,294][    INFO] ***** Evaluation ***** >>>> Class [0 Right Ventricle] Dice: 81.17
[2024-05-10 00:27:29,294][    INFO] ***** Evaluation ***** >>>> Class [1 Myocardium] Dice: 80.64
[2024-05-10 00:27:29,294][    INFO] ***** Evaluation ***** >>>> Class [2 Left Ventricle] Dice: 92.01
[2024-05-10 00:27:29,294][    INFO] ***** Evaluation ***** >>>> MeanDice: 84.61

[2024-05-10 00:27:29,411][    INFO] ===========> Epoch: 31, LR: 0.00863, Previous best: 84.61
[2024-05-10 00:27:30,261][    INFO] Iters: 0, Total loss: 0.064, Loss x: 0.050, Loss s: 0.133, Loss w_fp: 0.024, Mask ratio: 0.992
[2024-05-10 00:27:41,131][    INFO] ***** Evaluation ***** >>>> Class [0 Right Ventricle] Dice: 82.07
[2024-05-10 00:27:41,131][    INFO] ***** Evaluation ***** >>>> Class [1 Myocardium] Dice: 79.86
[2024-05-10 00:27:41,131][    INFO] ***** Evaluation ***** >>>> Class [2 Left Ventricle] Dice: 90.38
[2024-05-10 00:27:41,131][    INFO] ***** Evaluation ***** >>>> MeanDice: 84.10

[2024-05-10 00:27:41,201][    INFO] ===========> Epoch: 32, LR: 0.00859, Previous best: 84.61
[2024-05-10 00:27:42,080][    INFO] Iters: 0, Total loss: 0.069, Loss x: 0.107, Loss s: 0.053, Loss w_fp: 0.009, Mask ratio: 0.982
[2024-05-10 00:27:52,645][    INFO] ***** Evaluation ***** >>>> Class [0 Right Ventricle] Dice: 80.85
[2024-05-10 00:27:52,645][    INFO] ***** Evaluation ***** >>>> Class [1 Myocardium] Dice: 77.73
[2024-05-10 00:27:52,645][    INFO] ***** Evaluation ***** >>>> Class [2 Left Ventricle] Dice: 90.73
[2024-05-10 00:27:52,645][    INFO] ***** Evaluation ***** >>>> MeanDice: 83.11

[2024-05-10 00:27:52,718][    INFO] ===========> Epoch: 33, LR: 0.00854, Previous best: 84.61
[2024-05-10 00:27:53,581][    INFO] Iters: 0, Total loss: 0.033, Loss x: 0.052, Loss s: 0.020, Loss w_fp: 0.008, Mask ratio: 0.991
[2024-05-10 00:28:04,387][    INFO] ***** Evaluation ***** >>>> Class [0 Right Ventricle] Dice: 79.99
[2024-05-10 00:28:04,388][    INFO] ***** Evaluation ***** >>>> Class [1 Myocardium] Dice: 81.35
[2024-05-10 00:28:04,388][    INFO] ***** Evaluation ***** >>>> Class [2 Left Ventricle] Dice: 91.56
[2024-05-10 00:28:04,388][    INFO] ***** Evaluation ***** >>>> MeanDice: 84.30

[2024-05-10 00:28:04,461][    INFO] ===========> Epoch: 34, LR: 0.00850, Previous best: 84.61
[2024-05-10 00:28:05,308][    INFO] Iters: 0, Total loss: 0.065, Loss x: 0.082, Loss s: 0.062, Loss w_fp: 0.035, Mask ratio: 0.982
[2024-05-10 00:28:15,991][    INFO] ***** Evaluation ***** >>>> Class [0 Right Ventricle] Dice: 80.01
[2024-05-10 00:28:15,991][    INFO] ***** Evaluation ***** >>>> Class [1 Myocardium] Dice: 76.72
[2024-05-10 00:28:15,991][    INFO] ***** Evaluation ***** >>>> Class [2 Left Ventricle] Dice: 90.92
[2024-05-10 00:28:15,992][    INFO] ***** Evaluation ***** >>>> MeanDice: 82.55

[2024-05-10 00:28:16,066][    INFO] ===========> Epoch: 35, LR: 0.00845, Previous best: 84.61
[2024-05-10 00:28:16,917][    INFO] Iters: 0, Total loss: 0.049, Loss x: 0.067, Loss s: 0.052, Loss w_fp: 0.010, Mask ratio: 0.985
[2024-05-10 00:28:27,734][    INFO] ***** Evaluation ***** >>>> Class [0 Right Ventricle] Dice: 79.33
[2024-05-10 00:28:27,735][    INFO] ***** Evaluation ***** >>>> Class [1 Myocardium] Dice: 80.83
[2024-05-10 00:28:27,735][    INFO] ***** Evaluation ***** >>>> Class [2 Left Ventricle] Dice: 92.26
[2024-05-10 00:28:27,735][    INFO] ***** Evaluation ***** >>>> MeanDice: 84.14

[2024-05-10 00:28:27,806][    INFO] ===========> Epoch: 36, LR: 0.00841, Previous best: 84.61
[2024-05-10 00:28:28,667][    INFO] Iters: 0, Total loss: 0.040, Loss x: 0.050, Loss s: 0.047, Loss w_fp: 0.013, Mask ratio: 0.990
[2024-05-10 00:28:39,592][    INFO] ***** Evaluation ***** >>>> Class [0 Right Ventricle] Dice: 78.70
[2024-05-10 00:28:39,593][    INFO] ***** Evaluation ***** >>>> Class [1 Myocardium] Dice: 76.92
[2024-05-10 00:28:39,593][    INFO] ***** Evaluation ***** >>>> Class [2 Left Ventricle] Dice: 89.61
[2024-05-10 00:28:39,593][    INFO] ***** Evaluation ***** >>>> MeanDice: 81.74

[2024-05-10 00:28:39,667][    INFO] ===========> Epoch: 37, LR: 0.00836, Previous best: 84.61
[2024-05-10 00:28:40,525][    INFO] Iters: 0, Total loss: 0.046, Loss x: 0.047, Loss s: 0.083, Loss w_fp: 0.006, Mask ratio: 0.983
[2024-05-10 00:28:51,526][    INFO] ***** Evaluation ***** >>>> Class [0 Right Ventricle] Dice: 82.07
[2024-05-10 00:28:51,526][    INFO] ***** Evaluation ***** >>>> Class [1 Myocardium] Dice: 76.59
[2024-05-10 00:28:51,526][    INFO] ***** Evaluation ***** >>>> Class [2 Left Ventricle] Dice: 90.07
[2024-05-10 00:28:51,526][    INFO] ***** Evaluation ***** >>>> MeanDice: 82.91

[2024-05-10 00:28:51,596][    INFO] ===========> Epoch: 38, LR: 0.00831, Previous best: 84.61
[2024-05-10 00:28:52,424][    INFO] Iters: 0, Total loss: 0.055, Loss x: 0.086, Loss s: 0.046, Loss w_fp: 0.003, Mask ratio: 0.990
[2024-05-10 00:29:03,086][    INFO] ***** Evaluation ***** >>>> Class [0 Right Ventricle] Dice: 81.38
[2024-05-10 00:29:03,086][    INFO] ***** Evaluation ***** >>>> Class [1 Myocardium] Dice: 82.52
[2024-05-10 00:29:03,086][    INFO] ***** Evaluation ***** >>>> Class [2 Left Ventricle] Dice: 92.50
[2024-05-10 00:29:03,086][    INFO] ***** Evaluation ***** >>>> MeanDice: 85.47

[2024-05-10 00:29:03,202][    INFO] ===========> Epoch: 39, LR: 0.00827, Previous best: 85.47
[2024-05-10 00:29:04,073][    INFO] Iters: 0, Total loss: 0.045, Loss x: 0.050, Loss s: 0.069, Loss w_fp: 0.012, Mask ratio: 0.984
[2024-05-10 00:29:16,181][    INFO] ***** Evaluation ***** >>>> Class [0 Right Ventricle] Dice: 82.97
[2024-05-10 00:29:16,181][    INFO] ***** Evaluation ***** >>>> Class [1 Myocardium] Dice: 81.28
[2024-05-10 00:29:16,181][    INFO] ***** Evaluation ***** >>>> Class [2 Left Ventricle] Dice: 90.89
[2024-05-10 00:29:16,181][    INFO] ***** Evaluation ***** >>>> MeanDice: 85.04

[2024-05-10 00:29:16,253][    INFO] ===========> Epoch: 40, LR: 0.00822, Previous best: 85.47
[2024-05-10 00:29:17,097][    INFO] Iters: 0, Total loss: 0.073, Loss x: 0.071, Loss s: 0.135, Loss w_fp: 0.016, Mask ratio: 0.986
[2024-05-10 00:29:28,196][    INFO] ***** Evaluation ***** >>>> Class [0 Right Ventricle] Dice: 76.88
[2024-05-10 00:29:28,196][    INFO] ***** Evaluation ***** >>>> Class [1 Myocardium] Dice: 80.92
[2024-05-10 00:29:28,196][    INFO] ***** Evaluation ***** >>>> Class [2 Left Ventricle] Dice: 91.42
[2024-05-10 00:29:28,196][    INFO] ***** Evaluation ***** >>>> MeanDice: 83.07

[2024-05-10 00:29:28,245][    INFO] ===========> Epoch: 41, LR: 0.00818, Previous best: 85.47
[2024-05-10 00:29:29,102][    INFO] Iters: 0, Total loss: 0.037, Loss x: 0.052, Loss s: 0.038, Loss w_fp: 0.007, Mask ratio: 0.984
[2024-05-10 00:29:40,332][    INFO] ***** Evaluation ***** >>>> Class [0 Right Ventricle] Dice: 83.98
[2024-05-10 00:29:40,332][    INFO] ***** Evaluation ***** >>>> Class [1 Myocardium] Dice: 83.64
[2024-05-10 00:29:40,332][    INFO] ***** Evaluation ***** >>>> Class [2 Left Ventricle] Dice: 92.61
[2024-05-10 00:29:40,332][    INFO] ***** Evaluation ***** >>>> MeanDice: 86.74

[2024-05-10 00:29:40,426][    INFO] ===========> Epoch: 42, LR: 0.00813, Previous best: 86.74
[2024-05-10 00:29:41,280][    INFO] Iters: 0, Total loss: 0.030, Loss x: 0.046, Loss s: 0.016, Loss w_fp: 0.013, Mask ratio: 0.989
[2024-05-10 00:29:51,977][    INFO] ***** Evaluation ***** >>>> Class [0 Right Ventricle] Dice: 83.45
[2024-05-10 00:29:51,977][    INFO] ***** Evaluation ***** >>>> Class [1 Myocardium] Dice: 83.42
[2024-05-10 00:29:51,977][    INFO] ***** Evaluation ***** >>>> Class [2 Left Ventricle] Dice: 93.12
[2024-05-10 00:29:51,977][    INFO] ***** Evaluation ***** >>>> MeanDice: 86.66

[2024-05-10 00:29:52,051][    INFO] ===========> Epoch: 43, LR: 0.00808, Previous best: 86.74
[2024-05-10 00:29:52,919][    INFO] Iters: 0, Total loss: 0.036, Loss x: 0.056, Loss s: 0.021, Loss w_fp: 0.011, Mask ratio: 0.990
[2024-05-10 00:30:03,657][    INFO] ***** Evaluation ***** >>>> Class [0 Right Ventricle] Dice: 79.18
[2024-05-10 00:30:03,657][    INFO] ***** Evaluation ***** >>>> Class [1 Myocardium] Dice: 82.34
[2024-05-10 00:30:03,657][    INFO] ***** Evaluation ***** >>>> Class [2 Left Ventricle] Dice: 92.84
[2024-05-10 00:30:03,657][    INFO] ***** Evaluation ***** >>>> MeanDice: 84.78

[2024-05-10 00:30:03,731][    INFO] ===========> Epoch: 44, LR: 0.00804, Previous best: 86.74
[2024-05-10 00:30:04,647][    INFO] Iters: 0, Total loss: 0.050, Loss x: 0.043, Loss s: 0.107, Loss w_fp: 0.005, Mask ratio: 0.993
[2024-05-10 00:30:16,431][    INFO] ***** Evaluation ***** >>>> Class [0 Right Ventricle] Dice: 80.82
[2024-05-10 00:30:16,432][    INFO] ***** Evaluation ***** >>>> Class [1 Myocardium] Dice: 81.97
[2024-05-10 00:30:16,432][    INFO] ***** Evaluation ***** >>>> Class [2 Left Ventricle] Dice: 92.57
[2024-05-10 00:30:16,432][    INFO] ***** Evaluation ***** >>>> MeanDice: 85.12

[2024-05-10 00:30:16,502][    INFO] ===========> Epoch: 45, LR: 0.00799, Previous best: 86.74
[2024-05-10 00:30:17,375][    INFO] Iters: 0, Total loss: 0.046, Loss x: 0.058, Loss s: 0.063, Loss w_fp: 0.004, Mask ratio: 0.989
[2024-05-10 00:30:27,962][    INFO] ***** Evaluation ***** >>>> Class [0 Right Ventricle] Dice: 83.59
[2024-05-10 00:30:27,962][    INFO] ***** Evaluation ***** >>>> Class [1 Myocardium] Dice: 82.51
[2024-05-10 00:30:27,962][    INFO] ***** Evaluation ***** >>>> Class [2 Left Ventricle] Dice: 93.34
[2024-05-10 00:30:27,963][    INFO] ***** Evaluation ***** >>>> MeanDice: 86.48

[2024-05-10 00:30:28,034][    INFO] ===========> Epoch: 46, LR: 0.00795, Previous best: 86.74
[2024-05-10 00:30:28,860][    INFO] Iters: 0, Total loss: 0.041, Loss x: 0.050, Loss s: 0.054, Loss w_fp: 0.010, Mask ratio: 0.989
[2024-05-10 00:30:40,783][    INFO] ***** Evaluation ***** >>>> Class [0 Right Ventricle] Dice: 81.47
[2024-05-10 00:30:40,783][    INFO] ***** Evaluation ***** >>>> Class [1 Myocardium] Dice: 84.47
[2024-05-10 00:30:40,783][    INFO] ***** Evaluation ***** >>>> Class [2 Left Ventricle] Dice: 92.30
[2024-05-10 00:30:40,783][    INFO] ***** Evaluation ***** >>>> MeanDice: 86.08

[2024-05-10 00:30:40,852][    INFO] ===========> Epoch: 47, LR: 0.00790, Previous best: 86.74
[2024-05-10 00:30:41,715][    INFO] Iters: 0, Total loss: 0.031, Loss x: 0.042, Loss s: 0.035, Loss w_fp: 0.007, Mask ratio: 0.989
[2024-05-10 00:30:52,761][    INFO] ***** Evaluation ***** >>>> Class [0 Right Ventricle] Dice: 82.67
[2024-05-10 00:30:52,762][    INFO] ***** Evaluation ***** >>>> Class [1 Myocardium] Dice: 83.84
[2024-05-10 00:30:52,762][    INFO] ***** Evaluation ***** >>>> Class [2 Left Ventricle] Dice: 93.05
[2024-05-10 00:30:52,762][    INFO] ***** Evaluation ***** >>>> MeanDice: 86.52

[2024-05-10 00:30:52,809][    INFO] ===========> Epoch: 48, LR: 0.00785, Previous best: 86.74
[2024-05-10 00:30:53,648][    INFO] Iters: 0, Total loss: 0.053, Loss x: 0.061, Loss s: 0.079, Loss w_fp: 0.010, Mask ratio: 0.988
[2024-05-10 00:31:05,755][    INFO] ***** Evaluation ***** >>>> Class [0 Right Ventricle] Dice: 80.59
[2024-05-10 00:31:05,755][    INFO] ***** Evaluation ***** >>>> Class [1 Myocardium] Dice: 83.26
[2024-05-10 00:31:05,755][    INFO] ***** Evaluation ***** >>>> Class [2 Left Ventricle] Dice: 93.46
[2024-05-10 00:31:05,755][    INFO] ***** Evaluation ***** >>>> MeanDice: 85.77

[2024-05-10 00:31:05,827][    INFO] ===========> Epoch: 49, LR: 0.00781, Previous best: 86.74
[2024-05-10 00:31:06,668][    INFO] Iters: 0, Total loss: 0.033, Loss x: 0.045, Loss s: 0.033, Loss w_fp: 0.008, Mask ratio: 0.985
[2024-05-10 00:31:17,360][    INFO] ***** Evaluation ***** >>>> Class [0 Right Ventricle] Dice: 79.96
[2024-05-10 00:31:17,360][    INFO] ***** Evaluation ***** >>>> Class [1 Myocardium] Dice: 81.51
[2024-05-10 00:31:17,360][    INFO] ***** Evaluation ***** >>>> Class [2 Left Ventricle] Dice: 93.28
[2024-05-10 00:31:17,360][    INFO] ***** Evaluation ***** >>>> MeanDice: 84.92

[2024-05-10 00:31:17,432][    INFO] ===========> Epoch: 50, LR: 0.00776, Previous best: 86.74
[2024-05-10 00:31:18,316][    INFO] Iters: 0, Total loss: 0.032, Loss x: 0.050, Loss s: 0.026, Loss w_fp: 0.005, Mask ratio: 0.992
[2024-05-10 00:31:28,866][    INFO] ***** Evaluation ***** >>>> Class [0 Right Ventricle] Dice: 82.35
[2024-05-10 00:31:28,867][    INFO] ***** Evaluation ***** >>>> Class [1 Myocardium] Dice: 81.32
[2024-05-10 00:31:28,867][    INFO] ***** Evaluation ***** >>>> Class [2 Left Ventricle] Dice: 91.69
[2024-05-10 00:31:28,867][    INFO] ***** Evaluation ***** >>>> MeanDice: 85.12

[2024-05-10 00:31:28,938][    INFO] ===========> Epoch: 51, LR: 0.00771, Previous best: 86.74
[2024-05-10 00:31:29,795][    INFO] Iters: 0, Total loss: 0.038, Loss x: 0.049, Loss s: 0.048, Loss w_fp: 0.006, Mask ratio: 0.989
[2024-05-10 00:31:40,781][    INFO] ***** Evaluation ***** >>>> Class [0 Right Ventricle] Dice: 83.64
[2024-05-10 00:31:40,782][    INFO] ***** Evaluation ***** >>>> Class [1 Myocardium] Dice: 84.15
[2024-05-10 00:31:40,782][    INFO] ***** Evaluation ***** >>>> Class [2 Left Ventricle] Dice: 93.50
[2024-05-10 00:31:40,782][    INFO] ***** Evaluation ***** >>>> MeanDice: 87.10

[2024-05-10 00:31:40,899][    INFO] ===========> Epoch: 52, LR: 0.00767, Previous best: 87.10
[2024-05-10 00:31:41,773][    INFO] Iters: 0, Total loss: 0.046, Loss x: 0.036, Loss s: 0.108, Loss w_fp: 0.003, Mask ratio: 0.990
[2024-05-10 00:31:53,083][    INFO] ***** Evaluation ***** >>>> Class [0 Right Ventricle] Dice: 85.08
[2024-05-10 00:31:53,083][    INFO] ***** Evaluation ***** >>>> Class [1 Myocardium] Dice: 83.99
[2024-05-10 00:31:53,083][    INFO] ***** Evaluation ***** >>>> Class [2 Left Ventricle] Dice: 92.69
[2024-05-10 00:31:53,083][    INFO] ***** Evaluation ***** >>>> MeanDice: 87.25

[2024-05-10 00:31:53,200][    INFO] ===========> Epoch: 53, LR: 0.00762, Previous best: 87.25
[2024-05-10 00:31:54,070][    INFO] Iters: 0, Total loss: 0.040, Loss x: 0.032, Loss s: 0.092, Loss w_fp: 0.005, Mask ratio: 0.988
[2024-05-10 00:32:05,079][    INFO] ***** Evaluation ***** >>>> Class [0 Right Ventricle] Dice: 82.80
[2024-05-10 00:32:05,079][    INFO] ***** Evaluation ***** >>>> Class [1 Myocardium] Dice: 81.26
[2024-05-10 00:32:05,080][    INFO] ***** Evaluation ***** >>>> Class [2 Left Ventricle] Dice: 91.49
[2024-05-10 00:32:05,080][    INFO] ***** Evaluation ***** >>>> MeanDice: 85.18

[2024-05-10 00:32:05,126][    INFO] ===========> Epoch: 54, LR: 0.00757, Previous best: 87.25
[2024-05-10 00:32:05,980][    INFO] Iters: 0, Total loss: 0.029, Loss x: 0.035, Loss s: 0.038, Loss w_fp: 0.007, Mask ratio: 0.987
[2024-05-10 00:32:16,960][    INFO] ***** Evaluation ***** >>>> Class [0 Right Ventricle] Dice: 81.12
[2024-05-10 00:32:16,961][    INFO] ***** Evaluation ***** >>>> Class [1 Myocardium] Dice: 81.57
[2024-05-10 00:32:16,961][    INFO] ***** Evaluation ***** >>>> Class [2 Left Ventricle] Dice: 92.89
[2024-05-10 00:32:16,961][    INFO] ***** Evaluation ***** >>>> MeanDice: 85.19

[2024-05-10 00:32:17,046][    INFO] ===========> Epoch: 55, LR: 0.00753, Previous best: 87.25
[2024-05-10 00:32:18,128][    INFO] Iters: 0, Total loss: 0.037, Loss x: 0.041, Loss s: 0.060, Loss w_fp: 0.006, Mask ratio: 0.994
[2024-05-10 00:32:29,360][    INFO] ***** Evaluation ***** >>>> Class [0 Right Ventricle] Dice: 78.87
[2024-05-10 00:32:29,360][    INFO] ***** Evaluation ***** >>>> Class [1 Myocardium] Dice: 85.11
[2024-05-10 00:32:29,360][    INFO] ***** Evaluation ***** >>>> Class [2 Left Ventricle] Dice: 93.16
[2024-05-10 00:32:29,360][    INFO] ***** Evaluation ***** >>>> MeanDice: 85.71

[2024-05-10 00:32:29,410][    INFO] ===========> Epoch: 56, LR: 0.00748, Previous best: 87.25
[2024-05-10 00:32:30,269][    INFO] Iters: 0, Total loss: 0.052, Loss x: 0.057, Loss s: 0.084, Loss w_fp: 0.009, Mask ratio: 0.989
[2024-05-10 00:32:41,748][    INFO] ***** Evaluation ***** >>>> Class [0 Right Ventricle] Dice: 82.54
[2024-05-10 00:32:41,748][    INFO] ***** Evaluation ***** >>>> Class [1 Myocardium] Dice: 79.28
[2024-05-10 00:32:41,749][    INFO] ***** Evaluation ***** >>>> Class [2 Left Ventricle] Dice: 91.25
[2024-05-10 00:32:41,749][    INFO] ***** Evaluation ***** >>>> MeanDice: 84.36

[2024-05-10 00:32:41,826][    INFO] ===========> Epoch: 57, LR: 0.00744, Previous best: 87.25
[2024-05-10 00:32:42,689][    INFO] Iters: 0, Total loss: 0.019, Loss x: 0.027, Loss s: 0.015, Loss w_fp: 0.005, Mask ratio: 0.988
[2024-05-10 00:32:53,604][    INFO] ***** Evaluation ***** >>>> Class [0 Right Ventricle] Dice: 85.17
[2024-05-10 00:32:53,605][    INFO] ***** Evaluation ***** >>>> Class [1 Myocardium] Dice: 83.26
[2024-05-10 00:32:53,605][    INFO] ***** Evaluation ***** >>>> Class [2 Left Ventricle] Dice: 92.93
[2024-05-10 00:32:53,605][    INFO] ***** Evaluation ***** >>>> MeanDice: 87.12

[2024-05-10 00:32:53,651][    INFO] ===========> Epoch: 58, LR: 0.00739, Previous best: 87.25
[2024-05-10 00:32:54,531][    INFO] Iters: 0, Total loss: 0.034, Loss x: 0.039, Loss s: 0.048, Loss w_fp: 0.008, Mask ratio: 0.987
[2024-05-10 00:33:05,119][    INFO] ***** Evaluation ***** >>>> Class [0 Right Ventricle] Dice: 80.29
[2024-05-10 00:33:05,119][    INFO] ***** Evaluation ***** >>>> Class [1 Myocardium] Dice: 81.05
[2024-05-10 00:33:05,119][    INFO] ***** Evaluation ***** >>>> Class [2 Left Ventricle] Dice: 91.70
[2024-05-10 00:33:05,119][    INFO] ***** Evaluation ***** >>>> MeanDice: 84.35

[2024-05-10 00:33:05,193][    INFO] ===========> Epoch: 59, LR: 0.00734, Previous best: 87.25
[2024-05-10 00:33:06,044][    INFO] Iters: 0, Total loss: 0.037, Loss x: 0.027, Loss s: 0.083, Loss w_fp: 0.010, Mask ratio: 0.983
[2024-05-10 00:33:17,011][    INFO] ***** Evaluation ***** >>>> Class [0 Right Ventricle] Dice: 86.51
[2024-05-10 00:33:17,011][    INFO] ***** Evaluation ***** >>>> Class [1 Myocardium] Dice: 84.59
[2024-05-10 00:33:17,011][    INFO] ***** Evaluation ***** >>>> Class [2 Left Ventricle] Dice: 93.66
[2024-05-10 00:33:17,011][    INFO] ***** Evaluation ***** >>>> MeanDice: 88.25

[2024-05-10 00:33:17,103][    INFO] ===========> Epoch: 60, LR: 0.00730, Previous best: 88.25
[2024-05-10 00:33:17,962][    INFO] Iters: 0, Total loss: 0.031, Loss x: 0.041, Loss s: 0.029, Loss w_fp: 0.012, Mask ratio: 0.992
[2024-05-10 00:33:28,820][    INFO] ***** Evaluation ***** >>>> Class [0 Right Ventricle] Dice: 84.22
[2024-05-10 00:33:28,820][    INFO] ***** Evaluation ***** >>>> Class [1 Myocardium] Dice: 81.69
[2024-05-10 00:33:28,820][    INFO] ***** Evaluation ***** >>>> Class [2 Left Ventricle] Dice: 92.44
[2024-05-10 00:33:28,820][    INFO] ***** Evaluation ***** >>>> MeanDice: 86.12

[2024-05-10 00:33:28,894][    INFO] ===========> Epoch: 61, LR: 0.00725, Previous best: 88.25
[2024-05-10 00:33:29,772][    INFO] Iters: 0, Total loss: 0.032, Loss x: 0.037, Loss s: 0.048, Loss w_fp: 0.005, Mask ratio: 0.986
[2024-05-10 00:33:40,248][    INFO] ***** Evaluation ***** >>>> Class [0 Right Ventricle] Dice: 84.91
[2024-05-10 00:33:40,248][    INFO] ***** Evaluation ***** >>>> Class [1 Myocardium] Dice: 85.02
[2024-05-10 00:33:40,248][    INFO] ***** Evaluation ***** >>>> Class [2 Left Ventricle] Dice: 93.50
[2024-05-10 00:33:40,248][    INFO] ***** Evaluation ***** >>>> MeanDice: 87.81

[2024-05-10 00:33:40,319][    INFO] ===========> Epoch: 62, LR: 0.00720, Previous best: 88.25
[2024-05-10 00:33:41,201][    INFO] Iters: 0, Total loss: 0.032, Loss x: 0.043, Loss s: 0.027, Loss w_fp: 0.014, Mask ratio: 0.985
[2024-05-10 00:33:51,777][    INFO] ***** Evaluation ***** >>>> Class [0 Right Ventricle] Dice: 85.64
[2024-05-10 00:33:51,778][    INFO] ***** Evaluation ***** >>>> Class [1 Myocardium] Dice: 83.06
[2024-05-10 00:33:51,778][    INFO] ***** Evaluation ***** >>>> Class [2 Left Ventricle] Dice: 93.12
[2024-05-10 00:33:51,778][    INFO] ***** Evaluation ***** >>>> MeanDice: 87.28

[2024-05-10 00:33:51,851][    INFO] ===========> Epoch: 63, LR: 0.00716, Previous best: 88.25
[2024-05-10 00:33:52,734][    INFO] Iters: 0, Total loss: 0.044, Loss x: 0.066, Loss s: 0.038, Loss w_fp: 0.004, Mask ratio: 0.986
[2024-05-10 00:34:04,177][    INFO] ***** Evaluation ***** >>>> Class [0 Right Ventricle] Dice: 83.82
[2024-05-10 00:34:04,177][    INFO] ***** Evaluation ***** >>>> Class [1 Myocardium] Dice: 81.85
[2024-05-10 00:34:04,177][    INFO] ***** Evaluation ***** >>>> Class [2 Left Ventricle] Dice: 92.98
[2024-05-10 00:34:04,177][    INFO] ***** Evaluation ***** >>>> MeanDice: 86.22

[2024-05-10 00:34:04,224][    INFO] ===========> Epoch: 64, LR: 0.00711, Previous best: 88.25
[2024-05-10 00:34:05,048][    INFO] Iters: 0, Total loss: 0.043, Loss x: 0.067, Loss s: 0.033, Loss w_fp: 0.004, Mask ratio: 0.989
[2024-05-10 00:34:16,735][    INFO] ***** Evaluation ***** >>>> Class [0 Right Ventricle] Dice: 84.57
[2024-05-10 00:34:16,735][    INFO] ***** Evaluation ***** >>>> Class [1 Myocardium] Dice: 82.84
[2024-05-10 00:34:16,735][    INFO] ***** Evaluation ***** >>>> Class [2 Left Ventricle] Dice: 92.88
[2024-05-10 00:34:16,735][    INFO] ***** Evaluation ***** >>>> MeanDice: 86.76

[2024-05-10 00:34:16,800][    INFO] ===========> Epoch: 65, LR: 0.00706, Previous best: 88.25
[2024-05-10 00:34:17,641][    INFO] Iters: 0, Total loss: 0.028, Loss x: 0.031, Loss s: 0.047, Loss w_fp: 0.001, Mask ratio: 0.991
[2024-05-10 00:34:29,875][    INFO] ***** Evaluation ***** >>>> Class [0 Right Ventricle] Dice: 78.34
[2024-05-10 00:34:29,875][    INFO] ***** Evaluation ***** >>>> Class [1 Myocardium] Dice: 84.76
[2024-05-10 00:34:29,875][    INFO] ***** Evaluation ***** >>>> Class [2 Left Ventricle] Dice: 93.93
[2024-05-10 00:34:29,875][    INFO] ***** Evaluation ***** >>>> MeanDice: 85.68

[2024-05-10 00:34:29,950][    INFO] ===========> Epoch: 66, LR: 0.00702, Previous best: 88.25
[2024-05-10 00:34:30,799][    INFO] Iters: 0, Total loss: 0.028, Loss x: 0.037, Loss s: 0.029, Loss w_fp: 0.011, Mask ratio: 0.987
[2024-05-10 00:34:41,899][    INFO] ***** Evaluation ***** >>>> Class [0 Right Ventricle] Dice: 80.70
[2024-05-10 00:34:41,900][    INFO] ***** Evaluation ***** >>>> Class [1 Myocardium] Dice: 83.84
[2024-05-10 00:34:41,900][    INFO] ***** Evaluation ***** >>>> Class [2 Left Ventricle] Dice: 93.77
[2024-05-10 00:34:41,900][    INFO] ***** Evaluation ***** >>>> MeanDice: 86.10

[2024-05-10 00:34:41,973][    INFO] ===========> Epoch: 67, LR: 0.00697, Previous best: 88.25
[2024-05-10 00:34:42,851][    INFO] Iters: 0, Total loss: 0.020, Loss x: 0.028, Loss s: 0.020, Loss w_fp: 0.005, Mask ratio: 0.989
[2024-05-10 00:35:17,363][    INFO] ***** Evaluation ***** >>>> Class [0 Right Ventricle] Dice: 82.71
[2024-05-10 00:35:17,364][    INFO] ***** Evaluation ***** >>>> Class [1 Myocardium] Dice: 84.82
[2024-05-10 00:35:17,364][    INFO] ***** Evaluation ***** >>>> Class [2 Left Ventricle] Dice: 94.07
[2024-05-10 00:35:17,364][    INFO] ***** Evaluation ***** >>>> MeanDice: 87.20

[2024-05-10 00:35:17,451][    INFO] ===========> Epoch: 68, LR: 0.00692, Previous best: 88.25
[2024-05-10 00:35:18,472][    INFO] Iters: 0, Total loss: 0.033, Loss x: 0.035, Loss s: 0.050, Loss w_fp: 0.011, Mask ratio: 0.991
[2024-05-10 00:35:48,962][    INFO] ***** Evaluation ***** >>>> Class [0 Right Ventricle] Dice: 85.11
[2024-05-10 00:35:48,962][    INFO] ***** Evaluation ***** >>>> Class [1 Myocardium] Dice: 85.27
[2024-05-10 00:35:48,962][    INFO] ***** Evaluation ***** >>>> Class [2 Left Ventricle] Dice: 94.35
[2024-05-10 00:35:48,962][    INFO] ***** Evaluation ***** >>>> MeanDice: 88.24

[2024-05-10 00:35:49,015][    INFO] ===========> Epoch: 69, LR: 0.00688, Previous best: 88.25
[2024-05-10 00:35:49,921][    INFO] Iters: 0, Total loss: 0.032, Loss x: 0.037, Loss s: 0.043, Loss w_fp: 0.010, Mask ratio: 0.993
[2024-05-10 00:36:03,429][    INFO] ***** Evaluation ***** >>>> Class [0 Right Ventricle] Dice: 80.66
[2024-05-10 00:36:03,430][    INFO] ***** Evaluation ***** >>>> Class [1 Myocardium] Dice: 81.84
[2024-05-10 00:36:03,430][    INFO] ***** Evaluation ***** >>>> Class [2 Left Ventricle] Dice: 93.04
[2024-05-10 00:36:03,430][    INFO] ***** Evaluation ***** >>>> MeanDice: 85.18

[2024-05-10 00:36:03,497][    INFO] ===========> Epoch: 70, LR: 0.00683, Previous best: 88.25
[2024-05-10 00:36:04,398][    INFO] Iters: 0, Total loss: 0.047, Loss x: 0.067, Loss s: 0.051, Loss w_fp: 0.004, Mask ratio: 0.990
[2024-05-10 00:36:15,602][    INFO] ***** Evaluation ***** >>>> Class [0 Right Ventricle] Dice: 83.48
[2024-05-10 00:36:15,602][    INFO] ***** Evaluation ***** >>>> Class [1 Myocardium] Dice: 84.40
[2024-05-10 00:36:15,602][    INFO] ***** Evaluation ***** >>>> Class [2 Left Ventricle] Dice: 93.72
[2024-05-10 00:36:15,602][    INFO] ***** Evaluation ***** >>>> MeanDice: 87.20

[2024-05-10 00:36:15,674][    INFO] ===========> Epoch: 71, LR: 0.00678, Previous best: 88.25
[2024-05-10 00:36:16,518][    INFO] Iters: 0, Total loss: 0.036, Loss x: 0.038, Loss s: 0.065, Loss w_fp: 0.004, Mask ratio: 0.990
[2024-05-10 00:36:27,816][    INFO] ***** Evaluation ***** >>>> Class [0 Right Ventricle] Dice: 80.32
[2024-05-10 00:36:27,817][    INFO] ***** Evaluation ***** >>>> Class [1 Myocardium] Dice: 80.63
[2024-05-10 00:36:27,817][    INFO] ***** Evaluation ***** >>>> Class [2 Left Ventricle] Dice: 91.40
[2024-05-10 00:36:27,817][    INFO] ***** Evaluation ***** >>>> MeanDice: 84.12

[2024-05-10 00:36:27,890][    INFO] ===========> Epoch: 72, LR: 0.00673, Previous best: 88.25
[2024-05-10 00:36:28,813][    INFO] Iters: 0, Total loss: 0.037, Loss x: 0.044, Loss s: 0.052, Loss w_fp: 0.007, Mask ratio: 0.979
[2024-05-10 00:36:39,800][    INFO] ***** Evaluation ***** >>>> Class [0 Right Ventricle] Dice: 83.68
[2024-05-10 00:36:39,800][    INFO] ***** Evaluation ***** >>>> Class [1 Myocardium] Dice: 83.62
[2024-05-10 00:36:39,800][    INFO] ***** Evaluation ***** >>>> Class [2 Left Ventricle] Dice: 93.37
[2024-05-10 00:36:39,800][    INFO] ***** Evaluation ***** >>>> MeanDice: 86.89

[2024-05-10 00:36:39,871][    INFO] ===========> Epoch: 73, LR: 0.00669, Previous best: 88.25
[2024-05-10 00:36:40,721][    INFO] Iters: 0, Total loss: 0.037, Loss x: 0.035, Loss s: 0.072, Loss w_fp: 0.007, Mask ratio: 0.991
[2024-05-10 00:36:51,617][    INFO] ***** Evaluation ***** >>>> Class [0 Right Ventricle] Dice: 86.46
[2024-05-10 00:36:51,617][    INFO] ***** Evaluation ***** >>>> Class [1 Myocardium] Dice: 84.32
[2024-05-10 00:36:51,617][    INFO] ***** Evaluation ***** >>>> Class [2 Left Ventricle] Dice: 93.01
[2024-05-10 00:36:51,618][    INFO] ***** Evaluation ***** >>>> MeanDice: 87.93

[2024-05-10 00:36:51,681][    INFO] ===========> Epoch: 74, LR: 0.00664, Previous best: 88.25
[2024-05-10 00:36:52,695][    INFO] Iters: 0, Total loss: 0.036, Loss x: 0.033, Loss s: 0.073, Loss w_fp: 0.005, Mask ratio: 0.990
[2024-05-10 00:37:04,251][    INFO] ***** Evaluation ***** >>>> Class [0 Right Ventricle] Dice: 85.20
[2024-05-10 00:37:04,251][    INFO] ***** Evaluation ***** >>>> Class [1 Myocardium] Dice: 85.24
[2024-05-10 00:37:04,251][    INFO] ***** Evaluation ***** >>>> Class [2 Left Ventricle] Dice: 94.59
[2024-05-10 00:37:04,251][    INFO] ***** Evaluation ***** >>>> MeanDice: 88.34

[2024-05-10 00:37:04,381][    INFO] ===========> Epoch: 75, LR: 0.00659, Previous best: 88.34
[2024-05-10 00:37:05,216][    INFO] Iters: 0, Total loss: 0.024, Loss x: 0.035, Loss s: 0.018, Loss w_fp: 0.007, Mask ratio: 0.988
[2024-05-10 00:37:17,013][    INFO] ***** Evaluation ***** >>>> Class [0 Right Ventricle] Dice: 85.00
[2024-05-10 00:37:17,013][    INFO] ***** Evaluation ***** >>>> Class [1 Myocardium] Dice: 85.55
[2024-05-10 00:37:17,014][    INFO] ***** Evaluation ***** >>>> Class [2 Left Ventricle] Dice: 94.38
[2024-05-10 00:37:17,014][    INFO] ***** Evaluation ***** >>>> MeanDice: 88.31

[2024-05-10 00:37:17,094][    INFO] ===========> Epoch: 76, LR: 0.00655, Previous best: 88.34
[2024-05-10 00:37:17,942][    INFO] Iters: 0, Total loss: 0.037, Loss x: 0.045, Loss s: 0.054, Loss w_fp: 0.002, Mask ratio: 0.993
[2024-05-10 00:37:31,444][    INFO] ***** Evaluation ***** >>>> Class [0 Right Ventricle] Dice: 84.78
[2024-05-10 00:37:31,444][    INFO] ***** Evaluation ***** >>>> Class [1 Myocardium] Dice: 83.59
[2024-05-10 00:37:31,444][    INFO] ***** Evaluation ***** >>>> Class [2 Left Ventricle] Dice: 93.83
[2024-05-10 00:37:31,444][    INFO] ***** Evaluation ***** >>>> MeanDice: 87.40

[2024-05-10 00:37:31,518][    INFO] ===========> Epoch: 77, LR: 0.00650, Previous best: 88.34
[2024-05-10 00:37:32,347][    INFO] Iters: 0, Total loss: 0.028, Loss x: 0.026, Loss s: 0.053, Loss w_fp: 0.009, Mask ratio: 0.988
[2024-05-10 00:37:45,826][    INFO] ***** Evaluation ***** >>>> Class [0 Right Ventricle] Dice: 87.39
[2024-05-10 00:37:45,826][    INFO] ***** Evaluation ***** >>>> Class [1 Myocardium] Dice: 85.66
[2024-05-10 00:37:45,826][    INFO] ***** Evaluation ***** >>>> Class [2 Left Ventricle] Dice: 93.66
[2024-05-10 00:37:45,826][    INFO] ***** Evaluation ***** >>>> MeanDice: 88.90

[2024-05-10 00:37:45,942][    INFO] ===========> Epoch: 78, LR: 0.00645, Previous best: 88.90
[2024-05-10 00:37:46,797][    INFO] Iters: 0, Total loss: 0.027, Loss x: 0.036, Loss s: 0.034, Loss w_fp: 0.002, Mask ratio: 0.988
[2024-05-10 00:37:59,126][    INFO] ***** Evaluation ***** >>>> Class [0 Right Ventricle] Dice: 86.46
[2024-05-10 00:37:59,126][    INFO] ***** Evaluation ***** >>>> Class [1 Myocardium] Dice: 81.45
[2024-05-10 00:37:59,127][    INFO] ***** Evaluation ***** >>>> Class [2 Left Ventricle] Dice: 91.62
[2024-05-10 00:37:59,127][    INFO] ***** Evaluation ***** >>>> MeanDice: 86.51

[2024-05-10 00:37:59,173][    INFO] ===========> Epoch: 79, LR: 0.00640, Previous best: 88.90
[2024-05-10 00:38:00,022][    INFO] Iters: 0, Total loss: 0.037, Loss x: 0.039, Loss s: 0.064, Loss w_fp: 0.006, Mask ratio: 0.987
[2024-05-10 00:38:11,081][    INFO] ***** Evaluation ***** >>>> Class [0 Right Ventricle] Dice: 84.79
[2024-05-10 00:38:11,081][    INFO] ***** Evaluation ***** >>>> Class [1 Myocardium] Dice: 83.67
[2024-05-10 00:38:11,081][    INFO] ***** Evaluation ***** >>>> Class [2 Left Ventricle] Dice: 92.93
[2024-05-10 00:38:11,081][    INFO] ***** Evaluation ***** >>>> MeanDice: 87.13

[2024-05-10 00:38:11,126][    INFO] ===========> Epoch: 80, LR: 0.00636, Previous best: 88.90
[2024-05-10 00:38:11,976][    INFO] Iters: 0, Total loss: 0.033, Loss x: 0.042, Loss s: 0.042, Loss w_fp: 0.006, Mask ratio: 0.986
[2024-05-10 00:38:23,952][    INFO] ***** Evaluation ***** >>>> Class [0 Right Ventricle] Dice: 84.11
[2024-05-10 00:38:23,952][    INFO] ***** Evaluation ***** >>>> Class [1 Myocardium] Dice: 81.84
[2024-05-10 00:38:23,952][    INFO] ***** Evaluation ***** >>>> Class [2 Left Ventricle] Dice: 93.84
[2024-05-10 00:38:23,952][    INFO] ***** Evaluation ***** >>>> MeanDice: 86.60

[2024-05-10 00:38:24,024][    INFO] ===========> Epoch: 81, LR: 0.00631, Previous best: 88.90
[2024-05-10 00:38:24,950][    INFO] Iters: 0, Total loss: 0.018, Loss x: 0.023, Loss s: 0.020, Loss w_fp: 0.004, Mask ratio: 0.987
[2024-05-10 00:38:37,039][    INFO] ***** Evaluation ***** >>>> Class [0 Right Ventricle] Dice: 84.33
[2024-05-10 00:38:37,039][    INFO] ***** Evaluation ***** >>>> Class [1 Myocardium] Dice: 83.90
[2024-05-10 00:38:37,039][    INFO] ***** Evaluation ***** >>>> Class [2 Left Ventricle] Dice: 93.59
[2024-05-10 00:38:37,039][    INFO] ***** Evaluation ***** >>>> MeanDice: 87.27

[2024-05-10 00:38:37,085][    INFO] ===========> Epoch: 82, LR: 0.00626, Previous best: 88.90
[2024-05-10 00:38:37,986][    INFO] Iters: 0, Total loss: 0.031, Loss x: 0.031, Loss s: 0.057, Loss w_fp: 0.004, Mask ratio: 0.994
[2024-05-10 00:38:49,971][    INFO] ***** Evaluation ***** >>>> Class [0 Right Ventricle] Dice: 81.65
[2024-05-10 00:38:49,971][    INFO] ***** Evaluation ***** >>>> Class [1 Myocardium] Dice: 83.77
[2024-05-10 00:38:49,971][    INFO] ***** Evaluation ***** >>>> Class [2 Left Ventricle] Dice: 93.77
[2024-05-10 00:38:49,971][    INFO] ***** Evaluation ***** >>>> MeanDice: 86.40

[2024-05-10 00:38:50,018][    INFO] ===========> Epoch: 83, LR: 0.00621, Previous best: 88.90
[2024-05-10 00:38:50,876][    INFO] Iters: 0, Total loss: 0.040, Loss x: 0.067, Loss s: 0.014, Loss w_fp: 0.014, Mask ratio: 0.987
[2024-05-10 00:39:02,213][    INFO] ***** Evaluation ***** >>>> Class [0 Right Ventricle] Dice: 84.76
[2024-05-10 00:39:02,214][    INFO] ***** Evaluation ***** >>>> Class [1 Myocardium] Dice: 82.67
[2024-05-10 00:39:02,214][    INFO] ***** Evaluation ***** >>>> Class [2 Left Ventricle] Dice: 93.46
[2024-05-10 00:39:02,214][    INFO] ***** Evaluation ***** >>>> MeanDice: 86.96

[2024-05-10 00:39:02,285][    INFO] ===========> Epoch: 84, LR: 0.00617, Previous best: 88.90
[2024-05-10 00:39:03,184][    INFO] Iters: 0, Total loss: 0.038, Loss x: 0.063, Loss s: 0.023, Loss w_fp: 0.005, Mask ratio: 0.990
[2024-05-10 00:39:14,441][    INFO] ***** Evaluation ***** >>>> Class [0 Right Ventricle] Dice: 83.88
[2024-05-10 00:39:14,441][    INFO] ***** Evaluation ***** >>>> Class [1 Myocardium] Dice: 83.06
[2024-05-10 00:39:14,441][    INFO] ***** Evaluation ***** >>>> Class [2 Left Ventricle] Dice: 93.85
[2024-05-10 00:39:14,441][    INFO] ***** Evaluation ***** >>>> MeanDice: 86.93

[2024-05-10 00:39:14,488][    INFO] ===========> Epoch: 85, LR: 0.00612, Previous best: 88.90
[2024-05-10 00:39:15,344][    INFO] Iters: 0, Total loss: 0.021, Loss x: 0.031, Loss s: 0.015, Loss w_fp: 0.004, Mask ratio: 0.988
[2024-05-10 00:39:26,566][    INFO] ***** Evaluation ***** >>>> Class [0 Right Ventricle] Dice: 84.79
[2024-05-10 00:39:26,566][    INFO] ***** Evaluation ***** >>>> Class [1 Myocardium] Dice: 84.37
[2024-05-10 00:39:26,567][    INFO] ***** Evaluation ***** >>>> Class [2 Left Ventricle] Dice: 93.88
[2024-05-10 00:39:26,567][    INFO] ***** Evaluation ***** >>>> MeanDice: 87.68

[2024-05-10 00:39:26,633][    INFO] ===========> Epoch: 86, LR: 0.00607, Previous best: 88.90
[2024-05-10 00:39:27,493][    INFO] Iters: 0, Total loss: 0.033, Loss x: 0.038, Loss s: 0.053, Loss w_fp: 0.005, Mask ratio: 0.990
[2024-05-10 00:39:39,038][    INFO] ***** Evaluation ***** >>>> Class [0 Right Ventricle] Dice: 86.89
[2024-05-10 00:39:39,038][    INFO] ***** Evaluation ***** >>>> Class [1 Myocardium] Dice: 84.23
[2024-05-10 00:39:39,038][    INFO] ***** Evaluation ***** >>>> Class [2 Left Ventricle] Dice: 94.16
[2024-05-10 00:39:39,038][    INFO] ***** Evaluation ***** >>>> MeanDice: 88.43

[2024-05-10 00:39:39,085][    INFO] ===========> Epoch: 87, LR: 0.00602, Previous best: 88.90
[2024-05-10 00:39:39,938][    INFO] Iters: 0, Total loss: 0.036, Loss x: 0.033, Loss s: 0.072, Loss w_fp: 0.004, Mask ratio: 0.989
[2024-05-10 00:39:51,759][    INFO] ***** Evaluation ***** >>>> Class [0 Right Ventricle] Dice: 83.97
[2024-05-10 00:39:51,759][    INFO] ***** Evaluation ***** >>>> Class [1 Myocardium] Dice: 84.56
[2024-05-10 00:39:51,759][    INFO] ***** Evaluation ***** >>>> Class [2 Left Ventricle] Dice: 93.99
[2024-05-10 00:39:51,759][    INFO] ***** Evaluation ***** >>>> MeanDice: 87.51

[2024-05-10 00:39:51,806][    INFO] ===========> Epoch: 88, LR: 0.00598, Previous best: 88.90
[2024-05-10 00:39:52,648][    INFO] Iters: 0, Total loss: 0.025, Loss x: 0.034, Loss s: 0.028, Loss w_fp: 0.004, Mask ratio: 0.987
[2024-05-10 00:40:03,537][    INFO] ***** Evaluation ***** >>>> Class [0 Right Ventricle] Dice: 84.45
[2024-05-10 00:40:03,537][    INFO] ***** Evaluation ***** >>>> Class [1 Myocardium] Dice: 85.88
[2024-05-10 00:40:03,537][    INFO] ***** Evaluation ***** >>>> Class [2 Left Ventricle] Dice: 94.47
[2024-05-10 00:40:03,537][    INFO] ***** Evaluation ***** >>>> MeanDice: 88.27

[2024-05-10 00:40:03,623][    INFO] ===========> Epoch: 89, LR: 0.00593, Previous best: 88.90
[2024-05-10 00:40:04,504][    INFO] Iters: 0, Total loss: 0.025, Loss x: 0.031, Loss s: 0.036, Loss w_fp: 0.003, Mask ratio: 0.990
[2024-05-10 00:40:15,437][    INFO] ***** Evaluation ***** >>>> Class [0 Right Ventricle] Dice: 82.92
[2024-05-10 00:40:15,437][    INFO] ***** Evaluation ***** >>>> Class [1 Myocardium] Dice: 84.52
[2024-05-10 00:40:15,437][    INFO] ***** Evaluation ***** >>>> Class [2 Left Ventricle] Dice: 93.38
[2024-05-10 00:40:15,437][    INFO] ***** Evaluation ***** >>>> MeanDice: 86.94

[2024-05-10 00:40:15,486][    INFO] ===========> Epoch: 90, LR: 0.00588, Previous best: 88.90
[2024-05-10 00:40:16,318][    INFO] Iters: 0, Total loss: 0.028, Loss x: 0.048, Loss s: 0.012, Loss w_fp: 0.004, Mask ratio: 0.991
[2024-05-10 00:40:29,139][    INFO] ***** Evaluation ***** >>>> Class [0 Right Ventricle] Dice: 86.44
[2024-05-10 00:40:29,139][    INFO] ***** Evaluation ***** >>>> Class [1 Myocardium] Dice: 87.40
[2024-05-10 00:40:29,139][    INFO] ***** Evaluation ***** >>>> Class [2 Left Ventricle] Dice: 94.51
[2024-05-10 00:40:29,139][    INFO] ***** Evaluation ***** >>>> MeanDice: 89.45

[2024-05-10 00:40:29,267][    INFO] ===========> Epoch: 91, LR: 0.00583, Previous best: 89.45
[2024-05-10 00:40:30,153][    INFO] Iters: 0, Total loss: 0.044, Loss x: 0.065, Loss s: 0.030, Loss w_fp: 0.016, Mask ratio: 0.992
[2024-05-10 00:40:40,717][    INFO] ***** Evaluation ***** >>>> Class [0 Right Ventricle] Dice: 86.46
[2024-05-10 00:40:40,717][    INFO] ***** Evaluation ***** >>>> Class [1 Myocardium] Dice: 83.84
[2024-05-10 00:40:40,717][    INFO] ***** Evaluation ***** >>>> Class [2 Left Ventricle] Dice: 92.90
[2024-05-10 00:40:40,717][    INFO] ***** Evaluation ***** >>>> MeanDice: 87.74

[2024-05-10 00:40:40,764][    INFO] ===========> Epoch: 92, LR: 0.00579, Previous best: 89.45
[2024-05-10 00:40:41,602][    INFO] Iters: 0, Total loss: 0.029, Loss x: 0.042, Loss s: 0.027, Loss w_fp: 0.004, Mask ratio: 0.991
[2024-05-10 00:40:53,624][    INFO] ***** Evaluation ***** >>>> Class [0 Right Ventricle] Dice: 84.39
[2024-05-10 00:40:53,625][    INFO] ***** Evaluation ***** >>>> Class [1 Myocardium] Dice: 83.97
[2024-05-10 00:40:53,625][    INFO] ***** Evaluation ***** >>>> Class [2 Left Ventricle] Dice: 93.18
[2024-05-10 00:40:53,625][    INFO] ***** Evaluation ***** >>>> MeanDice: 87.18

[2024-05-10 00:40:53,671][    INFO] ===========> Epoch: 93, LR: 0.00574, Previous best: 89.45
[2024-05-10 00:40:54,531][    INFO] Iters: 0, Total loss: 0.037, Loss x: 0.043, Loss s: 0.042, Loss w_fp: 0.018, Mask ratio: 0.995
[2024-05-10 00:42:58,440][    INFO] ***** Evaluation ***** >>>> Class [0 Right Ventricle] Dice: 82.70
[2024-05-10 00:42:58,496][    INFO] ***** Evaluation ***** >>>> Class [1 Myocardium] Dice: 82.85
[2024-05-10 00:42:58,496][    INFO] ***** Evaluation ***** >>>> Class [2 Left Ventricle] Dice: 91.90
[2024-05-10 00:42:58,496][    INFO] ***** Evaluation ***** >>>> MeanDice: 85.82

[2024-05-10 00:42:58,871][    INFO] ===========> Epoch: 94, LR: 0.00569, Previous best: 89.45
[2024-05-10 00:43:05,700][    INFO] Iters: 0, Total loss: 0.030, Loss x: 0.035, Loss s: 0.047, Loss w_fp: 0.004, Mask ratio: 0.990
[2024-05-10 00:45:56,901][    INFO] ***** Evaluation ***** >>>> Class [0 Right Ventricle] Dice: 81.67
[2024-05-10 00:45:56,995][    INFO] ***** Evaluation ***** >>>> Class [1 Myocardium] Dice: 82.05
[2024-05-10 00:45:56,995][    INFO] ***** Evaluation ***** >>>> Class [2 Left Ventricle] Dice: 91.79
[2024-05-10 00:45:56,995][    INFO] ***** Evaluation ***** >>>> MeanDice: 85.17

[2024-05-10 00:45:57,407][    INFO] ===========> Epoch: 95, LR: 0.00564, Previous best: 89.45
[2024-05-10 00:46:03,473][    INFO] Iters: 0, Total loss: 0.034, Loss x: 0.035, Loss s: 0.058, Loss w_fp: 0.008, Mask ratio: 0.989
[2024-05-10 00:49:13,437][    INFO] ***** Evaluation ***** >>>> Class [0 Right Ventricle] Dice: 84.83
[2024-05-10 00:49:13,481][    INFO] ***** Evaluation ***** >>>> Class [1 Myocardium] Dice: 85.66
[2024-05-10 00:49:13,481][    INFO] ***** Evaluation ***** >>>> Class [2 Left Ventricle] Dice: 94.35
[2024-05-10 00:49:13,481][    INFO] ***** Evaluation ***** >>>> MeanDice: 88.28

[2024-05-10 00:49:13,998][    INFO] ===========> Epoch: 96, LR: 0.00559, Previous best: 89.45
[2024-05-10 00:49:20,303][    INFO] Iters: 0, Total loss: 0.028, Loss x: 0.027, Loss s: 0.055, Loss w_fp: 0.005, Mask ratio: 0.990
[2024-05-10 00:49:39,481][    INFO] ***** Evaluation ***** >>>> Class [0 Right Ventricle] Dice: 83.76
[2024-05-10 00:49:39,481][    INFO] ***** Evaluation ***** >>>> Class [1 Myocardium] Dice: 84.85
[2024-05-10 00:49:39,481][    INFO] ***** Evaluation ***** >>>> Class [2 Left Ventricle] Dice: 93.20
[2024-05-10 00:49:39,481][    INFO] ***** Evaluation ***** >>>> MeanDice: 87.27

[2024-05-10 00:49:39,556][    INFO] ===========> Epoch: 97, LR: 0.00555, Previous best: 89.45
[2024-05-10 00:49:40,433][    INFO] Iters: 0, Total loss: 0.032, Loss x: 0.045, Loss s: 0.035, Loss w_fp: 0.005, Mask ratio: 0.991
[2024-05-10 00:49:51,497][    INFO] ***** Evaluation ***** >>>> Class [0 Right Ventricle] Dice: 83.91
[2024-05-10 00:49:51,498][    INFO] ***** Evaluation ***** >>>> Class [1 Myocardium] Dice: 84.30
[2024-05-10 00:49:51,498][    INFO] ***** Evaluation ***** >>>> Class [2 Left Ventricle] Dice: 93.25
[2024-05-10 00:49:51,498][    INFO] ***** Evaluation ***** >>>> MeanDice: 87.15

[2024-05-10 00:49:51,574][    INFO] ===========> Epoch: 98, LR: 0.00550, Previous best: 89.45
[2024-05-10 00:49:52,414][    INFO] Iters: 0, Total loss: 0.025, Loss x: 0.041, Loss s: 0.017, Loss w_fp: 0.004, Mask ratio: 0.990
[2024-05-10 00:50:03,779][    INFO] ***** Evaluation ***** >>>> Class [0 Right Ventricle] Dice: 82.14
[2024-05-10 00:50:03,779][    INFO] ***** Evaluation ***** >>>> Class [1 Myocardium] Dice: 85.69
[2024-05-10 00:50:03,779][    INFO] ***** Evaluation ***** >>>> Class [2 Left Ventricle] Dice: 92.72
[2024-05-10 00:50:03,779][    INFO] ***** Evaluation ***** >>>> MeanDice: 86.85

[2024-05-10 00:50:03,855][    INFO] ===========> Epoch: 99, LR: 0.00545, Previous best: 89.45
[2024-05-10 00:50:04,666][    INFO] Iters: 0, Total loss: 0.018, Loss x: 0.025, Loss s: 0.018, Loss w_fp: 0.004, Mask ratio: 0.992
[2024-05-10 00:50:15,462][    INFO] ***** Evaluation ***** >>>> Class [0 Right Ventricle] Dice: 85.78
[2024-05-10 00:50:15,463][    INFO] ***** Evaluation ***** >>>> Class [1 Myocardium] Dice: 84.67
[2024-05-10 00:50:15,463][    INFO] ***** Evaluation ***** >>>> Class [2 Left Ventricle] Dice: 93.62
[2024-05-10 00:50:15,463][    INFO] ***** Evaluation ***** >>>> MeanDice: 88.02

[2024-05-10 00:50:15,538][    INFO] ===========> Epoch: 100, LR: 0.00540, Previous best: 89.45
[2024-05-10 00:50:16,398][    INFO] Iters: 0, Total loss: 0.039, Loss x: 0.060, Loss s: 0.031, Loss w_fp: 0.007, Mask ratio: 0.987
[2024-05-10 00:50:27,253][    INFO] ***** Evaluation ***** >>>> Class [0 Right Ventricle] Dice: 83.80
[2024-05-10 00:50:27,253][    INFO] ***** Evaluation ***** >>>> Class [1 Myocardium] Dice: 85.34
[2024-05-10 00:50:27,253][    INFO] ***** Evaluation ***** >>>> Class [2 Left Ventricle] Dice: 94.00
[2024-05-10 00:50:27,254][    INFO] ***** Evaluation ***** >>>> MeanDice: 87.71

[2024-05-10 00:50:27,330][    INFO] ===========> Epoch: 101, LR: 0.00535, Previous best: 89.45
[2024-05-10 00:50:28,179][    INFO] Iters: 0, Total loss: 0.033, Loss x: 0.051, Loss s: 0.029, Loss w_fp: 0.003, Mask ratio: 0.988
[2024-05-10 00:50:39,747][    INFO] ***** Evaluation ***** >>>> Class [0 Right Ventricle] Dice: 85.99
[2024-05-10 00:50:39,748][    INFO] ***** Evaluation ***** >>>> Class [1 Myocardium] Dice: 84.95
[2024-05-10 00:50:39,748][    INFO] ***** Evaluation ***** >>>> Class [2 Left Ventricle] Dice: 94.11
[2024-05-10 00:50:39,748][    INFO] ***** Evaluation ***** >>>> MeanDice: 88.35

[2024-05-10 00:50:39,821][    INFO] ===========> Epoch: 102, LR: 0.00531, Previous best: 89.45
[2024-05-10 00:50:40,681][    INFO] Iters: 0, Total loss: 0.042, Loss x: 0.041, Loss s: 0.080, Loss w_fp: 0.004, Mask ratio: 0.987
[2024-05-10 00:50:51,502][    INFO] ***** Evaluation ***** >>>> Class [0 Right Ventricle] Dice: 86.85
[2024-05-10 00:50:51,502][    INFO] ***** Evaluation ***** >>>> Class [1 Myocardium] Dice: 84.65
[2024-05-10 00:50:51,502][    INFO] ***** Evaluation ***** >>>> Class [2 Left Ventricle] Dice: 93.96
[2024-05-10 00:50:51,502][    INFO] ***** Evaluation ***** >>>> MeanDice: 88.48

[2024-05-10 00:50:51,584][    INFO] ===========> Epoch: 103, LR: 0.00526, Previous best: 89.45
[2024-05-10 00:50:52,437][    INFO] Iters: 0, Total loss: 0.035, Loss x: 0.025, Loss s: 0.086, Loss w_fp: 0.005, Mask ratio: 0.988
[2024-05-10 00:51:02,987][    INFO] ***** Evaluation ***** >>>> Class [0 Right Ventricle] Dice: 84.96
[2024-05-10 00:51:02,987][    INFO] ***** Evaluation ***** >>>> Class [1 Myocardium] Dice: 85.45
[2024-05-10 00:51:02,988][    INFO] ***** Evaluation ***** >>>> Class [2 Left Ventricle] Dice: 93.50
[2024-05-10 00:51:02,988][    INFO] ***** Evaluation ***** >>>> MeanDice: 87.97

[2024-05-10 00:51:03,059][    INFO] ===========> Epoch: 104, LR: 0.00521, Previous best: 89.45
[2024-05-10 00:51:03,911][    INFO] Iters: 0, Total loss: 0.025, Loss x: 0.021, Loss s: 0.053, Loss w_fp: 0.003, Mask ratio: 0.988
[2024-05-10 00:51:14,444][    INFO] ***** Evaluation ***** >>>> Class [0 Right Ventricle] Dice: 83.68
[2024-05-10 00:51:14,445][    INFO] ***** Evaluation ***** >>>> Class [1 Myocardium] Dice: 85.18
[2024-05-10 00:51:14,445][    INFO] ***** Evaluation ***** >>>> Class [2 Left Ventricle] Dice: 93.59
[2024-05-10 00:51:14,445][    INFO] ***** Evaluation ***** >>>> MeanDice: 87.49

[2024-05-10 00:51:14,516][    INFO] ===========> Epoch: 105, LR: 0.00516, Previous best: 89.45
[2024-05-10 00:51:15,364][    INFO] Iters: 0, Total loss: 0.038, Loss x: 0.042, Loss s: 0.061, Loss w_fp: 0.007, Mask ratio: 0.989
[2024-05-10 00:51:26,381][    INFO] ***** Evaluation ***** >>>> Class [0 Right Ventricle] Dice: 85.60
[2024-05-10 00:51:26,381][    INFO] ***** Evaluation ***** >>>> Class [1 Myocardium] Dice: 85.79
[2024-05-10 00:51:26,381][    INFO] ***** Evaluation ***** >>>> Class [2 Left Ventricle] Dice: 93.99
[2024-05-10 00:51:26,381][    INFO] ***** Evaluation ***** >>>> MeanDice: 88.46

[2024-05-10 00:51:26,429][    INFO] ===========> Epoch: 106, LR: 0.00511, Previous best: 89.45
[2024-05-10 00:51:27,265][    INFO] Iters: 0, Total loss: 0.025, Loss x: 0.022, Loss s: 0.043, Loss w_fp: 0.012, Mask ratio: 0.991
[2024-05-10 00:51:37,842][    INFO] ***** Evaluation ***** >>>> Class [0 Right Ventricle] Dice: 84.48
[2024-05-10 00:51:37,843][    INFO] ***** Evaluation ***** >>>> Class [1 Myocardium] Dice: 85.98
[2024-05-10 00:51:37,843][    INFO] ***** Evaluation ***** >>>> Class [2 Left Ventricle] Dice: 93.94
[2024-05-10 00:51:37,843][    INFO] ***** Evaluation ***** >>>> MeanDice: 88.13

[2024-05-10 00:51:37,917][    INFO] ===========> Epoch: 107, LR: 0.00506, Previous best: 89.45
[2024-05-10 00:51:38,731][    INFO] Iters: 0, Total loss: 0.033, Loss x: 0.033, Loss s: 0.058, Loss w_fp: 0.008, Mask ratio: 0.987
[2024-05-10 00:51:50,831][    INFO] ***** Evaluation ***** >>>> Class [0 Right Ventricle] Dice: 87.10
[2024-05-10 00:51:50,832][    INFO] ***** Evaluation ***** >>>> Class [1 Myocardium] Dice: 86.14
[2024-05-10 00:51:50,832][    INFO] ***** Evaluation ***** >>>> Class [2 Left Ventricle] Dice: 93.61
[2024-05-10 00:51:50,832][    INFO] ***** Evaluation ***** >>>> MeanDice: 88.95

[2024-05-10 00:51:50,903][    INFO] ===========> Epoch: 108, LR: 0.00501, Previous best: 89.45
[2024-05-10 00:51:51,753][    INFO] Iters: 0, Total loss: 0.022, Loss x: 0.024, Loss s: 0.034, Loss w_fp: 0.005, Mask ratio: 0.992
[2024-05-10 00:52:05,915][    INFO] ***** Evaluation ***** >>>> Class [0 Right Ventricle] Dice: 85.76
[2024-05-10 00:52:05,915][    INFO] ***** Evaluation ***** >>>> Class [1 Myocardium] Dice: 85.57
[2024-05-10 00:52:05,915][    INFO] ***** Evaluation ***** >>>> Class [2 Left Ventricle] Dice: 93.86
[2024-05-10 00:52:05,915][    INFO] ***** Evaluation ***** >>>> MeanDice: 88.39

[2024-05-10 00:52:06,017][    INFO] ===========> Epoch: 109, LR: 0.00497, Previous best: 89.45
[2024-05-10 00:52:06,900][    INFO] Iters: 0, Total loss: 0.039, Loss x: 0.073, Loss s: 0.009, Loss w_fp: 0.003, Mask ratio: 0.993
[2024-05-10 00:52:23,148][    INFO] ***** Evaluation ***** >>>> Class [0 Right Ventricle] Dice: 86.13
[2024-05-10 00:52:23,149][    INFO] ***** Evaluation ***** >>>> Class [1 Myocardium] Dice: 86.82
[2024-05-10 00:52:23,149][    INFO] ***** Evaluation ***** >>>> Class [2 Left Ventricle] Dice: 94.65
[2024-05-10 00:52:23,149][    INFO] ***** Evaluation ***** >>>> MeanDice: 89.20

[2024-05-10 00:52:23,224][    INFO] ===========> Epoch: 110, LR: 0.00492, Previous best: 89.45
[2024-05-10 00:52:24,379][    INFO] Iters: 0, Total loss: 0.035, Loss x: 0.032, Loss s: 0.066, Loss w_fp: 0.010, Mask ratio: 0.990
[2024-05-10 00:52:42,701][    INFO] ***** Evaluation ***** >>>> Class [0 Right Ventricle] Dice: 85.05
[2024-05-10 00:52:42,701][    INFO] ***** Evaluation ***** >>>> Class [1 Myocardium] Dice: 86.03
[2024-05-10 00:52:42,701][    INFO] ***** Evaluation ***** >>>> Class [2 Left Ventricle] Dice: 94.11
[2024-05-10 00:52:42,701][    INFO] ***** Evaluation ***** >>>> MeanDice: 88.40

[2024-05-10 00:52:42,774][    INFO] ===========> Epoch: 111, LR: 0.00487, Previous best: 89.45
[2024-05-10 00:52:46,778][    INFO] Iters: 0, Total loss: 0.024, Loss x: 0.037, Loss s: 0.018, Loss w_fp: 0.004, Mask ratio: 0.989
[2024-05-10 00:53:07,777][    INFO] ***** Evaluation ***** >>>> Class [0 Right Ventricle] Dice: 82.64
[2024-05-10 00:53:07,777][    INFO] ***** Evaluation ***** >>>> Class [1 Myocardium] Dice: 85.79
[2024-05-10 00:53:07,778][    INFO] ***** Evaluation ***** >>>> Class [2 Left Ventricle] Dice: 94.25
[2024-05-10 00:53:07,778][    INFO] ***** Evaluation ***** >>>> MeanDice: 87.56

[2024-05-10 00:53:07,848][    INFO] ===========> Epoch: 112, LR: 0.00482, Previous best: 89.45
[2024-05-10 00:53:08,711][    INFO] Iters: 0, Total loss: 0.030, Loss x: 0.039, Loss s: 0.036, Loss w_fp: 0.005, Mask ratio: 0.991
[2024-05-10 00:54:09,301][    INFO] ***** Evaluation ***** >>>> Class [0 Right Ventricle] Dice: 85.64
[2024-05-10 00:54:09,301][    INFO] ***** Evaluation ***** >>>> Class [1 Myocardium] Dice: 85.62
[2024-05-10 00:54:09,301][    INFO] ***** Evaluation ***** >>>> Class [2 Left Ventricle] Dice: 94.13
[2024-05-10 00:54:09,301][    INFO] ***** Evaluation ***** >>>> MeanDice: 88.46

[2024-05-10 00:54:09,381][    INFO] ===========> Epoch: 113, LR: 0.00477, Previous best: 89.45
[2024-05-10 00:54:10,481][    INFO] Iters: 0, Total loss: 0.024, Loss x: 0.032, Loss s: 0.029, Loss w_fp: 0.005, Mask ratio: 0.992
[2024-05-10 00:54:33,267][    INFO] ***** Evaluation ***** >>>> Class [0 Right Ventricle] Dice: 86.54
[2024-05-10 00:54:33,267][    INFO] ***** Evaluation ***** >>>> Class [1 Myocardium] Dice: 86.37
[2024-05-10 00:54:33,267][    INFO] ***** Evaluation ***** >>>> Class [2 Left Ventricle] Dice: 94.29
[2024-05-10 00:54:33,267][    INFO] ***** Evaluation ***** >>>> MeanDice: 89.07

[2024-05-10 00:54:33,339][    INFO] ===========> Epoch: 114, LR: 0.00472, Previous best: 89.45
[2024-05-10 00:54:34,227][    INFO] Iters: 0, Total loss: 0.021, Loss x: 0.022, Loss s: 0.036, Loss w_fp: 0.004, Mask ratio: 0.989
[2024-05-10 00:54:49,422][    INFO] ***** Evaluation ***** >>>> Class [0 Right Ventricle] Dice: 85.84
[2024-05-10 00:54:49,422][    INFO] ***** Evaluation ***** >>>> Class [1 Myocardium] Dice: 85.88
[2024-05-10 00:54:49,422][    INFO] ***** Evaluation ***** >>>> Class [2 Left Ventricle] Dice: 93.97
[2024-05-10 00:54:49,422][    INFO] ***** Evaluation ***** >>>> MeanDice: 88.56

[2024-05-10 00:54:49,492][    INFO] ===========> Epoch: 115, LR: 0.00467, Previous best: 89.45
[2024-05-10 00:54:50,390][    INFO] Iters: 0, Total loss: 0.029, Loss x: 0.035, Loss s: 0.039, Loss w_fp: 0.007, Mask ratio: 0.993
[2024-05-10 00:55:09,833][    INFO] ***** Evaluation ***** >>>> Class [0 Right Ventricle] Dice: 85.38
[2024-05-10 00:55:09,834][    INFO] ***** Evaluation ***** >>>> Class [1 Myocardium] Dice: 83.51
[2024-05-10 00:55:09,834][    INFO] ***** Evaluation ***** >>>> Class [2 Left Ventricle] Dice: 94.36
[2024-05-10 00:55:09,834][    INFO] ***** Evaluation ***** >>>> MeanDice: 87.75

[2024-05-10 00:55:10,040][    INFO] ===========> Epoch: 116, LR: 0.00462, Previous best: 89.45
[2024-05-10 00:55:11,341][    INFO] Iters: 0, Total loss: 0.043, Loss x: 0.043, Loss s: 0.083, Loss w_fp: 0.005, Mask ratio: 0.989
[2024-05-10 00:55:27,782][    INFO] ***** Evaluation ***** >>>> Class [0 Right Ventricle] Dice: 85.48
[2024-05-10 00:55:27,782][    INFO] ***** Evaluation ***** >>>> Class [1 Myocardium] Dice: 84.89
[2024-05-10 00:55:27,782][    INFO] ***** Evaluation ***** >>>> Class [2 Left Ventricle] Dice: 94.63
[2024-05-10 00:55:27,782][    INFO] ***** Evaluation ***** >>>> MeanDice: 88.33

[2024-05-10 00:55:27,962][    INFO] ===========> Epoch: 117, LR: 0.00458, Previous best: 89.45
[2024-05-10 00:55:28,937][    INFO] Iters: 0, Total loss: 0.036, Loss x: 0.038, Loss s: 0.064, Loss w_fp: 0.003, Mask ratio: 0.988
[2024-05-10 00:55:52,301][    INFO] ***** Evaluation ***** >>>> Class [0 Right Ventricle] Dice: 86.68
[2024-05-10 00:55:52,302][    INFO] ***** Evaluation ***** >>>> Class [1 Myocardium] Dice: 86.23
[2024-05-10 00:55:52,302][    INFO] ***** Evaluation ***** >>>> Class [2 Left Ventricle] Dice: 94.73
[2024-05-10 00:55:52,302][    INFO] ***** Evaluation ***** >>>> MeanDice: 89.22

[2024-05-10 00:55:52,377][    INFO] ===========> Epoch: 118, LR: 0.00453, Previous best: 89.45
[2024-05-10 00:55:53,963][    INFO] Iters: 0, Total loss: 0.034, Loss x: 0.042, Loss s: 0.045, Loss w_fp: 0.006, Mask ratio: 0.991
[2024-05-10 00:56:10,018][    INFO] ***** Evaluation ***** >>>> Class [0 Right Ventricle] Dice: 84.52
[2024-05-10 00:56:10,018][    INFO] ***** Evaluation ***** >>>> Class [1 Myocardium] Dice: 86.59
[2024-05-10 00:56:10,018][    INFO] ***** Evaluation ***** >>>> Class [2 Left Ventricle] Dice: 94.60
[2024-05-10 00:56:10,018][    INFO] ***** Evaluation ***** >>>> MeanDice: 88.57

[2024-05-10 00:56:10,099][    INFO] ===========> Epoch: 119, LR: 0.00448, Previous best: 89.45
[2024-05-10 00:56:10,953][    INFO] Iters: 0, Total loss: 0.041, Loss x: 0.027, Loss s: 0.104, Loss w_fp: 0.006, Mask ratio: 0.987
[2024-05-10 00:56:25,894][    INFO] ***** Evaluation ***** >>>> Class [0 Right Ventricle] Dice: 86.64
[2024-05-10 00:56:25,894][    INFO] ***** Evaluation ***** >>>> Class [1 Myocardium] Dice: 85.19
[2024-05-10 00:56:25,894][    INFO] ***** Evaluation ***** >>>> Class [2 Left Ventricle] Dice: 93.60
[2024-05-10 00:56:25,894][    INFO] ***** Evaluation ***** >>>> MeanDice: 88.48

[2024-05-10 00:56:25,980][    INFO] ===========> Epoch: 120, LR: 0.00443, Previous best: 89.45
[2024-05-10 00:56:26,840][    INFO] Iters: 0, Total loss: 0.027, Loss x: 0.029, Loss s: 0.044, Loss w_fp: 0.007, Mask ratio: 0.988
[2024-05-10 00:56:41,944][    INFO] ***** Evaluation ***** >>>> Class [0 Right Ventricle] Dice: 86.55
[2024-05-10 00:56:41,945][    INFO] ***** Evaluation ***** >>>> Class [1 Myocardium] Dice: 86.64
[2024-05-10 00:56:41,945][    INFO] ***** Evaluation ***** >>>> Class [2 Left Ventricle] Dice: 94.90
[2024-05-10 00:56:41,945][    INFO] ***** Evaluation ***** >>>> MeanDice: 89.36

[2024-05-10 00:56:42,016][    INFO] ===========> Epoch: 121, LR: 0.00438, Previous best: 89.45
[2024-05-10 00:56:42,896][    INFO] Iters: 0, Total loss: 0.025, Loss x: 0.030, Loss s: 0.033, Loss w_fp: 0.005, Mask ratio: 0.991
[2024-05-10 00:56:57,269][    INFO] ***** Evaluation ***** >>>> Class [0 Right Ventricle] Dice: 84.96
[2024-05-10 00:56:57,270][    INFO] ***** Evaluation ***** >>>> Class [1 Myocardium] Dice: 86.78
[2024-05-10 00:56:57,270][    INFO] ***** Evaluation ***** >>>> Class [2 Left Ventricle] Dice: 93.93
[2024-05-10 00:56:57,270][    INFO] ***** Evaluation ***** >>>> MeanDice: 88.56

[2024-05-10 00:56:57,370][    INFO] ===========> Epoch: 122, LR: 0.00433, Previous best: 89.45
[2024-05-10 00:56:58,213][    INFO] Iters: 0, Total loss: 0.029, Loss x: 0.039, Loss s: 0.032, Loss w_fp: 0.005, Mask ratio: 0.988
[2024-05-10 00:57:16,589][    INFO] ***** Evaluation ***** >>>> Class [0 Right Ventricle] Dice: 86.63
[2024-05-10 00:57:16,590][    INFO] ***** Evaluation ***** >>>> Class [1 Myocardium] Dice: 86.80
[2024-05-10 00:57:16,590][    INFO] ***** Evaluation ***** >>>> Class [2 Left Ventricle] Dice: 94.69
[2024-05-10 00:57:16,590][    INFO] ***** Evaluation ***** >>>> MeanDice: 89.37

[2024-05-10 00:57:16,662][    INFO] ===========> Epoch: 123, LR: 0.00428, Previous best: 89.45
[2024-05-10 00:57:17,490][    INFO] Iters: 0, Total loss: 0.032, Loss x: 0.036, Loss s: 0.051, Loss w_fp: 0.005, Mask ratio: 0.992
[2024-05-10 00:57:30,691][    INFO] ***** Evaluation ***** >>>> Class [0 Right Ventricle] Dice: 85.44
[2024-05-10 00:57:30,692][    INFO] ***** Evaluation ***** >>>> Class [1 Myocardium] Dice: 87.10
[2024-05-10 00:57:30,692][    INFO] ***** Evaluation ***** >>>> Class [2 Left Ventricle] Dice: 94.41
[2024-05-10 00:57:30,692][    INFO] ***** Evaluation ***** >>>> MeanDice: 88.98

[2024-05-10 00:57:30,764][    INFO] ===========> Epoch: 124, LR: 0.00423, Previous best: 89.45
[2024-05-10 00:57:31,628][    INFO] Iters: 0, Total loss: 0.025, Loss x: 0.029, Loss s: 0.037, Loss w_fp: 0.003, Mask ratio: 0.993
[2024-05-10 00:57:49,123][    INFO] ***** Evaluation ***** >>>> Class [0 Right Ventricle] Dice: 85.13
[2024-05-10 00:57:49,123][    INFO] ***** Evaluation ***** >>>> Class [1 Myocardium] Dice: 86.22
[2024-05-10 00:57:49,123][    INFO] ***** Evaluation ***** >>>> Class [2 Left Ventricle] Dice: 94.22
[2024-05-10 00:57:49,123][    INFO] ***** Evaluation ***** >>>> MeanDice: 88.52

[2024-05-10 00:57:49,195][    INFO] ===========> Epoch: 125, LR: 0.00418, Previous best: 89.45
[2024-05-10 00:57:50,091][    INFO] Iters: 0, Total loss: 0.023, Loss x: 0.028, Loss s: 0.033, Loss w_fp: 0.004, Mask ratio: 0.990
[2024-05-10 00:58:01,655][    INFO] ***** Evaluation ***** >>>> Class [0 Right Ventricle] Dice: 84.09
[2024-05-10 00:58:01,655][    INFO] ***** Evaluation ***** >>>> Class [1 Myocardium] Dice: 84.95
[2024-05-10 00:58:01,655][    INFO] ***** Evaluation ***** >>>> Class [2 Left Ventricle] Dice: 94.70
[2024-05-10 00:58:01,655][    INFO] ***** Evaluation ***** >>>> MeanDice: 87.91

[2024-05-10 00:58:01,792][    INFO] ===========> Epoch: 126, LR: 0.00413, Previous best: 89.45
[2024-05-10 00:58:02,911][    INFO] Iters: 0, Total loss: 0.034, Loss x: 0.040, Loss s: 0.047, Loss w_fp: 0.010, Mask ratio: 0.991
[2024-05-10 00:58:16,164][    INFO] ***** Evaluation ***** >>>> Class [0 Right Ventricle] Dice: 84.30
[2024-05-10 00:58:16,164][    INFO] ***** Evaluation ***** >>>> Class [1 Myocardium] Dice: 84.76
[2024-05-10 00:58:16,164][    INFO] ***** Evaluation ***** >>>> Class [2 Left Ventricle] Dice: 93.71
[2024-05-10 00:58:16,164][    INFO] ***** Evaluation ***** >>>> MeanDice: 87.59

[2024-05-10 00:58:16,390][    INFO] ===========> Epoch: 127, LR: 0.00408, Previous best: 89.45
[2024-05-10 00:58:18,183][    INFO] Iters: 0, Total loss: 0.038, Loss x: 0.036, Loss s: 0.078, Loss w_fp: 0.004, Mask ratio: 0.989
[2024-05-10 00:58:43,109][    INFO] ***** Evaluation ***** >>>> Class [0 Right Ventricle] Dice: 85.16
[2024-05-10 00:58:43,109][    INFO] ***** Evaluation ***** >>>> Class [1 Myocardium] Dice: 85.76
[2024-05-10 00:58:43,109][    INFO] ***** Evaluation ***** >>>> Class [2 Left Ventricle] Dice: 94.91
[2024-05-10 00:58:43,109][    INFO] ***** Evaluation ***** >>>> MeanDice: 88.61

[2024-05-10 00:58:43,186][    INFO] ===========> Epoch: 128, LR: 0.00403, Previous best: 89.45
[2024-05-10 00:58:44,174][    INFO] Iters: 0, Total loss: 0.020, Loss x: 0.026, Loss s: 0.022, Loss w_fp: 0.005, Mask ratio: 0.986
[2024-05-10 00:59:01,843][    INFO] ***** Evaluation ***** >>>> Class [0 Right Ventricle] Dice: 87.59
[2024-05-10 00:59:01,843][    INFO] ***** Evaluation ***** >>>> Class [1 Myocardium] Dice: 86.53
[2024-05-10 00:59:01,843][    INFO] ***** Evaluation ***** >>>> Class [2 Left Ventricle] Dice: 94.36
[2024-05-10 00:59:01,843][    INFO] ***** Evaluation ***** >>>> MeanDice: 89.49

[2024-05-10 00:59:01,965][    INFO] ===========> Epoch: 129, LR: 0.00398, Previous best: 89.49
[2024-05-10 00:59:02,875][    INFO] Iters: 0, Total loss: 0.031, Loss x: 0.025, Loss s: 0.059, Loss w_fp: 0.015, Mask ratio: 0.993
[2024-05-10 00:59:15,446][    INFO] ***** Evaluation ***** >>>> Class [0 Right Ventricle] Dice: 83.85
[2024-05-10 00:59:15,446][    INFO] ***** Evaluation ***** >>>> Class [1 Myocardium] Dice: 84.91
[2024-05-10 00:59:15,446][    INFO] ***** Evaluation ***** >>>> Class [2 Left Ventricle] Dice: 93.52
[2024-05-10 00:59:15,446][    INFO] ***** Evaluation ***** >>>> MeanDice: 87.43

[2024-05-10 00:59:15,519][    INFO] ===========> Epoch: 130, LR: 0.00393, Previous best: 89.49
[2024-05-10 00:59:16,354][    INFO] Iters: 0, Total loss: 0.030, Loss x: 0.036, Loss s: 0.045, Loss w_fp: 0.005, Mask ratio: 0.989
[2024-05-10 00:59:30,637][    INFO] ***** Evaluation ***** >>>> Class [0 Right Ventricle] Dice: 84.08
[2024-05-10 00:59:30,637][    INFO] ***** Evaluation ***** >>>> Class [1 Myocardium] Dice: 86.35
[2024-05-10 00:59:30,637][    INFO] ***** Evaluation ***** >>>> Class [2 Left Ventricle] Dice: 94.78
[2024-05-10 00:59:30,637][    INFO] ***** Evaluation ***** >>>> MeanDice: 88.40

[2024-05-10 00:59:30,708][    INFO] ===========> Epoch: 131, LR: 0.00388, Previous best: 89.49
[2024-05-10 00:59:31,553][    INFO] Iters: 0, Total loss: 0.026, Loss x: 0.031, Loss s: 0.040, Loss w_fp: 0.003, Mask ratio: 0.990
[2024-05-10 00:59:44,513][    INFO] ***** Evaluation ***** >>>> Class [0 Right Ventricle] Dice: 86.90
[2024-05-10 00:59:44,513][    INFO] ***** Evaluation ***** >>>> Class [1 Myocardium] Dice: 87.49
[2024-05-10 00:59:44,513][    INFO] ***** Evaluation ***** >>>> Class [2 Left Ventricle] Dice: 94.12
[2024-05-10 00:59:44,514][    INFO] ***** Evaluation ***** >>>> MeanDice: 89.50

[2024-05-10 00:59:44,678][    INFO] ===========> Epoch: 132, LR: 0.00383, Previous best: 89.50
[2024-05-10 00:59:45,524][    INFO] Iters: 0, Total loss: 0.032, Loss x: 0.039, Loss s: 0.046, Loss w_fp: 0.004, Mask ratio: 0.990
[2024-05-10 00:59:57,944][    INFO] ***** Evaluation ***** >>>> Class [0 Right Ventricle] Dice: 86.60
[2024-05-10 00:59:57,945][    INFO] ***** Evaluation ***** >>>> Class [1 Myocardium] Dice: 84.87
[2024-05-10 00:59:57,945][    INFO] ***** Evaluation ***** >>>> Class [2 Left Ventricle] Dice: 93.80
[2024-05-10 00:59:57,945][    INFO] ***** Evaluation ***** >>>> MeanDice: 88.43

[2024-05-10 00:59:58,020][    INFO] ===========> Epoch: 133, LR: 0.00378, Previous best: 89.50
[2024-05-10 00:59:58,877][    INFO] Iters: 0, Total loss: 0.037, Loss x: 0.048, Loss s: 0.042, Loss w_fp: 0.009, Mask ratio: 0.988
[2024-05-10 01:00:09,848][    INFO] ***** Evaluation ***** >>>> Class [0 Right Ventricle] Dice: 85.06
[2024-05-10 01:00:09,849][    INFO] ***** Evaluation ***** >>>> Class [1 Myocardium] Dice: 85.37
[2024-05-10 01:00:09,849][    INFO] ***** Evaluation ***** >>>> Class [2 Left Ventricle] Dice: 94.55
[2024-05-10 01:00:09,849][    INFO] ***** Evaluation ***** >>>> MeanDice: 88.32

[2024-05-10 01:00:09,896][    INFO] ===========> Epoch: 134, LR: 0.00373, Previous best: 89.50
[2024-05-10 01:00:10,748][    INFO] Iters: 0, Total loss: 0.033, Loss x: 0.042, Loss s: 0.043, Loss w_fp: 0.002, Mask ratio: 0.991
[2024-05-10 01:00:24,323][    INFO] ***** Evaluation ***** >>>> Class [0 Right Ventricle] Dice: 85.18
[2024-05-10 01:00:24,323][    INFO] ***** Evaluation ***** >>>> Class [1 Myocardium] Dice: 86.33
[2024-05-10 01:00:24,323][    INFO] ***** Evaluation ***** >>>> Class [2 Left Ventricle] Dice: 94.74
[2024-05-10 01:00:24,323][    INFO] ***** Evaluation ***** >>>> MeanDice: 88.75

[2024-05-10 01:00:24,395][    INFO] ===========> Epoch: 135, LR: 0.00368, Previous best: 89.50
[2024-05-10 01:00:25,824][    INFO] Iters: 0, Total loss: 0.030, Loss x: 0.033, Loss s: 0.052, Loss w_fp: 0.004, Mask ratio: 0.989
[2024-05-10 01:00:37,820][    INFO] ***** Evaluation ***** >>>> Class [0 Right Ventricle] Dice: 88.03
[2024-05-10 01:00:37,820][    INFO] ***** Evaluation ***** >>>> Class [1 Myocardium] Dice: 87.35
[2024-05-10 01:00:37,820][    INFO] ***** Evaluation ***** >>>> Class [2 Left Ventricle] Dice: 95.01
[2024-05-10 01:00:37,820][    INFO] ***** Evaluation ***** >>>> MeanDice: 90.13

[2024-05-10 01:00:37,913][    INFO] ===========> Epoch: 136, LR: 0.00363, Previous best: 90.13
[2024-05-10 01:00:38,754][    INFO] Iters: 0, Total loss: 0.030, Loss x: 0.034, Loss s: 0.051, Loss w_fp: 0.002, Mask ratio: 0.988
[2024-05-10 01:00:49,859][    INFO] ***** Evaluation ***** >>>> Class [0 Right Ventricle] Dice: 86.89
[2024-05-10 01:00:49,859][    INFO] ***** Evaluation ***** >>>> Class [1 Myocardium] Dice: 86.93
[2024-05-10 01:00:49,859][    INFO] ***** Evaluation ***** >>>> Class [2 Left Ventricle] Dice: 94.77
[2024-05-10 01:00:49,859][    INFO] ***** Evaluation ***** >>>> MeanDice: 89.53

[2024-05-10 01:00:49,932][    INFO] ===========> Epoch: 137, LR: 0.00358, Previous best: 90.13
[2024-05-10 01:00:51,149][    INFO] Iters: 0, Total loss: 0.031, Loss x: 0.035, Loss s: 0.049, Loss w_fp: 0.007, Mask ratio: 0.991
[2024-05-10 01:01:02,611][    INFO] ***** Evaluation ***** >>>> Class [0 Right Ventricle] Dice: 88.36
[2024-05-10 01:01:02,612][    INFO] ***** Evaluation ***** >>>> Class [1 Myocardium] Dice: 86.47
[2024-05-10 01:01:02,612][    INFO] ***** Evaluation ***** >>>> Class [2 Left Ventricle] Dice: 94.57
[2024-05-10 01:01:02,612][    INFO] ***** Evaluation ***** >>>> MeanDice: 89.80

[2024-05-10 01:01:02,669][    INFO] ===========> Epoch: 138, LR: 0.00353, Previous best: 90.13
[2024-05-10 01:01:03,585][    INFO] Iters: 0, Total loss: 0.025, Loss x: 0.026, Loss s: 0.041, Loss w_fp: 0.006, Mask ratio: 0.993
[2024-05-10 01:01:17,193][    INFO] ***** Evaluation ***** >>>> Class [0 Right Ventricle] Dice: 85.42
[2024-05-10 01:01:17,193][    INFO] ***** Evaluation ***** >>>> Class [1 Myocardium] Dice: 85.89
[2024-05-10 01:01:17,193][    INFO] ***** Evaluation ***** >>>> Class [2 Left Ventricle] Dice: 93.97
[2024-05-10 01:01:17,194][    INFO] ***** Evaluation ***** >>>> MeanDice: 88.43

[2024-05-10 01:01:17,264][    INFO] ===========> Epoch: 139, LR: 0.00348, Previous best: 90.13
[2024-05-10 01:01:18,112][    INFO] Iters: 0, Total loss: 0.026, Loss x: 0.034, Loss s: 0.029, Loss w_fp: 0.006, Mask ratio: 0.989
[2024-05-10 01:01:29,308][    INFO] ***** Evaluation ***** >>>> Class [0 Right Ventricle] Dice: 86.96
[2024-05-10 01:01:29,308][    INFO] ***** Evaluation ***** >>>> Class [1 Myocardium] Dice: 85.15
[2024-05-10 01:01:29,308][    INFO] ***** Evaluation ***** >>>> Class [2 Left Ventricle] Dice: 94.60
[2024-05-10 01:01:29,308][    INFO] ***** Evaluation ***** >>>> MeanDice: 88.90

[2024-05-10 01:01:29,377][    INFO] ===========> Epoch: 140, LR: 0.00343, Previous best: 90.13
[2024-05-10 01:01:30,212][    INFO] Iters: 0, Total loss: 0.028, Loss x: 0.039, Loss s: 0.026, Loss w_fp: 0.005, Mask ratio: 0.991
[2024-05-10 01:01:41,001][    INFO] ***** Evaluation ***** >>>> Class [0 Right Ventricle] Dice: 86.65
[2024-05-10 01:01:41,001][    INFO] ***** Evaluation ***** >>>> Class [1 Myocardium] Dice: 86.92
[2024-05-10 01:01:41,001][    INFO] ***** Evaluation ***** >>>> Class [2 Left Ventricle] Dice: 94.73
[2024-05-10 01:01:41,001][    INFO] ***** Evaluation ***** >>>> MeanDice: 89.43

[2024-05-10 01:01:41,161][    INFO] ===========> Epoch: 141, LR: 0.00338, Previous best: 90.13
[2024-05-10 01:01:42,021][    INFO] Iters: 0, Total loss: 0.026, Loss x: 0.030, Loss s: 0.033, Loss w_fp: 0.013, Mask ratio: 0.993
[2024-05-10 01:01:53,796][    INFO] ***** Evaluation ***** >>>> Class [0 Right Ventricle] Dice: 86.34
[2024-05-10 01:01:53,796][    INFO] ***** Evaluation ***** >>>> Class [1 Myocardium] Dice: 86.35
[2024-05-10 01:01:53,796][    INFO] ***** Evaluation ***** >>>> Class [2 Left Ventricle] Dice: 95.26
[2024-05-10 01:01:53,796][    INFO] ***** Evaluation ***** >>>> MeanDice: 89.32

[2024-05-10 01:01:53,872][    INFO] ===========> Epoch: 142, LR: 0.00333, Previous best: 90.13
[2024-05-10 01:01:54,745][    INFO] Iters: 0, Total loss: 0.029, Loss x: 0.028, Loss s: 0.057, Loss w_fp: 0.003, Mask ratio: 0.993
[2024-05-10 01:02:05,458][    INFO] ***** Evaluation ***** >>>> Class [0 Right Ventricle] Dice: 87.71
[2024-05-10 01:02:05,458][    INFO] ***** Evaluation ***** >>>> Class [1 Myocardium] Dice: 87.49
[2024-05-10 01:02:05,458][    INFO] ***** Evaluation ***** >>>> Class [2 Left Ventricle] Dice: 94.95
[2024-05-10 01:02:05,458][    INFO] ***** Evaluation ***** >>>> MeanDice: 90.05

[2024-05-10 01:02:05,529][    INFO] ===========> Epoch: 143, LR: 0.00328, Previous best: 90.13
[2024-05-10 01:02:06,383][    INFO] Iters: 0, Total loss: 0.024, Loss x: 0.032, Loss s: 0.028, Loss w_fp: 0.006, Mask ratio: 0.994
[2024-05-10 01:02:17,903][    INFO] ***** Evaluation ***** >>>> Class [0 Right Ventricle] Dice: 86.85
[2024-05-10 01:02:17,903][    INFO] ***** Evaluation ***** >>>> Class [1 Myocardium] Dice: 85.26
[2024-05-10 01:02:17,903][    INFO] ***** Evaluation ***** >>>> Class [2 Left Ventricle] Dice: 94.61
[2024-05-10 01:02:17,903][    INFO] ***** Evaluation ***** >>>> MeanDice: 88.91

[2024-05-10 01:02:17,975][    INFO] ===========> Epoch: 144, LR: 0.00323, Previous best: 90.13
[2024-05-10 01:02:18,825][    INFO] Iters: 0, Total loss: 0.033, Loss x: 0.039, Loss s: 0.046, Loss w_fp: 0.007, Mask ratio: 0.992
[2024-05-10 01:02:31,136][    INFO] ***** Evaluation ***** >>>> Class [0 Right Ventricle] Dice: 86.91
[2024-05-10 01:02:31,136][    INFO] ***** Evaluation ***** >>>> Class [1 Myocardium] Dice: 86.48
[2024-05-10 01:02:31,137][    INFO] ***** Evaluation ***** >>>> Class [2 Left Ventricle] Dice: 94.61
[2024-05-10 01:02:31,137][    INFO] ***** Evaluation ***** >>>> MeanDice: 89.33

[2024-05-10 01:02:31,207][    INFO] ===========> Epoch: 145, LR: 0.00317, Previous best: 90.13
[2024-05-10 01:02:32,457][    INFO] Iters: 0, Total loss: 0.020, Loss x: 0.030, Loss s: 0.017, Loss w_fp: 0.003, Mask ratio: 0.991
[2024-05-10 01:02:47,376][    INFO] ***** Evaluation ***** >>>> Class [0 Right Ventricle] Dice: 87.31
[2024-05-10 01:02:47,376][    INFO] ***** Evaluation ***** >>>> Class [1 Myocardium] Dice: 86.68
[2024-05-10 01:02:47,376][    INFO] ***** Evaluation ***** >>>> Class [2 Left Ventricle] Dice: 94.67
[2024-05-10 01:02:47,376][    INFO] ***** Evaluation ***** >>>> MeanDice: 89.56

[2024-05-10 01:02:47,447][    INFO] ===========> Epoch: 146, LR: 0.00312, Previous best: 90.13
[2024-05-10 01:02:49,543][    INFO] Iters: 0, Total loss: 0.022, Loss x: 0.022, Loss s: 0.038, Loss w_fp: 0.007, Mask ratio: 0.988
[2024-05-10 01:03:03,396][    INFO] ***** Evaluation ***** >>>> Class [0 Right Ventricle] Dice: 84.51
[2024-05-10 01:03:03,397][    INFO] ***** Evaluation ***** >>>> Class [1 Myocardium] Dice: 84.80
[2024-05-10 01:03:03,397][    INFO] ***** Evaluation ***** >>>> Class [2 Left Ventricle] Dice: 94.16
[2024-05-10 01:03:03,397][    INFO] ***** Evaluation ***** >>>> MeanDice: 87.82

[2024-05-10 01:03:03,469][    INFO] ===========> Epoch: 147, LR: 0.00307, Previous best: 90.13
[2024-05-10 01:03:04,314][    INFO] Iters: 0, Total loss: 0.030, Loss x: 0.031, Loss s: 0.054, Loss w_fp: 0.003, Mask ratio: 0.994
[2024-05-10 01:03:20,061][    INFO] ***** Evaluation ***** >>>> Class [0 Right Ventricle] Dice: 88.04
[2024-05-10 01:03:20,061][    INFO] ***** Evaluation ***** >>>> Class [1 Myocardium] Dice: 87.17
[2024-05-10 01:03:20,061][    INFO] ***** Evaluation ***** >>>> Class [2 Left Ventricle] Dice: 94.75
[2024-05-10 01:03:20,062][    INFO] ***** Evaluation ***** >>>> MeanDice: 89.99

[2024-05-10 01:03:20,133][    INFO] ===========> Epoch: 148, LR: 0.00302, Previous best: 90.13
[2024-05-10 01:03:20,974][    INFO] Iters: 0, Total loss: 0.026, Loss x: 0.025, Loss s: 0.039, Loss w_fp: 0.013, Mask ratio: 0.990
[2024-05-10 01:04:45,545][    INFO] ***** Evaluation ***** >>>> Class [0 Right Ventricle] Dice: 87.67
[2024-05-10 01:04:45,853][    INFO] ***** Evaluation ***** >>>> Class [1 Myocardium] Dice: 86.44
[2024-05-10 01:04:45,853][    INFO] ***** Evaluation ***** >>>> Class [2 Left Ventricle] Dice: 94.29
[2024-05-10 01:04:45,853][    INFO] ***** Evaluation ***** >>>> MeanDice: 89.47

[2024-05-10 01:04:46,920][    INFO] ===========> Epoch: 149, LR: 0.00297, Previous best: 90.13
[2024-05-10 01:04:54,630][    INFO] Iters: 0, Total loss: 0.046, Loss x: 0.049, Loss s: 0.075, Loss w_fp: 0.011, Mask ratio: 0.987
[2024-05-10 01:07:58,956][    INFO] ***** Evaluation ***** >>>> Class [0 Right Ventricle] Dice: 87.24
[2024-05-10 01:07:58,989][    INFO] ***** Evaluation ***** >>>> Class [1 Myocardium] Dice: 86.35
[2024-05-10 01:07:58,989][    INFO] ***** Evaluation ***** >>>> Class [2 Left Ventricle] Dice: 94.88
[2024-05-10 01:07:58,989][    INFO] ***** Evaluation ***** >>>> MeanDice: 89.49

[2024-05-10 01:07:59,548][    INFO] ===========> Epoch: 150, LR: 0.00292, Previous best: 90.13
[2024-05-10 01:08:06,442][    INFO] Iters: 0, Total loss: 0.044, Loss x: 0.037, Loss s: 0.080, Loss w_fp: 0.022, Mask ratio: 0.995
[2024-05-10 01:11:08,070][    INFO] ***** Evaluation ***** >>>> Class [0 Right Ventricle] Dice: 87.68
[2024-05-10 01:11:08,122][    INFO] ***** Evaluation ***** >>>> Class [1 Myocardium] Dice: 86.73
[2024-05-10 01:11:08,122][    INFO] ***** Evaluation ***** >>>> Class [2 Left Ventricle] Dice: 94.99
[2024-05-10 01:11:08,122][    INFO] ***** Evaluation ***** >>>> MeanDice: 89.80

[2024-05-10 01:11:08,945][    INFO] ===========> Epoch: 151, LR: 0.00287, Previous best: 90.13
[2024-05-10 01:11:13,775][    INFO] Iters: 0, Total loss: 0.029, Loss x: 0.036, Loss s: 0.036, Loss w_fp: 0.006, Mask ratio: 0.990
[2024-05-10 01:14:22,364][    INFO] ***** Evaluation ***** >>>> Class [0 Right Ventricle] Dice: 86.04
[2024-05-10 01:14:22,463][    INFO] ***** Evaluation ***** >>>> Class [1 Myocardium] Dice: 87.26
[2024-05-10 01:14:22,463][    INFO] ***** Evaluation ***** >>>> Class [2 Left Ventricle] Dice: 94.83
[2024-05-10 01:14:22,463][    INFO] ***** Evaluation ***** >>>> MeanDice: 89.38

[2024-05-10 01:14:23,546][    INFO] ===========> Epoch: 152, LR: 0.00281, Previous best: 90.13
[2024-05-10 01:14:30,095][    INFO] Iters: 0, Total loss: 0.023, Loss x: 0.027, Loss s: 0.028, Loss w_fp: 0.008, Mask ratio: 0.990
[2024-05-10 01:17:17,343][    INFO] ***** Evaluation ***** >>>> Class [0 Right Ventricle] Dice: 86.68
[2024-05-10 01:17:17,375][    INFO] ***** Evaluation ***** >>>> Class [1 Myocardium] Dice: 86.72
[2024-05-10 01:17:17,375][    INFO] ***** Evaluation ***** >>>> Class [2 Left Ventricle] Dice: 95.02
[2024-05-10 01:17:17,375][    INFO] ***** Evaluation ***** >>>> MeanDice: 89.47

[2024-05-10 01:17:18,065][    INFO] ===========> Epoch: 153, LR: 0.00276, Previous best: 90.13
[2024-05-10 01:17:25,869][    INFO] Iters: 0, Total loss: 0.034, Loss x: 0.042, Loss s: 0.051, Loss w_fp: 0.002, Mask ratio: 0.992
[2024-05-10 01:20:25,947][    INFO] ***** Evaluation ***** >>>> Class [0 Right Ventricle] Dice: 87.52
[2024-05-10 01:20:25,961][    INFO] ***** Evaluation ***** >>>> Class [1 Myocardium] Dice: 87.23
[2024-05-10 01:20:25,961][    INFO] ***** Evaluation ***** >>>> Class [2 Left Ventricle] Dice: 94.89
[2024-05-10 01:20:25,961][    INFO] ***** Evaluation ***** >>>> MeanDice: 89.88

[2024-05-10 01:20:26,620][    INFO] ===========> Epoch: 154, LR: 0.00271, Previous best: 90.13
[2024-05-10 01:20:31,861][    INFO] Iters: 0, Total loss: 0.025, Loss x: 0.027, Loss s: 0.042, Loss w_fp: 0.004, Mask ratio: 0.990
slurmstepd-atlas: error: *** JOB 4893 ON atlas CANCELLED AT 2024-05-10T01:21:31 DUE TO TIME LIMIT ***
