/var/lib/slurm/slurmd/job04876/slurm_script: line 15: module: command not found
[2024-05-09 17:34:23,879][    INFO] {'batch_size': 12,
 'conf_thresh': 0.95,
 'config': 'configs/ukbb/train/exp2/seed42/config.yaml',
 'crop_size': 256,
 'ctrl': 'age sex',
 'data_desc': 'UKBB Train Data - 805 Patients, 80 Labeled, Rest Unlabeled '
              'Patients',
 'data_root': '/vol/aimspace/projects/ukbb/data/cardiac/cardiac_segmentations/subjects',
 'dataset': 'ukbb',
 'epochs': 50,
 'local_rank': 0,
 'lr': 0.01,
 'mode': 'train',
 'model_desc': 'Unimatch Unet 80 Training on UKBB',
 'nclass': 4,
 'ngpus': 1,
 'num_workers': 1,
 'seed': 42,
 'split': 80,
 'visualize': False}

[2024-05-09 17:34:23,957][    INFO] Total params: 1.8M

[2024-05-09 17:34:26,747][    INFO] ===========> Epoch: 0, LR: 0.01000, Previous best: 0.00
[2024-05-09 17:34:32,302][    INFO] Iters: 0, Total loss: 0.667, Loss x: 1.334, Loss s: 0.000, Loss w_fp: 0.000, Mask ratio: 0.000
[2024-05-09 17:35:50,595][    INFO] ***** Evaluation ***** >>>> Class [0 Right Ventricle] Dice: 0.00
[2024-05-09 17:35:50,595][    INFO] ***** Evaluation ***** >>>> Class [1 Myocardium] Dice: 42.48
[2024-05-09 17:35:50,596][    INFO] ***** Evaluation ***** >>>> Class [2 Left Ventricle] Dice: 43.19
[2024-05-09 17:35:50,596][    INFO] ***** Evaluation ***** >>>> MeanDice: 28.56

[2024-05-09 17:35:50,726][    INFO] ===========> Epoch: 1, LR: 0.00998, Previous best: 28.56
[2024-05-09 17:35:51,601][    INFO] Iters: 0, Total loss: 0.523, Loss x: 0.294, Loss s: 0.753, Loss w_fp: 0.754, Mask ratio: 0.897
[2024-05-09 17:36:44,011][    INFO] ***** Evaluation ***** >>>> Class [0 Right Ventricle] Dice: 43.30
[2024-05-09 17:36:44,012][    INFO] ***** Evaluation ***** >>>> Class [1 Myocardium] Dice: 63.91
[2024-05-09 17:36:44,012][    INFO] ***** Evaluation ***** >>>> Class [2 Left Ventricle] Dice: 60.28
[2024-05-09 17:36:44,012][    INFO] ***** Evaluation ***** >>>> MeanDice: 55.83

[2024-05-09 17:36:44,106][    INFO] ===========> Epoch: 2, LR: 0.00980, Previous best: 55.83
[2024-05-09 17:36:44,959][    INFO] Iters: 0, Total loss: 0.257, Loss x: 0.184, Loss s: 0.387, Loss w_fp: 0.271, Mask ratio: 0.938
[2024-05-09 17:37:34,459][    INFO] ***** Evaluation ***** >>>> Class [0 Right Ventricle] Dice: 75.07
[2024-05-09 17:37:34,459][    INFO] ***** Evaluation ***** >>>> Class [1 Myocardium] Dice: 70.26
[2024-05-09 17:37:34,459][    INFO] ***** Evaluation ***** >>>> Class [2 Left Ventricle] Dice: 83.07
[2024-05-09 17:37:34,459][    INFO] ***** Evaluation ***** >>>> MeanDice: 76.13

[2024-05-09 17:37:34,557][    INFO] ===========> Epoch: 3, LR: 0.00962, Previous best: 76.13
[2024-05-09 17:37:35,409][    INFO] Iters: 0, Total loss: 0.131, Loss x: 0.100, Loss s: 0.302, Loss w_fp: 0.023, Mask ratio: 0.980
[2024-05-09 17:38:30,069][    INFO] ***** Evaluation ***** >>>> Class [0 Right Ventricle] Dice: 78.55
[2024-05-09 17:38:30,070][    INFO] ***** Evaluation ***** >>>> Class [1 Myocardium] Dice: 78.56
[2024-05-09 17:38:30,070][    INFO] ***** Evaluation ***** >>>> Class [2 Left Ventricle] Dice: 89.18
[2024-05-09 17:38:30,070][    INFO] ***** Evaluation ***** >>>> MeanDice: 82.10

[2024-05-09 17:38:30,187][    INFO] ===========> Epoch: 4, LR: 0.00944, Previous best: 82.10
[2024-05-09 17:38:31,045][    INFO] Iters: 0, Total loss: 0.080, Loss x: 0.092, Loss s: 0.124, Loss w_fp: 0.010, Mask ratio: 0.980
[2024-05-09 17:39:19,166][    INFO] ***** Evaluation ***** >>>> Class [0 Right Ventricle] Dice: 80.78
[2024-05-09 17:39:19,166][    INFO] ***** Evaluation ***** >>>> Class [1 Myocardium] Dice: 77.86
[2024-05-09 17:39:19,166][    INFO] ***** Evaluation ***** >>>> Class [2 Left Ventricle] Dice: 89.15
[2024-05-09 17:39:19,166][    INFO] ***** Evaluation ***** >>>> MeanDice: 82.60

[2024-05-09 17:39:19,281][    INFO] ===========> Epoch: 5, LR: 0.00926, Previous best: 82.60
[2024-05-09 17:39:20,131][    INFO] Iters: 0, Total loss: 0.057, Loss x: 0.061, Loss s: 0.089, Loss w_fp: 0.016, Mask ratio: 0.985
[2024-05-09 17:40:12,252][    INFO] ***** Evaluation ***** >>>> Class [0 Right Ventricle] Dice: 82.05
[2024-05-09 17:40:12,252][    INFO] ***** Evaluation ***** >>>> Class [1 Myocardium] Dice: 81.36
[2024-05-09 17:40:12,252][    INFO] ***** Evaluation ***** >>>> Class [2 Left Ventricle] Dice: 90.95
[2024-05-09 17:40:12,252][    INFO] ***** Evaluation ***** >>>> MeanDice: 84.78

[2024-05-09 17:40:12,395][    INFO] ===========> Epoch: 6, LR: 0.00908, Previous best: 84.78
[2024-05-09 17:40:13,253][    INFO] Iters: 0, Total loss: 0.060, Loss x: 0.057, Loss s: 0.107, Loss w_fp: 0.017, Mask ratio: 0.986
[2024-05-09 17:41:03,621][    INFO] ***** Evaluation ***** >>>> Class [0 Right Ventricle] Dice: 84.03
[2024-05-09 17:41:03,621][    INFO] ***** Evaluation ***** >>>> Class [1 Myocardium] Dice: 83.92
[2024-05-09 17:41:03,621][    INFO] ***** Evaluation ***** >>>> Class [2 Left Ventricle] Dice: 92.03
[2024-05-09 17:41:03,621][    INFO] ***** Evaluation ***** >>>> MeanDice: 86.66

[2024-05-09 17:41:03,740][    INFO] ===========> Epoch: 7, LR: 0.00889, Previous best: 86.66
[2024-05-09 17:41:04,603][    INFO] Iters: 0, Total loss: 0.038, Loss x: 0.038, Loss s: 0.066, Loss w_fp: 0.008, Mask ratio: 0.985
[2024-05-09 17:41:52,966][    INFO] ***** Evaluation ***** >>>> Class [0 Right Ventricle] Dice: 85.55
[2024-05-09 17:41:52,966][    INFO] ***** Evaluation ***** >>>> Class [1 Myocardium] Dice: 85.34
[2024-05-09 17:41:52,966][    INFO] ***** Evaluation ***** >>>> Class [2 Left Ventricle] Dice: 92.58
[2024-05-09 17:41:52,966][    INFO] ***** Evaluation ***** >>>> MeanDice: 87.83

[2024-05-09 17:41:53,089][    INFO] ===========> Epoch: 8, LR: 0.00871, Previous best: 87.83
[2024-05-09 17:41:53,904][    INFO] Iters: 0, Total loss: 0.048, Loss x: 0.048, Loss s: 0.078, Loss w_fp: 0.020, Mask ratio: 0.990
[2024-05-09 17:42:42,378][    INFO] ***** Evaluation ***** >>>> Class [0 Right Ventricle] Dice: 82.52
[2024-05-09 17:42:42,378][    INFO] ***** Evaluation ***** >>>> Class [1 Myocardium] Dice: 79.59
[2024-05-09 17:42:42,378][    INFO] ***** Evaluation ***** >>>> Class [2 Left Ventricle] Dice: 91.58
[2024-05-09 17:42:42,378][    INFO] ***** Evaluation ***** >>>> MeanDice: 84.56

[2024-05-09 17:42:42,445][    INFO] ===========> Epoch: 9, LR: 0.00853, Previous best: 87.83
[2024-05-09 17:42:43,279][    INFO] Iters: 0, Total loss: 0.035, Loss x: 0.045, Loss s: 0.040, Loss w_fp: 0.010, Mask ratio: 0.988
[2024-05-09 17:43:31,124][    INFO] ***** Evaluation ***** >>>> Class [0 Right Ventricle] Dice: 85.64
[2024-05-09 17:43:31,124][    INFO] ***** Evaluation ***** >>>> Class [1 Myocardium] Dice: 84.70
[2024-05-09 17:43:31,125][    INFO] ***** Evaluation ***** >>>> Class [2 Left Ventricle] Dice: 93.18
[2024-05-09 17:43:31,125][    INFO] ***** Evaluation ***** >>>> MeanDice: 87.84

[2024-05-09 17:43:31,266][    INFO] ===========> Epoch: 10, LR: 0.00834, Previous best: 87.84
[2024-05-09 17:43:32,135][    INFO] Iters: 0, Total loss: 0.025, Loss x: 0.035, Loss s: 0.025, Loss w_fp: 0.004, Mask ratio: 0.991
[2024-05-09 17:44:19,737][    INFO] ***** Evaluation ***** >>>> Class [0 Right Ventricle] Dice: 86.58
[2024-05-09 17:44:19,737][    INFO] ***** Evaluation ***** >>>> Class [1 Myocardium] Dice: 85.69
[2024-05-09 17:44:19,737][    INFO] ***** Evaluation ***** >>>> Class [2 Left Ventricle] Dice: 93.45
[2024-05-09 17:44:19,737][    INFO] ***** Evaluation ***** >>>> MeanDice: 88.57

[2024-05-09 17:44:19,857][    INFO] ===========> Epoch: 11, LR: 0.00816, Previous best: 88.57
[2024-05-09 17:44:20,700][    INFO] Iters: 0, Total loss: 0.028, Loss x: 0.041, Loss s: 0.021, Loss w_fp: 0.008, Mask ratio: 0.990
[2024-05-09 17:45:12,018][    INFO] ***** Evaluation ***** >>>> Class [0 Right Ventricle] Dice: 86.77
[2024-05-09 17:45:12,019][    INFO] ***** Evaluation ***** >>>> Class [1 Myocardium] Dice: 86.62
[2024-05-09 17:45:12,019][    INFO] ***** Evaluation ***** >>>> Class [2 Left Ventricle] Dice: 94.20
[2024-05-09 17:45:12,019][    INFO] ***** Evaluation ***** >>>> MeanDice: 89.19

[2024-05-09 17:45:12,135][    INFO] ===========> Epoch: 12, LR: 0.00798, Previous best: 89.19
[2024-05-09 17:45:12,985][    INFO] Iters: 0, Total loss: 0.032, Loss x: 0.038, Loss s: 0.048, Loss w_fp: 0.006, Mask ratio: 0.986
[2024-05-09 17:46:00,243][    INFO] ***** Evaluation ***** >>>> Class [0 Right Ventricle] Dice: 87.21
[2024-05-09 17:46:00,243][    INFO] ***** Evaluation ***** >>>> Class [1 Myocardium] Dice: 85.90
[2024-05-09 17:46:00,243][    INFO] ***** Evaluation ***** >>>> Class [2 Left Ventricle] Dice: 92.40
[2024-05-09 17:46:00,243][    INFO] ***** Evaluation ***** >>>> MeanDice: 88.50

[2024-05-09 17:46:00,318][    INFO] ===========> Epoch: 13, LR: 0.00779, Previous best: 89.19
[2024-05-09 17:46:01,174][    INFO] Iters: 0, Total loss: 0.031, Loss x: 0.047, Loss s: 0.030, Loss w_fp: 0.003, Mask ratio: 0.990
[2024-05-09 17:46:55,895][    INFO] ***** Evaluation ***** >>>> Class [0 Right Ventricle] Dice: 86.44
[2024-05-09 17:46:55,895][    INFO] ***** Evaluation ***** >>>> Class [1 Myocardium] Dice: 85.70
[2024-05-09 17:46:55,895][    INFO] ***** Evaluation ***** >>>> Class [2 Left Ventricle] Dice: 93.90
[2024-05-09 17:46:55,895][    INFO] ***** Evaluation ***** >>>> MeanDice: 88.68

[2024-05-09 17:46:55,968][    INFO] ===========> Epoch: 14, LR: 0.00761, Previous best: 89.19
[2024-05-09 17:46:56,825][    INFO] Iters: 0, Total loss: 0.037, Loss x: 0.040, Loss s: 0.055, Loss w_fp: 0.012, Mask ratio: 0.987
[2024-05-09 17:47:44,947][    INFO] ***** Evaluation ***** >>>> Class [0 Right Ventricle] Dice: 85.55
[2024-05-09 17:47:44,948][    INFO] ***** Evaluation ***** >>>> Class [1 Myocardium] Dice: 85.61
[2024-05-09 17:47:44,948][    INFO] ***** Evaluation ***** >>>> Class [2 Left Ventricle] Dice: 93.52
[2024-05-09 17:47:44,948][    INFO] ***** Evaluation ***** >>>> MeanDice: 88.23

[2024-05-09 17:47:45,022][    INFO] ===========> Epoch: 15, LR: 0.00742, Previous best: 89.19
[2024-05-09 17:47:45,845][    INFO] Iters: 0, Total loss: 0.034, Loss x: 0.045, Loss s: 0.038, Loss w_fp: 0.006, Mask ratio: 0.991
[2024-05-09 17:48:38,341][    INFO] ***** Evaluation ***** >>>> Class [0 Right Ventricle] Dice: 87.63
[2024-05-09 17:48:38,341][    INFO] ***** Evaluation ***** >>>> Class [1 Myocardium] Dice: 88.21
[2024-05-09 17:48:38,342][    INFO] ***** Evaluation ***** >>>> Class [2 Left Ventricle] Dice: 93.63
[2024-05-09 17:48:38,342][    INFO] ***** Evaluation ***** >>>> MeanDice: 89.82

[2024-05-09 17:48:38,464][    INFO] ===========> Epoch: 16, LR: 0.00723, Previous best: 89.82
[2024-05-09 17:48:39,320][    INFO] Iters: 0, Total loss: 0.029, Loss x: 0.043, Loss s: 0.025, Loss w_fp: 0.006, Mask ratio: 0.988
[2024-05-09 17:49:27,990][    INFO] ***** Evaluation ***** >>>> Class [0 Right Ventricle] Dice: 88.45
[2024-05-09 17:49:27,991][    INFO] ***** Evaluation ***** >>>> Class [1 Myocardium] Dice: 87.61
[2024-05-09 17:49:27,991][    INFO] ***** Evaluation ***** >>>> Class [2 Left Ventricle] Dice: 94.07
[2024-05-09 17:49:27,991][    INFO] ***** Evaluation ***** >>>> MeanDice: 90.04

[2024-05-09 17:49:28,078][    INFO] ===========> Epoch: 17, LR: 0.00705, Previous best: 90.04
[2024-05-09 17:49:28,912][    INFO] Iters: 0, Total loss: 0.020, Loss x: 0.027, Loss s: 0.020, Loss w_fp: 0.005, Mask ratio: 0.991
[2024-05-09 17:50:17,632][    INFO] ***** Evaluation ***** >>>> Class [0 Right Ventricle] Dice: 87.52
[2024-05-09 17:50:17,633][    INFO] ***** Evaluation ***** >>>> Class [1 Myocardium] Dice: 87.14
[2024-05-09 17:50:17,633][    INFO] ***** Evaluation ***** >>>> Class [2 Left Ventricle] Dice: 94.89
[2024-05-09 17:50:17,633][    INFO] ***** Evaluation ***** >>>> MeanDice: 89.85

[2024-05-09 17:50:17,704][    INFO] ===========> Epoch: 18, LR: 0.00686, Previous best: 90.04
[2024-05-09 17:50:18,555][    INFO] Iters: 0, Total loss: 0.025, Loss x: 0.028, Loss s: 0.035, Loss w_fp: 0.007, Mask ratio: 0.987
[2024-05-09 17:51:07,681][    INFO] ***** Evaluation ***** >>>> Class [0 Right Ventricle] Dice: 85.94
[2024-05-09 17:51:07,681][    INFO] ***** Evaluation ***** >>>> Class [1 Myocardium] Dice: 86.39
[2024-05-09 17:51:07,681][    INFO] ***** Evaluation ***** >>>> Class [2 Left Ventricle] Dice: 94.77
[2024-05-09 17:51:07,681][    INFO] ***** Evaluation ***** >>>> MeanDice: 89.04

[2024-05-09 17:51:07,759][    INFO] ===========> Epoch: 19, LR: 0.00667, Previous best: 90.04
[2024-05-09 17:51:08,646][    INFO] Iters: 0, Total loss: 0.025, Loss x: 0.031, Loss s: 0.034, Loss w_fp: 0.006, Mask ratio: 0.991
[2024-05-09 17:51:56,886][    INFO] ***** Evaluation ***** >>>> Class [0 Right Ventricle] Dice: 88.26
[2024-05-09 17:51:56,887][    INFO] ***** Evaluation ***** >>>> Class [1 Myocardium] Dice: 86.97
[2024-05-09 17:51:56,887][    INFO] ***** Evaluation ***** >>>> Class [2 Left Ventricle] Dice: 94.81
[2024-05-09 17:51:56,887][    INFO] ***** Evaluation ***** >>>> MeanDice: 90.01

[2024-05-09 17:51:56,959][    INFO] ===========> Epoch: 20, LR: 0.00648, Previous best: 90.04
[2024-05-09 17:51:57,834][    INFO] Iters: 0, Total loss: 0.035, Loss x: 0.046, Loss s: 0.043, Loss w_fp: 0.004, Mask ratio: 0.985
[2024-05-09 17:52:46,347][    INFO] ***** Evaluation ***** >>>> Class [0 Right Ventricle] Dice: 87.63
[2024-05-09 17:52:46,348][    INFO] ***** Evaluation ***** >>>> Class [1 Myocardium] Dice: 87.81
[2024-05-09 17:52:46,348][    INFO] ***** Evaluation ***** >>>> Class [2 Left Ventricle] Dice: 94.30
[2024-05-09 17:52:46,348][    INFO] ***** Evaluation ***** >>>> MeanDice: 89.91

[2024-05-09 17:52:46,420][    INFO] ===========> Epoch: 21, LR: 0.00629, Previous best: 90.04
[2024-05-09 17:52:47,262][    INFO] Iters: 0, Total loss: 0.036, Loss x: 0.035, Loss s: 0.069, Loss w_fp: 0.004, Mask ratio: 0.991
[2024-05-09 17:53:38,469][    INFO] ***** Evaluation ***** >>>> Class [0 Right Ventricle] Dice: 88.93
[2024-05-09 17:53:38,469][    INFO] ***** Evaluation ***** >>>> Class [1 Myocardium] Dice: 88.36
[2024-05-09 17:53:38,469][    INFO] ***** Evaluation ***** >>>> Class [2 Left Ventricle] Dice: 93.26
[2024-05-09 17:53:38,470][    INFO] ***** Evaluation ***** >>>> MeanDice: 90.19

[2024-05-09 17:53:38,582][    INFO] ===========> Epoch: 22, LR: 0.00610, Previous best: 90.19
[2024-05-09 17:53:39,453][    INFO] Iters: 0, Total loss: 0.037, Loss x: 0.051, Loss s: 0.041, Loss w_fp: 0.006, Mask ratio: 0.991
[2024-05-09 17:54:28,000][    INFO] ***** Evaluation ***** >>>> Class [0 Right Ventricle] Dice: 87.77
[2024-05-09 17:54:28,000][    INFO] ***** Evaluation ***** >>>> Class [1 Myocardium] Dice: 88.52
[2024-05-09 17:54:28,000][    INFO] ***** Evaluation ***** >>>> Class [2 Left Ventricle] Dice: 94.45
[2024-05-09 17:54:28,000][    INFO] ***** Evaluation ***** >>>> MeanDice: 90.25

[2024-05-09 17:54:28,095][    INFO] ===========> Epoch: 23, LR: 0.00591, Previous best: 90.25
[2024-05-09 17:54:29,012][    INFO] Iters: 0, Total loss: 0.042, Loss x: 0.035, Loss s: 0.092, Loss w_fp: 0.005, Mask ratio: 0.991
[2024-05-09 17:55:18,627][    INFO] ***** Evaluation ***** >>>> Class [0 Right Ventricle] Dice: 89.23
[2024-05-09 17:55:18,627][    INFO] ***** Evaluation ***** >>>> Class [1 Myocardium] Dice: 88.71
[2024-05-09 17:55:18,627][    INFO] ***** Evaluation ***** >>>> Class [2 Left Ventricle] Dice: 94.78
[2024-05-09 17:55:18,627][    INFO] ***** Evaluation ***** >>>> MeanDice: 90.91

[2024-05-09 17:55:18,748][    INFO] ===========> Epoch: 24, LR: 0.00572, Previous best: 90.91
[2024-05-09 17:55:19,676][    INFO] Iters: 0, Total loss: 0.024, Loss x: 0.028, Loss s: 0.035, Loss w_fp: 0.005, Mask ratio: 0.990
[2024-05-09 17:56:10,465][    INFO] ***** Evaluation ***** >>>> Class [0 Right Ventricle] Dice: 87.63
[2024-05-09 17:56:10,465][    INFO] ***** Evaluation ***** >>>> Class [1 Myocardium] Dice: 87.98
[2024-05-09 17:56:10,465][    INFO] ***** Evaluation ***** >>>> Class [2 Left Ventricle] Dice: 94.50
[2024-05-09 17:56:10,465][    INFO] ***** Evaluation ***** >>>> MeanDice: 90.04

[2024-05-09 17:56:10,511][    INFO] ===========> Epoch: 25, LR: 0.00553, Previous best: 90.91
[2024-05-09 17:56:11,401][    INFO] Iters: 0, Total loss: 0.038, Loss x: 0.037, Loss s: 0.077, Loss w_fp: 0.002, Mask ratio: 0.988
[2024-05-09 17:57:01,361][    INFO] ***** Evaluation ***** >>>> Class [0 Right Ventricle] Dice: 89.05
[2024-05-09 17:57:01,361][    INFO] ***** Evaluation ***** >>>> Class [1 Myocardium] Dice: 87.56
[2024-05-09 17:57:01,361][    INFO] ***** Evaluation ***** >>>> Class [2 Left Ventricle] Dice: 95.29
[2024-05-09 17:57:01,361][    INFO] ***** Evaluation ***** >>>> MeanDice: 90.63

[2024-05-09 17:57:01,433][    INFO] ===========> Epoch: 26, LR: 0.00534, Previous best: 90.91
[2024-05-09 17:57:02,281][    INFO] Iters: 0, Total loss: 0.037, Loss x: 0.058, Loss s: 0.026, Loss w_fp: 0.008, Mask ratio: 0.992
[2024-05-09 17:57:52,821][    INFO] ***** Evaluation ***** >>>> Class [0 Right Ventricle] Dice: 88.13
[2024-05-09 17:57:52,821][    INFO] ***** Evaluation ***** >>>> Class [1 Myocardium] Dice: 88.30
[2024-05-09 17:57:52,821][    INFO] ***** Evaluation ***** >>>> Class [2 Left Ventricle] Dice: 95.18
[2024-05-09 17:57:52,821][    INFO] ***** Evaluation ***** >>>> MeanDice: 90.54

[2024-05-09 17:57:52,896][    INFO] ===========> Epoch: 27, LR: 0.00514, Previous best: 90.91
[2024-05-09 17:57:53,744][    INFO] Iters: 0, Total loss: 0.038, Loss x: 0.036, Loss s: 0.072, Loss w_fp: 0.010, Mask ratio: 0.992
[2024-05-09 17:58:43,110][    INFO] ***** Evaluation ***** >>>> Class [0 Right Ventricle] Dice: 89.94
[2024-05-09 17:58:43,110][    INFO] ***** Evaluation ***** >>>> Class [1 Myocardium] Dice: 89.20
[2024-05-09 17:58:43,110][    INFO] ***** Evaluation ***** >>>> Class [2 Left Ventricle] Dice: 94.74
[2024-05-09 17:58:43,110][    INFO] ***** Evaluation ***** >>>> MeanDice: 91.29

[2024-05-09 17:58:43,239][    INFO] ===========> Epoch: 28, LR: 0.00495, Previous best: 91.29
[2024-05-09 17:58:44,088][    INFO] Iters: 0, Total loss: 0.018, Loss x: 0.030, Loss s: 0.010, Loss w_fp: 0.002, Mask ratio: 0.992
[2024-05-09 17:59:32,392][    INFO] ***** Evaluation ***** >>>> Class [0 Right Ventricle] Dice: 89.07
[2024-05-09 17:59:32,392][    INFO] ***** Evaluation ***** >>>> Class [1 Myocardium] Dice: 87.48
[2024-05-09 17:59:32,392][    INFO] ***** Evaluation ***** >>>> Class [2 Left Ventricle] Dice: 95.14
[2024-05-09 17:59:32,392][    INFO] ***** Evaluation ***** >>>> MeanDice: 90.56

[2024-05-09 17:59:32,440][    INFO] ===========> Epoch: 29, LR: 0.00476, Previous best: 91.29
[2024-05-09 17:59:33,308][    INFO] Iters: 0, Total loss: 0.024, Loss x: 0.023, Loss s: 0.043, Loss w_fp: 0.006, Mask ratio: 0.990
[2024-05-09 18:00:21,797][    INFO] ***** Evaluation ***** >>>> Class [0 Right Ventricle] Dice: 88.91
[2024-05-09 18:00:21,797][    INFO] ***** Evaluation ***** >>>> Class [1 Myocardium] Dice: 88.74
[2024-05-09 18:00:21,797][    INFO] ***** Evaluation ***** >>>> Class [2 Left Ventricle] Dice: 95.62
[2024-05-09 18:00:21,797][    INFO] ***** Evaluation ***** >>>> MeanDice: 91.09

[2024-05-09 18:00:21,868][    INFO] ===========> Epoch: 30, LR: 0.00456, Previous best: 91.29
[2024-05-09 18:00:22,721][    INFO] Iters: 0, Total loss: 0.024, Loss x: 0.031, Loss s: 0.028, Loss w_fp: 0.005, Mask ratio: 0.992
[2024-05-09 18:01:13,417][    INFO] ***** Evaluation ***** >>>> Class [0 Right Ventricle] Dice: 89.48
[2024-05-09 18:01:13,418][    INFO] ***** Evaluation ***** >>>> Class [1 Myocardium] Dice: 88.44
[2024-05-09 18:01:13,418][    INFO] ***** Evaluation ***** >>>> Class [2 Left Ventricle] Dice: 95.50
[2024-05-09 18:01:13,418][    INFO] ***** Evaluation ***** >>>> MeanDice: 91.14

[2024-05-09 18:01:13,490][    INFO] ===========> Epoch: 31, LR: 0.00436, Previous best: 91.29
[2024-05-09 18:01:14,340][    INFO] Iters: 0, Total loss: 0.024, Loss x: 0.037, Loss s: 0.019, Loss w_fp: 0.004, Mask ratio: 0.990
[2024-05-09 18:02:01,880][    INFO] ***** Evaluation ***** >>>> Class [0 Right Ventricle] Dice: 88.75
[2024-05-09 18:02:01,881][    INFO] ***** Evaluation ***** >>>> Class [1 Myocardium] Dice: 88.33
[2024-05-09 18:02:01,881][    INFO] ***** Evaluation ***** >>>> Class [2 Left Ventricle] Dice: 95.53
[2024-05-09 18:02:01,881][    INFO] ***** Evaluation ***** >>>> MeanDice: 90.87

[2024-05-09 18:02:01,955][    INFO] ===========> Epoch: 32, LR: 0.00416, Previous best: 91.29
[2024-05-09 18:02:02,840][    INFO] Iters: 0, Total loss: 0.030, Loss x: 0.030, Loss s: 0.057, Loss w_fp: 0.002, Mask ratio: 0.990
[2024-05-09 18:02:57,242][    INFO] ***** Evaluation ***** >>>> Class [0 Right Ventricle] Dice: 88.88
[2024-05-09 18:02:57,242][    INFO] ***** Evaluation ***** >>>> Class [1 Myocardium] Dice: 89.10
[2024-05-09 18:02:57,243][    INFO] ***** Evaluation ***** >>>> Class [2 Left Ventricle] Dice: 95.75
[2024-05-09 18:02:57,243][    INFO] ***** Evaluation ***** >>>> MeanDice: 91.24

[2024-05-09 18:02:57,314][    INFO] ===========> Epoch: 33, LR: 0.00397, Previous best: 91.29
[2024-05-09 18:02:58,160][    INFO] Iters: 0, Total loss: 0.030, Loss x: 0.035, Loss s: 0.048, Loss w_fp: 0.003, Mask ratio: 0.989
[2024-05-09 18:03:47,190][    INFO] ***** Evaluation ***** >>>> Class [0 Right Ventricle] Dice: 88.30
[2024-05-09 18:03:47,191][    INFO] ***** Evaluation ***** >>>> Class [1 Myocardium] Dice: 89.06
[2024-05-09 18:03:47,191][    INFO] ***** Evaluation ***** >>>> Class [2 Left Ventricle] Dice: 95.33
[2024-05-09 18:03:47,191][    INFO] ***** Evaluation ***** >>>> MeanDice: 90.89

[2024-05-09 18:03:47,264][    INFO] ===========> Epoch: 34, LR: 0.00377, Previous best: 91.29
[2024-05-09 18:03:48,133][    INFO] Iters: 0, Total loss: 0.044, Loss x: 0.042, Loss s: 0.089, Loss w_fp: 0.005, Mask ratio: 0.991
[2024-05-09 18:04:41,767][    INFO] ***** Evaluation ***** >>>> Class [0 Right Ventricle] Dice: 88.86
[2024-05-09 18:04:41,768][    INFO] ***** Evaluation ***** >>>> Class [1 Myocardium] Dice: 89.62
[2024-05-09 18:04:41,768][    INFO] ***** Evaluation ***** >>>> Class [2 Left Ventricle] Dice: 95.56
[2024-05-09 18:04:41,768][    INFO] ***** Evaluation ***** >>>> MeanDice: 91.35

[2024-05-09 18:04:41,897][    INFO] ===========> Epoch: 35, LR: 0.00356, Previous best: 91.35
[2024-05-09 18:04:42,758][    INFO] Iters: 0, Total loss: 0.026, Loss x: 0.028, Loss s: 0.037, Loss w_fp: 0.013, Mask ratio: 0.990
[2024-05-09 18:05:34,956][    INFO] ***** Evaluation ***** >>>> Class [0 Right Ventricle] Dice: 89.72
[2024-05-09 18:05:34,956][    INFO] ***** Evaluation ***** >>>> Class [1 Myocardium] Dice: 88.45
[2024-05-09 18:05:34,956][    INFO] ***** Evaluation ***** >>>> Class [2 Left Ventricle] Dice: 94.96
[2024-05-09 18:05:34,956][    INFO] ***** Evaluation ***** >>>> MeanDice: 91.04

[2024-05-09 18:05:35,031][    INFO] ===========> Epoch: 36, LR: 0.00336, Previous best: 91.35
[2024-05-09 18:05:35,893][    INFO] Iters: 0, Total loss: 0.025, Loss x: 0.028, Loss s: 0.036, Loss w_fp: 0.006, Mask ratio: 0.993
[2024-05-09 18:06:33,753][    INFO] ***** Evaluation ***** >>>> Class [0 Right Ventricle] Dice: 89.17
[2024-05-09 18:06:33,753][    INFO] ***** Evaluation ***** >>>> Class [1 Myocardium] Dice: 88.72
[2024-05-09 18:06:33,754][    INFO] ***** Evaluation ***** >>>> Class [2 Left Ventricle] Dice: 95.61
[2024-05-09 18:06:33,754][    INFO] ***** Evaluation ***** >>>> MeanDice: 91.16

[2024-05-09 18:06:33,829][    INFO] ===========> Epoch: 37, LR: 0.00316, Previous best: 91.35
[2024-05-09 18:06:34,671][    INFO] Iters: 0, Total loss: 0.030, Loss x: 0.042, Loss s: 0.032, Loss w_fp: 0.003, Mask ratio: 0.989
[2024-05-09 18:07:31,196][    INFO] ***** Evaluation ***** >>>> Class [0 Right Ventricle] Dice: 89.02
[2024-05-09 18:07:31,196][    INFO] ***** Evaluation ***** >>>> Class [1 Myocardium] Dice: 89.04
[2024-05-09 18:07:31,196][    INFO] ***** Evaluation ***** >>>> Class [2 Left Ventricle] Dice: 95.38
[2024-05-09 18:07:31,196][    INFO] ***** Evaluation ***** >>>> MeanDice: 91.15

[2024-05-09 18:07:31,272][    INFO] ===========> Epoch: 38, LR: 0.00295, Previous best: 91.35
[2024-05-09 18:07:32,593][    INFO] Iters: 0, Total loss: 0.030, Loss x: 0.052, Loss s: 0.014, Loss w_fp: 0.003, Mask ratio: 0.989
[2024-05-09 18:08:26,846][    INFO] ***** Evaluation ***** >>>> Class [0 Right Ventricle] Dice: 89.33
[2024-05-09 18:08:26,846][    INFO] ***** Evaluation ***** >>>> Class [1 Myocardium] Dice: 89.17
[2024-05-09 18:08:26,846][    INFO] ***** Evaluation ***** >>>> Class [2 Left Ventricle] Dice: 95.62
[2024-05-09 18:08:26,846][    INFO] ***** Evaluation ***** >>>> MeanDice: 91.37

[2024-05-09 18:08:26,992][    INFO] ===========> Epoch: 39, LR: 0.00275, Previous best: 91.37
[2024-05-09 18:08:27,875][    INFO] Iters: 0, Total loss: 0.031, Loss x: 0.041, Loss s: 0.039, Loss w_fp: 0.002, Mask ratio: 0.993
[2024-05-09 18:09:25,869][    INFO] ***** Evaluation ***** >>>> Class [0 Right Ventricle] Dice: 88.88
[2024-05-09 18:09:25,870][    INFO] ***** Evaluation ***** >>>> Class [1 Myocardium] Dice: 88.95
[2024-05-09 18:09:25,870][    INFO] ***** Evaluation ***** >>>> Class [2 Left Ventricle] Dice: 95.63
[2024-05-09 18:09:25,870][    INFO] ***** Evaluation ***** >>>> MeanDice: 91.16

[2024-05-09 18:09:25,946][    INFO] ===========> Epoch: 40, LR: 0.00254, Previous best: 91.37
[2024-05-09 18:09:26,834][    INFO] Iters: 0, Total loss: 0.031, Loss x: 0.037, Loss s: 0.043, Loss w_fp: 0.007, Mask ratio: 0.993
[2024-05-09 18:10:18,631][    INFO] ***** Evaluation ***** >>>> Class [0 Right Ventricle] Dice: 90.37
[2024-05-09 18:10:18,631][    INFO] ***** Evaluation ***** >>>> Class [1 Myocardium] Dice: 89.78
[2024-05-09 18:10:18,631][    INFO] ***** Evaluation ***** >>>> Class [2 Left Ventricle] Dice: 95.41
[2024-05-09 18:10:18,631][    INFO] ***** Evaluation ***** >>>> MeanDice: 91.85

[2024-05-09 18:10:18,750][    INFO] ===========> Epoch: 41, LR: 0.00233, Previous best: 91.85
[2024-05-09 18:10:19,619][    INFO] Iters: 0, Total loss: 0.029, Loss x: 0.019, Loss s: 0.070, Loss w_fp: 0.008, Mask ratio: 0.992
[2024-05-09 18:11:09,896][    INFO] ***** Evaluation ***** >>>> Class [0 Right Ventricle] Dice: 89.91
[2024-05-09 18:11:09,897][    INFO] ***** Evaluation ***** >>>> Class [1 Myocardium] Dice: 89.34
[2024-05-09 18:11:09,897][    INFO] ***** Evaluation ***** >>>> Class [2 Left Ventricle] Dice: 95.22
[2024-05-09 18:11:09,897][    INFO] ***** Evaluation ***** >>>> MeanDice: 91.49

[2024-05-09 18:11:09,972][    INFO] ===========> Epoch: 42, LR: 0.00211, Previous best: 91.85
[2024-05-09 18:11:10,821][    INFO] Iters: 0, Total loss: 0.022, Loss x: 0.029, Loss s: 0.022, Loss w_fp: 0.008, Mask ratio: 0.991
[2024-05-09 18:11:59,428][    INFO] ***** Evaluation ***** >>>> Class [0 Right Ventricle] Dice: 89.84
[2024-05-09 18:11:59,428][    INFO] ***** Evaluation ***** >>>> Class [1 Myocardium] Dice: 88.75
[2024-05-09 18:11:59,428][    INFO] ***** Evaluation ***** >>>> Class [2 Left Ventricle] Dice: 95.74
[2024-05-09 18:11:59,428][    INFO] ***** Evaluation ***** >>>> MeanDice: 91.44

[2024-05-09 18:11:59,502][    INFO] ===========> Epoch: 43, LR: 0.00190, Previous best: 91.85
[2024-05-09 18:12:00,369][    INFO] Iters: 0, Total loss: 0.029, Loss x: 0.038, Loss s: 0.033, Loss w_fp: 0.005, Mask ratio: 0.989
[2024-05-09 18:12:50,151][    INFO] ***** Evaluation ***** >>>> Class [0 Right Ventricle] Dice: 89.89
[2024-05-09 18:12:50,151][    INFO] ***** Evaluation ***** >>>> Class [1 Myocardium] Dice: 89.66
[2024-05-09 18:12:50,151][    INFO] ***** Evaluation ***** >>>> Class [2 Left Ventricle] Dice: 95.84
[2024-05-09 18:12:50,151][    INFO] ***** Evaluation ***** >>>> MeanDice: 91.80

[2024-05-09 18:12:50,223][    INFO] ===========> Epoch: 44, LR: 0.00168, Previous best: 91.85
[2024-05-09 18:12:51,100][    INFO] Iters: 0, Total loss: 0.029, Loss x: 0.027, Loss s: 0.049, Loss w_fp: 0.013, Mask ratio: 0.992
[2024-05-09 18:13:40,931][    INFO] ***** Evaluation ***** >>>> Class [0 Right Ventricle] Dice: 90.34
[2024-05-09 18:13:40,932][    INFO] ***** Evaluation ***** >>>> Class [1 Myocardium] Dice: 89.39
[2024-05-09 18:13:40,932][    INFO] ***** Evaluation ***** >>>> Class [2 Left Ventricle] Dice: 95.57
[2024-05-09 18:13:40,932][    INFO] ***** Evaluation ***** >>>> MeanDice: 91.77

[2024-05-09 18:13:41,004][    INFO] ===========> Epoch: 45, LR: 0.00146, Previous best: 91.85
[2024-05-09 18:13:41,921][    INFO] Iters: 0, Total loss: 0.032, Loss x: 0.036, Loss s: 0.048, Loss w_fp: 0.007, Mask ratio: 0.991
[2024-05-09 18:14:29,465][    INFO] ***** Evaluation ***** >>>> Class [0 Right Ventricle] Dice: 90.12
[2024-05-09 18:14:29,465][    INFO] ***** Evaluation ***** >>>> Class [1 Myocardium] Dice: 89.73
[2024-05-09 18:14:29,465][    INFO] ***** Evaluation ***** >>>> Class [2 Left Ventricle] Dice: 95.79
[2024-05-09 18:14:29,465][    INFO] ***** Evaluation ***** >>>> MeanDice: 91.88

[2024-05-09 18:14:29,581][    INFO] ===========> Epoch: 46, LR: 0.00123, Previous best: 91.88
[2024-05-09 18:14:30,459][    INFO] Iters: 0, Total loss: 0.025, Loss x: 0.034, Loss s: 0.029, Loss w_fp: 0.002, Mask ratio: 0.991
[2024-05-09 18:15:17,866][    INFO] ***** Evaluation ***** >>>> Class [0 Right Ventricle] Dice: 90.12
[2024-05-09 18:15:17,867][    INFO] ***** Evaluation ***** >>>> Class [1 Myocardium] Dice: 89.41
[2024-05-09 18:15:17,867][    INFO] ***** Evaluation ***** >>>> Class [2 Left Ventricle] Dice: 95.70
[2024-05-09 18:15:17,867][    INFO] ***** Evaluation ***** >>>> MeanDice: 91.74

[2024-05-09 18:15:17,941][    INFO] ===========> Epoch: 47, LR: 0.00100, Previous best: 91.88
[2024-05-09 18:15:18,821][    INFO] Iters: 0, Total loss: 0.029, Loss x: 0.027, Loss s: 0.061, Loss w_fp: 0.002, Mask ratio: 0.990
[2024-05-09 18:16:15,392][    INFO] ***** Evaluation ***** >>>> Class [0 Right Ventricle] Dice: 89.97
[2024-05-09 18:16:15,392][    INFO] ***** Evaluation ***** >>>> Class [1 Myocardium] Dice: 89.66
[2024-05-09 18:16:15,392][    INFO] ***** Evaluation ***** >>>> Class [2 Left Ventricle] Dice: 95.81
[2024-05-09 18:16:15,392][    INFO] ***** Evaluation ***** >>>> MeanDice: 91.81

[2024-05-09 18:16:15,465][    INFO] ===========> Epoch: 48, LR: 0.00077, Previous best: 91.88
[2024-05-09 18:16:16,346][    INFO] Iters: 0, Total loss: 0.029, Loss x: 0.042, Loss s: 0.030, Loss w_fp: 0.003, Mask ratio: 0.992
[2024-05-09 18:17:04,291][    INFO] ***** Evaluation ***** >>>> Class [0 Right Ventricle] Dice: 89.92
[2024-05-09 18:17:04,292][    INFO] ***** Evaluation ***** >>>> Class [1 Myocardium] Dice: 89.84
[2024-05-09 18:17:04,292][    INFO] ***** Evaluation ***** >>>> Class [2 Left Ventricle] Dice: 95.83
[2024-05-09 18:17:04,292][    INFO] ***** Evaluation ***** >>>> MeanDice: 91.86

[2024-05-09 18:17:04,363][    INFO] ===========> Epoch: 49, LR: 0.00052, Previous best: 91.88
[2024-05-09 18:17:05,206][    INFO] Iters: 0, Total loss: 0.028, Loss x: 0.026, Loss s: 0.059, Loss w_fp: 0.003, Mask ratio: 0.994
[2024-05-09 18:18:00,956][    INFO] ***** Evaluation ***** >>>> Class [0 Right Ventricle] Dice: 89.85
[2024-05-09 18:18:00,956][    INFO] ***** Evaluation ***** >>>> Class [1 Myocardium] Dice: 89.72
[2024-05-09 18:18:00,956][    INFO] ***** Evaluation ***** >>>> Class [2 Left Ventricle] Dice: 95.86
[2024-05-09 18:18:00,957][    INFO] ***** Evaluation ***** >>>> MeanDice: 91.81

