[2024-06-29 14:45:46,923][    INFO] {'batch_size': 12,
 'conf_thresh': 0.95,
 'crop_size': 256,
 'ctrl': 'age sex ethnicity',
 'data_desc': 'UKBB Train Data - 182 Patients - 18 Labeled, Rest Unlabeled',
 'data_root': '/vol/aimspace/projects/ukbb/data/cardiac/cardiac_segmentations/subjects',
 'dataset': 'ukbb',
 'epochs': 200,
 'exp': '4',
 'local_rank': 0,
 'lr': 0.01,
 'mode': 'train',
 'model_desc': 'Unimatch Unet 18 Training on UKBB',
 'multi_task': True,
 'nclass': 4,
 'ngpus': 1,
 'num_workers': 1,
 'port': 8318,
 'seed': '42',
 'split': 18,
 'visualize': False}

[2024-06-29 14:45:46,975][    INFO] Total params: 1.9M

[2024-06-29 14:45:47,964][    INFO] ===========> Epoch: 0, LR: 0.01000, Previous best: 0.00
[2024-06-29 14:45:51,024][    INFO] Iters: 0, Total loss: 1.238
[2024-06-29 14:45:51,652][    INFO] Iters: 4, Total loss: 1.102
[2024-06-29 14:45:52,791][    INFO] Iters: 8, Total loss: 0.910
[2024-06-29 14:45:54,725][    INFO] Iters: 12, Total loss: 0.752
[2024-06-29 14:45:56,163][    INFO] Iters: 16, Total loss: 0.644
[2024-06-29 14:45:57,177][    INFO] Iters: 20, Total loss: 0.575
[2024-06-29 14:45:58,191][    INFO] Iters: 24, Total loss: 0.526
[2024-06-29 14:45:59,180][    INFO] Iters: 28, Total loss: 0.491
[2024-06-29 14:46:07,096][    INFO] ***** Evaluation ***** >>>> Class [0 Right Ventricle] Dice: 0.00
[2024-06-29 14:46:07,096][    INFO] ***** Evaluation ***** >>>> Class [1 Myocardium] Dice: 0.00
[2024-06-29 14:46:07,097][    INFO] ***** Evaluation ***** >>>> Class [2 Left Ventricle] Dice: 0.00
[2024-06-29 14:46:07,097][    INFO] ***** Evaluation ***** >>>> MeanDice: 0.00

[2024-06-29 14:46:07,097][    INFO] ***** Evaluation ***** >>>> Classifications Accuracy: 10.703703703703704

[2024-06-29 14:46:07,506][    INFO] ===========> Epoch: 1, LR: 0.00996, Previous best: 0.00
[2024-06-29 14:46:07,992][    INFO] Iters: 0, Total loss: 0.274
[2024-06-29 14:46:08,990][    INFO] Iters: 4, Total loss: 0.269
[2024-06-29 14:46:10,040][    INFO] Iters: 8, Total loss: 0.266
[2024-06-29 14:46:11,100][    INFO] Iters: 12, Total loss: 0.265
[2024-06-29 14:46:12,201][    INFO] Iters: 16, Total loss: 0.265
[2024-06-29 14:46:13,302][    INFO] Iters: 20, Total loss: 0.263
[2024-06-29 14:46:14,773][    INFO] Iters: 24, Total loss: 0.262
[2024-06-29 14:46:16,300][    INFO] Iters: 28, Total loss: 0.261
[2024-06-29 14:46:18,996][    INFO] ***** Evaluation ***** >>>> Class [0 Right Ventricle] Dice: 0.00
[2024-06-29 14:46:18,996][    INFO] ***** Evaluation ***** >>>> Class [1 Myocardium] Dice: 0.00
[2024-06-29 14:46:18,996][    INFO] ***** Evaluation ***** >>>> Class [2 Left Ventricle] Dice: 0.00
[2024-06-29 14:46:18,996][    INFO] ***** Evaluation ***** >>>> MeanDice: 0.00

[2024-06-29 14:46:18,996][    INFO] ***** Evaluation ***** >>>> Classifications Accuracy: 10.703703703703704

[2024-06-29 14:46:19,204][    INFO] ===========> Epoch: 2, LR: 0.00991, Previous best: 0.00
[2024-06-29 14:46:19,732][    INFO] Iters: 0, Total loss: 0.255
[2024-06-29 14:46:20,682][    INFO] Iters: 4, Total loss: 0.252
[2024-06-29 14:46:21,711][    INFO] Iters: 8, Total loss: 0.251
[2024-06-29 14:46:22,736][    INFO] Iters: 12, Total loss: 0.248
[2024-06-29 14:46:23,755][    INFO] Iters: 16, Total loss: 0.247
[2024-06-29 14:46:25,648][    INFO] Iters: 20, Total loss: 0.245
[2024-06-29 14:46:26,604][    INFO] Iters: 24, Total loss: 0.242
[2024-06-29 14:46:27,615][    INFO] Iters: 28, Total loss: 0.241
[2024-06-29 14:46:30,012][    INFO] ***** Evaluation ***** >>>> Class [0 Right Ventricle] Dice: 0.00
[2024-06-29 14:46:30,012][    INFO] ***** Evaluation ***** >>>> Class [1 Myocardium] Dice: 0.00
[2024-06-29 14:46:30,012][    INFO] ***** Evaluation ***** >>>> Class [2 Left Ventricle] Dice: 0.00
[2024-06-29 14:46:30,012][    INFO] ***** Evaluation ***** >>>> MeanDice: 0.00

[2024-06-29 14:46:30,012][    INFO] ***** Evaluation ***** >>>> Classifications Accuracy: 10.703703703703704

[2024-06-29 14:46:30,221][    INFO] ===========> Epoch: 3, LR: 0.00987, Previous best: 0.00
[2024-06-29 14:46:30,714][    INFO] Iters: 0, Total loss: 0.215
[2024-06-29 14:46:31,694][    INFO] Iters: 4, Total loss: 0.215
[2024-06-29 14:46:32,687][    INFO] Iters: 8, Total loss: 0.213
[2024-06-29 14:46:34,191][    INFO] Iters: 12, Total loss: 0.208
[2024-06-29 14:46:35,656][    INFO] Iters: 16, Total loss: 0.205
[2024-06-29 14:46:36,673][    INFO] Iters: 20, Total loss: 0.206
[2024-06-29 14:46:37,699][    INFO] Iters: 24, Total loss: 0.202
[2024-06-29 14:46:38,675][    INFO] Iters: 28, Total loss: 0.200
[2024-06-29 14:46:41,045][    INFO] ***** Evaluation ***** >>>> Class [0 Right Ventricle] Dice: 0.00
[2024-06-29 14:46:41,045][    INFO] ***** Evaluation ***** >>>> Class [1 Myocardium] Dice: 0.00
[2024-06-29 14:46:41,045][    INFO] ***** Evaluation ***** >>>> Class [2 Left Ventricle] Dice: 0.00
[2024-06-29 14:46:41,046][    INFO] ***** Evaluation ***** >>>> MeanDice: 0.00

[2024-06-29 14:46:41,046][    INFO] ***** Evaluation ***** >>>> Classifications Accuracy: 10.703703703703704

[2024-06-29 14:46:41,255][    INFO] ===========> Epoch: 4, LR: 0.00982, Previous best: 0.00
[2024-06-29 14:46:41,804][    INFO] Iters: 0, Total loss: 0.185
[2024-06-29 14:46:42,736][    INFO] Iters: 4, Total loss: 0.180
[2024-06-29 14:46:44,384][    INFO] Iters: 8, Total loss: 0.179
[2024-06-29 14:46:45,857][    INFO] Iters: 12, Total loss: 0.178
[2024-06-29 14:46:46,893][    INFO] Iters: 16, Total loss: 0.173
[2024-06-29 14:46:47,975][    INFO] Iters: 20, Total loss: 0.170
[2024-06-29 14:46:49,011][    INFO] Iters: 24, Total loss: 0.169
[2024-06-29 14:46:50,078][    INFO] Iters: 28, Total loss: 0.167
[2024-06-29 14:46:52,728][    INFO] ***** Evaluation ***** >>>> Class [0 Right Ventricle] Dice: 3.59
[2024-06-29 14:46:52,728][    INFO] ***** Evaluation ***** >>>> Class [1 Myocardium] Dice: 43.31
[2024-06-29 14:46:52,728][    INFO] ***** Evaluation ***** >>>> Class [2 Left Ventricle] Dice: 41.68
[2024-06-29 14:46:52,728][    INFO] ***** Evaluation ***** >>>> MeanDice: 29.53

[2024-06-29 14:46:52,728][    INFO] ***** Evaluation ***** >>>> Classifications Accuracy: 10.703703703703704

[2024-06-29 14:46:53,255][    INFO] ===========> Epoch: 5, LR: 0.00978, Previous best: 29.53
[2024-06-29 14:46:54,028][    INFO] Iters: 0, Total loss: 0.138
[2024-06-29 14:46:55,451][    INFO] Iters: 4, Total loss: 0.138
[2024-06-29 14:46:56,488][    INFO] Iters: 8, Total loss: 0.137
[2024-06-29 14:46:57,536][    INFO] Iters: 12, Total loss: 0.143
[2024-06-29 14:46:58,578][    INFO] Iters: 16, Total loss: 0.140
[2024-06-29 14:46:59,520][    INFO] Iters: 20, Total loss: 0.140
[2024-06-29 14:47:00,585][    INFO] Iters: 24, Total loss: 0.135
[2024-06-29 14:47:01,579][    INFO] Iters: 28, Total loss: 0.133
[2024-06-29 14:47:04,639][    INFO] ***** Evaluation ***** >>>> Class [0 Right Ventricle] Dice: 10.75
[2024-06-29 14:47:04,640][    INFO] ***** Evaluation ***** >>>> Class [1 Myocardium] Dice: 37.64
[2024-06-29 14:47:04,640][    INFO] ***** Evaluation ***** >>>> Class [2 Left Ventricle] Dice: 35.85
[2024-06-29 14:47:04,640][    INFO] ***** Evaluation ***** >>>> MeanDice: 28.08

[2024-06-29 14:47:04,640][    INFO] ***** Evaluation ***** >>>> Classifications Accuracy: 10.703703703703704

[2024-06-29 14:47:04,965][    INFO] ===========> Epoch: 6, LR: 0.00973, Previous best: 29.53
[2024-06-29 14:47:05,695][    INFO] Iters: 0, Total loss: 0.092
[2024-06-29 14:47:06,470][    INFO] Iters: 4, Total loss: 0.094
[2024-06-29 14:47:07,486][    INFO] Iters: 8, Total loss: 0.110
[2024-06-29 14:47:08,599][    INFO] Iters: 12, Total loss: 0.110
[2024-06-29 14:47:09,595][    INFO] Iters: 16, Total loss: 0.116
[2024-06-29 14:47:10,548][    INFO] Iters: 20, Total loss: 0.114
[2024-06-29 14:47:11,638][    INFO] Iters: 24, Total loss: 0.110
[2024-06-29 14:47:12,621][    INFO] Iters: 28, Total loss: 0.109
[2024-06-29 14:47:16,409][    INFO] ***** Evaluation ***** >>>> Class [0 Right Ventricle] Dice: 22.57
[2024-06-29 14:47:16,409][    INFO] ***** Evaluation ***** >>>> Class [1 Myocardium] Dice: 65.69
[2024-06-29 14:47:16,409][    INFO] ***** Evaluation ***** >>>> Class [2 Left Ventricle] Dice: 72.13
[2024-06-29 14:47:16,409][    INFO] ***** Evaluation ***** >>>> MeanDice: 53.46

[2024-06-29 14:47:16,409][    INFO] ***** Evaluation ***** >>>> Classifications Accuracy: 10.703703703703704

[2024-06-29 14:47:16,822][    INFO] ===========> Epoch: 7, LR: 0.00969, Previous best: 53.46
[2024-06-29 14:47:17,517][    INFO] Iters: 0, Total loss: 0.075
[2024-06-29 14:47:18,288][    INFO] Iters: 4, Total loss: 0.085
[2024-06-29 14:47:19,307][    INFO] Iters: 8, Total loss: 0.083
[2024-06-29 14:47:20,340][    INFO] Iters: 12, Total loss: 0.081
[2024-06-29 14:47:21,395][    INFO] Iters: 16, Total loss: 0.085
[2024-06-29 14:47:22,442][    INFO] Iters: 20, Total loss: 0.086
[2024-06-29 14:47:23,484][    INFO] Iters: 24, Total loss: 0.085
[2024-06-29 14:47:24,525][    INFO] Iters: 28, Total loss: 0.084
[2024-06-29 14:47:27,358][    INFO] ***** Evaluation ***** >>>> Class [0 Right Ventricle] Dice: 33.10
[2024-06-29 14:47:27,359][    INFO] ***** Evaluation ***** >>>> Class [1 Myocardium] Dice: 59.43
[2024-06-29 14:47:27,359][    INFO] ***** Evaluation ***** >>>> Class [2 Left Ventricle] Dice: 61.92
[2024-06-29 14:47:27,359][    INFO] ***** Evaluation ***** >>>> MeanDice: 51.48

[2024-06-29 14:47:27,359][    INFO] ***** Evaluation ***** >>>> Classifications Accuracy: 10.703703703703704

[2024-06-29 14:47:27,570][    INFO] ===========> Epoch: 8, LR: 0.00964, Previous best: 53.46
[2024-06-29 14:47:28,281][    INFO] Iters: 0, Total loss: 0.074
[2024-06-29 14:47:29,218][    INFO] Iters: 4, Total loss: 0.067
[2024-06-29 14:47:30,308][    INFO] Iters: 8, Total loss: 0.066
[2024-06-29 14:47:31,499][    INFO] Iters: 12, Total loss: 0.075
[2024-06-29 14:47:32,592][    INFO] Iters: 16, Total loss: 0.074
[2024-06-29 14:47:33,768][    INFO] Iters: 20, Total loss: 0.072
[2024-06-29 14:47:34,981][    INFO] Iters: 24, Total loss: 0.072
[2024-06-29 14:47:36,087][    INFO] Iters: 28, Total loss: 0.072
[2024-06-29 14:47:39,451][    INFO] ***** Evaluation ***** >>>> Class [0 Right Ventricle] Dice: 19.08
[2024-06-29 14:47:39,451][    INFO] ***** Evaluation ***** >>>> Class [1 Myocardium] Dice: 69.96
[2024-06-29 14:47:39,451][    INFO] ***** Evaluation ***** >>>> Class [2 Left Ventricle] Dice: 75.57
[2024-06-29 14:47:39,451][    INFO] ***** Evaluation ***** >>>> MeanDice: 54.87

[2024-06-29 14:47:39,451][    INFO] ***** Evaluation ***** >>>> Classifications Accuracy: 10.703703703703704

[2024-06-29 14:47:39,866][    INFO] ===========> Epoch: 9, LR: 0.00960, Previous best: 54.87
[2024-06-29 14:47:40,365][    INFO] Iters: 0, Total loss: 0.046
[2024-06-29 14:47:41,321][    INFO] Iters: 4, Total loss: 0.063
[2024-06-29 14:47:42,613][    INFO] Iters: 8, Total loss: 0.067
[2024-06-29 14:47:43,693][    INFO] Iters: 12, Total loss: 0.066
[2024-06-29 14:47:44,745][    INFO] Iters: 16, Total loss: 0.063
[2024-06-29 14:47:45,766][    INFO] Iters: 20, Total loss: 0.062
[2024-06-29 14:47:46,847][    INFO] Iters: 24, Total loss: 0.062
[2024-06-29 14:47:47,861][    INFO] Iters: 28, Total loss: 0.064
[2024-06-29 14:47:50,358][    INFO] ***** Evaluation ***** >>>> Class [0 Right Ventricle] Dice: 56.84
[2024-06-29 14:47:50,358][    INFO] ***** Evaluation ***** >>>> Class [1 Myocardium] Dice: 73.90
[2024-06-29 14:47:50,358][    INFO] ***** Evaluation ***** >>>> Class [2 Left Ventricle] Dice: 81.77
[2024-06-29 14:47:50,358][    INFO] ***** Evaluation ***** >>>> MeanDice: 70.84

[2024-06-29 14:47:50,358][    INFO] ***** Evaluation ***** >>>> Classifications Accuracy: 10.703703703703704

[2024-06-29 14:47:50,771][    INFO] ===========> Epoch: 10, LR: 0.00955, Previous best: 70.84
[2024-06-29 14:47:51,707][    INFO] Iters: 0, Total loss: 0.048
[2024-06-29 14:47:52,766][    INFO] Iters: 4, Total loss: 0.061
[2024-06-29 14:47:53,797][    INFO] Iters: 8, Total loss: 0.062
[2024-06-29 14:47:54,796][    INFO] Iters: 12, Total loss: 0.060
[2024-06-29 14:47:55,816][    INFO] Iters: 16, Total loss: 0.058
[2024-06-29 14:47:56,882][    INFO] Iters: 20, Total loss: 0.057
[2024-06-29 14:47:57,843][    INFO] Iters: 24, Total loss: 0.056
[2024-06-29 14:47:59,020][    INFO] Iters: 28, Total loss: 0.056
[2024-06-29 14:48:01,451][    INFO] ***** Evaluation ***** >>>> Class [0 Right Ventricle] Dice: 65.20
[2024-06-29 14:48:01,451][    INFO] ***** Evaluation ***** >>>> Class [1 Myocardium] Dice: 76.97
[2024-06-29 14:48:01,452][    INFO] ***** Evaluation ***** >>>> Class [2 Left Ventricle] Dice: 86.24
[2024-06-29 14:48:01,452][    INFO] ***** Evaluation ***** >>>> MeanDice: 76.14

[2024-06-29 14:48:01,452][    INFO] ***** Evaluation ***** >>>> Classifications Accuracy: 10.703703703703704

[2024-06-29 14:48:01,869][    INFO] ===========> Epoch: 11, LR: 0.00951, Previous best: 76.14
[2024-06-29 14:48:02,371][    INFO] Iters: 0, Total loss: 0.037
[2024-06-29 14:48:03,709][    INFO] Iters: 4, Total loss: 0.046
[2024-06-29 14:48:04,712][    INFO] Iters: 8, Total loss: 0.049
[2024-06-29 14:48:05,758][    INFO] Iters: 12, Total loss: 0.053
[2024-06-29 14:48:06,733][    INFO] Iters: 16, Total loss: 0.052
[2024-06-29 14:48:07,757][    INFO] Iters: 20, Total loss: 0.053
[2024-06-29 14:48:08,742][    INFO] Iters: 24, Total loss: 0.053
[2024-06-29 14:48:09,989][    INFO] Iters: 28, Total loss: 0.055
[2024-06-29 14:48:12,532][    INFO] ***** Evaluation ***** >>>> Class [0 Right Ventricle] Dice: 67.21
[2024-06-29 14:48:12,533][    INFO] ***** Evaluation ***** >>>> Class [1 Myocardium] Dice: 72.24
[2024-06-29 14:48:12,533][    INFO] ***** Evaluation ***** >>>> Class [2 Left Ventricle] Dice: 83.45
[2024-06-29 14:48:12,533][    INFO] ***** Evaluation ***** >>>> MeanDice: 74.30

[2024-06-29 14:48:12,533][    INFO] ***** Evaluation ***** >>>> Classifications Accuracy: 10.703703703703704

[2024-06-29 14:48:12,733][    INFO] ===========> Epoch: 12, LR: 0.00946, Previous best: 76.14
[2024-06-29 14:48:13,290][    INFO] Iters: 0, Total loss: 0.040
[2024-06-29 14:48:14,229][    INFO] Iters: 4, Total loss: 0.046
[2024-06-29 14:48:15,284][    INFO] Iters: 8, Total loss: 0.059
[2024-06-29 14:48:16,685][    INFO] Iters: 12, Total loss: 0.057
[2024-06-29 14:48:17,725][    INFO] Iters: 16, Total loss: 0.054
[2024-06-29 14:48:18,819][    INFO] Iters: 20, Total loss: 0.053
[2024-06-29 14:48:20,002][    INFO] Iters: 24, Total loss: 0.055
[2024-06-29 14:48:21,064][    INFO] Iters: 28, Total loss: 0.053
[2024-06-29 14:48:23,689][    INFO] ***** Evaluation ***** >>>> Class [0 Right Ventricle] Dice: 58.33
[2024-06-29 14:48:23,689][    INFO] ***** Evaluation ***** >>>> Class [1 Myocardium] Dice: 70.31
[2024-06-29 14:48:23,689][    INFO] ***** Evaluation ***** >>>> Class [2 Left Ventricle] Dice: 77.25
[2024-06-29 14:48:23,689][    INFO] ***** Evaluation ***** >>>> MeanDice: 68.63

[2024-06-29 14:48:23,689][    INFO] ***** Evaluation ***** >>>> Classifications Accuracy: 10.703703703703704

[2024-06-29 14:48:23,899][    INFO] ===========> Epoch: 13, LR: 0.00941, Previous best: 76.14
[2024-06-29 14:48:24,466][    INFO] Iters: 0, Total loss: 0.048
[2024-06-29 14:48:25,432][    INFO] Iters: 4, Total loss: 0.042
[2024-06-29 14:48:26,414][    INFO] Iters: 8, Total loss: 0.044
[2024-06-29 14:48:27,654][    INFO] Iters: 12, Total loss: 0.045
[2024-06-29 14:48:28,835][    INFO] Iters: 16, Total loss: 0.045
[2024-06-29 14:48:29,956][    INFO] Iters: 20, Total loss: 0.045
[2024-06-29 14:48:31,138][    INFO] Iters: 24, Total loss: 0.046
[2024-06-29 14:48:32,185][    INFO] Iters: 28, Total loss: 0.047
[2024-06-29 14:48:34,975][    INFO] ***** Evaluation ***** >>>> Class [0 Right Ventricle] Dice: 68.00
[2024-06-29 14:48:34,975][    INFO] ***** Evaluation ***** >>>> Class [1 Myocardium] Dice: 74.27
[2024-06-29 14:48:34,975][    INFO] ***** Evaluation ***** >>>> Class [2 Left Ventricle] Dice: 84.89
[2024-06-29 14:48:34,975][    INFO] ***** Evaluation ***** >>>> MeanDice: 75.72

[2024-06-29 14:48:34,975][    INFO] ***** Evaluation ***** >>>> Classifications Accuracy: 10.703703703703704

[2024-06-29 14:48:35,182][    INFO] ===========> Epoch: 14, LR: 0.00937, Previous best: 76.14
[2024-06-29 14:48:35,923][    INFO] Iters: 0, Total loss: 0.034
[2024-06-29 14:48:36,723][    INFO] Iters: 4, Total loss: 0.038
[2024-06-29 14:48:37,751][    INFO] Iters: 8, Total loss: 0.042
[2024-06-29 14:48:38,770][    INFO] Iters: 12, Total loss: 0.044
[2024-06-29 14:48:39,807][    INFO] Iters: 16, Total loss: 0.046
[2024-06-29 14:48:41,175][    INFO] Iters: 20, Total loss: 0.046
[2024-06-29 14:48:42,368][    INFO] Iters: 24, Total loss: 0.047
[2024-06-29 14:48:43,423][    INFO] Iters: 28, Total loss: 0.046
[2024-06-29 14:48:46,090][    INFO] ***** Evaluation ***** >>>> Class [0 Right Ventricle] Dice: 54.03
[2024-06-29 14:48:46,090][    INFO] ***** Evaluation ***** >>>> Class [1 Myocardium] Dice: 76.16
[2024-06-29 14:48:46,090][    INFO] ***** Evaluation ***** >>>> Class [2 Left Ventricle] Dice: 86.47
[2024-06-29 14:48:46,090][    INFO] ***** Evaluation ***** >>>> MeanDice: 72.22

[2024-06-29 14:48:46,090][    INFO] ***** Evaluation ***** >>>> Classifications Accuracy: 10.703703703703704

[2024-06-29 14:48:46,301][    INFO] ===========> Epoch: 15, LR: 0.00932, Previous best: 76.14
[2024-06-29 14:48:46,978][    INFO] Iters: 0, Total loss: 0.050
[2024-06-29 14:48:47,797][    INFO] Iters: 4, Total loss: 0.043
[2024-06-29 14:48:48,772][    INFO] Iters: 8, Total loss: 0.042
[2024-06-29 14:48:49,835][    INFO] Iters: 12, Total loss: 0.042
[2024-06-29 14:48:50,900][    INFO] Iters: 16, Total loss: 0.042
[2024-06-29 14:48:52,062][    INFO] Iters: 20, Total loss: 0.042
[2024-06-29 14:48:53,843][    INFO] Iters: 24, Total loss: 0.042
[2024-06-29 14:48:54,941][    INFO] Iters: 28, Total loss: 0.042
[2024-06-29 14:48:57,345][    INFO] ***** Evaluation ***** >>>> Class [0 Right Ventricle] Dice: 78.56
[2024-06-29 14:48:57,345][    INFO] ***** Evaluation ***** >>>> Class [1 Myocardium] Dice: 79.38
[2024-06-29 14:48:57,345][    INFO] ***** Evaluation ***** >>>> Class [2 Left Ventricle] Dice: 89.26
[2024-06-29 14:48:57,345][    INFO] ***** Evaluation ***** >>>> MeanDice: 82.40

[2024-06-29 14:48:57,345][    INFO] ***** Evaluation ***** >>>> Classifications Accuracy: 10.703703703703704

[2024-06-29 14:48:57,760][    INFO] ===========> Epoch: 16, LR: 0.00928, Previous best: 82.40
[2024-06-29 14:48:58,274][    INFO] Iters: 0, Total loss: 0.028
[2024-06-29 14:48:59,255][    INFO] Iters: 4, Total loss: 0.038
[2024-06-29 14:49:00,245][    INFO] Iters: 8, Total loss: 0.039
[2024-06-29 14:49:01,260][    INFO] Iters: 12, Total loss: 0.040
[2024-06-29 14:49:02,453][    INFO] Iters: 16, Total loss: 0.040
[2024-06-29 14:49:04,559][    INFO] Iters: 20, Total loss: 0.042
[2024-06-29 14:49:05,645][    INFO] Iters: 24, Total loss: 0.043
[2024-06-29 14:49:06,632][    INFO] Iters: 28, Total loss: 0.043
[2024-06-29 14:49:09,194][    INFO] ***** Evaluation ***** >>>> Class [0 Right Ventricle] Dice: 72.84
[2024-06-29 14:49:09,194][    INFO] ***** Evaluation ***** >>>> Class [1 Myocardium] Dice: 79.70
[2024-06-29 14:49:09,194][    INFO] ***** Evaluation ***** >>>> Class [2 Left Ventricle] Dice: 89.64
[2024-06-29 14:49:09,194][    INFO] ***** Evaluation ***** >>>> MeanDice: 80.73

[2024-06-29 14:49:09,194][    INFO] ***** Evaluation ***** >>>> Classifications Accuracy: 10.703703703703704

[2024-06-29 14:49:09,405][    INFO] ===========> Epoch: 17, LR: 0.00923, Previous best: 82.40
[2024-06-29 14:49:10,039][    INFO] Iters: 0, Total loss: 0.027
[2024-06-29 14:49:10,880][    INFO] Iters: 4, Total loss: 0.041
[2024-06-29 14:49:12,440][    INFO] Iters: 8, Total loss: 0.040
[2024-06-29 14:49:13,961][    INFO] Iters: 12, Total loss: 0.040
[2024-06-29 14:49:15,147][    INFO] Iters: 16, Total loss: 0.040
[2024-06-29 14:49:16,300][    INFO] Iters: 20, Total loss: 0.040
[2024-06-29 14:49:17,328][    INFO] Iters: 24, Total loss: 0.039
[2024-06-29 14:49:18,313][    INFO] Iters: 28, Total loss: 0.041
[2024-06-29 14:49:20,813][    INFO] ***** Evaluation ***** >>>> Class [0 Right Ventricle] Dice: 73.13
[2024-06-29 14:49:20,814][    INFO] ***** Evaluation ***** >>>> Class [1 Myocardium] Dice: 67.38
[2024-06-29 14:49:20,814][    INFO] ***** Evaluation ***** >>>> Class [2 Left Ventricle] Dice: 79.64
[2024-06-29 14:49:20,814][    INFO] ***** Evaluation ***** >>>> MeanDice: 73.38

[2024-06-29 14:49:20,814][    INFO] ***** Evaluation ***** >>>> Classifications Accuracy: 10.703703703703704

[2024-06-29 14:49:21,025][    INFO] ===========> Epoch: 18, LR: 0.00919, Previous best: 82.40
[2024-06-29 14:49:21,697][    INFO] Iters: 0, Total loss: 0.045
[2024-06-29 14:49:23,114][    INFO] Iters: 4, Total loss: 0.043
[2024-06-29 14:49:24,584][    INFO] Iters: 8, Total loss: 0.042
[2024-06-29 14:49:25,734][    INFO] Iters: 12, Total loss: 0.041
[2024-06-29 14:49:26,943][    INFO] Iters: 16, Total loss: 0.041
[2024-06-29 14:49:28,053][    INFO] Iters: 20, Total loss: 0.040
[2024-06-29 14:49:29,110][    INFO] Iters: 24, Total loss: 0.039
[2024-06-29 14:49:30,205][    INFO] Iters: 28, Total loss: 0.039
[2024-06-29 14:49:33,640][    INFO] ***** Evaluation ***** >>>> Class [0 Right Ventricle] Dice: 80.43
[2024-06-29 14:49:33,640][    INFO] ***** Evaluation ***** >>>> Class [1 Myocardium] Dice: 80.74
[2024-06-29 14:49:33,640][    INFO] ***** Evaluation ***** >>>> Class [2 Left Ventricle] Dice: 89.57
[2024-06-29 14:49:33,640][    INFO] ***** Evaluation ***** >>>> MeanDice: 83.58

[2024-06-29 14:49:33,640][    INFO] ***** Evaluation ***** >>>> Classifications Accuracy: 10.703703703703704

[2024-06-29 14:49:34,052][    INFO] ===========> Epoch: 19, LR: 0.00914, Previous best: 83.58
[2024-06-29 14:49:34,607][    INFO] Iters: 0, Total loss: 0.044
[2024-06-29 14:49:35,503][    INFO] Iters: 4, Total loss: 0.038
[2024-06-29 14:49:36,502][    INFO] Iters: 8, Total loss: 0.039
[2024-06-29 14:49:37,723][    INFO] Iters: 12, Total loss: 0.039
[2024-06-29 14:49:38,784][    INFO] Iters: 16, Total loss: 0.038
[2024-06-29 14:49:39,878][    INFO] Iters: 20, Total loss: 0.039
[2024-06-29 14:49:41,533][    INFO] Iters: 24, Total loss: 0.038
[2024-06-29 14:49:43,052][    INFO] Iters: 28, Total loss: 0.038
[2024-06-29 14:49:45,475][    INFO] ***** Evaluation ***** >>>> Class [0 Right Ventricle] Dice: 74.75
[2024-06-29 14:49:45,475][    INFO] ***** Evaluation ***** >>>> Class [1 Myocardium] Dice: 76.45
[2024-06-29 14:49:45,475][    INFO] ***** Evaluation ***** >>>> Class [2 Left Ventricle] Dice: 85.84
[2024-06-29 14:49:45,475][    INFO] ***** Evaluation ***** >>>> MeanDice: 79.01

[2024-06-29 14:49:45,475][    INFO] ***** Evaluation ***** >>>> Classifications Accuracy: 10.703703703703704

[2024-06-29 14:49:45,685][    INFO] ===========> Epoch: 20, LR: 0.00910, Previous best: 83.58
[2024-06-29 14:49:46,288][    INFO] Iters: 0, Total loss: 0.034
[2024-06-29 14:49:47,165][    INFO] Iters: 4, Total loss: 0.033
[2024-06-29 14:49:48,224][    INFO] Iters: 8, Total loss: 0.034
[2024-06-29 14:49:49,451][    INFO] Iters: 12, Total loss: 0.033
[2024-06-29 14:49:50,660][    INFO] Iters: 16, Total loss: 0.034
[2024-06-29 14:49:52,584][    INFO] Iters: 20, Total loss: 0.033
[2024-06-29 14:49:53,749][    INFO] Iters: 24, Total loss: 0.033
[2024-06-29 14:49:54,895][    INFO] Iters: 28, Total loss: 0.034
[2024-06-29 14:49:57,475][    INFO] ***** Evaluation ***** >>>> Class [0 Right Ventricle] Dice: 72.19
[2024-06-29 14:49:57,475][    INFO] ***** Evaluation ***** >>>> Class [1 Myocardium] Dice: 72.36
[2024-06-29 14:49:57,475][    INFO] ***** Evaluation ***** >>>> Class [2 Left Ventricle] Dice: 82.51
[2024-06-29 14:49:57,475][    INFO] ***** Evaluation ***** >>>> MeanDice: 75.69

[2024-06-29 14:49:57,475][    INFO] ***** Evaluation ***** >>>> Classifications Accuracy: 10.703703703703704

[2024-06-29 14:49:57,684][    INFO] ===========> Epoch: 21, LR: 0.00905, Previous best: 83.58
[2024-06-29 14:49:58,264][    INFO] Iters: 0, Total loss: 0.024
[2024-06-29 14:49:59,176][    INFO] Iters: 4, Total loss: 0.038
[2024-06-29 14:50:00,489][    INFO] Iters: 8, Total loss: 0.038
[2024-06-29 14:50:01,964][    INFO] Iters: 12, Total loss: 0.040
[2024-06-29 14:50:03,432][    INFO] Iters: 16, Total loss: 0.041
[2024-06-29 14:50:04,519][    INFO] Iters: 20, Total loss: 0.041
[2024-06-29 14:50:05,490][    INFO] Iters: 24, Total loss: 0.041
[2024-06-29 14:50:06,604][    INFO] Iters: 28, Total loss: 0.040
[2024-06-29 14:50:09,128][    INFO] ***** Evaluation ***** >>>> Class [0 Right Ventricle] Dice: 79.37
[2024-06-29 14:50:09,128][    INFO] ***** Evaluation ***** >>>> Class [1 Myocardium] Dice: 81.87
[2024-06-29 14:50:09,128][    INFO] ***** Evaluation ***** >>>> Class [2 Left Ventricle] Dice: 91.37
[2024-06-29 14:50:09,128][    INFO] ***** Evaluation ***** >>>> MeanDice: 84.20

[2024-06-29 14:50:09,128][    INFO] ***** Evaluation ***** >>>> Classifications Accuracy: 10.703703703703704

[2024-06-29 14:50:09,645][    INFO] ===========> Epoch: 22, LR: 0.00901, Previous best: 84.20
[2024-06-29 14:50:10,362][    INFO] Iters: 0, Total loss: 0.047
[2024-06-29 14:50:11,658][    INFO] Iters: 4, Total loss: 0.036
[2024-06-29 14:50:13,520][    INFO] Iters: 8, Total loss: 0.035
[2024-06-29 14:50:14,485][    INFO] Iters: 12, Total loss: 0.034
[2024-06-29 14:50:15,556][    INFO] Iters: 16, Total loss: 0.033
[2024-06-29 14:50:16,637][    INFO] Iters: 20, Total loss: 0.035
[2024-06-29 14:50:17,703][    INFO] Iters: 24, Total loss: 0.035
[2024-06-29 14:50:18,708][    INFO] Iters: 28, Total loss: 0.035
[2024-06-29 14:50:21,525][    INFO] ***** Evaluation ***** >>>> Class [0 Right Ventricle] Dice: 73.76
[2024-06-29 14:50:21,525][    INFO] ***** Evaluation ***** >>>> Class [1 Myocardium] Dice: 81.80
[2024-06-29 14:50:21,525][    INFO] ***** Evaluation ***** >>>> Class [2 Left Ventricle] Dice: 88.70
[2024-06-29 14:50:21,525][    INFO] ***** Evaluation ***** >>>> MeanDice: 81.42

[2024-06-29 14:50:21,525][    INFO] ***** Evaluation ***** >>>> Classifications Accuracy: 10.703703703703704

[2024-06-29 14:50:21,735][    INFO] ===========> Epoch: 23, LR: 0.00896, Previous best: 84.20
[2024-06-29 14:50:22,380][    INFO] Iters: 0, Total loss: 0.034
[2024-06-29 14:50:23,175][    INFO] Iters: 4, Total loss: 0.033
[2024-06-29 14:50:24,372][    INFO] Iters: 8, Total loss: 0.033
[2024-06-29 14:50:25,448][    INFO] Iters: 12, Total loss: 0.036
[2024-06-29 14:50:26,440][    INFO] Iters: 16, Total loss: 0.035
[2024-06-29 14:50:27,465][    INFO] Iters: 20, Total loss: 0.035
[2024-06-29 14:50:28,478][    INFO] Iters: 24, Total loss: 0.034
[2024-06-29 14:50:29,537][    INFO] Iters: 28, Total loss: 0.033
[2024-06-29 14:50:32,162][    INFO] ***** Evaluation ***** >>>> Class [0 Right Ventricle] Dice: 79.21
[2024-06-29 14:50:32,163][    INFO] ***** Evaluation ***** >>>> Class [1 Myocardium] Dice: 81.00
[2024-06-29 14:50:32,163][    INFO] ***** Evaluation ***** >>>> Class [2 Left Ventricle] Dice: 91.42
[2024-06-29 14:50:32,163][    INFO] ***** Evaluation ***** >>>> MeanDice: 83.88

[2024-06-29 14:50:32,163][    INFO] ***** Evaluation ***** >>>> Classifications Accuracy: 10.703703703703704

[2024-06-29 14:50:32,373][    INFO] ===========> Epoch: 24, LR: 0.00891, Previous best: 84.20
[2024-06-29 14:50:32,948][    INFO] Iters: 0, Total loss: 0.031
[2024-06-29 14:50:33,913][    INFO] Iters: 4, Total loss: 0.034
[2024-06-29 14:50:35,116][    INFO] Iters: 8, Total loss: 0.032
[2024-06-29 14:50:36,129][    INFO] Iters: 12, Total loss: 0.030
[2024-06-29 14:50:37,512][    INFO] Iters: 16, Total loss: 0.030
[2024-06-29 14:50:38,505][    INFO] Iters: 20, Total loss: 0.032
[2024-06-29 14:50:39,519][    INFO] Iters: 24, Total loss: 0.032
[2024-06-29 14:50:40,537][    INFO] Iters: 28, Total loss: 0.034
[2024-06-29 14:50:42,916][    INFO] ***** Evaluation ***** >>>> Class [0 Right Ventricle] Dice: 74.75
[2024-06-29 14:50:42,916][    INFO] ***** Evaluation ***** >>>> Class [1 Myocardium] Dice: 80.15
[2024-06-29 14:50:42,916][    INFO] ***** Evaluation ***** >>>> Class [2 Left Ventricle] Dice: 85.80
[2024-06-29 14:50:42,916][    INFO] ***** Evaluation ***** >>>> MeanDice: 80.23

[2024-06-29 14:50:42,916][    INFO] ***** Evaluation ***** >>>> Classifications Accuracy: 10.703703703703704

[2024-06-29 14:50:43,125][    INFO] ===========> Epoch: 25, LR: 0.00887, Previous best: 84.20
[2024-06-29 14:50:43,652][    INFO] Iters: 0, Total loss: 0.030
slurmstepd-apollo: error: *** JOB 2633 ON apollo CANCELLED AT 2024-06-29T14:50:44 ***
