/var/lib/slurm-llnl/slurmd/job02283/slurm_script: line 16: activate: No such file or directory

CondaError: Run 'conda init' before 'conda deactivate'


CondaError: Run 'conda init' before 'conda activate'

[2024-06-28 16:32:48,509][    INFO] {'batch_size': 12,
 'conf_thresh': 0.95,
 'crop_size': 256,
 'ctrl': 'age sex ethnicity',
 'data_desc': 'UKBB Train Data - 182 Patients - 18 Labeled, Rest Unlabeled',
 'data_root': '/vol/aimspace/projects/ukbb/data/cardiac/cardiac_segmentations/subjects',
 'dataset': 'ukbb',
 'epochs': 200,
 'exp': '4',
 'local_rank': 0,
 'lr': 0.01,
 'mode': 'train',
 'model_desc': 'Unimatch Unet 18 Training on UKBB',
 'nclass': 4,
 'ngpus': 1,
 'num_workers': 1,
 'port': 8318,
 'seed': '42',
 'split': 18,
 'visualize': False}

[2024-06-28 16:32:48,565][    INFO] Total params: 1.8M

[2024-06-28 16:32:51,160][    INFO] ************ Load from checkpoint at epoch 0

[2024-06-28 16:32:51,160][    INFO] ===========> Epoch: 1, LR: 0.00996, Previous best: 67.80
[2024-06-28 16:32:55,570][    INFO] Iters: 0, Total loss: 0.095
[2024-06-28 16:33:06,426][    INFO] Iters: 40, Total loss: 0.083
[2024-06-28 16:33:21,571][    INFO] Iters: 80, Total loss: 0.081
[2024-06-28 16:33:32,143][    INFO] Iters: 120, Total loss: 0.077
[2024-06-28 16:33:42,556][    INFO] Iters: 160, Total loss: 0.076
[2024-06-28 16:33:57,383][    INFO] Iters: 200, Total loss: 0.075
[2024-06-28 16:34:08,308][    INFO] Iters: 240, Total loss: 0.073
[2024-06-28 16:34:18,816][    INFO] Iters: 280, Total loss: 0.070
[2024-06-28 16:34:29,754][    INFO] Iters: 320, Total loss: 0.069
