[2024-06-29 14:35:58,868][    INFO] {'batch_size': 12,
 'conf_thresh': 0.95,
 'crop_size': 256,
 'ctrl': 'age sex ethnicity',
 'data_desc': 'UKBB Train Data - 182 Patients - 18 Labeled, Rest Unlabeled',
 'data_root': '/vol/aimspace/projects/ukbb/data/cardiac/cardiac_segmentations/subjects',
 'dataset': 'ukbb',
 'epochs': 200,
 'exp': '4',
 'local_rank': 0,
 'lr': 0.01,
 'mode': 'train',
 'model_desc': 'Unimatch Unet 18 Training on UKBB',
 'multi_task': False,
 'nclass': 4,
 'ngpus': 1,
 'num_workers': 1,
 'port': 8318,
 'seed': '42',
 'split': 18,
 'visualize': False}

[2024-06-29 14:35:58,919][    INFO] Total params: 1.8M

[2024-06-29 14:35:59,852][    INFO] ===========> Epoch: 0, LR: 0.01000, Previous best: 0.00
[2024-06-29 14:36:04,857][    INFO] Iters: 0, Total loss: 1.238
[2024-06-29 14:36:07,238][    INFO] Iters: 4, Total loss: 1.075
[2024-06-29 14:36:11,104][    INFO] Iters: 8, Total loss: 0.875
[2024-06-29 14:36:14,535][    INFO] Iters: 12, Total loss: 0.742
[2024-06-29 14:36:17,855][    INFO] Iters: 16, Total loss: 0.663
[2024-06-29 14:36:21,059][    INFO] Iters: 20, Total loss: 0.615
[2024-06-29 14:36:26,938][    INFO] Iters: 24, Total loss: 0.581
[2024-06-29 14:36:29,753][    INFO] Iters: 28, Total loss: 0.555
[2024-06-29 14:36:38,089][    INFO] ***** Evaluation ***** >>>> Class [0 Right Ventricle] Dice: 0.00
[2024-06-29 14:36:38,089][    INFO] ***** Evaluation ***** >>>> Class [1 Myocardium] Dice: 0.00
[2024-06-29 14:36:38,089][    INFO] ***** Evaluation ***** >>>> Class [2 Left Ventricle] Dice: 0.00
[2024-06-29 14:36:38,089][    INFO] ***** Evaluation ***** >>>> MeanDice: 0.00

[2024-06-29 14:36:38,474][    INFO] ===========> Epoch: 1, LR: 0.00996, Previous best: 0.00
[2024-06-29 14:36:38,972][    INFO] Iters: 0, Total loss: 0.400
[2024-06-29 14:36:39,912][    INFO] Iters: 4, Total loss: 0.395
[2024-06-29 14:36:40,941][    INFO] Iters: 8, Total loss: 0.390
[2024-06-29 14:36:42,055][    INFO] Iters: 12, Total loss: 0.387
[2024-06-29 14:36:43,066][    INFO] Iters: 16, Total loss: 0.386
[2024-06-29 14:36:44,069][    INFO] Iters: 20, Total loss: 0.382
[2024-06-29 14:36:45,376][    INFO] Iters: 24, Total loss: 0.377
[2024-06-29 14:36:46,440][    INFO] Iters: 28, Total loss: 0.375
[2024-06-29 14:36:48,812][    INFO] ***** Evaluation ***** >>>> Class [0 Right Ventricle] Dice: 0.00
[2024-06-29 14:36:48,812][    INFO] ***** Evaluation ***** >>>> Class [1 Myocardium] Dice: 0.00
[2024-06-29 14:36:48,812][    INFO] ***** Evaluation ***** >>>> Class [2 Left Ventricle] Dice: 0.00
[2024-06-29 14:36:48,812][    INFO] ***** Evaluation ***** >>>> MeanDice: 0.00

[2024-06-29 14:36:49,017][    INFO] ===========> Epoch: 2, LR: 0.00991, Previous best: 0.00
[2024-06-29 14:36:49,558][    INFO] Iters: 0, Total loss: 0.334
[2024-06-29 14:36:50,552][    INFO] Iters: 4, Total loss: 0.331
[2024-06-29 14:36:51,602][    INFO] Iters: 8, Total loss: 0.339
[2024-06-29 14:36:52,596][    INFO] Iters: 12, Total loss: 0.335
[2024-06-29 14:36:53,624][    INFO] Iters: 16, Total loss: 0.336
[2024-06-29 14:36:54,621][    INFO] Iters: 20, Total loss: 0.332
[2024-06-29 14:36:55,592][    INFO] Iters: 24, Total loss: 0.328
[2024-06-29 14:36:56,621][    INFO] Iters: 28, Total loss: 0.326
[2024-06-29 14:36:59,515][    INFO] ***** Evaluation ***** >>>> Class [0 Right Ventricle] Dice: 0.04
[2024-06-29 14:36:59,515][    INFO] ***** Evaluation ***** >>>> Class [1 Myocardium] Dice: 0.00
[2024-06-29 14:36:59,515][    INFO] ***** Evaluation ***** >>>> Class [2 Left Ventricle] Dice: 16.24
[2024-06-29 14:36:59,515][    INFO] ***** Evaluation ***** >>>> MeanDice: 5.43

[2024-06-29 14:36:59,910][    INFO] ===========> Epoch: 3, LR: 0.00987, Previous best: 5.43
[2024-06-29 14:37:00,486][    INFO] Iters: 0, Total loss: 0.288
[2024-06-29 14:37:01,358][    INFO] Iters: 4, Total loss: 0.286
[2024-06-29 14:37:02,403][    INFO] Iters: 8, Total loss: 0.291
[2024-06-29 14:37:03,443][    INFO] Iters: 12, Total loss: 0.285
[2024-06-29 14:37:04,486][    INFO] Iters: 16, Total loss: 0.282
[2024-06-29 14:37:05,486][    INFO] Iters: 20, Total loss: 0.286
[2024-06-29 14:37:07,065][    INFO] Iters: 24, Total loss: 0.280
[2024-06-29 14:37:08,546][    INFO] Iters: 28, Total loss: 0.274
[2024-06-29 14:37:15,936][    INFO] ***** Evaluation ***** >>>> Class [0 Right Ventricle] Dice: 5.31
[2024-06-29 14:37:15,937][    INFO] ***** Evaluation ***** >>>> Class [1 Myocardium] Dice: 28.31
[2024-06-29 14:37:15,937][    INFO] ***** Evaluation ***** >>>> Class [2 Left Ventricle] Dice: 36.16
[2024-06-29 14:37:15,937][    INFO] ***** Evaluation ***** >>>> MeanDice: 23.26

[2024-06-29 14:37:16,350][    INFO] ===========> Epoch: 4, LR: 0.00982, Previous best: 23.26
[2024-06-29 14:37:17,291][    INFO] Iters: 0, Total loss: 0.255
[2024-06-29 14:37:18,680][    INFO] Iters: 4, Total loss: 0.248
[2024-06-29 14:37:19,659][    INFO] Iters: 8, Total loss: 0.247
[2024-06-29 14:37:20,629][    INFO] Iters: 12, Total loss: 0.240
[2024-06-29 14:37:21,641][    INFO] Iters: 16, Total loss: 0.235
[2024-06-29 14:37:22,674][    INFO] Iters: 20, Total loss: 0.231
[2024-06-29 14:37:23,687][    INFO] Iters: 24, Total loss: 0.231
[2024-06-29 14:37:24,652][    INFO] Iters: 28, Total loss: 0.229
[2024-06-29 14:37:27,998][    INFO] ***** Evaluation ***** >>>> Class [0 Right Ventricle] Dice: 12.23
[2024-06-29 14:37:27,998][    INFO] ***** Evaluation ***** >>>> Class [1 Myocardium] Dice: 40.16
[2024-06-29 14:37:27,998][    INFO] ***** Evaluation ***** >>>> Class [2 Left Ventricle] Dice: 35.25
[2024-06-29 14:37:27,998][    INFO] ***** Evaluation ***** >>>> MeanDice: 29.21

[2024-06-29 14:37:28,393][    INFO] ===========> Epoch: 5, LR: 0.00978, Previous best: 29.21
[2024-06-29 14:37:28,926][    INFO] Iters: 0, Total loss: 0.182
[2024-06-29 14:37:29,861][    INFO] Iters: 4, Total loss: 0.186
[2024-06-29 14:37:30,876][    INFO] Iters: 8, Total loss: 0.186
[2024-06-29 14:37:31,882][    INFO] Iters: 12, Total loss: 0.184
[2024-06-29 14:37:32,914][    INFO] Iters: 16, Total loss: 0.184
[2024-06-29 14:37:33,878][    INFO] Iters: 20, Total loss: 0.182
[2024-06-29 14:37:34,978][    INFO] Iters: 24, Total loss: 0.179
[2024-06-29 14:37:36,419][    INFO] Iters: 28, Total loss: 0.182
[2024-06-29 14:37:39,285][    INFO] ***** Evaluation ***** >>>> Class [0 Right Ventricle] Dice: 45.58
[2024-06-29 14:37:39,286][    INFO] ***** Evaluation ***** >>>> Class [1 Myocardium] Dice: 51.73
[2024-06-29 14:37:39,286][    INFO] ***** Evaluation ***** >>>> Class [2 Left Ventricle] Dice: 62.97
[2024-06-29 14:37:39,286][    INFO] ***** Evaluation ***** >>>> MeanDice: 53.43

[2024-06-29 14:37:39,683][    INFO] ===========> Epoch: 6, LR: 0.00973, Previous best: 53.43
[2024-06-29 14:37:40,257][    INFO] Iters: 0, Total loss: 0.121
[2024-06-29 14:37:41,083][    INFO] Iters: 4, Total loss: 0.121
[2024-06-29 14:37:42,077][    INFO] Iters: 8, Total loss: 0.140
[2024-06-29 14:37:43,145][    INFO] Iters: 12, Total loss: 0.137
[2024-06-29 14:37:44,108][    INFO] Iters: 16, Total loss: 0.143
[2024-06-29 14:37:45,073][    INFO] Iters: 20, Total loss: 0.139
[2024-06-29 14:37:46,546][    INFO] Iters: 24, Total loss: 0.135
[2024-06-29 14:37:47,959][    INFO] Iters: 28, Total loss: 0.134
[2024-06-29 14:37:50,473][    INFO] ***** Evaluation ***** >>>> Class [0 Right Ventricle] Dice: 37.55
[2024-06-29 14:37:50,473][    INFO] ***** Evaluation ***** >>>> Class [1 Myocardium] Dice: 50.67
[2024-06-29 14:37:50,473][    INFO] ***** Evaluation ***** >>>> Class [2 Left Ventricle] Dice: 66.35
[2024-06-29 14:37:50,474][    INFO] ***** Evaluation ***** >>>> MeanDice: 51.52

[2024-06-29 14:37:50,669][    INFO] ===========> Epoch: 7, LR: 0.00969, Previous best: 53.43
[2024-06-29 14:37:51,393][    INFO] Iters: 0, Total loss: 0.092
[2024-06-29 14:37:52,205][    INFO] Iters: 4, Total loss: 0.108
[2024-06-29 14:37:53,203][    INFO] Iters: 8, Total loss: 0.098
[2024-06-29 14:37:54,265][    INFO] Iters: 12, Total loss: 0.098
[2024-06-29 14:37:55,367][    INFO] Iters: 16, Total loss: 0.102
[2024-06-29 14:37:57,303][    INFO] Iters: 20, Total loss: 0.100
[2024-06-29 14:37:58,363][    INFO] Iters: 24, Total loss: 0.100
[2024-06-29 14:37:59,379][    INFO] Iters: 28, Total loss: 0.100
[2024-06-29 14:38:01,793][    INFO] ***** Evaluation ***** >>>> Class [0 Right Ventricle] Dice: 65.06
[2024-06-29 14:38:01,794][    INFO] ***** Evaluation ***** >>>> Class [1 Myocardium] Dice: 69.78
[2024-06-29 14:38:01,794][    INFO] ***** Evaluation ***** >>>> Class [2 Left Ventricle] Dice: 82.37
[2024-06-29 14:38:01,794][    INFO] ***** Evaluation ***** >>>> MeanDice: 72.40

[2024-06-29 14:38:02,182][    INFO] ===========> Epoch: 8, LR: 0.00964, Previous best: 72.40
[2024-06-29 14:38:02,659][    INFO] Iters: 0, Total loss: 0.119
[2024-06-29 14:38:03,721][    INFO] Iters: 4, Total loss: 0.099
[2024-06-29 14:38:04,767][    INFO] Iters: 8, Total loss: 0.098
[2024-06-29 14:38:06,537][    INFO] Iters: 12, Total loss: 0.109
[2024-06-29 14:38:07,945][    INFO] Iters: 16, Total loss: 0.108
[2024-06-29 14:38:08,962][    INFO] Iters: 20, Total loss: 0.101
[2024-06-29 14:38:10,004][    INFO] Iters: 24, Total loss: 0.100
[2024-06-29 14:38:10,999][    INFO] Iters: 28, Total loss: 0.101
[2024-06-29 14:38:13,537][    INFO] ***** Evaluation ***** >>>> Class [0 Right Ventricle] Dice: 4.45
[2024-06-29 14:38:13,537][    INFO] ***** Evaluation ***** >>>> Class [1 Myocardium] Dice: 40.33
[2024-06-29 14:38:13,537][    INFO] ***** Evaluation ***** >>>> Class [2 Left Ventricle] Dice: 59.78
[2024-06-29 14:38:13,537][    INFO] ***** Evaluation ***** >>>> MeanDice: 34.85

[2024-06-29 14:38:13,734][    INFO] ===========> Epoch: 9, LR: 0.00960, Previous best: 72.40
[2024-06-29 14:38:14,304][    INFO] Iters: 0, Total loss: 0.094
[2024-06-29 14:38:15,572][    INFO] Iters: 4, Total loss: 0.098
[2024-06-29 14:38:16,980][    INFO] Iters: 8, Total loss: 0.103
[2024-06-29 14:38:18,307][    INFO] Iters: 12, Total loss: 0.098
[2024-06-29 14:38:19,320][    INFO] Iters: 16, Total loss: 0.095
[2024-06-29 14:38:20,314][    INFO] Iters: 20, Total loss: 0.091
[2024-06-29 14:38:21,312][    INFO] Iters: 24, Total loss: 0.089
[2024-06-29 14:38:22,263][    INFO] Iters: 28, Total loss: 0.090
[2024-06-29 14:38:24,689][    INFO] ***** Evaluation ***** >>>> Class [0 Right Ventricle] Dice: 45.15
[2024-06-29 14:38:24,689][    INFO] ***** Evaluation ***** >>>> Class [1 Myocardium] Dice: 70.56
[2024-06-29 14:38:24,689][    INFO] ***** Evaluation ***** >>>> Class [2 Left Ventricle] Dice: 84.27
[2024-06-29 14:38:24,689][    INFO] ***** Evaluation ***** >>>> MeanDice: 66.66

[2024-06-29 14:38:24,889][    INFO] ===========> Epoch: 10, LR: 0.00955, Previous best: 72.40
[2024-06-29 14:38:25,375][    INFO] Iters: 0, Total loss: 0.086
[2024-06-29 14:38:26,316][    INFO] Iters: 4, Total loss: 0.086
[2024-06-29 14:38:27,301][    INFO] Iters: 8, Total loss: 0.088
[2024-06-29 14:38:28,256][    INFO] Iters: 12, Total loss: 0.090
[2024-06-29 14:38:29,238][    INFO] Iters: 16, Total loss: 0.086
[2024-06-29 14:38:30,238][    INFO] Iters: 20, Total loss: 0.085
[2024-06-29 14:38:31,195][    INFO] Iters: 24, Total loss: 0.084
[2024-06-29 14:38:32,187][    INFO] Iters: 28, Total loss: 0.083
[2024-06-29 14:38:34,601][    INFO] ***** Evaluation ***** >>>> Class [0 Right Ventricle] Dice: 39.00
[2024-06-29 14:38:34,601][    INFO] ***** Evaluation ***** >>>> Class [1 Myocardium] Dice: 73.17
[2024-06-29 14:38:34,601][    INFO] ***** Evaluation ***** >>>> Class [2 Left Ventricle] Dice: 85.47
[2024-06-29 14:38:34,601][    INFO] ***** Evaluation ***** >>>> MeanDice: 65.88

[2024-06-29 14:38:34,801][    INFO] ===========> Epoch: 11, LR: 0.00951, Previous best: 72.40
[2024-06-29 14:38:35,459][    INFO] Iters: 0, Total loss: 0.058
[2024-06-29 14:38:36,212][    INFO] Iters: 4, Total loss: 0.075
[2024-06-29 14:38:37,142][    INFO] Iters: 8, Total loss: 0.078
[2024-06-29 14:38:38,156][    INFO] Iters: 12, Total loss: 0.082
[2024-06-29 14:38:39,151][    INFO] Iters: 16, Total loss: 0.080
[2024-06-29 14:38:40,195][    INFO] Iters: 20, Total loss: 0.079
[2024-06-29 14:38:41,261][    INFO] Iters: 24, Total loss: 0.079
[2024-06-29 14:38:42,625][    INFO] Iters: 28, Total loss: 0.079
[2024-06-29 14:38:45,060][    INFO] ***** Evaluation ***** >>>> Class [0 Right Ventricle] Dice: 63.25
[2024-06-29 14:38:45,061][    INFO] ***** Evaluation ***** >>>> Class [1 Myocardium] Dice: 71.24
[2024-06-29 14:38:45,061][    INFO] ***** Evaluation ***** >>>> Class [2 Left Ventricle] Dice: 84.88
[2024-06-29 14:38:45,061][    INFO] ***** Evaluation ***** >>>> MeanDice: 73.12

[2024-06-29 14:38:45,450][    INFO] ===========> Epoch: 12, LR: 0.00946, Previous best: 73.12
[2024-06-29 14:38:46,011][    INFO] Iters: 0, Total loss: 0.054
[2024-06-29 14:38:46,863][    INFO] Iters: 4, Total loss: 0.061
[2024-06-29 14:38:47,862][    INFO] Iters: 8, Total loss: 0.075
[2024-06-29 14:38:48,836][    INFO] Iters: 12, Total loss: 0.076
[2024-06-29 14:38:49,822][    INFO] Iters: 16, Total loss: 0.073
[2024-06-29 14:38:50,827][    INFO] Iters: 20, Total loss: 0.071
[2024-06-29 14:38:51,800][    INFO] Iters: 24, Total loss: 0.076
[2024-06-29 14:38:52,813][    INFO] Iters: 28, Total loss: 0.074
[2024-06-29 14:38:55,683][    INFO] ***** Evaluation ***** >>>> Class [0 Right Ventricle] Dice: 74.16
[2024-06-29 14:38:55,684][    INFO] ***** Evaluation ***** >>>> Class [1 Myocardium] Dice: 78.33
[2024-06-29 14:38:55,684][    INFO] ***** Evaluation ***** >>>> Class [2 Left Ventricle] Dice: 87.99
[2024-06-29 14:38:55,684][    INFO] ***** Evaluation ***** >>>> MeanDice: 80.16

[2024-06-29 14:38:56,073][    INFO] ===========> Epoch: 13, LR: 0.00941, Previous best: 80.16
[2024-06-29 14:38:56,557][    INFO] Iters: 0, Total loss: 0.066
[2024-06-29 14:38:57,593][    INFO] Iters: 4, Total loss: 0.061
[2024-06-29 14:38:58,591][    INFO] Iters: 8, Total loss: 0.058
[2024-06-29 14:38:59,707][    INFO] Iters: 12, Total loss: 0.061
[2024-06-29 14:39:00,681][    INFO] Iters: 16, Total loss: 0.060
[2024-06-29 14:39:01,680][    INFO] Iters: 20, Total loss: 0.061
[2024-06-29 14:39:02,709][    INFO] Iters: 24, Total loss: 0.064
[2024-06-29 14:39:03,718][    INFO] Iters: 28, Total loss: 0.065
[2024-06-29 14:39:06,400][    INFO] ***** Evaluation ***** >>>> Class [0 Right Ventricle] Dice: 61.88
[2024-06-29 14:39:06,400][    INFO] ***** Evaluation ***** >>>> Class [1 Myocardium] Dice: 78.88
[2024-06-29 14:39:06,400][    INFO] ***** Evaluation ***** >>>> Class [2 Left Ventricle] Dice: 88.99
[2024-06-29 14:39:06,400][    INFO] ***** Evaluation ***** >>>> MeanDice: 76.59

[2024-06-29 14:39:06,597][    INFO] ===========> Epoch: 14, LR: 0.00937, Previous best: 80.16
[2024-06-29 14:39:07,077][    INFO] Iters: 0, Total loss: 0.055
[2024-06-29 14:39:08,361][    INFO] Iters: 4, Total loss: 0.053
[2024-06-29 14:39:09,355][    INFO] Iters: 8, Total loss: 0.055
[2024-06-29 14:39:10,368][    INFO] Iters: 12, Total loss: 0.059
[2024-06-29 14:39:11,428][    INFO] Iters: 16, Total loss: 0.059
[2024-06-29 14:39:12,472][    INFO] Iters: 20, Total loss: 0.058
[2024-06-29 14:39:13,446][    INFO] Iters: 24, Total loss: 0.061
[2024-06-29 14:39:14,663][    INFO] Iters: 28, Total loss: 0.060
[2024-06-29 14:39:17,327][    INFO] ***** Evaluation ***** >>>> Class [0 Right Ventricle] Dice: 72.34
[2024-06-29 14:39:17,328][    INFO] ***** Evaluation ***** >>>> Class [1 Myocardium] Dice: 75.87
[2024-06-29 14:39:17,328][    INFO] ***** Evaluation ***** >>>> Class [2 Left Ventricle] Dice: 89.03
[2024-06-29 14:39:17,328][    INFO] ***** Evaluation ***** >>>> MeanDice: 79.08

[2024-06-29 14:39:17,525][    INFO] ===========> Epoch: 15, LR: 0.00932, Previous best: 80.16
[2024-06-29 14:39:18,189][    INFO] Iters: 0, Total loss: 0.065
[2024-06-29 14:39:18,984][    INFO] Iters: 4, Total loss: 0.064
[2024-06-29 14:39:20,014][    INFO] Iters: 8, Total loss: 0.066
[2024-06-29 14:39:21,398][    INFO] Iters: 12, Total loss: 0.065
[2024-06-29 14:39:22,411][    INFO] Iters: 16, Total loss: 0.064
[2024-06-29 14:39:23,411][    INFO] Iters: 20, Total loss: 0.061
[2024-06-29 14:39:24,497][    INFO] Iters: 24, Total loss: 0.061
[2024-06-29 14:39:25,716][    INFO] Iters: 28, Total loss: 0.060
[2024-06-29 14:39:28,192][    INFO] ***** Evaluation ***** >>>> Class [0 Right Ventricle] Dice: 66.91
[2024-06-29 14:39:28,192][    INFO] ***** Evaluation ***** >>>> Class [1 Myocardium] Dice: 79.28
[2024-06-29 14:39:28,193][    INFO] ***** Evaluation ***** >>>> Class [2 Left Ventricle] Dice: 87.44
[2024-06-29 14:39:28,193][    INFO] ***** Evaluation ***** >>>> MeanDice: 77.88

[2024-06-29 14:39:28,390][    INFO] ===========> Epoch: 16, LR: 0.00928, Previous best: 80.16
[2024-06-29 14:39:29,028][    INFO] Iters: 0, Total loss: 0.029
[2024-06-29 14:39:29,922][    INFO] Iters: 4, Total loss: 0.049
[2024-06-29 14:39:30,953][    INFO] Iters: 8, Total loss: 0.054
[2024-06-29 14:39:31,944][    INFO] Iters: 12, Total loss: 0.054
[2024-06-29 14:39:33,051][    INFO] Iters: 16, Total loss: 0.053
[2024-06-29 14:39:34,385][    INFO] Iters: 20, Total loss: 0.055
[2024-06-29 14:39:35,616][    INFO] Iters: 24, Total loss: 0.057
[2024-06-29 14:39:36,584][    INFO] Iters: 28, Total loss: 0.056
[2024-06-29 14:39:38,938][    INFO] ***** Evaluation ***** >>>> Class [0 Right Ventricle] Dice: 75.82
[2024-06-29 14:39:38,938][    INFO] ***** Evaluation ***** >>>> Class [1 Myocardium] Dice: 79.46
[2024-06-29 14:39:38,938][    INFO] ***** Evaluation ***** >>>> Class [2 Left Ventricle] Dice: 89.88
[2024-06-29 14:39:38,938][    INFO] ***** Evaluation ***** >>>> MeanDice: 81.72

[2024-06-29 14:39:39,325][    INFO] ===========> Epoch: 17, LR: 0.00923, Previous best: 81.72
[2024-06-29 14:39:39,827][    INFO] Iters: 0, Total loss: 0.043
[2024-06-29 14:39:40,819][    INFO] Iters: 4, Total loss: 0.051
[2024-06-29 14:39:41,813][    INFO] Iters: 8, Total loss: 0.051
[2024-06-29 14:39:42,829][    INFO] Iters: 12, Total loss: 0.054
[2024-06-29 14:39:43,827][    INFO] Iters: 16, Total loss: 0.058
[2024-06-29 14:39:45,325][    INFO] Iters: 20, Total loss: 0.058
[2024-06-29 14:39:46,452][    INFO] Iters: 24, Total loss: 0.058
[2024-06-29 14:39:47,462][    INFO] Iters: 28, Total loss: 0.059
[2024-06-29 14:39:50,114][    INFO] ***** Evaluation ***** >>>> Class [0 Right Ventricle] Dice: 74.72
[2024-06-29 14:39:50,114][    INFO] ***** Evaluation ***** >>>> Class [1 Myocardium] Dice: 69.47
[2024-06-29 14:39:50,114][    INFO] ***** Evaluation ***** >>>> Class [2 Left Ventricle] Dice: 66.79
[2024-06-29 14:39:50,114][    INFO] ***** Evaluation ***** >>>> MeanDice: 70.32

[2024-06-29 14:39:50,311][    INFO] ===========> Epoch: 18, LR: 0.00919, Previous best: 81.72
[2024-06-29 14:39:50,798][    INFO] Iters: 0, Total loss: 0.066
[2024-06-29 14:39:51,763][    INFO] Iters: 4, Total loss: 0.058
[2024-06-29 14:39:52,730][    INFO] Iters: 8, Total loss: 0.056
[2024-06-29 14:39:53,837][    INFO] Iters: 12, Total loss: 0.058
[2024-06-29 14:39:54,907][    INFO] Iters: 16, Total loss: 0.059
[2024-06-29 14:39:56,039][    INFO] Iters: 20, Total loss: 0.057
[2024-06-29 14:39:57,019][    INFO] Iters: 24, Total loss: 0.056
[2024-06-29 14:39:58,443][    INFO] Iters: 28, Total loss: 0.057
[2024-06-29 14:40:00,922][    INFO] ***** Evaluation ***** >>>> Class [0 Right Ventricle] Dice: 74.05
[2024-06-29 14:40:00,922][    INFO] ***** Evaluation ***** >>>> Class [1 Myocardium] Dice: 78.23
[2024-06-29 14:40:00,922][    INFO] ***** Evaluation ***** >>>> Class [2 Left Ventricle] Dice: 89.61
[2024-06-29 14:40:00,922][    INFO] ***** Evaluation ***** >>>> MeanDice: 80.63

[2024-06-29 14:40:01,120][    INFO] ===========> Epoch: 19, LR: 0.00914, Previous best: 81.72
[2024-06-29 14:40:01,800][    INFO] Iters: 0, Total loss: 0.069
[2024-06-29 14:40:02,538][    INFO] Iters: 4, Total loss: 0.053
[2024-06-29 14:40:03,475][    INFO] Iters: 8, Total loss: 0.059
[2024-06-29 14:40:04,453][    INFO] Iters: 12, Total loss: 0.058
[2024-06-29 14:40:05,429][    INFO] Iters: 16, Total loss: 0.057
[2024-06-29 14:40:06,935][    INFO] Iters: 20, Total loss: 0.058
[2024-06-29 14:40:08,490][    INFO] Iters: 24, Total loss: 0.056
[2024-06-29 14:40:09,637][    INFO] Iters: 28, Total loss: 0.056
[2024-06-29 14:40:12,126][    INFO] ***** Evaluation ***** >>>> Class [0 Right Ventricle] Dice: 79.23
[2024-06-29 14:40:12,126][    INFO] ***** Evaluation ***** >>>> Class [1 Myocardium] Dice: 79.42
[2024-06-29 14:40:12,126][    INFO] ***** Evaluation ***** >>>> Class [2 Left Ventricle] Dice: 89.45
[2024-06-29 14:40:12,126][    INFO] ***** Evaluation ***** >>>> MeanDice: 82.70

[2024-06-29 14:40:12,516][    INFO] ===========> Epoch: 20, LR: 0.00910, Previous best: 82.70
[2024-06-29 14:40:13,141][    INFO] Iters: 0, Total loss: 0.041
[2024-06-29 14:40:13,871][    INFO] Iters: 4, Total loss: 0.045
[2024-06-29 14:40:14,938][    INFO] Iters: 8, Total loss: 0.045
[2024-06-29 14:40:15,984][    INFO] Iters: 12, Total loss: 0.044
[2024-06-29 14:40:17,546][    INFO] Iters: 16, Total loss: 0.046
[2024-06-29 14:40:18,956][    INFO] Iters: 20, Total loss: 0.046
[2024-06-29 14:40:20,022][    INFO] Iters: 24, Total loss: 0.046
[2024-06-29 14:40:21,131][    INFO] Iters: 28, Total loss: 0.046
[2024-06-29 14:40:23,660][    INFO] ***** Evaluation ***** >>>> Class [0 Right Ventricle] Dice: 78.82
[2024-06-29 14:40:23,660][    INFO] ***** Evaluation ***** >>>> Class [1 Myocardium] Dice: 84.19
[2024-06-29 14:40:23,660][    INFO] ***** Evaluation ***** >>>> Class [2 Left Ventricle] Dice: 89.88
[2024-06-29 14:40:23,660][    INFO] ***** Evaluation ***** >>>> MeanDice: 84.30

[2024-06-29 14:40:24,048][    INFO] ===========> Epoch: 21, LR: 0.00905, Previous best: 84.30
[2024-06-29 14:40:24,619][    INFO] Iters: 0, Total loss: 0.030
[2024-06-29 14:40:25,497][    INFO] Iters: 4, Total loss: 0.041
[2024-06-29 14:40:26,969][    INFO] Iters: 8, Total loss: 0.044
[2024-06-29 14:40:28,435][    INFO] Iters: 12, Total loss: 0.049
[2024-06-29 14:40:29,636][    INFO] Iters: 16, Total loss: 0.050
[2024-06-29 14:40:30,656][    INFO] Iters: 20, Total loss: 0.051
[2024-06-29 14:40:31,602][    INFO] Iters: 24, Total loss: 0.053
[2024-06-29 14:40:32,643][    INFO] Iters: 28, Total loss: 0.053
[2024-06-29 14:40:35,112][    INFO] ***** Evaluation ***** >>>> Class [0 Right Ventricle] Dice: 77.26
[2024-06-29 14:40:35,113][    INFO] ***** Evaluation ***** >>>> Class [1 Myocardium] Dice: 81.37
[2024-06-29 14:40:35,113][    INFO] ***** Evaluation ***** >>>> Class [2 Left Ventricle] Dice: 90.00
[2024-06-29 14:40:35,113][    INFO] ***** Evaluation ***** >>>> MeanDice: 82.88

[2024-06-29 14:40:35,306][    INFO] ===========> Epoch: 22, LR: 0.00901, Previous best: 84.30
[2024-06-29 14:40:36,208][    INFO] Iters: 0, Total loss: 0.078
[2024-06-29 14:40:37,540][    INFO] Iters: 4, Total loss: 0.052
[2024-06-29 14:40:38,527][    INFO] Iters: 8, Total loss: 0.051
[2024-06-29 14:40:39,470][    INFO] Iters: 12, Total loss: 0.052
[2024-06-29 14:40:40,587][    INFO] Iters: 16, Total loss: 0.050
[2024-06-29 14:40:41,569][    INFO] Iters: 20, Total loss: 0.049
[2024-06-29 14:40:42,564][    INFO] Iters: 24, Total loss: 0.049
[2024-06-29 14:40:43,528][    INFO] Iters: 28, Total loss: 0.049
[2024-06-29 14:40:46,607][    INFO] ***** Evaluation ***** >>>> Class [0 Right Ventricle] Dice: 75.32
[2024-06-29 14:40:46,607][    INFO] ***** Evaluation ***** >>>> Class [1 Myocardium] Dice: 81.82
[2024-06-29 14:40:46,607][    INFO] ***** Evaluation ***** >>>> Class [2 Left Ventricle] Dice: 90.99
[2024-06-29 14:40:46,607][    INFO] ***** Evaluation ***** >>>> MeanDice: 82.71

[2024-06-29 14:40:46,801][    INFO] ===========> Epoch: 23, LR: 0.00896, Previous best: 84.30
[2024-06-29 14:40:47,890][    INFO] Iters: 0, Total loss: 0.033
[2024-06-29 14:40:48,666][    INFO] Iters: 4, Total loss: 0.040
[2024-06-29 14:40:49,676][    INFO] Iters: 8, Total loss: 0.042
[2024-06-29 14:40:50,702][    INFO] Iters: 12, Total loss: 0.046
[2024-06-29 14:40:51,792][    INFO] Iters: 16, Total loss: 0.045
[2024-06-29 14:40:52,848][    INFO] Iters: 20, Total loss: 0.046
[2024-06-29 14:40:53,864][    INFO] Iters: 24, Total loss: 0.045
[2024-06-29 14:40:54,882][    INFO] Iters: 28, Total loss: 0.045
[2024-06-29 14:40:58,226][    INFO] ***** Evaluation ***** >>>> Class [0 Right Ventricle] Dice: 81.22
[2024-06-29 14:40:58,226][    INFO] ***** Evaluation ***** >>>> Class [1 Myocardium] Dice: 83.57
[2024-06-29 14:40:58,226][    INFO] ***** Evaluation ***** >>>> Class [2 Left Ventricle] Dice: 91.91
[2024-06-29 14:40:58,226][    INFO] ***** Evaluation ***** >>>> MeanDice: 85.57

[2024-06-29 14:40:58,612][    INFO] ===========> Epoch: 24, LR: 0.00891, Previous best: 85.57
[2024-06-29 14:40:59,344][    INFO] Iters: 0, Total loss: 0.047
[2024-06-29 14:41:00,141][    INFO] Iters: 4, Total loss: 0.045
[2024-06-29 14:41:01,159][    INFO] Iters: 8, Total loss: 0.042
[2024-06-29 14:41:02,150][    INFO] Iters: 12, Total loss: 0.040
[2024-06-29 14:41:03,265][    INFO] Iters: 16, Total loss: 0.041
[2024-06-29 14:41:04,285][    INFO] Iters: 20, Total loss: 0.042
[2024-06-29 14:41:05,346][    INFO] Iters: 24, Total loss: 0.043
[2024-06-29 14:41:07,272][    INFO] Iters: 28, Total loss: 0.044
[2024-06-29 14:41:09,968][    INFO] ***** Evaluation ***** >>>> Class [0 Right Ventricle] Dice: 75.92
[2024-06-29 14:41:09,968][    INFO] ***** Evaluation ***** >>>> Class [1 Myocardium] Dice: 83.34
[2024-06-29 14:41:09,968][    INFO] ***** Evaluation ***** >>>> Class [2 Left Ventricle] Dice: 90.45
[2024-06-29 14:41:09,968][    INFO] ***** Evaluation ***** >>>> MeanDice: 83.24

[2024-06-29 14:41:10,165][    INFO] ===========> Epoch: 25, LR: 0.00887, Previous best: 85.57
[2024-06-29 14:41:10,807][    INFO] Iters: 0, Total loss: 0.046
[2024-06-29 14:41:11,658][    INFO] Iters: 4, Total loss: 0.042
[2024-06-29 14:41:12,709][    INFO] Iters: 8, Total loss: 0.048
[2024-06-29 14:41:13,806][    INFO] Iters: 12, Total loss: 0.049
[2024-06-29 14:41:15,041][    INFO] Iters: 16, Total loss: 0.047
[2024-06-29 14:41:16,568][    INFO] Iters: 20, Total loss: 0.050
[2024-06-29 14:41:18,371][    INFO] Iters: 24, Total loss: 0.049
[2024-06-29 14:41:19,377][    INFO] Iters: 28, Total loss: 0.050
[2024-06-29 14:41:21,865][    INFO] ***** Evaluation ***** >>>> Class [0 Right Ventricle] Dice: 79.05
[2024-06-29 14:41:21,865][    INFO] ***** Evaluation ***** >>>> Class [1 Myocardium] Dice: 82.59
[2024-06-29 14:41:21,865][    INFO] ***** Evaluation ***** >>>> Class [2 Left Ventricle] Dice: 90.22
[2024-06-29 14:41:21,865][    INFO] ***** Evaluation ***** >>>> MeanDice: 83.95

[2024-06-29 14:41:22,061][    INFO] ===========> Epoch: 26, LR: 0.00882, Previous best: 85.57
[2024-06-29 14:41:22,610][    INFO] Iters: 0, Total loss: 0.036
[2024-06-29 14:41:23,461][    INFO] Iters: 4, Total loss: 0.046
[2024-06-29 14:41:24,471][    INFO] Iters: 8, Total loss: 0.044
[2024-06-29 14:41:25,624][    INFO] Iters: 12, Total loss: 0.045
[2024-06-29 14:41:26,854][    INFO] Iters: 16, Total loss: 0.046
[2024-06-29 14:41:27,918][    INFO] Iters: 20, Total loss: 0.045
[2024-06-29 14:41:29,000][    INFO] Iters: 24, Total loss: 0.043
[2024-06-29 14:41:30,351][    INFO] Iters: 28, Total loss: 0.044
[2024-06-29 14:41:32,861][    INFO] ***** Evaluation ***** >>>> Class [0 Right Ventricle] Dice: 82.10
[2024-06-29 14:41:32,861][    INFO] ***** Evaluation ***** >>>> Class [1 Myocardium] Dice: 83.24
[2024-06-29 14:41:32,862][    INFO] ***** Evaluation ***** >>>> Class [2 Left Ventricle] Dice: 90.90
[2024-06-29 14:41:32,862][    INFO] ***** Evaluation ***** >>>> MeanDice: 85.41

[2024-06-29 14:41:33,057][    INFO] ===========> Epoch: 27, LR: 0.00878, Previous best: 85.57
[2024-06-29 14:41:33,510][    INFO] Iters: 0, Total loss: 0.045
[2024-06-29 14:41:34,453][    INFO] Iters: 4, Total loss: 0.042
[2024-06-29 14:41:35,551][    INFO] Iters: 8, Total loss: 0.042
[2024-06-29 14:41:36,558][    INFO] Iters: 12, Total loss: 0.045
[2024-06-29 14:41:37,777][    INFO] Iters: 16, Total loss: 0.044
[2024-06-29 14:41:38,830][    INFO] Iters: 20, Total loss: 0.047
[2024-06-29 14:41:39,809][    INFO] Iters: 24, Total loss: 0.047
[2024-06-29 14:41:40,851][    INFO] Iters: 28, Total loss: 0.047
[2024-06-29 14:41:43,361][    INFO] ***** Evaluation ***** >>>> Class [0 Right Ventricle] Dice: 80.48
[2024-06-29 14:41:43,362][    INFO] ***** Evaluation ***** >>>> Class [1 Myocardium] Dice: 81.99
[2024-06-29 14:41:43,362][    INFO] ***** Evaluation ***** >>>> Class [2 Left Ventricle] Dice: 89.98
[2024-06-29 14:41:43,362][    INFO] ***** Evaluation ***** >>>> MeanDice: 84.15

[2024-06-29 14:41:43,561][    INFO] ===========> Epoch: 28, LR: 0.00873, Previous best: 85.57
[2024-06-29 14:41:44,077][    INFO] Iters: 0, Total loss: 0.047
[2024-06-29 14:41:45,043][    INFO] Iters: 4, Total loss: 0.043
[2024-06-29 14:41:46,048][    INFO] Iters: 8, Total loss: 0.046
[2024-06-29 14:41:47,077][    INFO] Iters: 12, Total loss: 0.049
[2024-06-29 14:41:48,206][    INFO] Iters: 16, Total loss: 0.047
[2024-06-29 14:41:49,243][    INFO] Iters: 20, Total loss: 0.047
[2024-06-29 14:41:50,239][    INFO] Iters: 24, Total loss: 0.046
[2024-06-29 14:41:51,251][    INFO] Iters: 28, Total loss: 0.046
[2024-06-29 14:41:54,048][    INFO] ***** Evaluation ***** >>>> Class [0 Right Ventricle] Dice: 82.77
[2024-06-29 14:41:54,048][    INFO] ***** Evaluation ***** >>>> Class [1 Myocardium] Dice: 83.18
[2024-06-29 14:41:54,048][    INFO] ***** Evaluation ***** >>>> Class [2 Left Ventricle] Dice: 89.38
[2024-06-29 14:41:54,049][    INFO] ***** Evaluation ***** >>>> MeanDice: 85.11

[2024-06-29 14:41:54,245][    INFO] ===========> Epoch: 29, LR: 0.00869, Previous best: 85.57
[2024-06-29 14:41:54,843][    INFO] Iters: 0, Total loss: 0.042
[2024-06-29 14:41:55,686][    INFO] Iters: 4, Total loss: 0.043
[2024-06-29 14:41:56,737][    INFO] Iters: 8, Total loss: 0.041
[2024-06-29 14:41:57,759][    INFO] Iters: 12, Total loss: 0.041
[2024-06-29 14:41:58,912][    INFO] Iters: 16, Total loss: 0.043
[2024-06-29 14:41:59,892][    INFO] Iters: 20, Total loss: 0.046
[2024-06-29 14:42:00,888][    INFO] Iters: 24, Total loss: 0.045
[2024-06-29 14:42:01,867][    INFO] Iters: 28, Total loss: 0.045
[2024-06-29 14:42:04,409][    INFO] ***** Evaluation ***** >>>> Class [0 Right Ventricle] Dice: 83.61
[2024-06-29 14:42:04,410][    INFO] ***** Evaluation ***** >>>> Class [1 Myocardium] Dice: 81.68
[2024-06-29 14:42:04,410][    INFO] ***** Evaluation ***** >>>> Class [2 Left Ventricle] Dice: 91.14
[2024-06-29 14:42:04,410][    INFO] ***** Evaluation ***** >>>> MeanDice: 85.48

[2024-06-29 14:42:04,607][    INFO] ===========> Epoch: 30, LR: 0.00864, Previous best: 85.57
[2024-06-29 14:42:05,185][    INFO] Iters: 0, Total loss: 0.038
[2024-06-29 14:42:06,360][    INFO] Iters: 4, Total loss: 0.036
[2024-06-29 14:42:07,367][    INFO] Iters: 8, Total loss: 0.042
[2024-06-29 14:42:08,367][    INFO] Iters: 12, Total loss: 0.042
[2024-06-29 14:42:09,514][    INFO] Iters: 16, Total loss: 0.043
[2024-06-29 14:42:10,586][    INFO] Iters: 20, Total loss: 0.043
[2024-06-29 14:42:11,576][    INFO] Iters: 24, Total loss: 0.043
[2024-06-29 14:42:12,606][    INFO] Iters: 28, Total loss: 0.044
[2024-06-29 14:42:15,188][    INFO] ***** Evaluation ***** >>>> Class [0 Right Ventricle] Dice: 80.06
[2024-06-29 14:42:15,189][    INFO] ***** Evaluation ***** >>>> Class [1 Myocardium] Dice: 85.30
[2024-06-29 14:42:15,189][    INFO] ***** Evaluation ***** >>>> Class [2 Left Ventricle] Dice: 90.95
[2024-06-29 14:42:15,189][    INFO] ***** Evaluation ***** >>>> MeanDice: 85.44

[2024-06-29 14:42:15,385][    INFO] ===========> Epoch: 31, LR: 0.00859, Previous best: 85.57
[2024-06-29 14:42:16,093][    INFO] Iters: 0, Total loss: 0.041
[2024-06-29 14:42:16,858][    INFO] Iters: 4, Total loss: 0.048
[2024-06-29 14:42:17,851][    INFO] Iters: 8, Total loss: 0.046
[2024-06-29 14:42:19,163][    INFO] Iters: 12, Total loss: 0.044
[2024-06-29 14:42:20,323][    INFO] Iters: 16, Total loss: 0.043
[2024-06-29 14:42:21,381][    INFO] Iters: 20, Total loss: 0.043
[2024-06-29 14:42:22,462][    INFO] Iters: 24, Total loss: 0.043
[2024-06-29 14:42:23,453][    INFO] Iters: 28, Total loss: 0.043
[2024-06-29 14:42:26,096][    INFO] ***** Evaluation ***** >>>> Class [0 Right Ventricle] Dice: 81.81
[2024-06-29 14:42:26,096][    INFO] ***** Evaluation ***** >>>> Class [1 Myocardium] Dice: 82.07
[2024-06-29 14:42:26,096][    INFO] ***** Evaluation ***** >>>> Class [2 Left Ventricle] Dice: 89.34
[2024-06-29 14:42:26,096][    INFO] ***** Evaluation ***** >>>> MeanDice: 84.41

[2024-06-29 14:42:26,292][    INFO] ===========> Epoch: 32, LR: 0.00855, Previous best: 85.57
[2024-06-29 14:42:27,032][    INFO] Iters: 0, Total loss: 0.033
[2024-06-29 14:42:27,811][    INFO] Iters: 4, Total loss: 0.043
[2024-06-29 14:42:28,869][    INFO] Iters: 8, Total loss: 0.044
[2024-06-29 14:42:29,877][    INFO] Iters: 12, Total loss: 0.045
[2024-06-29 14:42:31,391][    INFO] Iters: 16, Total loss: 0.046
[2024-06-29 14:42:32,374][    INFO] Iters: 20, Total loss: 0.044
[2024-06-29 14:42:33,312][    INFO] Iters: 24, Total loss: 0.045
[2024-06-29 14:42:34,340][    INFO] Iters: 28, Total loss: 0.044
[2024-06-29 14:42:36,965][    INFO] ***** Evaluation ***** >>>> Class [0 Right Ventricle] Dice: 82.44
[2024-06-29 14:42:36,966][    INFO] ***** Evaluation ***** >>>> Class [1 Myocardium] Dice: 80.37
[2024-06-29 14:42:36,966][    INFO] ***** Evaluation ***** >>>> Class [2 Left Ventricle] Dice: 89.36
[2024-06-29 14:42:36,966][    INFO] ***** Evaluation ***** >>>> MeanDice: 84.06

[2024-06-29 14:42:37,161][    INFO] ===========> Epoch: 33, LR: 0.00850, Previous best: 85.57
[2024-06-29 14:42:37,852][    INFO] Iters: 0, Total loss: 0.039
[2024-06-29 14:42:38,612][    INFO] Iters: 4, Total loss: 0.039
[2024-06-29 14:42:39,720][    INFO] Iters: 8, Total loss: 0.042
[2024-06-29 14:42:40,744][    INFO] Iters: 12, Total loss: 0.043
[2024-06-29 14:42:41,947][    INFO] Iters: 16, Total loss: 0.043
[2024-06-29 14:42:43,019][    INFO] Iters: 20, Total loss: 0.042
[2024-06-29 14:42:44,409][    INFO] Iters: 24, Total loss: 0.042
[2024-06-29 14:42:45,396][    INFO] Iters: 28, Total loss: 0.044
[2024-06-29 14:42:47,951][    INFO] ***** Evaluation ***** >>>> Class [0 Right Ventricle] Dice: 79.70
[2024-06-29 14:42:47,951][    INFO] ***** Evaluation ***** >>>> Class [1 Myocardium] Dice: 83.41
[2024-06-29 14:42:47,951][    INFO] ***** Evaluation ***** >>>> Class [2 Left Ventricle] Dice: 91.42
[2024-06-29 14:42:47,951][    INFO] ***** Evaluation ***** >>>> MeanDice: 84.84

[2024-06-29 14:42:48,147][    INFO] ===========> Epoch: 34, LR: 0.00846, Previous best: 85.57
[2024-06-29 14:42:48,658][    INFO] Iters: 0, Total loss: 0.034
[2024-06-29 14:42:49,613][    INFO] Iters: 4, Total loss: 0.041
[2024-06-29 14:42:50,616][    INFO] Iters: 8, Total loss: 0.039
[2024-06-29 14:42:51,679][    INFO] Iters: 12, Total loss: 0.041
[2024-06-29 14:42:52,832][    INFO] Iters: 16, Total loss: 0.040
[2024-06-29 14:42:53,789][    INFO] Iters: 20, Total loss: 0.041
[2024-06-29 14:42:54,738][    INFO] Iters: 24, Total loss: 0.041
[2024-06-29 14:42:56,186][    INFO] Iters: 28, Total loss: 0.041
[2024-06-29 14:42:58,665][    INFO] ***** Evaluation ***** >>>> Class [0 Right Ventricle] Dice: 83.85
[2024-06-29 14:42:58,666][    INFO] ***** Evaluation ***** >>>> Class [1 Myocardium] Dice: 85.92
[2024-06-29 14:42:58,666][    INFO] ***** Evaluation ***** >>>> Class [2 Left Ventricle] Dice: 92.55
[2024-06-29 14:42:58,666][    INFO] ***** Evaluation ***** >>>> MeanDice: 87.44

[2024-06-29 14:42:59,051][    INFO] ===========> Epoch: 35, LR: 0.00841, Previous best: 87.44
[2024-06-29 14:42:59,489][    INFO] Iters: 0, Total loss: 0.043
[2024-06-29 14:43:00,378][    INFO] Iters: 4, Total loss: 0.036
[2024-06-29 14:43:01,390][    INFO] Iters: 8, Total loss: 0.042
[2024-06-29 14:43:02,400][    INFO] Iters: 12, Total loss: 0.040
[2024-06-29 14:43:03,543][    INFO] Iters: 16, Total loss: 0.042
[2024-06-29 14:43:04,499][    INFO] Iters: 20, Total loss: 0.042
[2024-06-29 14:43:05,921][    INFO] Iters: 24, Total loss: 0.041
[2024-06-29 14:43:07,373][    INFO] Iters: 28, Total loss: 0.044
[2024-06-29 14:43:09,702][    INFO] ***** Evaluation ***** >>>> Class [0 Right Ventricle] Dice: 82.24
[2024-06-29 14:43:09,702][    INFO] ***** Evaluation ***** >>>> Class [1 Myocardium] Dice: 85.54
[2024-06-29 14:43:09,702][    INFO] ***** Evaluation ***** >>>> Class [2 Left Ventricle] Dice: 92.55
[2024-06-29 14:43:09,702][    INFO] ***** Evaluation ***** >>>> MeanDice: 86.77

[2024-06-29 14:43:09,901][    INFO] ===========> Epoch: 36, LR: 0.00837, Previous best: 87.44
[2024-06-29 14:43:10,439][    INFO] Iters: 0, Total loss: 0.041
[2024-06-29 14:43:11,454][    INFO] Iters: 4, Total loss: 0.040
[2024-06-29 14:43:12,488][    INFO] Iters: 8, Total loss: 0.043
[2024-06-29 14:43:13,480][    INFO] Iters: 12, Total loss: 0.042
[2024-06-29 14:43:14,653][    INFO] Iters: 16, Total loss: 0.040
[2024-06-29 14:43:16,110][    INFO] Iters: 20, Total loss: 0.039
[2024-06-29 14:43:17,537][    INFO] Iters: 24, Total loss: 0.039
[2024-06-29 14:43:18,639][    INFO] Iters: 28, Total loss: 0.040
[2024-06-29 14:43:21,281][    INFO] ***** Evaluation ***** >>>> Class [0 Right Ventricle] Dice: 83.49
[2024-06-29 14:43:21,281][    INFO] ***** Evaluation ***** >>>> Class [1 Myocardium] Dice: 83.97
[2024-06-29 14:43:21,281][    INFO] ***** Evaluation ***** >>>> Class [2 Left Ventricle] Dice: 91.06
[2024-06-29 14:43:21,281][    INFO] ***** Evaluation ***** >>>> MeanDice: 86.17

[2024-06-29 14:43:21,478][    INFO] ===========> Epoch: 37, LR: 0.00832, Previous best: 87.44
[2024-06-29 14:43:22,013][    INFO] Iters: 0, Total loss: 0.035
[2024-06-29 14:43:22,927][    INFO] Iters: 4, Total loss: 0.036
[2024-06-29 14:43:23,925][    INFO] Iters: 8, Total loss: 0.035
[2024-06-29 14:43:24,944][    INFO] Iters: 12, Total loss: 0.043
[2024-06-29 14:43:27,059][    INFO] Iters: 16, Total loss: 0.041
[2024-06-29 14:43:28,038][    INFO] Iters: 20, Total loss: 0.040
[2024-06-29 14:43:29,064][    INFO] Iters: 24, Total loss: 0.041
[2024-06-29 14:43:30,077][    INFO] Iters: 28, Total loss: 0.042
[2024-06-29 14:43:32,675][    INFO] ***** Evaluation ***** >>>> Class [0 Right Ventricle] Dice: 82.11
[2024-06-29 14:43:32,675][    INFO] ***** Evaluation ***** >>>> Class [1 Myocardium] Dice: 84.01
[2024-06-29 14:43:32,675][    INFO] ***** Evaluation ***** >>>> Class [2 Left Ventricle] Dice: 90.92
[2024-06-29 14:43:32,675][    INFO] ***** Evaluation ***** >>>> MeanDice: 85.68

[2024-06-29 14:43:32,870][    INFO] ===========> Epoch: 38, LR: 0.00827, Previous best: 87.44
[2024-06-29 14:43:33,481][    INFO] Iters: 0, Total loss: 0.033
[2024-06-29 14:43:34,302][    INFO] Iters: 4, Total loss: 0.043
[2024-06-29 14:43:35,841][    INFO] Iters: 8, Total loss: 0.039
[2024-06-29 14:43:37,337][    INFO] Iters: 12, Total loss: 0.040
[2024-06-29 14:43:38,572][    INFO] Iters: 16, Total loss: 0.039
[2024-06-29 14:43:39,680][    INFO] Iters: 20, Total loss: 0.039
[2024-06-29 14:43:40,681][    INFO] Iters: 24, Total loss: 0.038
[2024-06-29 14:43:41,706][    INFO] Iters: 28, Total loss: 0.040
[2024-06-29 14:43:44,238][    INFO] ***** Evaluation ***** >>>> Class [0 Right Ventricle] Dice: 82.50
[2024-06-29 14:43:44,238][    INFO] ***** Evaluation ***** >>>> Class [1 Myocardium] Dice: 85.13
[2024-06-29 14:43:44,238][    INFO] ***** Evaluation ***** >>>> Class [2 Left Ventricle] Dice: 91.48
[2024-06-29 14:43:44,239][    INFO] ***** Evaluation ***** >>>> MeanDice: 86.37

[2024-06-29 14:43:44,436][    INFO] ===========> Epoch: 39, LR: 0.00823, Previous best: 87.44
[2024-06-29 14:43:45,410][    INFO] Iters: 0, Total loss: 0.028
[2024-06-29 14:43:46,740][    INFO] Iters: 4, Total loss: 0.035
[2024-06-29 14:43:47,781][    INFO] Iters: 8, Total loss: 0.036
[2024-06-29 14:43:48,841][    INFO] Iters: 12, Total loss: 0.044
[2024-06-29 14:43:49,985][    INFO] Iters: 16, Total loss: 0.045
[2024-06-29 14:43:50,957][    INFO] Iters: 20, Total loss: 0.045
[2024-06-29 14:43:51,958][    INFO] Iters: 24, Total loss: 0.043
[2024-06-29 14:43:52,968][    INFO] Iters: 28, Total loss: 0.044
[2024-06-29 14:43:56,372][    INFO] ***** Evaluation ***** >>>> Class [0 Right Ventricle] Dice: 83.95
[2024-06-29 14:43:56,372][    INFO] ***** Evaluation ***** >>>> Class [1 Myocardium] Dice: 85.58
[2024-06-29 14:43:56,372][    INFO] ***** Evaluation ***** >>>> Class [2 Left Ventricle] Dice: 91.23
[2024-06-29 14:43:56,372][    INFO] ***** Evaluation ***** >>>> MeanDice: 86.92

[2024-06-29 14:43:56,569][    INFO] ===========> Epoch: 40, LR: 0.00818, Previous best: 87.44
[2024-06-29 14:43:57,284][    INFO] Iters: 0, Total loss: 0.065
[2024-06-29 14:43:58,048][    INFO] Iters: 4, Total loss: 0.045
[2024-06-29 14:43:59,035][    INFO] Iters: 8, Total loss: 0.042
[2024-06-29 14:44:00,091][    INFO] Iters: 12, Total loss: 0.043
[2024-06-29 14:44:01,234][    INFO] Iters: 16, Total loss: 0.040
[2024-06-29 14:44:02,220][    INFO] Iters: 20, Total loss: 0.040
[2024-06-29 14:44:03,214][    INFO] Iters: 24, Total loss: 0.039
[2024-06-29 14:44:04,688][    INFO] Iters: 28, Total loss: 0.039
[2024-06-29 14:44:07,935][    INFO] ***** Evaluation ***** >>>> Class [0 Right Ventricle] Dice: 81.85
[2024-06-29 14:44:07,936][    INFO] ***** Evaluation ***** >>>> Class [1 Myocardium] Dice: 84.80
[2024-06-29 14:44:07,936][    INFO] ***** Evaluation ***** >>>> Class [2 Left Ventricle] Dice: 91.18
[2024-06-29 14:44:07,936][    INFO] ***** Evaluation ***** >>>> MeanDice: 85.95

[2024-06-29 14:44:08,131][    INFO] ===========> Epoch: 41, LR: 0.00814, Previous best: 87.44
[2024-06-29 14:44:08,570][    INFO] Iters: 0, Total loss: 0.028
[2024-06-29 14:44:09,572][    INFO] Iters: 4, Total loss: 0.036
[2024-06-29 14:44:10,575][    INFO] Iters: 8, Total loss: 0.036
[2024-06-29 14:44:11,634][    INFO] Iters: 12, Total loss: 0.038
[2024-06-29 14:44:12,769][    INFO] Iters: 16, Total loss: 0.038
[2024-06-29 14:44:13,741][    INFO] Iters: 20, Total loss: 0.037
[2024-06-29 14:44:15,207][    INFO] Iters: 24, Total loss: 0.036
[2024-06-29 14:44:16,962][    INFO] Iters: 28, Total loss: 0.037
[2024-06-29 14:44:19,546][    INFO] ***** Evaluation ***** >>>> Class [0 Right Ventricle] Dice: 84.06
[2024-06-29 14:44:19,546][    INFO] ***** Evaluation ***** >>>> Class [1 Myocardium] Dice: 83.83
[2024-06-29 14:44:19,546][    INFO] ***** Evaluation ***** >>>> Class [2 Left Ventricle] Dice: 89.77
[2024-06-29 14:44:19,546][    INFO] ***** Evaluation ***** >>>> MeanDice: 85.89

[2024-06-29 14:44:19,742][    INFO] ===========> Epoch: 42, LR: 0.00809, Previous best: 87.44
[2024-06-29 14:44:20,497][    INFO] Iters: 0, Total loss: 0.028
[2024-06-29 14:44:21,297][    INFO] Iters: 4, Total loss: 0.031
[2024-06-29 14:44:22,306][    INFO] Iters: 8, Total loss: 0.035
[2024-06-29 14:44:23,322][    INFO] Iters: 12, Total loss: 0.035
[2024-06-29 14:44:24,479][    INFO] Iters: 16, Total loss: 0.036
[2024-06-29 14:44:25,447][    INFO] Iters: 20, Total loss: 0.036
[2024-06-29 14:44:26,435][    INFO] Iters: 24, Total loss: 0.036
[2024-06-29 14:44:27,436][    INFO] Iters: 28, Total loss: 0.036
[2024-06-29 14:44:30,015][    INFO] ***** Evaluation ***** >>>> Class [0 Right Ventricle] Dice: 86.60
[2024-06-29 14:44:30,016][    INFO] ***** Evaluation ***** >>>> Class [1 Myocardium] Dice: 85.01
[2024-06-29 14:44:30,016][    INFO] ***** Evaluation ***** >>>> Class [2 Left Ventricle] Dice: 91.01
[2024-06-29 14:44:30,016][    INFO] ***** Evaluation ***** >>>> MeanDice: 87.54

[2024-06-29 14:44:30,405][    INFO] ===========> Epoch: 43, LR: 0.00804, Previous best: 87.54
[2024-06-29 14:44:30,970][    INFO] Iters: 0, Total loss: 0.034
[2024-06-29 14:44:31,895][    INFO] Iters: 4, Total loss: 0.041
[2024-06-29 14:44:32,940][    INFO] Iters: 8, Total loss: 0.044
[2024-06-29 14:44:33,940][    INFO] Iters: 12, Total loss: 0.041
[2024-06-29 14:44:35,273][    INFO] Iters: 16, Total loss: 0.039
[2024-06-29 14:44:36,320][    INFO] Iters: 20, Total loss: 0.039
[2024-06-29 14:44:37,325][    INFO] Iters: 24, Total loss: 0.038
[2024-06-29 14:44:38,322][    INFO] Iters: 28, Total loss: 0.041
[2024-06-29 14:44:41,158][    INFO] ***** Evaluation ***** >>>> Class [0 Right Ventricle] Dice: 85.44
[2024-06-29 14:44:41,158][    INFO] ***** Evaluation ***** >>>> Class [1 Myocardium] Dice: 85.70
[2024-06-29 14:44:41,158][    INFO] ***** Evaluation ***** >>>> Class [2 Left Ventricle] Dice: 91.74
[2024-06-29 14:44:41,158][    INFO] ***** Evaluation ***** >>>> MeanDice: 87.63

[2024-06-29 14:44:41,546][    INFO] ===========> Epoch: 44, LR: 0.00800, Previous best: 87.63
[2024-06-29 14:44:42,034][    INFO] Iters: 0, Total loss: 0.033
[2024-06-29 14:44:43,029][    INFO] Iters: 4, Total loss: 0.034
[2024-06-29 14:44:44,155][    INFO] Iters: 8, Total loss: 0.037
[2024-06-29 14:44:45,144][    INFO] Iters: 12, Total loss: 0.034
[2024-06-29 14:44:46,279][    INFO] Iters: 16, Total loss: 0.035
[2024-06-29 14:44:47,339][    INFO] Iters: 20, Total loss: 0.035
[2024-06-29 14:44:48,380][    INFO] Iters: 24, Total loss: 0.035
[2024-06-29 14:44:49,441][    INFO] Iters: 28, Total loss: 0.035
[2024-06-29 14:44:52,019][    INFO] ***** Evaluation ***** >>>> Class [0 Right Ventricle] Dice: 82.37
[2024-06-29 14:44:52,020][    INFO] ***** Evaluation ***** >>>> Class [1 Myocardium] Dice: 83.89
[2024-06-29 14:44:52,020][    INFO] ***** Evaluation ***** >>>> Class [2 Left Ventricle] Dice: 91.86
[2024-06-29 14:44:52,020][    INFO] ***** Evaluation ***** >>>> MeanDice: 86.04

[2024-06-29 14:44:52,235][    INFO] ===========> Epoch: 45, LR: 0.00795, Previous best: 87.63
[2024-06-29 14:44:52,888][    INFO] Iters: 0, Total loss: 0.027
[2024-06-29 14:44:53,888][    INFO] Iters: 4, Total loss: 0.029
[2024-06-29 14:44:54,880][    INFO] Iters: 8, Total loss: 0.033
[2024-06-29 14:44:55,939][    INFO] Iters: 12, Total loss: 0.035
[2024-06-29 14:44:57,145][    INFO] Iters: 16, Total loss: 0.036
[2024-06-29 14:44:58,188][    INFO] Iters: 20, Total loss: 0.034
[2024-06-29 14:44:59,204][    INFO] Iters: 24, Total loss: 0.039
[2024-06-29 14:45:00,256][    INFO] Iters: 28, Total loss: 0.038
[2024-06-29 14:45:02,910][    INFO] ***** Evaluation ***** >>>> Class [0 Right Ventricle] Dice: 85.87
[2024-06-29 14:45:02,910][    INFO] ***** Evaluation ***** >>>> Class [1 Myocardium] Dice: 86.64
[2024-06-29 14:45:02,910][    INFO] ***** Evaluation ***** >>>> Class [2 Left Ventricle] Dice: 92.64
[2024-06-29 14:45:02,910][    INFO] ***** Evaluation ***** >>>> MeanDice: 88.38

[2024-06-29 14:45:03,297][    INFO] ===========> Epoch: 46, LR: 0.00791, Previous best: 88.38
[2024-06-29 14:45:03,834][    INFO] Iters: 0, Total loss: 0.039
[2024-06-29 14:45:04,662][    INFO] Iters: 4, Total loss: 0.038
[2024-06-29 14:45:06,004][    INFO] Iters: 8, Total loss: 0.036
[2024-06-29 14:45:07,058][    INFO] Iters: 12, Total loss: 0.035
[2024-06-29 14:45:08,297][    INFO] Iters: 16, Total loss: 0.035
[2024-06-29 14:45:09,298][    INFO] Iters: 20, Total loss: 0.034
[2024-06-29 14:45:10,283][    INFO] Iters: 24, Total loss: 0.034
[2024-06-29 14:45:11,256][    INFO] Iters: 28, Total loss: 0.034
[2024-06-29 14:45:18,976][    INFO] ***** Evaluation ***** >>>> Class [0 Right Ventricle] Dice: 82.91
[2024-06-29 14:45:18,976][    INFO] ***** Evaluation ***** >>>> Class [1 Myocardium] Dice: 86.25
[2024-06-29 14:45:18,976][    INFO] ***** Evaluation ***** >>>> Class [2 Left Ventricle] Dice: 91.92
[2024-06-29 14:45:18,977][    INFO] ***** Evaluation ***** >>>> MeanDice: 87.03

[2024-06-29 14:45:19,174][    INFO] ===========> Epoch: 47, LR: 0.00786, Previous best: 88.38
[2024-06-29 14:45:19,662][    INFO] Iters: 0, Total loss: 0.041
[2024-06-29 14:45:20,613][    INFO] Iters: 4, Total loss: 0.037
[2024-06-29 14:45:21,587][    INFO] Iters: 8, Total loss: 0.046
[2024-06-29 14:45:22,613][    INFO] Iters: 12, Total loss: 0.043
[2024-06-29 14:45:23,737][    INFO] Iters: 16, Total loss: 0.043
[2024-06-29 14:45:24,723][    INFO] Iters: 20, Total loss: 0.042
[2024-06-29 14:45:25,770][    INFO] Iters: 24, Total loss: 0.041
[2024-06-29 14:45:26,789][    INFO] Iters: 28, Total loss: 0.041
[2024-06-29 14:45:29,273][    INFO] ***** Evaluation ***** >>>> Class [0 Right Ventricle] Dice: 82.79
[2024-06-29 14:45:29,274][    INFO] ***** Evaluation ***** >>>> Class [1 Myocardium] Dice: 85.65
[2024-06-29 14:45:29,274][    INFO] ***** Evaluation ***** >>>> Class [2 Left Ventricle] Dice: 91.16
[2024-06-29 14:45:29,274][    INFO] ***** Evaluation ***** >>>> MeanDice: 86.53

[2024-06-29 14:45:29,471][    INFO] ===========> Epoch: 48, LR: 0.00781, Previous best: 88.38
[2024-06-29 14:45:29,971][    INFO] Iters: 0, Total loss: 0.020
[2024-06-29 14:45:31,273][    INFO] Iters: 4, Total loss: 0.028
[2024-06-29 14:45:32,276][    INFO] Iters: 8, Total loss: 0.028
[2024-06-29 14:45:33,229][    INFO] Iters: 12, Total loss: 0.032
[2024-06-29 14:45:34,375][    INFO] Iters: 16, Total loss: 0.037
[2024-06-29 14:45:35,390][    INFO] Iters: 20, Total loss: 0.037
[2024-06-29 14:45:36,387][    INFO] Iters: 24, Total loss: 0.037
[2024-06-29 14:45:37,387][    INFO] Iters: 28, Total loss: 0.038
[2024-06-29 14:45:39,897][    INFO] ***** Evaluation ***** >>>> Class [0 Right Ventricle] Dice: 85.71
[2024-06-29 14:45:39,897][    INFO] ***** Evaluation ***** >>>> Class [1 Myocardium] Dice: 85.00
[2024-06-29 14:45:39,897][    INFO] ***** Evaluation ***** >>>> Class [2 Left Ventricle] Dice: 91.58
[2024-06-29 14:45:39,897][    INFO] ***** Evaluation ***** >>>> MeanDice: 87.43

slurmstepd-apollo: error: *** JOB 2628 ON apollo CANCELLED AT 2024-06-29T14:45:39 ***
