[2024-07-01 19:21:00,082][    INFO] {'batch_size': 12,
 'conf_thresh': 0.95,
 'crop_size': 256,
 'ctrl': 'age sex ethnicity',
 'data_desc': 'UKBB Train Data - 182 Patients - 18 Labeled, Rest Unlabeled',
 'data_root': '/vol/aimspace/projects/ukbb/data/cardiac/cardiac_segmentations/subjects',
 'dataset': 'ukbb',
 'epochs': 200,
 'exp': '4',
 'local_rank': 0,
 'lr': 0.01,
 'mode': 'train',
 'model_desc': 'Unimatch Unet 18 Training on UKBB',
 'multi_task': True,
 'nclass': 4,
 'ngpus': 1,
 'num_workers': 1,
 'port': 8318,
 'seed': '42',
 'split': 18,
 'visualize': False}

[2024-07-01 19:21:00,639][    INFO] Total params: 1.9M

[2024-07-01 19:21:02,236][    INFO] ************ Load from checkpoint at epoch 38

[2024-07-01 19:21:02,236][    INFO] ===========> Epoch: 39, LR: 0.00882, Previous best: 90.33
[2024-07-01 19:21:13,954][    INFO] Iters: 0, Total loss: 0.173
[2024-07-01 19:22:01,788][    INFO] Iters: 15, Total loss: 0.154
[2024-07-01 19:22:36,562][    INFO] Iters: 30, Total loss: 0.149
[2024-07-01 19:22:53,918][    INFO] Iters: 45, Total loss: 0.142
[2024-07-01 19:23:05,637][    INFO] Iters: 60, Total loss: 0.129
[2024-07-01 19:23:18,003][    INFO] Iters: 75, Total loss: 0.130
[2024-07-01 19:23:26,748][    INFO] Iters: 90, Total loss: 0.127
[2024-07-01 19:23:32,186][    INFO] Iters: 105, Total loss: 0.125
[2024-07-01 19:23:55,271][    INFO] ***** Evaluation ***** >>>> Class [0 Right Ventricle] Dice: 87.50
[2024-07-01 19:23:55,271][    INFO] ***** Evaluation ***** >>>> Class [1 Myocardium] Dice: 89.23
[2024-07-01 19:23:55,271][    INFO] ***** Evaluation ***** >>>> Class [2 Left Ventricle] Dice: 94.60
[2024-07-01 19:23:55,271][    INFO] ***** Evaluation ***** >>>> MeanDice: 90.45

[2024-07-01 19:23:55,271][    INFO] ***** Evaluation ***** >>>> Classifications Accuracy: 48.61111111111111

[2024-07-01 19:23:56,546][    INFO] ===========> Epoch: 40, LR: 0.00818, Previous best: 90.45
[2024-07-01 19:23:56,979][    INFO] Iters: 0, Total loss: 0.171
[2024-07-01 19:24:01,851][    INFO] Iters: 15, Total loss: 0.120
[2024-07-01 19:24:05,903][    INFO] Iters: 30, Total loss: 0.115
[2024-07-01 19:24:11,228][    INFO] Iters: 45, Total loss: 0.111
[2024-07-01 19:24:19,033][    INFO] Iters: 60, Total loss: 0.117
[2024-07-01 19:24:24,489][    INFO] Iters: 75, Total loss: 0.118
[2024-07-01 19:24:28,896][    INFO] Iters: 90, Total loss: 0.121
[2024-07-01 19:24:32,589][    INFO] Iters: 105, Total loss: 0.121
[2024-07-01 19:24:40,786][    INFO] ***** Evaluation ***** >>>> Class [0 Right Ventricle] Dice: 79.21
[2024-07-01 19:24:40,786][    INFO] ***** Evaluation ***** >>>> Class [1 Myocardium] Dice: 83.67
[2024-07-01 19:24:40,786][    INFO] ***** Evaluation ***** >>>> Class [2 Left Ventricle] Dice: 92.97
[2024-07-01 19:24:40,786][    INFO] ***** Evaluation ***** >>>> MeanDice: 85.29

[2024-07-01 19:24:40,786][    INFO] ***** Evaluation ***** >>>> Classifications Accuracy: 42.592592592592595

[2024-07-01 19:24:41,197][    INFO] ===========> Epoch: 41, LR: 0.00813, Previous best: 90.45
[2024-07-01 19:24:41,819][    INFO] Iters: 0, Total loss: 0.096
[2024-07-01 19:24:45,647][    INFO] Iters: 15, Total loss: 0.099
[2024-07-01 19:24:49,788][    INFO] Iters: 30, Total loss: 0.117
[2024-07-01 19:24:57,032][    INFO] Iters: 45, Total loss: 0.127
[2024-07-01 19:25:06,143][    INFO] Iters: 60, Total loss: 0.131
[2024-07-01 19:25:13,639][    INFO] Iters: 75, Total loss: 0.129
[2024-07-01 19:25:22,030][    INFO] Iters: 90, Total loss: 0.134
[2024-07-01 19:25:29,847][    INFO] Iters: 105, Total loss: 0.130
[2024-07-01 19:25:40,214][    INFO] ***** Evaluation ***** >>>> Class [0 Right Ventricle] Dice: 87.06
[2024-07-01 19:25:40,214][    INFO] ***** Evaluation ***** >>>> Class [1 Myocardium] Dice: 88.52
[2024-07-01 19:25:40,214][    INFO] ***** Evaluation ***** >>>> Class [2 Left Ventricle] Dice: 94.89
[2024-07-01 19:25:40,214][    INFO] ***** Evaluation ***** >>>> MeanDice: 90.15

[2024-07-01 19:25:40,214][    INFO] ***** Evaluation ***** >>>> Classifications Accuracy: 45.83333333333333

[2024-07-01 19:25:40,540][    INFO] ===========> Epoch: 42, LR: 0.00809, Previous best: 90.45
[2024-07-01 19:25:40,948][    INFO] Iters: 0, Total loss: 0.050
[2024-07-01 19:25:45,096][    INFO] Iters: 15, Total loss: 0.119
[2024-07-01 19:25:50,329][    INFO] Iters: 30, Total loss: 0.118
[2024-07-01 19:25:56,696][    INFO] Iters: 45, Total loss: 0.115
[2024-07-01 19:26:03,732][    INFO] Iters: 60, Total loss: 0.115
[2024-07-01 19:26:10,686][    INFO] Iters: 75, Total loss: 0.115
[2024-07-01 19:26:18,307][    INFO] Iters: 90, Total loss: 0.118
[2024-07-01 19:26:26,823][    INFO] Iters: 105, Total loss: 0.116
[2024-07-01 19:26:40,252][    INFO] ***** Evaluation ***** >>>> Class [0 Right Ventricle] Dice: 88.22
[2024-07-01 19:26:40,252][    INFO] ***** Evaluation ***** >>>> Class [1 Myocardium] Dice: 89.13
[2024-07-01 19:26:40,252][    INFO] ***** Evaluation ***** >>>> Class [2 Left Ventricle] Dice: 95.24
[2024-07-01 19:26:40,252][    INFO] ***** Evaluation ***** >>>> MeanDice: 90.86

[2024-07-01 19:26:40,252][    INFO] ***** Evaluation ***** >>>> Classifications Accuracy: 46.75925925925926

[2024-07-01 19:26:40,697][    INFO] ===========> Epoch: 43, LR: 0.00804, Previous best: 90.86
[2024-07-01 19:26:41,107][    INFO] Iters: 0, Total loss: 0.111
[2024-07-01 19:26:44,985][    INFO] Iters: 15, Total loss: 0.114
[2024-07-01 19:26:49,158][    INFO] Iters: 30, Total loss: 0.111
[2024-07-01 19:26:53,863][    INFO] Iters: 45, Total loss: 0.119
[2024-07-01 19:26:58,530][    INFO] Iters: 60, Total loss: 0.125
[2024-07-01 19:27:03,369][    INFO] Iters: 75, Total loss: 0.125
[2024-07-01 19:27:08,068][    INFO] Iters: 90, Total loss: 0.121
[2024-07-01 19:27:12,686][    INFO] Iters: 105, Total loss: 0.125
[2024-07-01 19:27:23,899][    INFO] ***** Evaluation ***** >>>> Class [0 Right Ventricle] Dice: 86.15
[2024-07-01 19:27:23,899][    INFO] ***** Evaluation ***** >>>> Class [1 Myocardium] Dice: 87.98
[2024-07-01 19:27:23,899][    INFO] ***** Evaluation ***** >>>> Class [2 Left Ventricle] Dice: 94.40
[2024-07-01 19:27:23,899][    INFO] ***** Evaluation ***** >>>> MeanDice: 89.51

[2024-07-01 19:27:23,900][    INFO] ***** Evaluation ***** >>>> Classifications Accuracy: 54.166666666666664

[2024-07-01 19:27:24,382][    INFO] ===========> Epoch: 44, LR: 0.00800, Previous best: 90.86
[2024-07-01 19:27:24,837][    INFO] Iters: 0, Total loss: 0.161
[2024-07-01 19:27:30,582][    INFO] Iters: 15, Total loss: 0.109
[2024-07-01 19:27:34,699][    INFO] Iters: 30, Total loss: 0.096
[2024-07-01 19:27:38,204][    INFO] Iters: 45, Total loss: 0.103
[2024-07-01 19:27:41,918][    INFO] Iters: 60, Total loss: 0.114
[2024-07-01 19:27:46,352][    INFO] Iters: 75, Total loss: 0.118
[2024-07-01 19:27:49,756][    INFO] Iters: 90, Total loss: 0.124
[2024-07-01 19:27:53,408][    INFO] Iters: 105, Total loss: 0.126
[2024-07-01 19:28:02,585][    INFO] ***** Evaluation ***** >>>> Class [0 Right Ventricle] Dice: 86.73
[2024-07-01 19:28:02,586][    INFO] ***** Evaluation ***** >>>> Class [1 Myocardium] Dice: 88.90
[2024-07-01 19:28:02,586][    INFO] ***** Evaluation ***** >>>> Class [2 Left Ventricle] Dice: 94.54
[2024-07-01 19:28:02,586][    INFO] ***** Evaluation ***** >>>> MeanDice: 90.05

[2024-07-01 19:28:02,586][    INFO] ***** Evaluation ***** >>>> Classifications Accuracy: 44.907407407407405

[2024-07-01 19:28:02,906][    INFO] ===========> Epoch: 45, LR: 0.00795, Previous best: 90.86
[2024-07-01 19:28:03,413][    INFO] Iters: 0, Total loss: 0.051
[2024-07-01 19:28:07,548][    INFO] Iters: 15, Total loss: 0.109
[2024-07-01 19:28:12,108][    INFO] Iters: 30, Total loss: 0.111
[2024-07-01 19:28:17,597][    INFO] Iters: 45, Total loss: 0.122
[2024-07-01 19:28:25,533][    INFO] Iters: 60, Total loss: 0.121
[2024-07-01 19:28:33,440][    INFO] Iters: 75, Total loss: 0.119
[2024-07-01 19:28:37,486][    INFO] Iters: 90, Total loss: 0.116
[2024-07-01 19:28:41,020][    INFO] Iters: 105, Total loss: 0.111
[2024-07-01 19:28:49,869][    INFO] ***** Evaluation ***** >>>> Class [0 Right Ventricle] Dice: 84.94
[2024-07-01 19:28:49,869][    INFO] ***** Evaluation ***** >>>> Class [1 Myocardium] Dice: 88.81
[2024-07-01 19:28:49,869][    INFO] ***** Evaluation ***** >>>> Class [2 Left Ventricle] Dice: 94.04
[2024-07-01 19:28:49,869][    INFO] ***** Evaluation ***** >>>> MeanDice: 89.26

[2024-07-01 19:28:49,869][    INFO] ***** Evaluation ***** >>>> Classifications Accuracy: 46.75925925925926

[2024-07-01 19:28:50,158][    INFO] ===========> Epoch: 46, LR: 0.00790, Previous best: 90.86
[2024-07-01 19:28:50,601][    INFO] Iters: 0, Total loss: 0.252
[2024-07-01 19:28:54,725][    INFO] Iters: 15, Total loss: 0.149
[2024-07-01 19:28:58,965][    INFO] Iters: 30, Total loss: 0.159
[2024-07-01 19:29:04,531][    INFO] Iters: 45, Total loss: 0.145
[2024-07-01 19:29:09,184][    INFO] Iters: 60, Total loss: 0.144
[2024-07-01 19:29:14,161][    INFO] Iters: 75, Total loss: 0.137
[2024-07-01 19:29:20,581][    INFO] Iters: 90, Total loss: 0.129
[2024-07-01 19:29:28,971][    INFO] Iters: 105, Total loss: 0.128
[2024-07-01 19:29:41,624][    INFO] ***** Evaluation ***** >>>> Class [0 Right Ventricle] Dice: 88.55
[2024-07-01 19:29:41,625][    INFO] ***** Evaluation ***** >>>> Class [1 Myocardium] Dice: 89.71
[2024-07-01 19:29:41,625][    INFO] ***** Evaluation ***** >>>> Class [2 Left Ventricle] Dice: 95.28
[2024-07-01 19:29:41,625][    INFO] ***** Evaluation ***** >>>> MeanDice: 91.18

[2024-07-01 19:29:41,625][    INFO] ***** Evaluation ***** >>>> Classifications Accuracy: 54.166666666666664

[2024-07-01 19:29:42,080][    INFO] ===========> Epoch: 47, LR: 0.00786, Previous best: 91.18
[2024-07-01 19:29:42,524][    INFO] Iters: 0, Total loss: 0.048
[2024-07-01 19:29:46,790][    INFO] Iters: 15, Total loss: 0.106
[2024-07-01 19:29:50,547][    INFO] Iters: 30, Total loss: 0.100
[2024-07-01 19:29:54,580][    INFO] Iters: 45, Total loss: 0.105
[2024-07-01 19:29:58,982][    INFO] Iters: 60, Total loss: 0.113
[2024-07-01 19:30:03,604][    INFO] Iters: 75, Total loss: 0.111
[2024-07-01 19:30:07,854][    INFO] Iters: 90, Total loss: 0.112
[2024-07-01 19:30:11,664][    INFO] Iters: 105, Total loss: 0.112
[2024-07-01 19:30:20,428][    INFO] ***** Evaluation ***** >>>> Class [0 Right Ventricle] Dice: 85.67
[2024-07-01 19:30:20,428][    INFO] ***** Evaluation ***** >>>> Class [1 Myocardium] Dice: 88.79
[2024-07-01 19:30:20,428][    INFO] ***** Evaluation ***** >>>> Class [2 Left Ventricle] Dice: 94.59
[2024-07-01 19:30:20,428][    INFO] ***** Evaluation ***** >>>> MeanDice: 89.68

[2024-07-01 19:30:20,428][    INFO] ***** Evaluation ***** >>>> Classifications Accuracy: 61.111111111111114

[2024-07-01 19:30:20,834][    INFO] ===========> Epoch: 48, LR: 0.00781, Previous best: 91.18
[2024-07-01 19:30:21,213][    INFO] Iters: 0, Total loss: 0.096
[2024-07-01 19:30:25,733][    INFO] Iters: 15, Total loss: 0.137
[2024-07-01 19:30:31,550][    INFO] Iters: 30, Total loss: 0.137
[2024-07-01 19:30:36,066][    INFO] Iters: 45, Total loss: 0.130
[2024-07-01 19:30:39,719][    INFO] Iters: 60, Total loss: 0.132
[2024-07-01 19:30:43,041][    INFO] Iters: 75, Total loss: 0.130
[2024-07-01 19:30:46,620][    INFO] Iters: 90, Total loss: 0.125
[2024-07-01 19:30:50,301][    INFO] Iters: 105, Total loss: 0.120
[2024-07-01 19:30:59,453][    INFO] ***** Evaluation ***** >>>> Class [0 Right Ventricle] Dice: 87.29
[2024-07-01 19:30:59,454][    INFO] ***** Evaluation ***** >>>> Class [1 Myocardium] Dice: 88.68
[2024-07-01 19:30:59,454][    INFO] ***** Evaluation ***** >>>> Class [2 Left Ventricle] Dice: 95.55
[2024-07-01 19:30:59,454][    INFO] ***** Evaluation ***** >>>> MeanDice: 90.51

[2024-07-01 19:30:59,454][    INFO] ***** Evaluation ***** >>>> Classifications Accuracy: 54.629629629629626

[2024-07-01 19:30:59,698][    INFO] ===========> Epoch: 49, LR: 0.00777, Previous best: 91.18
[2024-07-01 19:31:00,139][    INFO] Iters: 0, Total loss: 0.087
[2024-07-01 19:31:04,270][    INFO] Iters: 15, Total loss: 0.085
[2024-07-01 19:31:08,923][    INFO] Iters: 30, Total loss: 0.085
[2024-07-01 19:31:13,649][    INFO] Iters: 45, Total loss: 0.096
[2024-07-01 19:31:18,589][    INFO] Iters: 60, Total loss: 0.098
[2024-07-01 19:31:24,239][    INFO] Iters: 75, Total loss: 0.101
[2024-07-01 19:31:30,679][    INFO] Iters: 90, Total loss: 0.103
[2024-07-01 19:31:35,553][    INFO] Iters: 105, Total loss: 0.105
[2024-07-01 19:31:44,182][    INFO] ***** Evaluation ***** >>>> Class [0 Right Ventricle] Dice: 85.38
[2024-07-01 19:31:44,183][    INFO] ***** Evaluation ***** >>>> Class [1 Myocardium] Dice: 89.30
[2024-07-01 19:31:44,183][    INFO] ***** Evaluation ***** >>>> Class [2 Left Ventricle] Dice: 95.41
[2024-07-01 19:31:44,183][    INFO] ***** Evaluation ***** >>>> MeanDice: 90.03

[2024-07-01 19:31:44,183][    INFO] ***** Evaluation ***** >>>> Classifications Accuracy: 59.25925925925925

[2024-07-01 19:31:44,405][    INFO] ===========> Epoch: 50, LR: 0.00772, Previous best: 91.18
[2024-07-01 19:31:44,814][    INFO] Iters: 0, Total loss: 0.138
[2024-07-01 19:31:48,638][    INFO] Iters: 15, Total loss: 0.119
[2024-07-01 19:31:52,378][    INFO] Iters: 30, Total loss: 0.120
[2024-07-01 19:31:55,971][    INFO] Iters: 45, Total loss: 0.113
[2024-07-01 19:31:59,621][    INFO] Iters: 60, Total loss: 0.117
[2024-07-01 19:32:03,134][    INFO] Iters: 75, Total loss: 0.117
[2024-07-01 19:32:06,868][    INFO] Iters: 90, Total loss: 0.116
[2024-07-01 19:32:10,449][    INFO] Iters: 105, Total loss: 0.115
[2024-07-01 19:32:19,223][    INFO] ***** Evaluation ***** >>>> Class [0 Right Ventricle] Dice: 88.57
[2024-07-01 19:32:19,223][    INFO] ***** Evaluation ***** >>>> Class [1 Myocardium] Dice: 89.88
[2024-07-01 19:32:19,223][    INFO] ***** Evaluation ***** >>>> Class [2 Left Ventricle] Dice: 95.42
[2024-07-01 19:32:19,223][    INFO] ***** Evaluation ***** >>>> MeanDice: 91.29

[2024-07-01 19:32:19,223][    INFO] ***** Evaluation ***** >>>> Classifications Accuracy: 59.72222222222222

[2024-07-01 19:32:19,654][    INFO] ===========> Epoch: 51, LR: 0.00767, Previous best: 91.29
[2024-07-01 19:32:20,065][    INFO] Iters: 0, Total loss: 0.161
[2024-07-01 19:32:24,052][    INFO] Iters: 15, Total loss: 0.107
[2024-07-01 19:32:30,849][    INFO] Iters: 30, Total loss: 0.100
[2024-07-01 19:32:40,462][    INFO] Iters: 45, Total loss: 0.104
[2024-07-01 19:32:45,401][    INFO] Iters: 60, Total loss: 0.103
[2024-07-01 19:32:51,252][    INFO] Iters: 75, Total loss: 0.098
slurmstepd-helios: error: *** JOB 3000 ON helios CANCELLED AT 2024-07-01T19:32:54 ***
