[2024-06-29 20:11:12,454][    INFO] {'batch_size': 12,
 'conf_thresh': 0.95,
 'crop_size': 256,
 'ctrl': 'age sex ethnicity',
 'data_desc': 'UKBB Train Data - 182 Patients - 18 Labeled, Rest Unlabeled',
 'data_root': '/vol/aimspace/projects/ukbb/data/cardiac/cardiac_segmentations/subjects',
 'dataset': 'ukbb',
 'epochs': 200,
 'exp': '4',
 'local_rank': 0,
 'lr': 0.01,
 'mode': 'train',
 'model_desc': 'Unimatch Unet 18 Training on UKBB',
 'multi_task': True,
 'nclass': 4,
 'ngpus': 1,
 'num_workers': 1,
 'port': 8318,
 'seed': '42',
 'split': 18,
 'visualize': False}

[2024-06-29 20:11:12,694][    INFO] Total params: 1.9M

[2024-06-29 20:11:14,119][    INFO] ===========> Epoch: 0, LR: 0.01000, Previous best: 0.00
[2024-06-29 20:11:29,088][    INFO] Iters: 0, Total loss: 1.221
[2024-06-29 20:11:52,078][    INFO] Iters: 4, Total loss: 1.137
[2024-06-29 20:12:23,560][    INFO] Iters: 8, Total loss: 1.027
[2024-06-29 20:12:42,914][    INFO] Iters: 12, Total loss: 0.934
[2024-06-29 20:13:25,407][    INFO] Iters: 16, Total loss: 0.867
[2024-06-29 20:13:36,242][    INFO] Iters: 20, Total loss: 0.823
[2024-06-29 20:13:45,323][    INFO] Iters: 24, Total loss: 0.794
[2024-06-29 20:13:54,451][    INFO] Iters: 28, Total loss: 0.771
[2024-06-29 20:14:45,373][    INFO] ***** Evaluation ***** >>>> Class [0 Right Ventricle] Dice: 0.00
[2024-06-29 20:14:45,373][    INFO] ***** Evaluation ***** >>>> Class [1 Myocardium] Dice: 0.00
[2024-06-29 20:14:45,373][    INFO] ***** Evaluation ***** >>>> Class [2 Left Ventricle] Dice: 0.00
[2024-06-29 20:14:45,373][    INFO] ***** Evaluation ***** >>>> MeanDice: 0.00

[2024-06-29 20:14:45,373][    INFO] ***** Evaluation ***** >>>> Classifications Accuracy: 3.0

[2024-06-29 20:14:46,339][    INFO] ===========> Epoch: 1, LR: 0.00996, Previous best: 0.00
[2024-06-29 20:14:49,114][    INFO] Iters: 0, Total loss: 0.629
[2024-06-29 20:14:57,414][    INFO] Iters: 4, Total loss: 0.631
[2024-06-29 20:15:12,968][    INFO] Iters: 8, Total loss: 0.627
[2024-06-29 20:15:27,860][    INFO] Iters: 12, Total loss: 0.626
[2024-06-29 20:15:44,196][    INFO] Iters: 16, Total loss: 0.626
[2024-06-29 20:15:57,453][    INFO] Iters: 20, Total loss: 0.625
[2024-06-29 20:16:01,170][    INFO] Iters: 24, Total loss: 0.624
[2024-06-29 20:16:05,876][    INFO] Iters: 28, Total loss: 0.624
[2024-06-29 20:16:29,854][    INFO] ***** Evaluation ***** >>>> Class [0 Right Ventricle] Dice: 0.00
[2024-06-29 20:16:29,854][    INFO] ***** Evaluation ***** >>>> Class [1 Myocardium] Dice: 0.00
[2024-06-29 20:16:29,854][    INFO] ***** Evaluation ***** >>>> Class [2 Left Ventricle] Dice: 0.00
[2024-06-29 20:16:29,854][    INFO] ***** Evaluation ***** >>>> MeanDice: 0.00

[2024-06-29 20:16:29,854][    INFO] ***** Evaluation ***** >>>> Classifications Accuracy: 4.37037037037037

[2024-06-29 20:16:30,427][    INFO] ===========> Epoch: 2, LR: 0.00991, Previous best: 0.00
[2024-06-29 20:16:36,917][    INFO] Iters: 0, Total loss: 0.607
[2024-06-29 20:16:55,993][    INFO] Iters: 4, Total loss: 0.606
[2024-06-29 20:17:07,708][    INFO] Iters: 8, Total loss: 0.603
[2024-06-29 20:17:13,134][    INFO] Iters: 12, Total loss: 0.598
[2024-06-29 20:17:18,509][    INFO] Iters: 16, Total loss: 0.598
[2024-06-29 20:17:26,229][    INFO] Iters: 20, Total loss: 0.598
[2024-06-29 20:17:36,635][    INFO] Iters: 24, Total loss: 0.597
[2024-06-29 20:17:54,344][    INFO] Iters: 28, Total loss: 0.596
[2024-06-29 20:18:33,049][    INFO] ***** Evaluation ***** >>>> Class [0 Right Ventricle] Dice: 0.00
[2024-06-29 20:18:33,049][    INFO] ***** Evaluation ***** >>>> Class [1 Myocardium] Dice: 0.00
[2024-06-29 20:18:33,049][    INFO] ***** Evaluation ***** >>>> Class [2 Left Ventricle] Dice: 0.00
[2024-06-29 20:18:33,049][    INFO] ***** Evaluation ***** >>>> MeanDice: 0.00

[2024-06-29 20:18:33,049][    INFO] ***** Evaluation ***** >>>> Classifications Accuracy: 4.37037037037037

[2024-06-29 20:18:33,312][    INFO] ===========> Epoch: 3, LR: 0.00987, Previous best: 0.00
[2024-06-29 20:18:35,392][    INFO] Iters: 0, Total loss: 0.573
[2024-06-29 20:18:41,302][    INFO] Iters: 4, Total loss: 0.568
[2024-06-29 20:18:46,674][    INFO] Iters: 8, Total loss: 0.563
[2024-06-29 20:18:59,364][    INFO] Iters: 12, Total loss: 0.561
[2024-06-29 20:19:14,709][    INFO] Iters: 16, Total loss: 0.561
[2024-06-29 20:19:32,949][    INFO] Iters: 20, Total loss: 0.563
[2024-06-29 20:19:50,797][    INFO] Iters: 24, Total loss: 0.559
[2024-06-29 20:19:57,823][    INFO] Iters: 28, Total loss: 0.559
[2024-06-29 20:20:14,485][    INFO] ***** Evaluation ***** >>>> Class [0 Right Ventricle] Dice: 0.05
[2024-06-29 20:20:14,486][    INFO] ***** Evaluation ***** >>>> Class [1 Myocardium] Dice: 0.00
[2024-06-29 20:20:14,486][    INFO] ***** Evaluation ***** >>>> Class [2 Left Ventricle] Dice: 16.42
[2024-06-29 20:20:14,486][    INFO] ***** Evaluation ***** >>>> MeanDice: 5.49

[2024-06-29 20:20:14,486][    INFO] ***** Evaluation ***** >>>> Classifications Accuracy: 4.37037037037037

[2024-06-29 20:20:15,554][    INFO] ===========> Epoch: 4, LR: 0.00982, Previous best: 5.49
[2024-06-29 20:20:21,465][    INFO] Iters: 0, Total loss: 0.543
[2024-06-29 20:20:45,075][    INFO] Iters: 4, Total loss: 0.545
[2024-06-29 20:21:02,457][    INFO] Iters: 8, Total loss: 0.538
[2024-06-29 20:21:08,959][    INFO] Iters: 12, Total loss: 0.536
[2024-06-29 20:21:18,141][    INFO] Iters: 16, Total loss: 0.536
[2024-06-29 20:21:26,592][    INFO] Iters: 20, Total loss: 0.533
[2024-06-29 20:21:38,272][    INFO] Iters: 24, Total loss: 0.534
[2024-06-29 20:21:58,385][    INFO] Iters: 28, Total loss: 0.534
[2024-06-29 20:22:31,819][    INFO] ***** Evaluation ***** >>>> Class [0 Right Ventricle] Dice: 0.04
[2024-06-29 20:22:31,819][    INFO] ***** Evaluation ***** >>>> Class [1 Myocardium] Dice: 0.85
[2024-06-29 20:22:31,819][    INFO] ***** Evaluation ***** >>>> Class [2 Left Ventricle] Dice: 16.55
[2024-06-29 20:22:31,819][    INFO] ***** Evaluation ***** >>>> MeanDice: 5.81

[2024-06-29 20:22:31,819][    INFO] ***** Evaluation ***** >>>> Classifications Accuracy: 4.37037037037037

[2024-06-29 20:22:32,289][    INFO] ===========> Epoch: 5, LR: 0.00978, Previous best: 5.81
[2024-06-29 20:22:33,954][    INFO] Iters: 0, Total loss: 0.492
[2024-06-29 20:22:40,565][    INFO] Iters: 4, Total loss: 0.511
[2024-06-29 20:22:46,779][    INFO] Iters: 8, Total loss: 0.503
[2024-06-29 20:22:52,663][    INFO] Iters: 12, Total loss: 0.509
[2024-06-29 20:23:04,551][    INFO] Iters: 16, Total loss: 0.508
[2024-06-29 20:23:30,542][    INFO] Iters: 20, Total loss: 0.504
[2024-06-29 20:23:50,128][    INFO] Iters: 24, Total loss: 0.503
[2024-06-29 20:23:57,435][    INFO] Iters: 28, Total loss: 0.502
[2024-06-29 20:24:12,996][    INFO] ***** Evaluation ***** >>>> Class [0 Right Ventricle] Dice: 2.30
[2024-06-29 20:24:12,996][    INFO] ***** Evaluation ***** >>>> Class [1 Myocardium] Dice: 0.56
[2024-06-29 20:24:12,997][    INFO] ***** Evaluation ***** >>>> Class [2 Left Ventricle] Dice: 21.09
[2024-06-29 20:24:12,997][    INFO] ***** Evaluation ***** >>>> MeanDice: 7.98

[2024-06-29 20:24:12,997][    INFO] ***** Evaluation ***** >>>> Classifications Accuracy: 4.37037037037037

[2024-06-29 20:24:13,569][    INFO] ===========> Epoch: 6, LR: 0.00973, Previous best: 7.98
[2024-06-29 20:24:15,265][    INFO] Iters: 0, Total loss: 0.520
[2024-06-29 20:24:20,601][    INFO] Iters: 4, Total loss: 0.448
[2024-06-29 20:24:40,010][    INFO] Iters: 8, Total loss: 0.448
[2024-06-29 20:25:01,904][    INFO] Iters: 12, Total loss: 0.451
[2024-06-29 20:25:18,953][    INFO] Iters: 16, Total loss: 0.461
[2024-06-29 20:25:28,812][    INFO] Iters: 20, Total loss: 0.455
[2024-06-29 20:25:36,630][    INFO] Iters: 24, Total loss: 0.456
[2024-06-29 20:25:41,781][    INFO] Iters: 28, Total loss: 0.459
[2024-06-29 20:26:10,787][    INFO] ***** Evaluation ***** >>>> Class [0 Right Ventricle] Dice: 17.35
[2024-06-29 20:26:10,787][    INFO] ***** Evaluation ***** >>>> Class [1 Myocardium] Dice: 27.69
[2024-06-29 20:26:10,787][    INFO] ***** Evaluation ***** >>>> Class [2 Left Ventricle] Dice: 43.72
[2024-06-29 20:26:10,787][    INFO] ***** Evaluation ***** >>>> MeanDice: 29.59

[2024-06-29 20:26:10,787][    INFO] ***** Evaluation ***** >>>> Classifications Accuracy: 4.37037037037037

[2024-06-29 20:26:11,870][    INFO] ===========> Epoch: 7, LR: 0.00969, Previous best: 29.59
[2024-06-29 20:26:15,935][    INFO] Iters: 0, Total loss: 0.443
[2024-06-29 20:26:38,280][    INFO] Iters: 4, Total loss: 0.450
[2024-06-29 20:26:45,542][    INFO] Iters: 8, Total loss: 0.446
[2024-06-29 20:26:53,827][    INFO] Iters: 12, Total loss: 0.442
[2024-06-29 20:27:02,388][    INFO] Iters: 16, Total loss: 0.442
[2024-06-29 20:27:08,521][    INFO] Iters: 20, Total loss: 0.439
[2024-06-29 20:27:24,331][    INFO] Iters: 24, Total loss: 0.440
[2024-06-29 20:27:37,784][    INFO] Iters: 28, Total loss: 0.435
[2024-06-29 20:28:07,815][    INFO] ***** Evaluation ***** >>>> Class [0 Right Ventricle] Dice: 0.00
[2024-06-29 20:28:07,815][    INFO] ***** Evaluation ***** >>>> Class [1 Myocardium] Dice: 25.91
[2024-06-29 20:28:07,815][    INFO] ***** Evaluation ***** >>>> Class [2 Left Ventricle] Dice: 33.43
[2024-06-29 20:28:07,815][    INFO] ***** Evaluation ***** >>>> MeanDice: 19.78

[2024-06-29 20:28:07,815][    INFO] ***** Evaluation ***** >>>> Classifications Accuracy: 4.37037037037037

[2024-06-29 20:28:08,095][    INFO] ===========> Epoch: 8, LR: 0.00964, Previous best: 29.59
[2024-06-29 20:28:10,090][    INFO] Iters: 0, Total loss: 0.468
[2024-06-29 20:28:18,052][    INFO] Iters: 4, Total loss: 0.427
[2024-06-29 20:28:24,580][    INFO] Iters: 8, Total loss: 0.416
[2024-06-29 20:28:33,853][    INFO] Iters: 12, Total loss: 0.417
[2024-06-29 20:29:01,585][    INFO] Iters: 16, Total loss: 0.426
[2024-06-29 20:29:15,411][    INFO] Iters: 20, Total loss: 0.426
[2024-06-29 20:29:24,045][    INFO] Iters: 24, Total loss: 0.421
[2024-06-29 20:29:30,603][    INFO] Iters: 28, Total loss: 0.418
[2024-06-29 20:29:44,518][    INFO] ***** Evaluation ***** >>>> Class [0 Right Ventricle] Dice: 24.08
[2024-06-29 20:29:44,518][    INFO] ***** Evaluation ***** >>>> Class [1 Myocardium] Dice: 55.10
[2024-06-29 20:29:44,518][    INFO] ***** Evaluation ***** >>>> Class [2 Left Ventricle] Dice: 50.95
[2024-06-29 20:29:44,518][    INFO] ***** Evaluation ***** >>>> MeanDice: 43.37

[2024-06-29 20:29:44,518][    INFO] ***** Evaluation ***** >>>> Classifications Accuracy: 4.37037037037037

[2024-06-29 20:29:45,036][    INFO] ===========> Epoch: 9, LR: 0.00960, Previous best: 43.37
[2024-06-29 20:29:47,007][    INFO] Iters: 0, Total loss: 0.407
[2024-06-29 20:29:54,552][    INFO] Iters: 4, Total loss: 0.411
[2024-06-29 20:30:10,315][    INFO] Iters: 8, Total loss: 0.416
[2024-06-29 20:30:24,649][    INFO] Iters: 12, Total loss: 0.424
[2024-06-29 20:30:38,654][    INFO] Iters: 16, Total loss: 0.413
[2024-06-29 20:30:48,325][    INFO] Iters: 20, Total loss: 0.405
[2024-06-29 20:30:53,168][    INFO] Iters: 24, Total loss: 0.405
[2024-06-29 20:30:59,152][    INFO] Iters: 28, Total loss: 0.404
[2024-06-29 20:31:11,545][    INFO] ***** Evaluation ***** >>>> Class [0 Right Ventricle] Dice: 5.82
[2024-06-29 20:31:11,545][    INFO] ***** Evaluation ***** >>>> Class [1 Myocardium] Dice: 37.42
[2024-06-29 20:31:11,545][    INFO] ***** Evaluation ***** >>>> Class [2 Left Ventricle] Dice: 28.30
[2024-06-29 20:31:11,545][    INFO] ***** Evaluation ***** >>>> MeanDice: 23.84

[2024-06-29 20:31:11,545][    INFO] ***** Evaluation ***** >>>> Classifications Accuracy: 4.277777777777778

[2024-06-29 20:31:11,826][    INFO] ===========> Epoch: 10, LR: 0.00955, Previous best: 43.37
[2024-06-29 20:31:14,665][    INFO] Iters: 0, Total loss: 0.386
[2024-06-29 20:31:33,786][    INFO] Iters: 4, Total loss: 0.409
[2024-06-29 20:31:49,762][    INFO] Iters: 8, Total loss: 0.390
[2024-06-29 20:32:03,594][    INFO] Iters: 12, Total loss: 0.383
[2024-06-29 20:32:12,403][    INFO] Iters: 16, Total loss: 0.383
[2024-06-29 20:32:19,540][    INFO] Iters: 20, Total loss: 0.383
[2024-06-29 20:32:27,353][    INFO] Iters: 24, Total loss: 0.393
[2024-06-29 20:32:35,620][    INFO] Iters: 28, Total loss: 0.389
[2024-06-29 20:33:07,642][    INFO] ***** Evaluation ***** >>>> Class [0 Right Ventricle] Dice: 29.20
[2024-06-29 20:33:07,642][    INFO] ***** Evaluation ***** >>>> Class [1 Myocardium] Dice: 62.33
[2024-06-29 20:33:07,642][    INFO] ***** Evaluation ***** >>>> Class [2 Left Ventricle] Dice: 78.51
[2024-06-29 20:33:07,642][    INFO] ***** Evaluation ***** >>>> MeanDice: 56.68

[2024-06-29 20:33:07,642][    INFO] ***** Evaluation ***** >>>> Classifications Accuracy: 4.351851851851852

[2024-06-29 20:33:08,635][    INFO] ===========> Epoch: 11, LR: 0.00951, Previous best: 56.68
[2024-06-29 20:33:14,617][    INFO] Iters: 0, Total loss: 0.373
[2024-06-29 20:33:35,567][    INFO] Iters: 4, Total loss: 0.396
[2024-06-29 20:33:43,008][    INFO] Iters: 8, Total loss: 0.390
[2024-06-29 20:33:48,085][    INFO] Iters: 12, Total loss: 0.387
[2024-06-29 20:33:53,863][    INFO] Iters: 16, Total loss: 0.383
[2024-06-29 20:34:02,089][    INFO] Iters: 20, Total loss: 0.380
[2024-06-29 20:34:16,966][    INFO] Iters: 24, Total loss: 0.384
[2024-06-29 20:34:36,961][    INFO] Iters: 28, Total loss: 0.385
[2024-06-29 20:35:03,300][    INFO] ***** Evaluation ***** >>>> Class [0 Right Ventricle] Dice: 52.75
[2024-06-29 20:35:03,300][    INFO] ***** Evaluation ***** >>>> Class [1 Myocardium] Dice: 73.21
[2024-06-29 20:35:03,300][    INFO] ***** Evaluation ***** >>>> Class [2 Left Ventricle] Dice: 85.35
[2024-06-29 20:35:03,300][    INFO] ***** Evaluation ***** >>>> MeanDice: 70.44

[2024-06-29 20:35:03,300][    INFO] ***** Evaluation ***** >>>> Classifications Accuracy: 4.37037037037037

[2024-06-29 20:35:03,777][    INFO] ===========> Epoch: 12, LR: 0.00946, Previous best: 70.44
[2024-06-29 20:35:05,611][    INFO] Iters: 0, Total loss: 0.272
[2024-06-29 20:35:11,642][    INFO] Iters: 4, Total loss: 0.349
[2024-06-29 20:35:17,685][    INFO] Iters: 8, Total loss: 0.351
[2024-06-29 20:35:22,908][    INFO] Iters: 12, Total loss: 0.367
[2024-06-29 20:35:34,784][    INFO] Iters: 16, Total loss: 0.365
[2024-06-29 20:35:51,019][    INFO] Iters: 20, Total loss: 0.371
[2024-06-29 20:36:25,447][    INFO] Iters: 24, Total loss: 0.382
[2024-06-29 20:36:32,922][    INFO] Iters: 28, Total loss: 0.384
[2024-06-29 20:36:47,083][    INFO] ***** Evaluation ***** >>>> Class [0 Right Ventricle] Dice: 44.61
[2024-06-29 20:36:47,083][    INFO] ***** Evaluation ***** >>>> Class [1 Myocardium] Dice: 63.64
[2024-06-29 20:36:47,083][    INFO] ***** Evaluation ***** >>>> Class [2 Left Ventricle] Dice: 76.23
[2024-06-29 20:36:47,083][    INFO] ***** Evaluation ***** >>>> MeanDice: 61.49

[2024-06-29 20:36:47,083][    INFO] ***** Evaluation ***** >>>> Classifications Accuracy: 4.444444444444445

[2024-06-29 20:36:47,584][    INFO] ===========> Epoch: 13, LR: 0.00941, Previous best: 70.44
[2024-06-29 20:36:51,883][    INFO] Iters: 0, Total loss: 0.341
[2024-06-29 20:37:13,044][    INFO] Iters: 4, Total loss: 0.376
[2024-06-29 20:37:49,859][    INFO] Iters: 8, Total loss: 0.360
[2024-06-29 20:37:58,810][    INFO] Iters: 12, Total loss: 0.351
[2024-06-29 20:38:03,934][    INFO] Iters: 16, Total loss: 0.363
[2024-06-29 20:38:09,261][    INFO] Iters: 20, Total loss: 0.365
[2024-06-29 20:38:21,027][    INFO] Iters: 24, Total loss: 0.370
[2024-06-29 20:38:34,502][    INFO] Iters: 28, Total loss: 0.365
[2024-06-29 20:39:08,791][    INFO] ***** Evaluation ***** >>>> Class [0 Right Ventricle] Dice: 52.00
[2024-06-29 20:39:08,791][    INFO] ***** Evaluation ***** >>>> Class [1 Myocardium] Dice: 72.32
[2024-06-29 20:39:08,791][    INFO] ***** Evaluation ***** >>>> Class [2 Left Ventricle] Dice: 80.62
[2024-06-29 20:39:08,791][    INFO] ***** Evaluation ***** >>>> MeanDice: 68.31

[2024-06-29 20:39:08,791][    INFO] ***** Evaluation ***** >>>> Classifications Accuracy: 4.407407407407407

[2024-06-29 20:39:09,143][    INFO] ===========> Epoch: 14, LR: 0.00937, Previous best: 70.44
[2024-06-29 20:39:10,914][    INFO] Iters: 0, Total loss: 0.388
[2024-06-29 20:39:16,704][    INFO] Iters: 4, Total loss: 0.361
[2024-06-29 20:39:21,139][    INFO] Iters: 8, Total loss: 0.341
[2024-06-29 20:39:29,188][    INFO] Iters: 12, Total loss: 0.346
[2024-06-29 20:39:37,436][    INFO] Iters: 16, Total loss: 0.347
[2024-06-29 20:39:52,839][    INFO] Iters: 20, Total loss: 0.357
[2024-06-29 20:40:14,736][    INFO] Iters: 24, Total loss: 0.356
[2024-06-29 20:40:29,626][    INFO] Iters: 28, Total loss: 0.356
[2024-06-29 20:40:43,049][    INFO] ***** Evaluation ***** >>>> Class [0 Right Ventricle] Dice: 47.71
[2024-06-29 20:40:43,049][    INFO] ***** Evaluation ***** >>>> Class [1 Myocardium] Dice: 58.97
[2024-06-29 20:40:43,049][    INFO] ***** Evaluation ***** >>>> Class [2 Left Ventricle] Dice: 80.44
[2024-06-29 20:40:43,049][    INFO] ***** Evaluation ***** >>>> MeanDice: 62.37

[2024-06-29 20:40:43,049][    INFO] ***** Evaluation ***** >>>> Classifications Accuracy: 4.2592592592592595

[2024-06-29 20:40:43,288][    INFO] ===========> Epoch: 15, LR: 0.00932, Previous best: 70.44
[2024-06-29 20:40:45,091][    INFO] Iters: 0, Total loss: 0.370
[2024-06-29 20:40:50,834][    INFO] Iters: 4, Total loss: 0.320
[2024-06-29 20:40:55,816][    INFO] Iters: 8, Total loss: 0.312
[2024-06-29 20:41:04,040][    INFO] Iters: 12, Total loss: 0.322
[2024-06-29 20:41:29,030][    INFO] Iters: 16, Total loss: 0.333
[2024-06-29 20:41:49,474][    INFO] Iters: 20, Total loss: 0.344
[2024-06-29 20:41:59,320][    INFO] Iters: 24, Total loss: 0.352
[2024-06-29 20:42:05,438][    INFO] Iters: 28, Total loss: 0.352
[2024-06-29 20:42:24,128][    INFO] ***** Evaluation ***** >>>> Class [0 Right Ventricle] Dice: 49.94
[2024-06-29 20:42:24,128][    INFO] ***** Evaluation ***** >>>> Class [1 Myocardium] Dice: 68.89
[2024-06-29 20:42:24,129][    INFO] ***** Evaluation ***** >>>> Class [2 Left Ventricle] Dice: 81.25
[2024-06-29 20:42:24,129][    INFO] ***** Evaluation ***** >>>> MeanDice: 66.69

[2024-06-29 20:42:24,129][    INFO] ***** Evaluation ***** >>>> Classifications Accuracy: 4.074074074074074

[2024-06-29 20:42:24,446][    INFO] ===========> Epoch: 16, LR: 0.00928, Previous best: 70.44
[2024-06-29 20:42:26,355][    INFO] Iters: 0, Total loss: 0.328
[2024-06-29 20:42:39,590][    INFO] Iters: 4, Total loss: 0.331
[2024-06-29 20:42:53,786][    INFO] Iters: 8, Total loss: 0.338
[2024-06-29 20:43:07,438][    INFO] Iters: 12, Total loss: 0.357
[2024-06-29 20:43:21,673][    INFO] Iters: 16, Total loss: 0.342
[2024-06-29 20:43:26,843][    INFO] Iters: 20, Total loss: 0.348
[2024-06-29 20:43:33,476][    INFO] Iters: 24, Total loss: 0.348
[2024-06-29 20:43:39,336][    INFO] Iters: 28, Total loss: 0.344
[2024-06-29 20:44:03,295][    INFO] ***** Evaluation ***** >>>> Class [0 Right Ventricle] Dice: 62.31
[2024-06-29 20:44:03,295][    INFO] ***** Evaluation ***** >>>> Class [1 Myocardium] Dice: 68.05
[2024-06-29 20:44:03,295][    INFO] ***** Evaluation ***** >>>> Class [2 Left Ventricle] Dice: 78.49
[2024-06-29 20:44:03,295][    INFO] ***** Evaluation ***** >>>> MeanDice: 69.61

[2024-06-29 20:44:03,295][    INFO] ***** Evaluation ***** >>>> Classifications Accuracy: 4.37037037037037

[2024-06-29 20:44:04,109][    INFO] ===========> Epoch: 17, LR: 0.00923, Previous best: 70.44
[2024-06-29 20:44:10,241][    INFO] Iters: 0, Total loss: 0.297
[2024-06-29 20:44:34,791][    INFO] Iters: 4, Total loss: 0.351
[2024-06-29 20:44:47,384][    INFO] Iters: 8, Total loss: 0.342
[2024-06-29 20:44:56,624][    INFO] Iters: 12, Total loss: 0.333
[2024-06-29 20:45:03,147][    INFO] Iters: 16, Total loss: 0.338
[2024-06-29 20:45:09,314][    INFO] Iters: 20, Total loss: 0.341
[2024-06-29 20:45:23,619][    INFO] Iters: 24, Total loss: 0.341
[2024-06-29 20:45:36,782][    INFO] Iters: 28, Total loss: 0.346
[2024-06-29 20:46:07,270][    INFO] ***** Evaluation ***** >>>> Class [0 Right Ventricle] Dice: 60.03
[2024-06-29 20:46:07,270][    INFO] ***** Evaluation ***** >>>> Class [1 Myocardium] Dice: 57.32
[2024-06-29 20:46:07,270][    INFO] ***** Evaluation ***** >>>> Class [2 Left Ventricle] Dice: 67.65
[2024-06-29 20:46:07,271][    INFO] ***** Evaluation ***** >>>> MeanDice: 61.66

[2024-06-29 20:46:07,271][    INFO] ***** Evaluation ***** >>>> Classifications Accuracy: 4.37037037037037

[2024-06-29 20:46:07,561][    INFO] ===========> Epoch: 18, LR: 0.00919, Previous best: 70.44
[2024-06-29 20:46:09,445][    INFO] Iters: 0, Total loss: 0.270
[2024-06-29 20:46:16,222][    INFO] Iters: 4, Total loss: 0.310
[2024-06-29 20:46:21,401][    INFO] Iters: 8, Total loss: 0.343
[2024-06-29 20:46:26,758][    INFO] Iters: 12, Total loss: 0.336
[2024-06-29 20:46:35,018][    INFO] Iters: 16, Total loss: 0.325
[2024-06-29 20:46:56,612][    INFO] Iters: 20, Total loss: 0.327
[2024-06-29 20:47:10,863][    INFO] Iters: 24, Total loss: 0.329
[2024-06-29 20:47:27,343][    INFO] Iters: 28, Total loss: 0.335
[2024-06-29 20:47:43,897][    INFO] ***** Evaluation ***** >>>> Class [0 Right Ventricle] Dice: 72.48
[2024-06-29 20:47:43,897][    INFO] ***** Evaluation ***** >>>> Class [1 Myocardium] Dice: 77.53
[2024-06-29 20:47:43,897][    INFO] ***** Evaluation ***** >>>> Class [2 Left Ventricle] Dice: 85.80
[2024-06-29 20:47:43,897][    INFO] ***** Evaluation ***** >>>> MeanDice: 78.60

[2024-06-29 20:47:43,897][    INFO] ***** Evaluation ***** >>>> Classifications Accuracy: 4.296296296296297

[2024-06-29 20:47:44,423][    INFO] ===========> Epoch: 19, LR: 0.00914, Previous best: 78.60
[2024-06-29 20:47:46,210][    INFO] Iters: 0, Total loss: 0.280
[2024-06-29 20:47:51,868][    INFO] Iters: 4, Total loss: 0.321
[2024-06-29 20:47:56,939][    INFO] Iters: 8, Total loss: 0.325
[2024-06-29 20:48:02,564][    INFO] Iters: 12, Total loss: 0.334
[2024-06-29 20:48:20,450][    INFO] Iters: 16, Total loss: 0.341
[2024-06-29 20:48:36,654][    INFO] Iters: 20, Total loss: 0.336
[2024-06-29 20:48:51,495][    INFO] Iters: 24, Total loss: 0.335
[2024-06-29 20:49:02,513][    INFO] Iters: 28, Total loss: 0.341
[2024-06-29 20:49:16,663][    INFO] ***** Evaluation ***** >>>> Class [0 Right Ventricle] Dice: 73.25
[2024-06-29 20:49:16,663][    INFO] ***** Evaluation ***** >>>> Class [1 Myocardium] Dice: 76.16
[2024-06-29 20:49:16,663][    INFO] ***** Evaluation ***** >>>> Class [2 Left Ventricle] Dice: 87.21
[2024-06-29 20:49:16,663][    INFO] ***** Evaluation ***** >>>> MeanDice: 78.87

[2024-06-29 20:49:16,664][    INFO] ***** Evaluation ***** >>>> Classifications Accuracy: 4.37037037037037

[2024-06-29 20:49:17,168][    INFO] ===========> Epoch: 20, LR: 0.00910, Previous best: 78.87
[2024-06-29 20:49:18,886][    INFO] Iters: 0, Total loss: 0.311
[2024-06-29 20:49:24,645][    INFO] Iters: 4, Total loss: 0.296
[2024-06-29 20:49:34,156][    INFO] Iters: 8, Total loss: 0.298
[2024-06-29 20:49:51,013][    INFO] Iters: 12, Total loss: 0.302
[2024-06-29 20:50:04,515][    INFO] Iters: 16, Total loss: 0.319
[2024-06-29 20:50:20,936][    INFO] Iters: 20, Total loss: 0.334
[2024-06-29 20:50:29,034][    INFO] Iters: 24, Total loss: 0.344
[2024-06-29 20:50:36,063][    INFO] Iters: 28, Total loss: 0.348
[2024-06-29 20:50:48,538][    INFO] ***** Evaluation ***** >>>> Class [0 Right Ventricle] Dice: 71.59
[2024-06-29 20:50:48,538][    INFO] ***** Evaluation ***** >>>> Class [1 Myocardium] Dice: 73.79
[2024-06-29 20:50:48,538][    INFO] ***** Evaluation ***** >>>> Class [2 Left Ventricle] Dice: 84.76
[2024-06-29 20:50:48,538][    INFO] ***** Evaluation ***** >>>> MeanDice: 76.71

[2024-06-29 20:50:48,538][    INFO] ***** Evaluation ***** >>>> Classifications Accuracy: 4.37037037037037

[2024-06-29 20:50:48,774][    INFO] ===========> Epoch: 21, LR: 0.00905, Previous best: 78.87
[2024-06-29 20:50:50,705][    INFO] Iters: 0, Total loss: 0.379
[2024-06-29 20:51:00,919][    INFO] Iters: 4, Total loss: 0.335
[2024-06-29 20:51:23,332][    INFO] Iters: 8, Total loss: 0.321
[2024-06-29 20:51:38,504][    INFO] Iters: 12, Total loss: 0.313
[2024-06-29 20:51:51,444][    INFO] Iters: 16, Total loss: 0.323
[2024-06-29 20:51:57,047][    INFO] Iters: 20, Total loss: 0.332
[2024-06-29 20:52:02,260][    INFO] Iters: 24, Total loss: 0.332
[2024-06-29 20:52:08,289][    INFO] Iters: 28, Total loss: 0.331
[2024-06-29 20:52:23,185][    INFO] ***** Evaluation ***** >>>> Class [0 Right Ventricle] Dice: 58.85
[2024-06-29 20:52:23,185][    INFO] ***** Evaluation ***** >>>> Class [1 Myocardium] Dice: 69.31
[2024-06-29 20:52:23,185][    INFO] ***** Evaluation ***** >>>> Class [2 Left Ventricle] Dice: 79.09
[2024-06-29 20:52:23,185][    INFO] ***** Evaluation ***** >>>> MeanDice: 69.08

[2024-06-29 20:52:23,185][    INFO] ***** Evaluation ***** >>>> Classifications Accuracy: 4.2592592592592595

[2024-06-29 20:52:23,773][    INFO] ===========> Epoch: 22, LR: 0.00901, Previous best: 78.87
[2024-06-29 20:52:27,506][    INFO] Iters: 0, Total loss: 0.398
[2024-06-29 20:52:43,235][    INFO] Iters: 4, Total loss: 0.346
[2024-06-29 20:53:08,656][    INFO] Iters: 8, Total loss: 0.313
[2024-06-29 20:53:19,517][    INFO] Iters: 12, Total loss: 0.296
[2024-06-29 20:53:24,576][    INFO] Iters: 16, Total loss: 0.306
[2024-06-29 20:53:30,364][    INFO] Iters: 20, Total loss: 0.300
[2024-06-29 20:53:35,888][    INFO] Iters: 24, Total loss: 0.302
[2024-06-29 20:53:43,665][    INFO] Iters: 28, Total loss: 0.309
[2024-06-29 21:02:19,149][    INFO] ***** Evaluation ***** >>>> Class [0 Right Ventricle] Dice: 72.78
[2024-06-29 21:02:19,165][    INFO] ***** Evaluation ***** >>>> Class [1 Myocardium] Dice: 75.06
[2024-06-29 21:02:19,165][    INFO] ***** Evaluation ***** >>>> Class [2 Left Ventricle] Dice: 85.19
[2024-06-29 21:02:19,165][    INFO] ***** Evaluation ***** >>>> MeanDice: 77.68

[2024-06-29 21:02:19,166][    INFO] ***** Evaluation ***** >>>> Classifications Accuracy: 4.37037037037037

[2024-06-29 21:02:19,763][    INFO] ===========> Epoch: 23, LR: 0.00896, Previous best: 78.87
[2024-06-29 21:02:22,076][    INFO] Iters: 0, Total loss: 0.385
[2024-06-29 21:02:28,730][    INFO] Iters: 4, Total loss: 0.307
[2024-06-29 21:02:34,046][    INFO] Iters: 8, Total loss: 0.310
[2024-06-29 21:02:40,312][    INFO] Iters: 12, Total loss: 0.325
[2024-06-29 21:02:45,600][    INFO] Iters: 16, Total loss: 0.334
[2024-06-29 21:02:58,368][    INFO] Iters: 20, Total loss: 0.331
[2024-06-29 21:03:11,560][    INFO] Iters: 24, Total loss: 0.330
[2024-06-29 21:03:24,869][    INFO] Iters: 28, Total loss: 0.335
[2024-06-29 21:03:47,283][    INFO] ***** Evaluation ***** >>>> Class [0 Right Ventricle] Dice: 71.55
[2024-06-29 21:03:47,283][    INFO] ***** Evaluation ***** >>>> Class [1 Myocardium] Dice: 77.09
[2024-06-29 21:03:47,283][    INFO] ***** Evaluation ***** >>>> Class [2 Left Ventricle] Dice: 87.61
[2024-06-29 21:03:47,283][    INFO] ***** Evaluation ***** >>>> MeanDice: 78.75

[2024-06-29 21:03:47,283][    INFO] ***** Evaluation ***** >>>> Classifications Accuracy: 4.388888888888889

[2024-06-29 21:03:47,554][    INFO] ===========> Epoch: 24, LR: 0.00891, Previous best: 78.87
[2024-06-29 21:03:49,675][    INFO] Iters: 0, Total loss: 0.251
[2024-06-29 21:03:56,235][    INFO] Iters: 4, Total loss: 0.283
[2024-06-29 21:04:02,550][    INFO] Iters: 8, Total loss: 0.313
[2024-06-29 21:04:08,084][    INFO] Iters: 12, Total loss: 0.320
[2024-06-29 21:04:19,337][    INFO] Iters: 16, Total loss: 0.339
[2024-06-29 21:24:29,427][    INFO] Iters: 20, Total loss: 0.323
[2024-06-29 21:24:31,741][    INFO] Iters: 24, Total loss: 0.326
[2024-06-29 21:24:33,581][    INFO] Iters: 28, Total loss: 0.332
[2024-06-29 21:24:37,442][    INFO] ***** Evaluation ***** >>>> Class [0 Right Ventricle] Dice: 58.47
[2024-06-29 21:24:37,442][    INFO] ***** Evaluation ***** >>>> Class [1 Myocardium] Dice: 71.75
[2024-06-29 21:24:37,442][    INFO] ***** Evaluation ***** >>>> Class [2 Left Ventricle] Dice: 85.16
[2024-06-29 21:24:37,442][    INFO] ***** Evaluation ***** >>>> MeanDice: 71.80

[2024-06-29 21:24:37,442][    INFO] ***** Evaluation ***** >>>> Classifications Accuracy: 4.518518518518518

[2024-06-29 21:24:37,678][    INFO] ===========> Epoch: 25, LR: 0.00887, Previous best: 78.87
[2024-06-29 21:24:38,405][    INFO] Iters: 0, Total loss: 0.243
[2024-06-29 21:24:40,099][    INFO] Iters: 4, Total loss: 0.339
[2024-06-29 21:24:42,374][    INFO] Iters: 8, Total loss: 0.322
[2024-06-29 21:24:45,360][    INFO] Iters: 12, Total loss: 0.324
[2024-06-29 21:24:48,388][    INFO] Iters: 16, Total loss: 0.337
[2024-06-29 21:24:50,392][    INFO] Iters: 20, Total loss: 0.331
[2024-06-29 21:24:51,821][    INFO] Iters: 24, Total loss: 0.320
[2024-06-29 21:24:52,923][    INFO] Iters: 28, Total loss: 0.320
[2024-06-29 21:24:55,512][    INFO] ***** Evaluation ***** >>>> Class [0 Right Ventricle] Dice: 61.00
[2024-06-29 21:24:55,512][    INFO] ***** Evaluation ***** >>>> Class [1 Myocardium] Dice: 70.69
[2024-06-29 21:24:55,512][    INFO] ***** Evaluation ***** >>>> Class [2 Left Ventricle] Dice: 84.13
[2024-06-29 21:24:55,512][    INFO] ***** Evaluation ***** >>>> MeanDice: 71.94

[2024-06-29 21:24:55,513][    INFO] ***** Evaluation ***** >>>> Classifications Accuracy: 4.407407407407407

[2024-06-29 21:24:55,785][    INFO] ===========> Epoch: 26, LR: 0.00882, Previous best: 78.87
[2024-06-29 21:24:56,305][    INFO] Iters: 0, Total loss: 0.265
[2024-06-29 21:24:57,789][    INFO] Iters: 4, Total loss: 0.328
[2024-06-29 21:25:00,019][    INFO] Iters: 8, Total loss: 0.340
[2024-06-29 21:25:01,477][    INFO] Iters: 12, Total loss: 0.320
[2024-06-29 21:25:02,614][    INFO] Iters: 16, Total loss: 0.321
[2024-06-29 21:25:03,757][    INFO] Iters: 20, Total loss: 0.317
[2024-06-29 21:25:04,890][    INFO] Iters: 24, Total loss: 0.323
[2024-06-29 21:25:05,971][    INFO] Iters: 28, Total loss: 0.324
[2024-06-29 21:25:08,495][    INFO] ***** Evaluation ***** >>>> Class [0 Right Ventricle] Dice: 71.58
[2024-06-29 21:25:08,495][    INFO] ***** Evaluation ***** >>>> Class [1 Myocardium] Dice: 77.98
[2024-06-29 21:25:08,495][    INFO] ***** Evaluation ***** >>>> Class [2 Left Ventricle] Dice: 87.68
[2024-06-29 21:25:08,495][    INFO] ***** Evaluation ***** >>>> MeanDice: 79.08

[2024-06-29 21:25:08,495][    INFO] ***** Evaluation ***** >>>> Classifications Accuracy: 4.37037037037037

[2024-06-29 21:25:09,117][    INFO] ===========> Epoch: 27, LR: 0.00878, Previous best: 79.08
[2024-06-29 21:25:09,638][    INFO] Iters: 0, Total loss: 0.342
[2024-06-29 21:25:10,672][    INFO] Iters: 4, Total loss: 0.344
[2024-06-29 21:25:12,061][    INFO] Iters: 8, Total loss: 0.343
[2024-06-29 21:25:13,445][    INFO] Iters: 12, Total loss: 0.338
[2024-06-29 21:25:14,866][    INFO] Iters: 16, Total loss: 0.324
[2024-06-29 21:25:16,539][    INFO] Iters: 20, Total loss: 0.325
[2024-06-29 21:25:17,784][    INFO] Iters: 24, Total loss: 0.322
[2024-06-29 21:25:18,939][    INFO] Iters: 28, Total loss: 0.319
[2024-06-29 21:25:21,487][    INFO] ***** Evaluation ***** >>>> Class [0 Right Ventricle] Dice: 73.52
[2024-06-29 21:25:21,487][    INFO] ***** Evaluation ***** >>>> Class [1 Myocardium] Dice: 73.35
[2024-06-29 21:25:21,487][    INFO] ***** Evaluation ***** >>>> Class [2 Left Ventricle] Dice: 87.34
[2024-06-29 21:25:21,487][    INFO] ***** Evaluation ***** >>>> MeanDice: 78.07

[2024-06-29 21:25:21,488][    INFO] ***** Evaluation ***** >>>> Classifications Accuracy: 4.37037037037037

[2024-06-29 21:25:21,774][    INFO] ===========> Epoch: 28, LR: 0.00873, Previous best: 79.08
[2024-06-29 21:25:22,328][    INFO] Iters: 0, Total loss: 0.331
[2024-06-29 21:25:23,429][    INFO] Iters: 4, Total loss: 0.304
[2024-06-29 21:25:24,794][    INFO] Iters: 8, Total loss: 0.290
[2024-06-29 21:25:25,900][    INFO] Iters: 12, Total loss: 0.313
[2024-06-29 21:25:27,189][    INFO] Iters: 16, Total loss: 0.317
[2024-06-29 21:25:28,870][    INFO] Iters: 20, Total loss: 0.321
[2024-06-29 21:25:30,819][    INFO] Iters: 24, Total loss: 0.319
[2024-06-29 21:25:32,764][    INFO] Iters: 28, Total loss: 0.313
[2024-06-29 21:25:36,970][    INFO] ***** Evaluation ***** >>>> Class [0 Right Ventricle] Dice: 80.25
[2024-06-29 21:25:36,971][    INFO] ***** Evaluation ***** >>>> Class [1 Myocardium] Dice: 82.55
[2024-06-29 21:25:36,971][    INFO] ***** Evaluation ***** >>>> Class [2 Left Ventricle] Dice: 90.52
[2024-06-29 21:25:36,971][    INFO] ***** Evaluation ***** >>>> MeanDice: 84.44

[2024-06-29 21:25:36,971][    INFO] ***** Evaluation ***** >>>> Classifications Accuracy: 4.0

[2024-06-29 21:25:37,528][    INFO] ===========> Epoch: 29, LR: 0.00869, Previous best: 84.44
[2024-06-29 21:25:38,107][    INFO] Iters: 0, Total loss: 0.465
[2024-06-29 21:25:39,163][    INFO] Iters: 4, Total loss: 0.316
[2024-06-29 21:25:40,557][    INFO] Iters: 8, Total loss: 0.271
[2024-06-29 21:25:41,878][    INFO] Iters: 12, Total loss: 0.288
[2024-06-29 21:25:43,790][    INFO] Iters: 16, Total loss: 0.301
[2024-06-29 21:25:44,984][    INFO] Iters: 20, Total loss: 0.307
[2024-06-29 21:25:46,149][    INFO] Iters: 24, Total loss: 0.310
[2024-06-29 21:25:47,400][    INFO] Iters: 28, Total loss: 0.308
[2024-06-29 21:25:50,289][    INFO] ***** Evaluation ***** >>>> Class [0 Right Ventricle] Dice: 77.25
[2024-06-29 21:25:50,289][    INFO] ***** Evaluation ***** >>>> Class [1 Myocardium] Dice: 76.98
[2024-06-29 21:25:50,290][    INFO] ***** Evaluation ***** >>>> Class [2 Left Ventricle] Dice: 88.24
[2024-06-29 21:25:50,290][    INFO] ***** Evaluation ***** >>>> MeanDice: 80.82

[2024-06-29 21:25:50,290][    INFO] ***** Evaluation ***** >>>> Classifications Accuracy: 4.962962962962963

[2024-06-29 21:25:50,560][    INFO] ===========> Epoch: 30, LR: 0.00864, Previous best: 84.44
[2024-06-29 21:25:51,147][    INFO] Iters: 0, Total loss: 0.276
[2024-06-29 21:25:52,278][    INFO] Iters: 4, Total loss: 0.302
[2024-06-29 21:25:53,624][    INFO] Iters: 8, Total loss: 0.318
[2024-06-29 21:25:54,846][    INFO] Iters: 12, Total loss: 0.301
[2024-06-29 21:25:56,014][    INFO] Iters: 16, Total loss: 0.296
[2024-06-29 21:25:57,737][    INFO] Iters: 20, Total loss: 0.301
[2024-06-29 21:25:59,562][    INFO] Iters: 24, Total loss: 0.309
[2024-06-29 21:26:01,511][    INFO] Iters: 28, Total loss: 0.320
[2024-06-29 21:26:04,899][    INFO] ***** Evaluation ***** >>>> Class [0 Right Ventricle] Dice: 72.45
[2024-06-29 21:26:04,899][    INFO] ***** Evaluation ***** >>>> Class [1 Myocardium] Dice: 76.28
[2024-06-29 21:26:04,899][    INFO] ***** Evaluation ***** >>>> Class [2 Left Ventricle] Dice: 84.16
[2024-06-29 21:26:04,899][    INFO] ***** Evaluation ***** >>>> MeanDice: 77.63

[2024-06-29 21:26:04,899][    INFO] ***** Evaluation ***** >>>> Classifications Accuracy: 4.277777777777778

[2024-06-29 21:26:05,185][    INFO] ===========> Epoch: 31, LR: 0.00859, Previous best: 84.44
[2024-06-29 21:26:05,811][    INFO] Iters: 0, Total loss: 0.235
[2024-06-29 21:26:06,838][    INFO] Iters: 4, Total loss: 0.296
[2024-06-29 21:26:08,140][    INFO] Iters: 8, Total loss: 0.282
[2024-06-29 21:26:09,308][    INFO] Iters: 12, Total loss: 0.302
[2024-06-29 21:26:10,414][    INFO] Iters: 16, Total loss: 0.304
[2024-06-29 21:26:11,651][    INFO] Iters: 20, Total loss: 0.296
[2024-06-29 21:26:13,214][    INFO] Iters: 24, Total loss: 0.298
[2024-06-29 21:26:14,729][    INFO] Iters: 28, Total loss: 0.300
[2024-06-29 21:26:17,698][    INFO] ***** Evaluation ***** >>>> Class [0 Right Ventricle] Dice: 74.20
[2024-06-29 21:26:17,698][    INFO] ***** Evaluation ***** >>>> Class [1 Myocardium] Dice: 79.82
[2024-06-29 21:26:17,698][    INFO] ***** Evaluation ***** >>>> Class [2 Left Ventricle] Dice: 88.73
[2024-06-29 21:26:17,699][    INFO] ***** Evaluation ***** >>>> MeanDice: 80.92

[2024-06-29 21:26:17,699][    INFO] ***** Evaluation ***** >>>> Classifications Accuracy: 4.388888888888889

[2024-06-29 21:26:18,044][    INFO] ===========> Epoch: 32, LR: 0.00855, Previous best: 84.44
[2024-06-29 21:26:18,553][    INFO] Iters: 0, Total loss: 0.296
[2024-06-29 21:26:19,557][    INFO] Iters: 4, Total loss: 0.291
[2024-06-29 21:26:20,965][    INFO] Iters: 8, Total loss: 0.276
[2024-06-29 21:26:22,915][    INFO] Iters: 12, Total loss: 0.288
[2024-06-29 21:26:25,172][    INFO] Iters: 16, Total loss: 0.277
[2024-06-29 21:26:26,625][    INFO] Iters: 20, Total loss: 0.273
[2024-06-29 21:26:28,535][    INFO] Iters: 24, Total loss: 0.275
[2024-06-29 21:26:29,676][    INFO] Iters: 28, Total loss: 0.281
[2024-06-29 21:26:33,069][    INFO] ***** Evaluation ***** >>>> Class [0 Right Ventricle] Dice: 77.83
[2024-06-29 21:26:33,070][    INFO] ***** Evaluation ***** >>>> Class [1 Myocardium] Dice: 81.17
[2024-06-29 21:26:33,070][    INFO] ***** Evaluation ***** >>>> Class [2 Left Ventricle] Dice: 89.03
[2024-06-29 21:26:33,070][    INFO] ***** Evaluation ***** >>>> MeanDice: 82.68

[2024-06-29 21:26:33,070][    INFO] ***** Evaluation ***** >>>> Classifications Accuracy: 5.018518518518518

[2024-06-29 21:26:33,287][    INFO] ===========> Epoch: 33, LR: 0.00850, Previous best: 84.44
[2024-06-29 21:26:34,167][    INFO] Iters: 0, Total loss: 0.463
[2024-06-29 21:26:35,914][    INFO] Iters: 4, Total loss: 0.428
[2024-06-29 21:26:37,602][    INFO] Iters: 8, Total loss: 0.355
[2024-06-29 21:26:39,051][    INFO] Iters: 12, Total loss: 0.331
[2024-06-29 21:26:40,662][    INFO] Iters: 16, Total loss: 0.315
[2024-06-29 21:26:43,304][    INFO] Iters: 20, Total loss: 0.309
[2024-06-29 21:26:46,236][    INFO] Iters: 24, Total loss: 0.308
[2024-06-29 21:26:47,887][    INFO] Iters: 28, Total loss: 0.302
[2024-06-29 21:26:51,377][    INFO] ***** Evaluation ***** >>>> Class [0 Right Ventricle] Dice: 70.27
[2024-06-29 21:26:51,377][    INFO] ***** Evaluation ***** >>>> Class [1 Myocardium] Dice: 79.19
[2024-06-29 21:26:51,377][    INFO] ***** Evaluation ***** >>>> Class [2 Left Ventricle] Dice: 87.00
[2024-06-29 21:26:51,377][    INFO] ***** Evaluation ***** >>>> MeanDice: 78.82

[2024-06-29 21:26:51,377][    INFO] ***** Evaluation ***** >>>> Classifications Accuracy: 4.462962962962963

[2024-06-29 21:26:51,636][    INFO] ===========> Epoch: 34, LR: 0.00846, Previous best: 84.44
[2024-06-29 21:26:52,220][    INFO] Iters: 0, Total loss: 0.353
[2024-06-29 21:26:53,431][    INFO] Iters: 4, Total loss: 0.252
[2024-06-29 21:26:54,830][    INFO] Iters: 8, Total loss: 0.263
[2024-06-29 21:26:56,178][    INFO] Iters: 12, Total loss: 0.261
[2024-06-29 21:26:58,183][    INFO] Iters: 16, Total loss: 0.265
[2024-06-29 21:27:00,275][    INFO] Iters: 20, Total loss: 0.270
[2024-06-29 21:27:02,362][    INFO] Iters: 24, Total loss: 0.277
[2024-06-29 21:27:04,592][    INFO] Iters: 28, Total loss: 0.286
[2024-06-29 21:27:07,525][    INFO] ***** Evaluation ***** >>>> Class [0 Right Ventricle] Dice: 76.55
[2024-06-29 21:27:07,525][    INFO] ***** Evaluation ***** >>>> Class [1 Myocardium] Dice: 78.16
[2024-06-29 21:27:07,525][    INFO] ***** Evaluation ***** >>>> Class [2 Left Ventricle] Dice: 89.16
[2024-06-29 21:27:07,525][    INFO] ***** Evaluation ***** >>>> MeanDice: 81.29

[2024-06-29 21:27:07,525][    INFO] ***** Evaluation ***** >>>> Classifications Accuracy: 4.462962962962963

[2024-06-29 21:27:07,789][    INFO] ===========> Epoch: 35, LR: 0.00841, Previous best: 84.44
[2024-06-29 21:27:08,360][    INFO] Iters: 0, Total loss: 0.250
[2024-06-29 21:27:09,466][    INFO] Iters: 4, Total loss: 0.234
[2024-06-29 21:27:10,822][    INFO] Iters: 8, Total loss: 0.265
[2024-06-29 21:27:12,465][    INFO] Iters: 12, Total loss: 0.287
[2024-06-29 21:27:14,450][    INFO] Iters: 16, Total loss: 0.283
[2024-06-29 21:27:16,466][    INFO] Iters: 20, Total loss: 0.287
[2024-06-29 21:27:18,315][    INFO] Iters: 24, Total loss: 0.287
[2024-06-29 21:27:19,821][    INFO] Iters: 28, Total loss: 0.296
[2024-06-29 21:27:22,616][    INFO] ***** Evaluation ***** >>>> Class [0 Right Ventricle] Dice: 68.31
[2024-06-29 21:27:22,616][    INFO] ***** Evaluation ***** >>>> Class [1 Myocardium] Dice: 79.33
[2024-06-29 21:27:22,616][    INFO] ***** Evaluation ***** >>>> Class [2 Left Ventricle] Dice: 88.12
[2024-06-29 21:27:22,616][    INFO] ***** Evaluation ***** >>>> MeanDice: 78.58

[2024-06-29 21:27:22,616][    INFO] ***** Evaluation ***** >>>> Classifications Accuracy: 4.37037037037037

[2024-06-29 21:27:22,876][    INFO] ===========> Epoch: 36, LR: 0.00837, Previous best: 84.44
[2024-06-29 21:27:23,437][    INFO] Iters: 0, Total loss: 0.304
[2024-06-29 21:27:24,528][    INFO] Iters: 4, Total loss: 0.274
[2024-06-29 21:27:25,840][    INFO] Iters: 8, Total loss: 0.266
[2024-06-29 21:27:27,004][    INFO] Iters: 12, Total loss: 0.278
[2024-06-29 21:27:28,135][    INFO] Iters: 16, Total loss: 0.286
[2024-06-29 21:27:29,306][    INFO] Iters: 20, Total loss: 0.285
[2024-06-29 21:27:30,489][    INFO] Iters: 24, Total loss: 0.291
[2024-06-29 21:27:31,638][    INFO] Iters: 28, Total loss: 0.281
[2024-06-29 21:27:34,385][    INFO] ***** Evaluation ***** >>>> Class [0 Right Ventricle] Dice: 67.17
[2024-06-29 21:27:34,385][    INFO] ***** Evaluation ***** >>>> Class [1 Myocardium] Dice: 80.76
[2024-06-29 21:27:34,385][    INFO] ***** Evaluation ***** >>>> Class [2 Left Ventricle] Dice: 88.43
[2024-06-29 21:27:34,385][    INFO] ***** Evaluation ***** >>>> MeanDice: 78.79

[2024-06-29 21:27:34,385][    INFO] ***** Evaluation ***** >>>> Classifications Accuracy: 4.5

[2024-06-29 21:27:34,697][    INFO] ===========> Epoch: 37, LR: 0.00832, Previous best: 84.44
[2024-06-29 21:27:35,301][    INFO] Iters: 0, Total loss: 0.223
[2024-06-29 21:27:36,495][    INFO] Iters: 4, Total loss: 0.220
[2024-06-29 21:27:37,850][    INFO] Iters: 8, Total loss: 0.214
[2024-06-29 21:27:39,088][    INFO] Iters: 12, Total loss: 0.242
[2024-06-29 21:27:40,262][    INFO] Iters: 16, Total loss: 0.252
[2024-06-29 21:27:41,653][    INFO] Iters: 20, Total loss: 0.270
[2024-06-29 21:27:43,715][    INFO] Iters: 24, Total loss: 0.261
[2024-06-29 21:27:45,725][    INFO] Iters: 28, Total loss: 0.262
[2024-06-29 21:27:49,243][    INFO] ***** Evaluation ***** >>>> Class [0 Right Ventricle] Dice: 67.08
[2024-06-29 21:27:49,243][    INFO] ***** Evaluation ***** >>>> Class [1 Myocardium] Dice: 77.22
[2024-06-29 21:27:49,244][    INFO] ***** Evaluation ***** >>>> Class [2 Left Ventricle] Dice: 84.60
[2024-06-29 21:27:49,244][    INFO] ***** Evaluation ***** >>>> MeanDice: 76.30

[2024-06-29 21:27:49,244][    INFO] ***** Evaluation ***** >>>> Classifications Accuracy: 4.37037037037037

[2024-06-29 21:27:49,534][    INFO] ===========> Epoch: 38, LR: 0.00827, Previous best: 84.44
[2024-06-29 21:27:50,190][    INFO] Iters: 0, Total loss: 0.245
[2024-06-29 21:27:51,411][    INFO] Iters: 4, Total loss: 0.287
[2024-06-29 21:27:52,815][    INFO] Iters: 8, Total loss: 0.276
[2024-06-29 21:27:54,006][    INFO] Iters: 12, Total loss: 0.281
[2024-06-29 21:27:55,216][    INFO] Iters: 16, Total loss: 0.269
[2024-06-29 21:27:56,541][    INFO] Iters: 20, Total loss: 0.269
[2024-06-29 21:27:58,249][    INFO] Iters: 24, Total loss: 0.261
[2024-06-29 21:28:00,119][    INFO] Iters: 28, Total loss: 0.267
[2024-06-29 21:28:03,452][    INFO] ***** Evaluation ***** >>>> Class [0 Right Ventricle] Dice: 54.64
[2024-06-29 21:28:03,452][    INFO] ***** Evaluation ***** >>>> Class [1 Myocardium] Dice: 77.94
[2024-06-29 21:28:03,452][    INFO] ***** Evaluation ***** >>>> Class [2 Left Ventricle] Dice: 85.47
[2024-06-29 21:28:03,452][    INFO] ***** Evaluation ***** >>>> MeanDice: 72.68

[2024-06-29 21:28:03,452][    INFO] ***** Evaluation ***** >>>> Classifications Accuracy: 4.37037037037037

[2024-06-29 21:28:03,703][    INFO] ===========> Epoch: 39, LR: 0.00823, Previous best: 84.44
[2024-06-29 21:28:04,274][    INFO] Iters: 0, Total loss: 0.250
[2024-06-29 21:28:05,348][    INFO] Iters: 4, Total loss: 0.287
[2024-06-29 21:28:06,692][    INFO] Iters: 8, Total loss: 0.270
[2024-06-29 21:28:07,944][    INFO] Iters: 12, Total loss: 0.296
[2024-06-29 21:28:09,136][    INFO] Iters: 16, Total loss: 0.298
[2024-06-29 21:28:10,317][    INFO] Iters: 20, Total loss: 0.289
[2024-06-29 21:28:11,668][    INFO] Iters: 24, Total loss: 0.281
[2024-06-29 21:28:13,593][    INFO] Iters: 28, Total loss: 0.279
[2024-06-29 21:28:17,714][    INFO] ***** Evaluation ***** >>>> Class [0 Right Ventricle] Dice: 73.47
[2024-06-29 21:28:17,714][    INFO] ***** Evaluation ***** >>>> Class [1 Myocardium] Dice: 77.86
[2024-06-29 21:28:17,715][    INFO] ***** Evaluation ***** >>>> Class [2 Left Ventricle] Dice: 85.42
[2024-06-29 21:28:17,715][    INFO] ***** Evaluation ***** >>>> MeanDice: 78.92

[2024-06-29 21:28:17,715][    INFO] ***** Evaluation ***** >>>> Classifications Accuracy: 5.407407407407407

[2024-06-29 21:28:18,026][    INFO] ===========> Epoch: 40, LR: 0.00818, Previous best: 84.44
[2024-06-29 21:28:18,764][    INFO] Iters: 0, Total loss: 0.287
[2024-06-29 21:28:20,550][    INFO] Iters: 4, Total loss: 0.278
[2024-06-29 21:28:22,525][    INFO] Iters: 8, Total loss: 0.267
[2024-06-29 21:28:24,158][    INFO] Iters: 12, Total loss: 0.274
[2024-06-29 21:28:25,311][    INFO] Iters: 16, Total loss: 0.303
[2024-06-29 21:28:26,487][    INFO] Iters: 20, Total loss: 0.308
[2024-06-29 21:28:27,606][    INFO] Iters: 24, Total loss: 0.292
[2024-06-29 21:28:28,803][    INFO] Iters: 28, Total loss: 0.290
[2024-06-29 21:28:31,719][    INFO] ***** Evaluation ***** >>>> Class [0 Right Ventricle] Dice: 56.47
[2024-06-29 21:28:31,720][    INFO] ***** Evaluation ***** >>>> Class [1 Myocardium] Dice: 79.89
[2024-06-29 21:28:31,720][    INFO] ***** Evaluation ***** >>>> Class [2 Left Ventricle] Dice: 88.36
[2024-06-29 21:28:31,720][    INFO] ***** Evaluation ***** >>>> MeanDice: 74.91

[2024-06-29 21:28:31,720][    INFO] ***** Evaluation ***** >>>> Classifications Accuracy: 4.5

[2024-06-29 21:28:31,992][    INFO] ===========> Epoch: 41, LR: 0.00814, Previous best: 84.44
[2024-06-29 21:28:32,507][    INFO] Iters: 0, Total loss: 0.164
[2024-06-29 21:28:33,607][    INFO] Iters: 4, Total loss: 0.254
[2024-06-29 21:28:34,925][    INFO] Iters: 8, Total loss: 0.259
[2024-06-29 21:28:36,082][    INFO] Iters: 12, Total loss: 0.259
[2024-06-29 21:28:37,204][    INFO] Iters: 16, Total loss: 0.248
[2024-06-29 21:28:38,183][    INFO] Iters: 20, Total loss: 0.249
[2024-06-29 21:28:39,240][    INFO] Iters: 24, Total loss: 0.254
[2024-06-29 21:28:40,261][    INFO] Iters: 28, Total loss: 0.257
[2024-06-29 21:28:42,957][    INFO] ***** Evaluation ***** >>>> Class [0 Right Ventricle] Dice: 79.07
[2024-06-29 21:28:42,957][    INFO] ***** Evaluation ***** >>>> Class [1 Myocardium] Dice: 83.14
[2024-06-29 21:28:42,957][    INFO] ***** Evaluation ***** >>>> Class [2 Left Ventricle] Dice: 89.24
[2024-06-29 21:28:42,957][    INFO] ***** Evaluation ***** >>>> MeanDice: 83.82

[2024-06-29 21:28:42,957][    INFO] ***** Evaluation ***** >>>> Classifications Accuracy: 4.574074074074074

[2024-06-29 21:28:43,311][    INFO] ===========> Epoch: 42, LR: 0.00809, Previous best: 84.44
[2024-06-29 21:28:43,909][    INFO] Iters: 0, Total loss: 0.247
[2024-06-29 21:28:45,272][    INFO] Iters: 4, Total loss: 0.219
[2024-06-29 21:28:46,613][    INFO] Iters: 8, Total loss: 0.242
[2024-06-29 21:28:47,794][    INFO] Iters: 12, Total loss: 0.261
[2024-06-29 21:28:49,721][    INFO] Iters: 16, Total loss: 0.257
[2024-06-29 21:28:52,122][    INFO] Iters: 20, Total loss: 0.274
[2024-06-29 21:28:53,870][    INFO] Iters: 24, Total loss: 0.267
[2024-06-29 21:28:55,442][    INFO] Iters: 28, Total loss: 0.268
[2024-06-29 21:29:00,527][    INFO] ***** Evaluation ***** >>>> Class [0 Right Ventricle] Dice: 79.96
[2024-06-29 21:29:00,527][    INFO] ***** Evaluation ***** >>>> Class [1 Myocardium] Dice: 80.99
[2024-06-29 21:29:00,527][    INFO] ***** Evaluation ***** >>>> Class [2 Left Ventricle] Dice: 86.35
[2024-06-29 21:29:00,527][    INFO] ***** Evaluation ***** >>>> MeanDice: 82.43

[2024-06-29 21:29:00,527][    INFO] ***** Evaluation ***** >>>> Classifications Accuracy: 4.37037037037037

[2024-06-29 21:29:00,774][    INFO] ===========> Epoch: 43, LR: 0.00804, Previous best: 84.44
[2024-06-29 21:29:01,876][    INFO] Iters: 0, Total loss: 0.250
[2024-06-29 21:29:04,067][    INFO] Iters: 4, Total loss: 0.264
[2024-06-29 21:29:05,865][    INFO] Iters: 8, Total loss: 0.268
[2024-06-29 21:29:07,178][    INFO] Iters: 12, Total loss: 0.286
[2024-06-29 21:29:08,551][    INFO] Iters: 16, Total loss: 0.281
[2024-06-29 21:29:09,945][    INFO] Iters: 20, Total loss: 0.286
[2024-06-29 21:29:11,713][    INFO] Iters: 24, Total loss: 0.281
[2024-06-29 21:29:14,058][    INFO] Iters: 28, Total loss: 0.277
[2024-06-29 21:29:18,244][    INFO] ***** Evaluation ***** >>>> Class [0 Right Ventricle] Dice: 74.59
[2024-06-29 21:29:18,244][    INFO] ***** Evaluation ***** >>>> Class [1 Myocardium] Dice: 78.86
[2024-06-29 21:29:18,244][    INFO] ***** Evaluation ***** >>>> Class [2 Left Ventricle] Dice: 84.36
[2024-06-29 21:29:18,244][    INFO] ***** Evaluation ***** >>>> MeanDice: 79.27

[2024-06-29 21:29:18,244][    INFO] ***** Evaluation ***** >>>> Classifications Accuracy: 4.796296296296297

[2024-06-29 21:29:18,544][    INFO] ===========> Epoch: 44, LR: 0.00800, Previous best: 84.44
[2024-06-29 21:29:19,121][    INFO] Iters: 0, Total loss: 0.244
[2024-06-29 21:29:20,384][    INFO] Iters: 4, Total loss: 0.219
[2024-06-29 21:29:21,492][    INFO] Iters: 8, Total loss: 0.236
[2024-06-29 21:29:22,564][    INFO] Iters: 12, Total loss: 0.245
[2024-06-29 21:29:23,600][    INFO] Iters: 16, Total loss: 0.253
[2024-06-29 21:29:24,676][    INFO] Iters: 20, Total loss: 0.265
[2024-06-29 21:29:25,744][    INFO] Iters: 24, Total loss: 0.265
[2024-06-29 21:29:26,832][    INFO] Iters: 28, Total loss: 0.269
[2024-06-29 21:29:30,088][    INFO] ***** Evaluation ***** >>>> Class [0 Right Ventricle] Dice: 78.78
[2024-06-29 21:29:30,089][    INFO] ***** Evaluation ***** >>>> Class [1 Myocardium] Dice: 79.76
[2024-06-29 21:29:30,089][    INFO] ***** Evaluation ***** >>>> Class [2 Left Ventricle] Dice: 89.10
[2024-06-29 21:29:30,089][    INFO] ***** Evaluation ***** >>>> MeanDice: 82.55

[2024-06-29 21:29:30,089][    INFO] ***** Evaluation ***** >>>> Classifications Accuracy: 4.37037037037037

[2024-06-29 21:29:30,462][    INFO] ===========> Epoch: 45, LR: 0.00795, Previous best: 84.44
[2024-06-29 21:29:31,163][    INFO] Iters: 0, Total loss: 0.242
[2024-06-29 21:29:32,796][    INFO] Iters: 4, Total loss: 0.252
[2024-06-29 21:29:34,179][    INFO] Iters: 8, Total loss: 0.259
[2024-06-29 21:29:35,453][    INFO] Iters: 12, Total loss: 0.250
[2024-06-29 21:29:36,532][    INFO] Iters: 16, Total loss: 0.251
[2024-06-29 21:29:37,594][    INFO] Iters: 20, Total loss: 0.252
[2024-06-29 21:29:38,691][    INFO] Iters: 24, Total loss: 0.260
[2024-06-29 21:29:39,790][    INFO] Iters: 28, Total loss: 0.258
[2024-06-29 21:29:42,479][    INFO] ***** Evaluation ***** >>>> Class [0 Right Ventricle] Dice: 81.71
[2024-06-29 21:29:42,480][    INFO] ***** Evaluation ***** >>>> Class [1 Myocardium] Dice: 84.09
[2024-06-29 21:29:42,480][    INFO] ***** Evaluation ***** >>>> Class [2 Left Ventricle] Dice: 90.23
[2024-06-29 21:29:42,480][    INFO] ***** Evaluation ***** >>>> MeanDice: 85.34

[2024-06-29 21:29:42,480][    INFO] ***** Evaluation ***** >>>> Classifications Accuracy: 4.981481481481482

[2024-06-29 21:29:43,174][    INFO] ===========> Epoch: 46, LR: 0.00791, Previous best: 85.34
[2024-06-29 21:29:43,782][    INFO] Iters: 0, Total loss: 0.194
[2024-06-29 21:29:45,013][    INFO] Iters: 4, Total loss: 0.273
[2024-06-29 21:29:46,324][    INFO] Iters: 8, Total loss: 0.258
[2024-06-29 21:29:48,063][    INFO] Iters: 12, Total loss: 0.236
[2024-06-29 21:29:49,724][    INFO] Iters: 16, Total loss: 0.233
[2024-06-29 21:29:50,923][    INFO] Iters: 20, Total loss: 0.240
[2024-06-29 21:29:52,109][    INFO] Iters: 24, Total loss: 0.238
[2024-06-29 21:29:53,214][    INFO] Iters: 28, Total loss: 0.249
[2024-06-29 21:29:56,075][    INFO] ***** Evaluation ***** >>>> Class [0 Right Ventricle] Dice: 80.93
[2024-06-29 21:29:56,076][    INFO] ***** Evaluation ***** >>>> Class [1 Myocardium] Dice: 80.92
[2024-06-29 21:29:56,076][    INFO] ***** Evaluation ***** >>>> Class [2 Left Ventricle] Dice: 88.95
[2024-06-29 21:29:56,076][    INFO] ***** Evaluation ***** >>>> MeanDice: 83.60

[2024-06-29 21:29:56,076][    INFO] ***** Evaluation ***** >>>> Classifications Accuracy: 4.62962962962963

[2024-06-29 21:29:56,341][    INFO] ===========> Epoch: 47, LR: 0.00786, Previous best: 85.34
[2024-06-29 21:29:57,203][    INFO] Iters: 0, Total loss: 0.171
[2024-06-29 21:29:59,833][    INFO] Iters: 4, Total loss: 0.222
[2024-06-29 21:30:02,165][    INFO] Iters: 8, Total loss: 0.287
[2024-06-29 21:30:04,585][    INFO] Iters: 12, Total loss: 0.292
[2024-06-29 21:30:06,967][    INFO] Iters: 16, Total loss: 0.272
[2024-06-29 21:30:09,415][    INFO] Iters: 20, Total loss: 0.278
[2024-06-29 21:30:10,721][    INFO] Iters: 24, Total loss: 0.281
[2024-06-29 21:30:12,723][    INFO] Iters: 28, Total loss: 0.279
[2024-06-29 21:30:16,840][    INFO] ***** Evaluation ***** >>>> Class [0 Right Ventricle] Dice: 71.08
[2024-06-29 21:30:16,840][    INFO] ***** Evaluation ***** >>>> Class [1 Myocardium] Dice: 79.55
[2024-06-29 21:30:16,840][    INFO] ***** Evaluation ***** >>>> Class [2 Left Ventricle] Dice: 87.78
[2024-06-29 21:30:16,840][    INFO] ***** Evaluation ***** >>>> MeanDice: 79.47

[2024-06-29 21:30:16,841][    INFO] ***** Evaluation ***** >>>> Classifications Accuracy: 4.37037037037037

[2024-06-29 21:30:17,092][    INFO] ===========> Epoch: 48, LR: 0.00781, Previous best: 85.34
[2024-06-29 21:30:17,641][    INFO] Iters: 0, Total loss: 0.256
[2024-06-29 21:30:18,860][    INFO] Iters: 4, Total loss: 0.258
[2024-06-29 21:30:20,025][    INFO] Iters: 8, Total loss: 0.233
[2024-06-29 21:30:21,142][    INFO] Iters: 12, Total loss: 0.240
[2024-06-29 21:30:22,267][    INFO] Iters: 16, Total loss: 0.260
[2024-06-29 21:30:23,420][    INFO] Iters: 20, Total loss: 0.263
[2024-06-29 21:30:24,540][    INFO] Iters: 24, Total loss: 0.261
[2024-06-29 21:30:25,712][    INFO] Iters: 28, Total loss: 0.254
[2024-06-29 21:30:30,181][    INFO] ***** Evaluation ***** >>>> Class [0 Right Ventricle] Dice: 75.04
[2024-06-29 21:30:30,181][    INFO] ***** Evaluation ***** >>>> Class [1 Myocardium] Dice: 80.07
[2024-06-29 21:30:30,181][    INFO] ***** Evaluation ***** >>>> Class [2 Left Ventricle] Dice: 88.32
[2024-06-29 21:30:30,181][    INFO] ***** Evaluation ***** >>>> MeanDice: 81.14

[2024-06-29 21:30:30,181][    INFO] ***** Evaluation ***** >>>> Classifications Accuracy: 4.37037037037037

[2024-06-29 21:30:30,513][    INFO] ===========> Epoch: 49, LR: 0.00777, Previous best: 85.34
[2024-06-29 21:30:31,778][    INFO] Iters: 0, Total loss: 0.272
[2024-06-29 21:30:32,901][    INFO] Iters: 4, Total loss: 0.230
[2024-06-29 21:30:34,103][    INFO] Iters: 8, Total loss: 0.247
[2024-06-29 21:30:35,265][    INFO] Iters: 12, Total loss: 0.252
[2024-06-29 21:30:36,450][    INFO] Iters: 16, Total loss: 0.244
[2024-06-29 21:30:37,562][    INFO] Iters: 20, Total loss: 0.255
[2024-06-29 21:30:38,612][    INFO] Iters: 24, Total loss: 0.254
[2024-06-29 21:30:39,720][    INFO] Iters: 28, Total loss: 0.248
[2024-06-29 21:30:42,986][    INFO] ***** Evaluation ***** >>>> Class [0 Right Ventricle] Dice: 77.98
[2024-06-29 21:30:42,986][    INFO] ***** Evaluation ***** >>>> Class [1 Myocardium] Dice: 81.02
[2024-06-29 21:30:42,986][    INFO] ***** Evaluation ***** >>>> Class [2 Left Ventricle] Dice: 89.22
[2024-06-29 21:30:42,986][    INFO] ***** Evaluation ***** >>>> MeanDice: 82.74

[2024-06-29 21:30:42,986][    INFO] ***** Evaluation ***** >>>> Classifications Accuracy: 4.7592592592592595

[2024-06-29 21:30:43,316][    INFO] ===========> Epoch: 50, LR: 0.00772, Previous best: 85.34
[2024-06-29 21:30:44,174][    INFO] Iters: 0, Total loss: 0.219
[2024-06-29 21:30:46,482][    INFO] Iters: 4, Total loss: 0.223
[2024-06-29 21:30:47,923][    INFO] Iters: 8, Total loss: 0.226
[2024-06-29 21:30:49,005][    INFO] Iters: 12, Total loss: 0.231
[2024-06-29 21:30:50,067][    INFO] Iters: 16, Total loss: 0.232
[2024-06-29 21:30:51,119][    INFO] Iters: 20, Total loss: 0.246
[2024-06-29 21:30:52,105][    INFO] Iters: 24, Total loss: 0.253
[2024-06-29 21:30:53,255][    INFO] Iters: 28, Total loss: 0.247
[2024-06-29 21:30:56,518][    INFO] ***** Evaluation ***** >>>> Class [0 Right Ventricle] Dice: 81.54
[2024-06-29 21:30:56,518][    INFO] ***** Evaluation ***** >>>> Class [1 Myocardium] Dice: 79.75
[2024-06-29 21:30:56,518][    INFO] ***** Evaluation ***** >>>> Class [2 Left Ventricle] Dice: 89.90
[2024-06-29 21:30:56,518][    INFO] ***** Evaluation ***** >>>> MeanDice: 83.73

[2024-06-29 21:30:56,518][    INFO] ***** Evaluation ***** >>>> Classifications Accuracy: 4.555555555555555

[2024-06-29 21:30:56,796][    INFO] ===========> Epoch: 51, LR: 0.00767, Previous best: 85.34
[2024-06-29 21:30:57,527][    INFO] Iters: 0, Total loss: 0.335
[2024-06-29 21:30:59,435][    INFO] Iters: 4, Total loss: 0.242
[2024-06-29 21:31:01,445][    INFO] Iters: 8, Total loss: 0.210
[2024-06-29 21:31:02,750][    INFO] Iters: 12, Total loss: 0.211
[2024-06-29 21:31:04,018][    INFO] Iters: 16, Total loss: 0.229
[2024-06-29 21:31:05,378][    INFO] Iters: 20, Total loss: 0.223
[2024-06-29 21:31:06,823][    INFO] Iters: 24, Total loss: 0.249
[2024-06-29 21:31:08,347][    INFO] Iters: 28, Total loss: 0.251
[2024-06-29 21:31:11,741][    INFO] ***** Evaluation ***** >>>> Class [0 Right Ventricle] Dice: 76.84
[2024-06-29 21:31:11,741][    INFO] ***** Evaluation ***** >>>> Class [1 Myocardium] Dice: 81.13
[2024-06-29 21:31:11,741][    INFO] ***** Evaluation ***** >>>> Class [2 Left Ventricle] Dice: 88.70
[2024-06-29 21:31:11,741][    INFO] ***** Evaluation ***** >>>> MeanDice: 82.23

[2024-06-29 21:31:11,741][    INFO] ***** Evaluation ***** >>>> Classifications Accuracy: 4.425925925925926

[2024-06-29 21:31:11,988][    INFO] ===========> Epoch: 52, LR: 0.00763, Previous best: 85.34
[2024-06-29 21:31:12,980][    INFO] Iters: 0, Total loss: 0.225
[2024-06-29 21:31:15,694][    INFO] Iters: 4, Total loss: 0.238
[2024-06-29 21:31:18,535][    INFO] Iters: 8, Total loss: 0.226
[2024-06-29 21:31:19,845][    INFO] Iters: 12, Total loss: 0.225
[2024-06-29 21:31:21,295][    INFO] Iters: 16, Total loss: 0.224
[2024-06-29 21:31:22,777][    INFO] Iters: 20, Total loss: 0.237
[2024-06-29 21:31:24,192][    INFO] Iters: 24, Total loss: 0.229
[2024-06-29 21:31:25,634][    INFO] Iters: 28, Total loss: 0.233
[2024-06-29 21:31:31,044][    INFO] ***** Evaluation ***** >>>> Class [0 Right Ventricle] Dice: 78.47
[2024-06-29 21:31:31,044][    INFO] ***** Evaluation ***** >>>> Class [1 Myocardium] Dice: 80.73
[2024-06-29 21:31:31,044][    INFO] ***** Evaluation ***** >>>> Class [2 Left Ventricle] Dice: 85.78
[2024-06-29 21:31:31,044][    INFO] ***** Evaluation ***** >>>> MeanDice: 81.66

[2024-06-29 21:31:31,044][    INFO] ***** Evaluation ***** >>>> Classifications Accuracy: 4.092592592592593

[2024-06-29 21:31:31,304][    INFO] ===========> Epoch: 53, LR: 0.00758, Previous best: 85.34
[2024-06-29 21:31:32,465][    INFO] Iters: 0, Total loss: 0.307
[2024-06-29 21:31:33,794][    INFO] Iters: 4, Total loss: 0.230
[2024-06-29 21:31:35,200][    INFO] Iters: 8, Total loss: 0.239
[2024-06-29 21:31:36,631][    INFO] Iters: 12, Total loss: 0.233
[2024-06-29 21:31:38,390][    INFO] Iters: 16, Total loss: 0.237
[2024-06-29 21:31:40,194][    INFO] Iters: 20, Total loss: 0.238
[2024-06-29 21:31:42,123][    INFO] Iters: 24, Total loss: 0.239
[2024-06-29 21:31:45,022][    INFO] Iters: 28, Total loss: 0.237
[2024-06-29 21:31:49,287][    INFO] ***** Evaluation ***** >>>> Class [0 Right Ventricle] Dice: 78.98
[2024-06-29 21:31:49,287][    INFO] ***** Evaluation ***** >>>> Class [1 Myocardium] Dice: 83.33
[2024-06-29 21:31:49,288][    INFO] ***** Evaluation ***** >>>> Class [2 Left Ventricle] Dice: 89.69
[2024-06-29 21:31:49,288][    INFO] ***** Evaluation ***** >>>> MeanDice: 84.00

[2024-06-29 21:31:49,288][    INFO] ***** Evaluation ***** >>>> Classifications Accuracy: 4.37037037037037

[2024-06-29 21:31:49,519][    INFO] ===========> Epoch: 54, LR: 0.00753, Previous best: 85.34
[2024-06-29 21:31:50,324][    INFO] Iters: 0, Total loss: 0.200
[2024-06-29 21:31:51,931][    INFO] Iters: 4, Total loss: 0.230
[2024-06-29 21:31:53,527][    INFO] Iters: 8, Total loss: 0.217
[2024-06-29 21:31:55,378][    INFO] Iters: 12, Total loss: 0.228
[2024-06-29 21:31:57,289][    INFO] Iters: 16, Total loss: 0.229
[2024-06-29 21:31:59,338][    INFO] Iters: 20, Total loss: 0.232
[2024-06-29 21:32:00,857][    INFO] Iters: 24, Total loss: 0.225
[2024-06-29 21:32:01,993][    INFO] Iters: 28, Total loss: 0.225
[2024-06-29 21:32:04,943][    INFO] ***** Evaluation ***** >>>> Class [0 Right Ventricle] Dice: 73.73
[2024-06-29 21:32:04,943][    INFO] ***** Evaluation ***** >>>> Class [1 Myocardium] Dice: 79.69
[2024-06-29 21:32:04,943][    INFO] ***** Evaluation ***** >>>> Class [2 Left Ventricle] Dice: 88.11
[2024-06-29 21:32:04,943][    INFO] ***** Evaluation ***** >>>> MeanDice: 80.51

[2024-06-29 21:32:04,944][    INFO] ***** Evaluation ***** >>>> Classifications Accuracy: 4.388888888888889

[2024-06-29 21:32:05,231][    INFO] ===========> Epoch: 55, LR: 0.00749, Previous best: 85.34
[2024-06-29 21:32:05,933][    INFO] Iters: 0, Total loss: 0.147
[2024-06-29 21:32:07,080][    INFO] Iters: 4, Total loss: 0.210
[2024-06-29 21:32:08,230][    INFO] Iters: 8, Total loss: 0.245
[2024-06-29 21:32:09,428][    INFO] Iters: 12, Total loss: 0.247
[2024-06-29 21:32:10,589][    INFO] Iters: 16, Total loss: 0.247
[2024-06-29 21:32:11,753][    INFO] Iters: 20, Total loss: 0.240
[2024-06-29 21:32:12,918][    INFO] Iters: 24, Total loss: 0.232
[2024-06-29 21:32:14,115][    INFO] Iters: 28, Total loss: 0.235
[2024-06-29 21:32:17,030][    INFO] ***** Evaluation ***** >>>> Class [0 Right Ventricle] Dice: 81.66
[2024-06-29 21:32:17,030][    INFO] ***** Evaluation ***** >>>> Class [1 Myocardium] Dice: 82.59
[2024-06-29 21:32:17,030][    INFO] ***** Evaluation ***** >>>> Class [2 Left Ventricle] Dice: 89.07
[2024-06-29 21:32:17,030][    INFO] ***** Evaluation ***** >>>> MeanDice: 84.44

[2024-06-29 21:32:17,030][    INFO] ***** Evaluation ***** >>>> Classifications Accuracy: 4.462962962962963

[2024-06-29 21:32:17,307][    INFO] ===========> Epoch: 56, LR: 0.00744, Previous best: 85.34
[2024-06-29 21:32:18,018][    INFO] Iters: 0, Total loss: 0.219
[2024-06-29 21:32:19,157][    INFO] Iters: 4, Total loss: 0.195
[2024-06-29 21:32:20,354][    INFO] Iters: 8, Total loss: 0.196
[2024-06-29 21:32:21,474][    INFO] Iters: 12, Total loss: 0.211
[2024-06-29 21:32:22,642][    INFO] Iters: 16, Total loss: 0.204
[2024-06-29 21:32:23,858][    INFO] Iters: 20, Total loss: 0.205
[2024-06-29 21:32:25,184][    INFO] Iters: 24, Total loss: 0.208
[2024-06-29 21:32:26,711][    INFO] Iters: 28, Total loss: 0.209
[2024-06-29 21:32:30,063][    INFO] ***** Evaluation ***** >>>> Class [0 Right Ventricle] Dice: 79.07
[2024-06-29 21:32:30,064][    INFO] ***** Evaluation ***** >>>> Class [1 Myocardium] Dice: 81.04
[2024-06-29 21:32:30,064][    INFO] ***** Evaluation ***** >>>> Class [2 Left Ventricle] Dice: 89.03
[2024-06-29 21:32:30,064][    INFO] ***** Evaluation ***** >>>> MeanDice: 83.05

[2024-06-29 21:32:30,064][    INFO] ***** Evaluation ***** >>>> Classifications Accuracy: 4.962962962962963

[2024-06-29 21:32:30,407][    INFO] ===========> Epoch: 57, LR: 0.00740, Previous best: 85.34
[2024-06-29 21:32:31,122][    INFO] Iters: 0, Total loss: 0.398
[2024-06-29 21:32:32,197][    INFO] Iters: 4, Total loss: 0.265
[2024-06-29 21:32:33,305][    INFO] Iters: 8, Total loss: 0.280
[2024-06-29 21:32:34,531][    INFO] Iters: 12, Total loss: 0.257
[2024-06-29 21:32:35,653][    INFO] Iters: 16, Total loss: 0.252
[2024-06-29 21:32:36,773][    INFO] Iters: 20, Total loss: 0.253
[2024-06-29 21:32:37,876][    INFO] Iters: 24, Total loss: 0.247
[2024-06-29 21:32:39,005][    INFO] Iters: 28, Total loss: 0.240
[2024-06-29 21:32:41,814][    INFO] ***** Evaluation ***** >>>> Class [0 Right Ventricle] Dice: 76.44
[2024-06-29 21:32:41,814][    INFO] ***** Evaluation ***** >>>> Class [1 Myocardium] Dice: 75.51
[2024-06-29 21:32:41,814][    INFO] ***** Evaluation ***** >>>> Class [2 Left Ventricle] Dice: 83.66
[2024-06-29 21:32:41,814][    INFO] ***** Evaluation ***** >>>> MeanDice: 78.54

[2024-06-29 21:32:41,814][    INFO] ***** Evaluation ***** >>>> Classifications Accuracy: 5.333333333333333

[2024-06-29 21:32:42,154][    INFO] ===========> Epoch: 58, LR: 0.00735, Previous best: 85.34
[2024-06-29 21:32:42,866][    INFO] Iters: 0, Total loss: 0.163
[2024-06-29 21:32:44,257][    INFO] Iters: 4, Total loss: 0.220
[2024-06-29 21:32:45,707][    INFO] Iters: 8, Total loss: 0.206
[2024-06-29 21:32:46,908][    INFO] Iters: 12, Total loss: 0.212
[2024-06-29 21:32:48,341][    INFO] Iters: 16, Total loss: 0.220
[2024-06-29 21:32:49,410][    INFO] Iters: 20, Total loss: 0.223
[2024-06-29 21:32:50,623][    INFO] Iters: 24, Total loss: 0.231
[2024-06-29 21:32:51,890][    INFO] Iters: 28, Total loss: 0.235
[2024-06-29 21:32:54,804][    INFO] ***** Evaluation ***** >>>> Class [0 Right Ventricle] Dice: 81.24
[2024-06-29 21:32:54,804][    INFO] ***** Evaluation ***** >>>> Class [1 Myocardium] Dice: 81.97
[2024-06-29 21:32:54,804][    INFO] ***** Evaluation ***** >>>> Class [2 Left Ventricle] Dice: 89.80
[2024-06-29 21:32:54,804][    INFO] ***** Evaluation ***** >>>> MeanDice: 84.33

[2024-06-29 21:32:54,804][    INFO] ***** Evaluation ***** >>>> Classifications Accuracy: 5.62962962962963

[2024-06-29 21:32:55,157][    INFO] ===========> Epoch: 59, LR: 0.00730, Previous best: 85.34
[2024-06-29 21:32:55,854][    INFO] Iters: 0, Total loss: 0.169
[2024-06-29 21:32:57,037][    INFO] Iters: 4, Total loss: 0.249
[2024-06-29 21:32:58,274][    INFO] Iters: 8, Total loss: 0.232
[2024-06-29 21:32:59,723][    INFO] Iters: 12, Total loss: 0.217
[2024-06-29 21:33:01,150][    INFO] Iters: 16, Total loss: 0.228
[2024-06-29 21:33:02,726][    INFO] Iters: 20, Total loss: 0.232
[2024-06-29 21:33:03,989][    INFO] Iters: 24, Total loss: 0.231
[2024-06-29 21:33:05,140][    INFO] Iters: 28, Total loss: 0.228
[2024-06-29 21:33:08,254][    INFO] ***** Evaluation ***** >>>> Class [0 Right Ventricle] Dice: 77.06
[2024-06-29 21:33:08,254][    INFO] ***** Evaluation ***** >>>> Class [1 Myocardium] Dice: 80.54
[2024-06-29 21:33:08,254][    INFO] ***** Evaluation ***** >>>> Class [2 Left Ventricle] Dice: 89.46
[2024-06-29 21:33:08,254][    INFO] ***** Evaluation ***** >>>> MeanDice: 82.35

[2024-06-29 21:33:08,254][    INFO] ***** Evaluation ***** >>>> Classifications Accuracy: 5.5

[2024-06-29 21:33:08,527][    INFO] ===========> Epoch: 60, LR: 0.00726, Previous best: 85.34
[2024-06-29 21:33:09,236][    INFO] Iters: 0, Total loss: 0.233
[2024-06-29 21:33:10,384][    INFO] Iters: 4, Total loss: 0.242
[2024-06-29 21:33:11,980][    INFO] Iters: 8, Total loss: 0.247
[2024-06-29 21:33:13,849][    INFO] Iters: 12, Total loss: 0.244
[2024-06-29 21:33:15,637][    INFO] Iters: 16, Total loss: 0.234
[2024-06-29 21:33:17,450][    INFO] Iters: 20, Total loss: 0.224
[2024-06-29 21:33:18,795][    INFO] Iters: 24, Total loss: 0.224
[2024-06-29 21:33:20,021][    INFO] Iters: 28, Total loss: 0.228
[2024-06-29 21:33:23,429][    INFO] ***** Evaluation ***** >>>> Class [0 Right Ventricle] Dice: 74.87
[2024-06-29 21:33:23,429][    INFO] ***** Evaluation ***** >>>> Class [1 Myocardium] Dice: 78.07
[2024-06-29 21:33:23,429][    INFO] ***** Evaluation ***** >>>> Class [2 Left Ventricle] Dice: 88.93
[2024-06-29 21:33:23,429][    INFO] ***** Evaluation ***** >>>> MeanDice: 80.62

[2024-06-29 21:33:23,429][    INFO] ***** Evaluation ***** >>>> Classifications Accuracy: 5.12962962962963

[2024-06-29 21:33:23,655][    INFO] ===========> Epoch: 61, LR: 0.00721, Previous best: 85.34
[2024-06-29 21:33:24,465][    INFO] Iters: 0, Total loss: 0.141
[2024-06-29 21:33:26,201][    INFO] Iters: 4, Total loss: 0.185
[2024-06-29 21:33:28,958][    INFO] Iters: 8, Total loss: 0.200
[2024-06-29 21:33:30,949][    INFO] Iters: 12, Total loss: 0.214
[2024-06-29 21:33:32,521][    INFO] Iters: 16, Total loss: 0.213
[2024-06-29 21:33:34,030][    INFO] Iters: 20, Total loss: 0.207
[2024-06-29 21:33:35,493][    INFO] Iters: 24, Total loss: 0.206
[2024-06-29 21:33:36,868][    INFO] Iters: 28, Total loss: 0.210
[2024-06-29 21:33:40,435][    INFO] ***** Evaluation ***** >>>> Class [0 Right Ventricle] Dice: 78.38
[2024-06-29 21:33:40,436][    INFO] ***** Evaluation ***** >>>> Class [1 Myocardium] Dice: 78.63
[2024-06-29 21:33:40,436][    INFO] ***** Evaluation ***** >>>> Class [2 Left Ventricle] Dice: 82.93
[2024-06-29 21:33:40,436][    INFO] ***** Evaluation ***** >>>> MeanDice: 79.98

[2024-06-29 21:33:40,436][    INFO] ***** Evaluation ***** >>>> Classifications Accuracy: 4.796296296296297

[2024-06-29 21:33:40,664][    INFO] ===========> Epoch: 62, LR: 0.00716, Previous best: 85.34
[2024-06-29 21:33:41,514][    INFO] Iters: 0, Total loss: 0.201
[2024-06-29 21:33:42,990][    INFO] Iters: 4, Total loss: 0.211
[2024-06-29 21:33:44,622][    INFO] Iters: 8, Total loss: 0.212
[2024-06-29 21:33:46,458][    INFO] Iters: 12, Total loss: 0.204
[2024-06-29 21:33:48,080][    INFO] Iters: 16, Total loss: 0.197
[2024-06-29 21:33:49,533][    INFO] Iters: 20, Total loss: 0.188
[2024-06-29 21:33:50,697][    INFO] Iters: 24, Total loss: 0.196
[2024-06-29 21:33:51,869][    INFO] Iters: 28, Total loss: 0.201
[2024-06-29 21:33:54,873][    INFO] ***** Evaluation ***** >>>> Class [0 Right Ventricle] Dice: 75.18
[2024-06-29 21:33:54,873][    INFO] ***** Evaluation ***** >>>> Class [1 Myocardium] Dice: 80.21
[2024-06-29 21:33:54,874][    INFO] ***** Evaluation ***** >>>> Class [2 Left Ventricle] Dice: 88.39
[2024-06-29 21:33:54,874][    INFO] ***** Evaluation ***** >>>> MeanDice: 81.26

[2024-06-29 21:33:54,874][    INFO] ***** Evaluation ***** >>>> Classifications Accuracy: 4.444444444444445

[2024-06-29 21:33:55,299][    INFO] ===========> Epoch: 63, LR: 0.00712, Previous best: 85.34
[2024-06-29 21:33:55,905][    INFO] Iters: 0, Total loss: 0.179
[2024-06-29 21:33:57,144][    INFO] Iters: 4, Total loss: 0.206
[2024-06-29 21:33:58,749][    INFO] Iters: 8, Total loss: 0.213
[2024-06-29 21:34:00,316][    INFO] Iters: 12, Total loss: 0.213
[2024-06-29 21:34:01,916][    INFO] Iters: 16, Total loss: 0.204
[2024-06-29 21:34:03,540][    INFO] Iters: 20, Total loss: 0.198
[2024-06-29 21:34:05,752][    INFO] Iters: 24, Total loss: 0.197
[2024-06-29 21:34:07,653][    INFO] Iters: 28, Total loss: 0.210
[2024-06-29 21:34:10,553][    INFO] ***** Evaluation ***** >>>> Class [0 Right Ventricle] Dice: 81.05
[2024-06-29 21:34:10,553][    INFO] ***** Evaluation ***** >>>> Class [1 Myocardium] Dice: 83.88
[2024-06-29 21:34:10,553][    INFO] ***** Evaluation ***** >>>> Class [2 Left Ventricle] Dice: 90.31
[2024-06-29 21:34:10,553][    INFO] ***** Evaluation ***** >>>> MeanDice: 85.08

[2024-06-29 21:34:10,553][    INFO] ***** Evaluation ***** >>>> Classifications Accuracy: 5.185185185185185

[2024-06-29 21:34:10,831][    INFO] ===========> Epoch: 64, LR: 0.00707, Previous best: 85.34
[2024-06-29 21:34:11,410][    INFO] Iters: 0, Total loss: 0.100
[2024-06-29 21:34:13,067][    INFO] Iters: 4, Total loss: 0.169
[2024-06-29 21:34:15,057][    INFO] Iters: 8, Total loss: 0.173
[2024-06-29 21:34:17,046][    INFO] Iters: 12, Total loss: 0.185
[2024-06-29 21:34:18,782][    INFO] Iters: 16, Total loss: 0.183
[2024-06-29 21:34:20,062][    INFO] Iters: 20, Total loss: 0.209
[2024-06-29 21:34:21,193][    INFO] Iters: 24, Total loss: 0.209
[2024-06-29 21:34:22,349][    INFO] Iters: 28, Total loss: 0.217
[2024-06-29 21:34:25,263][    INFO] ***** Evaluation ***** >>>> Class [0 Right Ventricle] Dice: 78.57
[2024-06-29 21:34:25,264][    INFO] ***** Evaluation ***** >>>> Class [1 Myocardium] Dice: 80.86
[2024-06-29 21:34:25,264][    INFO] ***** Evaluation ***** >>>> Class [2 Left Ventricle] Dice: 88.00
[2024-06-29 21:34:25,264][    INFO] ***** Evaluation ***** >>>> MeanDice: 82.48

[2024-06-29 21:34:25,264][    INFO] ***** Evaluation ***** >>>> Classifications Accuracy: 4.481481481481482

[2024-06-29 21:34:25,562][    INFO] ===========> Epoch: 65, LR: 0.00702, Previous best: 85.34
[2024-06-29 21:34:26,100][    INFO] Iters: 0, Total loss: 0.208
[2024-06-29 21:34:27,252][    INFO] Iters: 4, Total loss: 0.221
[2024-06-29 21:34:28,425][    INFO] Iters: 8, Total loss: 0.216
[2024-06-29 21:34:29,658][    INFO] Iters: 12, Total loss: 0.218
[2024-06-29 21:34:30,769][    INFO] Iters: 16, Total loss: 0.238
[2024-06-29 21:34:31,849][    INFO] Iters: 20, Total loss: 0.246
[2024-06-29 21:34:33,031][    INFO] Iters: 24, Total loss: 0.239
[2024-06-29 21:34:34,347][    INFO] Iters: 28, Total loss: 0.244
[2024-06-29 21:34:36,992][    INFO] ***** Evaluation ***** >>>> Class [0 Right Ventricle] Dice: 82.36
[2024-06-29 21:34:36,992][    INFO] ***** Evaluation ***** >>>> Class [1 Myocardium] Dice: 80.28
[2024-06-29 21:34:36,992][    INFO] ***** Evaluation ***** >>>> Class [2 Left Ventricle] Dice: 88.20
[2024-06-29 21:34:36,992][    INFO] ***** Evaluation ***** >>>> MeanDice: 83.62

[2024-06-29 21:34:36,992][    INFO] ***** Evaluation ***** >>>> Classifications Accuracy: 4.462962962962963

[2024-06-29 21:34:37,282][    INFO] ===========> Epoch: 66, LR: 0.00698, Previous best: 85.34
[2024-06-29 21:34:37,881][    INFO] Iters: 0, Total loss: 0.164
[2024-06-29 21:34:38,976][    INFO] Iters: 4, Total loss: 0.187
[2024-06-29 21:34:40,083][    INFO] Iters: 8, Total loss: 0.202
[2024-06-29 21:34:41,190][    INFO] Iters: 12, Total loss: 0.218
[2024-06-29 21:34:42,663][    INFO] Iters: 16, Total loss: 0.222
[2024-06-29 21:34:44,207][    INFO] Iters: 20, Total loss: 0.206
[2024-06-29 21:34:45,815][    INFO] Iters: 24, Total loss: 0.219
[2024-06-29 21:34:47,487][    INFO] Iters: 28, Total loss: 0.214
[2024-06-29 21:34:51,209][    INFO] ***** Evaluation ***** >>>> Class [0 Right Ventricle] Dice: 80.55
[2024-06-29 21:34:51,210][    INFO] ***** Evaluation ***** >>>> Class [1 Myocardium] Dice: 83.30
[2024-06-29 21:34:51,210][    INFO] ***** Evaluation ***** >>>> Class [2 Left Ventricle] Dice: 87.23
[2024-06-29 21:34:51,210][    INFO] ***** Evaluation ***** >>>> MeanDice: 83.69

[2024-06-29 21:34:51,210][    INFO] ***** Evaluation ***** >>>> Classifications Accuracy: 4.333333333333333

[2024-06-29 21:34:51,508][    INFO] ===========> Epoch: 67, LR: 0.00693, Previous best: 85.34
[2024-06-29 21:34:52,055][    INFO] Iters: 0, Total loss: 0.139
[2024-06-29 21:34:53,243][    INFO] Iters: 4, Total loss: 0.189
[2024-06-29 21:34:54,417][    INFO] Iters: 8, Total loss: 0.209
[2024-06-29 21:34:55,500][    INFO] Iters: 12, Total loss: 0.203
[2024-06-29 21:34:56,646][    INFO] Iters: 16, Total loss: 0.194
[2024-06-29 21:34:57,791][    INFO] Iters: 20, Total loss: 0.196
[2024-06-29 21:34:58,967][    INFO] Iters: 24, Total loss: 0.205
[2024-06-29 21:35:00,074][    INFO] Iters: 28, Total loss: 0.201
[2024-06-29 21:35:02,849][    INFO] ***** Evaluation ***** >>>> Class [0 Right Ventricle] Dice: 78.50
[2024-06-29 21:35:02,849][    INFO] ***** Evaluation ***** >>>> Class [1 Myocardium] Dice: 80.42
[2024-06-29 21:35:02,849][    INFO] ***** Evaluation ***** >>>> Class [2 Left Ventricle] Dice: 87.34
[2024-06-29 21:35:02,849][    INFO] ***** Evaluation ***** >>>> MeanDice: 82.09

[2024-06-29 21:35:02,849][    INFO] ***** Evaluation ***** >>>> Classifications Accuracy: 4.87037037037037

[2024-06-29 21:35:03,189][    INFO] ===========> Epoch: 68, LR: 0.00688, Previous best: 85.34
[2024-06-29 21:35:03,791][    INFO] Iters: 0, Total loss: 0.118
[2024-06-29 21:35:04,831][    INFO] Iters: 4, Total loss: 0.188
[2024-06-29 21:35:05,990][    INFO] Iters: 8, Total loss: 0.197
[2024-06-29 21:35:07,133][    INFO] Iters: 12, Total loss: 0.200
[2024-06-29 21:35:08,234][    INFO] Iters: 16, Total loss: 0.197
[2024-06-29 21:35:09,357][    INFO] Iters: 20, Total loss: 0.195
[2024-06-29 21:35:10,603][    INFO] Iters: 24, Total loss: 0.201
[2024-06-29 21:35:11,770][    INFO] Iters: 28, Total loss: 0.199
[2024-06-29 21:35:15,873][    INFO] ***** Evaluation ***** >>>> Class [0 Right Ventricle] Dice: 65.82
[2024-06-29 21:35:15,873][    INFO] ***** Evaluation ***** >>>> Class [1 Myocardium] Dice: 74.23
[2024-06-29 21:35:15,873][    INFO] ***** Evaluation ***** >>>> Class [2 Left Ventricle] Dice: 76.33
[2024-06-29 21:35:15,873][    INFO] ***** Evaluation ***** >>>> MeanDice: 72.12

[2024-06-29 21:35:15,873][    INFO] ***** Evaluation ***** >>>> Classifications Accuracy: 4.462962962962963

[2024-06-29 21:35:16,215][    INFO] ===========> Epoch: 69, LR: 0.00683, Previous best: 85.34
[2024-06-29 21:35:17,183][    INFO] Iters: 0, Total loss: 0.231
[2024-06-29 21:35:19,895][    INFO] Iters: 4, Total loss: 0.247
[2024-06-29 21:35:21,442][    INFO] Iters: 8, Total loss: 0.231
[2024-06-29 21:35:22,929][    INFO] Iters: 12, Total loss: 0.224
[2024-06-29 21:35:24,359][    INFO] Iters: 16, Total loss: 0.219
[2024-06-29 21:35:26,180][    INFO] Iters: 20, Total loss: 0.232
[2024-06-29 21:35:28,810][    INFO] Iters: 24, Total loss: 0.237
[2024-06-29 21:35:31,358][    INFO] Iters: 28, Total loss: 0.235
[2024-06-29 21:35:34,811][    INFO] ***** Evaluation ***** >>>> Class [0 Right Ventricle] Dice: 78.25
[2024-06-29 21:35:34,811][    INFO] ***** Evaluation ***** >>>> Class [1 Myocardium] Dice: 80.32
[2024-06-29 21:35:34,811][    INFO] ***** Evaluation ***** >>>> Class [2 Left Ventricle] Dice: 88.37
[2024-06-29 21:35:34,811][    INFO] ***** Evaluation ***** >>>> MeanDice: 82.32

[2024-06-29 21:35:34,812][    INFO] ***** Evaluation ***** >>>> Classifications Accuracy: 5.462962962962963

[2024-06-29 21:35:35,041][    INFO] ===========> Epoch: 70, LR: 0.00679, Previous best: 85.34
[2024-06-29 21:35:35,987][    INFO] Iters: 0, Total loss: 0.177
[2024-06-29 21:35:37,139][    INFO] Iters: 4, Total loss: 0.179
[2024-06-29 21:35:38,274][    INFO] Iters: 8, Total loss: 0.194
[2024-06-29 21:35:39,531][    INFO] Iters: 12, Total loss: 0.208
[2024-06-29 21:35:40,741][    INFO] Iters: 16, Total loss: 0.205
[2024-06-29 21:35:42,207][    INFO] Iters: 20, Total loss: 0.211
[2024-06-29 21:35:44,127][    INFO] Iters: 24, Total loss: 0.209
[2024-06-29 21:35:45,733][    INFO] Iters: 28, Total loss: 0.209
[2024-06-29 21:35:48,741][    INFO] ***** Evaluation ***** >>>> Class [0 Right Ventricle] Dice: 77.44
[2024-06-29 21:35:48,741][    INFO] ***** Evaluation ***** >>>> Class [1 Myocardium] Dice: 81.72
[2024-06-29 21:35:48,741][    INFO] ***** Evaluation ***** >>>> Class [2 Left Ventricle] Dice: 89.04
[2024-06-29 21:35:48,741][    INFO] ***** Evaluation ***** >>>> MeanDice: 82.74

[2024-06-29 21:35:48,741][    INFO] ***** Evaluation ***** >>>> Classifications Accuracy: 4.407407407407407

[2024-06-29 21:35:49,031][    INFO] ===========> Epoch: 71, LR: 0.00674, Previous best: 85.34
[2024-06-29 21:35:49,691][    INFO] Iters: 0, Total loss: 0.094
[2024-06-29 21:35:50,761][    INFO] Iters: 4, Total loss: 0.148
[2024-06-29 21:35:51,976][    INFO] Iters: 8, Total loss: 0.152
[2024-06-29 21:35:53,121][    INFO] Iters: 12, Total loss: 0.162
[2024-06-29 21:35:54,336][    INFO] Iters: 16, Total loss: 0.168
[2024-06-29 21:35:55,487][    INFO] Iters: 20, Total loss: 0.180
[2024-06-29 21:35:56,720][    INFO] Iters: 24, Total loss: 0.190
[2024-06-29 21:35:58,620][    INFO] Iters: 28, Total loss: 0.189
[2024-06-29 21:36:02,497][    INFO] ***** Evaluation ***** >>>> Class [0 Right Ventricle] Dice: 81.79
[2024-06-29 21:36:02,497][    INFO] ***** Evaluation ***** >>>> Class [1 Myocardium] Dice: 83.51
[2024-06-29 21:36:02,497][    INFO] ***** Evaluation ***** >>>> Class [2 Left Ventricle] Dice: 90.13
[2024-06-29 21:36:02,497][    INFO] ***** Evaluation ***** >>>> MeanDice: 85.14

[2024-06-29 21:36:02,497][    INFO] ***** Evaluation ***** >>>> Classifications Accuracy: 4.37037037037037

[2024-06-29 21:36:02,809][    INFO] ===========> Epoch: 72, LR: 0.00669, Previous best: 85.34
[2024-06-29 21:36:03,593][    INFO] Iters: 0, Total loss: 0.169
[2024-06-29 21:36:04,759][    INFO] Iters: 4, Total loss: 0.168
[2024-06-29 21:36:05,966][    INFO] Iters: 8, Total loss: 0.217
[2024-06-29 21:36:07,119][    INFO] Iters: 12, Total loss: 0.205
[2024-06-29 21:36:08,340][    INFO] Iters: 16, Total loss: 0.205
[2024-06-29 21:36:09,490][    INFO] Iters: 20, Total loss: 0.191
[2024-06-29 21:36:10,672][    INFO] Iters: 24, Total loss: 0.188
[2024-06-29 21:36:12,043][    INFO] Iters: 28, Total loss: 0.187
[2024-06-29 21:36:15,474][    INFO] ***** Evaluation ***** >>>> Class [0 Right Ventricle] Dice: 80.18
[2024-06-29 21:36:15,474][    INFO] ***** Evaluation ***** >>>> Class [1 Myocardium] Dice: 82.80
[2024-06-29 21:36:15,474][    INFO] ***** Evaluation ***** >>>> Class [2 Left Ventricle] Dice: 89.30
[2024-06-29 21:36:15,475][    INFO] ***** Evaluation ***** >>>> MeanDice: 84.10

[2024-06-29 21:36:15,475][    INFO] ***** Evaluation ***** >>>> Classifications Accuracy: 4.407407407407407

[2024-06-29 21:36:15,766][    INFO] ===========> Epoch: 73, LR: 0.00665, Previous best: 85.34
[2024-06-29 21:36:16,315][    INFO] Iters: 0, Total loss: 0.057
[2024-06-29 21:36:17,361][    INFO] Iters: 4, Total loss: 0.128
[2024-06-29 21:36:18,576][    INFO] Iters: 8, Total loss: 0.131
[2024-06-29 21:36:19,764][    INFO] Iters: 12, Total loss: 0.142
[2024-06-29 21:36:21,020][    INFO] Iters: 16, Total loss: 0.154
[2024-06-29 21:36:22,186][    INFO] Iters: 20, Total loss: 0.167
[2024-06-29 21:36:23,340][    INFO] Iters: 24, Total loss: 0.162
[2024-06-29 21:36:24,442][    INFO] Iters: 28, Total loss: 0.160
[2024-06-29 21:36:27,119][    INFO] ***** Evaluation ***** >>>> Class [0 Right Ventricle] Dice: 71.45
[2024-06-29 21:36:27,119][    INFO] ***** Evaluation ***** >>>> Class [1 Myocardium] Dice: 82.53
[2024-06-29 21:36:27,119][    INFO] ***** Evaluation ***** >>>> Class [2 Left Ventricle] Dice: 88.50
[2024-06-29 21:36:27,119][    INFO] ***** Evaluation ***** >>>> MeanDice: 80.83

[2024-06-29 21:36:27,119][    INFO] ***** Evaluation ***** >>>> Classifications Accuracy: 4.518518518518518

[2024-06-29 21:36:27,399][    INFO] ===========> Epoch: 74, LR: 0.00660, Previous best: 85.34
[2024-06-29 21:36:28,013][    INFO] Iters: 0, Total loss: 0.101
[2024-06-29 21:36:29,163][    INFO] Iters: 4, Total loss: 0.131
[2024-06-29 21:36:30,304][    INFO] Iters: 8, Total loss: 0.138
[2024-06-29 21:36:31,435][    INFO] Iters: 12, Total loss: 0.167
[2024-06-29 21:36:32,604][    INFO] Iters: 16, Total loss: 0.162
[2024-06-29 21:36:33,733][    INFO] Iters: 20, Total loss: 0.173
[2024-06-29 21:36:34,916][    INFO] Iters: 24, Total loss: 0.172
[2024-06-29 21:36:36,066][    INFO] Iters: 28, Total loss: 0.168
[2024-06-29 21:36:38,718][    INFO] ***** Evaluation ***** >>>> Class [0 Right Ventricle] Dice: 83.90
[2024-06-29 21:36:38,718][    INFO] ***** Evaluation ***** >>>> Class [1 Myocardium] Dice: 84.80
[2024-06-29 21:36:38,718][    INFO] ***** Evaluation ***** >>>> Class [2 Left Ventricle] Dice: 91.36
[2024-06-29 21:36:38,718][    INFO] ***** Evaluation ***** >>>> MeanDice: 86.69

[2024-06-29 21:36:38,718][    INFO] ***** Evaluation ***** >>>> Classifications Accuracy: 4.592592592592593

[2024-06-29 21:36:39,278][    INFO] ===========> Epoch: 75, LR: 0.00655, Previous best: 86.69
[2024-06-29 21:36:39,798][    INFO] Iters: 0, Total loss: 0.075
[2024-06-29 21:36:40,839][    INFO] Iters: 4, Total loss: 0.135
[2024-06-29 21:36:42,045][    INFO] Iters: 8, Total loss: 0.148
[2024-06-29 21:36:43,750][    INFO] Iters: 12, Total loss: 0.171
[2024-06-29 21:36:45,270][    INFO] Iters: 16, Total loss: 0.164
[2024-06-29 21:36:46,771][    INFO] Iters: 20, Total loss: 0.188
[2024-06-29 21:36:48,288][    INFO] Iters: 24, Total loss: 0.183
[2024-06-29 21:36:49,872][    INFO] Iters: 28, Total loss: 0.191
slurmstepd-leto: error: *** JOB 2712 ON leto CANCELLED AT 2024-06-29T21:36:50 DUE TO TIME LIMIT ***
