[2024-07-01 18:12:03,104][    INFO] {'batch_size': 12,
 'conf_thresh': 0.95,
 'crop_size': 256,
 'ctrl': 'age sex ethnicity',
 'data_desc': 'UKBB Train Data - 182 Patients - 18 Labeled, Rest Unlabeled',
 'data_root': '/vol/aimspace/projects/ukbb/data/cardiac/cardiac_segmentations/subjects',
 'dataset': 'ukbb',
 'epochs': 300,
 'exp': '4',
 'local_rank': 0,
 'lr': 0.01,
 'mode': 'train',
 'model_desc': 'Unimatch Unet 18 Training on UKBB',
 'multi_task': True,
 'nclass': 4,
 'ngpus': 1,
 'num_workers': 1,
 'port': 8318,
 'seed': '42',
 'split': 18,
 'visualize': False}

[2024-07-01 18:12:03,447][    INFO] Total params: 1.9M

[2024-07-01 18:12:04,287][    INFO] ===========> Epoch: 0, LR: 0.01000, Previous best: 0.00
[2024-07-01 18:12:13,160][    INFO] Iters: 0, Total loss: 1.092
[2024-07-01 18:13:34,906][    INFO] Iters: 15, Total loss: 0.830
[2024-07-01 18:14:51,562][    INFO] Iters: 30, Total loss: 0.737
[2024-07-01 18:15:51,876][    INFO] Iters: 45, Total loss: 0.701
[2024-07-01 18:16:32,965][    INFO] Iters: 60, Total loss: 0.680
[2024-07-01 18:17:11,477][    INFO] Iters: 75, Total loss: 0.665
[2024-07-01 18:17:40,750][    INFO] Iters: 90, Total loss: 0.651
[2024-07-01 18:18:10,929][    INFO] Iters: 105, Total loss: 0.638
[2024-07-01 18:18:41,813][    INFO] ***** Evaluation ***** >>>> Class [0 Right Ventricle] Dice: 1.66
[2024-07-01 18:18:41,813][    INFO] ***** Evaluation ***** >>>> Class [1 Myocardium] Dice: 33.34
[2024-07-01 18:18:41,813][    INFO] ***** Evaluation ***** >>>> Class [2 Left Ventricle] Dice: 7.77
[2024-07-01 18:18:41,813][    INFO] ***** Evaluation ***** >>>> MeanDice: 14.26

[2024-07-01 18:18:41,813][    INFO] ***** Evaluation ***** >>>> Classifications Accuracy: 40.74074074074074

[2024-07-01 18:18:42,604][    INFO] ===========> Epoch: 1, LR: 0.00997, Previous best: 14.26
[2024-07-01 18:18:43,783][    INFO] Iters: 0, Total loss: 0.494
[2024-07-01 18:18:58,809][    INFO] Iters: 15, Total loss: 0.503
[2024-07-01 18:19:06,791][    INFO] Iters: 30, Total loss: 0.498
[2024-07-01 18:19:13,576][    INFO] Iters: 45, Total loss: 0.486
[2024-07-01 18:19:20,017][    INFO] Iters: 60, Total loss: 0.477
[2024-07-01 18:19:26,132][    INFO] Iters: 75, Total loss: 0.470
[2024-07-01 18:19:29,941][    INFO] Iters: 90, Total loss: 0.460
[2024-07-01 18:19:34,180][    INFO] Iters: 105, Total loss: 0.452
[2024-07-01 18:19:43,403][    INFO] ***** Evaluation ***** >>>> Class [0 Right Ventricle] Dice: 52.21
[2024-07-01 18:19:43,403][    INFO] ***** Evaluation ***** >>>> Class [1 Myocardium] Dice: 68.58
[2024-07-01 18:19:43,403][    INFO] ***** Evaluation ***** >>>> Class [2 Left Ventricle] Dice: 73.37
[2024-07-01 18:19:43,403][    INFO] ***** Evaluation ***** >>>> MeanDice: 64.72

[2024-07-01 18:19:43,403][    INFO] ***** Evaluation ***** >>>> Classifications Accuracy: 45.370370370370374

[2024-07-01 18:19:44,241][    INFO] ===========> Epoch: 2, LR: 0.00994, Previous best: 64.72
[2024-07-01 18:19:44,642][    INFO] Iters: 0, Total loss: 0.352
[2024-07-01 18:19:48,964][    INFO] Iters: 15, Total loss: 0.401
[2024-07-01 18:19:53,861][    INFO] Iters: 30, Total loss: 0.396
[2024-07-01 18:19:57,719][    INFO] Iters: 45, Total loss: 0.389
[2024-07-01 18:20:01,469][    INFO] Iters: 60, Total loss: 0.386
[2024-07-01 18:20:05,522][    INFO] Iters: 75, Total loss: 0.385
[2024-07-01 18:20:10,075][    INFO] Iters: 90, Total loss: 0.384
[2024-07-01 18:20:14,597][    INFO] Iters: 105, Total loss: 0.382
[2024-07-01 18:20:23,838][    INFO] ***** Evaluation ***** >>>> Class [0 Right Ventricle] Dice: 70.34
[2024-07-01 18:20:23,838][    INFO] ***** Evaluation ***** >>>> Class [1 Myocardium] Dice: 69.72
[2024-07-01 18:20:23,839][    INFO] ***** Evaluation ***** >>>> Class [2 Left Ventricle] Dice: 81.53
[2024-07-01 18:20:23,839][    INFO] ***** Evaluation ***** >>>> MeanDice: 73.86

[2024-07-01 18:20:23,839][    INFO] ***** Evaluation ***** >>>> Classifications Accuracy: 36.574074074074076

[2024-07-01 18:20:24,627][    INFO] ===========> Epoch: 3, LR: 0.00991, Previous best: 73.86
[2024-07-01 18:20:25,069][    INFO] Iters: 0, Total loss: 0.436
[2024-07-01 18:20:29,194][    INFO] Iters: 15, Total loss: 0.368
[2024-07-01 18:20:33,601][    INFO] Iters: 30, Total loss: 0.365
[2024-07-01 18:20:37,946][    INFO] Iters: 45, Total loss: 0.362
[2024-07-01 18:20:48,547][    INFO] Iters: 60, Total loss: 0.361
[2024-07-01 18:21:03,057][    INFO] Iters: 75, Total loss: 0.361
[2024-07-01 18:21:16,131][    INFO] Iters: 90, Total loss: 0.360
[2024-07-01 18:21:28,434][    INFO] Iters: 105, Total loss: 0.360
[2024-07-01 18:23:06,319][    INFO] ***** Evaluation ***** >>>> Class [0 Right Ventricle] Dice: 74.26
[2024-07-01 18:23:06,320][    INFO] ***** Evaluation ***** >>>> Class [1 Myocardium] Dice: 74.63
[2024-07-01 18:23:06,320][    INFO] ***** Evaluation ***** >>>> Class [2 Left Ventricle] Dice: 87.11
[2024-07-01 18:23:06,320][    INFO] ***** Evaluation ***** >>>> MeanDice: 78.67

[2024-07-01 18:23:06,320][    INFO] ***** Evaluation ***** >>>> Classifications Accuracy: 34.72222222222222

[2024-07-01 18:23:06,731][    INFO] ===========> Epoch: 4, LR: 0.00988, Previous best: 78.67
[2024-07-01 18:23:09,892][    INFO] Iters: 0, Total loss: 0.370
[2024-07-01 18:24:35,034][    INFO] Iters: 15, Total loss: 0.363
[2024-07-01 18:25:48,558][    INFO] Iters: 30, Total loss: 0.358
[2024-07-01 18:26:26,475][    INFO] Iters: 45, Total loss: 0.350
[2024-07-01 18:27:01,380][    INFO] Iters: 60, Total loss: 0.350
[2024-07-01 18:27:23,630][    INFO] Iters: 75, Total loss: 0.348
[2024-07-01 18:27:40,537][    INFO] Iters: 90, Total loss: 0.348
[2024-07-01 18:27:50,430][    INFO] Iters: 105, Total loss: 0.347
[2024-07-01 18:28:29,166][    INFO] ***** Evaluation ***** >>>> Class [0 Right Ventricle] Dice: 73.83
[2024-07-01 18:28:29,166][    INFO] ***** Evaluation ***** >>>> Class [1 Myocardium] Dice: 80.29
[2024-07-01 18:28:29,166][    INFO] ***** Evaluation ***** >>>> Class [2 Left Ventricle] Dice: 90.24
[2024-07-01 18:28:29,166][    INFO] ***** Evaluation ***** >>>> MeanDice: 81.45

[2024-07-01 18:28:29,166][    INFO] ***** Evaluation ***** >>>> Classifications Accuracy: 32.407407407407405

[2024-07-01 18:28:30,369][    INFO] ===========> Epoch: 5, LR: 0.00985, Previous best: 81.45
[2024-07-01 18:28:30,841][    INFO] Iters: 0, Total loss: 0.388
[2024-07-01 18:28:42,030][    INFO] Iters: 15, Total loss: 0.337
[2024-07-01 18:28:49,067][    INFO] Iters: 30, Total loss: 0.328
[2024-07-01 18:28:57,577][    INFO] Iters: 45, Total loss: 0.331
[2024-07-01 18:29:19,343][    INFO] Iters: 60, Total loss: 0.339
[2024-07-01 18:29:25,505][    INFO] Iters: 75, Total loss: 0.336
[2024-07-01 18:29:31,862][    INFO] Iters: 90, Total loss: 0.332
[2024-07-01 18:29:36,653][    INFO] Iters: 105, Total loss: 0.333
[2024-07-01 18:29:48,761][    INFO] ***** Evaluation ***** >>>> Class [0 Right Ventricle] Dice: 75.29
[2024-07-01 18:29:48,761][    INFO] ***** Evaluation ***** >>>> Class [1 Myocardium] Dice: 75.54
[2024-07-01 18:29:48,761][    INFO] ***** Evaluation ***** >>>> Class [2 Left Ventricle] Dice: 85.24
[2024-07-01 18:29:48,762][    INFO] ***** Evaluation ***** >>>> MeanDice: 78.69

[2024-07-01 18:29:48,762][    INFO] ***** Evaluation ***** >>>> Classifications Accuracy: 48.61111111111111

[2024-07-01 18:29:49,272][    INFO] ===========> Epoch: 6, LR: 0.00982, Previous best: 81.45
[2024-07-01 18:29:49,827][    INFO] Iters: 0, Total loss: 0.446
[2024-07-01 18:29:54,964][    INFO] Iters: 15, Total loss: 0.321
[2024-07-01 18:30:01,719][    INFO] Iters: 30, Total loss: 0.338
[2024-07-01 18:30:10,587][    INFO] Iters: 45, Total loss: 0.331
[2024-07-01 18:30:17,536][    INFO] Iters: 60, Total loss: 0.323
[2024-07-01 18:30:23,684][    INFO] Iters: 75, Total loss: 0.316
[2024-07-01 18:30:28,873][    INFO] Iters: 90, Total loss: 0.313
[2024-07-01 18:30:35,335][    INFO] Iters: 105, Total loss: 0.310
[2024-07-01 18:30:47,829][    INFO] ***** Evaluation ***** >>>> Class [0 Right Ventricle] Dice: 70.19
[2024-07-01 18:30:47,829][    INFO] ***** Evaluation ***** >>>> Class [1 Myocardium] Dice: 80.04
[2024-07-01 18:30:47,829][    INFO] ***** Evaluation ***** >>>> Class [2 Left Ventricle] Dice: 89.56
[2024-07-01 18:30:47,829][    INFO] ***** Evaluation ***** >>>> MeanDice: 79.93

[2024-07-01 18:30:47,829][    INFO] ***** Evaluation ***** >>>> Classifications Accuracy: 52.77777777777778

[2024-07-01 18:30:48,410][    INFO] ===========> Epoch: 7, LR: 0.00979, Previous best: 81.45
[2024-07-01 18:30:48,871][    INFO] Iters: 0, Total loss: 0.358
[2024-07-01 18:30:53,814][    INFO] Iters: 15, Total loss: 0.304
[2024-07-01 18:31:02,119][    INFO] Iters: 30, Total loss: 0.318
[2024-07-01 18:31:10,358][    INFO] Iters: 45, Total loss: 0.308
[2024-07-01 18:31:17,531][    INFO] Iters: 60, Total loss: 0.309
[2024-07-01 18:31:21,794][    INFO] Iters: 75, Total loss: 0.307
[2024-07-01 18:31:27,535][    INFO] Iters: 90, Total loss: 0.310
[2024-07-01 18:31:33,921][    INFO] Iters: 105, Total loss: 0.311
[2024-07-01 18:31:44,718][    INFO] ***** Evaluation ***** >>>> Class [0 Right Ventricle] Dice: 74.36
[2024-07-01 18:31:44,719][    INFO] ***** Evaluation ***** >>>> Class [1 Myocardium] Dice: 80.90
[2024-07-01 18:31:44,719][    INFO] ***** Evaluation ***** >>>> Class [2 Left Ventricle] Dice: 90.43
[2024-07-01 18:31:44,719][    INFO] ***** Evaluation ***** >>>> MeanDice: 81.90

[2024-07-01 18:31:44,719][    INFO] ***** Evaluation ***** >>>> Classifications Accuracy: 29.629629629629626

[2024-07-01 18:31:45,401][    INFO] ===========> Epoch: 8, LR: 0.00976, Previous best: 81.90
[2024-07-01 18:31:45,831][    INFO] Iters: 0, Total loss: 0.234
[2024-07-01 18:31:50,230][    INFO] Iters: 15, Total loss: 0.298
[2024-07-01 18:31:57,201][    INFO] Iters: 30, Total loss: 0.295
[2024-07-01 18:32:06,131][    INFO] Iters: 45, Total loss: 0.302
[2024-07-01 18:32:15,095][    INFO] Iters: 60, Total loss: 0.298
[2024-07-01 18:32:21,857][    INFO] Iters: 75, Total loss: 0.301
[2024-07-01 18:32:27,478][    INFO] Iters: 90, Total loss: 0.297
[2024-07-01 18:32:34,728][    INFO] Iters: 105, Total loss: 0.294
[2024-07-01 18:32:46,145][    INFO] ***** Evaluation ***** >>>> Class [0 Right Ventricle] Dice: 72.35
[2024-07-01 18:32:46,145][    INFO] ***** Evaluation ***** >>>> Class [1 Myocardium] Dice: 79.80
[2024-07-01 18:32:46,145][    INFO] ***** Evaluation ***** >>>> Class [2 Left Ventricle] Dice: 88.51
[2024-07-01 18:32:46,145][    INFO] ***** Evaluation ***** >>>> MeanDice: 80.22

[2024-07-01 18:32:46,145][    INFO] ***** Evaluation ***** >>>> Classifications Accuracy: 44.907407407407405

[2024-07-01 18:32:46,491][    INFO] ===========> Epoch: 9, LR: 0.00973, Previous best: 81.90
[2024-07-01 18:32:46,891][    INFO] Iters: 0, Total loss: 0.385
[2024-07-01 18:32:51,484][    INFO] Iters: 15, Total loss: 0.307
[2024-07-01 18:32:57,847][    INFO] Iters: 30, Total loss: 0.312
[2024-07-01 18:33:06,683][    INFO] Iters: 45, Total loss: 0.308
[2024-07-01 18:33:15,229][    INFO] Iters: 60, Total loss: 0.307
[2024-07-01 18:33:21,440][    INFO] Iters: 75, Total loss: 0.304
[2024-07-01 18:33:25,919][    INFO] Iters: 90, Total loss: 0.299
[2024-07-01 18:33:30,858][    INFO] Iters: 105, Total loss: 0.297
[2024-07-01 18:33:41,346][    INFO] ***** Evaluation ***** >>>> Class [0 Right Ventricle] Dice: 79.98
[2024-07-01 18:33:41,347][    INFO] ***** Evaluation ***** >>>> Class [1 Myocardium] Dice: 81.59
[2024-07-01 18:33:41,347][    INFO] ***** Evaluation ***** >>>> Class [2 Left Ventricle] Dice: 90.46
[2024-07-01 18:33:41,347][    INFO] ***** Evaluation ***** >>>> MeanDice: 84.01

[2024-07-01 18:33:41,347][    INFO] ***** Evaluation ***** >>>> Classifications Accuracy: 35.648148148148145

[2024-07-01 18:33:42,001][    INFO] ===========> Epoch: 10, LR: 0.00970, Previous best: 84.01
[2024-07-01 18:33:42,428][    INFO] Iters: 0, Total loss: 0.289
[2024-07-01 18:33:47,001][    INFO] Iters: 15, Total loss: 0.299
[2024-07-01 18:33:52,389][    INFO] Iters: 30, Total loss: 0.295
[2024-07-01 18:33:57,780][    INFO] Iters: 45, Total loss: 0.294
[2024-07-01 18:34:05,915][    INFO] Iters: 60, Total loss: 0.295
[2024-07-01 18:34:15,209][    INFO] Iters: 75, Total loss: 0.292
[2024-07-01 18:34:22,976][    INFO] Iters: 90, Total loss: 0.290
[2024-07-01 18:34:28,403][    INFO] Iters: 105, Total loss: 0.290
[2024-07-01 18:34:40,560][    INFO] ***** Evaluation ***** >>>> Class [0 Right Ventricle] Dice: 73.26
[2024-07-01 18:34:40,560][    INFO] ***** Evaluation ***** >>>> Class [1 Myocardium] Dice: 78.95
[2024-07-01 18:34:40,560][    INFO] ***** Evaluation ***** >>>> Class [2 Left Ventricle] Dice: 86.76
[2024-07-01 18:34:40,560][    INFO] ***** Evaluation ***** >>>> MeanDice: 79.66

[2024-07-01 18:34:40,561][    INFO] ***** Evaluation ***** >>>> Classifications Accuracy: 43.98148148148148

[2024-07-01 18:34:41,066][    INFO] ===========> Epoch: 11, LR: 0.00967, Previous best: 84.01
[2024-07-01 18:34:41,490][    INFO] Iters: 0, Total loss: 0.264
[2024-07-01 18:34:46,614][    INFO] Iters: 15, Total loss: 0.279
[2024-07-01 18:34:53,483][    INFO] Iters: 30, Total loss: 0.280
[2024-07-01 18:34:59,849][    INFO] Iters: 45, Total loss: 0.281
[2024-07-01 18:35:07,218][    INFO] Iters: 60, Total loss: 0.282
[2024-07-01 18:35:15,914][    INFO] Iters: 75, Total loss: 0.280
[2024-07-01 18:35:22,389][    INFO] Iters: 90, Total loss: 0.286
[2024-07-01 18:35:26,442][    INFO] Iters: 105, Total loss: 0.281
[2024-07-01 18:35:35,557][    INFO] ***** Evaluation ***** >>>> Class [0 Right Ventricle] Dice: 79.10
[2024-07-01 18:35:35,557][    INFO] ***** Evaluation ***** >>>> Class [1 Myocardium] Dice: 77.86
[2024-07-01 18:35:35,557][    INFO] ***** Evaluation ***** >>>> Class [2 Left Ventricle] Dice: 87.00
[2024-07-01 18:35:35,557][    INFO] ***** Evaluation ***** >>>> MeanDice: 81.32

[2024-07-01 18:35:35,557][    INFO] ***** Evaluation ***** >>>> Classifications Accuracy: 56.94444444444444

[2024-07-01 18:35:35,917][    INFO] ===========> Epoch: 12, LR: 0.00964, Previous best: 84.01
[2024-07-01 18:35:36,346][    INFO] Iters: 0, Total loss: 0.241
[2024-07-01 18:35:40,525][    INFO] Iters: 15, Total loss: 0.286
[2024-07-01 18:35:45,974][    INFO] Iters: 30, Total loss: 0.278
[2024-07-01 18:35:52,743][    INFO] Iters: 45, Total loss: 0.276
[2024-07-01 18:35:58,554][    INFO] Iters: 60, Total loss: 0.271
[2024-07-01 18:36:03,551][    INFO] Iters: 75, Total loss: 0.267
[2024-07-01 18:36:10,860][    INFO] Iters: 90, Total loss: 0.269
[2024-07-01 18:36:16,504][    INFO] Iters: 105, Total loss: 0.270
[2024-07-01 18:36:25,579][    INFO] ***** Evaluation ***** >>>> Class [0 Right Ventricle] Dice: 79.23
[2024-07-01 18:36:25,579][    INFO] ***** Evaluation ***** >>>> Class [1 Myocardium] Dice: 81.61
[2024-07-01 18:36:25,579][    INFO] ***** Evaluation ***** >>>> Class [2 Left Ventricle] Dice: 89.97
[2024-07-01 18:36:25,579][    INFO] ***** Evaluation ***** >>>> MeanDice: 83.60

[2024-07-01 18:36:25,579][    INFO] ***** Evaluation ***** >>>> Classifications Accuracy: 34.72222222222222

[2024-07-01 18:36:25,835][    INFO] ===========> Epoch: 13, LR: 0.00961, Previous best: 84.01
[2024-07-01 18:36:26,290][    INFO] Iters: 0, Total loss: 0.250
[2024-07-01 18:36:30,288][    INFO] Iters: 15, Total loss: 0.262
[2024-07-01 18:36:34,149][    INFO] Iters: 30, Total loss: 0.263
[2024-07-01 18:36:37,977][    INFO] Iters: 45, Total loss: 0.257
[2024-07-01 18:36:42,172][    INFO] Iters: 60, Total loss: 0.260
[2024-07-01 18:36:46,892][    INFO] Iters: 75, Total loss: 0.259
[2024-07-01 18:36:51,867][    INFO] Iters: 90, Total loss: 0.254
[2024-07-01 18:36:56,525][    INFO] Iters: 105, Total loss: 0.257
[2024-07-01 18:37:05,750][    INFO] ***** Evaluation ***** >>>> Class [0 Right Ventricle] Dice: 66.20
[2024-07-01 18:37:05,750][    INFO] ***** Evaluation ***** >>>> Class [1 Myocardium] Dice: 71.10
[2024-07-01 18:37:05,750][    INFO] ***** Evaluation ***** >>>> Class [2 Left Ventricle] Dice: 81.08
[2024-07-01 18:37:05,751][    INFO] ***** Evaluation ***** >>>> MeanDice: 72.79

[2024-07-01 18:37:05,751][    INFO] ***** Evaluation ***** >>>> Classifications Accuracy: 30.555555555555557

[2024-07-01 18:37:06,118][    INFO] ===========> Epoch: 14, LR: 0.00958, Previous best: 84.01
[2024-07-01 18:37:06,559][    INFO] Iters: 0, Total loss: 0.334
[2024-07-01 18:37:11,037][    INFO] Iters: 15, Total loss: 0.230
[2024-07-01 18:37:16,429][    INFO] Iters: 30, Total loss: 0.238
[2024-07-01 18:37:20,758][    INFO] Iters: 45, Total loss: 0.241
[2024-07-01 18:37:24,453][    INFO] Iters: 60, Total loss: 0.250
[2024-07-01 18:37:28,106][    INFO] Iters: 75, Total loss: 0.252
[2024-07-01 18:37:31,704][    INFO] Iters: 90, Total loss: 0.253
[2024-07-01 18:37:36,046][    INFO] Iters: 105, Total loss: 0.253
[2024-07-01 18:37:45,460][    INFO] ***** Evaluation ***** >>>> Class [0 Right Ventricle] Dice: 78.16
[2024-07-01 18:37:45,460][    INFO] ***** Evaluation ***** >>>> Class [1 Myocardium] Dice: 77.94
[2024-07-01 18:37:45,460][    INFO] ***** Evaluation ***** >>>> Class [2 Left Ventricle] Dice: 86.65
[2024-07-01 18:37:45,460][    INFO] ***** Evaluation ***** >>>> MeanDice: 80.91

[2024-07-01 18:37:45,460][    INFO] ***** Evaluation ***** >>>> Classifications Accuracy: 50.46296296296296

[2024-07-01 18:37:45,684][    INFO] ===========> Epoch: 15, LR: 0.00955, Previous best: 84.01
[2024-07-01 18:37:46,083][    INFO] Iters: 0, Total loss: 0.280
[2024-07-01 18:37:50,122][    INFO] Iters: 15, Total loss: 0.284
[2024-07-01 18:37:54,094][    INFO] Iters: 30, Total loss: 0.256
[2024-07-01 18:37:58,577][    INFO] Iters: 45, Total loss: 0.249
[2024-07-01 18:38:02,953][    INFO] Iters: 60, Total loss: 0.247
[2024-07-01 18:38:08,177][    INFO] Iters: 75, Total loss: 0.250
[2024-07-01 18:38:13,994][    INFO] Iters: 90, Total loss: 0.252
[2024-07-01 18:38:19,159][    INFO] Iters: 105, Total loss: 0.247
[2024-07-01 18:38:28,322][    INFO] ***** Evaluation ***** >>>> Class [0 Right Ventricle] Dice: 79.46
[2024-07-01 18:38:28,322][    INFO] ***** Evaluation ***** >>>> Class [1 Myocardium] Dice: 83.97
[2024-07-01 18:38:28,323][    INFO] ***** Evaluation ***** >>>> Class [2 Left Ventricle] Dice: 90.91
[2024-07-01 18:38:28,323][    INFO] ***** Evaluation ***** >>>> MeanDice: 84.78

[2024-07-01 18:38:28,323][    INFO] ***** Evaluation ***** >>>> Classifications Accuracy: 37.5

[2024-07-01 18:38:28,767][    INFO] ===========> Epoch: 16, LR: 0.00952, Previous best: 84.78
[2024-07-01 18:38:29,164][    INFO] Iters: 0, Total loss: 0.134
[2024-07-01 18:38:32,966][    INFO] Iters: 15, Total loss: 0.242
[2024-07-01 18:38:38,319][    INFO] Iters: 30, Total loss: 0.239
[2024-07-01 18:38:45,966][    INFO] Iters: 45, Total loss: 0.229
[2024-07-01 18:38:57,608][    INFO] Iters: 60, Total loss: 0.220
[2024-07-01 18:39:05,866][    INFO] Iters: 75, Total loss: 0.219
[2024-07-01 18:39:16,293][    INFO] Iters: 90, Total loss: 0.224
[2024-07-01 18:39:28,074][    INFO] Iters: 105, Total loss: 0.227
[2024-07-01 18:39:45,918][    INFO] ***** Evaluation ***** >>>> Class [0 Right Ventricle] Dice: 83.00
[2024-07-01 18:39:45,918][    INFO] ***** Evaluation ***** >>>> Class [1 Myocardium] Dice: 84.93
[2024-07-01 18:39:45,918][    INFO] ***** Evaluation ***** >>>> Class [2 Left Ventricle] Dice: 92.45
[2024-07-01 18:39:45,918][    INFO] ***** Evaluation ***** >>>> MeanDice: 86.79

[2024-07-01 18:39:45,918][    INFO] ***** Evaluation ***** >>>> Classifications Accuracy: 45.83333333333333

[2024-07-01 18:39:47,731][    INFO] ===========> Epoch: 17, LR: 0.00949, Previous best: 86.79
[2024-07-01 18:39:49,175][    INFO] Iters: 0, Total loss: 0.289
[2024-07-01 18:39:58,957][    INFO] Iters: 15, Total loss: 0.215
[2024-07-01 18:40:07,115][    INFO] Iters: 30, Total loss: 0.207
[2024-07-01 18:40:17,799][    INFO] Iters: 45, Total loss: 0.210
[2024-07-01 18:40:29,730][    INFO] Iters: 60, Total loss: 0.213
[2024-07-01 18:40:35,486][    INFO] Iters: 75, Total loss: 0.219
[2024-07-01 18:40:40,230][    INFO] Iters: 90, Total loss: 0.225
[2024-07-01 18:40:44,596][    INFO] Iters: 105, Total loss: 0.227
[2024-07-01 18:40:53,857][    INFO] ***** Evaluation ***** >>>> Class [0 Right Ventricle] Dice: 80.70
[2024-07-01 18:40:53,857][    INFO] ***** Evaluation ***** >>>> Class [1 Myocardium] Dice: 82.92
[2024-07-01 18:40:53,857][    INFO] ***** Evaluation ***** >>>> Class [2 Left Ventricle] Dice: 90.54
[2024-07-01 18:40:53,857][    INFO] ***** Evaluation ***** >>>> MeanDice: 84.72

[2024-07-01 18:40:53,858][    INFO] ***** Evaluation ***** >>>> Classifications Accuracy: 46.2962962962963

[2024-07-01 18:40:54,145][    INFO] ===========> Epoch: 18, LR: 0.00946, Previous best: 86.79
[2024-07-01 18:40:54,586][    INFO] Iters: 0, Total loss: 0.302
[2024-07-01 18:40:59,207][    INFO] Iters: 15, Total loss: 0.234
[2024-07-01 18:41:07,778][    INFO] Iters: 30, Total loss: 0.218
[2024-07-01 18:41:18,899][    INFO] Iters: 45, Total loss: 0.219
[2024-07-01 18:41:32,352][    INFO] Iters: 60, Total loss: 0.224
[2024-07-01 18:41:42,076][    INFO] Iters: 75, Total loss: 0.226
[2024-07-01 18:41:55,004][    INFO] Iters: 90, Total loss: 0.226
[2024-07-01 18:42:07,917][    INFO] Iters: 105, Total loss: 0.222
[2024-07-01 18:43:12,327][    INFO] ***** Evaluation ***** >>>> Class [0 Right Ventricle] Dice: 79.91
[2024-07-01 18:43:12,328][    INFO] ***** Evaluation ***** >>>> Class [1 Myocardium] Dice: 85.25
[2024-07-01 18:43:12,328][    INFO] ***** Evaluation ***** >>>> Class [2 Left Ventricle] Dice: 92.89
[2024-07-01 18:43:12,328][    INFO] ***** Evaluation ***** >>>> MeanDice: 86.02

[2024-07-01 18:43:12,328][    INFO] ***** Evaluation ***** >>>> Classifications Accuracy: 52.31481481481482

[2024-07-01 18:43:12,774][    INFO] ===========> Epoch: 19, LR: 0.00943, Previous best: 86.79
[2024-07-01 18:43:13,631][    INFO] Iters: 0, Total loss: 0.178
[2024-07-01 18:43:59,132][    INFO] Iters: 15, Total loss: 0.208
[2024-07-01 18:44:33,764][    INFO] Iters: 30, Total loss: 0.204
[2024-07-01 18:44:57,526][    INFO] Iters: 45, Total loss: 0.199
[2024-07-01 18:45:12,632][    INFO] Iters: 60, Total loss: 0.194
[2024-07-01 18:45:37,365][    INFO] Iters: 75, Total loss: 0.204
[2024-07-01 18:45:48,187][    INFO] Iters: 90, Total loss: 0.204
[2024-07-01 18:45:55,494][    INFO] Iters: 105, Total loss: 0.207
[2024-07-01 18:46:24,072][    INFO] ***** Evaluation ***** >>>> Class [0 Right Ventricle] Dice: 83.55
[2024-07-01 18:46:24,072][    INFO] ***** Evaluation ***** >>>> Class [1 Myocardium] Dice: 85.74
[2024-07-01 18:46:24,072][    INFO] ***** Evaluation ***** >>>> Class [2 Left Ventricle] Dice: 91.84
[2024-07-01 18:46:24,072][    INFO] ***** Evaluation ***** >>>> MeanDice: 87.04

[2024-07-01 18:46:24,072][    INFO] ***** Evaluation ***** >>>> Classifications Accuracy: 37.96296296296296

[2024-07-01 18:46:25,098][    INFO] ===========> Epoch: 20, LR: 0.00940, Previous best: 87.04
[2024-07-01 18:46:26,895][    INFO] Iters: 0, Total loss: 0.187
[2024-07-01 18:46:38,346][    INFO] Iters: 15, Total loss: 0.199
[2024-07-01 18:46:44,503][    INFO] Iters: 30, Total loss: 0.210
[2024-07-01 18:46:49,636][    INFO] Iters: 45, Total loss: 0.212
[2024-07-01 18:46:55,947][    INFO] Iters: 60, Total loss: 0.209
[2024-07-01 18:47:01,398][    INFO] Iters: 75, Total loss: 0.215
[2024-07-01 18:47:07,633][    INFO] Iters: 90, Total loss: 0.215
[2024-07-01 18:47:13,654][    INFO] Iters: 105, Total loss: 0.211
[2024-07-01 18:47:25,250][    INFO] ***** Evaluation ***** >>>> Class [0 Right Ventricle] Dice: 83.87
[2024-07-01 18:47:25,251][    INFO] ***** Evaluation ***** >>>> Class [1 Myocardium] Dice: 86.41
[2024-07-01 18:47:25,251][    INFO] ***** Evaluation ***** >>>> Class [2 Left Ventricle] Dice: 93.55
[2024-07-01 18:47:25,251][    INFO] ***** Evaluation ***** >>>> MeanDice: 87.94

[2024-07-01 18:47:25,251][    INFO] ***** Evaluation ***** >>>> Classifications Accuracy: 55.092592592592595

[2024-07-01 18:47:26,904][    INFO] ===========> Epoch: 21, LR: 0.00937, Previous best: 87.94
[2024-07-01 18:47:27,310][    INFO] Iters: 0, Total loss: 0.339
[2024-07-01 18:47:33,676][    INFO] Iters: 15, Total loss: 0.245
[2024-07-01 18:47:40,644][    INFO] Iters: 30, Total loss: 0.228
[2024-07-01 18:47:45,095][    INFO] Iters: 45, Total loss: 0.223
[2024-07-01 18:47:49,855][    INFO] Iters: 60, Total loss: 0.212
[2024-07-01 18:47:55,697][    INFO] Iters: 75, Total loss: 0.209
[2024-07-01 18:48:01,413][    INFO] Iters: 90, Total loss: 0.207
[2024-07-01 18:48:07,511][    INFO] Iters: 105, Total loss: 0.212
[2024-07-01 18:48:18,756][    INFO] ***** Evaluation ***** >>>> Class [0 Right Ventricle] Dice: 85.00
[2024-07-01 18:48:18,756][    INFO] ***** Evaluation ***** >>>> Class [1 Myocardium] Dice: 86.90
[2024-07-01 18:48:18,756][    INFO] ***** Evaluation ***** >>>> Class [2 Left Ventricle] Dice: 94.71
[2024-07-01 18:48:18,756][    INFO] ***** Evaluation ***** >>>> MeanDice: 88.87

[2024-07-01 18:48:18,756][    INFO] ***** Evaluation ***** >>>> Classifications Accuracy: 48.148148148148145

[2024-07-01 18:48:19,700][    INFO] ===========> Epoch: 22, LR: 0.00934, Previous best: 88.87
[2024-07-01 18:48:20,144][    INFO] Iters: 0, Total loss: 0.263
[2024-07-01 18:48:26,773][    INFO] Iters: 15, Total loss: 0.230
[2024-07-01 18:48:35,514][    INFO] Iters: 30, Total loss: 0.213
[2024-07-01 18:48:42,438][    INFO] Iters: 45, Total loss: 0.200
[2024-07-01 18:48:46,794][    INFO] Iters: 60, Total loss: 0.204
[2024-07-01 18:48:52,618][    INFO] Iters: 75, Total loss: 0.202
[2024-07-01 18:48:58,232][    INFO] Iters: 90, Total loss: 0.203
[2024-07-01 18:49:04,262][    INFO] Iters: 105, Total loss: 0.201
[2024-07-01 18:49:15,662][    INFO] ***** Evaluation ***** >>>> Class [0 Right Ventricle] Dice: 83.34
[2024-07-01 18:49:15,663][    INFO] ***** Evaluation ***** >>>> Class [1 Myocardium] Dice: 86.39
[2024-07-01 18:49:15,663][    INFO] ***** Evaluation ***** >>>> Class [2 Left Ventricle] Dice: 93.25
[2024-07-01 18:49:15,663][    INFO] ***** Evaluation ***** >>>> MeanDice: 87.66

[2024-07-01 18:49:15,663][    INFO] ***** Evaluation ***** >>>> Classifications Accuracy: 56.94444444444444

[2024-07-01 18:49:16,119][    INFO] ===========> Epoch: 23, LR: 0.00931, Previous best: 88.87
[2024-07-01 18:49:16,549][    INFO] Iters: 0, Total loss: 0.208
[2024-07-01 18:49:20,548][    INFO] Iters: 15, Total loss: 0.176
[2024-07-01 18:49:28,980][    INFO] Iters: 30, Total loss: 0.185
[2024-07-01 18:49:36,243][    INFO] Iters: 45, Total loss: 0.199
[2024-07-01 18:49:41,842][    INFO] Iters: 60, Total loss: 0.198
[2024-07-01 18:49:45,404][    INFO] Iters: 75, Total loss: 0.193
[2024-07-01 18:49:49,007][    INFO] Iters: 90, Total loss: 0.189
[2024-07-01 18:49:53,364][    INFO] Iters: 105, Total loss: 0.189
[2024-07-01 18:50:04,141][    INFO] ***** Evaluation ***** >>>> Class [0 Right Ventricle] Dice: 87.40
[2024-07-01 18:50:04,142][    INFO] ***** Evaluation ***** >>>> Class [1 Myocardium] Dice: 86.70
[2024-07-01 18:50:04,142][    INFO] ***** Evaluation ***** >>>> Class [2 Left Ventricle] Dice: 93.52
[2024-07-01 18:50:04,142][    INFO] ***** Evaluation ***** >>>> MeanDice: 89.20

[2024-07-01 18:50:04,142][    INFO] ***** Evaluation ***** >>>> Classifications Accuracy: 49.53703703703704

[2024-07-01 18:50:05,199][    INFO] ===========> Epoch: 24, LR: 0.00928, Previous best: 89.20
[2024-07-01 18:50:05,689][    INFO] Iters: 0, Total loss: 0.139
[2024-07-01 18:50:10,569][    INFO] Iters: 15, Total loss: 0.154
[2024-07-01 18:50:15,575][    INFO] Iters: 30, Total loss: 0.179
[2024-07-01 18:50:20,481][    INFO] Iters: 45, Total loss: 0.185
[2024-07-01 18:50:27,883][    INFO] Iters: 60, Total loss: 0.182
[2024-07-01 18:50:35,813][    INFO] Iters: 75, Total loss: 0.188
[2024-07-01 18:50:41,777][    INFO] Iters: 90, Total loss: 0.191
[2024-07-01 18:50:45,387][    INFO] Iters: 105, Total loss: 0.194
[2024-07-01 18:50:54,074][    INFO] ***** Evaluation ***** >>>> Class [0 Right Ventricle] Dice: 85.36
[2024-07-01 18:50:54,074][    INFO] ***** Evaluation ***** >>>> Class [1 Myocardium] Dice: 87.17
[2024-07-01 18:50:54,074][    INFO] ***** Evaluation ***** >>>> Class [2 Left Ventricle] Dice: 94.37
[2024-07-01 18:50:54,074][    INFO] ***** Evaluation ***** >>>> MeanDice: 88.97

[2024-07-01 18:50:54,074][    INFO] ***** Evaluation ***** >>>> Classifications Accuracy: 52.77777777777778

[2024-07-01 18:50:54,422][    INFO] ===========> Epoch: 25, LR: 0.00925, Previous best: 89.20
[2024-07-01 18:50:54,942][    INFO] Iters: 0, Total loss: 0.097
[2024-07-01 18:50:59,935][    INFO] Iters: 15, Total loss: 0.169
[2024-07-01 18:51:04,016][    INFO] Iters: 30, Total loss: 0.187
[2024-07-01 18:51:09,907][    INFO] Iters: 45, Total loss: 0.179
[2024-07-01 18:51:15,057][    INFO] Iters: 60, Total loss: 0.178
[2024-07-01 18:51:20,441][    INFO] Iters: 75, Total loss: 0.175
[2024-07-01 18:51:27,844][    INFO] Iters: 90, Total loss: 0.181
[2024-07-01 18:51:36,445][    INFO] Iters: 105, Total loss: 0.178
[2024-07-01 18:51:50,669][    INFO] ***** Evaluation ***** >>>> Class [0 Right Ventricle] Dice: 84.47
[2024-07-01 18:51:50,669][    INFO] ***** Evaluation ***** >>>> Class [1 Myocardium] Dice: 86.81
[2024-07-01 18:51:50,669][    INFO] ***** Evaluation ***** >>>> Class [2 Left Ventricle] Dice: 93.40
[2024-07-01 18:51:50,669][    INFO] ***** Evaluation ***** >>>> MeanDice: 88.23

[2024-07-01 18:51:50,669][    INFO] ***** Evaluation ***** >>>> Classifications Accuracy: 55.092592592592595

[2024-07-01 18:51:50,863][    INFO] ===========> Epoch: 26, LR: 0.00922, Previous best: 89.20
[2024-07-01 18:51:51,418][    INFO] Iters: 0, Total loss: 0.064
[2024-07-01 18:51:55,956][    INFO] Iters: 15, Total loss: 0.177
[2024-07-01 18:52:01,236][    INFO] Iters: 30, Total loss: 0.175
[2024-07-01 18:52:06,932][    INFO] Iters: 45, Total loss: 0.175
[2024-07-01 18:52:13,644][    INFO] Iters: 60, Total loss: 0.176
[2024-07-01 18:52:19,322][    INFO] Iters: 75, Total loss: 0.173
[2024-07-01 18:52:24,636][    INFO] Iters: 90, Total loss: 0.176
[2024-07-01 18:52:31,074][    INFO] Iters: 105, Total loss: 0.179
[2024-07-01 18:52:44,421][    INFO] ***** Evaluation ***** >>>> Class [0 Right Ventricle] Dice: 84.95
[2024-07-01 18:52:44,421][    INFO] ***** Evaluation ***** >>>> Class [1 Myocardium] Dice: 87.43
[2024-07-01 18:52:44,421][    INFO] ***** Evaluation ***** >>>> Class [2 Left Ventricle] Dice: 94.42
[2024-07-01 18:52:44,421][    INFO] ***** Evaluation ***** >>>> MeanDice: 88.93

[2024-07-01 18:52:44,422][    INFO] ***** Evaluation ***** >>>> Classifications Accuracy: 52.77777777777778

[2024-07-01 18:52:44,667][    INFO] ===========> Epoch: 27, LR: 0.00919, Previous best: 89.20
[2024-07-01 18:52:45,092][    INFO] Iters: 0, Total loss: 0.205
[2024-07-01 18:52:49,041][    INFO] Iters: 15, Total loss: 0.137
[2024-07-01 18:52:52,780][    INFO] Iters: 30, Total loss: 0.161
[2024-07-01 18:52:56,780][    INFO] Iters: 45, Total loss: 0.174
[2024-07-01 18:53:02,517][    INFO] Iters: 60, Total loss: 0.164
[2024-07-01 18:53:08,766][    INFO] Iters: 75, Total loss: 0.162
[2024-07-01 18:53:16,344][    INFO] Iters: 90, Total loss: 0.169
[2024-07-01 18:53:22,067][    INFO] Iters: 105, Total loss: 0.173
[2024-07-01 18:53:33,906][    INFO] ***** Evaluation ***** >>>> Class [0 Right Ventricle] Dice: 85.40
[2024-07-01 18:53:33,907][    INFO] ***** Evaluation ***** >>>> Class [1 Myocardium] Dice: 86.91
[2024-07-01 18:53:33,907][    INFO] ***** Evaluation ***** >>>> Class [2 Left Ventricle] Dice: 94.08
[2024-07-01 18:53:33,907][    INFO] ***** Evaluation ***** >>>> MeanDice: 88.80

[2024-07-01 18:53:33,907][    INFO] ***** Evaluation ***** >>>> Classifications Accuracy: 50.0

[2024-07-01 18:53:34,621][    INFO] ===========> Epoch: 28, LR: 0.00916, Previous best: 89.20
[2024-07-01 18:53:35,032][    INFO] Iters: 0, Total loss: 0.175
[2024-07-01 18:53:41,776][    INFO] Iters: 15, Total loss: 0.180
[2024-07-01 18:53:48,893][    INFO] Iters: 30, Total loss: 0.171
[2024-07-01 18:53:52,773][    INFO] Iters: 45, Total loss: 0.165
[2024-07-01 18:53:56,776][    INFO] Iters: 60, Total loss: 0.160
[2024-07-01 18:54:00,785][    INFO] Iters: 75, Total loss: 0.158
[2024-07-01 18:54:05,206][    INFO] Iters: 90, Total loss: 0.159
[2024-07-01 18:54:10,127][    INFO] Iters: 105, Total loss: 0.159
[2024-07-01 18:54:19,940][    INFO] ***** Evaluation ***** >>>> Class [0 Right Ventricle] Dice: 82.64
[2024-07-01 18:54:19,940][    INFO] ***** Evaluation ***** >>>> Class [1 Myocardium] Dice: 87.21
[2024-07-01 18:54:19,940][    INFO] ***** Evaluation ***** >>>> Class [2 Left Ventricle] Dice: 93.95
[2024-07-01 18:54:19,940][    INFO] ***** Evaluation ***** >>>> MeanDice: 87.93

[2024-07-01 18:54:19,940][    INFO] ***** Evaluation ***** >>>> Classifications Accuracy: 45.370370370370374

[2024-07-01 18:54:20,188][    INFO] ===========> Epoch: 29, LR: 0.00913, Previous best: 89.20
[2024-07-01 18:54:20,621][    INFO] Iters: 0, Total loss: 0.109
[2024-07-01 18:54:24,389][    INFO] Iters: 15, Total loss: 0.142
[2024-07-01 18:54:29,258][    INFO] Iters: 30, Total loss: 0.152
[2024-07-01 18:54:35,815][    INFO] Iters: 45, Total loss: 0.154
[2024-07-01 18:54:42,606][    INFO] Iters: 60, Total loss: 0.172
[2024-07-01 18:54:47,236][    INFO] Iters: 75, Total loss: 0.176
[2024-07-01 18:54:51,244][    INFO] Iters: 90, Total loss: 0.179
[2024-07-01 18:54:54,927][    INFO] Iters: 105, Total loss: 0.175
[2024-07-01 18:55:03,735][    INFO] ***** Evaluation ***** >>>> Class [0 Right Ventricle] Dice: 84.01
[2024-07-01 18:55:03,735][    INFO] ***** Evaluation ***** >>>> Class [1 Myocardium] Dice: 86.49
[2024-07-01 18:55:03,735][    INFO] ***** Evaluation ***** >>>> Class [2 Left Ventricle] Dice: 93.71
[2024-07-01 18:55:03,735][    INFO] ***** Evaluation ***** >>>> MeanDice: 88.07

[2024-07-01 18:55:03,735][    INFO] ***** Evaluation ***** >>>> Classifications Accuracy: 47.68518518518518

[2024-07-01 18:55:04,001][    INFO] ===========> Epoch: 30, LR: 0.00910, Previous best: 89.20
[2024-07-01 18:55:04,410][    INFO] Iters: 0, Total loss: 0.217
[2024-07-01 18:55:08,176][    INFO] Iters: 15, Total loss: 0.164
[2024-07-01 18:55:12,064][    INFO] Iters: 30, Total loss: 0.166
[2024-07-01 18:55:17,443][    INFO] Iters: 45, Total loss: 0.173
[2024-07-01 18:55:22,040][    INFO] Iters: 60, Total loss: 0.173
[2024-07-01 18:55:27,040][    INFO] Iters: 75, Total loss: 0.172
[2024-07-01 18:55:32,922][    INFO] Iters: 90, Total loss: 0.170
[2024-07-01 18:55:39,530][    INFO] Iters: 105, Total loss: 0.170
[2024-07-01 18:55:49,871][    INFO] ***** Evaluation ***** >>>> Class [0 Right Ventricle] Dice: 85.22
[2024-07-01 18:55:49,871][    INFO] ***** Evaluation ***** >>>> Class [1 Myocardium] Dice: 87.26
[2024-07-01 18:55:49,871][    INFO] ***** Evaluation ***** >>>> Class [2 Left Ventricle] Dice: 94.30
[2024-07-01 18:55:49,871][    INFO] ***** Evaluation ***** >>>> MeanDice: 88.93

[2024-07-01 18:55:49,871][    INFO] ***** Evaluation ***** >>>> Classifications Accuracy: 48.61111111111111

[2024-07-01 18:55:50,108][    INFO] ===========> Epoch: 31, LR: 0.00907, Previous best: 89.20
[2024-07-01 18:55:50,524][    INFO] Iters: 0, Total loss: 0.156
[2024-07-01 18:55:54,318][    INFO] Iters: 15, Total loss: 0.156
[2024-07-01 18:55:57,939][    INFO] Iters: 30, Total loss: 0.173
[2024-07-01 18:56:01,471][    INFO] Iters: 45, Total loss: 0.176
[2024-07-01 18:56:05,341][    INFO] Iters: 60, Total loss: 0.179
[2024-07-01 18:56:10,384][    INFO] Iters: 75, Total loss: 0.186
[2024-07-01 18:56:15,801][    INFO] Iters: 90, Total loss: 0.180
[2024-07-01 18:56:24,106][    INFO] Iters: 105, Total loss: 0.176
[2024-07-01 18:56:41,305][    INFO] ***** Evaluation ***** >>>> Class [0 Right Ventricle] Dice: 85.84
[2024-07-01 18:56:41,306][    INFO] ***** Evaluation ***** >>>> Class [1 Myocardium] Dice: 87.96
[2024-07-01 18:56:41,306][    INFO] ***** Evaluation ***** >>>> Class [2 Left Ventricle] Dice: 93.49
[2024-07-01 18:56:41,306][    INFO] ***** Evaluation ***** >>>> MeanDice: 89.10

[2024-07-01 18:56:41,306][    INFO] ***** Evaluation ***** >>>> Classifications Accuracy: 63.42592592592593

[2024-07-01 18:56:43,523][    INFO] ===========> Epoch: 32, LR: 0.00903, Previous best: 89.20
[2024-07-01 18:56:44,023][    INFO] Iters: 0, Total loss: 0.256
[2024-07-01 18:56:52,845][    INFO] Iters: 15, Total loss: 0.177
[2024-07-01 18:57:02,369][    INFO] Iters: 30, Total loss: 0.173
[2024-07-01 18:57:13,977][    INFO] Iters: 45, Total loss: 0.157
[2024-07-01 18:57:24,906][    INFO] Iters: 60, Total loss: 0.143
[2024-07-01 18:57:36,383][    INFO] Iters: 75, Total loss: 0.145
[2024-07-01 18:57:47,912][    INFO] Iters: 90, Total loss: 0.151
[2024-07-01 18:57:57,798][    INFO] Iters: 105, Total loss: 0.149
[2024-07-01 18:58:14,434][    INFO] ***** Evaluation ***** >>>> Class [0 Right Ventricle] Dice: 86.45
[2024-07-01 18:58:14,434][    INFO] ***** Evaluation ***** >>>> Class [1 Myocardium] Dice: 88.34
[2024-07-01 18:58:14,434][    INFO] ***** Evaluation ***** >>>> Class [2 Left Ventricle] Dice: 94.62
[2024-07-01 18:58:14,434][    INFO] ***** Evaluation ***** >>>> MeanDice: 89.80

[2024-07-01 18:58:14,434][    INFO] ***** Evaluation ***** >>>> Classifications Accuracy: 57.407407407407405

[2024-07-01 18:58:15,516][    INFO] ===========> Epoch: 33, LR: 0.00900, Previous best: 89.80
[2024-07-01 18:58:16,042][    INFO] Iters: 0, Total loss: 0.215
[2024-07-01 18:58:20,454][    INFO] Iters: 15, Total loss: 0.195
[2024-07-01 18:58:24,320][    INFO] Iters: 30, Total loss: 0.178
[2024-07-01 18:58:29,025][    INFO] Iters: 45, Total loss: 0.182
[2024-07-01 18:58:33,358][    INFO] Iters: 60, Total loss: 0.181
[2024-07-01 18:58:39,162][    INFO] Iters: 75, Total loss: 0.172
[2024-07-01 18:58:49,282][    INFO] Iters: 90, Total loss: 0.171
[2024-07-01 18:58:59,165][    INFO] Iters: 105, Total loss: 0.169
[2024-07-01 18:59:13,647][    INFO] ***** Evaluation ***** >>>> Class [0 Right Ventricle] Dice: 83.80
[2024-07-01 18:59:13,648][    INFO] ***** Evaluation ***** >>>> Class [1 Myocardium] Dice: 88.81
[2024-07-01 18:59:13,648][    INFO] ***** Evaluation ***** >>>> Class [2 Left Ventricle] Dice: 95.13
[2024-07-01 18:59:13,648][    INFO] ***** Evaluation ***** >>>> MeanDice: 89.24

[2024-07-01 18:59:13,648][    INFO] ***** Evaluation ***** >>>> Classifications Accuracy: 47.68518518518518

[2024-07-01 18:59:14,285][    INFO] ===========> Epoch: 34, LR: 0.00897, Previous best: 89.80
[2024-07-01 18:59:14,898][    INFO] Iters: 0, Total loss: 0.165
[2024-07-01 18:59:21,744][    INFO] Iters: 15, Total loss: 0.139
[2024-07-01 18:59:31,120][    INFO] Iters: 30, Total loss: 0.154
[2024-07-01 18:59:45,983][    INFO] Iters: 45, Total loss: 0.141
[2024-07-01 18:59:56,257][    INFO] Iters: 60, Total loss: 0.147
[2024-07-01 19:00:07,057][    INFO] Iters: 75, Total loss: 0.148
[2024-07-01 19:00:16,322][    INFO] Iters: 90, Total loss: 0.148
[2024-07-01 19:00:26,572][    INFO] Iters: 105, Total loss: 0.150
[2024-07-01 19:00:58,295][    INFO] ***** Evaluation ***** >>>> Class [0 Right Ventricle] Dice: 87.70
[2024-07-01 19:00:58,296][    INFO] ***** Evaluation ***** >>>> Class [1 Myocardium] Dice: 87.84
[2024-07-01 19:00:58,296][    INFO] ***** Evaluation ***** >>>> Class [2 Left Ventricle] Dice: 94.46
[2024-07-01 19:00:58,296][    INFO] ***** Evaluation ***** >>>> MeanDice: 90.00

[2024-07-01 19:00:58,296][    INFO] ***** Evaluation ***** >>>> Classifications Accuracy: 56.94444444444444

[2024-07-01 19:00:59,250][    INFO] ===========> Epoch: 35, LR: 0.00894, Previous best: 90.00
[2024-07-01 19:00:59,725][    INFO] Iters: 0, Total loss: 0.082
[2024-07-01 19:01:04,342][    INFO] Iters: 15, Total loss: 0.124
[2024-07-01 19:01:09,182][    INFO] Iters: 30, Total loss: 0.144
[2024-07-01 19:01:13,760][    INFO] Iters: 45, Total loss: 0.145
[2024-07-01 19:01:17,647][    INFO] Iters: 60, Total loss: 0.143
[2024-07-01 19:01:22,820][    INFO] Iters: 75, Total loss: 0.140
[2024-07-01 19:01:28,318][    INFO] Iters: 90, Total loss: 0.138
[2024-07-01 19:01:34,010][    INFO] Iters: 105, Total loss: 0.140
[2024-07-01 19:01:45,308][    INFO] ***** Evaluation ***** >>>> Class [0 Right Ventricle] Dice: 87.62
[2024-07-01 19:01:45,309][    INFO] ***** Evaluation ***** >>>> Class [1 Myocardium] Dice: 88.64
[2024-07-01 19:01:45,309][    INFO] ***** Evaluation ***** >>>> Class [2 Left Ventricle] Dice: 94.74
[2024-07-01 19:01:45,309][    INFO] ***** Evaluation ***** >>>> MeanDice: 90.33

[2024-07-01 19:01:45,309][    INFO] ***** Evaluation ***** >>>> Classifications Accuracy: 47.68518518518518

[2024-07-01 19:01:46,656][    INFO] ===========> Epoch: 36, LR: 0.00891, Previous best: 90.33
[2024-07-01 19:01:47,242][    INFO] Iters: 0, Total loss: 0.053
[2024-07-01 19:01:53,245][    INFO] Iters: 15, Total loss: 0.150
[2024-07-01 19:02:00,490][    INFO] Iters: 30, Total loss: 0.165
[2024-07-01 19:02:05,061][    INFO] Iters: 45, Total loss: 0.156
[2024-07-01 19:02:09,373][    INFO] Iters: 60, Total loss: 0.162
[2024-07-01 19:02:14,529][    INFO] Iters: 75, Total loss: 0.157
[2024-07-01 19:02:20,226][    INFO] Iters: 90, Total loss: 0.152
[2024-07-01 19:02:25,937][    INFO] Iters: 105, Total loss: 0.148
[2024-07-01 19:02:36,464][    INFO] ***** Evaluation ***** >>>> Class [0 Right Ventricle] Dice: 84.69
[2024-07-01 19:02:36,465][    INFO] ***** Evaluation ***** >>>> Class [1 Myocardium] Dice: 87.59
[2024-07-01 19:02:36,465][    INFO] ***** Evaluation ***** >>>> Class [2 Left Ventricle] Dice: 94.75
[2024-07-01 19:02:36,465][    INFO] ***** Evaluation ***** >>>> MeanDice: 89.01

[2024-07-01 19:02:36,465][    INFO] ***** Evaluation ***** >>>> Classifications Accuracy: 45.370370370370374

[2024-07-01 19:02:36,759][    INFO] ===========> Epoch: 37, LR: 0.00888, Previous best: 90.33
[2024-07-01 19:02:37,159][    INFO] Iters: 0, Total loss: 0.117
[2024-07-01 19:02:41,455][    INFO] Iters: 15, Total loss: 0.150
[2024-07-01 19:02:49,312][    INFO] Iters: 30, Total loss: 0.152
[2024-07-01 19:02:57,589][    INFO] Iters: 45, Total loss: 0.138
[2024-07-01 19:03:02,695][    INFO] Iters: 60, Total loss: 0.150
[2024-07-01 19:03:07,137][    INFO] Iters: 75, Total loss: 0.153
[2024-07-01 19:03:11,069][    INFO] Iters: 90, Total loss: 0.152
[2024-07-01 19:03:16,156][    INFO] Iters: 105, Total loss: 0.149
[2024-07-01 19:03:27,503][    INFO] ***** Evaluation ***** >>>> Class [0 Right Ventricle] Dice: 87.05
[2024-07-01 19:03:27,503][    INFO] ***** Evaluation ***** >>>> Class [1 Myocardium] Dice: 87.94
[2024-07-01 19:03:27,503][    INFO] ***** Evaluation ***** >>>> Class [2 Left Ventricle] Dice: 94.40
[2024-07-01 19:03:27,504][    INFO] ***** Evaluation ***** >>>> MeanDice: 89.80

[2024-07-01 19:03:27,504][    INFO] ***** Evaluation ***** >>>> Classifications Accuracy: 50.0

[2024-07-01 19:03:27,864][    INFO] ===========> Epoch: 38, LR: 0.00885, Previous best: 90.33
[2024-07-01 19:03:28,371][    INFO] Iters: 0, Total loss: 0.053
[2024-07-01 19:03:33,497][    INFO] Iters: 15, Total loss: 0.146
[2024-07-01 19:03:39,679][    INFO] Iters: 30, Total loss: 0.141
[2024-07-01 19:03:47,579][    INFO] Iters: 45, Total loss: 0.137
[2024-07-01 19:03:56,954][    INFO] Iters: 60, Total loss: 0.137
[2024-07-01 19:04:04,187][    INFO] Iters: 75, Total loss: 0.141
[2024-07-01 19:04:08,590][    INFO] Iters: 90, Total loss: 0.135
[2024-07-01 19:04:13,526][    INFO] Iters: 105, Total loss: 0.137
[2024-07-01 19:04:23,568][    INFO] ***** Evaluation ***** >>>> Class [0 Right Ventricle] Dice: 85.19
[2024-07-01 19:04:23,568][    INFO] ***** Evaluation ***** >>>> Class [1 Myocardium] Dice: 87.57
[2024-07-01 19:04:23,568][    INFO] ***** Evaluation ***** >>>> Class [2 Left Ventricle] Dice: 94.20
[2024-07-01 19:04:23,568][    INFO] ***** Evaluation ***** >>>> MeanDice: 88.99

[2024-07-01 19:04:23,568][    INFO] ***** Evaluation ***** >>>> Classifications Accuracy: 63.888888888888886

[2024-07-01 19:04:23,825][    INFO] ===========> Epoch: 39, LR: 0.00882, Previous best: 90.33
[2024-07-01 19:04:24,235][    INFO] Iters: 0, Total loss: 0.214
[2024-07-01 19:04:28,397][    INFO] Iters: 15, Total loss: 0.154
[2024-07-01 19:04:34,657][    INFO] Iters: 30, Total loss: 0.143
[2024-07-01 19:04:40,165][    INFO] Iters: 45, Total loss: 0.138
[2024-07-01 19:04:47,387][    INFO] Iters: 60, Total loss: 0.129
slurmstepd-helios: error: *** JOB 2999 ON helios CANCELLED AT 2024-07-01T19:04:49 DUE TO TIME LIMIT ***
