/var/lib/slurm-llnl/slurmd/job04788/slurm_script: line 12: module: command not found
[2024-07-07 23:17:35,117][    INFO] {'batch_size': 12,
 'conf_thresh': 0.95,
 'crop_size': 256,
 'data_root': '/vol/aimspace/projects/ukbb/data/cardiac/cardiac_segmentations/subjects',
 'dataset': 'ukbb',
 'epochs': 50,
 'exp': '4',
 'local_rank': 0,
 'lr': 0.01,
 'mode': 'train',
 'nclass': 4,
 'nclass_classif': 3,
 'ngpus': 1,
 'num_workers': 1,
 'port': 8061,
 'seed': '61',
 'seg_model': 'unet',
 'split': 18,
 'task': 'multi_modal',
 'visualize': False}

[2024-07-07 23:17:36,512][    INFO] Total params: 2.0M

[2024-07-07 23:17:37,507][    INFO] ************ Load from checkpoint at epoch 26

[2024-07-07 23:17:37,507][    INFO] ===========> Epoch: 27, LR: 0.00497, Previous best: 86.01
[2024-07-07 23:17:40,194][    INFO] Iters: 0, Total loss: 0.019
[2024-07-07 23:17:43,663][    INFO] Iters: 15, Total loss: 0.023
[2024-07-07 23:17:47,342][    INFO] Iters: 30, Total loss: 0.024
[2024-07-07 23:18:03,273][    INFO] Iters: 45, Total loss: 0.023
[2024-07-07 23:18:23,147][    INFO] Iters: 60, Total loss: 0.023
[2024-07-07 23:18:26,717][    INFO] Iters: 75, Total loss: 0.023
[2024-07-07 23:18:31,160][    INFO] Iters: 90, Total loss: 0.022
[2024-07-07 23:18:35,001][    INFO] Iters: 105, Total loss: 0.023
[2024-07-07 23:18:38,568][    INFO] Iters: 120, Total loss: 0.023
[2024-07-07 23:18:57,618][    INFO] ***** Evaluation ***** >>>> Class [0 Right Ventricle] Dice: 83.53
[2024-07-07 23:18:57,618][    INFO] ***** Evaluation ***** >>>> Class [1 Myocardium] Dice: 83.59
[2024-07-07 23:18:57,618][    INFO] ***** Evaluation ***** >>>> Class [2 Left Ventricle] Dice: 91.10
[2024-07-07 23:18:57,619][    INFO] ***** Evaluation ***** >>>> MeanDice: 86.07

[2024-07-07 23:18:58,662][    INFO] ===========> Epoch: 28, LR: 0.00478, Previous best: 86.07
[2024-07-07 23:19:03,127][    INFO] Iters: 0, Total loss: 0.020
[2024-07-07 23:19:15,536][    INFO] Iters: 15, Total loss: 0.022
[2024-07-07 23:19:19,405][    INFO] Iters: 30, Total loss: 0.023
[2024-07-07 23:19:52,207][    INFO] Iters: 45, Total loss: 0.023
[2024-07-07 23:19:55,876][    INFO] Iters: 60, Total loss: 0.023
[2024-07-07 23:20:03,675][    INFO] Iters: 75, Total loss: 0.023
[2024-07-07 23:20:31,321][    INFO] Iters: 90, Total loss: 0.023
[2024-07-07 23:20:34,932][    INFO] Iters: 105, Total loss: 0.023
[2024-07-07 23:20:39,392][    INFO] Iters: 120, Total loss: 0.022
[2024-07-07 23:20:45,065][    INFO] ***** Evaluation ***** >>>> Class [0 Right Ventricle] Dice: 79.79
[2024-07-07 23:20:45,065][    INFO] ***** Evaluation ***** >>>> Class [1 Myocardium] Dice: 81.84
[2024-07-07 23:20:45,065][    INFO] ***** Evaluation ***** >>>> Class [2 Left Ventricle] Dice: 90.36
[2024-07-07 23:20:45,065][    INFO] ***** Evaluation ***** >>>> MeanDice: 83.99

[2024-07-07 23:20:45,282][    INFO] ===========> Epoch: 29, LR: 0.00458, Previous best: 86.07
[2024-07-07 23:20:46,027][    INFO] Iters: 0, Total loss: 0.030
[2024-07-07 23:20:49,912][    INFO] Iters: 15, Total loss: 0.022
[2024-07-07 23:21:20,877][    INFO] Iters: 30, Total loss: 0.022
[2024-07-07 23:21:24,625][    INFO] Iters: 45, Total loss: 0.022
[2024-07-07 23:21:50,681][    INFO] Iters: 60, Total loss: 0.022
[2024-07-07 23:22:00,084][    INFO] Iters: 75, Total loss: 0.022
[2024-07-07 23:22:03,681][    INFO] Iters: 90, Total loss: 0.022
[2024-07-07 23:22:34,653][    INFO] Iters: 105, Total loss: 0.022
[2024-07-07 23:22:38,146][    INFO] Iters: 120, Total loss: 0.022
[2024-07-07 23:22:43,754][    INFO] ***** Evaluation ***** >>>> Class [0 Right Ventricle] Dice: 84.70
[2024-07-07 23:22:43,755][    INFO] ***** Evaluation ***** >>>> Class [1 Myocardium] Dice: 83.90
[2024-07-07 23:22:43,755][    INFO] ***** Evaluation ***** >>>> Class [2 Left Ventricle] Dice: 91.45
[2024-07-07 23:22:43,755][    INFO] ***** Evaluation ***** >>>> MeanDice: 86.68

[2024-07-07 23:22:44,181][    INFO] ===========> Epoch: 30, LR: 0.00439, Previous best: 86.68
[2024-07-07 23:22:44,688][    INFO] Iters: 0, Total loss: 0.023
[2024-07-07 23:22:48,998][    INFO] Iters: 15, Total loss: 0.021
[2024-07-07 23:22:52,745][    INFO] Iters: 30, Total loss: 0.022
[2024-07-07 23:23:11,106][    INFO] Iters: 45, Total loss: 0.022
[2024-07-07 23:23:28,239][    INFO] Iters: 60, Total loss: 0.022
[2024-07-07 23:23:32,026][    INFO] Iters: 75, Total loss: 0.022
[2024-07-07 23:24:03,787][    INFO] Iters: 90, Total loss: 0.022
[2024-07-07 23:24:07,471][    INFO] Iters: 105, Total loss: 0.022
[2024-07-07 23:24:13,098][    INFO] Iters: 120, Total loss: 0.022
[2024-07-07 23:24:45,077][    INFO] ***** Evaluation ***** >>>> Class [0 Right Ventricle] Dice: 80.36
[2024-07-07 23:24:45,077][    INFO] ***** Evaluation ***** >>>> Class [1 Myocardium] Dice: 83.04
[2024-07-07 23:24:45,077][    INFO] ***** Evaluation ***** >>>> Class [2 Left Ventricle] Dice: 89.80
[2024-07-07 23:24:45,077][    INFO] ***** Evaluation ***** >>>> MeanDice: 84.40

[2024-07-07 23:24:45,295][    INFO] ===========> Epoch: 31, LR: 0.00419, Previous best: 86.68
[2024-07-07 23:24:45,896][    INFO] Iters: 0, Total loss: 0.019
[2024-07-07 23:24:50,106][    INFO] Iters: 15, Total loss: 0.022
[2024-07-07 23:24:53,888][    INFO] Iters: 30, Total loss: 0.022
[2024-07-07 23:24:57,915][    INFO] Iters: 45, Total loss: 0.022
[2024-07-07 23:25:01,670][    INFO] Iters: 60, Total loss: 0.022
[2024-07-07 23:25:31,697][    INFO] Iters: 75, Total loss: 0.022
[2024-07-07 23:25:38,254][    INFO] Iters: 90, Total loss: 0.022
[2024-07-07 23:25:43,604][    INFO] Iters: 105, Total loss: 0.022
[2024-07-07 23:26:14,259][    INFO] Iters: 120, Total loss: 0.022
[2024-07-07 23:26:21,928][    INFO] ***** Evaluation ***** >>>> Class [0 Right Ventricle] Dice: 78.29
[2024-07-07 23:26:21,928][    INFO] ***** Evaluation ***** >>>> Class [1 Myocardium] Dice: 81.78
[2024-07-07 23:26:21,928][    INFO] ***** Evaluation ***** >>>> Class [2 Left Ventricle] Dice: 88.21
[2024-07-07 23:26:21,928][    INFO] ***** Evaluation ***** >>>> MeanDice: 82.76

[2024-07-07 23:26:22,455][    INFO] ===========> Epoch: 32, LR: 0.00399, Previous best: 86.68
[2024-07-07 23:26:26,301][    INFO] Iters: 0, Total loss: 0.027
[2024-07-07 23:26:53,535][    INFO] Iters: 15, Total loss: 0.022
[2024-07-07 23:26:57,685][    INFO] Iters: 30, Total loss: 0.022
[2024-07-07 23:27:01,664][    INFO] Iters: 45, Total loss: 0.022
[2024-07-07 23:27:05,605][    INFO] Iters: 60, Total loss: 0.022
[2024-07-07 23:27:09,616][    INFO] Iters: 75, Total loss: 0.022
[2024-07-07 23:27:20,622][    INFO] Iters: 90, Total loss: 0.022
[2024-07-07 23:27:45,818][    INFO] Iters: 105, Total loss: 0.022
[2024-07-07 23:27:50,570][    INFO] Iters: 120, Total loss: 0.022
[2024-07-07 23:28:24,375][    INFO] ***** Evaluation ***** >>>> Class [0 Right Ventricle] Dice: 73.72
[2024-07-07 23:28:24,375][    INFO] ***** Evaluation ***** >>>> Class [1 Myocardium] Dice: 79.52
[2024-07-07 23:28:24,375][    INFO] ***** Evaluation ***** >>>> Class [2 Left Ventricle] Dice: 86.36
[2024-07-07 23:28:24,375][    INFO] ***** Evaluation ***** >>>> MeanDice: 79.86

[2024-07-07 23:28:24,594][    INFO] ===========> Epoch: 33, LR: 0.00379, Previous best: 86.68
[2024-07-07 23:28:25,130][    INFO] Iters: 0, Total loss: 0.023
[2024-07-07 23:28:29,118][    INFO] Iters: 15, Total loss: 0.020
[2024-07-07 23:28:33,449][    INFO] Iters: 30, Total loss: 0.021
[2024-07-07 23:28:37,357][    INFO] Iters: 45, Total loss: 0.022
[2024-07-07 23:28:41,148][    INFO] Iters: 60, Total loss: 0.022
[2024-07-07 23:28:58,916][    INFO] Iters: 75, Total loss: 0.022
[2024-07-07 23:29:17,546][    INFO] Iters: 90, Total loss: 0.022
[2024-07-07 23:29:21,135][    INFO] Iters: 105, Total loss: 0.022
[2024-07-07 23:29:49,088][    INFO] Iters: 120, Total loss: 0.022
[2024-07-07 23:29:59,133][    INFO] ***** Evaluation ***** >>>> Class [0 Right Ventricle] Dice: 80.35
[2024-07-07 23:29:59,133][    INFO] ***** Evaluation ***** >>>> Class [1 Myocardium] Dice: 82.94
[2024-07-07 23:29:59,133][    INFO] ***** Evaluation ***** >>>> Class [2 Left Ventricle] Dice: 90.13
[2024-07-07 23:29:59,133][    INFO] ***** Evaluation ***** >>>> MeanDice: 84.47

[2024-07-07 23:29:59,352][    INFO] ===========> Epoch: 34, LR: 0.00359, Previous best: 86.68
[2024-07-07 23:29:59,930][    INFO] Iters: 0, Total loss: 0.020
[2024-07-07 23:30:03,449][    INFO] Iters: 15, Total loss: 0.022
[2024-07-07 23:30:07,630][    INFO] Iters: 30, Total loss: 0.021
[2024-07-07 23:30:11,463][    INFO] Iters: 45, Total loss: 0.021
[2024-07-07 23:30:15,348][    INFO] Iters: 60, Total loss: 0.021
[2024-07-07 23:30:48,595][    INFO] Iters: 75, Total loss: 0.021
[2024-07-07 23:30:52,145][    INFO] Iters: 90, Total loss: 0.021
[2024-07-07 23:30:56,046][    INFO] Iters: 105, Total loss: 0.021
[2024-07-07 23:30:59,595][    INFO] Iters: 120, Total loss: 0.021
[2024-07-07 23:31:05,120][    INFO] ***** Evaluation ***** >>>> Class [0 Right Ventricle] Dice: 81.87
[2024-07-07 23:31:05,120][    INFO] ***** Evaluation ***** >>>> Class [1 Myocardium] Dice: 83.15
[2024-07-07 23:31:05,120][    INFO] ***** Evaluation ***** >>>> Class [2 Left Ventricle] Dice: 89.84
[2024-07-07 23:31:05,120][    INFO] ***** Evaluation ***** >>>> MeanDice: 84.95

[2024-07-07 23:31:05,338][    INFO] ===========> Epoch: 35, LR: 0.00339, Previous best: 86.68
[2024-07-07 23:31:06,024][    INFO] Iters: 0, Total loss: 0.018
[2024-07-07 23:31:21,869][    INFO] Iters: 15, Total loss: 0.021
[2024-07-07 23:31:42,038][    INFO] Iters: 30, Total loss: 0.021
[2024-07-07 23:31:45,787][    INFO] Iters: 45, Total loss: 0.021
[2024-07-07 23:32:17,712][    INFO] Iters: 60, Total loss: 0.021
[2024-07-07 23:32:21,285][    INFO] Iters: 75, Total loss: 0.021
[2024-07-07 23:32:24,954][    INFO] Iters: 90, Total loss: 0.021
[2024-07-07 23:32:28,704][    INFO] Iters: 105, Total loss: 0.021
[2024-07-07 23:32:32,570][    INFO] Iters: 120, Total loss: 0.021
[2024-07-07 23:32:38,281][    INFO] ***** Evaluation ***** >>>> Class [0 Right Ventricle] Dice: 83.59
[2024-07-07 23:32:38,281][    INFO] ***** Evaluation ***** >>>> Class [1 Myocardium] Dice: 82.71
[2024-07-07 23:32:38,281][    INFO] ***** Evaluation ***** >>>> Class [2 Left Ventricle] Dice: 89.95
[2024-07-07 23:32:38,281][    INFO] ***** Evaluation ***** >>>> MeanDice: 85.42

[2024-07-07 23:32:38,709][    INFO] ===========> Epoch: 36, LR: 0.00318, Previous best: 86.68
[2024-07-07 23:32:42,456][    INFO] Iters: 0, Total loss: 0.022
[2024-07-07 23:33:11,221][    INFO] Iters: 15, Total loss: 0.021
[2024-07-07 23:33:15,212][    INFO] Iters: 30, Total loss: 0.021
[2024-07-07 23:33:41,721][    INFO] Iters: 45, Total loss: 0.021
[2024-07-07 23:33:50,020][    INFO] Iters: 60, Total loss: 0.021
[2024-07-07 23:34:21,579][    INFO] Iters: 75, Total loss: 0.021
[2024-07-07 23:34:25,177][    INFO] Iters: 90, Total loss: 0.021
[2024-07-07 23:34:28,796][    INFO] Iters: 105, Total loss: 0.021
[2024-07-07 23:34:32,382][    INFO] Iters: 120, Total loss: 0.021
[2024-07-07 23:34:38,161][    INFO] ***** Evaluation ***** >>>> Class [0 Right Ventricle] Dice: 81.64
[2024-07-07 23:34:38,161][    INFO] ***** Evaluation ***** >>>> Class [1 Myocardium] Dice: 83.12
[2024-07-07 23:34:38,161][    INFO] ***** Evaluation ***** >>>> Class [2 Left Ventricle] Dice: 90.60
[2024-07-07 23:34:38,161][    INFO] ***** Evaluation ***** >>>> MeanDice: 85.12

[2024-07-07 23:34:38,377][    INFO] ===========> Epoch: 37, LR: 0.00298, Previous best: 86.68
[2024-07-07 23:34:38,959][    INFO] Iters: 0, Total loss: 0.022
[2024-07-07 23:34:42,925][    INFO] Iters: 15, Total loss: 0.020
[2024-07-07 23:35:14,599][    INFO] Iters: 30, Total loss: 0.021
[2024-07-07 23:35:18,436][    INFO] Iters: 45, Total loss: 0.020
[2024-07-07 23:35:35,556][    INFO] Iters: 60, Total loss: 0.021
[2024-07-07 23:35:53,781][    INFO] Iters: 75, Total loss: 0.021
[2024-07-07 23:35:57,624][    INFO] Iters: 90, Total loss: 0.021
[2024-07-07 23:36:01,427][    INFO] Iters: 105, Total loss: 0.021
[2024-07-07 23:36:05,670][    INFO] Iters: 120, Total loss: 0.021
[2024-07-07 23:36:11,172][    INFO] ***** Evaluation ***** >>>> Class [0 Right Ventricle] Dice: 78.06
[2024-07-07 23:36:11,173][    INFO] ***** Evaluation ***** >>>> Class [1 Myocardium] Dice: 81.50
[2024-07-07 23:36:11,173][    INFO] ***** Evaluation ***** >>>> Class [2 Left Ventricle] Dice: 90.38
[2024-07-07 23:36:11,173][    INFO] ***** Evaluation ***** >>>> MeanDice: 83.31

[2024-07-07 23:36:11,390][    INFO] ===========> Epoch: 38, LR: 0.00277, Previous best: 86.68
[2024-07-07 23:36:12,132][    INFO] Iters: 0, Total loss: 0.019
[2024-07-07 23:36:43,108][    INFO] Iters: 15, Total loss: 0.021
[2024-07-07 23:36:47,329][    INFO] Iters: 30, Total loss: 0.021
[2024-07-07 23:37:15,386][    INFO] Iters: 45, Total loss: 0.021
[2024-07-07 23:37:22,984][    INFO] Iters: 60, Total loss: 0.021
[2024-07-07 23:37:26,613][    INFO] Iters: 75, Total loss: 0.021
[2024-07-07 23:37:30,174][    INFO] Iters: 90, Total loss: 0.021
[2024-07-07 23:37:34,140][    INFO] Iters: 105, Total loss: 0.021
[2024-07-07 23:37:37,774][    INFO] Iters: 120, Total loss: 0.021
[2024-07-07 23:38:11,374][    INFO] ***** Evaluation ***** >>>> Class [0 Right Ventricle] Dice: 81.21
[2024-07-07 23:38:11,374][    INFO] ***** Evaluation ***** >>>> Class [1 Myocardium] Dice: 82.45
[2024-07-07 23:38:11,374][    INFO] ***** Evaluation ***** >>>> Class [2 Left Ventricle] Dice: 90.21
[2024-07-07 23:38:11,375][    INFO] ***** Evaluation ***** >>>> MeanDice: 84.62

[2024-07-07 23:38:11,592][    INFO] ===========> Epoch: 39, LR: 0.00256, Previous best: 86.68
[2024-07-07 23:38:12,159][    INFO] Iters: 0, Total loss: 0.019
[2024-07-07 23:38:15,751][    INFO] Iters: 15, Total loss: 0.021
[2024-07-07 23:38:40,266][    INFO] Iters: 30, Total loss: 0.020
[2024-07-07 23:38:57,331][    INFO] Iters: 45, Total loss: 0.021
[2024-07-07 23:39:09,660][    INFO] Iters: 60, Total loss: 0.021
[2024-07-07 23:39:39,628][    INFO] Iters: 75, Total loss: 0.021
[2024-07-07 23:39:43,413][    INFO] Iters: 90, Total loss: 0.021
[2024-07-07 23:39:48,450][    INFO] Iters: 105, Total loss: 0.021
[2024-07-07 23:39:53,091][    INFO] Iters: 120, Total loss: 0.021
[2024-07-07 23:40:11,450][    INFO] ***** Evaluation ***** >>>> Class [0 Right Ventricle] Dice: 81.05
[2024-07-07 23:40:11,450][    INFO] ***** Evaluation ***** >>>> Class [1 Myocardium] Dice: 82.73
[2024-07-07 23:40:11,451][    INFO] ***** Evaluation ***** >>>> Class [2 Left Ventricle] Dice: 89.82
[2024-07-07 23:40:11,451][    INFO] ***** Evaluation ***** >>>> MeanDice: 84.53

[2024-07-07 23:40:12,163][    INFO] ===========> Epoch: 40, LR: 0.00235, Previous best: 86.68
[2024-07-07 23:40:16,717][    INFO] Iters: 0, Total loss: 0.021
[2024-07-07 23:40:43,666][    INFO] Iters: 15, Total loss: 0.021
[2024-07-07 23:40:48,528][    INFO] Iters: 30, Total loss: 0.021
[2024-07-07 23:41:22,220][    INFO] Iters: 45, Total loss: 0.020
[2024-07-07 23:41:31,195][    INFO] Iters: 60, Total loss: 0.020
[2024-07-07 23:41:37,363][    INFO] Iters: 75, Total loss: 0.020
[2024-07-07 23:42:18,164][    INFO] Iters: 90, Total loss: 0.020
[2024-07-07 23:42:22,534][    INFO] Iters: 105, Total loss: 0.020
[2024-07-07 23:42:26,165][    INFO] Iters: 120, Total loss: 0.020
[2024-07-07 23:42:31,654][    INFO] ***** Evaluation ***** >>>> Class [0 Right Ventricle] Dice: 80.87
[2024-07-07 23:42:31,654][    INFO] ***** Evaluation ***** >>>> Class [1 Myocardium] Dice: 81.74
[2024-07-07 23:42:31,654][    INFO] ***** Evaluation ***** >>>> Class [2 Left Ventricle] Dice: 88.55
[2024-07-07 23:42:31,654][    INFO] ***** Evaluation ***** >>>> MeanDice: 83.72

[2024-07-07 23:42:31,869][    INFO] ===========> Epoch: 41, LR: 0.00214, Previous best: 86.68
[2024-07-07 23:42:32,510][    INFO] Iters: 0, Total loss: 0.025
[2024-07-07 23:42:43,386][    INFO] Iters: 15, Total loss: 0.020
[2024-07-07 23:43:12,058][    INFO] Iters: 30, Total loss: 0.020
[2024-07-07 23:43:15,945][    INFO] Iters: 45, Total loss: 0.021
[2024-07-07 23:43:20,256][    INFO] Iters: 60, Total loss: 0.020
[2024-07-07 23:43:24,322][    INFO] Iters: 75, Total loss: 0.020
[2024-07-07 23:43:28,935][    INFO] Iters: 90, Total loss: 0.020
[2024-07-07 23:43:53,335][    INFO] Iters: 105, Total loss: 0.020
[2024-07-07 23:44:07,264][    INFO] Iters: 120, Total loss: 0.020
[2024-07-07 23:44:18,343][    INFO] ***** Evaluation ***** >>>> Class [0 Right Ventricle] Dice: 81.20
[2024-07-07 23:44:18,344][    INFO] ***** Evaluation ***** >>>> Class [1 Myocardium] Dice: 84.85
[2024-07-07 23:44:18,344][    INFO] ***** Evaluation ***** >>>> Class [2 Left Ventricle] Dice: 91.02
[2024-07-07 23:44:18,344][    INFO] ***** Evaluation ***** >>>> MeanDice: 85.69

[2024-07-07 23:44:18,898][    INFO] ===========> Epoch: 42, LR: 0.00192, Previous best: 86.68
[2024-07-07 23:44:22,988][    INFO] Iters: 0, Total loss: 0.018
[2024-07-07 23:44:45,627][    INFO] Iters: 15, Total loss: 0.021
[2024-07-07 23:45:02,570][    INFO] Iters: 30, Total loss: 0.021
[2024-07-07 23:45:21,143][    INFO] Iters: 45, Total loss: 0.021
[2024-07-07 23:45:24,759][    INFO] Iters: 60, Total loss: 0.021
slurmstepd-leto: error: *** JOB 4788 ON leto CANCELLED AT 2024-07-07T23:45:25 ***
