/var/lib/slurm-llnl/slurmd/job04787/slurm_script: line 12: module: command not found
[2024-07-07 23:17:34,605][    INFO] {'batch_size': 12,
 'conf_thresh': 0.95,
 'crop_size': 256,
 'data_root': '/vol/aimspace/projects/ukbb/data/cardiac/cardiac_segmentations/subjects',
 'dataset': 'ukbb',
 'epochs': 50,
 'exp': '4',
 'local_rank': 0,
 'lr': 0.01,
 'mode': 'train',
 'nclass': 4,
 'nclass_classif': 3,
 'ngpus': 1,
 'num_workers': 1,
 'port': 8057,
 'seed': '57',
 'seg_model': 'unet',
 'split': 18,
 'task': 'multi_modal',
 'visualize': False}

[2024-07-07 23:17:36,308][    INFO] Total params: 2.0M

[2024-07-07 23:17:37,520][    INFO] ************ Load from checkpoint at epoch 25

[2024-07-07 23:17:37,520][    INFO] ===========> Epoch: 26, LR: 0.00517, Previous best: 92.12
[2024-07-07 23:17:40,113][    INFO] Iters: 0, Total loss: 0.026
[2024-07-07 23:17:43,604][    INFO] Iters: 15, Total loss: 0.024
[2024-07-07 23:17:47,442][    INFO] Iters: 30, Total loss: 0.023
[2024-07-07 23:18:06,775][    INFO] Iters: 45, Total loss: 0.023
[2024-07-07 23:18:23,510][    INFO] Iters: 60, Total loss: 0.024
[2024-07-07 23:18:27,273][    INFO] Iters: 75, Total loss: 0.024
[2024-07-07 23:18:31,773][    INFO] Iters: 90, Total loss: 0.024
[2024-07-07 23:18:35,802][    INFO] Iters: 105, Total loss: 0.024
[2024-07-07 23:19:12,355][    INFO] ***** Evaluation ***** >>>> Class [0 Right Ventricle] Dice: 89.71
[2024-07-07 23:19:12,355][    INFO] ***** Evaluation ***** >>>> Class [1 Myocardium] Dice: 90.58
[2024-07-07 23:19:12,355][    INFO] ***** Evaluation ***** >>>> Class [2 Left Ventricle] Dice: 95.89
[2024-07-07 23:19:12,356][    INFO] ***** Evaluation ***** >>>> MeanDice: 92.06

[2024-07-07 23:19:12,595][    INFO] ===========> Epoch: 27, LR: 0.00497, Previous best: 92.12
[2024-07-07 23:19:13,154][    INFO] Iters: 0, Total loss: 0.024
[2024-07-07 23:19:17,287][    INFO] Iters: 15, Total loss: 0.023
[2024-07-07 23:19:27,227][    INFO] Iters: 30, Total loss: 0.023
[2024-07-07 23:19:53,974][    INFO] Iters: 45, Total loss: 0.023
[2024-07-07 23:19:57,699][    INFO] Iters: 60, Total loss: 0.023
[2024-07-07 23:20:28,836][    INFO] Iters: 75, Total loss: 0.023
[2024-07-07 23:20:33,231][    INFO] Iters: 90, Total loss: 0.023
[2024-07-07 23:20:36,999][    INFO] Iters: 105, Total loss: 0.023
[2024-07-07 23:20:47,636][    INFO] ***** Evaluation ***** >>>> Class [0 Right Ventricle] Dice: 89.66
[2024-07-07 23:20:47,637][    INFO] ***** Evaluation ***** >>>> Class [1 Myocardium] Dice: 89.67
[2024-07-07 23:20:47,637][    INFO] ***** Evaluation ***** >>>> Class [2 Left Ventricle] Dice: 93.80
[2024-07-07 23:20:47,637][    INFO] ***** Evaluation ***** >>>> MeanDice: 91.05

[2024-07-07 23:20:47,950][    INFO] ===========> Epoch: 28, LR: 0.00478, Previous best: 92.12
[2024-07-07 23:20:48,612][    INFO] Iters: 0, Total loss: 0.022
[2024-07-07 23:21:11,723][    INFO] Iters: 15, Total loss: 0.021
[2024-07-07 23:21:23,350][    INFO] Iters: 30, Total loss: 0.022
[2024-07-07 23:21:36,045][    INFO] Iters: 45, Total loss: 0.023
[2024-07-07 23:21:59,060][    INFO] Iters: 60, Total loss: 0.023
[2024-07-07 23:22:02,881][    INFO] Iters: 75, Total loss: 0.023
[2024-07-07 23:22:33,018][    INFO] Iters: 90, Total loss: 0.023
[2024-07-07 23:22:37,652][    INFO] Iters: 105, Total loss: 0.023
[2024-07-07 23:22:46,404][    INFO] ***** Evaluation ***** >>>> Class [0 Right Ventricle] Dice: 89.14
[2024-07-07 23:22:46,404][    INFO] ***** Evaluation ***** >>>> Class [1 Myocardium] Dice: 90.49
[2024-07-07 23:22:46,404][    INFO] ***** Evaluation ***** >>>> Class [2 Left Ventricle] Dice: 95.10
[2024-07-07 23:22:46,404][    INFO] ***** Evaluation ***** >>>> MeanDice: 91.57

[2024-07-07 23:22:46,622][    INFO] ===========> Epoch: 29, LR: 0.00458, Previous best: 92.12
[2024-07-07 23:22:47,232][    INFO] Iters: 0, Total loss: 0.017
[2024-07-07 23:22:51,387][    INFO] Iters: 15, Total loss: 0.022
[2024-07-07 23:22:55,240][    INFO] Iters: 30, Total loss: 0.022
[2024-07-07 23:23:27,004][    INFO] Iters: 45, Total loss: 0.022
[2024-07-07 23:23:30,795][    INFO] Iters: 60, Total loss: 0.022
[2024-07-07 23:23:50,664][    INFO] Iters: 75, Total loss: 0.022
[2024-07-07 23:24:06,355][    INFO] Iters: 90, Total loss: 0.022
[2024-07-07 23:24:10,166][    INFO] Iters: 105, Total loss: 0.022
[2024-07-07 23:24:48,673][    INFO] ***** Evaluation ***** >>>> Class [0 Right Ventricle] Dice: 89.45
[2024-07-07 23:24:48,673][    INFO] ***** Evaluation ***** >>>> Class [1 Myocardium] Dice: 90.88
[2024-07-07 23:24:48,673][    INFO] ***** Evaluation ***** >>>> Class [2 Left Ventricle] Dice: 95.83
[2024-07-07 23:24:48,673][    INFO] ***** Evaluation ***** >>>> MeanDice: 92.05

[2024-07-07 23:24:48,890][    INFO] ===========> Epoch: 30, LR: 0.00439, Previous best: 92.12
[2024-07-07 23:24:49,392][    INFO] Iters: 0, Total loss: 0.021
[2024-07-07 23:24:53,121][    INFO] Iters: 15, Total loss: 0.023
[2024-07-07 23:24:57,315][    INFO] Iters: 30, Total loss: 0.023
[2024-07-07 23:25:01,406][    INFO] Iters: 45, Total loss: 0.023
[2024-07-07 23:25:30,567][    INFO] Iters: 60, Total loss: 0.023
[2024-07-07 23:25:38,325][    INFO] Iters: 75, Total loss: 0.023
[2024-07-07 23:25:48,099][    INFO] Iters: 90, Total loss: 0.023
[2024-07-07 23:26:14,778][    INFO] Iters: 105, Total loss: 0.022
[2024-07-07 23:26:53,176][    INFO] ***** Evaluation ***** >>>> Class [0 Right Ventricle] Dice: 88.90
[2024-07-07 23:26:53,177][    INFO] ***** Evaluation ***** >>>> Class [1 Myocardium] Dice: 90.34
[2024-07-07 23:26:53,177][    INFO] ***** Evaluation ***** >>>> Class [2 Left Ventricle] Dice: 95.38
[2024-07-07 23:26:53,177][    INFO] ***** Evaluation ***** >>>> MeanDice: 91.54

[2024-07-07 23:26:53,395][    INFO] ===========> Epoch: 31, LR: 0.00419, Previous best: 92.12
[2024-07-07 23:26:54,000][    INFO] Iters: 0, Total loss: 0.020
[2024-07-07 23:26:58,147][    INFO] Iters: 15, Total loss: 0.021
[2024-07-07 23:27:02,182][    INFO] Iters: 30, Total loss: 0.021
[2024-07-07 23:27:06,639][    INFO] Iters: 45, Total loss: 0.022
[2024-07-07 23:27:10,412][    INFO] Iters: 60, Total loss: 0.022
[2024-07-07 23:27:32,122][    INFO] Iters: 75, Total loss: 0.022
[2024-07-07 23:27:47,561][    INFO] Iters: 90, Total loss: 0.022
[2024-07-07 23:27:51,551][    INFO] Iters: 105, Total loss: 0.022
[2024-07-07 23:28:29,958][    INFO] ***** Evaluation ***** >>>> Class [0 Right Ventricle] Dice: 90.04
[2024-07-07 23:28:29,958][    INFO] ***** Evaluation ***** >>>> Class [1 Myocardium] Dice: 89.93
[2024-07-07 23:28:29,958][    INFO] ***** Evaluation ***** >>>> Class [2 Left Ventricle] Dice: 95.07
[2024-07-07 23:28:29,958][    INFO] ***** Evaluation ***** >>>> MeanDice: 91.68

[2024-07-07 23:28:30,179][    INFO] ===========> Epoch: 32, LR: 0.00399, Previous best: 92.12
[2024-07-07 23:28:30,630][    INFO] Iters: 0, Total loss: 0.022
[2024-07-07 23:28:34,761][    INFO] Iters: 15, Total loss: 0.021
[2024-07-07 23:28:38,947][    INFO] Iters: 30, Total loss: 0.022
[2024-07-07 23:28:43,003][    INFO] Iters: 45, Total loss: 0.022
[2024-07-07 23:29:15,898][    INFO] Iters: 60, Total loss: 0.022
[2024-07-07 23:29:19,536][    INFO] Iters: 75, Total loss: 0.022
[2024-07-07 23:29:29,117][    INFO] Iters: 90, Total loss: 0.022
[2024-07-07 23:29:56,296][    INFO] Iters: 105, Total loss: 0.022
[2024-07-07 23:30:05,864][    INFO] ***** Evaluation ***** >>>> Class [0 Right Ventricle] Dice: 89.09
[2024-07-07 23:30:05,864][    INFO] ***** Evaluation ***** >>>> Class [1 Myocardium] Dice: 90.53
[2024-07-07 23:30:05,864][    INFO] ***** Evaluation ***** >>>> Class [2 Left Ventricle] Dice: 94.94
[2024-07-07 23:30:05,864][    INFO] ***** Evaluation ***** >>>> MeanDice: 91.52

[2024-07-07 23:30:06,080][    INFO] ===========> Epoch: 33, LR: 0.00379, Previous best: 92.12
[2024-07-07 23:30:06,655][    INFO] Iters: 0, Total loss: 0.021
[2024-07-07 23:30:10,642][    INFO] Iters: 15, Total loss: 0.020
[2024-07-07 23:30:14,788][    INFO] Iters: 30, Total loss: 0.021
[2024-07-07 23:30:48,037][    INFO] Iters: 45, Total loss: 0.021
[2024-07-07 23:30:51,788][    INFO] Iters: 60, Total loss: 0.021
[2024-07-07 23:30:55,826][    INFO] Iters: 75, Total loss: 0.021
[2024-07-07 23:30:59,511][    INFO] Iters: 90, Total loss: 0.022
[2024-07-07 23:31:03,517][    INFO] Iters: 105, Total loss: 0.022
[2024-07-07 23:31:41,078][    INFO] ***** Evaluation ***** >>>> Class [0 Right Ventricle] Dice: 89.18
[2024-07-07 23:31:41,079][    INFO] ***** Evaluation ***** >>>> Class [1 Myocardium] Dice: 89.58
[2024-07-07 23:31:41,079][    INFO] ***** Evaluation ***** >>>> Class [2 Left Ventricle] Dice: 94.95
[2024-07-07 23:31:41,079][    INFO] ***** Evaluation ***** >>>> MeanDice: 91.24

[2024-07-07 23:31:41,305][    INFO] ===========> Epoch: 34, LR: 0.00359, Previous best: 92.12
[2024-07-07 23:31:41,953][    INFO] Iters: 0, Total loss: 0.019
[2024-07-07 23:31:45,530][    INFO] Iters: 15, Total loss: 0.021
[2024-07-07 23:32:17,550][    INFO] Iters: 30, Total loss: 0.021
[2024-07-07 23:32:21,295][    INFO] Iters: 45, Total loss: 0.021
[2024-07-07 23:32:25,116][    INFO] Iters: 60, Total loss: 0.022
[2024-07-07 23:32:29,162][    INFO] Iters: 75, Total loss: 0.022
[2024-07-07 23:32:33,186][    INFO] Iters: 90, Total loss: 0.021
[2024-07-07 23:32:36,943][    INFO] Iters: 105, Total loss: 0.021
[2024-07-07 23:33:14,848][    INFO] ***** Evaluation ***** >>>> Class [0 Right Ventricle] Dice: 87.68
[2024-07-07 23:33:14,848][    INFO] ***** Evaluation ***** >>>> Class [1 Myocardium] Dice: 90.67
[2024-07-07 23:33:14,848][    INFO] ***** Evaluation ***** >>>> Class [2 Left Ventricle] Dice: 95.07
[2024-07-07 23:33:14,848][    INFO] ***** Evaluation ***** >>>> MeanDice: 91.14

[2024-07-07 23:33:15,066][    INFO] ===========> Epoch: 35, LR: 0.00339, Previous best: 92.12
[2024-07-07 23:33:15,851][    INFO] Iters: 0, Total loss: 0.021
[2024-07-07 23:33:46,868][    INFO] Iters: 15, Total loss: 0.023
[2024-07-07 23:33:50,604][    INFO] Iters: 30, Total loss: 0.022
[2024-07-07 23:34:22,241][    INFO] Iters: 45, Total loss: 0.021
[2024-07-07 23:34:25,978][    INFO] Iters: 60, Total loss: 0.021
[2024-07-07 23:34:29,714][    INFO] Iters: 75, Total loss: 0.021
[2024-07-07 23:34:33,432][    INFO] Iters: 90, Total loss: 0.022
[2024-07-07 23:34:37,334][    INFO] Iters: 105, Total loss: 0.022
[2024-07-07 23:35:14,057][    INFO] ***** Evaluation ***** >>>> Class [0 Right Ventricle] Dice: 87.19
[2024-07-07 23:35:14,057][    INFO] ***** Evaluation ***** >>>> Class [1 Myocardium] Dice: 90.25
[2024-07-07 23:35:14,057][    INFO] ***** Evaluation ***** >>>> Class [2 Left Ventricle] Dice: 93.71
[2024-07-07 23:35:14,057][    INFO] ***** Evaluation ***** >>>> MeanDice: 90.38

[2024-07-07 23:35:14,283][    INFO] ===========> Epoch: 36, LR: 0.00318, Previous best: 92.12
[2024-07-07 23:35:14,912][    INFO] Iters: 0, Total loss: 0.017
[2024-07-07 23:35:18,401][    INFO] Iters: 15, Total loss: 0.021
[2024-07-07 23:35:35,527][    INFO] Iters: 30, Total loss: 0.021
[2024-07-07 23:35:53,754][    INFO] Iters: 45, Total loss: 0.021
[2024-07-07 23:35:57,559][    INFO] Iters: 60, Total loss: 0.021
[2024-07-07 23:36:01,315][    INFO] Iters: 75, Total loss: 0.021
[2024-07-07 23:36:05,527][    INFO] Iters: 90, Total loss: 0.021
[2024-07-07 23:36:09,197][    INFO] Iters: 105, Total loss: 0.021
[2024-07-07 23:36:46,032][    INFO] ***** Evaluation ***** >>>> Class [0 Right Ventricle] Dice: 88.63
[2024-07-07 23:36:46,032][    INFO] ***** Evaluation ***** >>>> Class [1 Myocardium] Dice: 90.02
[2024-07-07 23:36:46,032][    INFO] ***** Evaluation ***** >>>> Class [2 Left Ventricle] Dice: 94.08
[2024-07-07 23:36:46,032][    INFO] ***** Evaluation ***** >>>> MeanDice: 90.91

[2024-07-07 23:36:46,250][    INFO] ===========> Epoch: 37, LR: 0.00298, Previous best: 92.12
[2024-07-07 23:36:47,001][    INFO] Iters: 0, Total loss: 0.025
[2024-07-07 23:37:08,638][    INFO] Iters: 15, Total loss: 0.022
[2024-07-07 23:37:22,838][    INFO] Iters: 30, Total loss: 0.021
[2024-07-07 23:37:26,686][    INFO] Iters: 45, Total loss: 0.021
[2024-07-07 23:37:30,408][    INFO] Iters: 60, Total loss: 0.021
[2024-07-07 23:37:34,448][    INFO] Iters: 75, Total loss: 0.021
[2024-07-07 23:37:38,134][    INFO] Iters: 90, Total loss: 0.021
[2024-07-07 23:37:56,975][    INFO] Iters: 105, Total loss: 0.021
[2024-07-07 23:38:34,263][    INFO] ***** Evaluation ***** >>>> Class [0 Right Ventricle] Dice: 89.39
[2024-07-07 23:38:34,263][    INFO] ***** Evaluation ***** >>>> Class [1 Myocardium] Dice: 90.59
[2024-07-07 23:38:34,263][    INFO] ***** Evaluation ***** >>>> Class [2 Left Ventricle] Dice: 95.26
[2024-07-07 23:38:34,263][    INFO] ***** Evaluation ***** >>>> MeanDice: 91.75

[2024-07-07 23:38:35,693][    INFO] ===========> Epoch: 38, LR: 0.00277, Previous best: 92.12
[2024-07-07 23:38:40,711][    INFO] Iters: 0, Total loss: 0.018
[2024-07-07 23:38:57,402][    INFO] Iters: 15, Total loss: 0.022
[2024-07-07 23:39:13,385][    INFO] Iters: 30, Total loss: 0.022
[2024-07-07 23:39:40,133][    INFO] Iters: 45, Total loss: 0.022
[2024-07-07 23:39:43,897][    INFO] Iters: 60, Total loss: 0.021
[2024-07-07 23:39:49,014][    INFO] Iters: 75, Total loss: 0.021
[2024-07-07 23:39:53,827][    INFO] Iters: 90, Total loss: 0.021
[2024-07-07 23:39:59,109][    INFO] Iters: 105, Total loss: 0.021
[2024-07-07 23:40:48,461][    INFO] ***** Evaluation ***** >>>> Class [0 Right Ventricle] Dice: 89.20
[2024-07-07 23:40:48,461][    INFO] ***** Evaluation ***** >>>> Class [1 Myocardium] Dice: 90.45
[2024-07-07 23:40:48,462][    INFO] ***** Evaluation ***** >>>> Class [2 Left Ventricle] Dice: 94.37
[2024-07-07 23:40:48,462][    INFO] ***** Evaluation ***** >>>> MeanDice: 91.34

[2024-07-07 23:40:48,679][    INFO] ===========> Epoch: 39, LR: 0.00256, Previous best: 92.12
[2024-07-07 23:40:49,357][    INFO] Iters: 0, Total loss: 0.019
[2024-07-07 23:41:27,711][    INFO] Iters: 15, Total loss: 0.020
[2024-07-07 23:41:32,584][    INFO] Iters: 30, Total loss: 0.021
[2024-07-07 23:41:53,029][    INFO] Iters: 45, Total loss: 0.021
[2024-07-07 23:42:19,675][    INFO] Iters: 60, Total loss: 0.021
[2024-07-07 23:42:23,620][    INFO] Iters: 75, Total loss: 0.021
[2024-07-07 23:42:27,410][    INFO] Iters: 90, Total loss: 0.021
[2024-07-07 23:42:31,195][    INFO] Iters: 105, Total loss: 0.021
[2024-07-07 23:43:12,616][    INFO] ***** Evaluation ***** >>>> Class [0 Right Ventricle] Dice: 89.13
[2024-07-07 23:43:12,616][    INFO] ***** Evaluation ***** >>>> Class [1 Myocardium] Dice: 90.71
[2024-07-07 23:43:12,616][    INFO] ***** Evaluation ***** >>>> Class [2 Left Ventricle] Dice: 94.76
[2024-07-07 23:43:12,616][    INFO] ***** Evaluation ***** >>>> MeanDice: 91.53

[2024-07-07 23:43:12,850][    INFO] ===========> Epoch: 40, LR: 0.00235, Previous best: 92.12
[2024-07-07 23:43:13,316][    INFO] Iters: 0, Total loss: 0.019
[2024-07-07 23:43:17,887][    INFO] Iters: 15, Total loss: 0.020
[2024-07-07 23:43:21,920][    INFO] Iters: 30, Total loss: 0.020
[2024-07-07 23:43:26,189][    INFO] Iters: 45, Total loss: 0.020
[2024-07-07 23:43:31,740][    INFO] Iters: 60, Total loss: 0.021
[2024-07-07 23:44:05,366][    INFO] Iters: 75, Total loss: 0.021
[2024-07-07 23:44:09,095][    INFO] Iters: 90, Total loss: 0.021
[2024-07-07 23:44:19,747][    INFO] Iters: 105, Total loss: 0.021
[2024-07-07 23:45:16,473][    INFO] ***** Evaluation ***** >>>> Class [0 Right Ventricle] Dice: 88.69
[2024-07-07 23:45:16,473][    INFO] ***** Evaluation ***** >>>> Class [1 Myocardium] Dice: 90.68
[2024-07-07 23:45:16,473][    INFO] ***** Evaluation ***** >>>> Class [2 Left Ventricle] Dice: 94.95
[2024-07-07 23:45:16,473][    INFO] ***** Evaluation ***** >>>> MeanDice: 91.44

[2024-07-07 23:45:17,049][    INFO] ===========> Epoch: 41, LR: 0.00214, Previous best: 92.12
[2024-07-07 23:45:18,682][    INFO] Iters: 0, Total loss: 0.020
slurmstepd-leto: error: *** JOB 4787 ON leto CANCELLED AT 2024-07-07T23:45:20 ***
