/var/lib/slurm-llnl/slurmd/job04786/slurm_script: line 12: module: command not found
[2024-07-07 23:17:34,837][    INFO] {'batch_size': 12,
 'conf_thresh': 0.95,
 'crop_size': 256,
 'data_root': '/vol/aimspace/projects/ukbb/data/cardiac/cardiac_segmentations/subjects',
 'dataset': 'ukbb',
 'epochs': 50,
 'exp': '4',
 'local_rank': 0,
 'lr': 0.01,
 'mode': 'train',
 'nclass': 4,
 'nclass_classif': 3,
 'ngpus': 1,
 'num_workers': 1,
 'port': 8053,
 'seed': '53',
 'seg_model': 'unet',
 'split': 18,
 'task': 'multi_modal',
 'visualize': False}

[2024-07-07 23:17:36,287][    INFO] Total params: 2.0M

[2024-07-07 23:17:37,500][    INFO] ************ Load from checkpoint at epoch 25

[2024-07-07 23:17:37,500][    INFO] ===========> Epoch: 26, LR: 0.00517, Previous best: 91.18
[2024-07-07 23:17:39,932][    INFO] Iters: 0, Total loss: 0.021
[2024-07-07 23:17:43,919][    INFO] Iters: 15, Total loss: 0.023
[2024-07-07 23:17:48,386][    INFO] Iters: 30, Total loss: 0.023
[2024-07-07 23:18:20,895][    INFO] Iters: 45, Total loss: 0.023
[2024-07-07 23:18:24,657][    INFO] Iters: 60, Total loss: 0.023
[2024-07-07 23:18:29,288][    INFO] Iters: 75, Total loss: 0.023
[2024-07-07 23:18:33,022][    INFO] Iters: 90, Total loss: 0.023
[2024-07-07 23:18:37,066][    INFO] Iters: 105, Total loss: 0.023
[2024-07-07 23:18:40,804][    INFO] Iters: 120, Total loss: 0.023
[2024-07-07 23:19:13,690][    INFO] ***** Evaluation ***** >>>> Class [0 Right Ventricle] Dice: 87.55
[2024-07-07 23:19:13,691][    INFO] ***** Evaluation ***** >>>> Class [1 Myocardium] Dice: 88.60
[2024-07-07 23:19:13,691][    INFO] ***** Evaluation ***** >>>> Class [2 Left Ventricle] Dice: 95.45
[2024-07-07 23:19:13,691][    INFO] ***** Evaluation ***** >>>> MeanDice: 90.53

[2024-07-07 23:19:13,917][    INFO] ===========> Epoch: 27, LR: 0.00497, Previous best: 91.18
[2024-07-07 23:19:14,505][    INFO] Iters: 0, Total loss: 0.022
[2024-07-07 23:19:18,428][    INFO] Iters: 15, Total loss: 0.022
[2024-07-07 23:19:44,562][    INFO] Iters: 30, Total loss: 0.021
[2024-07-07 23:19:55,337][    INFO] Iters: 45, Total loss: 0.022
[2024-07-07 23:19:59,071][    INFO] Iters: 60, Total loss: 0.022
[2024-07-07 23:20:30,860][    INFO] Iters: 75, Total loss: 0.023
[2024-07-07 23:20:34,530][    INFO] Iters: 90, Total loss: 0.023
[2024-07-07 23:20:38,981][    INFO] Iters: 105, Total loss: 0.023
[2024-07-07 23:20:42,675][    INFO] Iters: 120, Total loss: 0.023
[2024-07-07 23:20:47,672][    INFO] ***** Evaluation ***** >>>> Class [0 Right Ventricle] Dice: 87.41
[2024-07-07 23:20:47,672][    INFO] ***** Evaluation ***** >>>> Class [1 Myocardium] Dice: 89.48
[2024-07-07 23:20:47,672][    INFO] ***** Evaluation ***** >>>> Class [2 Left Ventricle] Dice: 96.03
[2024-07-07 23:20:47,672][    INFO] ***** Evaluation ***** >>>> MeanDice: 90.97

[2024-07-07 23:20:47,993][    INFO] ===========> Epoch: 28, LR: 0.00478, Previous best: 91.18
[2024-07-07 23:20:48,753][    INFO] Iters: 0, Total loss: 0.024
[2024-07-07 23:21:13,116][    INFO] Iters: 15, Total loss: 0.022
[2024-07-07 23:21:23,491][    INFO] Iters: 30, Total loss: 0.022
[2024-07-07 23:21:37,486][    INFO] Iters: 45, Total loss: 0.022
[2024-07-07 23:21:59,192][    INFO] Iters: 60, Total loss: 0.023
[2024-07-07 23:22:02,892][    INFO] Iters: 75, Total loss: 0.022
[2024-07-07 23:22:33,282][    INFO] Iters: 90, Total loss: 0.022
[2024-07-07 23:22:37,634][    INFO] Iters: 105, Total loss: 0.022
[2024-07-07 23:22:41,324][    INFO] Iters: 120, Total loss: 0.022
[2024-07-07 23:22:46,506][    INFO] ***** Evaluation ***** >>>> Class [0 Right Ventricle] Dice: 87.37
[2024-07-07 23:22:46,506][    INFO] ***** Evaluation ***** >>>> Class [1 Myocardium] Dice: 90.36
[2024-07-07 23:22:46,506][    INFO] ***** Evaluation ***** >>>> Class [2 Left Ventricle] Dice: 95.64
[2024-07-07 23:22:46,506][    INFO] ***** Evaluation ***** >>>> MeanDice: 91.12

[2024-07-07 23:22:46,819][    INFO] ===========> Epoch: 29, LR: 0.00458, Previous best: 91.18
[2024-07-07 23:22:47,335][    INFO] Iters: 0, Total loss: 0.019
[2024-07-07 23:22:51,487][    INFO] Iters: 15, Total loss: 0.023
[2024-07-07 23:22:57,025][    INFO] Iters: 30, Total loss: 0.022
[2024-07-07 23:23:27,196][    INFO] Iters: 45, Total loss: 0.023
[2024-07-07 23:23:31,005][    INFO] Iters: 60, Total loss: 0.022
[2024-07-07 23:23:53,865][    INFO] Iters: 75, Total loss: 0.022
[2024-07-07 23:24:06,669][    INFO] Iters: 90, Total loss: 0.022
[2024-07-07 23:24:10,397][    INFO] Iters: 105, Total loss: 0.022
[2024-07-07 23:24:42,965][    INFO] Iters: 120, Total loss: 0.022
[2024-07-07 23:24:47,980][    INFO] ***** Evaluation ***** >>>> Class [0 Right Ventricle] Dice: 89.05
[2024-07-07 23:24:47,981][    INFO] ***** Evaluation ***** >>>> Class [1 Myocardium] Dice: 89.71
[2024-07-07 23:24:47,981][    INFO] ***** Evaluation ***** >>>> Class [2 Left Ventricle] Dice: 96.20
[2024-07-07 23:24:47,981][    INFO] ***** Evaluation ***** >>>> MeanDice: 91.65

[2024-07-07 23:24:48,426][    INFO] ===========> Epoch: 30, LR: 0.00439, Previous best: 91.65
[2024-07-07 23:24:49,021][    INFO] Iters: 0, Total loss: 0.021
[2024-07-07 23:24:53,176][    INFO] Iters: 15, Total loss: 0.023
[2024-07-07 23:24:57,442][    INFO] Iters: 30, Total loss: 0.023
[2024-07-07 23:25:01,281][    INFO] Iters: 45, Total loss: 0.022
[2024-07-07 23:25:26,857][    INFO] Iters: 60, Total loss: 0.023
[2024-07-07 23:25:37,945][    INFO] Iters: 75, Total loss: 0.023
[2024-07-07 23:25:41,700][    INFO] Iters: 90, Total loss: 0.023
[2024-07-07 23:26:14,036][    INFO] Iters: 105, Total loss: 0.022
[2024-07-07 23:26:18,086][    INFO] Iters: 120, Total loss: 0.022
[2024-07-07 23:26:51,910][    INFO] ***** Evaluation ***** >>>> Class [0 Right Ventricle] Dice: 88.34
[2024-07-07 23:26:51,911][    INFO] ***** Evaluation ***** >>>> Class [1 Myocardium] Dice: 90.03
[2024-07-07 23:26:51,911][    INFO] ***** Evaluation ***** >>>> Class [2 Left Ventricle] Dice: 95.70
[2024-07-07 23:26:51,911][    INFO] ***** Evaluation ***** >>>> MeanDice: 91.36

[2024-07-07 23:26:52,130][    INFO] ===========> Epoch: 31, LR: 0.00419, Previous best: 91.65
[2024-07-07 23:26:52,994][    INFO] Iters: 0, Total loss: 0.021
[2024-07-07 23:26:57,606][    INFO] Iters: 15, Total loss: 0.022
[2024-07-07 23:27:01,767][    INFO] Iters: 30, Total loss: 0.022
[2024-07-07 23:27:06,512][    INFO] Iters: 45, Total loss: 0.022
[2024-07-07 23:27:10,343][    INFO] Iters: 60, Total loss: 0.021
[2024-07-07 23:27:31,509][    INFO] Iters: 75, Total loss: 0.021
[2024-07-07 23:27:47,654][    INFO] Iters: 90, Total loss: 0.022
[2024-07-07 23:27:52,388][    INFO] Iters: 105, Total loss: 0.022
[2024-07-07 23:28:24,043][    INFO] Iters: 120, Total loss: 0.022
[2024-07-07 23:28:29,256][    INFO] ***** Evaluation ***** >>>> Class [0 Right Ventricle] Dice: 87.41
[2024-07-07 23:28:29,257][    INFO] ***** Evaluation ***** >>>> Class [1 Myocardium] Dice: 89.64
[2024-07-07 23:28:29,257][    INFO] ***** Evaluation ***** >>>> Class [2 Left Ventricle] Dice: 95.70
[2024-07-07 23:28:29,257][    INFO] ***** Evaluation ***** >>>> MeanDice: 90.92

[2024-07-07 23:28:29,478][    INFO] ===========> Epoch: 32, LR: 0.00399, Previous best: 91.65
[2024-07-07 23:28:29,956][    INFO] Iters: 0, Total loss: 0.022
[2024-07-07 23:28:34,228][    INFO] Iters: 15, Total loss: 0.021
[2024-07-07 23:28:38,370][    INFO] Iters: 30, Total loss: 0.021
[2024-07-07 23:28:42,440][    INFO] Iters: 45, Total loss: 0.021
[2024-07-07 23:29:15,356][    INFO] Iters: 60, Total loss: 0.021
[2024-07-07 23:29:19,191][    INFO] Iters: 75, Total loss: 0.021
[2024-07-07 23:29:24,486][    INFO] Iters: 90, Total loss: 0.021
[2024-07-07 23:29:55,895][    INFO] Iters: 105, Total loss: 0.021
[2024-07-07 23:29:59,762][    INFO] Iters: 120, Total loss: 0.021
[2024-07-07 23:30:04,509][    INFO] ***** Evaluation ***** >>>> Class [0 Right Ventricle] Dice: 89.28
[2024-07-07 23:30:04,509][    INFO] ***** Evaluation ***** >>>> Class [1 Myocardium] Dice: 89.95
[2024-07-07 23:30:04,509][    INFO] ***** Evaluation ***** >>>> Class [2 Left Ventricle] Dice: 96.36
[2024-07-07 23:30:04,509][    INFO] ***** Evaluation ***** >>>> MeanDice: 91.86

[2024-07-07 23:30:04,974][    INFO] ===========> Epoch: 33, LR: 0.00379, Previous best: 91.86
[2024-07-07 23:30:05,620][    INFO] Iters: 0, Total loss: 0.020
[2024-07-07 23:30:09,429][    INFO] Iters: 15, Total loss: 0.022
[2024-07-07 23:30:13,402][    INFO] Iters: 30, Total loss: 0.022
[2024-07-07 23:30:34,697][    INFO] Iters: 45, Total loss: 0.022
[2024-07-07 23:30:50,624][    INFO] Iters: 60, Total loss: 0.022
[2024-07-07 23:30:54,311][    INFO] Iters: 75, Total loss: 0.022
[2024-07-07 23:30:58,334][    INFO] Iters: 90, Total loss: 0.022
[2024-07-07 23:31:02,290][    INFO] Iters: 105, Total loss: 0.022
[2024-07-07 23:31:06,189][    INFO] Iters: 120, Total loss: 0.022
[2024-07-07 23:31:39,547][    INFO] ***** Evaluation ***** >>>> Class [0 Right Ventricle] Dice: 88.16
[2024-07-07 23:31:39,547][    INFO] ***** Evaluation ***** >>>> Class [1 Myocardium] Dice: 90.29
[2024-07-07 23:31:39,547][    INFO] ***** Evaluation ***** >>>> Class [2 Left Ventricle] Dice: 95.91
[2024-07-07 23:31:39,547][    INFO] ***** Evaluation ***** >>>> MeanDice: 91.45

[2024-07-07 23:31:39,767][    INFO] ===========> Epoch: 34, LR: 0.00359, Previous best: 91.86
[2024-07-07 23:31:40,343][    INFO] Iters: 0, Total loss: 0.018
[2024-07-07 23:31:44,131][    INFO] Iters: 15, Total loss: 0.020
[2024-07-07 23:32:03,486][    INFO] Iters: 30, Total loss: 0.021
[2024-07-07 23:32:20,009][    INFO] Iters: 45, Total loss: 0.021
[2024-07-07 23:32:23,778][    INFO] Iters: 60, Total loss: 0.021
[2024-07-07 23:32:27,938][    INFO] Iters: 75, Total loss: 0.021
[2024-07-07 23:32:32,431][    INFO] Iters: 90, Total loss: 0.021
[2024-07-07 23:32:36,487][    INFO] Iters: 105, Total loss: 0.021
[2024-07-07 23:33:03,988][    INFO] Iters: 120, Total loss: 0.021
[2024-07-07 23:33:14,059][    INFO] ***** Evaluation ***** >>>> Class [0 Right Ventricle] Dice: 88.03
[2024-07-07 23:33:14,059][    INFO] ***** Evaluation ***** >>>> Class [1 Myocardium] Dice: 89.44
[2024-07-07 23:33:14,060][    INFO] ***** Evaluation ***** >>>> Class [2 Left Ventricle] Dice: 95.56
[2024-07-07 23:33:14,060][    INFO] ***** Evaluation ***** >>>> MeanDice: 91.01

[2024-07-07 23:33:14,277][    INFO] ===========> Epoch: 35, LR: 0.00339, Previous best: 91.86
[2024-07-07 23:33:14,936][    INFO] Iters: 0, Total loss: 0.017
[2024-07-07 23:33:39,806][    INFO] Iters: 15, Total loss: 0.021
[2024-07-07 23:33:50,030][    INFO] Iters: 30, Total loss: 0.021
[2024-07-07 23:34:21,762][    INFO] Iters: 45, Total loss: 0.021
[2024-07-07 23:34:25,456][    INFO] Iters: 60, Total loss: 0.022
[2024-07-07 23:34:29,071][    INFO] Iters: 75, Total loss: 0.022
[2024-07-07 23:34:32,825][    INFO] Iters: 90, Total loss: 0.022
[2024-07-07 23:34:36,733][    INFO] Iters: 105, Total loss: 0.022
[2024-07-07 23:34:40,627][    INFO] Iters: 120, Total loss: 0.022
[2024-07-07 23:35:13,578][    INFO] ***** Evaluation ***** >>>> Class [0 Right Ventricle] Dice: 88.49
[2024-07-07 23:35:13,579][    INFO] ***** Evaluation ***** >>>> Class [1 Myocardium] Dice: 89.68
[2024-07-07 23:35:13,579][    INFO] ***** Evaluation ***** >>>> Class [2 Left Ventricle] Dice: 96.18
[2024-07-07 23:35:13,579][    INFO] ***** Evaluation ***** >>>> MeanDice: 91.45

[2024-07-07 23:35:13,796][    INFO] ===========> Epoch: 36, LR: 0.00318, Previous best: 91.86
[2024-07-07 23:35:14,467][    INFO] Iters: 0, Total loss: 0.018
[2024-07-07 23:35:18,166][    INFO] Iters: 15, Total loss: 0.021
[2024-07-07 23:35:32,311][    INFO] Iters: 30, Total loss: 0.021
[2024-07-07 23:35:53,501][    INFO] Iters: 45, Total loss: 0.021
[2024-07-07 23:35:57,214][    INFO] Iters: 60, Total loss: 0.021
[2024-07-07 23:36:00,935][    INFO] Iters: 75, Total loss: 0.021
[2024-07-07 23:36:05,043][    INFO] Iters: 90, Total loss: 0.021
[2024-07-07 23:36:08,777][    INFO] Iters: 105, Total loss: 0.021
[2024-07-07 23:36:20,031][    INFO] Iters: 120, Total loss: 0.021
[2024-07-07 23:36:44,858][    INFO] ***** Evaluation ***** >>>> Class [0 Right Ventricle] Dice: 88.40
[2024-07-07 23:36:44,858][    INFO] ***** Evaluation ***** >>>> Class [1 Myocardium] Dice: 89.47
[2024-07-07 23:36:44,859][    INFO] ***** Evaluation ***** >>>> Class [2 Left Ventricle] Dice: 96.11
[2024-07-07 23:36:44,859][    INFO] ***** Evaluation ***** >>>> MeanDice: 91.33

[2024-07-07 23:36:45,078][    INFO] ===========> Epoch: 37, LR: 0.00298, Previous best: 91.86
[2024-07-07 23:36:45,645][    INFO] Iters: 0, Total loss: 0.017
[2024-07-07 23:36:55,714][    INFO] Iters: 15, Total loss: 0.022
[2024-07-07 23:37:21,754][    INFO] Iters: 30, Total loss: 0.021
[2024-07-07 23:37:25,542][    INFO] Iters: 45, Total loss: 0.021
[2024-07-07 23:37:29,242][    INFO] Iters: 60, Total loss: 0.021
[2024-07-07 23:37:32,991][    INFO] Iters: 75, Total loss: 0.021
[2024-07-07 23:37:36,965][    INFO] Iters: 90, Total loss: 0.021
[2024-07-07 23:37:41,709][    INFO] Iters: 105, Total loss: 0.021
[2024-07-07 23:38:12,768][    INFO] Iters: 120, Total loss: 0.021
[2024-07-07 23:38:17,669][    INFO] ***** Evaluation ***** >>>> Class [0 Right Ventricle] Dice: 88.71
[2024-07-07 23:38:17,669][    INFO] ***** Evaluation ***** >>>> Class [1 Myocardium] Dice: 89.92
[2024-07-07 23:38:17,669][    INFO] ***** Evaluation ***** >>>> Class [2 Left Ventricle] Dice: 95.71
[2024-07-07 23:38:17,669][    INFO] ***** Evaluation ***** >>>> MeanDice: 91.45

[2024-07-07 23:38:17,885][    INFO] ===========> Epoch: 38, LR: 0.00277, Previous best: 91.86
[2024-07-07 23:38:18,592][    INFO] Iters: 0, Total loss: 0.025
[2024-07-07 23:38:56,065][    INFO] Iters: 15, Total loss: 0.021
[2024-07-07 23:38:59,985][    INFO] Iters: 30, Total loss: 0.021
[2024-07-07 23:39:38,723][    INFO] Iters: 45, Total loss: 0.021
[2024-07-07 23:39:42,714][    INFO] Iters: 60, Total loss: 0.021
[2024-07-07 23:39:47,090][    INFO] Iters: 75, Total loss: 0.021
[2024-07-07 23:39:52,717][    INFO] Iters: 90, Total loss: 0.021
[2024-07-07 23:39:57,978][    INFO] Iters: 105, Total loss: 0.021
[2024-07-07 23:40:32,799][    INFO] Iters: 120, Total loss: 0.021
[2024-07-07 23:40:46,646][    INFO] ***** Evaluation ***** >>>> Class [0 Right Ventricle] Dice: 87.32
[2024-07-07 23:40:46,646][    INFO] ***** Evaluation ***** >>>> Class [1 Myocardium] Dice: 89.02
[2024-07-07 23:40:46,646][    INFO] ***** Evaluation ***** >>>> Class [2 Left Ventricle] Dice: 94.79
[2024-07-07 23:40:46,646][    INFO] ***** Evaluation ***** >>>> MeanDice: 90.38

[2024-07-07 23:40:46,864][    INFO] ===========> Epoch: 39, LR: 0.00256, Previous best: 91.86
[2024-07-07 23:40:47,487][    INFO] Iters: 0, Total loss: 0.017
[2024-07-07 23:41:06,164][    INFO] Iters: 15, Total loss: 0.020
[2024-07-07 23:41:29,916][    INFO] Iters: 30, Total loss: 0.021
[2024-07-07 23:41:34,937][    INFO] Iters: 45, Total loss: 0.021
[2024-07-07 23:42:17,772][    INFO] Iters: 60, Total loss: 0.021
[2024-07-07 23:42:22,309][    INFO] Iters: 75, Total loss: 0.021
[2024-07-07 23:42:26,242][    INFO] Iters: 90, Total loss: 0.021
[2024-07-07 23:42:30,043][    INFO] Iters: 105, Total loss: 0.021
[2024-07-07 23:42:34,051][    INFO] Iters: 120, Total loss: 0.021
[2024-07-07 23:43:10,820][    INFO] ***** Evaluation ***** >>>> Class [0 Right Ventricle] Dice: 88.16
[2024-07-07 23:43:10,820][    INFO] ***** Evaluation ***** >>>> Class [1 Myocardium] Dice: 89.79
[2024-07-07 23:43:10,820][    INFO] ***** Evaluation ***** >>>> Class [2 Left Ventricle] Dice: 95.79
[2024-07-07 23:43:10,820][    INFO] ***** Evaluation ***** >>>> MeanDice: 91.25

[2024-07-07 23:43:11,038][    INFO] ===========> Epoch: 40, LR: 0.00235, Previous best: 91.86
[2024-07-07 23:43:11,796][    INFO] Iters: 0, Total loss: 0.021
[2024-07-07 23:43:16,057][    INFO] Iters: 15, Total loss: 0.022
[2024-07-07 23:43:20,625][    INFO] Iters: 30, Total loss: 0.021
[2024-07-07 23:43:25,252][    INFO] Iters: 45, Total loss: 0.021
[2024-07-07 23:43:30,664][    INFO] Iters: 60, Total loss: 0.021
[2024-07-07 23:44:04,052][    INFO] Iters: 75, Total loss: 0.021
[2024-07-07 23:44:08,293][    INFO] Iters: 90, Total loss: 0.021
[2024-07-07 23:44:12,132][    INFO] Iters: 105, Total loss: 0.021
[2024-07-07 23:44:44,467][    INFO] Iters: 120, Total loss: 0.021
[2024-07-07 23:44:57,839][    INFO] ***** Evaluation ***** >>>> Class [0 Right Ventricle] Dice: 88.81
[2024-07-07 23:44:57,839][    INFO] ***** Evaluation ***** >>>> Class [1 Myocardium] Dice: 90.20
[2024-07-07 23:44:57,839][    INFO] ***** Evaluation ***** >>>> Class [2 Left Ventricle] Dice: 96.33
[2024-07-07 23:44:57,839][    INFO] ***** Evaluation ***** >>>> MeanDice: 91.78

[2024-07-07 23:44:58,517][    INFO] ===========> Epoch: 41, LR: 0.00214, Previous best: 91.86
[2024-07-07 23:45:02,765][    INFO] Iters: 0, Total loss: 0.017
slurmstepd-leto: error: *** JOB 4786 ON leto CANCELLED AT 2024-07-07T23:45:15 ***
