[2024-07-02 22:37:07,525][    INFO] {'batch_size': 12,
 'classif_nclass': 3,
 'conf_thresh': 0.95,
 'crop_size': 256,
 'data_root': '/vol/aimspace/projects/ukbb/data/cardiac/cardiac_segmentations/subjects',
 'dataset': 'ukbb',
 'epochs': 50,
 'exp': '4',
 'local_rank': 0,
 'lr': 0.01,
 'method': 'supervised',
 'mode': 'train',
 'model': 'unet',
 'nclass': 4,
 'ngpus': 1,
 'num_workers': 1,
 'port': 8318,
 'seed': '42',
 'split': 18,
 'task': 'multi_modal',
 'visualize': False}

[2024-07-02 22:37:09,010][    INFO] Total params: 1.9M

[2024-07-02 22:37:09,560][    INFO] ===========> Epoch: 0, LR: 0.01000, Previous best: 0.00
[2024-07-02 22:37:12,455][    INFO] Iters: 0, Total loss: 1.231
[2024-07-02 22:37:18,497][    INFO] Iters: 15, Total loss: 0.686
[2024-07-02 22:37:23,056][    INFO] Iters: 30, Total loss: 0.552
[2024-07-02 22:37:27,447][    INFO] Iters: 45, Total loss: 0.500
[2024-07-02 22:37:31,492][    INFO] Iters: 60, Total loss: 0.468
[2024-07-02 22:37:35,218][    INFO] Iters: 75, Total loss: 0.443
[2024-07-02 22:37:38,953][    INFO] Iters: 90, Total loss: 0.419
[2024-07-02 22:37:42,551][    INFO] Iters: 105, Total loss: 0.399
[2024-07-02 22:37:52,477][    INFO] ***** Evaluation ***** >>>> Class [0 Right Ventricle] Dice: 39.35
[2024-07-02 22:37:52,477][    INFO] ***** Evaluation ***** >>>> Class [1 Myocardium] Dice: 32.66
[2024-07-02 22:37:52,477][    INFO] ***** Evaluation ***** >>>> Class [2 Left Ventricle] Dice: 44.15
[2024-07-02 22:37:52,477][    INFO] ***** Evaluation ***** >>>> MeanDice: 38.72

[2024-07-02 22:37:52,733][    INFO] ===========> Epoch: 1, LR: 0.00982, Previous best: 38.72
[2024-07-02 22:37:53,173][    INFO] Iters: 0, Total loss: 0.227
[2024-07-02 22:37:56,927][    INFO] Iters: 15, Total loss: 0.223
[2024-07-02 22:38:00,604][    INFO] Iters: 30, Total loss: 0.209
[2024-07-02 22:38:04,307][    INFO] Iters: 45, Total loss: 0.199
[2024-07-02 22:38:07,889][    INFO] Iters: 60, Total loss: 0.189
[2024-07-02 22:38:11,495][    INFO] Iters: 75, Total loss: 0.181
[2024-07-02 22:38:15,017][    INFO] Iters: 90, Total loss: 0.172
[2024-07-02 22:38:18,614][    INFO] Iters: 105, Total loss: 0.165
[2024-07-02 22:38:26,882][    INFO] ***** Evaluation ***** >>>> Class [0 Right Ventricle] Dice: 30.02
[2024-07-02 22:38:26,883][    INFO] ***** Evaluation ***** >>>> Class [1 Myocardium] Dice: 45.97
[2024-07-02 22:38:26,883][    INFO] ***** Evaluation ***** >>>> Class [2 Left Ventricle] Dice: 46.68
[2024-07-02 22:38:26,883][    INFO] ***** Evaluation ***** >>>> MeanDice: 40.89

[2024-07-02 22:38:27,060][    INFO] ===========> Epoch: 2, LR: 0.00964, Previous best: 40.89
[2024-07-02 22:38:27,504][    INFO] Iters: 0, Total loss: 0.104
[2024-07-02 22:38:31,338][    INFO] Iters: 15, Total loss: 0.095
[2024-07-02 22:38:35,059][    INFO] Iters: 30, Total loss: 0.088
[2024-07-02 22:38:38,782][    INFO] Iters: 45, Total loss: 0.083
[2024-07-02 22:38:42,320][    INFO] Iters: 60, Total loss: 0.080
[2024-07-02 22:38:45,900][    INFO] Iters: 75, Total loss: 0.076
[2024-07-02 22:38:49,492][    INFO] Iters: 90, Total loss: 0.074
[2024-07-02 22:38:53,059][    INFO] Iters: 105, Total loss: 0.072
[2024-07-02 22:39:01,251][    INFO] ***** Evaluation ***** >>>> Class [0 Right Ventricle] Dice: 71.34
[2024-07-02 22:39:01,251][    INFO] ***** Evaluation ***** >>>> Class [1 Myocardium] Dice: 74.99
[2024-07-02 22:39:01,251][    INFO] ***** Evaluation ***** >>>> Class [2 Left Ventricle] Dice: 85.23
[2024-07-02 22:39:01,251][    INFO] ***** Evaluation ***** >>>> MeanDice: 77.19

[2024-07-02 22:39:01,413][    INFO] ===========> Epoch: 3, LR: 0.00946, Previous best: 77.19
[2024-07-02 22:39:01,836][    INFO] Iters: 0, Total loss: 0.046
[2024-07-02 22:39:05,838][    INFO] Iters: 15, Total loss: 0.055
[2024-07-02 22:39:09,863][    INFO] Iters: 30, Total loss: 0.054
[2024-07-02 22:39:13,599][    INFO] Iters: 45, Total loss: 0.054
[2024-07-02 22:39:17,157][    INFO] Iters: 60, Total loss: 0.053
[2024-07-02 22:39:20,738][    INFO] Iters: 75, Total loss: 0.053
[2024-07-02 22:39:24,345][    INFO] Iters: 90, Total loss: 0.052
[2024-07-02 22:39:27,887][    INFO] Iters: 105, Total loss: 0.052
[2024-07-02 22:39:36,451][    INFO] ***** Evaluation ***** >>>> Class [0 Right Ventricle] Dice: 76.65
[2024-07-02 22:39:36,452][    INFO] ***** Evaluation ***** >>>> Class [1 Myocardium] Dice: 81.16
[2024-07-02 22:39:36,452][    INFO] ***** Evaluation ***** >>>> Class [2 Left Ventricle] Dice: 91.27
[2024-07-02 22:39:36,452][    INFO] ***** Evaluation ***** >>>> MeanDice: 83.02

[2024-07-02 22:39:36,852][    INFO] ===========> Epoch: 4, LR: 0.00928, Previous best: 83.02
[2024-07-02 22:39:37,279][    INFO] Iters: 0, Total loss: 0.036
[2024-07-02 22:39:41,149][    INFO] Iters: 15, Total loss: 0.052
[2024-07-02 22:39:44,872][    INFO] Iters: 30, Total loss: 0.048
[2024-07-02 22:39:48,519][    INFO] Iters: 45, Total loss: 0.047
[2024-07-02 22:39:52,184][    INFO] Iters: 60, Total loss: 0.045
[2024-07-02 22:39:55,796][    INFO] Iters: 75, Total loss: 0.045
[2024-07-02 22:39:59,330][    INFO] Iters: 90, Total loss: 0.044
[2024-07-02 22:40:02,883][    INFO] Iters: 105, Total loss: 0.044
[2024-07-02 22:40:11,170][    INFO] ***** Evaluation ***** >>>> Class [0 Right Ventricle] Dice: 79.46
[2024-07-02 22:40:11,171][    INFO] ***** Evaluation ***** >>>> Class [1 Myocardium] Dice: 82.84
[2024-07-02 22:40:11,171][    INFO] ***** Evaluation ***** >>>> Class [2 Left Ventricle] Dice: 88.82
[2024-07-02 22:40:11,171][    INFO] ***** Evaluation ***** >>>> MeanDice: 83.71

[2024-07-02 22:40:11,374][    INFO] ===========> Epoch: 5, LR: 0.00910, Previous best: 83.71
[2024-07-02 22:40:11,815][    INFO] Iters: 0, Total loss: 0.030
[2024-07-02 22:40:15,736][    INFO] Iters: 15, Total loss: 0.038
[2024-07-02 22:40:19,443][    INFO] Iters: 30, Total loss: 0.040
[2024-07-02 22:40:23,050][    INFO] Iters: 45, Total loss: 0.039
[2024-07-02 22:40:26,598][    INFO] Iters: 60, Total loss: 0.039
[2024-07-02 22:40:30,121][    INFO] Iters: 75, Total loss: 0.040
[2024-07-02 22:40:33,659][    INFO] Iters: 90, Total loss: 0.039
[2024-07-02 22:40:37,209][    INFO] Iters: 105, Total loss: 0.039
[2024-07-02 22:40:45,551][    INFO] ***** Evaluation ***** >>>> Class [0 Right Ventricle] Dice: 76.77
[2024-07-02 22:40:45,552][    INFO] ***** Evaluation ***** >>>> Class [1 Myocardium] Dice: 82.38
[2024-07-02 22:40:45,552][    INFO] ***** Evaluation ***** >>>> Class [2 Left Ventricle] Dice: 89.82
[2024-07-02 22:40:45,552][    INFO] ***** Evaluation ***** >>>> MeanDice: 82.99

[2024-07-02 22:40:45,667][    INFO] ===========> Epoch: 6, LR: 0.00891, Previous best: 83.71
[2024-07-02 22:40:46,083][    INFO] Iters: 0, Total loss: 0.034
[2024-07-02 22:40:49,885][    INFO] Iters: 15, Total loss: 0.035
[2024-07-02 22:40:53,705][    INFO] Iters: 30, Total loss: 0.036
[2024-07-02 22:40:57,479][    INFO] Iters: 45, Total loss: 0.037
[2024-07-02 22:41:01,046][    INFO] Iters: 60, Total loss: 0.036
[2024-07-02 22:41:04,611][    INFO] Iters: 75, Total loss: 0.036
[2024-07-02 22:41:08,194][    INFO] Iters: 90, Total loss: 0.036
[2024-07-02 22:41:11,761][    INFO] Iters: 105, Total loss: 0.036
[2024-07-02 22:41:20,251][    INFO] ***** Evaluation ***** >>>> Class [0 Right Ventricle] Dice: 75.95
[2024-07-02 22:41:20,251][    INFO] ***** Evaluation ***** >>>> Class [1 Myocardium] Dice: 83.36
[2024-07-02 22:41:20,252][    INFO] ***** Evaluation ***** >>>> Class [2 Left Ventricle] Dice: 90.38
[2024-07-02 22:41:20,252][    INFO] ***** Evaluation ***** >>>> MeanDice: 83.23

[2024-07-02 22:41:20,353][    INFO] ===========> Epoch: 7, LR: 0.00873, Previous best: 83.71
[2024-07-02 22:41:20,780][    INFO] Iters: 0, Total loss: 0.033
[2024-07-02 22:41:24,567][    INFO] Iters: 15, Total loss: 0.034
[2024-07-02 22:41:28,389][    INFO] Iters: 30, Total loss: 0.034
[2024-07-02 22:41:32,011][    INFO] Iters: 45, Total loss: 0.035
[2024-07-02 22:41:35,646][    INFO] Iters: 60, Total loss: 0.035
[2024-07-02 22:41:39,165][    INFO] Iters: 75, Total loss: 0.035
[2024-07-02 22:41:42,756][    INFO] Iters: 90, Total loss: 0.034
[2024-07-02 22:41:46,269][    INFO] Iters: 105, Total loss: 0.034
[2024-07-02 22:41:54,717][    INFO] ***** Evaluation ***** >>>> Class [0 Right Ventricle] Dice: 82.52
[2024-07-02 22:41:54,717][    INFO] ***** Evaluation ***** >>>> Class [1 Myocardium] Dice: 85.18
[2024-07-02 22:41:54,718][    INFO] ***** Evaluation ***** >>>> Class [2 Left Ventricle] Dice: 92.27
[2024-07-02 22:41:54,718][    INFO] ***** Evaluation ***** >>>> MeanDice: 86.66

[2024-07-02 22:41:54,922][    INFO] ===========> Epoch: 8, LR: 0.00855, Previous best: 86.66
[2024-07-02 22:41:55,390][    INFO] Iters: 0, Total loss: 0.026
[2024-07-02 22:41:59,175][    INFO] Iters: 15, Total loss: 0.033
[2024-07-02 22:42:02,905][    INFO] Iters: 30, Total loss: 0.031
[2024-07-02 22:42:06,627][    INFO] Iters: 45, Total loss: 0.031
[2024-07-02 22:42:10,205][    INFO] Iters: 60, Total loss: 0.032
[2024-07-02 22:42:13,805][    INFO] Iters: 75, Total loss: 0.033
[2024-07-02 22:42:17,396][    INFO] Iters: 90, Total loss: 0.033
[2024-07-02 22:42:21,007][    INFO] Iters: 105, Total loss: 0.033
[2024-07-02 22:42:29,410][    INFO] ***** Evaluation ***** >>>> Class [0 Right Ventricle] Dice: 86.51
[2024-07-02 22:42:29,410][    INFO] ***** Evaluation ***** >>>> Class [1 Myocardium] Dice: 86.06
[2024-07-02 22:42:29,410][    INFO] ***** Evaluation ***** >>>> Class [2 Left Ventricle] Dice: 93.61
[2024-07-02 22:42:29,410][    INFO] ***** Evaluation ***** >>>> MeanDice: 88.72

[2024-07-02 22:42:29,570][    INFO] ===========> Epoch: 9, LR: 0.00837, Previous best: 88.72
[2024-07-02 22:42:30,021][    INFO] Iters: 0, Total loss: 0.032
[2024-07-02 22:42:33,760][    INFO] Iters: 15, Total loss: 0.031
[2024-07-02 22:42:37,618][    INFO] Iters: 30, Total loss: 0.032
[2024-07-02 22:42:41,351][    INFO] Iters: 45, Total loss: 0.031
[2024-07-02 22:42:44,950][    INFO] Iters: 60, Total loss: 0.030
[2024-07-02 22:42:48,490][    INFO] Iters: 75, Total loss: 0.031
[2024-07-02 22:42:52,074][    INFO] Iters: 90, Total loss: 0.031
[2024-07-02 22:42:55,653][    INFO] Iters: 105, Total loss: 0.031
[2024-07-02 22:43:04,001][    INFO] ***** Evaluation ***** >>>> Class [0 Right Ventricle] Dice: 85.98
[2024-07-02 22:43:04,001][    INFO] ***** Evaluation ***** >>>> Class [1 Myocardium] Dice: 86.56
[2024-07-02 22:43:04,001][    INFO] ***** Evaluation ***** >>>> Class [2 Left Ventricle] Dice: 94.26
[2024-07-02 22:43:04,001][    INFO] ***** Evaluation ***** >>>> MeanDice: 88.93

[2024-07-02 22:43:04,169][    INFO] ===========> Epoch: 10, LR: 0.00818, Previous best: 88.93
[2024-07-02 22:43:04,565][    INFO] Iters: 0, Total loss: 0.032
[2024-07-02 22:43:08,490][    INFO] Iters: 15, Total loss: 0.031
[2024-07-02 22:43:12,139][    INFO] Iters: 30, Total loss: 0.030
[2024-07-02 22:43:15,764][    INFO] Iters: 45, Total loss: 0.030
[2024-07-02 22:43:19,371][    INFO] Iters: 60, Total loss: 0.030
[2024-07-02 22:43:23,130][    INFO] Iters: 75, Total loss: 0.030
[2024-07-02 22:43:26,833][    INFO] Iters: 90, Total loss: 0.030
[2024-07-02 22:43:30,524][    INFO] Iters: 105, Total loss: 0.030
[2024-07-02 22:43:38,980][    INFO] ***** Evaluation ***** >>>> Class [0 Right Ventricle] Dice: 82.93
[2024-07-02 22:43:38,981][    INFO] ***** Evaluation ***** >>>> Class [1 Myocardium] Dice: 86.16
[2024-07-02 22:43:38,981][    INFO] ***** Evaluation ***** >>>> Class [2 Left Ventricle] Dice: 92.99
[2024-07-02 22:43:38,981][    INFO] ***** Evaluation ***** >>>> MeanDice: 87.36

[2024-07-02 22:43:39,083][    INFO] ===========> Epoch: 11, LR: 0.00800, Previous best: 88.93
[2024-07-02 22:43:39,481][    INFO] Iters: 0, Total loss: 0.032
[2024-07-02 22:43:43,399][    INFO] Iters: 15, Total loss: 0.031
[2024-07-02 22:43:47,032][    INFO] Iters: 30, Total loss: 0.029
[2024-07-02 22:43:50,574][    INFO] Iters: 45, Total loss: 0.029
[2024-07-02 22:43:54,110][    INFO] Iters: 60, Total loss: 0.029
[2024-07-02 22:43:57,647][    INFO] Iters: 75, Total loss: 0.029
[2024-07-02 22:44:01,230][    INFO] Iters: 90, Total loss: 0.029
[2024-07-02 22:44:04,791][    INFO] Iters: 105, Total loss: 0.029
[2024-07-02 22:44:13,296][    INFO] ***** Evaluation ***** >>>> Class [0 Right Ventricle] Dice: 84.81
[2024-07-02 22:44:13,296][    INFO] ***** Evaluation ***** >>>> Class [1 Myocardium] Dice: 85.63
[2024-07-02 22:44:13,296][    INFO] ***** Evaluation ***** >>>> Class [2 Left Ventricle] Dice: 93.86
[2024-07-02 22:44:13,296][    INFO] ***** Evaluation ***** >>>> MeanDice: 88.10

[2024-07-02 22:44:13,401][    INFO] ===========> Epoch: 12, LR: 0.00781, Previous best: 88.93
[2024-07-02 22:44:13,825][    INFO] Iters: 0, Total loss: 0.047
[2024-07-02 22:44:17,674][    INFO] Iters: 15, Total loss: 0.032
[2024-07-02 22:44:21,488][    INFO] Iters: 30, Total loss: 0.030
[2024-07-02 22:44:25,191][    INFO] Iters: 45, Total loss: 0.030
[2024-07-02 22:44:28,859][    INFO] Iters: 60, Total loss: 0.029
[2024-07-02 22:44:32,428][    INFO] Iters: 75, Total loss: 0.030
[2024-07-02 22:44:36,011][    INFO] Iters: 90, Total loss: 0.029
[2024-07-02 22:44:39,638][    INFO] Iters: 105, Total loss: 0.029
[2024-07-02 22:44:48,352][    INFO] ***** Evaluation ***** >>>> Class [0 Right Ventricle] Dice: 85.94
[2024-07-02 22:44:48,353][    INFO] ***** Evaluation ***** >>>> Class [1 Myocardium] Dice: 87.13
[2024-07-02 22:44:48,353][    INFO] ***** Evaluation ***** >>>> Class [2 Left Ventricle] Dice: 94.19
[2024-07-02 22:44:48,353][    INFO] ***** Evaluation ***** >>>> MeanDice: 89.09

[2024-07-02 22:44:48,490][    INFO] ===========> Epoch: 13, LR: 0.00763, Previous best: 89.09
[2024-07-02 22:44:48,939][    INFO] Iters: 0, Total loss: 0.027
[2024-07-02 22:44:52,777][    INFO] Iters: 15, Total loss: 0.027
[2024-07-02 22:44:56,693][    INFO] Iters: 30, Total loss: 0.027
[2024-07-02 22:45:00,497][    INFO] Iters: 45, Total loss: 0.027
[2024-07-02 22:45:04,048][    INFO] Iters: 60, Total loss: 0.027
[2024-07-02 22:45:07,592][    INFO] Iters: 75, Total loss: 0.027
[2024-07-02 22:45:11,175][    INFO] Iters: 90, Total loss: 0.027
[2024-07-02 22:45:14,743][    INFO] Iters: 105, Total loss: 0.027
[2024-07-02 22:45:23,152][    INFO] ***** Evaluation ***** >>>> Class [0 Right Ventricle] Dice: 85.79
[2024-07-02 22:45:23,152][    INFO] ***** Evaluation ***** >>>> Class [1 Myocardium] Dice: 85.68
[2024-07-02 22:45:23,152][    INFO] ***** Evaluation ***** >>>> Class [2 Left Ventricle] Dice: 92.85
[2024-07-02 22:45:23,152][    INFO] ***** Evaluation ***** >>>> MeanDice: 88.11

[2024-07-02 22:45:23,256][    INFO] ===========> Epoch: 14, LR: 0.00744, Previous best: 89.09
[2024-07-02 22:45:23,707][    INFO] Iters: 0, Total loss: 0.023
[2024-07-02 22:45:27,530][    INFO] Iters: 15, Total loss: 0.026
[2024-07-02 22:45:31,210][    INFO] Iters: 30, Total loss: 0.026
[2024-07-02 22:45:34,908][    INFO] Iters: 45, Total loss: 0.026
[2024-07-02 22:45:38,459][    INFO] Iters: 60, Total loss: 0.026
[2024-07-02 22:45:42,020][    INFO] Iters: 75, Total loss: 0.027
[2024-07-02 22:45:45,623][    INFO] Iters: 90, Total loss: 0.027
[2024-07-02 22:45:49,169][    INFO] Iters: 105, Total loss: 0.027
[2024-07-02 22:45:57,545][    INFO] ***** Evaluation ***** >>>> Class [0 Right Ventricle] Dice: 86.78
[2024-07-02 22:45:57,545][    INFO] ***** Evaluation ***** >>>> Class [1 Myocardium] Dice: 88.02
[2024-07-02 22:45:57,545][    INFO] ***** Evaluation ***** >>>> Class [2 Left Ventricle] Dice: 93.79
[2024-07-02 22:45:57,545][    INFO] ***** Evaluation ***** >>>> MeanDice: 89.53

[2024-07-02 22:45:57,715][    INFO] ===========> Epoch: 15, LR: 0.00726, Previous best: 89.53
[2024-07-02 22:45:58,173][    INFO] Iters: 0, Total loss: 0.029
[2024-07-02 22:46:02,105][    INFO] Iters: 15, Total loss: 0.026
[2024-07-02 22:46:06,104][    INFO] Iters: 30, Total loss: 0.026
[2024-07-02 22:46:09,723][    INFO] Iters: 45, Total loss: 0.026
[2024-07-02 22:46:13,353][    INFO] Iters: 60, Total loss: 0.026
[2024-07-02 22:46:16,891][    INFO] Iters: 75, Total loss: 0.026
[2024-07-02 22:46:20,442][    INFO] Iters: 90, Total loss: 0.026
[2024-07-02 22:46:23,969][    INFO] Iters: 105, Total loss: 0.026
[2024-07-02 22:46:32,273][    INFO] ***** Evaluation ***** >>>> Class [0 Right Ventricle] Dice: 88.00
[2024-07-02 22:46:32,273][    INFO] ***** Evaluation ***** >>>> Class [1 Myocardium] Dice: 89.00
[2024-07-02 22:46:32,273][    INFO] ***** Evaluation ***** >>>> Class [2 Left Ventricle] Dice: 94.69
[2024-07-02 22:46:32,274][    INFO] ***** Evaluation ***** >>>> MeanDice: 90.56

[2024-07-02 22:46:32,469][    INFO] ===========> Epoch: 16, LR: 0.00707, Previous best: 90.56
[2024-07-02 22:46:32,888][    INFO] Iters: 0, Total loss: 0.024
[2024-07-02 22:46:36,648][    INFO] Iters: 15, Total loss: 0.026
[2024-07-02 22:46:40,337][    INFO] Iters: 30, Total loss: 0.026
[2024-07-02 22:46:43,999][    INFO] Iters: 45, Total loss: 0.026
[2024-07-02 22:46:47,563][    INFO] Iters: 60, Total loss: 0.026
[2024-07-02 22:46:51,080][    INFO] Iters: 75, Total loss: 0.026
[2024-07-02 22:46:54,734][    INFO] Iters: 90, Total loss: 0.026
[2024-07-02 22:46:58,260][    INFO] Iters: 105, Total loss: 0.026
[2024-07-02 22:47:06,514][    INFO] ***** Evaluation ***** >>>> Class [0 Right Ventricle] Dice: 88.15
[2024-07-02 22:47:06,514][    INFO] ***** Evaluation ***** >>>> Class [1 Myocardium] Dice: 88.37
[2024-07-02 22:47:06,514][    INFO] ***** Evaluation ***** >>>> Class [2 Left Ventricle] Dice: 94.34
[2024-07-02 22:47:06,514][    INFO] ***** Evaluation ***** >>>> MeanDice: 90.28

[2024-07-02 22:47:06,662][    INFO] ===========> Epoch: 17, LR: 0.00688, Previous best: 90.56
[2024-07-02 22:47:07,131][    INFO] Iters: 0, Total loss: 0.033
[2024-07-02 22:47:10,867][    INFO] Iters: 15, Total loss: 0.027
[2024-07-02 22:47:14,662][    INFO] Iters: 30, Total loss: 0.026
[2024-07-02 22:47:18,453][    INFO] Iters: 45, Total loss: 0.026
[2024-07-02 22:47:21,982][    INFO] Iters: 60, Total loss: 0.026
[2024-07-02 22:47:25,535][    INFO] Iters: 75, Total loss: 0.026
[2024-07-02 22:47:29,133][    INFO] Iters: 90, Total loss: 0.025
[2024-07-02 22:47:32,591][    INFO] Iters: 105, Total loss: 0.025
[2024-07-02 22:47:41,051][    INFO] ***** Evaluation ***** >>>> Class [0 Right Ventricle] Dice: 89.57
[2024-07-02 22:47:41,051][    INFO] ***** Evaluation ***** >>>> Class [1 Myocardium] Dice: 88.28
[2024-07-02 22:47:41,051][    INFO] ***** Evaluation ***** >>>> Class [2 Left Ventricle] Dice: 95.39
[2024-07-02 22:47:41,051][    INFO] ***** Evaluation ***** >>>> MeanDice: 91.08

[2024-07-02 22:47:41,285][    INFO] ===========> Epoch: 18, LR: 0.00669, Previous best: 91.08
[2024-07-02 22:47:41,728][    INFO] Iters: 0, Total loss: 0.026
[2024-07-02 22:47:45,546][    INFO] Iters: 15, Total loss: 0.025
[2024-07-02 22:47:49,402][    INFO] Iters: 30, Total loss: 0.024
[2024-07-02 22:47:53,061][    INFO] Iters: 45, Total loss: 0.025
[2024-07-02 22:47:56,646][    INFO] Iters: 60, Total loss: 0.025
[2024-07-02 22:48:00,248][    INFO] Iters: 75, Total loss: 0.025
[2024-07-02 22:48:03,779][    INFO] Iters: 90, Total loss: 0.025
[2024-07-02 22:48:07,304][    INFO] Iters: 105, Total loss: 0.025
[2024-07-02 22:48:15,700][    INFO] ***** Evaluation ***** >>>> Class [0 Right Ventricle] Dice: 89.23
[2024-07-02 22:48:15,700][    INFO] ***** Evaluation ***** >>>> Class [1 Myocardium] Dice: 89.16
[2024-07-02 22:48:15,700][    INFO] ***** Evaluation ***** >>>> Class [2 Left Ventricle] Dice: 95.11
[2024-07-02 22:48:15,700][    INFO] ***** Evaluation ***** >>>> MeanDice: 91.16

[2024-07-02 22:48:15,890][    INFO] ===========> Epoch: 19, LR: 0.00651, Previous best: 91.16
[2024-07-02 22:48:16,298][    INFO] Iters: 0, Total loss: 0.026
[2024-07-02 22:48:20,121][    INFO] Iters: 15, Total loss: 0.025
[2024-07-02 22:48:23,918][    INFO] Iters: 30, Total loss: 0.024
[2024-07-02 22:48:27,703][    INFO] Iters: 45, Total loss: 0.025
[2024-07-02 22:48:31,338][    INFO] Iters: 60, Total loss: 0.024
[2024-07-02 22:48:34,939][    INFO] Iters: 75, Total loss: 0.025
[2024-07-02 22:48:38,526][    INFO] Iters: 90, Total loss: 0.024
[2024-07-02 22:48:42,095][    INFO] Iters: 105, Total loss: 0.025
[2024-07-02 22:48:50,361][    INFO] ***** Evaluation ***** >>>> Class [0 Right Ventricle] Dice: 89.81
[2024-07-02 22:48:50,362][    INFO] ***** Evaluation ***** >>>> Class [1 Myocardium] Dice: 89.07
[2024-07-02 22:48:50,362][    INFO] ***** Evaluation ***** >>>> Class [2 Left Ventricle] Dice: 95.72
[2024-07-02 22:48:50,362][    INFO] ***** Evaluation ***** >>>> MeanDice: 91.53

[2024-07-02 22:48:50,520][    INFO] ===========> Epoch: 20, LR: 0.00632, Previous best: 91.53
[2024-07-02 22:48:50,926][    INFO] Iters: 0, Total loss: 0.024
[2024-07-02 22:48:54,779][    INFO] Iters: 15, Total loss: 0.025
[2024-07-02 22:48:58,634][    INFO] Iters: 30, Total loss: 0.025
[2024-07-02 22:49:02,340][    INFO] Iters: 45, Total loss: 0.024
[2024-07-02 22:49:05,866][    INFO] Iters: 60, Total loss: 0.025
[2024-07-02 22:49:09,338][    INFO] Iters: 75, Total loss: 0.025
[2024-07-02 22:49:12,965][    INFO] Iters: 90, Total loss: 0.025
[2024-07-02 22:49:16,569][    INFO] Iters: 105, Total loss: 0.025
[2024-07-02 22:49:25,001][    INFO] ***** Evaluation ***** >>>> Class [0 Right Ventricle] Dice: 89.76
[2024-07-02 22:49:25,002][    INFO] ***** Evaluation ***** >>>> Class [1 Myocardium] Dice: 89.10
[2024-07-02 22:49:25,002][    INFO] ***** Evaluation ***** >>>> Class [2 Left Ventricle] Dice: 95.72
[2024-07-02 22:49:25,002][    INFO] ***** Evaluation ***** >>>> MeanDice: 91.52

[2024-07-02 22:49:25,103][    INFO] ===========> Epoch: 21, LR: 0.00613, Previous best: 91.53
[2024-07-02 22:49:25,511][    INFO] Iters: 0, Total loss: 0.022
[2024-07-02 22:49:29,272][    INFO] Iters: 15, Total loss: 0.024
[2024-07-02 22:49:33,069][    INFO] Iters: 30, Total loss: 0.025
[2024-07-02 22:49:36,724][    INFO] Iters: 45, Total loss: 0.025
[2024-07-02 22:49:40,242][    INFO] Iters: 60, Total loss: 0.024
[2024-07-02 22:49:43,816][    INFO] Iters: 75, Total loss: 0.024
[2024-07-02 22:49:47,382][    INFO] Iters: 90, Total loss: 0.024
[2024-07-02 22:49:50,984][    INFO] Iters: 105, Total loss: 0.024
[2024-07-02 22:49:59,445][    INFO] ***** Evaluation ***** >>>> Class [0 Right Ventricle] Dice: 88.14
[2024-07-02 22:49:59,445][    INFO] ***** Evaluation ***** >>>> Class [1 Myocardium] Dice: 88.50
[2024-07-02 22:49:59,445][    INFO] ***** Evaluation ***** >>>> Class [2 Left Ventricle] Dice: 95.30
[2024-07-02 22:49:59,445][    INFO] ***** Evaluation ***** >>>> MeanDice: 90.64

[2024-07-02 22:49:59,557][    INFO] ===========> Epoch: 22, LR: 0.00594, Previous best: 91.53
[2024-07-02 22:49:59,991][    INFO] Iters: 0, Total loss: 0.019
[2024-07-02 22:50:03,829][    INFO] Iters: 15, Total loss: 0.024
[2024-07-02 22:50:07,458][    INFO] Iters: 30, Total loss: 0.024
[2024-07-02 22:50:11,153][    INFO] Iters: 45, Total loss: 0.024
[2024-07-02 22:50:14,817][    INFO] Iters: 60, Total loss: 0.024
[2024-07-02 22:50:18,338][    INFO] Iters: 75, Total loss: 0.024
[2024-07-02 22:50:21,888][    INFO] Iters: 90, Total loss: 0.024
[2024-07-02 22:50:25,454][    INFO] Iters: 105, Total loss: 0.024
[2024-07-02 22:50:33,900][    INFO] ***** Evaluation ***** >>>> Class [0 Right Ventricle] Dice: 90.41
[2024-07-02 22:50:33,901][    INFO] ***** Evaluation ***** >>>> Class [1 Myocardium] Dice: 89.34
[2024-07-02 22:50:33,901][    INFO] ***** Evaluation ***** >>>> Class [2 Left Ventricle] Dice: 94.62
[2024-07-02 22:50:33,901][    INFO] ***** Evaluation ***** >>>> MeanDice: 91.46

[2024-07-02 22:50:34,008][    INFO] ===========> Epoch: 23, LR: 0.00574, Previous best: 91.53
[2024-07-02 22:50:34,455][    INFO] Iters: 0, Total loss: 0.029
[2024-07-02 22:50:38,118][    INFO] Iters: 15, Total loss: 0.025
[2024-07-02 22:50:41,801][    INFO] Iters: 30, Total loss: 0.024
[2024-07-02 22:50:45,405][    INFO] Iters: 45, Total loss: 0.024
[2024-07-02 22:50:48,978][    INFO] Iters: 60, Total loss: 0.024
[2024-07-02 22:50:52,561][    INFO] Iters: 75, Total loss: 0.023
[2024-07-02 22:50:56,133][    INFO] Iters: 90, Total loss: 0.023
[2024-07-02 22:50:59,691][    INFO] Iters: 105, Total loss: 0.024
[2024-07-02 22:51:07,883][    INFO] ***** Evaluation ***** >>>> Class [0 Right Ventricle] Dice: 89.81
[2024-07-02 22:51:07,883][    INFO] ***** Evaluation ***** >>>> Class [1 Myocardium] Dice: 88.92
[2024-07-02 22:51:07,883][    INFO] ***** Evaluation ***** >>>> Class [2 Left Ventricle] Dice: 95.20
[2024-07-02 22:51:07,883][    INFO] ***** Evaluation ***** >>>> MeanDice: 91.31

[2024-07-02 22:51:07,953][    INFO] ===========> Epoch: 24, LR: 0.00555, Previous best: 91.53
[2024-07-02 22:51:08,393][    INFO] Iters: 0, Total loss: 0.020
[2024-07-02 22:51:12,203][    INFO] Iters: 15, Total loss: 0.022
[2024-07-02 22:51:15,796][    INFO] Iters: 30, Total loss: 0.022
[2024-07-02 22:51:19,448][    INFO] Iters: 45, Total loss: 0.022
[2024-07-02 22:51:23,059][    INFO] Iters: 60, Total loss: 0.022
[2024-07-02 22:51:26,592][    INFO] Iters: 75, Total loss: 0.022
[2024-07-02 22:51:30,163][    INFO] Iters: 90, Total loss: 0.022
[2024-07-02 22:51:33,704][    INFO] Iters: 105, Total loss: 0.022
[2024-07-02 22:51:42,087][    INFO] ***** Evaluation ***** >>>> Class [0 Right Ventricle] Dice: 90.93
[2024-07-02 22:51:42,087][    INFO] ***** Evaluation ***** >>>> Class [1 Myocardium] Dice: 89.70
[2024-07-02 22:51:42,087][    INFO] ***** Evaluation ***** >>>> Class [2 Left Ventricle] Dice: 95.41
[2024-07-02 22:51:42,088][    INFO] ***** Evaluation ***** >>>> MeanDice: 92.01

[2024-07-02 22:51:42,249][    INFO] ===========> Epoch: 25, LR: 0.00536, Previous best: 92.01
[2024-07-02 22:51:42,669][    INFO] Iters: 0, Total loss: 0.019
[2024-07-02 22:51:46,287][    INFO] Iters: 15, Total loss: 0.022
[2024-07-02 22:51:49,895][    INFO] Iters: 30, Total loss: 0.023
[2024-07-02 22:51:53,516][    INFO] Iters: 45, Total loss: 0.023
[2024-07-02 22:51:57,110][    INFO] Iters: 60, Total loss: 0.023
[2024-07-02 22:52:00,772][    INFO] Iters: 75, Total loss: 0.023
[2024-07-02 22:52:04,330][    INFO] Iters: 90, Total loss: 0.022
[2024-07-02 22:52:07,883][    INFO] Iters: 105, Total loss: 0.022
[2024-07-02 22:52:16,286][    INFO] ***** Evaluation ***** >>>> Class [0 Right Ventricle] Dice: 91.00
[2024-07-02 22:52:16,287][    INFO] ***** Evaluation ***** >>>> Class [1 Myocardium] Dice: 88.82
[2024-07-02 22:52:16,287][    INFO] ***** Evaluation ***** >>>> Class [2 Left Ventricle] Dice: 95.66
[2024-07-02 22:52:16,287][    INFO] ***** Evaluation ***** >>>> MeanDice: 91.82

[2024-07-02 22:52:16,381][    INFO] ===========> Epoch: 26, LR: 0.00517, Previous best: 92.01
[2024-07-02 22:52:16,857][    INFO] Iters: 0, Total loss: 0.028
[2024-07-02 22:52:20,735][    INFO] Iters: 15, Total loss: 0.023
[2024-07-02 22:52:24,561][    INFO] Iters: 30, Total loss: 0.023
[2024-07-02 22:52:28,225][    INFO] Iters: 45, Total loss: 0.023
[2024-07-02 22:52:31,840][    INFO] Iters: 60, Total loss: 0.023
[2024-07-02 22:52:35,346][    INFO] Iters: 75, Total loss: 0.023
[2024-07-02 22:52:38,942][    INFO] Iters: 90, Total loss: 0.022
[2024-07-02 22:52:42,463][    INFO] Iters: 105, Total loss: 0.022
[2024-07-02 22:52:50,631][    INFO] ***** Evaluation ***** >>>> Class [0 Right Ventricle] Dice: 91.17
[2024-07-02 22:52:50,631][    INFO] ***** Evaluation ***** >>>> Class [1 Myocardium] Dice: 89.64
[2024-07-02 22:52:50,631][    INFO] ***** Evaluation ***** >>>> Class [2 Left Ventricle] Dice: 95.81
[2024-07-02 22:52:50,631][    INFO] ***** Evaluation ***** >>>> MeanDice: 92.21

[2024-07-02 22:52:50,796][    INFO] ===========> Epoch: 27, LR: 0.00497, Previous best: 92.21
[2024-07-02 22:52:51,216][    INFO] Iters: 0, Total loss: 0.022
[2024-07-02 22:52:54,967][    INFO] Iters: 15, Total loss: 0.022
[2024-07-02 22:52:58,715][    INFO] Iters: 30, Total loss: 0.022
[2024-07-02 22:53:02,476][    INFO] Iters: 45, Total loss: 0.022
[2024-07-02 22:53:06,062][    INFO] Iters: 60, Total loss: 0.022
[2024-07-02 22:53:09,648][    INFO] Iters: 75, Total loss: 0.023
[2024-07-02 22:53:13,234][    INFO] Iters: 90, Total loss: 0.023
[2024-07-02 22:53:16,772][    INFO] Iters: 105, Total loss: 0.023
[2024-07-02 22:53:25,247][    INFO] ***** Evaluation ***** >>>> Class [0 Right Ventricle] Dice: 89.06
[2024-07-02 22:53:25,247][    INFO] ***** Evaluation ***** >>>> Class [1 Myocardium] Dice: 89.33
[2024-07-02 22:53:25,247][    INFO] ***** Evaluation ***** >>>> Class [2 Left Ventricle] Dice: 94.84
[2024-07-02 22:53:25,247][    INFO] ***** Evaluation ***** >>>> MeanDice: 91.08

[2024-07-02 22:53:25,313][    INFO] ===========> Epoch: 28, LR: 0.00478, Previous best: 92.21
[2024-07-02 22:53:25,724][    INFO] Iters: 0, Total loss: 0.023
[2024-07-02 22:53:29,724][    INFO] Iters: 15, Total loss: 0.021
[2024-07-02 22:53:33,521][    INFO] Iters: 30, Total loss: 0.022
[2024-07-02 22:53:37,241][    INFO] Iters: 45, Total loss: 0.022
[2024-07-02 22:53:40,849][    INFO] Iters: 60, Total loss: 0.022
[2024-07-02 22:53:44,356][    INFO] Iters: 75, Total loss: 0.022
[2024-07-02 22:53:47,943][    INFO] Iters: 90, Total loss: 0.022
[2024-07-02 22:53:51,470][    INFO] Iters: 105, Total loss: 0.022
[2024-07-02 22:53:59,619][    INFO] ***** Evaluation ***** >>>> Class [0 Right Ventricle] Dice: 91.13
[2024-07-02 22:53:59,619][    INFO] ***** Evaluation ***** >>>> Class [1 Myocardium] Dice: 90.24
[2024-07-02 22:53:59,619][    INFO] ***** Evaluation ***** >>>> Class [2 Left Ventricle] Dice: 96.03
[2024-07-02 22:53:59,619][    INFO] ***** Evaluation ***** >>>> MeanDice: 92.47

[2024-07-02 22:53:59,855][    INFO] ===========> Epoch: 29, LR: 0.00458, Previous best: 92.47
[2024-07-02 22:54:00,293][    INFO] Iters: 0, Total loss: 0.019
[2024-07-02 22:54:04,009][    INFO] Iters: 15, Total loss: 0.021
[2024-07-02 22:54:07,767][    INFO] Iters: 30, Total loss: 0.022
[2024-07-02 22:54:11,532][    INFO] Iters: 45, Total loss: 0.022
[2024-07-02 22:54:15,117][    INFO] Iters: 60, Total loss: 0.022
[2024-07-02 22:54:18,627][    INFO] Iters: 75, Total loss: 0.022
[2024-07-02 22:54:22,238][    INFO] Iters: 90, Total loss: 0.022
[2024-07-02 22:54:25,879][    INFO] Iters: 105, Total loss: 0.022
[2024-07-02 22:54:34,431][    INFO] ***** Evaluation ***** >>>> Class [0 Right Ventricle] Dice: 90.34
[2024-07-02 22:54:34,432][    INFO] ***** Evaluation ***** >>>> Class [1 Myocardium] Dice: 88.62
[2024-07-02 22:54:34,432][    INFO] ***** Evaluation ***** >>>> Class [2 Left Ventricle] Dice: 94.83
[2024-07-02 22:54:34,432][    INFO] ***** Evaluation ***** >>>> MeanDice: 91.26

[2024-07-02 22:54:34,535][    INFO] ===========> Epoch: 30, LR: 0.00439, Previous best: 92.47
[2024-07-02 22:54:34,992][    INFO] Iters: 0, Total loss: 0.019
[2024-07-02 22:54:38,710][    INFO] Iters: 15, Total loss: 0.022
[2024-07-02 22:54:42,493][    INFO] Iters: 30, Total loss: 0.022
[2024-07-02 22:54:46,224][    INFO] Iters: 45, Total loss: 0.022
[2024-07-02 22:54:49,788][    INFO] Iters: 60, Total loss: 0.022
[2024-07-02 22:54:53,396][    INFO] Iters: 75, Total loss: 0.022
[2024-07-02 22:54:56,915][    INFO] Iters: 90, Total loss: 0.022
[2024-07-02 22:55:00,473][    INFO] Iters: 105, Total loss: 0.022
[2024-07-02 22:55:08,734][    INFO] ***** Evaluation ***** >>>> Class [0 Right Ventricle] Dice: 89.43
[2024-07-02 22:55:08,735][    INFO] ***** Evaluation ***** >>>> Class [1 Myocardium] Dice: 88.41
[2024-07-02 22:55:08,735][    INFO] ***** Evaluation ***** >>>> Class [2 Left Ventricle] Dice: 94.85
[2024-07-02 22:55:08,735][    INFO] ***** Evaluation ***** >>>> MeanDice: 90.90

[2024-07-02 22:55:08,828][    INFO] ===========> Epoch: 31, LR: 0.00419, Previous best: 92.47
[2024-07-02 22:55:09,247][    INFO] Iters: 0, Total loss: 0.026
[2024-07-02 22:55:12,851][    INFO] Iters: 15, Total loss: 0.024
[2024-07-02 22:55:16,542][    INFO] Iters: 30, Total loss: 0.023
[2024-07-02 22:55:20,128][    INFO] Iters: 45, Total loss: 0.022
[2024-07-02 22:55:23,747][    INFO] Iters: 60, Total loss: 0.022
[2024-07-02 22:55:27,307][    INFO] Iters: 75, Total loss: 0.022
[2024-07-02 22:55:30,838][    INFO] Iters: 90, Total loss: 0.022
[2024-07-02 22:55:34,357][    INFO] Iters: 105, Total loss: 0.022
[2024-07-02 22:55:42,892][    INFO] ***** Evaluation ***** >>>> Class [0 Right Ventricle] Dice: 89.93
[2024-07-02 22:55:42,892][    INFO] ***** Evaluation ***** >>>> Class [1 Myocardium] Dice: 90.10
[2024-07-02 22:55:42,892][    INFO] ***** Evaluation ***** >>>> Class [2 Left Ventricle] Dice: 96.02
[2024-07-02 22:55:42,892][    INFO] ***** Evaluation ***** >>>> MeanDice: 92.01

[2024-07-02 22:55:42,954][    INFO] ===========> Epoch: 32, LR: 0.00399, Previous best: 92.47
[2024-07-02 22:55:43,361][    INFO] Iters: 0, Total loss: 0.023
[2024-07-02 22:55:47,304][    INFO] Iters: 15, Total loss: 0.022
[2024-07-02 22:55:50,988][    INFO] Iters: 30, Total loss: 0.021
[2024-07-02 22:55:54,637][    INFO] Iters: 45, Total loss: 0.021
[2024-07-02 22:55:58,213][    INFO] Iters: 60, Total loss: 0.021
[2024-07-02 22:56:01,774][    INFO] Iters: 75, Total loss: 0.021
[2024-07-02 22:56:05,369][    INFO] Iters: 90, Total loss: 0.021
[2024-07-02 22:56:08,931][    INFO] Iters: 105, Total loss: 0.021
[2024-07-02 22:56:17,286][    INFO] ***** Evaluation ***** >>>> Class [0 Right Ventricle] Dice: 90.87
[2024-07-02 22:56:17,286][    INFO] ***** Evaluation ***** >>>> Class [1 Myocardium] Dice: 90.23
[2024-07-02 22:56:17,286][    INFO] ***** Evaluation ***** >>>> Class [2 Left Ventricle] Dice: 95.92
[2024-07-02 22:56:17,286][    INFO] ***** Evaluation ***** >>>> MeanDice: 92.34

[2024-07-02 22:56:17,415][    INFO] ===========> Epoch: 33, LR: 0.00379, Previous best: 92.47
[2024-07-02 22:56:17,851][    INFO] Iters: 0, Total loss: 0.022
[2024-07-02 22:56:21,828][    INFO] Iters: 15, Total loss: 0.021
[2024-07-02 22:56:25,708][    INFO] Iters: 30, Total loss: 0.022
[2024-07-02 22:56:29,461][    INFO] Iters: 45, Total loss: 0.022
[2024-07-02 22:56:33,055][    INFO] Iters: 60, Total loss: 0.021
[2024-07-02 22:56:36,601][    INFO] Iters: 75, Total loss: 0.021
[2024-07-02 22:56:40,180][    INFO] Iters: 90, Total loss: 0.021
[2024-07-02 22:56:43,679][    INFO] Iters: 105, Total loss: 0.021
[2024-07-02 22:56:52,102][    INFO] ***** Evaluation ***** >>>> Class [0 Right Ventricle] Dice: 91.01
[2024-07-02 22:56:52,103][    INFO] ***** Evaluation ***** >>>> Class [1 Myocardium] Dice: 90.27
[2024-07-02 22:56:52,103][    INFO] ***** Evaluation ***** >>>> Class [2 Left Ventricle] Dice: 96.12
[2024-07-02 22:56:52,103][    INFO] ***** Evaluation ***** >>>> MeanDice: 92.47

[2024-07-02 22:56:52,312][    INFO] ===========> Epoch: 34, LR: 0.00359, Previous best: 92.47
[2024-07-02 22:56:52,743][    INFO] Iters: 0, Total loss: 0.025
[2024-07-02 22:56:56,360][    INFO] Iters: 15, Total loss: 0.022
[2024-07-02 22:57:00,140][    INFO] Iters: 30, Total loss: 0.022
[2024-07-02 22:57:03,806][    INFO] Iters: 45, Total loss: 0.022
[2024-07-02 22:57:07,405][    INFO] Iters: 60, Total loss: 0.022
[2024-07-02 22:57:10,994][    INFO] Iters: 75, Total loss: 0.022
[2024-07-02 22:57:14,558][    INFO] Iters: 90, Total loss: 0.022
[2024-07-02 22:57:18,146][    INFO] Iters: 105, Total loss: 0.022
[2024-07-02 22:57:26,998][    INFO] ***** Evaluation ***** >>>> Class [0 Right Ventricle] Dice: 90.86
[2024-07-02 22:57:26,999][    INFO] ***** Evaluation ***** >>>> Class [1 Myocardium] Dice: 89.84
[2024-07-02 22:57:26,999][    INFO] ***** Evaluation ***** >>>> Class [2 Left Ventricle] Dice: 95.88
[2024-07-02 22:57:26,999][    INFO] ***** Evaluation ***** >>>> MeanDice: 92.19

[2024-07-02 22:57:27,078][    INFO] ===========> Epoch: 35, LR: 0.00339, Previous best: 92.47
[2024-07-02 22:57:27,506][    INFO] Iters: 0, Total loss: 0.018
[2024-07-02 22:57:31,264][    INFO] Iters: 15, Total loss: 0.020
[2024-07-02 22:57:35,033][    INFO] Iters: 30, Total loss: 0.020
[2024-07-02 22:57:38,713][    INFO] Iters: 45, Total loss: 0.020
[2024-07-02 22:57:42,332][    INFO] Iters: 60, Total loss: 0.021
[2024-07-02 22:57:45,857][    INFO] Iters: 75, Total loss: 0.021
[2024-07-02 22:57:49,433][    INFO] Iters: 90, Total loss: 0.021
[2024-07-02 22:57:52,915][    INFO] Iters: 105, Total loss: 0.021
[2024-07-02 22:58:01,363][    INFO] ***** Evaluation ***** >>>> Class [0 Right Ventricle] Dice: 90.86
[2024-07-02 22:58:01,364][    INFO] ***** Evaluation ***** >>>> Class [1 Myocardium] Dice: 90.75
[2024-07-02 22:58:01,364][    INFO] ***** Evaluation ***** >>>> Class [2 Left Ventricle] Dice: 96.21
[2024-07-02 22:58:01,364][    INFO] ***** Evaluation ***** >>>> MeanDice: 92.61

[2024-07-02 22:58:01,575][    INFO] ===========> Epoch: 36, LR: 0.00318, Previous best: 92.61
[2024-07-02 22:58:02,000][    INFO] Iters: 0, Total loss: 0.021
[2024-07-02 22:58:05,756][    INFO] Iters: 15, Total loss: 0.022
[2024-07-02 22:58:09,564][    INFO] Iters: 30, Total loss: 0.022
[2024-07-02 22:58:13,337][    INFO] Iters: 45, Total loss: 0.021
[2024-07-02 22:58:16,954][    INFO] Iters: 60, Total loss: 0.021
[2024-07-02 22:58:20,547][    INFO] Iters: 75, Total loss: 0.021
[2024-07-02 22:58:24,118][    INFO] Iters: 90, Total loss: 0.021
[2024-07-02 22:58:27,679][    INFO] Iters: 105, Total loss: 0.021
[2024-07-02 22:58:35,956][    INFO] ***** Evaluation ***** >>>> Class [0 Right Ventricle] Dice: 91.24
[2024-07-02 22:58:35,956][    INFO] ***** Evaluation ***** >>>> Class [1 Myocardium] Dice: 90.23
[2024-07-02 22:58:35,956][    INFO] ***** Evaluation ***** >>>> Class [2 Left Ventricle] Dice: 96.07
[2024-07-02 22:58:35,956][    INFO] ***** Evaluation ***** >>>> MeanDice: 92.51

[2024-07-02 22:58:36,064][    INFO] ===========> Epoch: 37, LR: 0.00298, Previous best: 92.61
[2024-07-02 22:58:36,476][    INFO] Iters: 0, Total loss: 0.022
[2024-07-02 22:58:40,353][    INFO] Iters: 15, Total loss: 0.022
[2024-07-02 22:58:44,268][    INFO] Iters: 30, Total loss: 0.023
[2024-07-02 22:58:47,992][    INFO] Iters: 45, Total loss: 0.022
[2024-07-02 22:58:51,518][    INFO] Iters: 60, Total loss: 0.022
[2024-07-02 22:58:55,108][    INFO] Iters: 75, Total loss: 0.022
[2024-07-02 22:58:58,687][    INFO] Iters: 90, Total loss: 0.021
[2024-07-02 22:59:02,227][    INFO] Iters: 105, Total loss: 0.021
[2024-07-02 22:59:10,551][    INFO] ***** Evaluation ***** >>>> Class [0 Right Ventricle] Dice: 91.36
[2024-07-02 22:59:10,552][    INFO] ***** Evaluation ***** >>>> Class [1 Myocardium] Dice: 90.42
[2024-07-02 22:59:10,552][    INFO] ***** Evaluation ***** >>>> Class [2 Left Ventricle] Dice: 96.20
[2024-07-02 22:59:10,552][    INFO] ***** Evaluation ***** >>>> MeanDice: 92.66

[2024-07-02 22:59:10,724][    INFO] ===========> Epoch: 38, LR: 0.00277, Previous best: 92.66
[2024-07-02 22:59:11,166][    INFO] Iters: 0, Total loss: 0.021
[2024-07-02 22:59:14,836][    INFO] Iters: 15, Total loss: 0.021
[2024-07-02 22:59:18,500][    INFO] Iters: 30, Total loss: 0.021
[2024-07-02 22:59:22,147][    INFO] Iters: 45, Total loss: 0.021
[2024-07-02 22:59:25,749][    INFO] Iters: 60, Total loss: 0.021
[2024-07-02 22:59:29,293][    INFO] Iters: 75, Total loss: 0.021
[2024-07-02 22:59:32,928][    INFO] Iters: 90, Total loss: 0.021
[2024-07-02 22:59:36,575][    INFO] Iters: 105, Total loss: 0.021
[2024-07-02 22:59:45,082][    INFO] ***** Evaluation ***** >>>> Class [0 Right Ventricle] Dice: 92.13
[2024-07-02 22:59:45,083][    INFO] ***** Evaluation ***** >>>> Class [1 Myocardium] Dice: 90.74
[2024-07-02 22:59:45,083][    INFO] ***** Evaluation ***** >>>> Class [2 Left Ventricle] Dice: 96.26
[2024-07-02 22:59:45,083][    INFO] ***** Evaluation ***** >>>> MeanDice: 93.04

[2024-07-02 22:59:45,290][    INFO] ===========> Epoch: 39, LR: 0.00256, Previous best: 93.04
[2024-07-02 22:59:45,702][    INFO] Iters: 0, Total loss: 0.020
[2024-07-02 22:59:49,525][    INFO] Iters: 15, Total loss: 0.021
[2024-07-02 22:59:53,317][    INFO] Iters: 30, Total loss: 0.021
[2024-07-02 22:59:57,108][    INFO] Iters: 45, Total loss: 0.021
[2024-07-02 23:00:00,634][    INFO] Iters: 60, Total loss: 0.020
[2024-07-02 23:00:04,155][    INFO] Iters: 75, Total loss: 0.021
[2024-07-02 23:00:07,767][    INFO] Iters: 90, Total loss: 0.021
[2024-07-02 23:00:11,331][    INFO] Iters: 105, Total loss: 0.021
[2024-07-02 23:00:19,756][    INFO] ***** Evaluation ***** >>>> Class [0 Right Ventricle] Dice: 92.47
[2024-07-02 23:00:19,756][    INFO] ***** Evaluation ***** >>>> Class [1 Myocardium] Dice: 90.36
[2024-07-02 23:00:19,756][    INFO] ***** Evaluation ***** >>>> Class [2 Left Ventricle] Dice: 96.12
[2024-07-02 23:00:19,757][    INFO] ***** Evaluation ***** >>>> MeanDice: 92.98

[2024-07-02 23:00:19,882][    INFO] ===========> Epoch: 40, LR: 0.00235, Previous best: 93.04
[2024-07-02 23:00:20,292][    INFO] Iters: 0, Total loss: 0.019
[2024-07-02 23:00:23,917][    INFO] Iters: 15, Total loss: 0.021
[2024-07-02 23:00:27,541][    INFO] Iters: 30, Total loss: 0.021
[2024-07-02 23:00:31,166][    INFO] Iters: 45, Total loss: 0.021
[2024-07-02 23:00:34,778][    INFO] Iters: 60, Total loss: 0.020
[2024-07-02 23:00:38,388][    INFO] Iters: 75, Total loss: 0.020
[2024-07-02 23:00:41,997][    INFO] Iters: 90, Total loss: 0.020
[2024-07-02 23:00:45,572][    INFO] Iters: 105, Total loss: 0.020
[2024-07-02 23:00:54,128][    INFO] ***** Evaluation ***** >>>> Class [0 Right Ventricle] Dice: 91.81
[2024-07-02 23:00:54,128][    INFO] ***** Evaluation ***** >>>> Class [1 Myocardium] Dice: 90.01
[2024-07-02 23:00:54,128][    INFO] ***** Evaluation ***** >>>> Class [2 Left Ventricle] Dice: 95.77
[2024-07-02 23:00:54,128][    INFO] ***** Evaluation ***** >>>> MeanDice: 92.53

[2024-07-02 23:00:54,242][    INFO] ===========> Epoch: 41, LR: 0.00214, Previous best: 93.04
[2024-07-02 23:00:54,662][    INFO] Iters: 0, Total loss: 0.019
[2024-07-02 23:00:58,431][    INFO] Iters: 15, Total loss: 0.020
[2024-07-02 23:01:02,165][    INFO] Iters: 30, Total loss: 0.020
[2024-07-02 23:01:05,712][    INFO] Iters: 45, Total loss: 0.021
[2024-07-02 23:01:09,375][    INFO] Iters: 60, Total loss: 0.021
[2024-07-02 23:01:12,920][    INFO] Iters: 75, Total loss: 0.021
[2024-07-02 23:01:16,488][    INFO] Iters: 90, Total loss: 0.021
[2024-07-02 23:01:20,032][    INFO] Iters: 105, Total loss: 0.021
[2024-07-02 23:01:28,442][    INFO] ***** Evaluation ***** >>>> Class [0 Right Ventricle] Dice: 91.51
[2024-07-02 23:01:28,443][    INFO] ***** Evaluation ***** >>>> Class [1 Myocardium] Dice: 90.26
[2024-07-02 23:01:28,443][    INFO] ***** Evaluation ***** >>>> Class [2 Left Ventricle] Dice: 96.18
[2024-07-02 23:01:28,443][    INFO] ***** Evaluation ***** >>>> MeanDice: 92.65

[2024-07-02 23:01:28,536][    INFO] ===========> Epoch: 42, LR: 0.00192, Previous best: 93.04
[2024-07-02 23:01:28,949][    INFO] Iters: 0, Total loss: 0.018
[2024-07-02 23:01:32,876][    INFO] Iters: 15, Total loss: 0.021
[2024-07-02 23:01:36,578][    INFO] Iters: 30, Total loss: 0.021
[2024-07-02 23:01:40,187][    INFO] Iters: 45, Total loss: 0.021
[2024-07-02 23:01:43,776][    INFO] Iters: 60, Total loss: 0.021
[2024-07-02 23:01:47,366][    INFO] Iters: 75, Total loss: 0.020
[2024-07-02 23:01:50,947][    INFO] Iters: 90, Total loss: 0.020
[2024-07-02 23:01:54,553][    INFO] Iters: 105, Total loss: 0.020
[2024-07-02 23:02:02,986][    INFO] ***** Evaluation ***** >>>> Class [0 Right Ventricle] Dice: 91.27
[2024-07-02 23:02:02,986][    INFO] ***** Evaluation ***** >>>> Class [1 Myocardium] Dice: 90.57
[2024-07-02 23:02:02,986][    INFO] ***** Evaluation ***** >>>> Class [2 Left Ventricle] Dice: 96.20
[2024-07-02 23:02:02,986][    INFO] ***** Evaluation ***** >>>> MeanDice: 92.68

[2024-07-02 23:02:03,089][    INFO] ===========> Epoch: 43, LR: 0.00171, Previous best: 93.04
[2024-07-02 23:02:03,522][    INFO] Iters: 0, Total loss: 0.018
[2024-07-02 23:02:07,207][    INFO] Iters: 15, Total loss: 0.020
[2024-07-02 23:02:10,866][    INFO] Iters: 30, Total loss: 0.020
[2024-07-02 23:02:14,489][    INFO] Iters: 45, Total loss: 0.020
[2024-07-02 23:02:18,095][    INFO] Iters: 60, Total loss: 0.020
[2024-07-02 23:02:21,614][    INFO] Iters: 75, Total loss: 0.020
[2024-07-02 23:02:25,152][    INFO] Iters: 90, Total loss: 0.020
[2024-07-02 23:02:28,727][    INFO] Iters: 105, Total loss: 0.020
[2024-07-02 23:02:37,115][    INFO] ***** Evaluation ***** >>>> Class [0 Right Ventricle] Dice: 91.91
[2024-07-02 23:02:37,115][    INFO] ***** Evaluation ***** >>>> Class [1 Myocardium] Dice: 90.39
[2024-07-02 23:02:37,115][    INFO] ***** Evaluation ***** >>>> Class [2 Left Ventricle] Dice: 96.19
[2024-07-02 23:02:37,115][    INFO] ***** Evaluation ***** >>>> MeanDice: 92.83

[2024-07-02 23:02:37,231][    INFO] ===========> Epoch: 44, LR: 0.00149, Previous best: 93.04
[2024-07-02 23:02:37,661][    INFO] Iters: 0, Total loss: 0.019
[2024-07-02 23:02:41,389][    INFO] Iters: 15, Total loss: 0.020
[2024-07-02 23:02:45,050][    INFO] Iters: 30, Total loss: 0.020
[2024-07-02 23:02:48,803][    INFO] Iters: 45, Total loss: 0.020
[2024-07-02 23:02:52,378][    INFO] Iters: 60, Total loss: 0.020
[2024-07-02 23:02:56,031][    INFO] Iters: 75, Total loss: 0.020
[2024-07-02 23:02:59,716][    INFO] Iters: 90, Total loss: 0.020
[2024-07-02 23:03:03,437][    INFO] Iters: 105, Total loss: 0.020
[2024-07-02 23:03:12,009][    INFO] ***** Evaluation ***** >>>> Class [0 Right Ventricle] Dice: 91.85
[2024-07-02 23:03:12,009][    INFO] ***** Evaluation ***** >>>> Class [1 Myocardium] Dice: 90.74
[2024-07-02 23:03:12,009][    INFO] ***** Evaluation ***** >>>> Class [2 Left Ventricle] Dice: 96.32
[2024-07-02 23:03:12,009][    INFO] ***** Evaluation ***** >>>> MeanDice: 92.97

[2024-07-02 23:03:12,124][    INFO] ===========> Epoch: 45, LR: 0.00126, Previous best: 93.04
[2024-07-02 23:03:12,527][    INFO] Iters: 0, Total loss: 0.018
[2024-07-02 23:03:16,514][    INFO] Iters: 15, Total loss: 0.020
[2024-07-02 23:03:20,442][    INFO] Iters: 30, Total loss: 0.021
[2024-07-02 23:03:24,124][    INFO] Iters: 45, Total loss: 0.021
[2024-07-02 23:03:27,713][    INFO] Iters: 60, Total loss: 0.021
[2024-07-02 23:03:31,335][    INFO] Iters: 75, Total loss: 0.021
[2024-07-02 23:03:34,950][    INFO] Iters: 90, Total loss: 0.021
[2024-07-02 23:03:38,453][    INFO] Iters: 105, Total loss: 0.020
[2024-07-02 23:03:46,843][    INFO] ***** Evaluation ***** >>>> Class [0 Right Ventricle] Dice: 91.24
[2024-07-02 23:03:46,843][    INFO] ***** Evaluation ***** >>>> Class [1 Myocardium] Dice: 90.49
[2024-07-02 23:03:46,843][    INFO] ***** Evaluation ***** >>>> Class [2 Left Ventricle] Dice: 96.23
[2024-07-02 23:03:46,843][    INFO] ***** Evaluation ***** >>>> MeanDice: 92.65

[2024-07-02 23:03:46,950][    INFO] ===========> Epoch: 46, LR: 0.00103, Previous best: 93.04
[2024-07-02 23:03:47,369][    INFO] Iters: 0, Total loss: 0.025
[2024-07-02 23:03:51,313][    INFO] Iters: 15, Total loss: 0.020
[2024-07-02 23:03:55,188][    INFO] Iters: 30, Total loss: 0.020
[2024-07-02 23:03:59,007][    INFO] Iters: 45, Total loss: 0.020
[2024-07-02 23:04:02,660][    INFO] Iters: 60, Total loss: 0.020
[2024-07-02 23:04:06,251][    INFO] Iters: 75, Total loss: 0.020
[2024-07-02 23:04:09,996][    INFO] Iters: 90, Total loss: 0.020
[2024-07-02 23:04:13,703][    INFO] Iters: 105, Total loss: 0.020
[2024-07-02 23:04:21,980][    INFO] ***** Evaluation ***** >>>> Class [0 Right Ventricle] Dice: 92.08
[2024-07-02 23:04:21,980][    INFO] ***** Evaluation ***** >>>> Class [1 Myocardium] Dice: 90.36
[2024-07-02 23:04:21,980][    INFO] ***** Evaluation ***** >>>> Class [2 Left Ventricle] Dice: 96.21
[2024-07-02 23:04:21,980][    INFO] ***** Evaluation ***** >>>> MeanDice: 92.88

[2024-07-02 23:04:22,081][    INFO] ===========> Epoch: 47, LR: 0.00080, Previous best: 93.04
[2024-07-02 23:04:22,501][    INFO] Iters: 0, Total loss: 0.017
[2024-07-02 23:04:26,219][    INFO] Iters: 15, Total loss: 0.020
[2024-07-02 23:04:29,909][    INFO] Iters: 30, Total loss: 0.020
[2024-07-02 23:04:33,494][    INFO] Iters: 45, Total loss: 0.020
[2024-07-02 23:04:37,205][    INFO] Iters: 60, Total loss: 0.020
[2024-07-02 23:04:40,807][    INFO] Iters: 75, Total loss: 0.020
[2024-07-02 23:04:44,368][    INFO] Iters: 90, Total loss: 0.020
[2024-07-02 23:04:47,934][    INFO] Iters: 105, Total loss: 0.020
[2024-07-02 23:04:56,330][    INFO] ***** Evaluation ***** >>>> Class [0 Right Ventricle] Dice: 90.95
[2024-07-02 23:04:56,331][    INFO] ***** Evaluation ***** >>>> Class [1 Myocardium] Dice: 90.38
[2024-07-02 23:04:56,331][    INFO] ***** Evaluation ***** >>>> Class [2 Left Ventricle] Dice: 96.16
[2024-07-02 23:04:56,331][    INFO] ***** Evaluation ***** >>>> MeanDice: 92.50

[2024-07-02 23:04:56,430][    INFO] ===========> Epoch: 48, LR: 0.00055, Previous best: 93.04
[2024-07-02 23:04:56,830][    INFO] Iters: 0, Total loss: 0.018
[2024-07-02 23:05:00,692][    INFO] Iters: 15, Total loss: 0.021
[2024-07-02 23:05:04,605][    INFO] Iters: 30, Total loss: 0.020
[2024-07-02 23:05:08,274][    INFO] Iters: 45, Total loss: 0.020
[2024-07-02 23:05:11,840][    INFO] Iters: 60, Total loss: 0.020
[2024-07-02 23:05:15,352][    INFO] Iters: 75, Total loss: 0.020
[2024-07-02 23:05:18,941][    INFO] Iters: 90, Total loss: 0.020
[2024-07-02 23:05:22,547][    INFO] Iters: 105, Total loss: 0.020
[2024-07-02 23:05:30,643][    INFO] ***** Evaluation ***** >>>> Class [0 Right Ventricle] Dice: 91.88
[2024-07-02 23:05:30,643][    INFO] ***** Evaluation ***** >>>> Class [1 Myocardium] Dice: 90.81
[2024-07-02 23:05:30,643][    INFO] ***** Evaluation ***** >>>> Class [2 Left Ventricle] Dice: 96.20
[2024-07-02 23:05:30,644][    INFO] ***** Evaluation ***** >>>> MeanDice: 92.96

[2024-07-02 23:05:30,778][    INFO] ===========> Epoch: 49, LR: 0.00030, Previous best: 93.04
[2024-07-02 23:05:31,203][    INFO] Iters: 0, Total loss: 0.019
[2024-07-02 23:05:34,944][    INFO] Iters: 15, Total loss: 0.020
[2024-07-02 23:05:38,766][    INFO] Iters: 30, Total loss: 0.020
[2024-07-02 23:05:42,461][    INFO] Iters: 45, Total loss: 0.020
[2024-07-02 23:05:46,042][    INFO] Iters: 60, Total loss: 0.020
[2024-07-02 23:05:49,619][    INFO] Iters: 75, Total loss: 0.020
[2024-07-02 23:05:53,184][    INFO] Iters: 90, Total loss: 0.020
[2024-07-02 23:05:56,715][    INFO] Iters: 105, Total loss: 0.020
[2024-07-02 23:06:05,096][    INFO] ***** Evaluation ***** >>>> Class [0 Right Ventricle] Dice: 92.12
[2024-07-02 23:06:05,096][    INFO] ***** Evaluation ***** >>>> Class [1 Myocardium] Dice: 90.75
[2024-07-02 23:06:05,097][    INFO] ***** Evaluation ***** >>>> Class [2 Left Ventricle] Dice: 96.40
[2024-07-02 23:06:05,097][    INFO] ***** Evaluation ***** >>>> MeanDice: 93.09

