/var/lib/slurm-llnl/slurmd/job04748/slurm_script: line 12: module: command not found
[2024-07-07 22:02:16,625][    INFO] {'batch_size': 12,
 'conf_thresh': 0.95,
 'crop_size': 256,
 'data_root': '/vol/aimspace/projects/ukbb/data/cardiac/cardiac_segmentations/subjects',
 'dataset': 'ukbb',
 'epochs': 50,
 'exp': '4',
 'local_rank': 0,
 'lr': 0.01,
 'mode': 'train',
 'nclass': 4,
 'nclass_classif': 3,
 'ngpus': 1,
 'num_workers': 1,
 'port': 8047,
 'seed': '47',
 'seg_model': 'unet',
 'split': 18,
 'task': 'multi_modal',
 'visualize': False}

[2024-07-07 22:02:18,440][    INFO] Total params: 2.0M

[2024-07-07 22:02:18,949][    INFO] ===========> Epoch: 0, LR: 0.01000, Previous best: 0.00
[2024-07-07 22:02:21,377][    INFO] Iters: 0, Total loss: 1.364
[2024-07-07 22:02:25,148][    INFO] Iters: 15, Total loss: 0.807
[2024-07-07 22:02:29,266][    INFO] Iters: 30, Total loss: 0.621
[2024-07-07 22:02:33,416][    INFO] Iters: 45, Total loss: 0.547
[2024-07-07 22:02:38,491][    INFO] Iters: 60, Total loss: 0.501
[2024-07-07 22:02:42,466][    INFO] Iters: 75, Total loss: 0.466
[2024-07-07 22:02:47,113][    INFO] Iters: 90, Total loss: 0.441
[2024-07-07 22:02:51,078][    INFO] Iters: 105, Total loss: 0.415
[2024-07-07 22:02:55,282][    INFO] Iters: 120, Total loss: 0.391
[2024-07-07 22:03:00,756][    INFO] ***** Evaluation ***** >>>> Class [0 Right Ventricle] Dice: 1.28
[2024-07-07 22:03:00,756][    INFO] ***** Evaluation ***** >>>> Class [1 Myocardium] Dice: 3.00
[2024-07-07 22:03:00,756][    INFO] ***** Evaluation ***** >>>> Class [2 Left Ventricle] Dice: 11.34
[2024-07-07 22:03:00,756][    INFO] ***** Evaluation ***** >>>> MeanDice: 5.21

[2024-07-07 22:03:01,147][    INFO] ===========> Epoch: 1, LR: 0.00982, Previous best: 5.21
[2024-07-07 22:03:01,621][    INFO] Iters: 0, Total loss: 0.233
[2024-07-07 22:03:05,970][    INFO] Iters: 15, Total loss: 0.208
[2024-07-07 22:03:10,291][    INFO] Iters: 30, Total loss: 0.198
[2024-07-07 22:03:14,474][    INFO] Iters: 45, Total loss: 0.180
[2024-07-07 22:03:18,493][    INFO] Iters: 60, Total loss: 0.160
[2024-07-07 22:03:22,673][    INFO] Iters: 75, Total loss: 0.147
[2024-07-07 22:03:26,855][    INFO] Iters: 90, Total loss: 0.136
[2024-07-07 22:03:31,525][    INFO] Iters: 105, Total loss: 0.127
[2024-07-07 22:03:35,968][    INFO] Iters: 120, Total loss: 0.119
[2024-07-07 22:03:41,635][    INFO] ***** Evaluation ***** >>>> Class [0 Right Ventricle] Dice: 24.17
[2024-07-07 22:03:41,635][    INFO] ***** Evaluation ***** >>>> Class [1 Myocardium] Dice: 58.08
[2024-07-07 22:03:41,635][    INFO] ***** Evaluation ***** >>>> Class [2 Left Ventricle] Dice: 61.75
[2024-07-07 22:03:41,635][    INFO] ***** Evaluation ***** >>>> MeanDice: 48.00

[2024-07-07 22:03:42,135][    INFO] ===========> Epoch: 2, LR: 0.00964, Previous best: 48.00
[2024-07-07 22:03:42,578][    INFO] Iters: 0, Total loss: 0.070
[2024-07-07 22:03:46,725][    INFO] Iters: 15, Total loss: 0.065
[2024-07-07 22:03:51,281][    INFO] Iters: 30, Total loss: 0.064
[2024-07-07 22:03:55,497][    INFO] Iters: 45, Total loss: 0.061
[2024-07-07 22:03:59,485][    INFO] Iters: 60, Total loss: 0.060
[2024-07-07 22:04:03,443][    INFO] Iters: 75, Total loss: 0.059
[2024-07-07 22:04:07,486][    INFO] Iters: 90, Total loss: 0.059
[2024-07-07 22:04:11,509][    INFO] Iters: 105, Total loss: 0.058
[2024-07-07 22:04:15,606][    INFO] Iters: 120, Total loss: 0.057
[2024-07-07 22:04:21,013][    INFO] ***** Evaluation ***** >>>> Class [0 Right Ventricle] Dice: 53.89
[2024-07-07 22:04:21,013][    INFO] ***** Evaluation ***** >>>> Class [1 Myocardium] Dice: 73.09
[2024-07-07 22:04:21,013][    INFO] ***** Evaluation ***** >>>> Class [2 Left Ventricle] Dice: 83.95
[2024-07-07 22:04:21,013][    INFO] ***** Evaluation ***** >>>> MeanDice: 70.31

[2024-07-07 22:04:22,718][    INFO] ===========> Epoch: 3, LR: 0.00946, Previous best: 70.31
[2024-07-07 22:04:23,755][    INFO] Iters: 0, Total loss: 0.054
[2024-07-07 22:04:28,918][    INFO] Iters: 15, Total loss: 0.051
[2024-07-07 22:04:38,894][    INFO] Iters: 30, Total loss: 0.049
[2024-07-07 22:04:44,825][    INFO] Iters: 45, Total loss: 0.049
[2024-07-07 22:04:49,824][    INFO] Iters: 60, Total loss: 0.049
[2024-07-07 22:04:55,583][    INFO] Iters: 75, Total loss: 0.049
[2024-07-07 22:05:03,939][    INFO] Iters: 90, Total loss: 0.050
[2024-07-07 22:05:10,128][    INFO] Iters: 105, Total loss: 0.049
[2024-07-07 22:05:17,853][    INFO] Iters: 120, Total loss: 0.049
[2024-07-07 22:05:31,275][    INFO] ***** Evaluation ***** >>>> Class [0 Right Ventricle] Dice: 74.32
[2024-07-07 22:05:31,275][    INFO] ***** Evaluation ***** >>>> Class [1 Myocardium] Dice: 81.02
[2024-07-07 22:05:31,275][    INFO] ***** Evaluation ***** >>>> Class [2 Left Ventricle] Dice: 89.51
[2024-07-07 22:05:31,275][    INFO] ***** Evaluation ***** >>>> MeanDice: 81.61

[2024-07-07 22:05:31,714][    INFO] ===========> Epoch: 4, LR: 0.00928, Previous best: 81.61
[2024-07-07 22:05:32,217][    INFO] Iters: 0, Total loss: 0.041
[2024-07-07 22:05:41,324][    INFO] Iters: 15, Total loss: 0.045
[2024-07-07 22:05:46,280][    INFO] Iters: 30, Total loss: 0.044
[2024-07-07 22:05:52,888][    INFO] Iters: 45, Total loss: 0.045
[2024-07-07 22:05:57,890][    INFO] Iters: 60, Total loss: 0.045
[2024-07-07 22:06:03,587][    INFO] Iters: 75, Total loss: 0.044
[2024-07-07 22:06:09,523][    INFO] Iters: 90, Total loss: 0.044
[2024-07-07 22:06:14,985][    INFO] Iters: 105, Total loss: 0.043
[2024-07-07 22:06:19,384][    INFO] Iters: 120, Total loss: 0.043
[2024-07-07 22:06:29,627][    INFO] ***** Evaluation ***** >>>> Class [0 Right Ventricle] Dice: 73.86
[2024-07-07 22:06:29,628][    INFO] ***** Evaluation ***** >>>> Class [1 Myocardium] Dice: 81.07
[2024-07-07 22:06:29,628][    INFO] ***** Evaluation ***** >>>> Class [2 Left Ventricle] Dice: 89.33
[2024-07-07 22:06:29,628][    INFO] ***** Evaluation ***** >>>> MeanDice: 81.42

[2024-07-07 22:06:30,072][    INFO] ===========> Epoch: 5, LR: 0.00910, Previous best: 81.61
[2024-07-07 22:06:30,626][    INFO] Iters: 0, Total loss: 0.043
[2024-07-07 22:06:38,210][    INFO] Iters: 15, Total loss: 0.039
[2024-07-07 22:06:43,101][    INFO] Iters: 30, Total loss: 0.040
[2024-07-07 22:06:47,696][    INFO] Iters: 45, Total loss: 0.039
[2024-07-07 22:06:53,021][    INFO] Iters: 60, Total loss: 0.039
[2024-07-07 22:06:58,833][    INFO] Iters: 75, Total loss: 0.038
[2024-07-07 22:07:03,200][    INFO] Iters: 90, Total loss: 0.039
[2024-07-07 22:07:08,543][    INFO] Iters: 105, Total loss: 0.039
[2024-07-07 22:07:12,906][    INFO] Iters: 120, Total loss: 0.039
[2024-07-07 22:07:18,663][    INFO] ***** Evaluation ***** >>>> Class [0 Right Ventricle] Dice: 81.20
[2024-07-07 22:07:18,663][    INFO] ***** Evaluation ***** >>>> Class [1 Myocardium] Dice: 82.90
[2024-07-07 22:07:18,663][    INFO] ***** Evaluation ***** >>>> Class [2 Left Ventricle] Dice: 92.78
[2024-07-07 22:07:18,663][    INFO] ***** Evaluation ***** >>>> MeanDice: 85.63

[2024-07-07 22:07:19,075][    INFO] ===========> Epoch: 6, LR: 0.00891, Previous best: 85.63
[2024-07-07 22:07:19,517][    INFO] Iters: 0, Total loss: 0.036
[2024-07-07 22:07:27,691][    INFO] Iters: 15, Total loss: 0.037
[2024-07-07 22:07:32,591][    INFO] Iters: 30, Total loss: 0.038
[2024-07-07 22:07:40,517][    INFO] Iters: 45, Total loss: 0.038
[2024-07-07 22:07:44,551][    INFO] Iters: 60, Total loss: 0.037
[2024-07-07 22:07:54,536][    INFO] Iters: 75, Total loss: 0.037
[2024-07-07 22:07:58,577][    INFO] Iters: 90, Total loss: 0.036
[2024-07-07 22:08:03,956][    INFO] Iters: 105, Total loss: 0.036
[2024-07-07 22:08:08,051][    INFO] Iters: 120, Total loss: 0.036
[2024-07-07 22:08:13,371][    INFO] ***** Evaluation ***** >>>> Class [0 Right Ventricle] Dice: 78.51
[2024-07-07 22:08:13,371][    INFO] ***** Evaluation ***** >>>> Class [1 Myocardium] Dice: 85.79
[2024-07-07 22:08:13,371][    INFO] ***** Evaluation ***** >>>> Class [2 Left Ventricle] Dice: 93.05
[2024-07-07 22:08:13,372][    INFO] ***** Evaluation ***** >>>> MeanDice: 85.79

[2024-07-07 22:08:13,787][    INFO] ===========> Epoch: 7, LR: 0.00873, Previous best: 85.79
[2024-07-07 22:08:14,255][    INFO] Iters: 0, Total loss: 0.033
[2024-07-07 22:08:20,233][    INFO] Iters: 15, Total loss: 0.036
[2024-07-07 22:08:27,427][    INFO] Iters: 30, Total loss: 0.035
[2024-07-07 22:08:31,704][    INFO] Iters: 45, Total loss: 0.034
[2024-07-07 22:08:38,012][    INFO] Iters: 60, Total loss: 0.034
[2024-07-07 22:08:42,761][    INFO] Iters: 75, Total loss: 0.034
[2024-07-07 22:08:46,972][    INFO] Iters: 90, Total loss: 0.034
[2024-07-07 22:08:52,673][    INFO] Iters: 105, Total loss: 0.034
[2024-07-07 22:08:58,671][    INFO] Iters: 120, Total loss: 0.034
[2024-07-07 22:09:06,890][    INFO] ***** Evaluation ***** >>>> Class [0 Right Ventricle] Dice: 80.70
[2024-07-07 22:09:06,890][    INFO] ***** Evaluation ***** >>>> Class [1 Myocardium] Dice: 86.08
[2024-07-07 22:09:06,890][    INFO] ***** Evaluation ***** >>>> Class [2 Left Ventricle] Dice: 92.75
[2024-07-07 22:09:06,890][    INFO] ***** Evaluation ***** >>>> MeanDice: 86.51

[2024-07-07 22:09:07,880][    INFO] ===========> Epoch: 8, LR: 0.00855, Previous best: 86.51
[2024-07-07 22:09:08,322][    INFO] Iters: 0, Total loss: 0.032
[2024-07-07 22:09:14,575][    INFO] Iters: 15, Total loss: 0.032
[2024-07-07 22:09:25,522][    INFO] Iters: 30, Total loss: 0.033
[2024-07-07 22:09:30,151][    INFO] Iters: 45, Total loss: 0.033
[2024-07-07 22:09:35,253][    INFO] Iters: 60, Total loss: 0.033
[2024-07-07 22:09:39,525][    INFO] Iters: 75, Total loss: 0.033
[2024-07-07 22:09:43,780][    INFO] Iters: 90, Total loss: 0.032
[2024-07-07 22:09:49,154][    INFO] Iters: 105, Total loss: 0.032
[2024-07-07 22:09:53,406][    INFO] Iters: 120, Total loss: 0.032
[2024-07-07 22:09:58,273][    INFO] ***** Evaluation ***** >>>> Class [0 Right Ventricle] Dice: 85.08
[2024-07-07 22:09:58,273][    INFO] ***** Evaluation ***** >>>> Class [1 Myocardium] Dice: 83.88
[2024-07-07 22:09:58,273][    INFO] ***** Evaluation ***** >>>> Class [2 Left Ventricle] Dice: 92.41
[2024-07-07 22:09:58,274][    INFO] ***** Evaluation ***** >>>> MeanDice: 87.12

[2024-07-07 22:09:58,709][    INFO] ===========> Epoch: 9, LR: 0.00837, Previous best: 87.12
[2024-07-07 22:09:59,178][    INFO] Iters: 0, Total loss: 0.028
[2024-07-07 22:10:03,447][    INFO] Iters: 15, Total loss: 0.032
[2024-07-07 22:10:07,604][    INFO] Iters: 30, Total loss: 0.033
[2024-07-07 22:10:11,623][    INFO] Iters: 45, Total loss: 0.032
[2024-07-07 22:10:15,481][    INFO] Iters: 60, Total loss: 0.032
[2024-07-07 22:10:20,013][    INFO] Iters: 75, Total loss: 0.032
[2024-07-07 22:10:24,241][    INFO] Iters: 90, Total loss: 0.032
[2024-07-07 22:10:28,196][    INFO] Iters: 105, Total loss: 0.032
[2024-07-07 22:10:32,863][    INFO] Iters: 120, Total loss: 0.032
[2024-07-07 22:10:37,920][    INFO] ***** Evaluation ***** >>>> Class [0 Right Ventricle] Dice: 84.07
[2024-07-07 22:10:37,920][    INFO] ***** Evaluation ***** >>>> Class [1 Myocardium] Dice: 87.41
[2024-07-07 22:10:37,920][    INFO] ***** Evaluation ***** >>>> Class [2 Left Ventricle] Dice: 94.37
[2024-07-07 22:10:37,920][    INFO] ***** Evaluation ***** >>>> MeanDice: 88.62

[2024-07-07 22:10:38,359][    INFO] ===========> Epoch: 10, LR: 0.00818, Previous best: 88.62
[2024-07-07 22:10:38,844][    INFO] Iters: 0, Total loss: 0.026
[2024-07-07 22:10:43,355][    INFO] Iters: 15, Total loss: 0.029
[2024-07-07 22:10:47,795][    INFO] Iters: 30, Total loss: 0.030
[2024-07-07 22:10:51,969][    INFO] Iters: 45, Total loss: 0.029
[2024-07-07 22:10:55,965][    INFO] Iters: 60, Total loss: 0.029
[2024-07-07 22:10:59,977][    INFO] Iters: 75, Total loss: 0.030
[2024-07-07 22:11:04,005][    INFO] Iters: 90, Total loss: 0.030
[2024-07-07 22:11:08,165][    INFO] Iters: 105, Total loss: 0.030
[2024-07-07 22:11:12,074][    INFO] Iters: 120, Total loss: 0.030
[2024-07-07 22:11:17,575][    INFO] ***** Evaluation ***** >>>> Class [0 Right Ventricle] Dice: 84.65
[2024-07-07 22:11:17,575][    INFO] ***** Evaluation ***** >>>> Class [1 Myocardium] Dice: 87.73
[2024-07-07 22:11:17,575][    INFO] ***** Evaluation ***** >>>> Class [2 Left Ventricle] Dice: 93.95
[2024-07-07 22:11:17,575][    INFO] ***** Evaluation ***** >>>> MeanDice: 88.78

[2024-07-07 22:11:17,993][    INFO] ===========> Epoch: 11, LR: 0.00800, Previous best: 88.78
[2024-07-07 22:11:18,446][    INFO] Iters: 0, Total loss: 0.023
[2024-07-07 22:11:22,761][    INFO] Iters: 15, Total loss: 0.030
[2024-07-07 22:11:27,770][    INFO] Iters: 30, Total loss: 0.029
[2024-07-07 22:11:32,103][    INFO] Iters: 45, Total loss: 0.029
[2024-07-07 22:11:36,626][    INFO] Iters: 60, Total loss: 0.030
[2024-07-07 22:11:40,738][    INFO] Iters: 75, Total loss: 0.030
[2024-07-07 22:11:44,747][    INFO] Iters: 90, Total loss: 0.031
[2024-07-07 22:11:48,928][    INFO] Iters: 105, Total loss: 0.030
[2024-07-07 22:11:52,992][    INFO] Iters: 120, Total loss: 0.030
[2024-07-07 22:11:57,820][    INFO] ***** Evaluation ***** >>>> Class [0 Right Ventricle] Dice: 82.97
[2024-07-07 22:11:57,820][    INFO] ***** Evaluation ***** >>>> Class [1 Myocardium] Dice: 82.56
[2024-07-07 22:11:57,820][    INFO] ***** Evaluation ***** >>>> Class [2 Left Ventricle] Dice: 92.51
[2024-07-07 22:11:57,820][    INFO] ***** Evaluation ***** >>>> MeanDice: 86.02

[2024-07-07 22:11:58,039][    INFO] ===========> Epoch: 12, LR: 0.00781, Previous best: 88.78
[2024-07-07 22:11:58,477][    INFO] Iters: 0, Total loss: 0.028
[2024-07-07 22:12:02,845][    INFO] Iters: 15, Total loss: 0.030
[2024-07-07 22:12:07,406][    INFO] Iters: 30, Total loss: 0.029
[2024-07-07 22:12:11,883][    INFO] Iters: 45, Total loss: 0.029
[2024-07-07 22:12:16,019][    INFO] Iters: 60, Total loss: 0.029
[2024-07-07 22:12:21,027][    INFO] Iters: 75, Total loss: 0.029
[2024-07-07 22:12:25,278][    INFO] Iters: 90, Total loss: 0.029
[2024-07-07 22:12:33,866][    INFO] Iters: 105, Total loss: 0.028
[2024-07-07 22:12:40,221][    INFO] Iters: 120, Total loss: 0.028
[2024-07-07 22:12:47,594][    INFO] ***** Evaluation ***** >>>> Class [0 Right Ventricle] Dice: 81.34
[2024-07-07 22:12:47,594][    INFO] ***** Evaluation ***** >>>> Class [1 Myocardium] Dice: 83.21
[2024-07-07 22:12:47,594][    INFO] ***** Evaluation ***** >>>> Class [2 Left Ventricle] Dice: 94.63
[2024-07-07 22:12:47,594][    INFO] ***** Evaluation ***** >>>> MeanDice: 86.39

[2024-07-07 22:12:48,044][    INFO] ===========> Epoch: 13, LR: 0.00763, Previous best: 88.78
[2024-07-07 22:12:49,017][    INFO] Iters: 0, Total loss: 0.027
[2024-07-07 22:12:53,921][    INFO] Iters: 15, Total loss: 0.027
[2024-07-07 22:13:00,258][    INFO] Iters: 30, Total loss: 0.028
[2024-07-07 22:13:07,181][    INFO] Iters: 45, Total loss: 0.028
[2024-07-07 22:13:11,462][    INFO] Iters: 60, Total loss: 0.028
[2024-07-07 22:13:21,272][    INFO] Iters: 75, Total loss: 0.029
[2024-07-07 22:13:27,031][    INFO] Iters: 90, Total loss: 0.028
[2024-07-07 22:13:35,704][    INFO] Iters: 105, Total loss: 0.028
[2024-07-07 22:13:41,481][    INFO] Iters: 120, Total loss: 0.028
[2024-07-07 22:13:47,709][    INFO] ***** Evaluation ***** >>>> Class [0 Right Ventricle] Dice: 82.83
[2024-07-07 22:13:47,710][    INFO] ***** Evaluation ***** >>>> Class [1 Myocardium] Dice: 88.91
[2024-07-07 22:13:47,710][    INFO] ***** Evaluation ***** >>>> Class [2 Left Ventricle] Dice: 94.63
[2024-07-07 22:13:47,710][    INFO] ***** Evaluation ***** >>>> MeanDice: 88.79

[2024-07-07 22:13:48,255][    INFO] ===========> Epoch: 14, LR: 0.00744, Previous best: 88.79
[2024-07-07 22:13:48,958][    INFO] Iters: 0, Total loss: 0.031
[2024-07-07 22:13:54,809][    INFO] Iters: 15, Total loss: 0.026
[2024-07-07 22:14:01,149][    INFO] Iters: 30, Total loss: 0.026
[2024-07-07 22:14:11,116][    INFO] Iters: 45, Total loss: 0.026
[2024-07-07 22:14:16,413][    INFO] Iters: 60, Total loss: 0.027
[2024-07-07 22:14:24,044][    INFO] Iters: 75, Total loss: 0.027
[2024-07-07 22:14:29,116][    INFO] Iters: 90, Total loss: 0.027
[2024-07-07 22:14:34,207][    INFO] Iters: 105, Total loss: 0.027
[2024-07-07 22:14:39,604][    INFO] Iters: 120, Total loss: 0.027
[2024-07-07 22:14:45,849][    INFO] ***** Evaluation ***** >>>> Class [0 Right Ventricle] Dice: 84.43
[2024-07-07 22:14:45,849][    INFO] ***** Evaluation ***** >>>> Class [1 Myocardium] Dice: 86.29
[2024-07-07 22:14:45,849][    INFO] ***** Evaluation ***** >>>> Class [2 Left Ventricle] Dice: 93.45
[2024-07-07 22:14:45,849][    INFO] ***** Evaluation ***** >>>> MeanDice: 88.05

[2024-07-07 22:14:46,252][    INFO] ===========> Epoch: 15, LR: 0.00726, Previous best: 88.79
[2024-07-07 22:14:46,882][    INFO] Iters: 0, Total loss: 0.026
[2024-07-07 22:14:52,576][    INFO] Iters: 15, Total loss: 0.028
[2024-07-07 22:14:57,526][    INFO] Iters: 30, Total loss: 0.027
[2024-07-07 22:15:01,861][    INFO] Iters: 45, Total loss: 0.027
[2024-07-07 22:15:08,182][    INFO] Iters: 60, Total loss: 0.027
[2024-07-07 22:15:14,313][    INFO] Iters: 75, Total loss: 0.027
[2024-07-07 22:15:21,195][    INFO] Iters: 90, Total loss: 0.027
[2024-07-07 22:15:26,839][    INFO] Iters: 105, Total loss: 0.027
[2024-07-07 22:15:33,325][    INFO] Iters: 120, Total loss: 0.027
[2024-07-07 22:15:40,746][    INFO] ***** Evaluation ***** >>>> Class [0 Right Ventricle] Dice: 86.25
[2024-07-07 22:15:40,747][    INFO] ***** Evaluation ***** >>>> Class [1 Myocardium] Dice: 87.51
[2024-07-07 22:15:40,747][    INFO] ***** Evaluation ***** >>>> Class [2 Left Ventricle] Dice: 93.90
[2024-07-07 22:15:40,747][    INFO] ***** Evaluation ***** >>>> MeanDice: 89.22

[2024-07-07 22:15:41,112][    INFO] ===========> Epoch: 16, LR: 0.00707, Previous best: 89.22
[2024-07-07 22:15:42,271][    INFO] Iters: 0, Total loss: 0.020
[2024-07-07 22:15:49,174][    INFO] Iters: 15, Total loss: 0.026
[2024-07-07 22:15:55,299][    INFO] Iters: 30, Total loss: 0.027
[2024-07-07 22:16:03,652][    INFO] Iters: 45, Total loss: 0.027
[2024-07-07 22:16:12,356][    INFO] Iters: 60, Total loss: 0.027
[2024-07-07 22:16:17,300][    INFO] Iters: 75, Total loss: 0.027
[2024-07-07 22:16:25,504][    INFO] Iters: 90, Total loss: 0.026
[2024-07-07 22:16:32,769][    INFO] Iters: 105, Total loss: 0.026
[2024-07-07 22:16:39,823][    INFO] Iters: 120, Total loss: 0.026
[2024-07-07 22:16:49,011][    INFO] ***** Evaluation ***** >>>> Class [0 Right Ventricle] Dice: 85.79
[2024-07-07 22:16:49,011][    INFO] ***** Evaluation ***** >>>> Class [1 Myocardium] Dice: 86.37
[2024-07-07 22:16:49,011][    INFO] ***** Evaluation ***** >>>> Class [2 Left Ventricle] Dice: 92.53
[2024-07-07 22:16:49,011][    INFO] ***** Evaluation ***** >>>> MeanDice: 88.23

[2024-07-07 22:16:49,240][    INFO] ===========> Epoch: 17, LR: 0.00688, Previous best: 89.22
[2024-07-07 22:16:49,709][    INFO] Iters: 0, Total loss: 0.024
[2024-07-07 22:16:55,880][    INFO] Iters: 15, Total loss: 0.025
[2024-07-07 22:17:02,870][    INFO] Iters: 30, Total loss: 0.025
[2024-07-07 22:17:13,017][    INFO] Iters: 45, Total loss: 0.025
[2024-07-07 22:17:18,838][    INFO] Iters: 60, Total loss: 0.025
[2024-07-07 22:17:23,651][    INFO] Iters: 75, Total loss: 0.025
[2024-07-07 22:17:27,938][    INFO] Iters: 90, Total loss: 0.026
[2024-07-07 22:17:35,237][    INFO] Iters: 105, Total loss: 0.025
[2024-07-07 22:17:39,477][    INFO] Iters: 120, Total loss: 0.025
[2024-07-07 22:17:45,823][    INFO] ***** Evaluation ***** >>>> Class [0 Right Ventricle] Dice: 85.42
[2024-07-07 22:17:45,824][    INFO] ***** Evaluation ***** >>>> Class [1 Myocardium] Dice: 87.44
[2024-07-07 22:17:45,824][    INFO] ***** Evaluation ***** >>>> Class [2 Left Ventricle] Dice: 93.42
[2024-07-07 22:17:45,824][    INFO] ***** Evaluation ***** >>>> MeanDice: 88.76

[2024-07-07 22:17:46,010][    INFO] ===========> Epoch: 18, LR: 0.00669, Previous best: 89.22
[2024-07-07 22:17:46,508][    INFO] Iters: 0, Total loss: 0.021
[2024-07-07 22:17:50,657][    INFO] Iters: 15, Total loss: 0.025
[2024-07-07 22:17:54,959][    INFO] Iters: 30, Total loss: 0.025
[2024-07-07 22:18:01,066][    INFO] Iters: 45, Total loss: 0.026
[2024-07-07 22:18:09,002][    INFO] Iters: 60, Total loss: 0.026
[2024-07-07 22:18:13,041][    INFO] Iters: 75, Total loss: 0.026
[2024-07-07 22:18:22,610][    INFO] Iters: 90, Total loss: 0.026
[2024-07-07 22:18:26,773][    INFO] Iters: 105, Total loss: 0.026
[2024-07-07 22:18:34,952][    INFO] Iters: 120, Total loss: 0.025
[2024-07-07 22:18:42,038][    INFO] ***** Evaluation ***** >>>> Class [0 Right Ventricle] Dice: 84.64
[2024-07-07 22:18:42,038][    INFO] ***** Evaluation ***** >>>> Class [1 Myocardium] Dice: 86.53
[2024-07-07 22:18:42,038][    INFO] ***** Evaluation ***** >>>> Class [2 Left Ventricle] Dice: 92.66
[2024-07-07 22:18:42,039][    INFO] ***** Evaluation ***** >>>> MeanDice: 87.94

[2024-07-07 22:18:42,326][    INFO] ===========> Epoch: 19, LR: 0.00651, Previous best: 89.22
[2024-07-07 22:18:43,094][    INFO] Iters: 0, Total loss: 0.024
[2024-07-07 22:18:49,792][    INFO] Iters: 15, Total loss: 0.026
[2024-07-07 22:18:55,332][    INFO] Iters: 30, Total loss: 0.024
[2024-07-07 22:19:00,766][    INFO] Iters: 45, Total loss: 0.024
[2024-07-07 22:19:08,413][    INFO] Iters: 60, Total loss: 0.024
[2024-07-07 22:19:13,748][    INFO] Iters: 75, Total loss: 0.024
[2024-07-07 22:19:23,086][    INFO] Iters: 90, Total loss: 0.024
[2024-07-07 22:19:31,490][    INFO] Iters: 105, Total loss: 0.024
[2024-07-07 22:19:38,596][    INFO] Iters: 120, Total loss: 0.025
[2024-07-07 22:19:45,280][    INFO] ***** Evaluation ***** >>>> Class [0 Right Ventricle] Dice: 84.10
[2024-07-07 22:19:45,281][    INFO] ***** Evaluation ***** >>>> Class [1 Myocardium] Dice: 85.25
[2024-07-07 22:19:45,281][    INFO] ***** Evaluation ***** >>>> Class [2 Left Ventricle] Dice: 92.65
[2024-07-07 22:19:45,281][    INFO] ***** Evaluation ***** >>>> MeanDice: 87.33

[2024-07-07 22:19:45,500][    INFO] ===========> Epoch: 20, LR: 0.00632, Previous best: 89.22
[2024-07-07 22:19:45,951][    INFO] Iters: 0, Total loss: 0.028
[2024-07-07 22:19:53,594][    INFO] Iters: 15, Total loss: 0.024
[2024-07-07 22:19:59,065][    INFO] Iters: 30, Total loss: 0.024
[2024-07-07 22:20:06,621][    INFO] Iters: 45, Total loss: 0.025
[2024-07-07 22:20:12,951][    INFO] Iters: 60, Total loss: 0.025
[2024-07-07 22:20:21,780][    INFO] Iters: 75, Total loss: 0.024
[2024-07-07 22:20:35,775][    INFO] Iters: 90, Total loss: 0.024
[2024-07-07 22:20:41,625][    INFO] Iters: 105, Total loss: 0.024
[2024-07-07 22:20:47,181][    INFO] Iters: 120, Total loss: 0.024
[2024-07-07 22:20:53,649][    INFO] ***** Evaluation ***** >>>> Class [0 Right Ventricle] Dice: 86.28
[2024-07-07 22:20:53,650][    INFO] ***** Evaluation ***** >>>> Class [1 Myocardium] Dice: 87.28
[2024-07-07 22:20:53,650][    INFO] ***** Evaluation ***** >>>> Class [2 Left Ventricle] Dice: 93.21
[2024-07-07 22:20:53,650][    INFO] ***** Evaluation ***** >>>> MeanDice: 88.92

[2024-07-07 22:20:53,870][    INFO] ===========> Epoch: 21, LR: 0.00613, Previous best: 89.22
[2024-07-07 22:20:55,269][    INFO] Iters: 0, Total loss: 0.022
[2024-07-07 22:21:01,112][    INFO] Iters: 15, Total loss: 0.025
[2024-07-07 22:21:05,744][    INFO] Iters: 30, Total loss: 0.025
[2024-07-07 22:21:12,117][    INFO] Iters: 45, Total loss: 0.025
[2024-07-07 22:21:22,546][    INFO] Iters: 60, Total loss: 0.025
[2024-07-07 22:21:27,089][    INFO] Iters: 75, Total loss: 0.025
[2024-07-07 22:21:33,695][    INFO] Iters: 90, Total loss: 0.025
[2024-07-07 22:21:38,550][    INFO] Iters: 105, Total loss: 0.025
[2024-07-07 22:21:45,721][    INFO] Iters: 120, Total loss: 0.024
[2024-07-07 22:21:54,607][    INFO] ***** Evaluation ***** >>>> Class [0 Right Ventricle] Dice: 85.96
[2024-07-07 22:21:54,607][    INFO] ***** Evaluation ***** >>>> Class [1 Myocardium] Dice: 86.32
[2024-07-07 22:21:54,607][    INFO] ***** Evaluation ***** >>>> Class [2 Left Ventricle] Dice: 93.13
[2024-07-07 22:21:54,607][    INFO] ***** Evaluation ***** >>>> MeanDice: 88.47

[2024-07-07 22:21:54,827][    INFO] ===========> Epoch: 22, LR: 0.00594, Previous best: 89.22
[2024-07-07 22:21:55,266][    INFO] Iters: 0, Total loss: 0.023
[2024-07-07 22:22:03,225][    INFO] Iters: 15, Total loss: 0.024
[2024-07-07 22:22:11,236][    INFO] Iters: 30, Total loss: 0.024
[2024-07-07 22:22:15,517][    INFO] Iters: 45, Total loss: 0.023
[2024-07-07 22:22:21,050][    INFO] Iters: 60, Total loss: 0.024
[2024-07-07 22:22:26,119][    INFO] Iters: 75, Total loss: 0.024
[2024-07-07 22:22:33,781][    INFO] Iters: 90, Total loss: 0.024
[2024-07-07 22:22:38,614][    INFO] Iters: 105, Total loss: 0.024
[2024-07-07 22:22:42,884][    INFO] Iters: 120, Total loss: 0.024
[2024-07-07 22:22:48,602][    INFO] ***** Evaluation ***** >>>> Class [0 Right Ventricle] Dice: 86.97
[2024-07-07 22:22:48,602][    INFO] ***** Evaluation ***** >>>> Class [1 Myocardium] Dice: 86.65
[2024-07-07 22:22:48,602][    INFO] ***** Evaluation ***** >>>> Class [2 Left Ventricle] Dice: 93.63
[2024-07-07 22:22:48,602][    INFO] ***** Evaluation ***** >>>> MeanDice: 89.08

[2024-07-07 22:22:48,795][    INFO] ===========> Epoch: 23, LR: 0.00574, Previous best: 89.22
[2024-07-07 22:22:49,246][    INFO] Iters: 0, Total loss: 0.018
[2024-07-07 22:22:55,504][    INFO] Iters: 15, Total loss: 0.024
[2024-07-07 22:23:00,626][    INFO] Iters: 30, Total loss: 0.024
[2024-07-07 22:23:07,885][    INFO] Iters: 45, Total loss: 0.024
[2024-07-07 22:23:13,111][    INFO] Iters: 60, Total loss: 0.024
[2024-07-07 22:23:17,366][    INFO] Iters: 75, Total loss: 0.024
[2024-07-07 22:23:21,245][    INFO] Iters: 90, Total loss: 0.024
[2024-07-07 22:23:27,295][    INFO] Iters: 105, Total loss: 0.024
[2024-07-07 22:23:34,342][    INFO] Iters: 120, Total loss: 0.024
[2024-07-07 22:23:40,941][    INFO] ***** Evaluation ***** >>>> Class [0 Right Ventricle] Dice: 86.64
[2024-07-07 22:23:40,941][    INFO] ***** Evaluation ***** >>>> Class [1 Myocardium] Dice: 86.59
[2024-07-07 22:23:40,941][    INFO] ***** Evaluation ***** >>>> Class [2 Left Ventricle] Dice: 93.67
[2024-07-07 22:23:40,941][    INFO] ***** Evaluation ***** >>>> MeanDice: 88.97

[2024-07-07 22:23:41,133][    INFO] ===========> Epoch: 24, LR: 0.00555, Previous best: 89.22
[2024-07-07 22:23:41,674][    INFO] Iters: 0, Total loss: 0.021
[2024-07-07 22:23:48,488][    INFO] Iters: 15, Total loss: 0.025
[2024-07-07 22:23:54,261][    INFO] Iters: 30, Total loss: 0.025
[2024-07-07 22:23:59,975][    INFO] Iters: 45, Total loss: 0.024
[2024-07-07 22:24:08,298][    INFO] Iters: 60, Total loss: 0.024
[2024-07-07 22:24:20,535][    INFO] Iters: 75, Total loss: 0.023
[2024-07-07 22:24:26,472][    INFO] Iters: 90, Total loss: 0.023
[2024-07-07 22:24:33,699][    INFO] Iters: 105, Total loss: 0.023
[2024-07-07 22:24:38,002][    INFO] Iters: 120, Total loss: 0.024
[2024-07-07 22:24:44,032][    INFO] ***** Evaluation ***** >>>> Class [0 Right Ventricle] Dice: 85.53
[2024-07-07 22:24:44,033][    INFO] ***** Evaluation ***** >>>> Class [1 Myocardium] Dice: 86.74
[2024-07-07 22:24:44,033][    INFO] ***** Evaluation ***** >>>> Class [2 Left Ventricle] Dice: 93.38
[2024-07-07 22:24:44,033][    INFO] ***** Evaluation ***** >>>> MeanDice: 88.55

[2024-07-07 22:24:44,257][    INFO] ===========> Epoch: 25, LR: 0.00536, Previous best: 89.22
[2024-07-07 22:24:44,713][    INFO] Iters: 0, Total loss: 0.020
[2024-07-07 22:24:49,025][    INFO] Iters: 15, Total loss: 0.023
[2024-07-07 22:24:53,226][    INFO] Iters: 30, Total loss: 0.024
[2024-07-07 22:24:58,510][    INFO] Iters: 45, Total loss: 0.023
[2024-07-07 22:25:03,945][    INFO] Iters: 60, Total loss: 0.024
[2024-07-07 22:25:10,386][    INFO] Iters: 75, Total loss: 0.023
[2024-07-07 22:25:15,397][    INFO] Iters: 90, Total loss: 0.023
[2024-07-07 22:25:24,058][    INFO] Iters: 105, Total loss: 0.023
[2024-07-07 22:25:30,281][    INFO] Iters: 120, Total loss: 0.023
[2024-07-07 22:25:38,456][    INFO] ***** Evaluation ***** >>>> Class [0 Right Ventricle] Dice: 85.11
[2024-07-07 22:25:38,457][    INFO] ***** Evaluation ***** >>>> Class [1 Myocardium] Dice: 86.85
[2024-07-07 22:25:38,457][    INFO] ***** Evaluation ***** >>>> Class [2 Left Ventricle] Dice: 93.41
[2024-07-07 22:25:38,457][    INFO] ***** Evaluation ***** >>>> MeanDice: 88.45

[2024-07-07 22:25:38,681][    INFO] ===========> Epoch: 26, LR: 0.00517, Previous best: 89.22
[2024-07-07 22:25:39,156][    INFO] Iters: 0, Total loss: 0.023
[2024-07-07 22:25:44,654][    INFO] Iters: 15, Total loss: 0.024
[2024-07-07 22:25:51,404][    INFO] Iters: 30, Total loss: 0.024
[2024-07-07 22:25:55,981][    INFO] Iters: 45, Total loss: 0.024
[2024-07-07 22:26:00,083][    INFO] Iters: 60, Total loss: 0.024
[2024-07-07 22:26:05,695][    INFO] Iters: 75, Total loss: 0.024
[2024-07-07 22:26:11,486][    INFO] Iters: 90, Total loss: 0.023
[2024-07-07 22:26:19,249][    INFO] Iters: 105, Total loss: 0.023
[2024-07-07 22:26:27,232][    INFO] Iters: 120, Total loss: 0.023
[2024-07-07 22:26:38,351][    INFO] ***** Evaluation ***** >>>> Class [0 Right Ventricle] Dice: 87.23
[2024-07-07 22:26:38,352][    INFO] ***** Evaluation ***** >>>> Class [1 Myocardium] Dice: 87.63
[2024-07-07 22:26:38,352][    INFO] ***** Evaluation ***** >>>> Class [2 Left Ventricle] Dice: 93.44
[2024-07-07 22:26:38,352][    INFO] ***** Evaluation ***** >>>> MeanDice: 89.43

[2024-07-07 22:26:38,757][    INFO] ===========> Epoch: 27, LR: 0.00497, Previous best: 89.43
[2024-07-07 22:26:39,250][    INFO] Iters: 0, Total loss: 0.021
[2024-07-07 22:26:47,090][    INFO] Iters: 15, Total loss: 0.022
[2024-07-07 22:26:53,477][    INFO] Iters: 30, Total loss: 0.022
[2024-07-07 22:26:58,463][    INFO] Iters: 45, Total loss: 0.022
[2024-07-07 22:27:02,864][    INFO] Iters: 60, Total loss: 0.022
[2024-07-07 22:27:11,196][    INFO] Iters: 75, Total loss: 0.022
[2024-07-07 22:27:17,913][    INFO] Iters: 90, Total loss: 0.022
[2024-07-07 22:27:28,497][    INFO] Iters: 105, Total loss: 0.022
[2024-07-07 22:27:33,868][    INFO] Iters: 120, Total loss: 0.023
[2024-07-07 22:27:42,099][    INFO] ***** Evaluation ***** >>>> Class [0 Right Ventricle] Dice: 87.01
[2024-07-07 22:27:42,099][    INFO] ***** Evaluation ***** >>>> Class [1 Myocardium] Dice: 87.16
[2024-07-07 22:27:42,099][    INFO] ***** Evaluation ***** >>>> Class [2 Left Ventricle] Dice: 93.66
[2024-07-07 22:27:42,099][    INFO] ***** Evaluation ***** >>>> MeanDice: 89.28

[2024-07-07 22:27:42,319][    INFO] ===========> Epoch: 28, LR: 0.00478, Previous best: 89.43
[2024-07-07 22:27:42,762][    INFO] Iters: 0, Total loss: 0.018
[2024-07-07 22:27:47,807][    INFO] Iters: 15, Total loss: 0.020
[2024-07-07 22:27:52,213][    INFO] Iters: 30, Total loss: 0.022
[2024-07-07 22:28:00,654][    INFO] Iters: 45, Total loss: 0.022
[2024-07-07 22:28:05,009][    INFO] Iters: 60, Total loss: 0.022
[2024-07-07 22:28:12,169][    INFO] Iters: 75, Total loss: 0.022
[2024-07-07 22:28:16,800][    INFO] Iters: 90, Total loss: 0.022
[2024-07-07 22:28:21,172][    INFO] Iters: 105, Total loss: 0.022
[2024-07-07 22:28:28,693][    INFO] Iters: 120, Total loss: 0.022
[2024-07-07 22:28:36,715][    INFO] ***** Evaluation ***** >>>> Class [0 Right Ventricle] Dice: 87.48
[2024-07-07 22:28:36,715][    INFO] ***** Evaluation ***** >>>> Class [1 Myocardium] Dice: 87.43
[2024-07-07 22:28:36,715][    INFO] ***** Evaluation ***** >>>> Class [2 Left Ventricle] Dice: 94.06
[2024-07-07 22:28:36,715][    INFO] ***** Evaluation ***** >>>> MeanDice: 89.66

[2024-07-07 22:28:37,294][    INFO] ===========> Epoch: 29, LR: 0.00458, Previous best: 89.66
[2024-07-07 22:28:39,280][    INFO] Iters: 0, Total loss: 0.020
[2024-07-07 22:28:45,499][    INFO] Iters: 15, Total loss: 0.023
[2024-07-07 22:28:53,379][    INFO] Iters: 30, Total loss: 0.022
[2024-07-07 22:28:59,452][    INFO] Iters: 45, Total loss: 0.023
[2024-07-07 22:29:08,730][    INFO] Iters: 60, Total loss: 0.023
[2024-07-07 22:29:18,093][    INFO] Iters: 75, Total loss: 0.023
[2024-07-07 22:29:24,214][    INFO] Iters: 90, Total loss: 0.023
[2024-07-07 22:29:32,207][    INFO] Iters: 105, Total loss: 0.023
[2024-07-07 22:29:37,817][    INFO] Iters: 120, Total loss: 0.023
[2024-07-07 22:29:46,493][    INFO] ***** Evaluation ***** >>>> Class [0 Right Ventricle] Dice: 87.18
[2024-07-07 22:29:46,493][    INFO] ***** Evaluation ***** >>>> Class [1 Myocardium] Dice: 87.76
[2024-07-07 22:29:46,493][    INFO] ***** Evaluation ***** >>>> Class [2 Left Ventricle] Dice: 93.53
[2024-07-07 22:29:46,493][    INFO] ***** Evaluation ***** >>>> MeanDice: 89.49

[2024-07-07 22:29:46,719][    INFO] ===========> Epoch: 30, LR: 0.00439, Previous best: 89.66
[2024-07-07 22:29:47,125][    INFO] Iters: 0, Total loss: 0.027
[2024-07-07 22:29:54,494][    INFO] Iters: 15, Total loss: 0.023
[2024-07-07 22:30:00,748][    INFO] Iters: 30, Total loss: 0.023
[2024-07-07 22:30:08,083][    INFO] Iters: 45, Total loss: 0.023
[2024-07-07 22:30:16,493][    INFO] Iters: 60, Total loss: 0.022
[2024-07-07 22:30:24,069][    INFO] Iters: 75, Total loss: 0.022
[2024-07-07 22:30:32,307][    INFO] Iters: 90, Total loss: 0.022
[2024-07-07 22:30:37,527][    INFO] Iters: 105, Total loss: 0.022
[2024-07-07 22:30:47,420][    INFO] Iters: 120, Total loss: 0.022
[2024-07-07 22:30:54,594][    INFO] ***** Evaluation ***** >>>> Class [0 Right Ventricle] Dice: 86.96
[2024-07-07 22:30:54,594][    INFO] ***** Evaluation ***** >>>> Class [1 Myocardium] Dice: 87.85
[2024-07-07 22:30:54,595][    INFO] ***** Evaluation ***** >>>> Class [2 Left Ventricle] Dice: 93.77
[2024-07-07 22:30:54,595][    INFO] ***** Evaluation ***** >>>> MeanDice: 89.53

[2024-07-07 22:30:54,813][    INFO] ===========> Epoch: 31, LR: 0.00419, Previous best: 89.66
[2024-07-07 22:30:55,294][    INFO] Iters: 0, Total loss: 0.024
[2024-07-07 22:31:01,207][    INFO] Iters: 15, Total loss: 0.022
[2024-07-07 22:31:09,246][    INFO] Iters: 30, Total loss: 0.022
[2024-07-07 22:31:14,769][    INFO] Iters: 45, Total loss: 0.022
[2024-07-07 22:31:22,058][    INFO] Iters: 60, Total loss: 0.022
[2024-07-07 22:31:28,442][    INFO] Iters: 75, Total loss: 0.022
[2024-07-07 22:31:34,571][    INFO] Iters: 90, Total loss: 0.022
[2024-07-07 22:31:38,945][    INFO] Iters: 105, Total loss: 0.022
[2024-07-07 22:31:45,709][    INFO] Iters: 120, Total loss: 0.022
[2024-07-07 22:31:52,039][    INFO] ***** Evaluation ***** >>>> Class [0 Right Ventricle] Dice: 87.40
[2024-07-07 22:31:52,040][    INFO] ***** Evaluation ***** >>>> Class [1 Myocardium] Dice: 88.42
[2024-07-07 22:31:52,040][    INFO] ***** Evaluation ***** >>>> Class [2 Left Ventricle] Dice: 93.58
[2024-07-07 22:31:52,040][    INFO] ***** Evaluation ***** >>>> MeanDice: 89.80

[2024-07-07 22:31:52,493][    INFO] ===========> Epoch: 32, LR: 0.00399, Previous best: 89.80
[2024-07-07 22:31:53,654][    INFO] Iters: 0, Total loss: 0.027
[2024-07-07 22:31:58,670][    INFO] Iters: 15, Total loss: 0.023
[2024-07-07 22:32:02,676][    INFO] Iters: 30, Total loss: 0.023
[2024-07-07 22:32:11,558][    INFO] Iters: 45, Total loss: 0.023
[2024-07-07 22:32:16,792][    INFO] Iters: 60, Total loss: 0.023
[2024-07-07 22:32:26,986][    INFO] Iters: 75, Total loss: 0.023
[2024-07-07 22:32:37,236][    INFO] Iters: 90, Total loss: 0.023
[2024-07-07 22:32:43,668][    INFO] Iters: 105, Total loss: 0.022
[2024-07-07 22:32:50,299][    INFO] Iters: 120, Total loss: 0.022
[2024-07-07 22:32:58,956][    INFO] ***** Evaluation ***** >>>> Class [0 Right Ventricle] Dice: 86.77
[2024-07-07 22:32:58,956][    INFO] ***** Evaluation ***** >>>> Class [1 Myocardium] Dice: 87.70
[2024-07-07 22:32:58,957][    INFO] ***** Evaluation ***** >>>> Class [2 Left Ventricle] Dice: 93.57
[2024-07-07 22:32:58,957][    INFO] ***** Evaluation ***** >>>> MeanDice: 89.35

[2024-07-07 22:32:59,177][    INFO] ===========> Epoch: 33, LR: 0.00379, Previous best: 89.80
[2024-07-07 22:32:59,655][    INFO] Iters: 0, Total loss: 0.023
[2024-07-07 22:33:06,117][    INFO] Iters: 15, Total loss: 0.022
[2024-07-07 22:33:15,274][    INFO] Iters: 30, Total loss: 0.021
[2024-07-07 22:33:19,800][    INFO] Iters: 45, Total loss: 0.022
[2024-07-07 22:33:28,945][    INFO] Iters: 60, Total loss: 0.022
[2024-07-07 22:33:33,468][    INFO] Iters: 75, Total loss: 0.022
[2024-07-07 22:33:38,214][    INFO] Iters: 90, Total loss: 0.022
[2024-07-07 22:33:42,839][    INFO] Iters: 105, Total loss: 0.022
[2024-07-07 22:33:47,723][    INFO] Iters: 120, Total loss: 0.022
[2024-07-07 22:33:55,722][    INFO] ***** Evaluation ***** >>>> Class [0 Right Ventricle] Dice: 88.08
[2024-07-07 22:33:55,722][    INFO] ***** Evaluation ***** >>>> Class [1 Myocardium] Dice: 88.15
[2024-07-07 22:33:55,722][    INFO] ***** Evaluation ***** >>>> Class [2 Left Ventricle] Dice: 93.72
[2024-07-07 22:33:55,723][    INFO] ***** Evaluation ***** >>>> MeanDice: 89.98

[2024-07-07 22:33:56,212][    INFO] ===========> Epoch: 34, LR: 0.00359, Previous best: 89.98
[2024-07-07 22:33:56,670][    INFO] Iters: 0, Total loss: 0.023
[2024-07-07 22:34:02,255][    INFO] Iters: 15, Total loss: 0.024
[2024-07-07 22:34:08,581][    INFO] Iters: 30, Total loss: 0.023
[2024-07-07 22:34:16,472][    INFO] Iters: 45, Total loss: 0.023
[2024-07-07 22:34:22,128][    INFO] Iters: 60, Total loss: 0.023
[2024-07-07 22:34:30,946][    INFO] Iters: 75, Total loss: 0.022
[2024-07-07 22:34:36,621][    INFO] Iters: 90, Total loss: 0.022
[2024-07-07 22:34:44,784][    INFO] Iters: 105, Total loss: 0.022
[2024-07-07 22:34:50,014][    INFO] Iters: 120, Total loss: 0.022
[2024-07-07 22:34:57,605][    INFO] ***** Evaluation ***** >>>> Class [0 Right Ventricle] Dice: 87.53
[2024-07-07 22:34:57,606][    INFO] ***** Evaluation ***** >>>> Class [1 Myocardium] Dice: 88.09
[2024-07-07 22:34:57,606][    INFO] ***** Evaluation ***** >>>> Class [2 Left Ventricle] Dice: 93.91
[2024-07-07 22:34:57,606][    INFO] ***** Evaluation ***** >>>> MeanDice: 89.84

[2024-07-07 22:34:57,793][    INFO] ===========> Epoch: 35, LR: 0.00339, Previous best: 89.98
[2024-07-07 22:34:58,236][    INFO] Iters: 0, Total loss: 0.021
[2024-07-07 22:35:06,841][    INFO] Iters: 15, Total loss: 0.021
[2024-07-07 22:35:12,377][    INFO] Iters: 30, Total loss: 0.021
[2024-07-07 22:35:21,546][    INFO] Iters: 45, Total loss: 0.021
[2024-07-07 22:35:28,203][    INFO] Iters: 60, Total loss: 0.021
[2024-07-07 22:35:38,546][    INFO] Iters: 75, Total loss: 0.021
[2024-07-07 22:35:42,826][    INFO] Iters: 90, Total loss: 0.021
[2024-07-07 22:35:49,126][    INFO] Iters: 105, Total loss: 0.022
[2024-07-07 22:35:53,887][    INFO] Iters: 120, Total loss: 0.022
[2024-07-07 22:36:01,526][    INFO] ***** Evaluation ***** >>>> Class [0 Right Ventricle] Dice: 86.84
[2024-07-07 22:36:01,527][    INFO] ***** Evaluation ***** >>>> Class [1 Myocardium] Dice: 88.57
[2024-07-07 22:36:01,527][    INFO] ***** Evaluation ***** >>>> Class [2 Left Ventricle] Dice: 94.04
[2024-07-07 22:36:01,527][    INFO] ***** Evaluation ***** >>>> MeanDice: 89.81

[2024-07-07 22:36:01,740][    INFO] ===========> Epoch: 36, LR: 0.00318, Previous best: 89.98
[2024-07-07 22:36:02,174][    INFO] Iters: 0, Total loss: 0.023
[2024-07-07 22:36:08,452][    INFO] Iters: 15, Total loss: 0.023
[2024-07-07 22:36:14,580][    INFO] Iters: 30, Total loss: 0.022
[2024-07-07 22:36:22,445][    INFO] Iters: 45, Total loss: 0.021
[2024-07-07 22:36:27,398][    INFO] Iters: 60, Total loss: 0.022
[2024-07-07 22:36:32,887][    INFO] Iters: 75, Total loss: 0.021
[2024-07-07 22:36:38,232][    INFO] Iters: 90, Total loss: 0.021
[2024-07-07 22:36:42,072][    INFO] Iters: 105, Total loss: 0.021
[2024-07-07 22:36:46,523][    INFO] Iters: 120, Total loss: 0.021
[2024-07-07 22:36:52,009][    INFO] ***** Evaluation ***** >>>> Class [0 Right Ventricle] Dice: 87.55
[2024-07-07 22:36:52,009][    INFO] ***** Evaluation ***** >>>> Class [1 Myocardium] Dice: 87.94
[2024-07-07 22:36:52,009][    INFO] ***** Evaluation ***** >>>> Class [2 Left Ventricle] Dice: 93.59
[2024-07-07 22:36:52,009][    INFO] ***** Evaluation ***** >>>> MeanDice: 89.69

[2024-07-07 22:36:52,228][    INFO] ===========> Epoch: 37, LR: 0.00298, Previous best: 89.98
[2024-07-07 22:36:52,686][    INFO] Iters: 0, Total loss: 0.023
[2024-07-07 22:36:56,795][    INFO] Iters: 15, Total loss: 0.021
[2024-07-07 22:37:01,905][    INFO] Iters: 30, Total loss: 0.022
[2024-07-07 22:37:07,796][    INFO] Iters: 45, Total loss: 0.021
[2024-07-07 22:37:12,527][    INFO] Iters: 60, Total loss: 0.021
[2024-07-07 22:37:18,364][    INFO] Iters: 75, Total loss: 0.021
[2024-07-07 22:37:26,066][    INFO] Iters: 90, Total loss: 0.021
[2024-07-07 22:37:30,139][    INFO] Iters: 105, Total loss: 0.021
[2024-07-07 22:37:35,534][    INFO] Iters: 120, Total loss: 0.021
[2024-07-07 22:37:41,536][    INFO] ***** Evaluation ***** >>>> Class [0 Right Ventricle] Dice: 87.60
[2024-07-07 22:37:41,536][    INFO] ***** Evaluation ***** >>>> Class [1 Myocardium] Dice: 88.06
[2024-07-07 22:37:41,536][    INFO] ***** Evaluation ***** >>>> Class [2 Left Ventricle] Dice: 93.67
[2024-07-07 22:37:41,536][    INFO] ***** Evaluation ***** >>>> MeanDice: 89.78

[2024-07-07 22:37:41,754][    INFO] ===========> Epoch: 38, LR: 0.00277, Previous best: 89.98
[2024-07-07 22:37:42,124][    INFO] Iters: 0, Total loss: 0.021
[2024-07-07 22:37:47,710][    INFO] Iters: 15, Total loss: 0.021
[2024-07-07 22:37:52,750][    INFO] Iters: 30, Total loss: 0.021
[2024-07-07 22:37:57,787][    INFO] Iters: 45, Total loss: 0.021
[2024-07-07 22:38:02,471][    INFO] Iters: 60, Total loss: 0.021
[2024-07-07 22:38:06,248][    INFO] Iters: 75, Total loss: 0.021
[2024-07-07 22:38:10,209][    INFO] Iters: 90, Total loss: 0.021
[2024-07-07 22:38:13,904][    INFO] Iters: 105, Total loss: 0.021
[2024-07-07 22:38:18,069][    INFO] Iters: 120, Total loss: 0.021
[2024-07-07 22:38:23,181][    INFO] ***** Evaluation ***** >>>> Class [0 Right Ventricle] Dice: 87.81
[2024-07-07 22:38:23,182][    INFO] ***** Evaluation ***** >>>> Class [1 Myocardium] Dice: 88.71
[2024-07-07 22:38:23,182][    INFO] ***** Evaluation ***** >>>> Class [2 Left Ventricle] Dice: 94.17
[2024-07-07 22:38:23,182][    INFO] ***** Evaluation ***** >>>> MeanDice: 90.23

[2024-07-07 22:38:23,641][    INFO] ===========> Epoch: 39, LR: 0.00256, Previous best: 90.23
[2024-07-07 22:38:24,071][    INFO] Iters: 0, Total loss: 0.020
[2024-07-07 22:38:28,485][    INFO] Iters: 15, Total loss: 0.021
[2024-07-07 22:38:33,152][    INFO] Iters: 30, Total loss: 0.021
[2024-07-07 22:38:37,045][    INFO] Iters: 45, Total loss: 0.021
[2024-07-07 22:38:41,342][    INFO] Iters: 60, Total loss: 0.021
[2024-07-07 22:38:45,666][    INFO] Iters: 75, Total loss: 0.021
[2024-07-07 22:38:49,644][    INFO] Iters: 90, Total loss: 0.021
[2024-07-07 22:38:53,671][    INFO] Iters: 105, Total loss: 0.021
[2024-07-07 22:38:58,817][    INFO] Iters: 120, Total loss: 0.021
[2024-07-07 22:39:03,688][    INFO] ***** Evaluation ***** >>>> Class [0 Right Ventricle] Dice: 87.84
[2024-07-07 22:39:03,689][    INFO] ***** Evaluation ***** >>>> Class [1 Myocardium] Dice: 88.53
[2024-07-07 22:39:03,689][    INFO] ***** Evaluation ***** >>>> Class [2 Left Ventricle] Dice: 93.93
[2024-07-07 22:39:03,689][    INFO] ***** Evaluation ***** >>>> MeanDice: 90.10

[2024-07-07 22:39:04,429][    INFO] ===========> Epoch: 40, LR: 0.00235, Previous best: 90.23
[2024-07-07 22:39:05,104][    INFO] Iters: 0, Total loss: 0.021
[2024-07-07 22:39:10,971][    INFO] Iters: 15, Total loss: 0.022
[2024-07-07 22:39:17,238][    INFO] Iters: 30, Total loss: 0.021
[2024-07-07 22:39:26,061][    INFO] Iters: 45, Total loss: 0.021
[2024-07-07 22:39:31,601][    INFO] Iters: 60, Total loss: 0.021
[2024-07-07 22:39:37,774][    INFO] Iters: 75, Total loss: 0.021
[2024-07-07 22:39:44,208][    INFO] Iters: 90, Total loss: 0.021
[2024-07-07 22:39:49,418][    INFO] Iters: 105, Total loss: 0.021
[2024-07-07 22:39:53,211][    INFO] Iters: 120, Total loss: 0.021
[2024-07-07 22:40:00,885][    INFO] ***** Evaluation ***** >>>> Class [0 Right Ventricle] Dice: 88.16
[2024-07-07 22:40:00,886][    INFO] ***** Evaluation ***** >>>> Class [1 Myocardium] Dice: 88.70
[2024-07-07 22:40:00,886][    INFO] ***** Evaluation ***** >>>> Class [2 Left Ventricle] Dice: 93.77
[2024-07-07 22:40:00,886][    INFO] ***** Evaluation ***** >>>> MeanDice: 90.21

[2024-07-07 22:40:01,130][    INFO] ===========> Epoch: 41, LR: 0.00214, Previous best: 90.23
[2024-07-07 22:40:01,512][    INFO] Iters: 0, Total loss: 0.022
[2024-07-07 22:40:06,870][    INFO] Iters: 15, Total loss: 0.022
[2024-07-07 22:40:12,329][    INFO] Iters: 30, Total loss: 0.021
[2024-07-07 22:40:17,633][    INFO] Iters: 45, Total loss: 0.021
[2024-07-07 22:40:23,239][    INFO] Iters: 60, Total loss: 0.021
[2024-07-07 22:40:27,684][    INFO] Iters: 75, Total loss: 0.021
[2024-07-07 22:40:31,997][    INFO] Iters: 90, Total loss: 0.021
[2024-07-07 22:40:36,186][    INFO] Iters: 105, Total loss: 0.021
[2024-07-07 22:40:40,080][    INFO] Iters: 120, Total loss: 0.021
[2024-07-07 22:40:45,837][    INFO] ***** Evaluation ***** >>>> Class [0 Right Ventricle] Dice: 87.79
[2024-07-07 22:40:45,837][    INFO] ***** Evaluation ***** >>>> Class [1 Myocardium] Dice: 88.21
[2024-07-07 22:40:45,837][    INFO] ***** Evaluation ***** >>>> Class [2 Left Ventricle] Dice: 94.13
[2024-07-07 22:40:45,837][    INFO] ***** Evaluation ***** >>>> MeanDice: 90.04

[2024-07-07 22:40:46,055][    INFO] ===========> Epoch: 42, LR: 0.00192, Previous best: 90.23
[2024-07-07 22:40:46,476][    INFO] Iters: 0, Total loss: 0.018
[2024-07-07 22:40:50,835][    INFO] Iters: 15, Total loss: 0.021
[2024-07-07 22:40:54,950][    INFO] Iters: 30, Total loss: 0.021
[2024-07-07 22:40:58,764][    INFO] Iters: 45, Total loss: 0.020
[2024-07-07 22:41:03,377][    INFO] Iters: 60, Total loss: 0.020
[2024-07-07 22:41:08,734][    INFO] Iters: 75, Total loss: 0.021
[2024-07-07 22:41:13,734][    INFO] Iters: 90, Total loss: 0.021
[2024-07-07 22:41:17,945][    INFO] Iters: 105, Total loss: 0.021
[2024-07-07 22:41:21,542][    INFO] Iters: 120, Total loss: 0.021
[2024-07-07 22:41:26,551][    INFO] ***** Evaluation ***** >>>> Class [0 Right Ventricle] Dice: 88.09
[2024-07-07 22:41:26,551][    INFO] ***** Evaluation ***** >>>> Class [1 Myocardium] Dice: 88.38
[2024-07-07 22:41:26,551][    INFO] ***** Evaluation ***** >>>> Class [2 Left Ventricle] Dice: 93.79
[2024-07-07 22:41:26,551][    INFO] ***** Evaluation ***** >>>> MeanDice: 90.09

[2024-07-07 22:41:26,809][    INFO] ===========> Epoch: 43, LR: 0.00171, Previous best: 90.23
[2024-07-07 22:41:27,217][    INFO] Iters: 0, Total loss: 0.022
[2024-07-07 22:41:31,211][    INFO] Iters: 15, Total loss: 0.022
[2024-07-07 22:41:35,124][    INFO] Iters: 30, Total loss: 0.021
[2024-07-07 22:41:39,007][    INFO] Iters: 45, Total loss: 0.021
[2024-07-07 22:41:42,765][    INFO] Iters: 60, Total loss: 0.021
[2024-07-07 22:41:46,602][    INFO] Iters: 75, Total loss: 0.021
[2024-07-07 22:41:50,392][    INFO] Iters: 90, Total loss: 0.021
[2024-07-07 22:41:54,139][    INFO] Iters: 105, Total loss: 0.021
[2024-07-07 22:41:57,890][    INFO] Iters: 120, Total loss: 0.021
[2024-07-07 22:42:03,047][    INFO] ***** Evaluation ***** >>>> Class [0 Right Ventricle] Dice: 87.72
[2024-07-07 22:42:03,047][    INFO] ***** Evaluation ***** >>>> Class [1 Myocardium] Dice: 88.01
[2024-07-07 22:42:03,047][    INFO] ***** Evaluation ***** >>>> Class [2 Left Ventricle] Dice: 93.66
[2024-07-07 22:42:03,047][    INFO] ***** Evaluation ***** >>>> MeanDice: 89.80

[2024-07-07 22:42:03,272][    INFO] ===========> Epoch: 44, LR: 0.00149, Previous best: 90.23
[2024-07-07 22:42:03,693][    INFO] Iters: 0, Total loss: 0.019
[2024-07-07 22:42:07,601][    INFO] Iters: 15, Total loss: 0.020
[2024-07-07 22:42:11,787][    INFO] Iters: 30, Total loss: 0.020
[2024-07-07 22:42:16,091][    INFO] Iters: 45, Total loss: 0.021
[2024-07-07 22:42:19,941][    INFO] Iters: 60, Total loss: 0.021
[2024-07-07 22:42:24,270][    INFO] Iters: 75, Total loss: 0.021
[2024-07-07 22:42:28,016][    INFO] Iters: 90, Total loss: 0.021
[2024-07-07 22:42:31,783][    INFO] Iters: 105, Total loss: 0.021
[2024-07-07 22:42:35,548][    INFO] Iters: 120, Total loss: 0.021
[2024-07-07 22:42:40,417][    INFO] ***** Evaluation ***** >>>> Class [0 Right Ventricle] Dice: 88.35
[2024-07-07 22:42:40,417][    INFO] ***** Evaluation ***** >>>> Class [1 Myocardium] Dice: 88.51
[2024-07-07 22:42:40,417][    INFO] ***** Evaluation ***** >>>> Class [2 Left Ventricle] Dice: 93.82
[2024-07-07 22:42:40,417][    INFO] ***** Evaluation ***** >>>> MeanDice: 90.23

[2024-07-07 22:42:40,637][    INFO] ===========> Epoch: 45, LR: 0.00126, Previous best: 90.23
[2024-07-07 22:42:41,104][    INFO] Iters: 0, Total loss: 0.020
[2024-07-07 22:42:45,138][    INFO] Iters: 15, Total loss: 0.021
[2024-07-07 22:42:49,238][    INFO] Iters: 30, Total loss: 0.021
[2024-07-07 22:42:53,362][    INFO] Iters: 45, Total loss: 0.020
[2024-07-07 22:42:57,619][    INFO] Iters: 60, Total loss: 0.020
[2024-07-07 22:43:01,745][    INFO] Iters: 75, Total loss: 0.020
[2024-07-07 22:43:05,802][    INFO] Iters: 90, Total loss: 0.020
[2024-07-07 22:43:10,300][    INFO] Iters: 105, Total loss: 0.020
[2024-07-07 22:43:14,180][    INFO] Iters: 120, Total loss: 0.020
[2024-07-07 22:43:19,368][    INFO] ***** Evaluation ***** >>>> Class [0 Right Ventricle] Dice: 88.10
[2024-07-07 22:43:19,369][    INFO] ***** Evaluation ***** >>>> Class [1 Myocardium] Dice: 88.54
[2024-07-07 22:43:19,369][    INFO] ***** Evaluation ***** >>>> Class [2 Left Ventricle] Dice: 94.06
[2024-07-07 22:43:19,369][    INFO] ***** Evaluation ***** >>>> MeanDice: 90.23

[2024-07-07 22:43:19,817][    INFO] ===========> Epoch: 46, LR: 0.00103, Previous best: 90.23
[2024-07-07 22:43:20,245][    INFO] Iters: 0, Total loss: 0.019
[2024-07-07 22:43:23,953][    INFO] Iters: 15, Total loss: 0.022
[2024-07-07 22:43:27,701][    INFO] Iters: 30, Total loss: 0.021
[2024-07-07 22:43:31,356][    INFO] Iters: 45, Total loss: 0.021
[2024-07-07 22:43:35,047][    INFO] Iters: 60, Total loss: 0.021
[2024-07-07 22:43:38,818][    INFO] Iters: 75, Total loss: 0.021
[2024-07-07 22:43:42,488][    INFO] Iters: 90, Total loss: 0.021
[2024-07-07 22:43:46,213][    INFO] Iters: 105, Total loss: 0.021
[2024-07-07 22:43:50,024][    INFO] Iters: 120, Total loss: 0.021
[2024-07-07 22:43:55,084][    INFO] ***** Evaluation ***** >>>> Class [0 Right Ventricle] Dice: 88.26
[2024-07-07 22:43:55,085][    INFO] ***** Evaluation ***** >>>> Class [1 Myocardium] Dice: 88.46
[2024-07-07 22:43:55,085][    INFO] ***** Evaluation ***** >>>> Class [2 Left Ventricle] Dice: 93.68
[2024-07-07 22:43:55,085][    INFO] ***** Evaluation ***** >>>> MeanDice: 90.13

[2024-07-07 22:43:55,302][    INFO] ===========> Epoch: 47, LR: 0.00080, Previous best: 90.23
[2024-07-07 22:43:55,739][    INFO] Iters: 0, Total loss: 0.023
[2024-07-07 22:43:59,476][    INFO] Iters: 15, Total loss: 0.020
[2024-07-07 22:44:04,121][    INFO] Iters: 30, Total loss: 0.020
[2024-07-07 22:44:07,865][    INFO] Iters: 45, Total loss: 0.020
[2024-07-07 22:44:11,524][    INFO] Iters: 60, Total loss: 0.020
[2024-07-07 22:44:15,378][    INFO] Iters: 75, Total loss: 0.020
[2024-07-07 22:44:19,050][    INFO] Iters: 90, Total loss: 0.020
[2024-07-07 22:44:22,783][    INFO] Iters: 105, Total loss: 0.020
[2024-07-07 22:44:26,440][    INFO] Iters: 120, Total loss: 0.020
[2024-07-07 22:44:31,158][    INFO] ***** Evaluation ***** >>>> Class [0 Right Ventricle] Dice: 88.33
[2024-07-07 22:44:31,158][    INFO] ***** Evaluation ***** >>>> Class [1 Myocardium] Dice: 88.61
[2024-07-07 22:44:31,158][    INFO] ***** Evaluation ***** >>>> Class [2 Left Ventricle] Dice: 93.70
[2024-07-07 22:44:31,159][    INFO] ***** Evaluation ***** >>>> MeanDice: 90.21

[2024-07-07 22:44:31,346][    INFO] ===========> Epoch: 48, LR: 0.00055, Previous best: 90.23
[2024-07-07 22:44:31,732][    INFO] Iters: 0, Total loss: 0.023
[2024-07-07 22:44:36,621][    INFO] Iters: 15, Total loss: 0.020
[2024-07-07 22:44:40,495][    INFO] Iters: 30, Total loss: 0.020
[2024-07-07 22:44:44,565][    INFO] Iters: 45, Total loss: 0.021
[2024-07-07 22:44:49,337][    INFO] Iters: 60, Total loss: 0.021
[2024-07-07 22:44:54,588][    INFO] Iters: 75, Total loss: 0.021
[2024-07-07 22:45:03,133][    INFO] Iters: 90, Total loss: 0.020
[2024-07-07 22:45:07,297][    INFO] Iters: 105, Total loss: 0.020
[2024-07-07 22:45:15,317][    INFO] Iters: 120, Total loss: 0.020
[2024-07-07 22:45:21,205][    INFO] ***** Evaluation ***** >>>> Class [0 Right Ventricle] Dice: 87.88
[2024-07-07 22:45:21,205][    INFO] ***** Evaluation ***** >>>> Class [1 Myocardium] Dice: 88.59
[2024-07-07 22:45:21,205][    INFO] ***** Evaluation ***** >>>> Class [2 Left Ventricle] Dice: 93.70
[2024-07-07 22:45:21,206][    INFO] ***** Evaluation ***** >>>> MeanDice: 90.05

[2024-07-07 22:45:21,483][    INFO] ===========> Epoch: 49, LR: 0.00030, Previous best: 90.23
[2024-07-07 22:45:21,898][    INFO] Iters: 0, Total loss: 0.021
[2024-07-07 22:45:27,427][    INFO] Iters: 15, Total loss: 0.021
[2024-07-07 22:45:32,932][    INFO] Iters: 30, Total loss: 0.021
[2024-07-07 22:45:37,771][    INFO] Iters: 45, Total loss: 0.021
[2024-07-07 22:45:43,349][    INFO] Iters: 60, Total loss: 0.021
[2024-07-07 22:45:52,023][    INFO] Iters: 75, Total loss: 0.021
[2024-07-07 22:45:57,640][    INFO] Iters: 90, Total loss: 0.021
[2024-07-07 22:46:03,088][    INFO] Iters: 105, Total loss: 0.021
[2024-07-07 22:46:08,466][    INFO] Iters: 120, Total loss: 0.020
[2024-07-07 22:46:14,224][    INFO] ***** Evaluation ***** >>>> Class [0 Right Ventricle] Dice: 87.95
[2024-07-07 22:46:14,224][    INFO] ***** Evaluation ***** >>>> Class [1 Myocardium] Dice: 88.50
[2024-07-07 22:46:14,224][    INFO] ***** Evaluation ***** >>>> Class [2 Left Ventricle] Dice: 93.76
[2024-07-07 22:46:14,224][    INFO] ***** Evaluation ***** >>>> MeanDice: 90.07

