/var/lib/slurm-llnl/slurmd/job04747/slurm_script: line 12: module: command not found
[2024-07-07 22:02:20,780][    INFO] {'batch_size': 12,
 'conf_thresh': 0.95,
 'crop_size': 256,
 'data_root': '/vol/aimspace/projects/ukbb/data/cardiac/cardiac_segmentations/subjects',
 'dataset': 'ukbb',
 'epochs': 50,
 'exp': '4',
 'local_rank': 0,
 'lr': 0.01,
 'mode': 'train',
 'nclass': 4,
 'nclass_classif': 3,
 'ngpus': 1,
 'num_workers': 1,
 'port': 8043,
 'seed': '43',
 'seg_model': 'unet',
 'split': 18,
 'task': 'multi_modal',
 'visualize': False}

[2024-07-07 22:02:27,267][    INFO] Total params: 2.0M

[2024-07-07 22:02:28,066][    INFO] ===========> Epoch: 0, LR: 0.01000, Previous best: 0.00
[2024-07-07 22:02:35,808][    INFO] Iters: 0, Total loss: 1.150
[2024-07-07 22:02:40,706][    INFO] Iters: 15, Total loss: 0.672
[2024-07-07 22:02:45,321][    INFO] Iters: 30, Total loss: 0.544
[2024-07-07 22:02:49,995][    INFO] Iters: 45, Total loss: 0.494
[2024-07-07 22:02:53,866][    INFO] Iters: 60, Total loss: 0.460
[2024-07-07 22:02:58,248][    INFO] Iters: 75, Total loss: 0.429
[2024-07-07 22:03:02,194][    INFO] Iters: 90, Total loss: 0.404
[2024-07-07 22:03:06,207][    INFO] Iters: 105, Total loss: 0.376
[2024-07-07 22:03:09,987][    INFO] Iters: 120, Total loss: 0.352
[2024-07-07 22:03:14,946][    INFO] ***** Evaluation ***** >>>> Class [0 Right Ventricle] Dice: 17.12
[2024-07-07 22:03:14,946][    INFO] ***** Evaluation ***** >>>> Class [1 Myocardium] Dice: 0.56
[2024-07-07 22:03:14,946][    INFO] ***** Evaluation ***** >>>> Class [2 Left Ventricle] Dice: 61.23
[2024-07-07 22:03:14,947][    INFO] ***** Evaluation ***** >>>> MeanDice: 26.30

[2024-07-07 22:03:15,059][    INFO] ===========> Epoch: 1, LR: 0.00982, Previous best: 26.30
[2024-07-07 22:03:15,463][    INFO] Iters: 0, Total loss: 0.154
[2024-07-07 22:03:19,620][    INFO] Iters: 15, Total loss: 0.159
[2024-07-07 22:03:23,571][    INFO] Iters: 30, Total loss: 0.136
[2024-07-07 22:03:27,502][    INFO] Iters: 45, Total loss: 0.122
[2024-07-07 22:03:32,174][    INFO] Iters: 60, Total loss: 0.112
[2024-07-07 22:03:35,910][    INFO] Iters: 75, Total loss: 0.107
[2024-07-07 22:03:40,346][    INFO] Iters: 90, Total loss: 0.102
[2024-07-07 22:03:44,288][    INFO] Iters: 105, Total loss: 0.097
[2024-07-07 22:03:48,060][    INFO] Iters: 120, Total loss: 0.094
[2024-07-07 22:03:54,217][    INFO] ***** Evaluation ***** >>>> Class [0 Right Ventricle] Dice: 72.01
[2024-07-07 22:03:54,217][    INFO] ***** Evaluation ***** >>>> Class [1 Myocardium] Dice: 71.74
[2024-07-07 22:03:54,217][    INFO] ***** Evaluation ***** >>>> Class [2 Left Ventricle] Dice: 80.42
[2024-07-07 22:03:54,217][    INFO] ***** Evaluation ***** >>>> MeanDice: 74.72

[2024-07-07 22:03:54,372][    INFO] ===========> Epoch: 2, LR: 0.00964, Previous best: 74.72
[2024-07-07 22:03:54,787][    INFO] Iters: 0, Total loss: 0.050
[2024-07-07 22:03:58,740][    INFO] Iters: 15, Total loss: 0.056
[2024-07-07 22:04:02,639][    INFO] Iters: 30, Total loss: 0.055
[2024-07-07 22:04:06,535][    INFO] Iters: 45, Total loss: 0.056
[2024-07-07 22:04:10,316][    INFO] Iters: 60, Total loss: 0.057
[2024-07-07 22:04:14,155][    INFO] Iters: 75, Total loss: 0.057
[2024-07-07 22:04:17,982][    INFO] Iters: 90, Total loss: 0.056
[2024-07-07 22:04:22,989][    INFO] Iters: 105, Total loss: 0.056
[2024-07-07 22:04:27,732][    INFO] Iters: 120, Total loss: 0.056
[2024-07-07 22:04:35,938][    INFO] ***** Evaluation ***** >>>> Class [0 Right Ventricle] Dice: 44.70
[2024-07-07 22:04:35,939][    INFO] ***** Evaluation ***** >>>> Class [1 Myocardium] Dice: 74.75
[2024-07-07 22:04:35,939][    INFO] ***** Evaluation ***** >>>> Class [2 Left Ventricle] Dice: 82.71
[2024-07-07 22:04:35,939][    INFO] ***** Evaluation ***** >>>> MeanDice: 67.38

[2024-07-07 22:04:36,066][    INFO] ===========> Epoch: 3, LR: 0.00946, Previous best: 74.72
[2024-07-07 22:04:36,745][    INFO] Iters: 0, Total loss: 0.069
[2024-07-07 22:04:43,107][    INFO] Iters: 15, Total loss: 0.049
[2024-07-07 22:04:47,710][    INFO] Iters: 30, Total loss: 0.047
[2024-07-07 22:04:53,105][    INFO] Iters: 45, Total loss: 0.047
[2024-07-07 22:04:58,311][    INFO] Iters: 60, Total loss: 0.047
[2024-07-07 22:05:03,637][    INFO] Iters: 75, Total loss: 0.047
[2024-07-07 22:05:08,420][    INFO] Iters: 90, Total loss: 0.046
[2024-07-07 22:05:12,522][    INFO] Iters: 105, Total loss: 0.047
[2024-07-07 22:05:16,730][    INFO] Iters: 120, Total loss: 0.046
[2024-07-07 22:05:28,795][    INFO] ***** Evaluation ***** >>>> Class [0 Right Ventricle] Dice: 65.73
[2024-07-07 22:05:28,796][    INFO] ***** Evaluation ***** >>>> Class [1 Myocardium] Dice: 80.78
[2024-07-07 22:05:28,796][    INFO] ***** Evaluation ***** >>>> Class [2 Left Ventricle] Dice: 86.37
[2024-07-07 22:05:28,796][    INFO] ***** Evaluation ***** >>>> MeanDice: 77.63

[2024-07-07 22:05:28,945][    INFO] ===========> Epoch: 4, LR: 0.00928, Previous best: 77.63
[2024-07-07 22:05:29,447][    INFO] Iters: 0, Total loss: 0.041
[2024-07-07 22:05:34,577][    INFO] Iters: 15, Total loss: 0.039
[2024-07-07 22:05:42,847][    INFO] Iters: 30, Total loss: 0.039
[2024-07-07 22:05:47,539][    INFO] Iters: 45, Total loss: 0.039
[2024-07-07 22:05:53,353][    INFO] Iters: 60, Total loss: 0.040
[2024-07-07 22:05:58,416][    INFO] Iters: 75, Total loss: 0.040
[2024-07-07 22:06:03,991][    INFO] Iters: 90, Total loss: 0.042
[2024-07-07 22:06:08,444][    INFO] Iters: 105, Total loss: 0.042
[2024-07-07 22:06:13,008][    INFO] Iters: 120, Total loss: 0.042
[2024-07-07 22:06:18,167][    INFO] ***** Evaluation ***** >>>> Class [0 Right Ventricle] Dice: 64.62
[2024-07-07 22:06:18,167][    INFO] ***** Evaluation ***** >>>> Class [1 Myocardium] Dice: 75.41
[2024-07-07 22:06:18,167][    INFO] ***** Evaluation ***** >>>> Class [2 Left Ventricle] Dice: 78.93
[2024-07-07 22:06:18,167][    INFO] ***** Evaluation ***** >>>> MeanDice: 72.99

[2024-07-07 22:06:18,226][    INFO] ===========> Epoch: 5, LR: 0.00910, Previous best: 77.63
[2024-07-07 22:06:18,761][    INFO] Iters: 0, Total loss: 0.028
[2024-07-07 22:06:25,881][    INFO] Iters: 15, Total loss: 0.038
[2024-07-07 22:06:31,799][    INFO] Iters: 30, Total loss: 0.039
[2024-07-07 22:06:38,542][    INFO] Iters: 45, Total loss: 0.039
[2024-07-07 22:06:43,199][    INFO] Iters: 60, Total loss: 0.039
[2024-07-07 22:06:47,676][    INFO] Iters: 75, Total loss: 0.038
[2024-07-07 22:06:52,853][    INFO] Iters: 90, Total loss: 0.038
[2024-07-07 22:06:57,606][    INFO] Iters: 105, Total loss: 0.038
[2024-07-07 22:07:02,223][    INFO] Iters: 120, Total loss: 0.038
[2024-07-07 22:07:08,429][    INFO] ***** Evaluation ***** >>>> Class [0 Right Ventricle] Dice: 87.12
[2024-07-07 22:07:08,429][    INFO] ***** Evaluation ***** >>>> Class [1 Myocardium] Dice: 85.47
[2024-07-07 22:07:08,429][    INFO] ***** Evaluation ***** >>>> Class [2 Left Ventricle] Dice: 93.63
[2024-07-07 22:07:08,429][    INFO] ***** Evaluation ***** >>>> MeanDice: 88.74

[2024-07-07 22:07:08,584][    INFO] ===========> Epoch: 6, LR: 0.00891, Previous best: 88.74
[2024-07-07 22:07:09,282][    INFO] Iters: 0, Total loss: 0.044
[2024-07-07 22:07:13,494][    INFO] Iters: 15, Total loss: 0.038
[2024-07-07 22:07:17,804][    INFO] Iters: 30, Total loss: 0.038
[2024-07-07 22:07:22,991][    INFO] Iters: 45, Total loss: 0.037
[2024-07-07 22:07:29,262][    INFO] Iters: 60, Total loss: 0.036
[2024-07-07 22:07:34,002][    INFO] Iters: 75, Total loss: 0.036
[2024-07-07 22:07:41,432][    INFO] Iters: 90, Total loss: 0.036
[2024-07-07 22:07:46,867][    INFO] Iters: 105, Total loss: 0.036
[2024-07-07 22:07:54,498][    INFO] Iters: 120, Total loss: 0.036
[2024-07-07 22:07:59,858][    INFO] ***** Evaluation ***** >>>> Class [0 Right Ventricle] Dice: 82.10
[2024-07-07 22:07:59,859][    INFO] ***** Evaluation ***** >>>> Class [1 Myocardium] Dice: 86.45
[2024-07-07 22:07:59,859][    INFO] ***** Evaluation ***** >>>> Class [2 Left Ventricle] Dice: 92.90
[2024-07-07 22:07:59,859][    INFO] ***** Evaluation ***** >>>> MeanDice: 87.15

[2024-07-07 22:07:59,923][    INFO] ===========> Epoch: 7, LR: 0.00873, Previous best: 88.74
[2024-07-07 22:08:00,375][    INFO] Iters: 0, Total loss: 0.039
[2024-07-07 22:08:04,721][    INFO] Iters: 15, Total loss: 0.036
[2024-07-07 22:08:09,245][    INFO] Iters: 30, Total loss: 0.035
[2024-07-07 22:08:13,253][    INFO] Iters: 45, Total loss: 0.034
[2024-07-07 22:08:17,330][    INFO] Iters: 60, Total loss: 0.033
[2024-07-07 22:08:23,732][    INFO] Iters: 75, Total loss: 0.033
[2024-07-07 22:08:29,404][    INFO] Iters: 90, Total loss: 0.033
[2024-07-07 22:08:34,286][    INFO] Iters: 105, Total loss: 0.033
[2024-07-07 22:08:41,330][    INFO] Iters: 120, Total loss: 0.033
[2024-07-07 22:08:46,847][    INFO] ***** Evaluation ***** >>>> Class [0 Right Ventricle] Dice: 82.30
[2024-07-07 22:08:46,847][    INFO] ***** Evaluation ***** >>>> Class [1 Myocardium] Dice: 83.63
[2024-07-07 22:08:46,847][    INFO] ***** Evaluation ***** >>>> Class [2 Left Ventricle] Dice: 88.69
[2024-07-07 22:08:46,847][    INFO] ***** Evaluation ***** >>>> MeanDice: 84.87

[2024-07-07 22:08:46,949][    INFO] ===========> Epoch: 8, LR: 0.00855, Previous best: 88.74
[2024-07-07 22:08:47,391][    INFO] Iters: 0, Total loss: 0.036
[2024-07-07 22:08:53,625][    INFO] Iters: 15, Total loss: 0.031
[2024-07-07 22:08:58,512][    INFO] Iters: 30, Total loss: 0.032
[2024-07-07 22:09:04,825][    INFO] Iters: 45, Total loss: 0.033
[2024-07-07 22:09:12,647][    INFO] Iters: 60, Total loss: 0.033
[2024-07-07 22:09:17,932][    INFO] Iters: 75, Total loss: 0.032
[2024-07-07 22:09:24,048][    INFO] Iters: 90, Total loss: 0.032
[2024-07-07 22:09:29,022][    INFO] Iters: 105, Total loss: 0.032
[2024-07-07 22:09:33,095][    INFO] Iters: 120, Total loss: 0.032
[2024-07-07 22:09:40,186][    INFO] ***** Evaluation ***** >>>> Class [0 Right Ventricle] Dice: 83.83
[2024-07-07 22:09:40,186][    INFO] ***** Evaluation ***** >>>> Class [1 Myocardium] Dice: 86.41
[2024-07-07 22:09:40,186][    INFO] ***** Evaluation ***** >>>> Class [2 Left Ventricle] Dice: 93.42
[2024-07-07 22:09:40,186][    INFO] ***** Evaluation ***** >>>> MeanDice: 87.89

[2024-07-07 22:09:40,249][    INFO] ===========> Epoch: 9, LR: 0.00837, Previous best: 88.74
[2024-07-07 22:09:40,684][    INFO] Iters: 0, Total loss: 0.030
[2024-07-07 22:09:45,053][    INFO] Iters: 15, Total loss: 0.031
[2024-07-07 22:09:50,442][    INFO] Iters: 30, Total loss: 0.030
[2024-07-07 22:09:54,062][    INFO] Iters: 45, Total loss: 0.030
[2024-07-07 22:09:57,901][    INFO] Iters: 60, Total loss: 0.031
[2024-07-07 22:10:01,800][    INFO] Iters: 75, Total loss: 0.031
[2024-07-07 22:10:05,762][    INFO] Iters: 90, Total loss: 0.031
[2024-07-07 22:10:10,057][    INFO] Iters: 105, Total loss: 0.031
[2024-07-07 22:10:14,001][    INFO] Iters: 120, Total loss: 0.031
[2024-07-07 22:10:20,368][    INFO] ***** Evaluation ***** >>>> Class [0 Right Ventricle] Dice: 81.59
[2024-07-07 22:10:20,368][    INFO] ***** Evaluation ***** >>>> Class [1 Myocardium] Dice: 84.56
[2024-07-07 22:10:20,368][    INFO] ***** Evaluation ***** >>>> Class [2 Left Ventricle] Dice: 92.45
[2024-07-07 22:10:20,368][    INFO] ***** Evaluation ***** >>>> MeanDice: 86.20

[2024-07-07 22:10:20,496][    INFO] ===========> Epoch: 10, LR: 0.00818, Previous best: 88.74
[2024-07-07 22:10:21,032][    INFO] Iters: 0, Total loss: 0.035
[2024-07-07 22:10:25,369][    INFO] Iters: 15, Total loss: 0.028
[2024-07-07 22:10:29,849][    INFO] Iters: 30, Total loss: 0.030
[2024-07-07 22:10:34,597][    INFO] Iters: 45, Total loss: 0.030
[2024-07-07 22:10:38,565][    INFO] Iters: 60, Total loss: 0.029
[2024-07-07 22:10:43,028][    INFO] Iters: 75, Total loss: 0.030
[2024-07-07 22:10:46,971][    INFO] Iters: 90, Total loss: 0.030
[2024-07-07 22:10:51,003][    INFO] Iters: 105, Total loss: 0.030
[2024-07-07 22:10:54,996][    INFO] Iters: 120, Total loss: 0.030
[2024-07-07 22:10:59,691][    INFO] ***** Evaluation ***** >>>> Class [0 Right Ventricle] Dice: 85.56
[2024-07-07 22:10:59,691][    INFO] ***** Evaluation ***** >>>> Class [1 Myocardium] Dice: 87.05
[2024-07-07 22:10:59,691][    INFO] ***** Evaluation ***** >>>> Class [2 Left Ventricle] Dice: 94.42
[2024-07-07 22:10:59,691][    INFO] ***** Evaluation ***** >>>> MeanDice: 89.01

[2024-07-07 22:10:59,832][    INFO] ===========> Epoch: 11, LR: 0.00800, Previous best: 89.01
[2024-07-07 22:11:00,220][    INFO] Iters: 0, Total loss: 0.027
[2024-07-07 22:11:04,125][    INFO] Iters: 15, Total loss: 0.028
[2024-07-07 22:11:08,689][    INFO] Iters: 30, Total loss: 0.028
[2024-07-07 22:11:12,798][    INFO] Iters: 45, Total loss: 0.028
[2024-07-07 22:11:17,417][    INFO] Iters: 60, Total loss: 0.028
[2024-07-07 22:11:21,348][    INFO] Iters: 75, Total loss: 0.028
[2024-07-07 22:11:26,365][    INFO] Iters: 90, Total loss: 0.028
[2024-07-07 22:11:30,393][    INFO] Iters: 105, Total loss: 0.028
[2024-07-07 22:11:34,261][    INFO] Iters: 120, Total loss: 0.029
[2024-07-07 22:11:40,071][    INFO] ***** Evaluation ***** >>>> Class [0 Right Ventricle] Dice: 83.63
[2024-07-07 22:11:40,072][    INFO] ***** Evaluation ***** >>>> Class [1 Myocardium] Dice: 85.70
[2024-07-07 22:11:40,072][    INFO] ***** Evaluation ***** >>>> Class [2 Left Ventricle] Dice: 89.36
[2024-07-07 22:11:40,072][    INFO] ***** Evaluation ***** >>>> MeanDice: 86.23

[2024-07-07 22:11:40,166][    INFO] ===========> Epoch: 12, LR: 0.00781, Previous best: 89.01
[2024-07-07 22:11:40,596][    INFO] Iters: 0, Total loss: 0.027
[2024-07-07 22:11:44,479][    INFO] Iters: 15, Total loss: 0.029
[2024-07-07 22:11:48,499][    INFO] Iters: 30, Total loss: 0.030
[2024-07-07 22:11:52,552][    INFO] Iters: 45, Total loss: 0.030
[2024-07-07 22:11:56,467][    INFO] Iters: 60, Total loss: 0.029
[2024-07-07 22:12:00,279][    INFO] Iters: 75, Total loss: 0.029
[2024-07-07 22:12:04,157][    INFO] Iters: 90, Total loss: 0.029
[2024-07-07 22:12:08,012][    INFO] Iters: 105, Total loss: 0.029
[2024-07-07 22:12:12,087][    INFO] Iters: 120, Total loss: 0.029
[2024-07-07 22:12:16,560][    INFO] ***** Evaluation ***** >>>> Class [0 Right Ventricle] Dice: 86.28
[2024-07-07 22:12:16,560][    INFO] ***** Evaluation ***** >>>> Class [1 Myocardium] Dice: 89.07
[2024-07-07 22:12:16,560][    INFO] ***** Evaluation ***** >>>> Class [2 Left Ventricle] Dice: 94.69
[2024-07-07 22:12:16,560][    INFO] ***** Evaluation ***** >>>> MeanDice: 90.02

[2024-07-07 22:12:16,813][    INFO] ===========> Epoch: 13, LR: 0.00763, Previous best: 90.02
[2024-07-07 22:12:17,283][    INFO] Iters: 0, Total loss: 0.028
[2024-07-07 22:12:22,877][    INFO] Iters: 15, Total loss: 0.027
[2024-07-07 22:12:29,428][    INFO] Iters: 30, Total loss: 0.027
[2024-07-07 22:12:37,412][    INFO] Iters: 45, Total loss: 0.028
[2024-07-07 22:12:42,935][    INFO] Iters: 60, Total loss: 0.027
[2024-07-07 22:12:47,544][    INFO] Iters: 75, Total loss: 0.028
[2024-07-07 22:12:52,498][    INFO] Iters: 90, Total loss: 0.027
[2024-07-07 22:12:57,724][    INFO] Iters: 105, Total loss: 0.027
[2024-07-07 22:13:02,192][    INFO] Iters: 120, Total loss: 0.027
[2024-07-07 22:13:10,239][    INFO] ***** Evaluation ***** >>>> Class [0 Right Ventricle] Dice: 86.74
[2024-07-07 22:13:10,240][    INFO] ***** Evaluation ***** >>>> Class [1 Myocardium] Dice: 88.13
[2024-07-07 22:13:10,240][    INFO] ***** Evaluation ***** >>>> Class [2 Left Ventricle] Dice: 93.82
[2024-07-07 22:13:10,240][    INFO] ***** Evaluation ***** >>>> MeanDice: 89.57

[2024-07-07 22:13:10,332][    INFO] ===========> Epoch: 14, LR: 0.00744, Previous best: 90.02
[2024-07-07 22:13:10,724][    INFO] Iters: 0, Total loss: 0.028
[2024-07-07 22:13:20,572][    INFO] Iters: 15, Total loss: 0.026
[2024-07-07 22:13:26,322][    INFO] Iters: 30, Total loss: 0.026
[2024-07-07 22:13:35,210][    INFO] Iters: 45, Total loss: 0.026
[2024-07-07 22:13:41,719][    INFO] Iters: 60, Total loss: 0.027
[2024-07-07 22:13:46,681][    INFO] Iters: 75, Total loss: 0.027
[2024-07-07 22:13:51,248][    INFO] Iters: 90, Total loss: 0.027
[2024-07-07 22:13:56,569][    INFO] Iters: 105, Total loss: 0.027
[2024-07-07 22:14:01,177][    INFO] Iters: 120, Total loss: 0.027
[2024-07-07 22:14:11,451][    INFO] ***** Evaluation ***** >>>> Class [0 Right Ventricle] Dice: 86.21
[2024-07-07 22:14:11,451][    INFO] ***** Evaluation ***** >>>> Class [1 Myocardium] Dice: 86.92
[2024-07-07 22:14:11,451][    INFO] ***** Evaluation ***** >>>> Class [2 Left Ventricle] Dice: 92.74
[2024-07-07 22:14:11,451][    INFO] ***** Evaluation ***** >>>> MeanDice: 88.62

[2024-07-07 22:14:11,535][    INFO] ===========> Epoch: 15, LR: 0.00726, Previous best: 90.02
[2024-07-07 22:14:11,930][    INFO] Iters: 0, Total loss: 0.026
[2024-07-07 22:14:16,500][    INFO] Iters: 15, Total loss: 0.026
[2024-07-07 22:14:24,256][    INFO] Iters: 30, Total loss: 0.026
[2024-07-07 22:14:28,687][    INFO] Iters: 45, Total loss: 0.026
[2024-07-07 22:14:33,963][    INFO] Iters: 60, Total loss: 0.026
[2024-07-07 22:14:39,235][    INFO] Iters: 75, Total loss: 0.026
[2024-07-07 22:14:44,069][    INFO] Iters: 90, Total loss: 0.026
[2024-07-07 22:14:48,969][    INFO] Iters: 105, Total loss: 0.026
[2024-07-07 22:14:55,011][    INFO] Iters: 120, Total loss: 0.026
[2024-07-07 22:15:01,178][    INFO] ***** Evaluation ***** >>>> Class [0 Right Ventricle] Dice: 89.56
[2024-07-07 22:15:01,179][    INFO] ***** Evaluation ***** >>>> Class [1 Myocardium] Dice: 88.54
[2024-07-07 22:15:01,179][    INFO] ***** Evaluation ***** >>>> Class [2 Left Ventricle] Dice: 95.36
[2024-07-07 22:15:01,179][    INFO] ***** Evaluation ***** >>>> MeanDice: 91.15

[2024-07-07 22:15:01,302][    INFO] ===========> Epoch: 16, LR: 0.00707, Previous best: 91.15
[2024-07-07 22:15:01,698][    INFO] Iters: 0, Total loss: 0.029
[2024-07-07 22:15:07,022][    INFO] Iters: 15, Total loss: 0.026
[2024-07-07 22:15:13,637][    INFO] Iters: 30, Total loss: 0.026
[2024-07-07 22:15:20,210][    INFO] Iters: 45, Total loss: 0.026
[2024-07-07 22:15:25,468][    INFO] Iters: 60, Total loss: 0.026
[2024-07-07 22:15:30,711][    INFO] Iters: 75, Total loss: 0.026
[2024-07-07 22:15:38,359][    INFO] Iters: 90, Total loss: 0.026
[2024-07-07 22:15:44,852][    INFO] Iters: 105, Total loss: 0.026
[2024-07-07 22:15:49,794][    INFO] Iters: 120, Total loss: 0.026
[2024-07-07 22:15:56,830][    INFO] ***** Evaluation ***** >>>> Class [0 Right Ventricle] Dice: 88.95
[2024-07-07 22:15:56,830][    INFO] ***** Evaluation ***** >>>> Class [1 Myocardium] Dice: 88.58
[2024-07-07 22:15:56,831][    INFO] ***** Evaluation ***** >>>> Class [2 Left Ventricle] Dice: 94.45
[2024-07-07 22:15:56,831][    INFO] ***** Evaluation ***** >>>> MeanDice: 90.66

[2024-07-07 22:15:57,294][    INFO] ===========> Epoch: 17, LR: 0.00688, Previous best: 91.15
[2024-07-07 22:15:57,871][    INFO] Iters: 0, Total loss: 0.021
[2024-07-07 22:16:04,733][    INFO] Iters: 15, Total loss: 0.025
[2024-07-07 22:16:12,865][    INFO] Iters: 30, Total loss: 0.026
[2024-07-07 22:16:21,117][    INFO] Iters: 45, Total loss: 0.025
[2024-07-07 22:16:27,747][    INFO] Iters: 60, Total loss: 0.026
[2024-07-07 22:16:35,433][    INFO] Iters: 75, Total loss: 0.026
[2024-07-07 22:16:41,034][    INFO] Iters: 90, Total loss: 0.026
[2024-07-07 22:16:46,416][    INFO] Iters: 105, Total loss: 0.025
[2024-07-07 22:16:52,498][    INFO] Iters: 120, Total loss: 0.025
[2024-07-07 22:16:58,551][    INFO] ***** Evaluation ***** >>>> Class [0 Right Ventricle] Dice: 84.61
[2024-07-07 22:16:58,551][    INFO] ***** Evaluation ***** >>>> Class [1 Myocardium] Dice: 90.15
[2024-07-07 22:16:58,551][    INFO] ***** Evaluation ***** >>>> Class [2 Left Ventricle] Dice: 95.46
[2024-07-07 22:16:58,551][    INFO] ***** Evaluation ***** >>>> MeanDice: 90.07

[2024-07-07 22:16:58,615][    INFO] ===========> Epoch: 18, LR: 0.00669, Previous best: 91.15
[2024-07-07 22:16:59,041][    INFO] Iters: 0, Total loss: 0.021
[2024-07-07 22:17:05,992][    INFO] Iters: 15, Total loss: 0.024
[2024-07-07 22:17:13,872][    INFO] Iters: 30, Total loss: 0.025
[2024-07-07 22:17:19,868][    INFO] Iters: 45, Total loss: 0.025
[2024-07-07 22:17:24,273][    INFO] Iters: 60, Total loss: 0.025
[2024-07-07 22:17:29,392][    INFO] Iters: 75, Total loss: 0.025
[2024-07-07 22:17:36,060][    INFO] Iters: 90, Total loss: 0.025
[2024-07-07 22:17:39,900][    INFO] Iters: 105, Total loss: 0.025
[2024-07-07 22:17:44,650][    INFO] Iters: 120, Total loss: 0.025
[2024-07-07 22:17:50,071][    INFO] ***** Evaluation ***** >>>> Class [0 Right Ventricle] Dice: 87.36
[2024-07-07 22:17:50,072][    INFO] ***** Evaluation ***** >>>> Class [1 Myocardium] Dice: 90.47
[2024-07-07 22:17:50,072][    INFO] ***** Evaluation ***** >>>> Class [2 Left Ventricle] Dice: 95.66
[2024-07-07 22:17:50,072][    INFO] ***** Evaluation ***** >>>> MeanDice: 91.16

[2024-07-07 22:17:50,231][    INFO] ===========> Epoch: 19, LR: 0.00651, Previous best: 91.16
[2024-07-07 22:17:50,640][    INFO] Iters: 0, Total loss: 0.024
[2024-07-07 22:17:54,630][    INFO] Iters: 15, Total loss: 0.024
[2024-07-07 22:17:58,904][    INFO] Iters: 30, Total loss: 0.024
[2024-07-07 22:18:03,114][    INFO] Iters: 45, Total loss: 0.024
[2024-07-07 22:18:10,700][    INFO] Iters: 60, Total loss: 0.024
[2024-07-07 22:18:15,709][    INFO] Iters: 75, Total loss: 0.024
[2024-07-07 22:18:22,143][    INFO] Iters: 90, Total loss: 0.024
[2024-07-07 22:18:26,280][    INFO] Iters: 105, Total loss: 0.024
[2024-07-07 22:18:32,747][    INFO] Iters: 120, Total loss: 0.024
[2024-07-07 22:18:40,251][    INFO] ***** Evaluation ***** >>>> Class [0 Right Ventricle] Dice: 90.06
[2024-07-07 22:18:40,252][    INFO] ***** Evaluation ***** >>>> Class [1 Myocardium] Dice: 87.82
[2024-07-07 22:18:40,252][    INFO] ***** Evaluation ***** >>>> Class [2 Left Ventricle] Dice: 96.11
[2024-07-07 22:18:40,252][    INFO] ***** Evaluation ***** >>>> MeanDice: 91.33

[2024-07-07 22:18:40,373][    INFO] ===========> Epoch: 20, LR: 0.00632, Previous best: 91.33
[2024-07-07 22:18:40,804][    INFO] Iters: 0, Total loss: 0.026
[2024-07-07 22:18:46,589][    INFO] Iters: 15, Total loss: 0.025
[2024-07-07 22:18:51,718][    INFO] Iters: 30, Total loss: 0.025
[2024-07-07 22:18:59,333][    INFO] Iters: 45, Total loss: 0.025
[2024-07-07 22:19:04,253][    INFO] Iters: 60, Total loss: 0.025
[2024-07-07 22:19:09,309][    INFO] Iters: 75, Total loss: 0.025
[2024-07-07 22:19:12,996][    INFO] Iters: 90, Total loss: 0.025
[2024-07-07 22:19:21,532][    INFO] Iters: 105, Total loss: 0.025
[2024-07-07 22:19:26,545][    INFO] Iters: 120, Total loss: 0.025
[2024-07-07 22:19:35,786][    INFO] ***** Evaluation ***** >>>> Class [0 Right Ventricle] Dice: 88.68
[2024-07-07 22:19:35,786][    INFO] ***** Evaluation ***** >>>> Class [1 Myocardium] Dice: 88.86
[2024-07-07 22:19:35,786][    INFO] ***** Evaluation ***** >>>> Class [2 Left Ventricle] Dice: 96.63
[2024-07-07 22:19:35,786][    INFO] ***** Evaluation ***** >>>> MeanDice: 91.39

[2024-07-07 22:19:35,940][    INFO] ===========> Epoch: 21, LR: 0.00613, Previous best: 91.39
[2024-07-07 22:19:36,352][    INFO] Iters: 0, Total loss: 0.028
[2024-07-07 22:19:40,933][    INFO] Iters: 15, Total loss: 0.025
[2024-07-07 22:19:45,563][    INFO] Iters: 30, Total loss: 0.025
[2024-07-07 22:19:50,535][    INFO] Iters: 45, Total loss: 0.025
[2024-07-07 22:19:56,310][    INFO] Iters: 60, Total loss: 0.024
[2024-07-07 22:20:01,440][    INFO] Iters: 75, Total loss: 0.024
[2024-07-07 22:20:09,125][    INFO] Iters: 90, Total loss: 0.024
[2024-07-07 22:20:12,975][    INFO] Iters: 105, Total loss: 0.024
[2024-07-07 22:20:21,919][    INFO] Iters: 120, Total loss: 0.024
[2024-07-07 22:20:36,208][    INFO] ***** Evaluation ***** >>>> Class [0 Right Ventricle] Dice: 83.21
[2024-07-07 22:20:36,208][    INFO] ***** Evaluation ***** >>>> Class [1 Myocardium] Dice: 85.44
[2024-07-07 22:20:36,208][    INFO] ***** Evaluation ***** >>>> Class [2 Left Ventricle] Dice: 91.46
[2024-07-07 22:20:36,208][    INFO] ***** Evaluation ***** >>>> MeanDice: 86.70

[2024-07-07 22:20:36,305][    INFO] ===========> Epoch: 22, LR: 0.00594, Previous best: 91.39
[2024-07-07 22:20:36,766][    INFO] Iters: 0, Total loss: 0.028
[2024-07-07 22:20:42,297][    INFO] Iters: 15, Total loss: 0.024
[2024-07-07 22:20:46,932][    INFO] Iters: 30, Total loss: 0.024
[2024-07-07 22:20:52,472][    INFO] Iters: 45, Total loss: 0.024
[2024-07-07 22:20:57,394][    INFO] Iters: 60, Total loss: 0.024
[2024-07-07 22:21:01,929][    INFO] Iters: 75, Total loss: 0.024
[2024-07-07 22:21:06,810][    INFO] Iters: 90, Total loss: 0.024
[2024-07-07 22:21:11,715][    INFO] Iters: 105, Total loss: 0.024
[2024-07-07 22:21:19,643][    INFO] Iters: 120, Total loss: 0.024
[2024-07-07 22:21:25,705][    INFO] ***** Evaluation ***** >>>> Class [0 Right Ventricle] Dice: 89.42
[2024-07-07 22:21:25,705][    INFO] ***** Evaluation ***** >>>> Class [1 Myocardium] Dice: 89.28
[2024-07-07 22:21:25,705][    INFO] ***** Evaluation ***** >>>> Class [2 Left Ventricle] Dice: 95.92
[2024-07-07 22:21:25,705][    INFO] ***** Evaluation ***** >>>> MeanDice: 91.54

[2024-07-07 22:21:26,063][    INFO] ===========> Epoch: 23, LR: 0.00574, Previous best: 91.54
[2024-07-07 22:21:26,505][    INFO] Iters: 0, Total loss: 0.024
[2024-07-07 22:21:32,254][    INFO] Iters: 15, Total loss: 0.025
[2024-07-07 22:21:37,272][    INFO] Iters: 30, Total loss: 0.024
[2024-07-07 22:21:42,120][    INFO] Iters: 45, Total loss: 0.024
[2024-07-07 22:21:48,627][    INFO] Iters: 60, Total loss: 0.024
[2024-07-07 22:21:54,938][    INFO] Iters: 75, Total loss: 0.024
[2024-07-07 22:22:00,624][    INFO] Iters: 90, Total loss: 0.024
[2024-07-07 22:22:07,914][    INFO] Iters: 105, Total loss: 0.023
[2024-07-07 22:22:12,406][    INFO] Iters: 120, Total loss: 0.023
[2024-07-07 22:22:17,651][    INFO] ***** Evaluation ***** >>>> Class [0 Right Ventricle] Dice: 91.45
[2024-07-07 22:22:17,652][    INFO] ***** Evaluation ***** >>>> Class [1 Myocardium] Dice: 89.49
[2024-07-07 22:22:17,652][    INFO] ***** Evaluation ***** >>>> Class [2 Left Ventricle] Dice: 96.12
[2024-07-07 22:22:17,652][    INFO] ***** Evaluation ***** >>>> MeanDice: 92.35

[2024-07-07 22:22:17,887][    INFO] ===========> Epoch: 24, LR: 0.00555, Previous best: 92.35
[2024-07-07 22:22:18,347][    INFO] Iters: 0, Total loss: 0.023
[2024-07-07 22:22:22,798][    INFO] Iters: 15, Total loss: 0.022
[2024-07-07 22:22:27,617][    INFO] Iters: 30, Total loss: 0.023
[2024-07-07 22:22:34,214][    INFO] Iters: 45, Total loss: 0.023
[2024-07-07 22:22:38,541][    INFO] Iters: 60, Total loss: 0.023
[2024-07-07 22:22:42,439][    INFO] Iters: 75, Total loss: 0.023
[2024-07-07 22:22:46,427][    INFO] Iters: 90, Total loss: 0.023
[2024-07-07 22:22:50,748][    INFO] Iters: 105, Total loss: 0.023
[2024-07-07 22:22:55,725][    INFO] Iters: 120, Total loss: 0.023
[2024-07-07 22:23:02,197][    INFO] ***** Evaluation ***** >>>> Class [0 Right Ventricle] Dice: 90.95
[2024-07-07 22:23:02,198][    INFO] ***** Evaluation ***** >>>> Class [1 Myocardium] Dice: 90.54
[2024-07-07 22:23:02,198][    INFO] ***** Evaluation ***** >>>> Class [2 Left Ventricle] Dice: 94.86
[2024-07-07 22:23:02,198][    INFO] ***** Evaluation ***** >>>> MeanDice: 92.12

[2024-07-07 22:23:02,652][    INFO] ===========> Epoch: 25, LR: 0.00536, Previous best: 92.35
[2024-07-07 22:23:03,562][    INFO] Iters: 0, Total loss: 0.021
[2024-07-07 22:23:09,925][    INFO] Iters: 15, Total loss: 0.024
[2024-07-07 22:23:14,207][    INFO] Iters: 30, Total loss: 0.024
[2024-07-07 22:23:18,377][    INFO] Iters: 45, Total loss: 0.023
[2024-07-07 22:23:22,245][    INFO] Iters: 60, Total loss: 0.023
[2024-07-07 22:23:27,470][    INFO] Iters: 75, Total loss: 0.023
[2024-07-07 22:23:32,970][    INFO] Iters: 90, Total loss: 0.023
[2024-07-07 22:23:36,922][    INFO] Iters: 105, Total loss: 0.023
[2024-07-07 22:23:42,309][    INFO] Iters: 120, Total loss: 0.023
[2024-07-07 22:23:49,074][    INFO] ***** Evaluation ***** >>>> Class [0 Right Ventricle] Dice: 89.93
[2024-07-07 22:23:49,075][    INFO] ***** Evaluation ***** >>>> Class [1 Myocardium] Dice: 88.97
[2024-07-07 22:23:49,075][    INFO] ***** Evaluation ***** >>>> Class [2 Left Ventricle] Dice: 95.90
[2024-07-07 22:23:49,075][    INFO] ***** Evaluation ***** >>>> MeanDice: 91.60

[2024-07-07 22:23:49,190][    INFO] ===========> Epoch: 26, LR: 0.00517, Previous best: 92.35
[2024-07-07 22:23:49,621][    INFO] Iters: 0, Total loss: 0.025
[2024-07-07 22:23:54,511][    INFO] Iters: 15, Total loss: 0.023
[2024-07-07 22:23:59,576][    INFO] Iters: 30, Total loss: 0.024
[2024-07-07 22:24:07,635][    INFO] Iters: 45, Total loss: 0.023
[2024-07-07 22:24:14,453][    INFO] Iters: 60, Total loss: 0.023
[2024-07-07 22:24:22,889][    INFO] Iters: 75, Total loss: 0.023
[2024-07-07 22:24:27,774][    INFO] Iters: 90, Total loss: 0.023
[2024-07-07 22:24:35,054][    INFO] Iters: 105, Total loss: 0.023
[2024-07-07 22:24:40,204][    INFO] Iters: 120, Total loss: 0.023
[2024-07-07 22:24:45,645][    INFO] ***** Evaluation ***** >>>> Class [0 Right Ventricle] Dice: 90.64
[2024-07-07 22:24:45,645][    INFO] ***** Evaluation ***** >>>> Class [1 Myocardium] Dice: 90.51
[2024-07-07 22:24:45,645][    INFO] ***** Evaluation ***** >>>> Class [2 Left Ventricle] Dice: 96.46
[2024-07-07 22:24:45,645][    INFO] ***** Evaluation ***** >>>> MeanDice: 92.54

[2024-07-07 22:24:45,799][    INFO] ===========> Epoch: 27, LR: 0.00497, Previous best: 92.54
[2024-07-07 22:24:46,226][    INFO] Iters: 0, Total loss: 0.022
[2024-07-07 22:24:50,681][    INFO] Iters: 15, Total loss: 0.022
[2024-07-07 22:24:55,292][    INFO] Iters: 30, Total loss: 0.023
[2024-07-07 22:25:00,595][    INFO] Iters: 45, Total loss: 0.023
[2024-07-07 22:25:07,304][    INFO] Iters: 60, Total loss: 0.023
[2024-07-07 22:25:12,205][    INFO] Iters: 75, Total loss: 0.022
[2024-07-07 22:25:17,945][    INFO] Iters: 90, Total loss: 0.022
[2024-07-07 22:25:24,257][    INFO] Iters: 105, Total loss: 0.022
[2024-07-07 22:25:28,439][    INFO] Iters: 120, Total loss: 0.022
[2024-07-07 22:25:37,250][    INFO] ***** Evaluation ***** >>>> Class [0 Right Ventricle] Dice: 88.84
[2024-07-07 22:25:37,250][    INFO] ***** Evaluation ***** >>>> Class [1 Myocardium] Dice: 90.40
[2024-07-07 22:25:37,250][    INFO] ***** Evaluation ***** >>>> Class [2 Left Ventricle] Dice: 95.29
[2024-07-07 22:25:37,250][    INFO] ***** Evaluation ***** >>>> MeanDice: 91.51

[2024-07-07 22:25:37,310][    INFO] ===========> Epoch: 28, LR: 0.00478, Previous best: 92.54
[2024-07-07 22:25:37,756][    INFO] Iters: 0, Total loss: 0.025
[2024-07-07 22:25:42,449][    INFO] Iters: 15, Total loss: 0.022
[2024-07-07 22:25:47,041][    INFO] Iters: 30, Total loss: 0.022
[2024-07-07 22:25:51,373][    INFO] Iters: 45, Total loss: 0.022
[2024-07-07 22:25:55,678][    INFO] Iters: 60, Total loss: 0.022
[2024-07-07 22:25:59,445][    INFO] Iters: 75, Total loss: 0.022
[2024-07-07 22:26:03,771][    INFO] Iters: 90, Total loss: 0.022
[2024-07-07 22:26:10,031][    INFO] Iters: 105, Total loss: 0.022
[2024-07-07 22:26:14,159][    INFO] Iters: 120, Total loss: 0.022
[2024-07-07 22:26:23,646][    INFO] ***** Evaluation ***** >>>> Class [0 Right Ventricle] Dice: 89.03
[2024-07-07 22:26:23,646][    INFO] ***** Evaluation ***** >>>> Class [1 Myocardium] Dice: 89.62
[2024-07-07 22:26:23,646][    INFO] ***** Evaluation ***** >>>> Class [2 Left Ventricle] Dice: 95.28
[2024-07-07 22:26:23,646][    INFO] ***** Evaluation ***** >>>> MeanDice: 91.31

[2024-07-07 22:26:23,709][    INFO] ===========> Epoch: 29, LR: 0.00458, Previous best: 92.54
[2024-07-07 22:26:24,161][    INFO] Iters: 0, Total loss: 0.018
[2024-07-07 22:26:28,842][    INFO] Iters: 15, Total loss: 0.022
[2024-07-07 22:26:38,268][    INFO] Iters: 30, Total loss: 0.021
[2024-07-07 22:26:43,160][    INFO] Iters: 45, Total loss: 0.022
[2024-07-07 22:26:48,788][    INFO] Iters: 60, Total loss: 0.022
[2024-07-07 22:26:55,929][    INFO] Iters: 75, Total loss: 0.022
[2024-07-07 22:27:00,282][    INFO] Iters: 90, Total loss: 0.022
[2024-07-07 22:27:05,269][    INFO] Iters: 105, Total loss: 0.022
[2024-07-07 22:27:13,764][    INFO] Iters: 120, Total loss: 0.022
[2024-07-07 22:27:20,437][    INFO] ***** Evaluation ***** >>>> Class [0 Right Ventricle] Dice: 89.65
[2024-07-07 22:27:20,437][    INFO] ***** Evaluation ***** >>>> Class [1 Myocardium] Dice: 89.98
[2024-07-07 22:27:20,437][    INFO] ***** Evaluation ***** >>>> Class [2 Left Ventricle] Dice: 95.77
[2024-07-07 22:27:20,437][    INFO] ***** Evaluation ***** >>>> MeanDice: 91.80

[2024-07-07 22:27:20,497][    INFO] ===========> Epoch: 30, LR: 0.00439, Previous best: 92.54
[2024-07-07 22:27:22,342][    INFO] Iters: 0, Total loss: 0.022
[2024-07-07 22:27:29,294][    INFO] Iters: 15, Total loss: 0.022
[2024-07-07 22:27:34,477][    INFO] Iters: 30, Total loss: 0.022
[2024-07-07 22:27:41,774][    INFO] Iters: 45, Total loss: 0.021
[2024-07-07 22:27:46,755][    INFO] Iters: 60, Total loss: 0.021
[2024-07-07 22:27:50,591][    INFO] Iters: 75, Total loss: 0.021
[2024-07-07 22:27:55,518][    INFO] Iters: 90, Total loss: 0.021
[2024-07-07 22:28:00,970][    INFO] Iters: 105, Total loss: 0.022
[2024-07-07 22:28:05,209][    INFO] Iters: 120, Total loss: 0.022
[2024-07-07 22:28:11,736][    INFO] ***** Evaluation ***** >>>> Class [0 Right Ventricle] Dice: 90.64
[2024-07-07 22:28:11,736][    INFO] ***** Evaluation ***** >>>> Class [1 Myocardium] Dice: 90.53
[2024-07-07 22:28:11,736][    INFO] ***** Evaluation ***** >>>> Class [2 Left Ventricle] Dice: 95.59
[2024-07-07 22:28:11,736][    INFO] ***** Evaluation ***** >>>> MeanDice: 92.26

[2024-07-07 22:28:11,950][    INFO] ===========> Epoch: 31, LR: 0.00419, Previous best: 92.54
[2024-07-07 22:28:12,461][    INFO] Iters: 0, Total loss: 0.025
[2024-07-07 22:28:16,999][    INFO] Iters: 15, Total loss: 0.022
[2024-07-07 22:28:20,922][    INFO] Iters: 30, Total loss: 0.022
[2024-07-07 22:28:28,285][    INFO] Iters: 45, Total loss: 0.023
[2024-07-07 22:28:32,892][    INFO] Iters: 60, Total loss: 0.022
[2024-07-07 22:28:41,381][    INFO] Iters: 75, Total loss: 0.022
[2024-07-07 22:28:46,077][    INFO] Iters: 90, Total loss: 0.022
[2024-07-07 22:28:50,346][    INFO] Iters: 105, Total loss: 0.022
[2024-07-07 22:28:57,671][    INFO] Iters: 120, Total loss: 0.022
[2024-07-07 22:29:07,705][    INFO] ***** Evaluation ***** >>>> Class [0 Right Ventricle] Dice: 90.08
[2024-07-07 22:29:07,706][    INFO] ***** Evaluation ***** >>>> Class [1 Myocardium] Dice: 89.42
[2024-07-07 22:29:07,706][    INFO] ***** Evaluation ***** >>>> Class [2 Left Ventricle] Dice: 93.61
[2024-07-07 22:29:07,706][    INFO] ***** Evaluation ***** >>>> MeanDice: 91.04

[2024-07-07 22:29:07,772][    INFO] ===========> Epoch: 32, LR: 0.00399, Previous best: 92.54
[2024-07-07 22:29:08,237][    INFO] Iters: 0, Total loss: 0.020
[2024-07-07 22:29:14,615][    INFO] Iters: 15, Total loss: 0.023
[2024-07-07 22:29:19,947][    INFO] Iters: 30, Total loss: 0.022
[2024-07-07 22:29:25,148][    INFO] Iters: 45, Total loss: 0.021
[2024-07-07 22:29:31,472][    INFO] Iters: 60, Total loss: 0.022
[2024-07-07 22:29:36,462][    INFO] Iters: 75, Total loss: 0.022
[2024-07-07 22:29:44,787][    INFO] Iters: 90, Total loss: 0.022
[2024-07-07 22:29:49,261][    INFO] Iters: 105, Total loss: 0.022
[2024-07-07 22:29:54,653][    INFO] Iters: 120, Total loss: 0.022
[2024-07-07 22:30:01,401][    INFO] ***** Evaluation ***** >>>> Class [0 Right Ventricle] Dice: 89.99
[2024-07-07 22:30:01,401][    INFO] ***** Evaluation ***** >>>> Class [1 Myocardium] Dice: 90.27
[2024-07-07 22:30:01,401][    INFO] ***** Evaluation ***** >>>> Class [2 Left Ventricle] Dice: 96.19
[2024-07-07 22:30:01,401][    INFO] ***** Evaluation ***** >>>> MeanDice: 92.15

[2024-07-07 22:30:01,498][    INFO] ===========> Epoch: 33, LR: 0.00379, Previous best: 92.54
[2024-07-07 22:30:01,926][    INFO] Iters: 0, Total loss: 0.020
[2024-07-07 22:30:08,371][    INFO] Iters: 15, Total loss: 0.021
[2024-07-07 22:30:14,049][    INFO] Iters: 30, Total loss: 0.022
[2024-07-07 22:30:21,174][    INFO] Iters: 45, Total loss: 0.022
[2024-07-07 22:30:26,270][    INFO] Iters: 60, Total loss: 0.022
[2024-07-07 22:30:33,249][    INFO] Iters: 75, Total loss: 0.022
[2024-07-07 22:30:37,636][    INFO] Iters: 90, Total loss: 0.022
[2024-07-07 22:30:48,300][    INFO] Iters: 105, Total loss: 0.022
[2024-07-07 22:30:54,207][    INFO] Iters: 120, Total loss: 0.022
[2024-07-07 22:31:00,433][    INFO] ***** Evaluation ***** >>>> Class [0 Right Ventricle] Dice: 89.75
[2024-07-07 22:31:00,433][    INFO] ***** Evaluation ***** >>>> Class [1 Myocardium] Dice: 90.25
[2024-07-07 22:31:00,433][    INFO] ***** Evaluation ***** >>>> Class [2 Left Ventricle] Dice: 95.73
[2024-07-07 22:31:00,433][    INFO] ***** Evaluation ***** >>>> MeanDice: 91.91

[2024-07-07 22:31:00,528][    INFO] ===========> Epoch: 34, LR: 0.00359, Previous best: 92.54
[2024-07-07 22:31:00,953][    INFO] Iters: 0, Total loss: 0.020
[2024-07-07 22:31:07,029][    INFO] Iters: 15, Total loss: 0.022
[2024-07-07 22:31:12,629][    INFO] Iters: 30, Total loss: 0.021
[2024-07-07 22:31:16,619][    INFO] Iters: 45, Total loss: 0.021
[2024-07-07 22:31:24,007][    INFO] Iters: 60, Total loss: 0.021
[2024-07-07 22:31:28,630][    INFO] Iters: 75, Total loss: 0.021
[2024-07-07 22:31:35,363][    INFO] Iters: 90, Total loss: 0.022
[2024-07-07 22:31:39,516][    INFO] Iters: 105, Total loss: 0.021
[2024-07-07 22:31:44,978][    INFO] Iters: 120, Total loss: 0.022
[2024-07-07 22:31:57,598][    INFO] ***** Evaluation ***** >>>> Class [0 Right Ventricle] Dice: 91.87
[2024-07-07 22:31:57,598][    INFO] ***** Evaluation ***** >>>> Class [1 Myocardium] Dice: 91.55
[2024-07-07 22:31:57,598][    INFO] ***** Evaluation ***** >>>> Class [2 Left Ventricle] Dice: 96.39
[2024-07-07 22:31:57,598][    INFO] ***** Evaluation ***** >>>> MeanDice: 93.27

[2024-07-07 22:31:57,763][    INFO] ===========> Epoch: 35, LR: 0.00339, Previous best: 93.27
[2024-07-07 22:31:58,427][    INFO] Iters: 0, Total loss: 0.018
[2024-07-07 22:32:02,387][    INFO] Iters: 15, Total loss: 0.023
[2024-07-07 22:32:11,285][    INFO] Iters: 30, Total loss: 0.021
[2024-07-07 22:32:16,475][    INFO] Iters: 45, Total loss: 0.021
[2024-07-07 22:32:25,350][    INFO] Iters: 60, Total loss: 0.021
[2024-07-07 22:32:30,201][    INFO] Iters: 75, Total loss: 0.021
[2024-07-07 22:32:37,063][    INFO] Iters: 90, Total loss: 0.021
[2024-07-07 22:32:42,072][    INFO] Iters: 105, Total loss: 0.021
[2024-07-07 22:32:46,848][    INFO] Iters: 120, Total loss: 0.021
[2024-07-07 22:32:52,112][    INFO] ***** Evaluation ***** >>>> Class [0 Right Ventricle] Dice: 91.29
[2024-07-07 22:32:52,112][    INFO] ***** Evaluation ***** >>>> Class [1 Myocardium] Dice: 90.44
[2024-07-07 22:32:52,112][    INFO] ***** Evaluation ***** >>>> Class [2 Left Ventricle] Dice: 96.24
[2024-07-07 22:32:52,112][    INFO] ***** Evaluation ***** >>>> MeanDice: 92.66

[2024-07-07 22:32:52,273][    INFO] ===========> Epoch: 36, LR: 0.00318, Previous best: 93.27
[2024-07-07 22:32:52,806][    INFO] Iters: 0, Total loss: 0.022
[2024-07-07 22:33:00,622][    INFO] Iters: 15, Total loss: 0.021
[2024-07-07 22:33:07,541][    INFO] Iters: 30, Total loss: 0.021
[2024-07-07 22:33:15,302][    INFO] Iters: 45, Total loss: 0.021
[2024-07-07 22:33:19,259][    INFO] Iters: 60, Total loss: 0.021
[2024-07-07 22:33:27,709][    INFO] Iters: 75, Total loss: 0.021
[2024-07-07 22:33:31,972][    INFO] Iters: 90, Total loss: 0.021
[2024-07-07 22:33:36,509][    INFO] Iters: 105, Total loss: 0.021
[2024-07-07 22:33:41,160][    INFO] Iters: 120, Total loss: 0.021
[2024-07-07 22:33:47,569][    INFO] ***** Evaluation ***** >>>> Class [0 Right Ventricle] Dice: 91.22
[2024-07-07 22:33:47,569][    INFO] ***** Evaluation ***** >>>> Class [1 Myocardium] Dice: 90.63
[2024-07-07 22:33:47,569][    INFO] ***** Evaluation ***** >>>> Class [2 Left Ventricle] Dice: 96.34
[2024-07-07 22:33:47,569][    INFO] ***** Evaluation ***** >>>> MeanDice: 92.73

[2024-07-07 22:33:47,632][    INFO] ===========> Epoch: 37, LR: 0.00298, Previous best: 93.27
[2024-07-07 22:33:48,067][    INFO] Iters: 0, Total loss: 0.025
[2024-07-07 22:33:54,286][    INFO] Iters: 15, Total loss: 0.022
[2024-07-07 22:33:58,974][    INFO] Iters: 30, Total loss: 0.021
[2024-07-07 22:34:04,393][    INFO] Iters: 45, Total loss: 0.021
[2024-07-07 22:34:08,681][    INFO] Iters: 60, Total loss: 0.021
[2024-07-07 22:34:15,562][    INFO] Iters: 75, Total loss: 0.021
[2024-07-07 22:34:20,465][    INFO] Iters: 90, Total loss: 0.021
[2024-07-07 22:34:27,338][    INFO] Iters: 105, Total loss: 0.021
[2024-07-07 22:34:34,534][    INFO] Iters: 120, Total loss: 0.021
[2024-07-07 22:34:43,227][    INFO] ***** Evaluation ***** >>>> Class [0 Right Ventricle] Dice: 90.94
[2024-07-07 22:34:43,227][    INFO] ***** Evaluation ***** >>>> Class [1 Myocardium] Dice: 90.45
[2024-07-07 22:34:43,227][    INFO] ***** Evaluation ***** >>>> Class [2 Left Ventricle] Dice: 96.58
[2024-07-07 22:34:43,228][    INFO] ***** Evaluation ***** >>>> MeanDice: 92.66

[2024-07-07 22:34:43,292][    INFO] ===========> Epoch: 38, LR: 0.00277, Previous best: 93.27
[2024-07-07 22:34:43,713][    INFO] Iters: 0, Total loss: 0.018
[2024-07-07 22:34:49,855][    INFO] Iters: 15, Total loss: 0.020
[2024-07-07 22:34:55,164][    INFO] Iters: 30, Total loss: 0.020
[2024-07-07 22:35:01,043][    INFO] Iters: 45, Total loss: 0.020
[2024-07-07 22:35:06,829][    INFO] Iters: 60, Total loss: 0.021
[2024-07-07 22:35:11,971][    INFO] Iters: 75, Total loss: 0.021
[2024-07-07 22:35:18,938][    INFO] Iters: 90, Total loss: 0.021
[2024-07-07 22:35:24,400][    INFO] Iters: 105, Total loss: 0.021
[2024-07-07 22:35:32,882][    INFO] Iters: 120, Total loss: 0.021
[2024-07-07 22:35:39,973][    INFO] ***** Evaluation ***** >>>> Class [0 Right Ventricle] Dice: 90.91
[2024-07-07 22:35:39,974][    INFO] ***** Evaluation ***** >>>> Class [1 Myocardium] Dice: 89.76
[2024-07-07 22:35:39,974][    INFO] ***** Evaluation ***** >>>> Class [2 Left Ventricle] Dice: 96.82
[2024-07-07 22:35:39,974][    INFO] ***** Evaluation ***** >>>> MeanDice: 92.49

[2024-07-07 22:35:40,071][    INFO] ===========> Epoch: 39, LR: 0.00256, Previous best: 93.27
[2024-07-07 22:35:40,486][    INFO] Iters: 0, Total loss: 0.018
[2024-07-07 22:35:45,120][    INFO] Iters: 15, Total loss: 0.021
[2024-07-07 22:35:51,842][    INFO] Iters: 30, Total loss: 0.021
[2024-07-07 22:35:56,453][    INFO] Iters: 45, Total loss: 0.021
[2024-07-07 22:36:01,280][    INFO] Iters: 60, Total loss: 0.021
[2024-07-07 22:36:06,448][    INFO] Iters: 75, Total loss: 0.021
[2024-07-07 22:36:12,099][    INFO] Iters: 90, Total loss: 0.021
[2024-07-07 22:36:16,632][    INFO] Iters: 105, Total loss: 0.021
[2024-07-07 22:36:24,921][    INFO] Iters: 120, Total loss: 0.021
[2024-07-07 22:36:31,289][    INFO] ***** Evaluation ***** >>>> Class [0 Right Ventricle] Dice: 91.47
[2024-07-07 22:36:31,290][    INFO] ***** Evaluation ***** >>>> Class [1 Myocardium] Dice: 90.93
[2024-07-07 22:36:31,290][    INFO] ***** Evaluation ***** >>>> Class [2 Left Ventricle] Dice: 96.30
[2024-07-07 22:36:31,290][    INFO] ***** Evaluation ***** >>>> MeanDice: 92.90

[2024-07-07 22:36:31,355][    INFO] ===========> Epoch: 40, LR: 0.00235, Previous best: 93.27
[2024-07-07 22:36:31,738][    INFO] Iters: 0, Total loss: 0.021
[2024-07-07 22:36:37,508][    INFO] Iters: 15, Total loss: 0.019
[2024-07-07 22:36:41,443][    INFO] Iters: 30, Total loss: 0.020
[2024-07-07 22:36:46,085][    INFO] Iters: 45, Total loss: 0.020
[2024-07-07 22:36:51,760][    INFO] Iters: 60, Total loss: 0.021
[2024-07-07 22:36:55,849][    INFO] Iters: 75, Total loss: 0.021
[2024-07-07 22:37:01,621][    INFO] Iters: 90, Total loss: 0.021
[2024-07-07 22:37:06,388][    INFO] Iters: 105, Total loss: 0.020
[2024-07-07 22:37:11,885][    INFO] Iters: 120, Total loss: 0.020
[2024-07-07 22:37:18,354][    INFO] ***** Evaluation ***** >>>> Class [0 Right Ventricle] Dice: 90.75
[2024-07-07 22:37:18,355][    INFO] ***** Evaluation ***** >>>> Class [1 Myocardium] Dice: 90.59
[2024-07-07 22:37:18,355][    INFO] ***** Evaluation ***** >>>> Class [2 Left Ventricle] Dice: 95.62
[2024-07-07 22:37:18,355][    INFO] ***** Evaluation ***** >>>> MeanDice: 92.32

[2024-07-07 22:37:18,449][    INFO] ===========> Epoch: 41, LR: 0.00214, Previous best: 93.27
[2024-07-07 22:37:18,854][    INFO] Iters: 0, Total loss: 0.017
[2024-07-07 22:37:26,375][    INFO] Iters: 15, Total loss: 0.021
[2024-07-07 22:37:30,635][    INFO] Iters: 30, Total loss: 0.021
[2024-07-07 22:37:37,764][    INFO] Iters: 45, Total loss: 0.020
[2024-07-07 22:37:41,823][    INFO] Iters: 60, Total loss: 0.020
[2024-07-07 22:37:47,124][    INFO] Iters: 75, Total loss: 0.020
[2024-07-07 22:37:51,683][    INFO] Iters: 90, Total loss: 0.021
[2024-07-07 22:37:57,484][    INFO] Iters: 105, Total loss: 0.021
[2024-07-07 22:38:02,296][    INFO] Iters: 120, Total loss: 0.021
[2024-07-07 22:38:07,539][    INFO] ***** Evaluation ***** >>>> Class [0 Right Ventricle] Dice: 91.11
[2024-07-07 22:38:07,540][    INFO] ***** Evaluation ***** >>>> Class [1 Myocardium] Dice: 90.43
[2024-07-07 22:38:07,540][    INFO] ***** Evaluation ***** >>>> Class [2 Left Ventricle] Dice: 95.62
[2024-07-07 22:38:07,540][    INFO] ***** Evaluation ***** >>>> MeanDice: 92.39

[2024-07-07 22:38:07,644][    INFO] ===========> Epoch: 42, LR: 0.00192, Previous best: 93.27
[2024-07-07 22:38:08,061][    INFO] Iters: 0, Total loss: 0.019
[2024-07-07 22:38:12,257][    INFO] Iters: 15, Total loss: 0.021
[2024-07-07 22:38:16,603][    INFO] Iters: 30, Total loss: 0.020
[2024-07-07 22:38:21,368][    INFO] Iters: 45, Total loss: 0.020
[2024-07-07 22:38:25,427][    INFO] Iters: 60, Total loss: 0.021
[2024-07-07 22:38:31,178][    INFO] Iters: 75, Total loss: 0.021
[2024-07-07 22:38:35,135][    INFO] Iters: 90, Total loss: 0.021
[2024-07-07 22:38:39,074][    INFO] Iters: 105, Total loss: 0.021
[2024-07-07 22:38:43,505][    INFO] Iters: 120, Total loss: 0.021
[2024-07-07 22:38:49,867][    INFO] ***** Evaluation ***** >>>> Class [0 Right Ventricle] Dice: 91.13
[2024-07-07 22:38:49,867][    INFO] ***** Evaluation ***** >>>> Class [1 Myocardium] Dice: 91.14
[2024-07-07 22:38:49,867][    INFO] ***** Evaluation ***** >>>> Class [2 Left Ventricle] Dice: 96.25
[2024-07-07 22:38:49,867][    INFO] ***** Evaluation ***** >>>> MeanDice: 92.84

[2024-07-07 22:38:49,965][    INFO] ===========> Epoch: 43, LR: 0.00171, Previous best: 93.27
[2024-07-07 22:38:50,379][    INFO] Iters: 0, Total loss: 0.017
[2024-07-07 22:38:55,042][    INFO] Iters: 15, Total loss: 0.020
[2024-07-07 22:39:00,006][    INFO] Iters: 30, Total loss: 0.020
[2024-07-07 22:39:05,855][    INFO] Iters: 45, Total loss: 0.020
[2024-07-07 22:39:11,892][    INFO] Iters: 60, Total loss: 0.021
[2024-07-07 22:39:16,840][    INFO] Iters: 75, Total loss: 0.020
[2024-07-07 22:39:24,296][    INFO] Iters: 90, Total loss: 0.020
[2024-07-07 22:39:28,228][    INFO] Iters: 105, Total loss: 0.020
[2024-07-07 22:39:32,833][    INFO] Iters: 120, Total loss: 0.020
[2024-07-07 22:39:39,984][    INFO] ***** Evaluation ***** >>>> Class [0 Right Ventricle] Dice: 91.30
[2024-07-07 22:39:39,985][    INFO] ***** Evaluation ***** >>>> Class [1 Myocardium] Dice: 90.78
[2024-07-07 22:39:39,985][    INFO] ***** Evaluation ***** >>>> Class [2 Left Ventricle] Dice: 95.89
[2024-07-07 22:39:39,985][    INFO] ***** Evaluation ***** >>>> MeanDice: 92.66

[2024-07-07 22:39:40,075][    INFO] ===========> Epoch: 44, LR: 0.00149, Previous best: 93.27
[2024-07-07 22:39:40,481][    INFO] Iters: 0, Total loss: 0.019
[2024-07-07 22:39:46,746][    INFO] Iters: 15, Total loss: 0.019
[2024-07-07 22:39:51,073][    INFO] Iters: 30, Total loss: 0.020
[2024-07-07 22:39:55,092][    INFO] Iters: 45, Total loss: 0.020
[2024-07-07 22:40:00,638][    INFO] Iters: 60, Total loss: 0.020
[2024-07-07 22:40:04,874][    INFO] Iters: 75, Total loss: 0.021
[2024-07-07 22:40:09,726][    INFO] Iters: 90, Total loss: 0.021
[2024-07-07 22:40:14,570][    INFO] Iters: 105, Total loss: 0.020
[2024-07-07 22:40:19,181][    INFO] Iters: 120, Total loss: 0.020
[2024-07-07 22:40:24,952][    INFO] ***** Evaluation ***** >>>> Class [0 Right Ventricle] Dice: 91.12
[2024-07-07 22:40:24,953][    INFO] ***** Evaluation ***** >>>> Class [1 Myocardium] Dice: 90.83
[2024-07-07 22:40:24,953][    INFO] ***** Evaluation ***** >>>> Class [2 Left Ventricle] Dice: 96.09
[2024-07-07 22:40:24,953][    INFO] ***** Evaluation ***** >>>> MeanDice: 92.68

[2024-07-07 22:40:25,048][    INFO] ===========> Epoch: 45, LR: 0.00126, Previous best: 93.27
[2024-07-07 22:40:25,466][    INFO] Iters: 0, Total loss: 0.029
[2024-07-07 22:40:31,872][    INFO] Iters: 15, Total loss: 0.020
[2024-07-07 22:40:36,032][    INFO] Iters: 30, Total loss: 0.020
[2024-07-07 22:40:40,414][    INFO] Iters: 45, Total loss: 0.020
[2024-07-07 22:40:44,878][    INFO] Iters: 60, Total loss: 0.020
[2024-07-07 22:40:49,273][    INFO] Iters: 75, Total loss: 0.020
[2024-07-07 22:40:53,221][    INFO] Iters: 90, Total loss: 0.020
[2024-07-07 22:40:57,271][    INFO] Iters: 105, Total loss: 0.020
[2024-07-07 22:41:01,182][    INFO] Iters: 120, Total loss: 0.021
[2024-07-07 22:41:07,784][    INFO] ***** Evaluation ***** >>>> Class [0 Right Ventricle] Dice: 91.18
[2024-07-07 22:41:07,784][    INFO] ***** Evaluation ***** >>>> Class [1 Myocardium] Dice: 91.12
[2024-07-07 22:41:07,784][    INFO] ***** Evaluation ***** >>>> Class [2 Left Ventricle] Dice: 95.94
[2024-07-07 22:41:07,785][    INFO] ***** Evaluation ***** >>>> MeanDice: 92.74

[2024-07-07 22:41:07,846][    INFO] ===========> Epoch: 46, LR: 0.00103, Previous best: 93.27
[2024-07-07 22:41:08,296][    INFO] Iters: 0, Total loss: 0.020
[2024-07-07 22:41:13,245][    INFO] Iters: 15, Total loss: 0.020
[2024-07-07 22:41:18,261][    INFO] Iters: 30, Total loss: 0.020
[2024-07-07 22:41:22,255][    INFO] Iters: 45, Total loss: 0.020
[2024-07-07 22:41:27,038][    INFO] Iters: 60, Total loss: 0.020
[2024-07-07 22:41:30,965][    INFO] Iters: 75, Total loss: 0.020
[2024-07-07 22:41:35,143][    INFO] Iters: 90, Total loss: 0.020
[2024-07-07 22:41:39,312][    INFO] Iters: 105, Total loss: 0.020
[2024-07-07 22:41:43,340][    INFO] Iters: 120, Total loss: 0.020
[2024-07-07 22:41:48,072][    INFO] ***** Evaluation ***** >>>> Class [0 Right Ventricle] Dice: 91.11
[2024-07-07 22:41:48,073][    INFO] ***** Evaluation ***** >>>> Class [1 Myocardium] Dice: 90.98
[2024-07-07 22:41:48,073][    INFO] ***** Evaluation ***** >>>> Class [2 Left Ventricle] Dice: 96.05
[2024-07-07 22:41:48,073][    INFO] ***** Evaluation ***** >>>> MeanDice: 92.72

[2024-07-07 22:41:48,172][    INFO] ===========> Epoch: 47, LR: 0.00080, Previous best: 93.27
[2024-07-07 22:41:48,560][    INFO] Iters: 0, Total loss: 0.026
[2024-07-07 22:41:52,538][    INFO] Iters: 15, Total loss: 0.021
[2024-07-07 22:41:56,996][    INFO] Iters: 30, Total loss: 0.020
[2024-07-07 22:42:02,534][    INFO] Iters: 45, Total loss: 0.020
[2024-07-07 22:42:06,506][    INFO] Iters: 60, Total loss: 0.020
[2024-07-07 22:42:10,610][    INFO] Iters: 75, Total loss: 0.020
[2024-07-07 22:42:14,936][    INFO] Iters: 90, Total loss: 0.020
[2024-07-07 22:42:18,724][    INFO] Iters: 105, Total loss: 0.020
[2024-07-07 22:42:23,484][    INFO] Iters: 120, Total loss: 0.020
[2024-07-07 22:42:28,842][    INFO] ***** Evaluation ***** >>>> Class [0 Right Ventricle] Dice: 91.32
[2024-07-07 22:42:28,842][    INFO] ***** Evaluation ***** >>>> Class [1 Myocardium] Dice: 90.81
[2024-07-07 22:42:28,843][    INFO] ***** Evaluation ***** >>>> Class [2 Left Ventricle] Dice: 95.88
[2024-07-07 22:42:28,843][    INFO] ***** Evaluation ***** >>>> MeanDice: 92.67

[2024-07-07 22:42:28,937][    INFO] ===========> Epoch: 48, LR: 0.00055, Previous best: 93.27
[2024-07-07 22:42:29,362][    INFO] Iters: 0, Total loss: 0.018
[2024-07-07 22:42:33,359][    INFO] Iters: 15, Total loss: 0.021
[2024-07-07 22:42:37,307][    INFO] Iters: 30, Total loss: 0.021
[2024-07-07 22:42:41,372][    INFO] Iters: 45, Total loss: 0.020
[2024-07-07 22:42:45,242][    INFO] Iters: 60, Total loss: 0.020
[2024-07-07 22:42:49,112][    INFO] Iters: 75, Total loss: 0.020
[2024-07-07 22:42:53,219][    INFO] Iters: 90, Total loss: 0.020
[2024-07-07 22:42:57,311][    INFO] Iters: 105, Total loss: 0.020
[2024-07-07 22:43:01,129][    INFO] Iters: 120, Total loss: 0.020
[2024-07-07 22:43:08,294][    INFO] ***** Evaluation ***** >>>> Class [0 Right Ventricle] Dice: 91.71
[2024-07-07 22:43:08,294][    INFO] ***** Evaluation ***** >>>> Class [1 Myocardium] Dice: 91.09
[2024-07-07 22:43:08,294][    INFO] ***** Evaluation ***** >>>> Class [2 Left Ventricle] Dice: 96.27
[2024-07-07 22:43:08,294][    INFO] ***** Evaluation ***** >>>> MeanDice: 93.02

[2024-07-07 22:43:08,394][    INFO] ===========> Epoch: 49, LR: 0.00030, Previous best: 93.27
[2024-07-07 22:43:08,796][    INFO] Iters: 0, Total loss: 0.024
[2024-07-07 22:43:12,653][    INFO] Iters: 15, Total loss: 0.022
[2024-07-07 22:43:16,581][    INFO] Iters: 30, Total loss: 0.021
[2024-07-07 22:43:21,217][    INFO] Iters: 45, Total loss: 0.021
[2024-07-07 22:43:25,042][    INFO] Iters: 60, Total loss: 0.020
[2024-07-07 22:43:28,832][    INFO] Iters: 75, Total loss: 0.021
[2024-07-07 22:43:32,663][    INFO] Iters: 90, Total loss: 0.020
[2024-07-07 22:43:36,425][    INFO] Iters: 105, Total loss: 0.020
[2024-07-07 22:43:40,237][    INFO] Iters: 120, Total loss: 0.020
[2024-07-07 22:43:45,117][    INFO] ***** Evaluation ***** >>>> Class [0 Right Ventricle] Dice: 91.58
[2024-07-07 22:43:45,118][    INFO] ***** Evaluation ***** >>>> Class [1 Myocardium] Dice: 91.07
[2024-07-07 22:43:45,118][    INFO] ***** Evaluation ***** >>>> Class [2 Left Ventricle] Dice: 96.14
[2024-07-07 22:43:45,118][    INFO] ***** Evaluation ***** >>>> MeanDice: 92.93

