[2024-07-06 21:33:17,946][    INFO] {'batch_size': 12,
 'conf_thresh': 0.95,
 'crop_size': 256,
 'data_root': '/vol/aimspace/projects/ukbb/data/cardiac/cardiac_segmentations/subjects',
 'dataset': 'ukbb',
 'epochs': 50,
 'exp': '4',
 'local_rank': 0,
 'lr': 0.01,
 'mode': 'train',
 'nclass': 4,
 'nclass_classif': 3,
 'ngpus': 1,
 'num_workers': 1,
 'port': 8318,
 'seed': '42',
 'seg_model': 'unet',
 'split': 18,
 'task': 'multi_modal',
 'visualize': False}

[2024-07-06 21:33:21,159][    INFO] Total params: 2.0M

[2024-07-06 21:33:21,643][    INFO] ===========> Epoch: 0, LR: 0.01000, Previous best: 0.00
[2024-07-06 21:33:24,059][    INFO] Iters: 0, Total loss: 0.913
[2024-07-06 21:33:27,628][    INFO] Iters: 15, Total loss: 0.570
[2024-07-06 21:33:31,700][    INFO] Iters: 30, Total loss: 0.492
[2024-07-06 21:33:35,756][    INFO] Iters: 45, Total loss: 0.456
[2024-07-06 21:33:39,555][    INFO] Iters: 60, Total loss: 0.430
[2024-07-06 21:33:43,347][    INFO] Iters: 75, Total loss: 0.411
[2024-07-06 21:33:47,014][    INFO] Iters: 90, Total loss: 0.390
[2024-07-06 21:33:50,751][    INFO] Iters: 105, Total loss: 0.370
[2024-07-06 21:33:59,563][    INFO] ***** Evaluation ***** >>>> Class [0 Right Ventricle] Dice: 14.14
[2024-07-06 21:33:59,563][    INFO] ***** Evaluation ***** >>>> Class [1 Myocardium] Dice: 24.76
[2024-07-06 21:33:59,563][    INFO] ***** Evaluation ***** >>>> Class [2 Left Ventricle] Dice: 27.33
[2024-07-06 21:33:59,563][    INFO] ***** Evaluation ***** >>>> MeanDice: 22.08

[2024-07-06 21:33:59,957][    INFO] ===========> Epoch: 1, LR: 0.00982, Previous best: 22.08
[2024-07-06 21:34:00,372][    INFO] Iters: 0, Total loss: 0.224
[2024-07-06 21:34:04,441][    INFO] Iters: 15, Total loss: 0.183
[2024-07-06 21:34:08,299][    INFO] Iters: 30, Total loss: 0.169
[2024-07-06 21:34:12,216][    INFO] Iters: 45, Total loss: 0.159
[2024-07-06 21:34:15,953][    INFO] Iters: 60, Total loss: 0.148
[2024-07-06 21:34:19,717][    INFO] Iters: 75, Total loss: 0.139
[2024-07-06 21:34:23,379][    INFO] Iters: 90, Total loss: 0.130
[2024-07-06 21:34:27,114][    INFO] Iters: 105, Total loss: 0.123
[2024-07-06 21:34:42,817][    INFO] ***** Evaluation ***** >>>> Class [0 Right Ventricle] Dice: 46.41
[2024-07-06 21:34:42,818][    INFO] ***** Evaluation ***** >>>> Class [1 Myocardium] Dice: 62.90
[2024-07-06 21:34:42,818][    INFO] ***** Evaluation ***** >>>> Class [2 Left Ventricle] Dice: 72.15
[2024-07-06 21:34:42,818][    INFO] ***** Evaluation ***** >>>> MeanDice: 60.49

[2024-07-06 21:34:43,219][    INFO] ===========> Epoch: 2, LR: 0.00964, Previous best: 60.49
[2024-07-06 21:34:43,661][    INFO] Iters: 0, Total loss: 0.067
[2024-07-06 21:34:47,628][    INFO] Iters: 15, Total loss: 0.075
[2024-07-06 21:34:51,466][    INFO] Iters: 30, Total loss: 0.071
[2024-07-06 21:34:55,317][    INFO] Iters: 45, Total loss: 0.069
[2024-07-06 21:34:59,083][    INFO] Iters: 60, Total loss: 0.069
[2024-07-06 21:35:02,866][    INFO] Iters: 75, Total loss: 0.067
[2024-07-06 21:35:06,614][    INFO] Iters: 90, Total loss: 0.066
[2024-07-06 21:35:10,376][    INFO] Iters: 105, Total loss: 0.065
[2024-07-06 21:35:19,536][    INFO] ***** Evaluation ***** >>>> Class [0 Right Ventricle] Dice: 74.43
[2024-07-06 21:35:19,536][    INFO] ***** Evaluation ***** >>>> Class [1 Myocardium] Dice: 78.36
[2024-07-06 21:35:19,536][    INFO] ***** Evaluation ***** >>>> Class [2 Left Ventricle] Dice: 86.07
[2024-07-06 21:35:19,536][    INFO] ***** Evaluation ***** >>>> MeanDice: 79.62

[2024-07-06 21:35:19,905][    INFO] ===========> Epoch: 3, LR: 0.00946, Previous best: 79.62
[2024-07-06 21:35:20,361][    INFO] Iters: 0, Total loss: 0.042
[2024-07-06 21:35:24,349][    INFO] Iters: 15, Total loss: 0.049
[2024-07-06 21:35:28,383][    INFO] Iters: 30, Total loss: 0.049
[2024-07-06 21:35:32,302][    INFO] Iters: 45, Total loss: 0.050
[2024-07-06 21:35:36,056][    INFO] Iters: 60, Total loss: 0.049
[2024-07-06 21:35:39,874][    INFO] Iters: 75, Total loss: 0.049
[2024-07-06 21:35:43,665][    INFO] Iters: 90, Total loss: 0.049
[2024-07-06 21:35:47,402][    INFO] Iters: 105, Total loss: 0.049
[2024-07-06 21:35:56,418][    INFO] ***** Evaluation ***** >>>> Class [0 Right Ventricle] Dice: 78.67
[2024-07-06 21:35:56,419][    INFO] ***** Evaluation ***** >>>> Class [1 Myocardium] Dice: 81.66
[2024-07-06 21:35:56,419][    INFO] ***** Evaluation ***** >>>> Class [2 Left Ventricle] Dice: 89.28
[2024-07-06 21:35:56,419][    INFO] ***** Evaluation ***** >>>> MeanDice: 83.20

[2024-07-06 21:35:56,818][    INFO] ===========> Epoch: 4, LR: 0.00928, Previous best: 83.20
[2024-07-06 21:35:57,215][    INFO] Iters: 0, Total loss: 0.036
[2024-07-06 21:36:01,298][    INFO] Iters: 15, Total loss: 0.049
[2024-07-06 21:36:05,228][    INFO] Iters: 30, Total loss: 0.046
[2024-07-06 21:36:09,087][    INFO] Iters: 45, Total loss: 0.044
[2024-07-06 21:36:13,012][    INFO] Iters: 60, Total loss: 0.045
[2024-07-06 21:36:16,840][    INFO] Iters: 75, Total loss: 0.044
[2024-07-06 21:36:20,568][    INFO] Iters: 90, Total loss: 0.044
[2024-07-06 21:36:24,334][    INFO] Iters: 105, Total loss: 0.044
[2024-07-06 21:36:33,168][    INFO] ***** Evaluation ***** >>>> Class [0 Right Ventricle] Dice: 76.74
[2024-07-06 21:36:33,168][    INFO] ***** Evaluation ***** >>>> Class [1 Myocardium] Dice: 80.20
[2024-07-06 21:36:33,168][    INFO] ***** Evaluation ***** >>>> Class [2 Left Ventricle] Dice: 86.82
[2024-07-06 21:36:33,168][    INFO] ***** Evaluation ***** >>>> MeanDice: 81.25

[2024-07-06 21:36:33,354][    INFO] ===========> Epoch: 5, LR: 0.00910, Previous best: 83.20
[2024-07-06 21:36:33,812][    INFO] Iters: 0, Total loss: 0.032
[2024-07-06 21:36:37,998][    INFO] Iters: 15, Total loss: 0.041
[2024-07-06 21:36:42,118][    INFO] Iters: 30, Total loss: 0.041
[2024-07-06 21:36:46,044][    INFO] Iters: 45, Total loss: 0.040
[2024-07-06 21:36:49,779][    INFO] Iters: 60, Total loss: 0.040
[2024-07-06 21:36:53,537][    INFO] Iters: 75, Total loss: 0.040
[2024-07-06 21:36:57,244][    INFO] Iters: 90, Total loss: 0.039
[2024-07-06 21:37:00,930][    INFO] Iters: 105, Total loss: 0.039
[2024-07-06 21:37:09,615][    INFO] ***** Evaluation ***** >>>> Class [0 Right Ventricle] Dice: 81.34
[2024-07-06 21:37:09,616][    INFO] ***** Evaluation ***** >>>> Class [1 Myocardium] Dice: 84.76
[2024-07-06 21:37:09,616][    INFO] ***** Evaluation ***** >>>> Class [2 Left Ventricle] Dice: 91.45
[2024-07-06 21:37:09,616][    INFO] ***** Evaluation ***** >>>> MeanDice: 85.85

[2024-07-06 21:37:09,984][    INFO] ===========> Epoch: 6, LR: 0.00891, Previous best: 85.85
[2024-07-06 21:37:10,415][    INFO] Iters: 0, Total loss: 0.030
[2024-07-06 21:37:14,310][    INFO] Iters: 15, Total loss: 0.033
[2024-07-06 21:37:18,176][    INFO] Iters: 30, Total loss: 0.036
[2024-07-06 21:37:22,017][    INFO] Iters: 45, Total loss: 0.036
[2024-07-06 21:37:25,839][    INFO] Iters: 60, Total loss: 0.036
[2024-07-06 21:37:29,613][    INFO] Iters: 75, Total loss: 0.036
[2024-07-06 21:37:33,469][    INFO] Iters: 90, Total loss: 0.037
[2024-07-06 21:37:37,368][    INFO] Iters: 105, Total loss: 0.036
[2024-07-06 21:37:46,285][    INFO] ***** Evaluation ***** >>>> Class [0 Right Ventricle] Dice: 81.11
[2024-07-06 21:37:46,286][    INFO] ***** Evaluation ***** >>>> Class [1 Myocardium] Dice: 85.40
[2024-07-06 21:37:46,286][    INFO] ***** Evaluation ***** >>>> Class [2 Left Ventricle] Dice: 92.94
[2024-07-06 21:37:46,286][    INFO] ***** Evaluation ***** >>>> MeanDice: 86.48

[2024-07-06 21:37:46,718][    INFO] ===========> Epoch: 7, LR: 0.00873, Previous best: 86.48
[2024-07-06 21:37:47,161][    INFO] Iters: 0, Total loss: 0.030
[2024-07-06 21:37:50,974][    INFO] Iters: 15, Total loss: 0.035
[2024-07-06 21:37:55,081][    INFO] Iters: 30, Total loss: 0.035
[2024-07-06 21:37:58,993][    INFO] Iters: 45, Total loss: 0.036
[2024-07-06 21:38:02,849][    INFO] Iters: 60, Total loss: 0.035
[2024-07-06 21:38:06,635][    INFO] Iters: 75, Total loss: 0.035
[2024-07-06 21:38:10,443][    INFO] Iters: 90, Total loss: 0.034
[2024-07-06 21:38:14,177][    INFO] Iters: 105, Total loss: 0.034
[2024-07-06 21:38:29,660][    INFO] ***** Evaluation ***** >>>> Class [0 Right Ventricle] Dice: 83.83
[2024-07-06 21:38:29,660][    INFO] ***** Evaluation ***** >>>> Class [1 Myocardium] Dice: 86.38
[2024-07-06 21:38:29,661][    INFO] ***** Evaluation ***** >>>> Class [2 Left Ventricle] Dice: 92.76
[2024-07-06 21:38:29,661][    INFO] ***** Evaluation ***** >>>> MeanDice: 87.66

[2024-07-06 21:38:30,092][    INFO] ===========> Epoch: 8, LR: 0.00855, Previous best: 87.66
[2024-07-06 21:38:30,545][    INFO] Iters: 0, Total loss: 0.027
[2024-07-06 21:38:34,445][    INFO] Iters: 15, Total loss: 0.033
[2024-07-06 21:38:38,284][    INFO] Iters: 30, Total loss: 0.031
[2024-07-06 21:38:42,254][    INFO] Iters: 45, Total loss: 0.031
[2024-07-06 21:38:46,063][    INFO] Iters: 60, Total loss: 0.032
[2024-07-06 21:38:49,887][    INFO] Iters: 75, Total loss: 0.032
[2024-07-06 21:38:53,754][    INFO] Iters: 90, Total loss: 0.032
[2024-07-06 21:38:57,577][    INFO] Iters: 105, Total loss: 0.032
[2024-07-06 21:39:06,668][    INFO] ***** Evaluation ***** >>>> Class [0 Right Ventricle] Dice: 85.97
[2024-07-06 21:39:06,669][    INFO] ***** Evaluation ***** >>>> Class [1 Myocardium] Dice: 86.32
[2024-07-06 21:39:06,669][    INFO] ***** Evaluation ***** >>>> Class [2 Left Ventricle] Dice: 94.02
[2024-07-06 21:39:06,669][    INFO] ***** Evaluation ***** >>>> MeanDice: 88.77

[2024-07-06 21:39:07,043][    INFO] ===========> Epoch: 9, LR: 0.00837, Previous best: 88.77
[2024-07-06 21:39:07,471][    INFO] Iters: 0, Total loss: 0.033
[2024-07-06 21:39:11,481][    INFO] Iters: 15, Total loss: 0.031
[2024-07-06 21:39:15,579][    INFO] Iters: 30, Total loss: 0.033
[2024-07-06 21:39:19,433][    INFO] Iters: 45, Total loss: 0.033
[2024-07-06 21:39:23,196][    INFO] Iters: 60, Total loss: 0.032
[2024-07-06 21:39:26,918][    INFO] Iters: 75, Total loss: 0.032
[2024-07-06 21:39:30,694][    INFO] Iters: 90, Total loss: 0.032
[2024-07-06 21:39:34,462][    INFO] Iters: 105, Total loss: 0.032
[2024-07-06 21:39:43,419][    INFO] ***** Evaluation ***** >>>> Class [0 Right Ventricle] Dice: 85.29
[2024-07-06 21:39:43,420][    INFO] ***** Evaluation ***** >>>> Class [1 Myocardium] Dice: 87.01
[2024-07-06 21:39:43,420][    INFO] ***** Evaluation ***** >>>> Class [2 Left Ventricle] Dice: 94.37
[2024-07-06 21:39:43,420][    INFO] ***** Evaluation ***** >>>> MeanDice: 88.89

[2024-07-06 21:39:43,853][    INFO] ===========> Epoch: 10, LR: 0.00818, Previous best: 88.89
[2024-07-06 21:39:44,276][    INFO] Iters: 0, Total loss: 0.030
[2024-07-06 21:39:48,215][    INFO] Iters: 15, Total loss: 0.032
[2024-07-06 21:39:52,134][    INFO] Iters: 30, Total loss: 0.030
[2024-07-06 21:39:55,890][    INFO] Iters: 45, Total loss: 0.030
[2024-07-06 21:39:59,686][    INFO] Iters: 60, Total loss: 0.030
[2024-07-06 21:40:03,458][    INFO] Iters: 75, Total loss: 0.031
[2024-07-06 21:40:07,237][    INFO] Iters: 90, Total loss: 0.030
[2024-07-06 21:40:11,041][    INFO] Iters: 105, Total loss: 0.030
[2024-07-06 21:40:20,044][    INFO] ***** Evaluation ***** >>>> Class [0 Right Ventricle] Dice: 86.08
[2024-07-06 21:40:20,044][    INFO] ***** Evaluation ***** >>>> Class [1 Myocardium] Dice: 85.74
[2024-07-06 21:40:20,044][    INFO] ***** Evaluation ***** >>>> Class [2 Left Ventricle] Dice: 91.92
[2024-07-06 21:40:20,045][    INFO] ***** Evaluation ***** >>>> MeanDice: 87.91

[2024-07-06 21:40:20,265][    INFO] ===========> Epoch: 11, LR: 0.00800, Previous best: 88.89
[2024-07-06 21:40:20,698][    INFO] Iters: 0, Total loss: 0.029
[2024-07-06 21:40:24,663][    INFO] Iters: 15, Total loss: 0.029
[2024-07-06 21:40:28,594][    INFO] Iters: 30, Total loss: 0.028
[2024-07-06 21:40:32,427][    INFO] Iters: 45, Total loss: 0.028
[2024-07-06 21:40:36,163][    INFO] Iters: 60, Total loss: 0.028
[2024-07-06 21:40:39,988][    INFO] Iters: 75, Total loss: 0.028
[2024-07-06 21:40:43,817][    INFO] Iters: 90, Total loss: 0.028
[2024-07-06 21:40:47,635][    INFO] Iters: 105, Total loss: 0.028
[2024-07-06 21:40:56,679][    INFO] ***** Evaluation ***** >>>> Class [0 Right Ventricle] Dice: 86.27
[2024-07-06 21:40:56,679][    INFO] ***** Evaluation ***** >>>> Class [1 Myocardium] Dice: 87.28
[2024-07-06 21:40:56,680][    INFO] ***** Evaluation ***** >>>> Class [2 Left Ventricle] Dice: 93.39
[2024-07-06 21:40:56,680][    INFO] ***** Evaluation ***** >>>> MeanDice: 88.98

[2024-07-06 21:40:57,113][    INFO] ===========> Epoch: 12, LR: 0.00781, Previous best: 88.98
[2024-07-06 21:40:57,531][    INFO] Iters: 0, Total loss: 0.033
[2024-07-06 21:41:01,656][    INFO] Iters: 15, Total loss: 0.030
[2024-07-06 21:41:05,567][    INFO] Iters: 30, Total loss: 0.030
[2024-07-06 21:41:09,484][    INFO] Iters: 45, Total loss: 0.030
[2024-07-06 21:41:13,279][    INFO] Iters: 60, Total loss: 0.029
[2024-07-06 21:41:17,111][    INFO] Iters: 75, Total loss: 0.030
[2024-07-06 21:41:20,937][    INFO] Iters: 90, Total loss: 0.029
[2024-07-06 21:41:24,791][    INFO] Iters: 105, Total loss: 0.029
[2024-07-06 21:41:33,699][    INFO] ***** Evaluation ***** >>>> Class [0 Right Ventricle] Dice: 87.76
[2024-07-06 21:41:33,700][    INFO] ***** Evaluation ***** >>>> Class [1 Myocardium] Dice: 87.23
[2024-07-06 21:41:33,700][    INFO] ***** Evaluation ***** >>>> Class [2 Left Ventricle] Dice: 93.71
[2024-07-06 21:41:33,700][    INFO] ***** Evaluation ***** >>>> MeanDice: 89.57

[2024-07-06 21:41:34,097][    INFO] ===========> Epoch: 13, LR: 0.00763, Previous best: 89.57
[2024-07-06 21:41:34,559][    INFO] Iters: 0, Total loss: 0.027
[2024-07-06 21:41:38,539][    INFO] Iters: 15, Total loss: 0.028
[2024-07-06 21:41:42,552][    INFO] Iters: 30, Total loss: 0.028
[2024-07-06 21:41:46,453][    INFO] Iters: 45, Total loss: 0.028
[2024-07-06 21:41:50,275][    INFO] Iters: 60, Total loss: 0.027
[2024-07-06 21:41:54,056][    INFO] Iters: 75, Total loss: 0.027
[2024-07-06 21:41:57,848][    INFO] Iters: 90, Total loss: 0.027
[2024-07-06 21:42:01,652][    INFO] Iters: 105, Total loss: 0.027
[2024-07-06 21:42:17,306][    INFO] ***** Evaluation ***** >>>> Class [0 Right Ventricle] Dice: 85.31
[2024-07-06 21:42:17,306][    INFO] ***** Evaluation ***** >>>> Class [1 Myocardium] Dice: 87.99
[2024-07-06 21:42:17,306][    INFO] ***** Evaluation ***** >>>> Class [2 Left Ventricle] Dice: 93.80
[2024-07-06 21:42:17,306][    INFO] ***** Evaluation ***** >>>> MeanDice: 89.03

[2024-07-06 21:42:17,492][    INFO] ===========> Epoch: 14, LR: 0.00744, Previous best: 89.57
[2024-07-06 21:42:17,941][    INFO] Iters: 0, Total loss: 0.022
[2024-07-06 21:42:21,801][    INFO] Iters: 15, Total loss: 0.026
[2024-07-06 21:42:25,584][    INFO] Iters: 30, Total loss: 0.027
[2024-07-06 21:42:29,417][    INFO] Iters: 45, Total loss: 0.027
[2024-07-06 21:42:33,101][    INFO] Iters: 60, Total loss: 0.027
[2024-07-06 21:42:36,794][    INFO] Iters: 75, Total loss: 0.027
[2024-07-06 21:42:40,570][    INFO] Iters: 90, Total loss: 0.027
[2024-07-06 21:42:44,299][    INFO] Iters: 105, Total loss: 0.027
[2024-07-06 21:42:53,291][    INFO] ***** Evaluation ***** >>>> Class [0 Right Ventricle] Dice: 86.47
[2024-07-06 21:42:53,291][    INFO] ***** Evaluation ***** >>>> Class [1 Myocardium] Dice: 87.96
[2024-07-06 21:42:53,291][    INFO] ***** Evaluation ***** >>>> Class [2 Left Ventricle] Dice: 94.35
[2024-07-06 21:42:53,291][    INFO] ***** Evaluation ***** >>>> MeanDice: 89.59

[2024-07-06 21:42:53,692][    INFO] ===========> Epoch: 15, LR: 0.00726, Previous best: 89.59
[2024-07-06 21:42:54,112][    INFO] Iters: 0, Total loss: 0.028
[2024-07-06 21:42:58,185][    INFO] Iters: 15, Total loss: 0.026
[2024-07-06 21:43:02,121][    INFO] Iters: 30, Total loss: 0.026
[2024-07-06 21:43:05,954][    INFO] Iters: 45, Total loss: 0.026
[2024-07-06 21:43:09,853][    INFO] Iters: 60, Total loss: 0.026
[2024-07-06 21:43:13,719][    INFO] Iters: 75, Total loss: 0.025
[2024-07-06 21:43:17,534][    INFO] Iters: 90, Total loss: 0.025
[2024-07-06 21:43:21,320][    INFO] Iters: 105, Total loss: 0.025
[2024-07-06 21:43:30,401][    INFO] ***** Evaluation ***** >>>> Class [0 Right Ventricle] Dice: 87.56
[2024-07-06 21:43:30,401][    INFO] ***** Evaluation ***** >>>> Class [1 Myocardium] Dice: 88.02
[2024-07-06 21:43:30,401][    INFO] ***** Evaluation ***** >>>> Class [2 Left Ventricle] Dice: 94.30
[2024-07-06 21:43:30,401][    INFO] ***** Evaluation ***** >>>> MeanDice: 89.96

[2024-07-06 21:43:30,833][    INFO] ===========> Epoch: 16, LR: 0.00707, Previous best: 89.96
[2024-07-06 21:43:31,266][    INFO] Iters: 0, Total loss: 0.023
[2024-07-06 21:43:35,092][    INFO] Iters: 15, Total loss: 0.026
[2024-07-06 21:43:38,788][    INFO] Iters: 30, Total loss: 0.026
[2024-07-06 21:43:42,694][    INFO] Iters: 45, Total loss: 0.025
[2024-07-06 21:43:46,491][    INFO] Iters: 60, Total loss: 0.025
[2024-07-06 21:43:50,212][    INFO] Iters: 75, Total loss: 0.025
[2024-07-06 21:43:54,010][    INFO] Iters: 90, Total loss: 0.025
[2024-07-06 21:43:57,756][    INFO] Iters: 105, Total loss: 0.025
[2024-07-06 21:44:06,702][    INFO] ***** Evaluation ***** >>>> Class [0 Right Ventricle] Dice: 88.10
[2024-07-06 21:44:06,702][    INFO] ***** Evaluation ***** >>>> Class [1 Myocardium] Dice: 88.93
[2024-07-06 21:44:06,702][    INFO] ***** Evaluation ***** >>>> Class [2 Left Ventricle] Dice: 95.06
[2024-07-06 21:44:06,702][    INFO] ***** Evaluation ***** >>>> MeanDice: 90.70

[2024-07-06 21:44:07,105][    INFO] ===========> Epoch: 17, LR: 0.00688, Previous best: 90.70
[2024-07-06 21:44:07,572][    INFO] Iters: 0, Total loss: 0.026
[2024-07-06 21:44:11,365][    INFO] Iters: 15, Total loss: 0.026
[2024-07-06 21:44:15,167][    INFO] Iters: 30, Total loss: 0.025
[2024-07-06 21:44:19,013][    INFO] Iters: 45, Total loss: 0.025
[2024-07-06 21:44:22,752][    INFO] Iters: 60, Total loss: 0.025
[2024-07-06 21:44:26,546][    INFO] Iters: 75, Total loss: 0.025
[2024-07-06 21:44:30,331][    INFO] Iters: 90, Total loss: 0.025
[2024-07-06 21:44:34,093][    INFO] Iters: 105, Total loss: 0.025
[2024-07-06 21:44:43,080][    INFO] ***** Evaluation ***** >>>> Class [0 Right Ventricle] Dice: 87.76
[2024-07-06 21:44:43,081][    INFO] ***** Evaluation ***** >>>> Class [1 Myocardium] Dice: 88.38
[2024-07-06 21:44:43,081][    INFO] ***** Evaluation ***** >>>> Class [2 Left Ventricle] Dice: 94.56
[2024-07-06 21:44:43,081][    INFO] ***** Evaluation ***** >>>> MeanDice: 90.24

[2024-07-06 21:44:43,302][    INFO] ===========> Epoch: 18, LR: 0.00669, Previous best: 90.70
[2024-07-06 21:44:43,742][    INFO] Iters: 0, Total loss: 0.031
[2024-07-06 21:44:47,620][    INFO] Iters: 15, Total loss: 0.025
[2024-07-06 21:44:51,474][    INFO] Iters: 30, Total loss: 0.025
[2024-07-06 21:44:55,283][    INFO] Iters: 45, Total loss: 0.025
[2024-07-06 21:44:59,069][    INFO] Iters: 60, Total loss: 0.025
[2024-07-06 21:45:02,904][    INFO] Iters: 75, Total loss: 0.025
[2024-07-06 21:45:06,685][    INFO] Iters: 90, Total loss: 0.025
[2024-07-06 21:45:10,394][    INFO] Iters: 105, Total loss: 0.025
[2024-07-06 21:45:19,272][    INFO] ***** Evaluation ***** >>>> Class [0 Right Ventricle] Dice: 88.20
[2024-07-06 21:45:19,272][    INFO] ***** Evaluation ***** >>>> Class [1 Myocardium] Dice: 89.53
[2024-07-06 21:45:19,272][    INFO] ***** Evaluation ***** >>>> Class [2 Left Ventricle] Dice: 95.30
[2024-07-06 21:45:19,272][    INFO] ***** Evaluation ***** >>>> MeanDice: 91.01

[2024-07-06 21:45:19,677][    INFO] ===========> Epoch: 19, LR: 0.00651, Previous best: 91.01
[2024-07-06 21:45:20,115][    INFO] Iters: 0, Total loss: 0.025
[2024-07-06 21:45:24,075][    INFO] Iters: 15, Total loss: 0.025
[2024-07-06 21:45:27,965][    INFO] Iters: 30, Total loss: 0.024
[2024-07-06 21:45:31,846][    INFO] Iters: 45, Total loss: 0.024
[2024-07-06 21:45:35,651][    INFO] Iters: 60, Total loss: 0.024
[2024-07-06 21:45:39,455][    INFO] Iters: 75, Total loss: 0.024
[2024-07-06 21:45:43,167][    INFO] Iters: 90, Total loss: 0.024
[2024-07-06 21:45:46,890][    INFO] Iters: 105, Total loss: 0.025
[2024-07-06 21:46:02,497][    INFO] ***** Evaluation ***** >>>> Class [0 Right Ventricle] Dice: 87.59
[2024-07-06 21:46:02,497][    INFO] ***** Evaluation ***** >>>> Class [1 Myocardium] Dice: 88.61
[2024-07-06 21:46:02,497][    INFO] ***** Evaluation ***** >>>> Class [2 Left Ventricle] Dice: 94.81
[2024-07-06 21:46:02,497][    INFO] ***** Evaluation ***** >>>> MeanDice: 90.34

[2024-07-06 21:46:02,719][    INFO] ===========> Epoch: 20, LR: 0.00632, Previous best: 91.01
[2024-07-06 21:46:03,103][    INFO] Iters: 0, Total loss: 0.026
[2024-07-06 21:46:07,167][    INFO] Iters: 15, Total loss: 0.024
[2024-07-06 21:46:11,204][    INFO] Iters: 30, Total loss: 0.024
[2024-07-06 21:46:15,172][    INFO] Iters: 45, Total loss: 0.024
[2024-07-06 21:46:18,914][    INFO] Iters: 60, Total loss: 0.024
[2024-07-06 21:46:22,615][    INFO] Iters: 75, Total loss: 0.024
[2024-07-06 21:46:26,410][    INFO] Iters: 90, Total loss: 0.024
[2024-07-06 21:46:30,164][    INFO] Iters: 105, Total loss: 0.024
[2024-07-06 21:46:39,150][    INFO] ***** Evaluation ***** >>>> Class [0 Right Ventricle] Dice: 88.96
[2024-07-06 21:46:39,150][    INFO] ***** Evaluation ***** >>>> Class [1 Myocardium] Dice: 88.92
[2024-07-06 21:46:39,150][    INFO] ***** Evaluation ***** >>>> Class [2 Left Ventricle] Dice: 94.68
[2024-07-06 21:46:39,150][    INFO] ***** Evaluation ***** >>>> MeanDice: 90.85

[2024-07-06 21:46:39,369][    INFO] ===========> Epoch: 21, LR: 0.00613, Previous best: 91.01
[2024-07-06 21:46:39,786][    INFO] Iters: 0, Total loss: 0.022
[2024-07-06 21:46:43,673][    INFO] Iters: 15, Total loss: 0.024
[2024-07-06 21:46:47,640][    INFO] Iters: 30, Total loss: 0.024
[2024-07-06 21:46:51,605][    INFO] Iters: 45, Total loss: 0.025
[2024-07-06 21:46:55,339][    INFO] Iters: 60, Total loss: 0.025
[2024-07-06 21:46:59,178][    INFO] Iters: 75, Total loss: 0.024
[2024-07-06 21:47:02,961][    INFO] Iters: 90, Total loss: 0.024
[2024-07-06 21:47:06,850][    INFO] Iters: 105, Total loss: 0.024
[2024-07-06 21:47:15,756][    INFO] ***** Evaluation ***** >>>> Class [0 Right Ventricle] Dice: 88.38
[2024-07-06 21:47:15,757][    INFO] ***** Evaluation ***** >>>> Class [1 Myocardium] Dice: 89.21
[2024-07-06 21:47:15,757][    INFO] ***** Evaluation ***** >>>> Class [2 Left Ventricle] Dice: 95.50
[2024-07-06 21:47:15,757][    INFO] ***** Evaluation ***** >>>> MeanDice: 91.03

[2024-07-06 21:47:16,160][    INFO] ===========> Epoch: 22, LR: 0.00594, Previous best: 91.03
[2024-07-06 21:47:16,614][    INFO] Iters: 0, Total loss: 0.020
[2024-07-06 21:47:20,665][    INFO] Iters: 15, Total loss: 0.025
[2024-07-06 21:47:24,642][    INFO] Iters: 30, Total loss: 0.024
[2024-07-06 21:47:28,604][    INFO] Iters: 45, Total loss: 0.024
[2024-07-06 21:47:35,387][    INFO] Iters: 60, Total loss: 0.024
[2024-07-06 21:47:39,160][    INFO] Iters: 75, Total loss: 0.024
[2024-07-06 21:47:43,001][    INFO] Iters: 90, Total loss: 0.024
[2024-07-06 21:47:46,862][    INFO] Iters: 105, Total loss: 0.023
[2024-07-06 21:47:55,763][    INFO] ***** Evaluation ***** >>>> Class [0 Right Ventricle] Dice: 90.65
[2024-07-06 21:47:55,763][    INFO] ***** Evaluation ***** >>>> Class [1 Myocardium] Dice: 90.07
[2024-07-06 21:47:55,763][    INFO] ***** Evaluation ***** >>>> Class [2 Left Ventricle] Dice: 95.92
[2024-07-06 21:47:55,763][    INFO] ***** Evaluation ***** >>>> MeanDice: 92.21

[2024-07-06 21:47:56,160][    INFO] ===========> Epoch: 23, LR: 0.00574, Previous best: 92.21
[2024-07-06 21:47:56,582][    INFO] Iters: 0, Total loss: 0.022
[2024-07-06 21:48:00,580][    INFO] Iters: 15, Total loss: 0.022
[2024-07-06 21:48:04,690][    INFO] Iters: 30, Total loss: 0.023
[2024-07-06 21:48:08,658][    INFO] Iters: 45, Total loss: 0.023
[2024-07-06 21:48:12,609][    INFO] Iters: 60, Total loss: 0.023
[2024-07-06 21:48:16,497][    INFO] Iters: 75, Total loss: 0.023
[2024-07-06 21:48:20,298][    INFO] Iters: 90, Total loss: 0.023
[2024-07-06 21:48:24,109][    INFO] Iters: 105, Total loss: 0.023
[2024-07-06 21:48:33,034][    INFO] ***** Evaluation ***** >>>> Class [0 Right Ventricle] Dice: 89.30
[2024-07-06 21:48:33,034][    INFO] ***** Evaluation ***** >>>> Class [1 Myocardium] Dice: 88.73
[2024-07-06 21:48:33,034][    INFO] ***** Evaluation ***** >>>> Class [2 Left Ventricle] Dice: 94.43
[2024-07-06 21:48:33,034][    INFO] ***** Evaluation ***** >>>> MeanDice: 90.82

[2024-07-06 21:48:33,254][    INFO] ===========> Epoch: 24, LR: 0.00555, Previous best: 92.21
[2024-07-06 21:48:33,728][    INFO] Iters: 0, Total loss: 0.021
[2024-07-06 21:48:37,840][    INFO] Iters: 15, Total loss: 0.023
[2024-07-06 21:48:41,810][    INFO] Iters: 30, Total loss: 0.023
[2024-07-06 21:48:45,746][    INFO] Iters: 45, Total loss: 0.023
[2024-07-06 21:48:49,522][    INFO] Iters: 60, Total loss: 0.023
[2024-07-06 21:48:53,215][    INFO] Iters: 75, Total loss: 0.023
[2024-07-06 21:48:56,971][    INFO] Iters: 90, Total loss: 0.023
[2024-07-06 21:49:00,721][    INFO] Iters: 105, Total loss: 0.023
[2024-07-06 21:49:09,739][    INFO] ***** Evaluation ***** >>>> Class [0 Right Ventricle] Dice: 89.36
[2024-07-06 21:49:09,740][    INFO] ***** Evaluation ***** >>>> Class [1 Myocardium] Dice: 89.56
[2024-07-06 21:49:09,740][    INFO] ***** Evaluation ***** >>>> Class [2 Left Ventricle] Dice: 95.42
[2024-07-06 21:49:09,740][    INFO] ***** Evaluation ***** >>>> MeanDice: 91.45

[2024-07-06 21:49:09,961][    INFO] ===========> Epoch: 25, LR: 0.00536, Previous best: 92.21
[2024-07-06 21:49:10,384][    INFO] Iters: 0, Total loss: 0.021
[2024-07-06 21:49:14,332][    INFO] Iters: 15, Total loss: 0.021
[2024-07-06 21:49:18,400][    INFO] Iters: 30, Total loss: 0.022
[2024-07-06 21:49:22,324][    INFO] Iters: 45, Total loss: 0.023
[2024-07-06 21:49:26,089][    INFO] Iters: 60, Total loss: 0.022
[2024-07-06 21:49:29,946][    INFO] Iters: 75, Total loss: 0.022
[2024-07-06 21:49:33,825][    INFO] Iters: 90, Total loss: 0.022
[2024-07-06 21:49:37,662][    INFO] Iters: 105, Total loss: 0.022
[2024-07-06 21:49:53,449][    INFO] ***** Evaluation ***** >>>> Class [0 Right Ventricle] Dice: 89.92
[2024-07-06 21:49:53,449][    INFO] ***** Evaluation ***** >>>> Class [1 Myocardium] Dice: 88.51
[2024-07-06 21:49:53,450][    INFO] ***** Evaluation ***** >>>> Class [2 Left Ventricle] Dice: 94.32
[2024-07-06 21:49:53,450][    INFO] ***** Evaluation ***** >>>> MeanDice: 90.92

[2024-07-06 21:49:53,671][    INFO] ===========> Epoch: 26, LR: 0.00517, Previous best: 92.21
[2024-07-06 21:49:54,147][    INFO] Iters: 0, Total loss: 0.026
[2024-07-06 21:49:58,194][    INFO] Iters: 15, Total loss: 0.023
[2024-07-06 21:50:02,192][    INFO] Iters: 30, Total loss: 0.022
[2024-07-06 21:50:06,208][    INFO] Iters: 45, Total loss: 0.022
[2024-07-06 21:50:10,047][    INFO] Iters: 60, Total loss: 0.022
[2024-07-06 21:50:13,831][    INFO] Iters: 75, Total loss: 0.022
[2024-07-06 21:50:17,711][    INFO] Iters: 90, Total loss: 0.022
[2024-07-06 21:50:21,515][    INFO] Iters: 105, Total loss: 0.022
[2024-07-06 21:50:30,358][    INFO] ***** Evaluation ***** >>>> Class [0 Right Ventricle] Dice: 88.56
[2024-07-06 21:50:30,358][    INFO] ***** Evaluation ***** >>>> Class [1 Myocardium] Dice: 89.41
[2024-07-06 21:50:30,358][    INFO] ***** Evaluation ***** >>>> Class [2 Left Ventricle] Dice: 93.38
[2024-07-06 21:50:30,358][    INFO] ***** Evaluation ***** >>>> MeanDice: 90.45

[2024-07-06 21:50:30,579][    INFO] ===========> Epoch: 27, LR: 0.00497, Previous best: 92.21
[2024-07-06 21:50:31,026][    INFO] Iters: 0, Total loss: 0.020
[2024-07-06 21:50:34,842][    INFO] Iters: 15, Total loss: 0.021
[2024-07-06 21:50:38,821][    INFO] Iters: 30, Total loss: 0.022
[2024-07-06 21:50:42,715][    INFO] Iters: 45, Total loss: 0.022
[2024-07-06 21:50:46,451][    INFO] Iters: 60, Total loss: 0.022
[2024-07-06 21:50:50,229][    INFO] Iters: 75, Total loss: 0.022
[2024-07-06 21:50:54,039][    INFO] Iters: 90, Total loss: 0.022
[2024-07-06 21:50:57,881][    INFO] Iters: 105, Total loss: 0.022
[2024-07-06 21:51:06,867][    INFO] ***** Evaluation ***** >>>> Class [0 Right Ventricle] Dice: 89.61
[2024-07-06 21:51:06,868][    INFO] ***** Evaluation ***** >>>> Class [1 Myocardium] Dice: 89.80
[2024-07-06 21:51:06,868][    INFO] ***** Evaluation ***** >>>> Class [2 Left Ventricle] Dice: 95.29
[2024-07-06 21:51:06,868][    INFO] ***** Evaluation ***** >>>> MeanDice: 91.57

[2024-07-06 21:51:07,087][    INFO] ===========> Epoch: 28, LR: 0.00478, Previous best: 92.21
[2024-07-06 21:51:07,514][    INFO] Iters: 0, Total loss: 0.024
[2024-07-06 21:51:11,477][    INFO] Iters: 15, Total loss: 0.021
[2024-07-06 21:51:15,503][    INFO] Iters: 30, Total loss: 0.021
[2024-07-06 21:51:19,450][    INFO] Iters: 45, Total loss: 0.021
[2024-07-06 21:51:23,282][    INFO] Iters: 60, Total loss: 0.022
[2024-07-06 21:51:27,020][    INFO] Iters: 75, Total loss: 0.022
[2024-07-06 21:51:30,866][    INFO] Iters: 90, Total loss: 0.022
[2024-07-06 21:51:34,598][    INFO] Iters: 105, Total loss: 0.022
[2024-07-06 21:51:43,538][    INFO] ***** Evaluation ***** >>>> Class [0 Right Ventricle] Dice: 90.23
[2024-07-06 21:51:43,538][    INFO] ***** Evaluation ***** >>>> Class [1 Myocardium] Dice: 90.55
[2024-07-06 21:51:43,538][    INFO] ***** Evaluation ***** >>>> Class [2 Left Ventricle] Dice: 96.24
[2024-07-06 21:51:43,538][    INFO] ***** Evaluation ***** >>>> MeanDice: 92.34

[2024-07-06 21:51:43,941][    INFO] ===========> Epoch: 29, LR: 0.00458, Previous best: 92.34
[2024-07-06 21:51:44,358][    INFO] Iters: 0, Total loss: 0.020
[2024-07-06 21:51:48,306][    INFO] Iters: 15, Total loss: 0.022
[2024-07-06 21:51:52,078][    INFO] Iters: 30, Total loss: 0.022
[2024-07-06 21:51:55,919][    INFO] Iters: 45, Total loss: 0.022
[2024-07-06 21:51:59,705][    INFO] Iters: 60, Total loss: 0.022
[2024-07-06 21:52:03,430][    INFO] Iters: 75, Total loss: 0.022
[2024-07-06 21:52:07,254][    INFO] Iters: 90, Total loss: 0.022
[2024-07-06 21:52:11,106][    INFO] Iters: 105, Total loss: 0.022
[2024-07-06 21:52:20,101][    INFO] ***** Evaluation ***** >>>> Class [0 Right Ventricle] Dice: 89.68
[2024-07-06 21:52:20,102][    INFO] ***** Evaluation ***** >>>> Class [1 Myocardium] Dice: 89.67
[2024-07-06 21:52:20,102][    INFO] ***** Evaluation ***** >>>> Class [2 Left Ventricle] Dice: 95.52
[2024-07-06 21:52:20,102][    INFO] ***** Evaluation ***** >>>> MeanDice: 91.62

[2024-07-06 21:52:20,322][    INFO] ===========> Epoch: 30, LR: 0.00439, Previous best: 92.34
[2024-07-06 21:52:20,766][    INFO] Iters: 0, Total loss: 0.019
[2024-07-06 21:52:24,485][    INFO] Iters: 15, Total loss: 0.021
[2024-07-06 21:52:28,271][    INFO] Iters: 30, Total loss: 0.022
[2024-07-06 21:52:32,223][    INFO] Iters: 45, Total loss: 0.022
[2024-07-06 21:52:36,016][    INFO] Iters: 60, Total loss: 0.022
[2024-07-06 21:52:39,947][    INFO] Iters: 75, Total loss: 0.022
[2024-07-06 21:52:43,711][    INFO] Iters: 90, Total loss: 0.022
[2024-07-06 21:52:47,630][    INFO] Iters: 105, Total loss: 0.022
[2024-07-06 21:52:56,892][    INFO] ***** Evaluation ***** >>>> Class [0 Right Ventricle] Dice: 87.60
[2024-07-06 21:52:56,892][    INFO] ***** Evaluation ***** >>>> Class [1 Myocardium] Dice: 89.14
[2024-07-06 21:52:56,892][    INFO] ***** Evaluation ***** >>>> Class [2 Left Ventricle] Dice: 94.44
[2024-07-06 21:52:56,892][    INFO] ***** Evaluation ***** >>>> MeanDice: 90.39

[2024-07-06 21:52:57,077][    INFO] ===========> Epoch: 31, LR: 0.00419, Previous best: 92.34
[2024-07-06 21:52:57,500][    INFO] Iters: 0, Total loss: 0.026
[2024-07-06 21:53:01,357][    INFO] Iters: 15, Total loss: 0.022
[2024-07-06 21:53:05,400][    INFO] Iters: 30, Total loss: 0.023
[2024-07-06 21:53:09,250][    INFO] Iters: 45, Total loss: 0.022
[2024-07-06 21:53:12,996][    INFO] Iters: 60, Total loss: 0.022
[2024-07-06 21:53:16,860][    INFO] Iters: 75, Total loss: 0.022
[2024-07-06 21:53:20,565][    INFO] Iters: 90, Total loss: 0.022
[2024-07-06 21:53:24,285][    INFO] Iters: 105, Total loss: 0.021
[2024-07-06 21:53:39,989][    INFO] ***** Evaluation ***** >>>> Class [0 Right Ventricle] Dice: 90.19
[2024-07-06 21:53:39,990][    INFO] ***** Evaluation ***** >>>> Class [1 Myocardium] Dice: 89.96
[2024-07-06 21:53:39,990][    INFO] ***** Evaluation ***** >>>> Class [2 Left Ventricle] Dice: 95.33
[2024-07-06 21:53:39,990][    INFO] ***** Evaluation ***** >>>> MeanDice: 91.83

[2024-07-06 21:53:40,176][    INFO] ===========> Epoch: 32, LR: 0.00399, Previous best: 92.34
[2024-07-06 21:53:40,581][    INFO] Iters: 0, Total loss: 0.022
[2024-07-06 21:53:44,582][    INFO] Iters: 15, Total loss: 0.021
[2024-07-06 21:53:48,574][    INFO] Iters: 30, Total loss: 0.021
[2024-07-06 21:53:52,545][    INFO] Iters: 45, Total loss: 0.021
[2024-07-06 21:53:56,424][    INFO] Iters: 60, Total loss: 0.021
[2024-07-06 21:54:00,305][    INFO] Iters: 75, Total loss: 0.021
[2024-07-06 21:54:04,126][    INFO] Iters: 90, Total loss: 0.021
[2024-07-06 21:54:07,981][    INFO] Iters: 105, Total loss: 0.021
[2024-07-06 21:54:16,976][    INFO] ***** Evaluation ***** >>>> Class [0 Right Ventricle] Dice: 90.86
[2024-07-06 21:54:16,976][    INFO] ***** Evaluation ***** >>>> Class [1 Myocardium] Dice: 90.21
[2024-07-06 21:54:16,976][    INFO] ***** Evaluation ***** >>>> Class [2 Left Ventricle] Dice: 95.42
[2024-07-06 21:54:16,976][    INFO] ***** Evaluation ***** >>>> MeanDice: 92.16

[2024-07-06 21:54:17,199][    INFO] ===========> Epoch: 33, LR: 0.00379, Previous best: 92.34
[2024-07-06 21:54:17,641][    INFO] Iters: 0, Total loss: 0.020
[2024-07-06 21:54:21,592][    INFO] Iters: 15, Total loss: 0.021
[2024-07-06 21:54:25,654][    INFO] Iters: 30, Total loss: 0.022
[2024-07-06 21:54:29,616][    INFO] Iters: 45, Total loss: 0.022
[2024-07-06 21:54:33,488][    INFO] Iters: 60, Total loss: 0.022
[2024-07-06 21:54:37,356][    INFO] Iters: 75, Total loss: 0.021
[2024-07-06 21:54:41,275][    INFO] Iters: 90, Total loss: 0.021
[2024-07-06 21:54:45,117][    INFO] Iters: 105, Total loss: 0.021
[2024-07-06 21:54:54,198][    INFO] ***** Evaluation ***** >>>> Class [0 Right Ventricle] Dice: 89.23
[2024-07-06 21:54:54,199][    INFO] ***** Evaluation ***** >>>> Class [1 Myocardium] Dice: 90.10
[2024-07-06 21:54:54,199][    INFO] ***** Evaluation ***** >>>> Class [2 Left Ventricle] Dice: 95.54
[2024-07-06 21:54:54,199][    INFO] ***** Evaluation ***** >>>> MeanDice: 91.62

[2024-07-06 21:54:54,420][    INFO] ===========> Epoch: 34, LR: 0.00359, Previous best: 92.34
[2024-07-06 21:54:54,900][    INFO] Iters: 0, Total loss: 0.022
[2024-07-06 21:54:58,814][    INFO] Iters: 15, Total loss: 0.022
[2024-07-06 21:55:02,767][    INFO] Iters: 30, Total loss: 0.022
[2024-07-06 21:55:06,519][    INFO] Iters: 45, Total loss: 0.022
[2024-07-06 21:55:10,248][    INFO] Iters: 60, Total loss: 0.022
[2024-07-06 21:55:13,974][    INFO] Iters: 75, Total loss: 0.022
[2024-07-06 21:55:17,683][    INFO] Iters: 90, Total loss: 0.022
[2024-07-06 21:55:21,400][    INFO] Iters: 105, Total loss: 0.021
[2024-07-06 21:55:30,382][    INFO] ***** Evaluation ***** >>>> Class [0 Right Ventricle] Dice: 89.64
[2024-07-06 21:55:30,382][    INFO] ***** Evaluation ***** >>>> Class [1 Myocardium] Dice: 89.68
[2024-07-06 21:55:30,382][    INFO] ***** Evaluation ***** >>>> Class [2 Left Ventricle] Dice: 95.29
[2024-07-06 21:55:30,382][    INFO] ***** Evaluation ***** >>>> MeanDice: 91.54

[2024-07-06 21:55:30,605][    INFO] ===========> Epoch: 35, LR: 0.00339, Previous best: 92.34
[2024-07-06 21:55:31,032][    INFO] Iters: 0, Total loss: 0.017
[2024-07-06 21:55:35,026][    INFO] Iters: 15, Total loss: 0.020
[2024-07-06 21:55:38,933][    INFO] Iters: 30, Total loss: 0.020
[2024-07-06 21:55:42,759][    INFO] Iters: 45, Total loss: 0.020
[2024-07-06 21:55:46,571][    INFO] Iters: 60, Total loss: 0.021
[2024-07-06 21:55:50,262][    INFO] Iters: 75, Total loss: 0.021
[2024-07-06 21:55:54,005][    INFO] Iters: 90, Total loss: 0.021
[2024-07-06 21:55:57,676][    INFO] Iters: 105, Total loss: 0.021
[2024-07-06 21:56:06,617][    INFO] ***** Evaluation ***** >>>> Class [0 Right Ventricle] Dice: 90.40
[2024-07-06 21:56:06,617][    INFO] ***** Evaluation ***** >>>> Class [1 Myocardium] Dice: 90.08
[2024-07-06 21:56:06,617][    INFO] ***** Evaluation ***** >>>> Class [2 Left Ventricle] Dice: 95.30
[2024-07-06 21:56:06,617][    INFO] ***** Evaluation ***** >>>> MeanDice: 91.92

[2024-07-06 21:56:06,836][    INFO] ===========> Epoch: 36, LR: 0.00318, Previous best: 92.34
[2024-07-06 21:56:07,295][    INFO] Iters: 0, Total loss: 0.019
[2024-07-06 21:56:11,166][    INFO] Iters: 15, Total loss: 0.021
[2024-07-06 21:56:15,193][    INFO] Iters: 30, Total loss: 0.021
[2024-07-06 21:56:19,174][    INFO] Iters: 45, Total loss: 0.021
[2024-07-06 21:56:23,123][    INFO] Iters: 60, Total loss: 0.021
[2024-07-06 21:56:27,078][    INFO] Iters: 75, Total loss: 0.021
[2024-07-06 21:56:31,006][    INFO] Iters: 90, Total loss: 0.021
[2024-07-06 21:56:34,993][    INFO] Iters: 105, Total loss: 0.021
[2024-07-06 21:56:44,045][    INFO] ***** Evaluation ***** >>>> Class [0 Right Ventricle] Dice: 89.88
[2024-07-06 21:56:44,046][    INFO] ***** Evaluation ***** >>>> Class [1 Myocardium] Dice: 90.11
[2024-07-06 21:56:44,046][    INFO] ***** Evaluation ***** >>>> Class [2 Left Ventricle] Dice: 95.36
[2024-07-06 21:56:44,046][    INFO] ***** Evaluation ***** >>>> MeanDice: 91.79

[2024-07-06 21:56:44,266][    INFO] ===========> Epoch: 37, LR: 0.00298, Previous best: 92.34
[2024-07-06 21:56:44,716][    INFO] Iters: 0, Total loss: 0.025
[2024-07-06 21:56:48,714][    INFO] Iters: 15, Total loss: 0.022
[2024-07-06 21:56:52,786][    INFO] Iters: 30, Total loss: 0.022
[2024-07-06 21:56:56,756][    INFO] Iters: 45, Total loss: 0.021
[2024-07-06 21:57:00,638][    INFO] Iters: 60, Total loss: 0.021
[2024-07-06 21:57:04,464][    INFO] Iters: 75, Total loss: 0.021
[2024-07-06 21:57:08,302][    INFO] Iters: 90, Total loss: 0.021
[2024-07-06 21:57:18,935][    INFO] Iters: 105, Total loss: 0.021
[2024-07-06 21:57:28,059][    INFO] ***** Evaluation ***** >>>> Class [0 Right Ventricle] Dice: 90.85
[2024-07-06 21:57:28,059][    INFO] ***** Evaluation ***** >>>> Class [1 Myocardium] Dice: 90.26
[2024-07-06 21:57:28,059][    INFO] ***** Evaluation ***** >>>> Class [2 Left Ventricle] Dice: 95.56
[2024-07-06 21:57:28,059][    INFO] ***** Evaluation ***** >>>> MeanDice: 92.22

[2024-07-06 21:57:28,279][    INFO] ===========> Epoch: 38, LR: 0.00277, Previous best: 92.34
[2024-07-06 21:57:28,765][    INFO] Iters: 0, Total loss: 0.023
[2024-07-06 21:57:32,652][    INFO] Iters: 15, Total loss: 0.021
[2024-07-06 21:57:36,596][    INFO] Iters: 30, Total loss: 0.020
[2024-07-06 21:57:40,455][    INFO] Iters: 45, Total loss: 0.021
[2024-07-06 21:57:44,204][    INFO] Iters: 60, Total loss: 0.021
[2024-07-06 21:57:48,006][    INFO] Iters: 75, Total loss: 0.021
[2024-07-06 21:57:51,832][    INFO] Iters: 90, Total loss: 0.021
[2024-07-06 21:57:55,640][    INFO] Iters: 105, Total loss: 0.021
[2024-07-06 21:58:04,429][    INFO] ***** Evaluation ***** >>>> Class [0 Right Ventricle] Dice: 90.45
[2024-07-06 21:58:04,429][    INFO] ***** Evaluation ***** >>>> Class [1 Myocardium] Dice: 90.07
[2024-07-06 21:58:04,429][    INFO] ***** Evaluation ***** >>>> Class [2 Left Ventricle] Dice: 95.03
[2024-07-06 21:58:04,429][    INFO] ***** Evaluation ***** >>>> MeanDice: 91.85

[2024-07-06 21:58:04,614][    INFO] ===========> Epoch: 39, LR: 0.00256, Previous best: 92.34
[2024-07-06 21:58:05,022][    INFO] Iters: 0, Total loss: 0.021
[2024-07-06 21:58:08,920][    INFO] Iters: 15, Total loss: 0.021
[2024-07-06 21:58:12,808][    INFO] Iters: 30, Total loss: 0.020
[2024-07-06 21:58:16,677][    INFO] Iters: 45, Total loss: 0.021
[2024-07-06 21:58:20,399][    INFO] Iters: 60, Total loss: 0.020
[2024-07-06 21:58:24,128][    INFO] Iters: 75, Total loss: 0.020
[2024-07-06 21:58:27,891][    INFO] Iters: 90, Total loss: 0.020
[2024-07-06 21:58:31,667][    INFO] Iters: 105, Total loss: 0.020
[2024-07-06 21:58:40,336][    INFO] ***** Evaluation ***** >>>> Class [0 Right Ventricle] Dice: 91.60
[2024-07-06 21:58:40,336][    INFO] ***** Evaluation ***** >>>> Class [1 Myocardium] Dice: 90.96
[2024-07-06 21:58:40,336][    INFO] ***** Evaluation ***** >>>> Class [2 Left Ventricle] Dice: 96.32
[2024-07-06 21:58:40,336][    INFO] ***** Evaluation ***** >>>> MeanDice: 92.96

[2024-07-06 21:58:40,703][    INFO] ===========> Epoch: 40, LR: 0.00235, Previous best: 92.96
[2024-07-06 21:58:41,138][    INFO] Iters: 0, Total loss: 0.021
[2024-07-06 21:58:45,034][    INFO] Iters: 15, Total loss: 0.021
[2024-07-06 21:58:48,947][    INFO] Iters: 30, Total loss: 0.021
[2024-07-06 21:58:52,942][    INFO] Iters: 45, Total loss: 0.021
[2024-07-06 21:58:56,775][    INFO] Iters: 60, Total loss: 0.020
[2024-07-06 21:59:00,597][    INFO] Iters: 75, Total loss: 0.020
[2024-07-06 21:59:04,410][    INFO] Iters: 90, Total loss: 0.020
[2024-07-06 21:59:08,209][    INFO] Iters: 105, Total loss: 0.020
[2024-07-06 21:59:17,245][    INFO] ***** Evaluation ***** >>>> Class [0 Right Ventricle] Dice: 90.45
[2024-07-06 21:59:17,245][    INFO] ***** Evaluation ***** >>>> Class [1 Myocardium] Dice: 90.87
[2024-07-06 21:59:17,245][    INFO] ***** Evaluation ***** >>>> Class [2 Left Ventricle] Dice: 96.28
[2024-07-06 21:59:17,246][    INFO] ***** Evaluation ***** >>>> MeanDice: 92.53

[2024-07-06 21:59:17,467][    INFO] ===========> Epoch: 41, LR: 0.00214, Previous best: 92.96
[2024-07-06 21:59:17,901][    INFO] Iters: 0, Total loss: 0.022
[2024-07-06 21:59:21,633][    INFO] Iters: 15, Total loss: 0.020
[2024-07-06 21:59:25,484][    INFO] Iters: 30, Total loss: 0.020
[2024-07-06 21:59:29,186][    INFO] Iters: 45, Total loss: 0.020
[2024-07-06 21:59:33,007][    INFO] Iters: 60, Total loss: 0.020
[2024-07-06 21:59:36,728][    INFO] Iters: 75, Total loss: 0.020
[2024-07-06 21:59:40,455][    INFO] Iters: 90, Total loss: 0.020
[2024-07-06 21:59:44,180][    INFO] Iters: 105, Total loss: 0.020
[2024-07-06 21:59:52,889][    INFO] ***** Evaluation ***** >>>> Class [0 Right Ventricle] Dice: 90.26
[2024-07-06 21:59:52,889][    INFO] ***** Evaluation ***** >>>> Class [1 Myocardium] Dice: 90.95
[2024-07-06 21:59:52,889][    INFO] ***** Evaluation ***** >>>> Class [2 Left Ventricle] Dice: 96.28
[2024-07-06 21:59:52,889][    INFO] ***** Evaluation ***** >>>> MeanDice: 92.50

[2024-07-06 21:59:53,108][    INFO] ===========> Epoch: 42, LR: 0.00192, Previous best: 92.96
[2024-07-06 21:59:53,528][    INFO] Iters: 0, Total loss: 0.019
[2024-07-06 21:59:57,422][    INFO] Iters: 15, Total loss: 0.020
[2024-07-06 22:00:01,322][    INFO] Iters: 30, Total loss: 0.020
[2024-07-06 22:00:05,108][    INFO] Iters: 45, Total loss: 0.020
[2024-07-06 22:00:08,846][    INFO] Iters: 60, Total loss: 0.020
[2024-07-06 22:00:12,610][    INFO] Iters: 75, Total loss: 0.020
[2024-07-06 22:00:16,340][    INFO] Iters: 90, Total loss: 0.020
[2024-07-06 22:00:20,096][    INFO] Iters: 105, Total loss: 0.020
[2024-07-06 22:00:28,844][    INFO] ***** Evaluation ***** >>>> Class [0 Right Ventricle] Dice: 90.23
[2024-07-06 22:00:28,844][    INFO] ***** Evaluation ***** >>>> Class [1 Myocardium] Dice: 90.42
[2024-07-06 22:00:28,844][    INFO] ***** Evaluation ***** >>>> Class [2 Left Ventricle] Dice: 95.78
[2024-07-06 22:00:28,844][    INFO] ***** Evaluation ***** >>>> MeanDice: 92.14

[2024-07-06 22:00:29,065][    INFO] ===========> Epoch: 43, LR: 0.00171, Previous best: 92.96
[2024-07-06 22:00:29,513][    INFO] Iters: 0, Total loss: 0.018
[2024-07-06 22:00:33,430][    INFO] Iters: 15, Total loss: 0.020
[2024-07-06 22:00:37,297][    INFO] Iters: 30, Total loss: 0.019
[2024-07-06 22:00:41,189][    INFO] Iters: 45, Total loss: 0.020
[2024-07-06 22:00:45,017][    INFO] Iters: 60, Total loss: 0.020
[2024-07-06 22:00:48,845][    INFO] Iters: 75, Total loss: 0.020
[2024-07-06 22:00:52,602][    INFO] Iters: 90, Total loss: 0.020
[2024-07-06 22:00:56,373][    INFO] Iters: 105, Total loss: 0.020
[2024-07-06 22:01:12,258][    INFO] ***** Evaluation ***** >>>> Class [0 Right Ventricle] Dice: 90.89
[2024-07-06 22:01:12,258][    INFO] ***** Evaluation ***** >>>> Class [1 Myocardium] Dice: 90.81
[2024-07-06 22:01:12,259][    INFO] ***** Evaluation ***** >>>> Class [2 Left Ventricle] Dice: 96.14
[2024-07-06 22:01:12,259][    INFO] ***** Evaluation ***** >>>> MeanDice: 92.62

[2024-07-06 22:01:12,480][    INFO] ===========> Epoch: 44, LR: 0.00149, Previous best: 92.96
[2024-07-06 22:01:12,947][    INFO] Iters: 0, Total loss: 0.019
[2024-07-06 22:01:17,036][    INFO] Iters: 15, Total loss: 0.020
[2024-07-06 22:01:21,057][    INFO] Iters: 30, Total loss: 0.020
[2024-07-06 22:01:25,066][    INFO] Iters: 45, Total loss: 0.021
[2024-07-06 22:01:28,835][    INFO] Iters: 60, Total loss: 0.020
[2024-07-06 22:01:32,636][    INFO] Iters: 75, Total loss: 0.020
[2024-07-06 22:01:36,361][    INFO] Iters: 90, Total loss: 0.021
[2024-07-06 22:01:40,151][    INFO] Iters: 105, Total loss: 0.020
[2024-07-06 22:01:49,149][    INFO] ***** Evaluation ***** >>>> Class [0 Right Ventricle] Dice: 90.90
[2024-07-06 22:01:49,149][    INFO] ***** Evaluation ***** >>>> Class [1 Myocardium] Dice: 90.77
[2024-07-06 22:01:49,149][    INFO] ***** Evaluation ***** >>>> Class [2 Left Ventricle] Dice: 96.38
[2024-07-06 22:01:49,149][    INFO] ***** Evaluation ***** >>>> MeanDice: 92.68

[2024-07-06 22:01:49,336][    INFO] ===========> Epoch: 45, LR: 0.00126, Previous best: 92.96
[2024-07-06 22:01:49,751][    INFO] Iters: 0, Total loss: 0.019
[2024-07-06 22:01:53,748][    INFO] Iters: 15, Total loss: 0.021
[2024-07-06 22:01:57,890][    INFO] Iters: 30, Total loss: 0.021
[2024-07-06 22:02:01,836][    INFO] Iters: 45, Total loss: 0.021
[2024-07-06 22:02:05,706][    INFO] Iters: 60, Total loss: 0.021
[2024-07-06 22:02:09,662][    INFO] Iters: 75, Total loss: 0.021
[2024-07-06 22:02:13,632][    INFO] Iters: 90, Total loss: 0.021
[2024-07-06 22:02:17,526][    INFO] Iters: 105, Total loss: 0.020
[2024-07-06 22:02:26,448][    INFO] ***** Evaluation ***** >>>> Class [0 Right Ventricle] Dice: 90.84
[2024-07-06 22:02:26,448][    INFO] ***** Evaluation ***** >>>> Class [1 Myocardium] Dice: 90.90
[2024-07-06 22:02:26,448][    INFO] ***** Evaluation ***** >>>> Class [2 Left Ventricle] Dice: 95.98
[2024-07-06 22:02:26,448][    INFO] ***** Evaluation ***** >>>> MeanDice: 92.58

[2024-07-06 22:02:26,666][    INFO] ===========> Epoch: 46, LR: 0.00103, Previous best: 92.96
[2024-07-06 22:02:27,068][    INFO] Iters: 0, Total loss: 0.023
[2024-07-06 22:02:30,813][    INFO] Iters: 15, Total loss: 0.020
[2024-07-06 22:02:34,581][    INFO] Iters: 30, Total loss: 0.020
[2024-07-06 22:02:38,435][    INFO] Iters: 45, Total loss: 0.020
[2024-07-06 22:02:42,351][    INFO] Iters: 60, Total loss: 0.020
[2024-07-06 22:02:46,182][    INFO] Iters: 75, Total loss: 0.020
[2024-07-06 22:02:49,954][    INFO] Iters: 90, Total loss: 0.020
[2024-07-06 22:02:53,794][    INFO] Iters: 105, Total loss: 0.020
[2024-07-06 22:03:02,796][    INFO] ***** Evaluation ***** >>>> Class [0 Right Ventricle] Dice: 90.84
[2024-07-06 22:03:02,797][    INFO] ***** Evaluation ***** >>>> Class [1 Myocardium] Dice: 90.29
[2024-07-06 22:03:02,797][    INFO] ***** Evaluation ***** >>>> Class [2 Left Ventricle] Dice: 95.70
[2024-07-06 22:03:02,797][    INFO] ***** Evaluation ***** >>>> MeanDice: 92.28

[2024-07-06 22:03:02,982][    INFO] ===========> Epoch: 47, LR: 0.00080, Previous best: 92.96
[2024-07-06 22:03:03,418][    INFO] Iters: 0, Total loss: 0.017
[2024-07-06 22:03:07,388][    INFO] Iters: 15, Total loss: 0.020
[2024-07-06 22:03:11,233][    INFO] Iters: 30, Total loss: 0.020
[2024-07-06 22:03:15,017][    INFO] Iters: 45, Total loss: 0.020
[2024-07-06 22:03:18,896][    INFO] Iters: 60, Total loss: 0.020
[2024-07-06 22:03:22,764][    INFO] Iters: 75, Total loss: 0.020
[2024-07-06 22:03:26,605][    INFO] Iters: 90, Total loss: 0.020
[2024-07-06 22:03:30,480][    INFO] Iters: 105, Total loss: 0.020
[2024-07-06 22:03:39,515][    INFO] ***** Evaluation ***** >>>> Class [0 Right Ventricle] Dice: 91.14
[2024-07-06 22:03:39,515][    INFO] ***** Evaluation ***** >>>> Class [1 Myocardium] Dice: 90.64
[2024-07-06 22:03:39,515][    INFO] ***** Evaluation ***** >>>> Class [2 Left Ventricle] Dice: 95.92
[2024-07-06 22:03:39,515][    INFO] ***** Evaluation ***** >>>> MeanDice: 92.57

[2024-07-06 22:03:39,737][    INFO] ===========> Epoch: 48, LR: 0.00055, Previous best: 92.96
[2024-07-06 22:03:40,177][    INFO] Iters: 0, Total loss: 0.020
[2024-07-06 22:03:44,161][    INFO] Iters: 15, Total loss: 0.020
[2024-07-06 22:03:47,989][    INFO] Iters: 30, Total loss: 0.020
[2024-07-06 22:03:51,770][    INFO] Iters: 45, Total loss: 0.020
[2024-07-06 22:03:55,567][    INFO] Iters: 60, Total loss: 0.020
[2024-07-06 22:03:59,388][    INFO] Iters: 75, Total loss: 0.020
[2024-07-06 22:04:03,196][    INFO] Iters: 90, Total loss: 0.020
[2024-07-06 22:04:07,012][    INFO] Iters: 105, Total loss: 0.020
[2024-07-06 22:04:15,918][    INFO] ***** Evaluation ***** >>>> Class [0 Right Ventricle] Dice: 90.84
[2024-07-06 22:04:15,919][    INFO] ***** Evaluation ***** >>>> Class [1 Myocardium] Dice: 90.62
[2024-07-06 22:04:15,919][    INFO] ***** Evaluation ***** >>>> Class [2 Left Ventricle] Dice: 95.94
[2024-07-06 22:04:15,919][    INFO] ***** Evaluation ***** >>>> MeanDice: 92.47

[2024-07-06 22:04:16,140][    INFO] ===========> Epoch: 49, LR: 0.00030, Previous best: 92.96
[2024-07-06 22:04:16,607][    INFO] Iters: 0, Total loss: 0.018
[2024-07-06 22:04:20,652][    INFO] Iters: 15, Total loss: 0.020
[2024-07-06 22:04:24,666][    INFO] Iters: 30, Total loss: 0.020
[2024-07-06 22:04:28,530][    INFO] Iters: 45, Total loss: 0.020
[2024-07-06 22:04:32,300][    INFO] Iters: 60, Total loss: 0.020
[2024-07-06 22:04:36,020][    INFO] Iters: 75, Total loss: 0.020
[2024-07-06 22:04:39,745][    INFO] Iters: 90, Total loss: 0.020
[2024-07-06 22:04:43,510][    INFO] Iters: 105, Total loss: 0.020
[2024-07-06 22:04:59,294][    INFO] ***** Evaluation ***** >>>> Class [0 Right Ventricle] Dice: 91.11
[2024-07-06 22:04:59,294][    INFO] ***** Evaluation ***** >>>> Class [1 Myocardium] Dice: 90.41
[2024-07-06 22:04:59,294][    INFO] ***** Evaluation ***** >>>> Class [2 Left Ventricle] Dice: 95.60
[2024-07-06 22:04:59,294][    INFO] ***** Evaluation ***** >>>> MeanDice: 92.37

