/var/lib/slurm-llnl/slurmd/job04754/slurm_script: line 12: module: command not found
[2024-07-07 22:29:55,277][    INFO] {'batch_size': 12,
 'conf_thresh': 0.95,
 'crop_size': 256,
 'data_root': '/vol/aimspace/projects/ukbb/data/cardiac/cardiac_segmentations/subjects',
 'dataset': 'ukbb',
 'epochs': 50,
 'exp': '4',
 'local_rank': 0,
 'lr': 0.01,
 'mode': 'train',
 'nclass': 4,
 'nclass_classif': 3,
 'ngpus': 1,
 'num_workers': 1,
 'port': 8079,
 'seed': '79',
 'seg_model': 'unet',
 'split': 18,
 'task': 'multi_modal',
 'visualize': False}

[2024-07-07 22:29:56,510][    INFO] Total params: 2.0M

[2024-07-07 22:29:57,072][    INFO] ===========> Epoch: 0, LR: 0.01000, Previous best: 0.00
[2024-07-07 22:30:20,108][    INFO] Iters: 0, Total loss: 1.103
[2024-07-07 22:30:35,733][    INFO] Iters: 15, Total loss: 0.646
[2024-07-07 22:30:54,870][    INFO] Iters: 30, Total loss: 0.534
[2024-07-07 22:31:05,929][    INFO] Iters: 45, Total loss: 0.485
[2024-07-07 22:31:13,401][    INFO] Iters: 60, Total loss: 0.452
[2024-07-07 22:31:19,557][    INFO] Iters: 75, Total loss: 0.420
[2024-07-07 22:31:27,084][    INFO] Iters: 90, Total loss: 0.387
[2024-07-07 22:31:35,126][    INFO] Iters: 105, Total loss: 0.357
[2024-07-07 22:31:39,040][    INFO] Iters: 120, Total loss: 0.332
[2024-07-07 22:31:51,663][    INFO] ***** Evaluation ***** >>>> Class [0 Right Ventricle] Dice: 16.46
[2024-07-07 22:31:51,663][    INFO] ***** Evaluation ***** >>>> Class [1 Myocardium] Dice: 22.65
[2024-07-07 22:31:51,663][    INFO] ***** Evaluation ***** >>>> Class [2 Left Ventricle] Dice: 30.28
[2024-07-07 22:31:51,663][    INFO] ***** Evaluation ***** >>>> MeanDice: 23.13

[2024-07-07 22:31:51,821][    INFO] ===========> Epoch: 1, LR: 0.00982, Previous best: 23.13
[2024-07-07 22:31:52,377][    INFO] Iters: 0, Total loss: 0.145
[2024-07-07 22:31:56,825][    INFO] Iters: 15, Total loss: 0.131
[2024-07-07 22:32:01,050][    INFO] Iters: 30, Total loss: 0.125
[2024-07-07 22:32:11,071][    INFO] Iters: 45, Total loss: 0.116
[2024-07-07 22:32:15,617][    INFO] Iters: 60, Total loss: 0.107
[2024-07-07 22:32:26,354][    INFO] Iters: 75, Total loss: 0.101
[2024-07-07 22:32:31,162][    INFO] Iters: 90, Total loss: 0.096
[2024-07-07 22:32:41,038][    INFO] Iters: 105, Total loss: 0.093
[2024-07-07 22:32:45,530][    INFO] Iters: 120, Total loss: 0.089
[2024-07-07 22:32:50,757][    INFO] ***** Evaluation ***** >>>> Class [0 Right Ventricle] Dice: 34.58
[2024-07-07 22:32:50,758][    INFO] ***** Evaluation ***** >>>> Class [1 Myocardium] Dice: 60.07
[2024-07-07 22:32:50,758][    INFO] ***** Evaluation ***** >>>> Class [2 Left Ventricle] Dice: 65.86
[2024-07-07 22:32:50,758][    INFO] ***** Evaluation ***** >>>> MeanDice: 53.50

[2024-07-07 22:32:50,911][    INFO] ===========> Epoch: 2, LR: 0.00964, Previous best: 53.50
[2024-07-07 22:32:51,355][    INFO] Iters: 0, Total loss: 0.049
[2024-07-07 22:32:59,588][    INFO] Iters: 15, Total loss: 0.065
[2024-07-07 22:33:04,130][    INFO] Iters: 30, Total loss: 0.060
[2024-07-07 22:33:08,840][    INFO] Iters: 45, Total loss: 0.061
[2024-07-07 22:33:17,426][    INFO] Iters: 60, Total loss: 0.060
[2024-07-07 22:33:22,006][    INFO] Iters: 75, Total loss: 0.060
[2024-07-07 22:33:30,543][    INFO] Iters: 90, Total loss: 0.058
[2024-07-07 22:33:34,723][    INFO] Iters: 105, Total loss: 0.059
[2024-07-07 22:33:41,034][    INFO] Iters: 120, Total loss: 0.058
[2024-07-07 22:33:47,310][    INFO] ***** Evaluation ***** >>>> Class [0 Right Ventricle] Dice: 58.43
[2024-07-07 22:33:47,310][    INFO] ***** Evaluation ***** >>>> Class [1 Myocardium] Dice: 74.79
[2024-07-07 22:33:47,310][    INFO] ***** Evaluation ***** >>>> Class [2 Left Ventricle] Dice: 82.89
[2024-07-07 22:33:47,310][    INFO] ***** Evaluation ***** >>>> MeanDice: 72.04

[2024-07-07 22:33:47,463][    INFO] ===========> Epoch: 3, LR: 0.00946, Previous best: 72.04
[2024-07-07 22:33:47,942][    INFO] Iters: 0, Total loss: 0.088
[2024-07-07 22:33:53,528][    INFO] Iters: 15, Total loss: 0.052
[2024-07-07 22:33:58,032][    INFO] Iters: 30, Total loss: 0.049
[2024-07-07 22:34:02,921][    INFO] Iters: 45, Total loss: 0.049
[2024-07-07 22:34:07,686][    INFO] Iters: 60, Total loss: 0.049
[2024-07-07 22:34:16,432][    INFO] Iters: 75, Total loss: 0.049
[2024-07-07 22:34:20,988][    INFO] Iters: 90, Total loss: 0.049
[2024-07-07 22:34:30,816][    INFO] Iters: 105, Total loss: 0.048
[2024-07-07 22:34:35,192][    INFO] Iters: 120, Total loss: 0.048
[2024-07-07 22:34:44,212][    INFO] ***** Evaluation ***** >>>> Class [0 Right Ventricle] Dice: 58.83
[2024-07-07 22:34:44,213][    INFO] ***** Evaluation ***** >>>> Class [1 Myocardium] Dice: 79.27
[2024-07-07 22:34:44,213][    INFO] ***** Evaluation ***** >>>> Class [2 Left Ventricle] Dice: 84.91
[2024-07-07 22:34:44,213][    INFO] ***** Evaluation ***** >>>> MeanDice: 74.34

[2024-07-07 22:34:44,386][    INFO] ===========> Epoch: 4, LR: 0.00928, Previous best: 74.34
[2024-07-07 22:34:44,884][    INFO] Iters: 0, Total loss: 0.029
[2024-07-07 22:34:49,622][    INFO] Iters: 15, Total loss: 0.042
[2024-07-07 22:34:54,484][    INFO] Iters: 30, Total loss: 0.043
[2024-07-07 22:34:59,522][    INFO] Iters: 45, Total loss: 0.042
[2024-07-07 22:35:04,795][    INFO] Iters: 60, Total loss: 0.042
[2024-07-07 22:35:08,994][    INFO] Iters: 75, Total loss: 0.042
[2024-07-07 22:35:15,215][    INFO] Iters: 90, Total loss: 0.043
[2024-07-07 22:35:22,051][    INFO] Iters: 105, Total loss: 0.042
[2024-07-07 22:35:31,089][    INFO] Iters: 120, Total loss: 0.041
[2024-07-07 22:35:39,563][    INFO] ***** Evaluation ***** >>>> Class [0 Right Ventricle] Dice: 55.59
[2024-07-07 22:35:39,563][    INFO] ***** Evaluation ***** >>>> Class [1 Myocardium] Dice: 81.30
[2024-07-07 22:35:39,563][    INFO] ***** Evaluation ***** >>>> Class [2 Left Ventricle] Dice: 89.20
[2024-07-07 22:35:39,563][    INFO] ***** Evaluation ***** >>>> MeanDice: 75.36

[2024-07-07 22:35:39,672][    INFO] ===========> Epoch: 5, LR: 0.00910, Previous best: 75.36
[2024-07-07 22:35:40,139][    INFO] Iters: 0, Total loss: 0.033
[2024-07-07 22:35:46,912][    INFO] Iters: 15, Total loss: 0.034
[2024-07-07 22:35:52,312][    INFO] Iters: 30, Total loss: 0.036
[2024-07-07 22:35:57,126][    INFO] Iters: 45, Total loss: 0.037
[2024-07-07 22:36:01,836][    INFO] Iters: 60, Total loss: 0.037
[2024-07-07 22:36:06,739][    INFO] Iters: 75, Total loss: 0.037
[2024-07-07 22:36:12,419][    INFO] Iters: 90, Total loss: 0.038
[2024-07-07 22:36:16,885][    INFO] Iters: 105, Total loss: 0.038
[2024-07-07 22:36:27,132][    INFO] Iters: 120, Total loss: 0.037
[2024-07-07 22:36:34,952][    INFO] ***** Evaluation ***** >>>> Class [0 Right Ventricle] Dice: 69.01
[2024-07-07 22:36:34,953][    INFO] ***** Evaluation ***** >>>> Class [1 Myocardium] Dice: 82.24
[2024-07-07 22:36:34,953][    INFO] ***** Evaluation ***** >>>> Class [2 Left Ventricle] Dice: 88.09
[2024-07-07 22:36:34,953][    INFO] ***** Evaluation ***** >>>> MeanDice: 79.78

[2024-07-07 22:36:35,427][    INFO] ===========> Epoch: 6, LR: 0.00891, Previous best: 79.78
[2024-07-07 22:36:36,761][    INFO] Iters: 0, Total loss: 0.034
[2024-07-07 22:36:41,049][    INFO] Iters: 15, Total loss: 0.037
[2024-07-07 22:36:46,477][    INFO] Iters: 30, Total loss: 0.036
[2024-07-07 22:36:52,384][    INFO] Iters: 45, Total loss: 0.038
[2024-07-07 22:36:56,529][    INFO] Iters: 60, Total loss: 0.037
[2024-07-07 22:37:02,171][    INFO] Iters: 75, Total loss: 0.036
[2024-07-07 22:37:06,613][    INFO] Iters: 90, Total loss: 0.036
[2024-07-07 22:37:10,617][    INFO] Iters: 105, Total loss: 0.036
[2024-07-07 22:37:15,128][    INFO] Iters: 120, Total loss: 0.035
[2024-07-07 22:37:23,291][    INFO] ***** Evaluation ***** >>>> Class [0 Right Ventricle] Dice: 73.11
[2024-07-07 22:37:23,292][    INFO] ***** Evaluation ***** >>>> Class [1 Myocardium] Dice: 84.48
[2024-07-07 22:37:23,292][    INFO] ***** Evaluation ***** >>>> Class [2 Left Ventricle] Dice: 90.80
[2024-07-07 22:37:23,292][    INFO] ***** Evaluation ***** >>>> MeanDice: 82.80

[2024-07-07 22:37:23,517][    INFO] ===========> Epoch: 7, LR: 0.00873, Previous best: 82.80
[2024-07-07 22:37:24,971][    INFO] Iters: 0, Total loss: 0.030
[2024-07-07 22:37:29,913][    INFO] Iters: 15, Total loss: 0.034
[2024-07-07 22:37:38,998][    INFO] Iters: 30, Total loss: 0.033
[2024-07-07 22:37:43,098][    INFO] Iters: 45, Total loss: 0.034
[2024-07-07 22:37:50,288][    INFO] Iters: 60, Total loss: 0.034
[2024-07-07 22:37:54,198][    INFO] Iters: 75, Total loss: 0.034
[2024-07-07 22:37:59,259][    INFO] Iters: 90, Total loss: 0.034
[2024-07-07 22:38:03,834][    INFO] Iters: 105, Total loss: 0.033
[2024-07-07 22:38:07,792][    INFO] Iters: 120, Total loss: 0.033
[2024-07-07 22:38:12,827][    INFO] ***** Evaluation ***** >>>> Class [0 Right Ventricle] Dice: 71.75
[2024-07-07 22:38:12,828][    INFO] ***** Evaluation ***** >>>> Class [1 Myocardium] Dice: 84.03
[2024-07-07 22:38:12,828][    INFO] ***** Evaluation ***** >>>> Class [2 Left Ventricle] Dice: 89.23
[2024-07-07 22:38:12,828][    INFO] ***** Evaluation ***** >>>> MeanDice: 81.67

[2024-07-07 22:38:12,921][    INFO] ===========> Epoch: 8, LR: 0.00855, Previous best: 82.80
[2024-07-07 22:38:13,363][    INFO] Iters: 0, Total loss: 0.027
[2024-07-07 22:38:17,534][    INFO] Iters: 15, Total loss: 0.029
[2024-07-07 22:38:23,929][    INFO] Iters: 30, Total loss: 0.030
[2024-07-07 22:38:27,816][    INFO] Iters: 45, Total loss: 0.030
[2024-07-07 22:38:32,408][    INFO] Iters: 60, Total loss: 0.031
[2024-07-07 22:38:36,145][    INFO] Iters: 75, Total loss: 0.031
[2024-07-07 22:38:39,999][    INFO] Iters: 90, Total loss: 0.031
[2024-07-07 22:38:44,661][    INFO] Iters: 105, Total loss: 0.032
[2024-07-07 22:38:48,965][    INFO] Iters: 120, Total loss: 0.031
[2024-07-07 22:38:55,426][    INFO] ***** Evaluation ***** >>>> Class [0 Right Ventricle] Dice: 81.28
[2024-07-07 22:38:55,426][    INFO] ***** Evaluation ***** >>>> Class [1 Myocardium] Dice: 84.52
[2024-07-07 22:38:55,426][    INFO] ***** Evaluation ***** >>>> Class [2 Left Ventricle] Dice: 91.66
[2024-07-07 22:38:55,426][    INFO] ***** Evaluation ***** >>>> MeanDice: 85.82

[2024-07-07 22:38:55,806][    INFO] ===========> Epoch: 9, LR: 0.00837, Previous best: 85.82
[2024-07-07 22:38:56,844][    INFO] Iters: 0, Total loss: 0.029
[2024-07-07 22:39:00,896][    INFO] Iters: 15, Total loss: 0.030
[2024-07-07 22:39:10,434][    INFO] Iters: 30, Total loss: 0.029
[2024-07-07 22:39:16,148][    INFO] Iters: 45, Total loss: 0.030
[2024-07-07 22:39:25,357][    INFO] Iters: 60, Total loss: 0.030
[2024-07-07 22:39:30,102][    INFO] Iters: 75, Total loss: 0.030
[2024-07-07 22:39:34,954][    INFO] Iters: 90, Total loss: 0.030
[2024-07-07 22:39:40,172][    INFO] Iters: 105, Total loss: 0.030
[2024-07-07 22:39:46,264][    INFO] Iters: 120, Total loss: 0.030
[2024-07-07 22:39:51,345][    INFO] ***** Evaluation ***** >>>> Class [0 Right Ventricle] Dice: 72.27
[2024-07-07 22:39:51,345][    INFO] ***** Evaluation ***** >>>> Class [1 Myocardium] Dice: 86.65
[2024-07-07 22:39:51,345][    INFO] ***** Evaluation ***** >>>> Class [2 Left Ventricle] Dice: 93.43
[2024-07-07 22:39:51,345][    INFO] ***** Evaluation ***** >>>> MeanDice: 84.12

[2024-07-07 22:39:51,451][    INFO] ===========> Epoch: 10, LR: 0.00818, Previous best: 85.82
[2024-07-07 22:39:51,926][    INFO] Iters: 0, Total loss: 0.033
[2024-07-07 22:39:58,685][    INFO] Iters: 15, Total loss: 0.030
[2024-07-07 22:40:03,086][    INFO] Iters: 30, Total loss: 0.030
[2024-07-07 22:40:08,018][    INFO] Iters: 45, Total loss: 0.030
[2024-07-07 22:40:12,726][    INFO] Iters: 60, Total loss: 0.030
[2024-07-07 22:40:17,234][    INFO] Iters: 75, Total loss: 0.029
[2024-07-07 22:40:21,756][    INFO] Iters: 90, Total loss: 0.029
[2024-07-07 22:40:26,271][    INFO] Iters: 105, Total loss: 0.029
[2024-07-07 22:40:32,441][    INFO] Iters: 120, Total loss: 0.029
[2024-07-07 22:40:37,976][    INFO] ***** Evaluation ***** >>>> Class [0 Right Ventricle] Dice: 78.82
[2024-07-07 22:40:37,976][    INFO] ***** Evaluation ***** >>>> Class [1 Myocardium] Dice: 86.38
[2024-07-07 22:40:37,977][    INFO] ***** Evaluation ***** >>>> Class [2 Left Ventricle] Dice: 92.79
[2024-07-07 22:40:37,977][    INFO] ***** Evaluation ***** >>>> MeanDice: 86.00

[2024-07-07 22:40:38,126][    INFO] ===========> Epoch: 11, LR: 0.00800, Previous best: 86.00
[2024-07-07 22:40:38,557][    INFO] Iters: 0, Total loss: 0.026
[2024-07-07 22:40:43,093][    INFO] Iters: 15, Total loss: 0.030
[2024-07-07 22:40:47,117][    INFO] Iters: 30, Total loss: 0.029
[2024-07-07 22:40:51,117][    INFO] Iters: 45, Total loss: 0.028
[2024-07-07 22:40:54,983][    INFO] Iters: 60, Total loss: 0.029
[2024-07-07 22:40:58,918][    INFO] Iters: 75, Total loss: 0.028
[2024-07-07 22:41:06,154][    INFO] Iters: 90, Total loss: 0.029
[2024-07-07 22:41:10,345][    INFO] Iters: 105, Total loss: 0.029
[2024-07-07 22:41:16,900][    INFO] Iters: 120, Total loss: 0.029
[2024-07-07 22:41:21,487][    INFO] ***** Evaluation ***** >>>> Class [0 Right Ventricle] Dice: 82.13
[2024-07-07 22:41:21,488][    INFO] ***** Evaluation ***** >>>> Class [1 Myocardium] Dice: 85.93
[2024-07-07 22:41:21,488][    INFO] ***** Evaluation ***** >>>> Class [2 Left Ventricle] Dice: 93.48
[2024-07-07 22:41:21,488][    INFO] ***** Evaluation ***** >>>> MeanDice: 87.18

[2024-07-07 22:41:21,604][    INFO] ===========> Epoch: 12, LR: 0.00781, Previous best: 87.18
[2024-07-07 22:41:22,048][    INFO] Iters: 0, Total loss: 0.033
[2024-07-07 22:41:28,260][    INFO] Iters: 15, Total loss: 0.028
[2024-07-07 22:41:32,123][    INFO] Iters: 30, Total loss: 0.028
[2024-07-07 22:41:36,077][    INFO] Iters: 45, Total loss: 0.029
[2024-07-07 22:41:40,050][    INFO] Iters: 60, Total loss: 0.029
[2024-07-07 22:41:43,916][    INFO] Iters: 75, Total loss: 0.028
[2024-07-07 22:41:47,864][    INFO] Iters: 90, Total loss: 0.028
[2024-07-07 22:41:51,861][    INFO] Iters: 105, Total loss: 0.028
[2024-07-07 22:41:55,727][    INFO] Iters: 120, Total loss: 0.028
[2024-07-07 22:42:02,899][    INFO] ***** Evaluation ***** >>>> Class [0 Right Ventricle] Dice: 77.01
[2024-07-07 22:42:02,900][    INFO] ***** Evaluation ***** >>>> Class [1 Myocardium] Dice: 85.22
[2024-07-07 22:42:02,900][    INFO] ***** Evaluation ***** >>>> Class [2 Left Ventricle] Dice: 90.11
[2024-07-07 22:42:02,900][    INFO] ***** Evaluation ***** >>>> MeanDice: 84.11

[2024-07-07 22:42:02,962][    INFO] ===========> Epoch: 13, LR: 0.00763, Previous best: 87.18
[2024-07-07 22:42:03,398][    INFO] Iters: 0, Total loss: 0.023
[2024-07-07 22:42:07,254][    INFO] Iters: 15, Total loss: 0.028
[2024-07-07 22:42:13,322][    INFO] Iters: 30, Total loss: 0.028
[2024-07-07 22:42:17,205][    INFO] Iters: 45, Total loss: 0.028
[2024-07-07 22:42:22,912][    INFO] Iters: 60, Total loss: 0.028
[2024-07-07 22:42:27,706][    INFO] Iters: 75, Total loss: 0.028
[2024-07-07 22:42:31,489][    INFO] Iters: 90, Total loss: 0.027
[2024-07-07 22:42:35,338][    INFO] Iters: 105, Total loss: 0.027
[2024-07-07 22:42:39,106][    INFO] Iters: 120, Total loss: 0.027
[2024-07-07 22:42:43,812][    INFO] ***** Evaluation ***** >>>> Class [0 Right Ventricle] Dice: 73.46
[2024-07-07 22:42:43,812][    INFO] ***** Evaluation ***** >>>> Class [1 Myocardium] Dice: 86.66
[2024-07-07 22:42:43,812][    INFO] ***** Evaluation ***** >>>> Class [2 Left Ventricle] Dice: 92.57
[2024-07-07 22:42:43,812][    INFO] ***** Evaluation ***** >>>> MeanDice: 84.23

[2024-07-07 22:42:43,907][    INFO] ===========> Epoch: 14, LR: 0.00744, Previous best: 87.18
[2024-07-07 22:42:44,334][    INFO] Iters: 0, Total loss: 0.028
[2024-07-07 22:42:48,319][    INFO] Iters: 15, Total loss: 0.025
[2024-07-07 22:42:52,363][    INFO] Iters: 30, Total loss: 0.026
[2024-07-07 22:42:58,744][    INFO] Iters: 45, Total loss: 0.026
[2024-07-07 22:43:03,256][    INFO] Iters: 60, Total loss: 0.026
[2024-07-07 22:43:09,555][    INFO] Iters: 75, Total loss: 0.027
[2024-07-07 22:43:13,523][    INFO] Iters: 90, Total loss: 0.027
[2024-07-07 22:43:19,802][    INFO] Iters: 105, Total loss: 0.027
[2024-07-07 22:43:23,539][    INFO] Iters: 120, Total loss: 0.026
[2024-07-07 22:43:28,079][    INFO] ***** Evaluation ***** >>>> Class [0 Right Ventricle] Dice: 78.15
[2024-07-07 22:43:28,080][    INFO] ***** Evaluation ***** >>>> Class [1 Myocardium] Dice: 85.42
[2024-07-07 22:43:28,080][    INFO] ***** Evaluation ***** >>>> Class [2 Left Ventricle] Dice: 89.95
[2024-07-07 22:43:28,080][    INFO] ***** Evaluation ***** >>>> MeanDice: 84.51

[2024-07-07 22:43:28,183][    INFO] ===========> Epoch: 15, LR: 0.00726, Previous best: 87.18
[2024-07-07 22:43:28,611][    INFO] Iters: 0, Total loss: 0.022
[2024-07-07 22:43:32,732][    INFO] Iters: 15, Total loss: 0.024
[2024-07-07 22:43:36,656][    INFO] Iters: 30, Total loss: 0.025
[2024-07-07 22:43:40,632][    INFO] Iters: 45, Total loss: 0.025
[2024-07-07 22:43:44,518][    INFO] Iters: 60, Total loss: 0.025
[2024-07-07 22:43:48,431][    INFO] Iters: 75, Total loss: 0.025
[2024-07-07 22:43:54,631][    INFO] Iters: 90, Total loss: 0.025
[2024-07-07 22:43:58,482][    INFO] Iters: 105, Total loss: 0.025
[2024-07-07 22:44:04,666][    INFO] Iters: 120, Total loss: 0.025
[2024-07-07 22:44:09,407][    INFO] ***** Evaluation ***** >>>> Class [0 Right Ventricle] Dice: 83.61
[2024-07-07 22:44:09,408][    INFO] ***** Evaluation ***** >>>> Class [1 Myocardium] Dice: 86.50
[2024-07-07 22:44:09,408][    INFO] ***** Evaluation ***** >>>> Class [2 Left Ventricle] Dice: 92.28
[2024-07-07 22:44:09,408][    INFO] ***** Evaluation ***** >>>> MeanDice: 87.46

[2024-07-07 22:44:09,532][    INFO] ===========> Epoch: 16, LR: 0.00707, Previous best: 87.46
[2024-07-07 22:44:09,960][    INFO] Iters: 0, Total loss: 0.028
[2024-07-07 22:44:16,284][    INFO] Iters: 15, Total loss: 0.026
[2024-07-07 22:44:20,132][    INFO] Iters: 30, Total loss: 0.027
[2024-07-07 22:44:24,197][    INFO] Iters: 45, Total loss: 0.026
[2024-07-07 22:44:28,080][    INFO] Iters: 60, Total loss: 0.027
[2024-07-07 22:44:32,054][    INFO] Iters: 75, Total loss: 0.026
[2024-07-07 22:44:35,924][    INFO] Iters: 90, Total loss: 0.026
[2024-07-07 22:44:39,755][    INFO] Iters: 105, Total loss: 0.026
[2024-07-07 22:44:43,481][    INFO] Iters: 120, Total loss: 0.026
[2024-07-07 22:44:50,922][    INFO] ***** Evaluation ***** >>>> Class [0 Right Ventricle] Dice: 79.26
[2024-07-07 22:44:50,922][    INFO] ***** Evaluation ***** >>>> Class [1 Myocardium] Dice: 86.96
[2024-07-07 22:44:50,922][    INFO] ***** Evaluation ***** >>>> Class [2 Left Ventricle] Dice: 92.82
[2024-07-07 22:44:50,922][    INFO] ***** Evaluation ***** >>>> MeanDice: 86.34

[2024-07-07 22:44:51,018][    INFO] ===========> Epoch: 17, LR: 0.00688, Previous best: 87.46
[2024-07-07 22:44:51,529][    INFO] Iters: 0, Total loss: 0.026
[2024-07-07 22:45:01,821][    INFO] Iters: 15, Total loss: 0.025
[2024-07-07 22:45:06,405][    INFO] Iters: 30, Total loss: 0.025
[2024-07-07 22:45:15,919][    INFO] Iters: 45, Total loss: 0.025
[2024-07-07 22:45:20,500][    INFO] Iters: 60, Total loss: 0.025
[2024-07-07 22:45:24,444][    INFO] Iters: 75, Total loss: 0.026
[2024-07-07 22:45:29,176][    INFO] Iters: 90, Total loss: 0.025
[2024-07-07 22:45:33,834][    INFO] Iters: 105, Total loss: 0.025
[2024-07-07 22:45:38,426][    INFO] Iters: 120, Total loss: 0.025
[2024-07-07 22:45:43,550][    INFO] ***** Evaluation ***** >>>> Class [0 Right Ventricle] Dice: 82.38
[2024-07-07 22:45:43,550][    INFO] ***** Evaluation ***** >>>> Class [1 Myocardium] Dice: 87.83
[2024-07-07 22:45:43,550][    INFO] ***** Evaluation ***** >>>> Class [2 Left Ventricle] Dice: 93.17
[2024-07-07 22:45:43,550][    INFO] ***** Evaluation ***** >>>> MeanDice: 87.80

[2024-07-07 22:45:43,701][    INFO] ===========> Epoch: 18, LR: 0.00669, Previous best: 87.80
[2024-07-07 22:45:44,997][    INFO] Iters: 0, Total loss: 0.024
[2024-07-07 22:45:53,044][    INFO] Iters: 15, Total loss: 0.024
[2024-07-07 22:45:58,184][    INFO] Iters: 30, Total loss: 0.024
[2024-07-07 22:46:02,636][    INFO] Iters: 45, Total loss: 0.024
[2024-07-07 22:46:07,186][    INFO] Iters: 60, Total loss: 0.024
[2024-07-07 22:46:11,948][    INFO] Iters: 75, Total loss: 0.024
[2024-07-07 22:46:16,707][    INFO] Iters: 90, Total loss: 0.024
[2024-07-07 22:46:23,992][    INFO] Iters: 105, Total loss: 0.024
[2024-07-07 22:46:27,826][    INFO] Iters: 120, Total loss: 0.024
[2024-07-07 22:46:32,944][    INFO] ***** Evaluation ***** >>>> Class [0 Right Ventricle] Dice: 81.03
[2024-07-07 22:46:32,944][    INFO] ***** Evaluation ***** >>>> Class [1 Myocardium] Dice: 85.86
[2024-07-07 22:46:32,944][    INFO] ***** Evaluation ***** >>>> Class [2 Left Ventricle] Dice: 90.22
[2024-07-07 22:46:32,944][    INFO] ***** Evaluation ***** >>>> MeanDice: 85.70

[2024-07-07 22:46:33,003][    INFO] ===========> Epoch: 19, LR: 0.00651, Previous best: 87.80
[2024-07-07 22:46:33,448][    INFO] Iters: 0, Total loss: 0.027
[2024-07-07 22:46:38,327][    INFO] Iters: 15, Total loss: 0.026
[2024-07-07 22:46:43,073][    INFO] Iters: 30, Total loss: 0.024
[2024-07-07 22:46:48,435][    INFO] Iters: 45, Total loss: 0.024
[2024-07-07 22:46:55,986][    INFO] Iters: 60, Total loss: 0.024
[2024-07-07 22:47:01,082][    INFO] Iters: 75, Total loss: 0.024
[2024-07-07 22:47:07,127][    INFO] Iters: 90, Total loss: 0.024
[2024-07-07 22:47:13,646][    INFO] Iters: 105, Total loss: 0.024
[2024-07-07 22:47:18,847][    INFO] Iters: 120, Total loss: 0.024
[2024-07-07 22:47:23,783][    INFO] ***** Evaluation ***** >>>> Class [0 Right Ventricle] Dice: 84.52
[2024-07-07 22:47:23,783][    INFO] ***** Evaluation ***** >>>> Class [1 Myocardium] Dice: 88.50
[2024-07-07 22:47:23,783][    INFO] ***** Evaluation ***** >>>> Class [2 Left Ventricle] Dice: 93.93
[2024-07-07 22:47:23,783][    INFO] ***** Evaluation ***** >>>> MeanDice: 88.98

[2024-07-07 22:47:23,930][    INFO] ===========> Epoch: 20, LR: 0.00632, Previous best: 88.98
[2024-07-07 22:47:24,377][    INFO] Iters: 0, Total loss: 0.024
[2024-07-07 22:47:29,567][    INFO] Iters: 15, Total loss: 0.023
[2024-07-07 22:47:35,627][    INFO] Iters: 30, Total loss: 0.023
[2024-07-07 22:47:40,266][    INFO] Iters: 45, Total loss: 0.024
[2024-07-07 22:47:46,892][    INFO] Iters: 60, Total loss: 0.024
[2024-07-07 22:47:51,472][    INFO] Iters: 75, Total loss: 0.024
[2024-07-07 22:47:58,667][    INFO] Iters: 90, Total loss: 0.024
[2024-07-07 22:48:04,872][    INFO] Iters: 105, Total loss: 0.024
[2024-07-07 22:48:13,184][    INFO] Iters: 120, Total loss: 0.024
[2024-07-07 22:48:17,909][    INFO] ***** Evaluation ***** >>>> Class [0 Right Ventricle] Dice: 84.57
[2024-07-07 22:48:17,909][    INFO] ***** Evaluation ***** >>>> Class [1 Myocardium] Dice: 87.33
[2024-07-07 22:48:17,909][    INFO] ***** Evaluation ***** >>>> Class [2 Left Ventricle] Dice: 91.58
[2024-07-07 22:48:17,909][    INFO] ***** Evaluation ***** >>>> MeanDice: 87.83

[2024-07-07 22:48:17,968][    INFO] ===========> Epoch: 21, LR: 0.00613, Previous best: 88.98
[2024-07-07 22:48:18,374][    INFO] Iters: 0, Total loss: 0.025
[2024-07-07 22:48:22,899][    INFO] Iters: 15, Total loss: 0.025
[2024-07-07 22:48:27,358][    INFO] Iters: 30, Total loss: 0.024
[2024-07-07 22:48:32,935][    INFO] Iters: 45, Total loss: 0.024
[2024-07-07 22:48:37,782][    INFO] Iters: 60, Total loss: 0.024
[2024-07-07 22:48:45,554][    INFO] Iters: 75, Total loss: 0.024
[2024-07-07 22:48:49,753][    INFO] Iters: 90, Total loss: 0.024
[2024-07-07 22:48:54,313][    INFO] Iters: 105, Total loss: 0.024
[2024-07-07 22:49:00,865][    INFO] Iters: 120, Total loss: 0.024
[2024-07-07 22:49:06,171][    INFO] ***** Evaluation ***** >>>> Class [0 Right Ventricle] Dice: 87.98
[2024-07-07 22:49:06,171][    INFO] ***** Evaluation ***** >>>> Class [1 Myocardium] Dice: 88.45
[2024-07-07 22:49:06,171][    INFO] ***** Evaluation ***** >>>> Class [2 Left Ventricle] Dice: 93.42
[2024-07-07 22:49:06,171][    INFO] ***** Evaluation ***** >>>> MeanDice: 89.95

[2024-07-07 22:49:06,365][    INFO] ===========> Epoch: 22, LR: 0.00594, Previous best: 89.95
[2024-07-07 22:49:07,568][    INFO] Iters: 0, Total loss: 0.025
[2024-07-07 22:49:12,352][    INFO] Iters: 15, Total loss: 0.023
[2024-07-07 22:49:16,290][    INFO] Iters: 30, Total loss: 0.023
[2024-07-07 22:49:20,157][    INFO] Iters: 45, Total loss: 0.023
[2024-07-07 22:49:24,082][    INFO] Iters: 60, Total loss: 0.023
[2024-07-07 22:49:28,071][    INFO] Iters: 75, Total loss: 0.024
[2024-07-07 22:49:31,999][    INFO] Iters: 90, Total loss: 0.024
[2024-07-07 22:49:35,863][    INFO] Iters: 105, Total loss: 0.024
[2024-07-07 22:49:41,433][    INFO] Iters: 120, Total loss: 0.023
[2024-07-07 22:49:46,491][    INFO] ***** Evaluation ***** >>>> Class [0 Right Ventricle] Dice: 83.87
[2024-07-07 22:49:46,492][    INFO] ***** Evaluation ***** >>>> Class [1 Myocardium] Dice: 87.46
[2024-07-07 22:49:46,492][    INFO] ***** Evaluation ***** >>>> Class [2 Left Ventricle] Dice: 91.66
[2024-07-07 22:49:46,492][    INFO] ***** Evaluation ***** >>>> MeanDice: 87.67

[2024-07-07 22:49:46,554][    INFO] ===========> Epoch: 23, LR: 0.00574, Previous best: 89.95
[2024-07-07 22:49:47,003][    INFO] Iters: 0, Total loss: 0.023
[2024-07-07 22:49:53,213][    INFO] Iters: 15, Total loss: 0.024
[2024-07-07 22:49:57,150][    INFO] Iters: 30, Total loss: 0.023
[2024-07-07 22:50:02,135][    INFO] Iters: 45, Total loss: 0.023
[2024-07-07 22:50:07,439][    INFO] Iters: 60, Total loss: 0.023
[2024-07-07 22:50:11,204][    INFO] Iters: 75, Total loss: 0.023
[2024-07-07 22:50:15,025][    INFO] Iters: 90, Total loss: 0.023
[2024-07-07 22:50:18,882][    INFO] Iters: 105, Total loss: 0.023
[2024-07-07 22:50:22,777][    INFO] Iters: 120, Total loss: 0.023
[2024-07-07 22:50:27,660][    INFO] ***** Evaluation ***** >>>> Class [0 Right Ventricle] Dice: 88.08
[2024-07-07 22:50:27,660][    INFO] ***** Evaluation ***** >>>> Class [1 Myocardium] Dice: 89.42
[2024-07-07 22:50:27,660][    INFO] ***** Evaluation ***** >>>> Class [2 Left Ventricle] Dice: 93.38
[2024-07-07 22:50:27,660][    INFO] ***** Evaluation ***** >>>> MeanDice: 90.29

[2024-07-07 22:50:27,829][    INFO] ===========> Epoch: 24, LR: 0.00555, Previous best: 90.29
[2024-07-07 22:50:28,249][    INFO] Iters: 0, Total loss: 0.021
[2024-07-07 22:50:32,167][    INFO] Iters: 15, Total loss: 0.023
[2024-07-07 22:50:38,824][    INFO] Iters: 30, Total loss: 0.022
[2024-07-07 22:50:42,970][    INFO] Iters: 45, Total loss: 0.022
[2024-07-07 22:50:49,377][    INFO] Iters: 60, Total loss: 0.022
[2024-07-07 22:50:53,208][    INFO] Iters: 75, Total loss: 0.022
[2024-07-07 22:50:56,992][    INFO] Iters: 90, Total loss: 0.022
[2024-07-07 22:51:00,970][    INFO] Iters: 105, Total loss: 0.022
[2024-07-07 22:51:04,865][    INFO] Iters: 120, Total loss: 0.022
[2024-07-07 22:51:09,658][    INFO] ***** Evaluation ***** >>>> Class [0 Right Ventricle] Dice: 74.99
[2024-07-07 22:51:09,658][    INFO] ***** Evaluation ***** >>>> Class [1 Myocardium] Dice: 87.99
[2024-07-07 22:51:09,658][    INFO] ***** Evaluation ***** >>>> Class [2 Left Ventricle] Dice: 92.50
[2024-07-07 22:51:09,658][    INFO] ***** Evaluation ***** >>>> MeanDice: 85.16

[2024-07-07 22:51:09,722][    INFO] ===========> Epoch: 25, LR: 0.00536, Previous best: 90.29
[2024-07-07 22:51:10,144][    INFO] Iters: 0, Total loss: 0.026
[2024-07-07 22:51:14,345][    INFO] Iters: 15, Total loss: 0.023
[2024-07-07 22:51:19,124][    INFO] Iters: 30, Total loss: 0.023
[2024-07-07 22:51:24,648][    INFO] Iters: 45, Total loss: 0.022
[2024-07-07 22:51:28,650][    INFO] Iters: 60, Total loss: 0.022
[2024-07-07 22:51:34,936][    INFO] Iters: 75, Total loss: 0.022
[2024-07-07 22:51:39,029][    INFO] Iters: 90, Total loss: 0.023
[2024-07-07 22:51:45,278][    INFO] Iters: 105, Total loss: 0.023
[2024-07-07 22:51:49,289][    INFO] Iters: 120, Total loss: 0.023
[2024-07-07 22:51:53,885][    INFO] ***** Evaluation ***** >>>> Class [0 Right Ventricle] Dice: 73.80
[2024-07-07 22:51:53,885][    INFO] ***** Evaluation ***** >>>> Class [1 Myocardium] Dice: 87.35
[2024-07-07 22:51:53,885][    INFO] ***** Evaluation ***** >>>> Class [2 Left Ventricle] Dice: 91.64
[2024-07-07 22:51:53,885][    INFO] ***** Evaluation ***** >>>> MeanDice: 84.26

[2024-07-07 22:51:53,984][    INFO] ===========> Epoch: 26, LR: 0.00517, Previous best: 90.29
[2024-07-07 22:51:54,421][    INFO] Iters: 0, Total loss: 0.020
[2024-07-07 22:51:58,401][    INFO] Iters: 15, Total loss: 0.021
[2024-07-07 22:52:02,271][    INFO] Iters: 30, Total loss: 0.022
[2024-07-07 22:52:06,207][    INFO] Iters: 45, Total loss: 0.022
[2024-07-07 22:52:09,977][    INFO] Iters: 60, Total loss: 0.022
[2024-07-07 22:52:14,489][    INFO] Iters: 75, Total loss: 0.022
[2024-07-07 22:52:20,426][    INFO] Iters: 90, Total loss: 0.022
[2024-07-07 22:52:28,404][    INFO] Iters: 105, Total loss: 0.022
[2024-07-07 22:52:34,961][    INFO] Iters: 120, Total loss: 0.022
[2024-07-07 22:52:40,287][    INFO] ***** Evaluation ***** >>>> Class [0 Right Ventricle] Dice: 83.35
[2024-07-07 22:52:40,287][    INFO] ***** Evaluation ***** >>>> Class [1 Myocardium] Dice: 88.31
[2024-07-07 22:52:40,287][    INFO] ***** Evaluation ***** >>>> Class [2 Left Ventricle] Dice: 92.45
[2024-07-07 22:52:40,288][    INFO] ***** Evaluation ***** >>>> MeanDice: 88.04

[2024-07-07 22:52:40,383][    INFO] ===========> Epoch: 27, LR: 0.00497, Previous best: 90.29
[2024-07-07 22:52:40,889][    INFO] Iters: 0, Total loss: 0.022
[2024-07-07 22:52:44,864][    INFO] Iters: 15, Total loss: 0.022
[2024-07-07 22:52:49,212][    INFO] Iters: 30, Total loss: 0.022
[2024-07-07 22:52:53,645][    INFO] Iters: 45, Total loss: 0.022
[2024-07-07 22:52:58,606][    INFO] Iters: 60, Total loss: 0.022
[2024-07-07 22:53:06,796][    INFO] Iters: 75, Total loss: 0.022
[2024-07-07 22:53:10,767][    INFO] Iters: 90, Total loss: 0.022
[2024-07-07 22:53:18,971][    INFO] Iters: 105, Total loss: 0.022
[2024-07-07 22:53:23,117][    INFO] Iters: 120, Total loss: 0.022
[2024-07-07 22:53:33,481][    INFO] ***** Evaluation ***** >>>> Class [0 Right Ventricle] Dice: 84.03
[2024-07-07 22:53:33,481][    INFO] ***** Evaluation ***** >>>> Class [1 Myocardium] Dice: 88.27
[2024-07-07 22:53:33,481][    INFO] ***** Evaluation ***** >>>> Class [2 Left Ventricle] Dice: 92.51
[2024-07-07 22:53:33,482][    INFO] ***** Evaluation ***** >>>> MeanDice: 88.27

[2024-07-07 22:53:33,575][    INFO] ===========> Epoch: 28, LR: 0.00478, Previous best: 90.29
[2024-07-07 22:53:33,998][    INFO] Iters: 0, Total loss: 0.021
[2024-07-07 22:53:38,637][    INFO] Iters: 15, Total loss: 0.021
[2024-07-07 22:53:45,294][    INFO] Iters: 30, Total loss: 0.021
[2024-07-07 22:53:49,794][    INFO] Iters: 45, Total loss: 0.022
[2024-07-07 22:53:54,679][    INFO] Iters: 60, Total loss: 0.022
[2024-07-07 22:53:59,683][    INFO] Iters: 75, Total loss: 0.022
[2024-07-07 22:54:09,846][    INFO] Iters: 90, Total loss: 0.022
[2024-07-07 22:54:14,863][    INFO] Iters: 105, Total loss: 0.022
[2024-07-07 22:54:25,359][    INFO] Iters: 120, Total loss: 0.022
[2024-07-07 22:54:30,156][    INFO] ***** Evaluation ***** >>>> Class [0 Right Ventricle] Dice: 83.23
[2024-07-07 22:54:30,157][    INFO] ***** Evaluation ***** >>>> Class [1 Myocardium] Dice: 88.74
[2024-07-07 22:54:30,157][    INFO] ***** Evaluation ***** >>>> Class [2 Left Ventricle] Dice: 92.77
[2024-07-07 22:54:30,157][    INFO] ***** Evaluation ***** >>>> MeanDice: 88.25

[2024-07-07 22:54:30,261][    INFO] ===========> Epoch: 29, LR: 0.00458, Previous best: 90.29
[2024-07-07 22:54:30,703][    INFO] Iters: 0, Total loss: 0.022
[2024-07-07 22:54:35,334][    INFO] Iters: 15, Total loss: 0.022
[2024-07-07 22:54:39,753][    INFO] Iters: 30, Total loss: 0.021
[2024-07-07 22:54:44,077][    INFO] Iters: 45, Total loss: 0.022
[2024-07-07 22:54:48,627][    INFO] Iters: 60, Total loss: 0.021
[2024-07-07 22:54:58,392][    INFO] Iters: 75, Total loss: 0.021
[2024-07-07 22:55:03,352][    INFO] Iters: 90, Total loss: 0.022
[2024-07-07 22:55:10,696][    INFO] Iters: 105, Total loss: 0.022
[2024-07-07 22:55:14,441][    INFO] Iters: 120, Total loss: 0.022
[2024-07-07 22:55:23,677][    INFO] ***** Evaluation ***** >>>> Class [0 Right Ventricle] Dice: 83.13
[2024-07-07 22:55:23,677][    INFO] ***** Evaluation ***** >>>> Class [1 Myocardium] Dice: 88.51
[2024-07-07 22:55:23,677][    INFO] ***** Evaluation ***** >>>> Class [2 Left Ventricle] Dice: 92.93
[2024-07-07 22:55:23,677][    INFO] ***** Evaluation ***** >>>> MeanDice: 88.19

[2024-07-07 22:55:23,736][    INFO] ===========> Epoch: 30, LR: 0.00439, Previous best: 90.29
[2024-07-07 22:55:24,159][    INFO] Iters: 0, Total loss: 0.023
[2024-07-07 22:55:29,345][    INFO] Iters: 15, Total loss: 0.022
[2024-07-07 22:55:33,555][    INFO] Iters: 30, Total loss: 0.022
[2024-07-07 22:55:37,837][    INFO] Iters: 45, Total loss: 0.021
[2024-07-07 22:55:41,686][    INFO] Iters: 60, Total loss: 0.022
[2024-07-07 22:55:45,618][    INFO] Iters: 75, Total loss: 0.022
[2024-07-07 22:55:51,884][    INFO] Iters: 90, Total loss: 0.022
[2024-07-07 22:55:58,861][    INFO] Iters: 105, Total loss: 0.022
[2024-07-07 22:56:02,754][    INFO] Iters: 120, Total loss: 0.022
[2024-07-07 22:56:10,426][    INFO] ***** Evaluation ***** >>>> Class [0 Right Ventricle] Dice: 82.76
[2024-07-07 22:56:10,426][    INFO] ***** Evaluation ***** >>>> Class [1 Myocardium] Dice: 88.98
[2024-07-07 22:56:10,426][    INFO] ***** Evaluation ***** >>>> Class [2 Left Ventricle] Dice: 93.99
[2024-07-07 22:56:10,426][    INFO] ***** Evaluation ***** >>>> MeanDice: 88.58

[2024-07-07 22:56:10,520][    INFO] ===========> Epoch: 31, LR: 0.00419, Previous best: 90.29
[2024-07-07 22:56:11,001][    INFO] Iters: 0, Total loss: 0.022
[2024-07-07 22:56:15,140][    INFO] Iters: 15, Total loss: 0.022
[2024-07-07 22:56:21,199][    INFO] Iters: 30, Total loss: 0.022
[2024-07-07 22:56:25,276][    INFO] Iters: 45, Total loss: 0.022
[2024-07-07 22:56:29,148][    INFO] Iters: 60, Total loss: 0.022
[2024-07-07 22:56:33,131][    INFO] Iters: 75, Total loss: 0.021
[2024-07-07 22:56:36,998][    INFO] Iters: 90, Total loss: 0.021
[2024-07-07 22:56:40,966][    INFO] Iters: 105, Total loss: 0.022
[2024-07-07 22:56:44,912][    INFO] Iters: 120, Total loss: 0.022
[2024-07-07 22:56:50,687][    INFO] ***** Evaluation ***** >>>> Class [0 Right Ventricle] Dice: 82.22
[2024-07-07 22:56:50,687][    INFO] ***** Evaluation ***** >>>> Class [1 Myocardium] Dice: 88.79
[2024-07-07 22:56:50,687][    INFO] ***** Evaluation ***** >>>> Class [2 Left Ventricle] Dice: 92.13
[2024-07-07 22:56:50,687][    INFO] ***** Evaluation ***** >>>> MeanDice: 87.71

[2024-07-07 22:56:50,871][    INFO] ===========> Epoch: 32, LR: 0.00399, Previous best: 90.29
[2024-07-07 22:56:51,826][    INFO] Iters: 0, Total loss: 0.020
[2024-07-07 22:56:56,088][    INFO] Iters: 15, Total loss: 0.021
[2024-07-07 22:57:00,694][    INFO] Iters: 30, Total loss: 0.021
[2024-07-07 22:57:06,084][    INFO] Iters: 45, Total loss: 0.021
[2024-07-07 22:57:09,787][    INFO] Iters: 60, Total loss: 0.020
[2024-07-07 22:57:15,818][    INFO] Iters: 75, Total loss: 0.021
[2024-07-07 22:57:19,562][    INFO] Iters: 90, Total loss: 0.021
[2024-07-07 22:57:23,244][    INFO] Iters: 105, Total loss: 0.021
[2024-07-07 22:57:27,005][    INFO] Iters: 120, Total loss: 0.021
[2024-07-07 22:57:31,644][    INFO] ***** Evaluation ***** >>>> Class [0 Right Ventricle] Dice: 85.42
[2024-07-07 22:57:31,644][    INFO] ***** Evaluation ***** >>>> Class [1 Myocardium] Dice: 88.89
[2024-07-07 22:57:31,644][    INFO] ***** Evaluation ***** >>>> Class [2 Left Ventricle] Dice: 93.50
[2024-07-07 22:57:31,645][    INFO] ***** Evaluation ***** >>>> MeanDice: 89.27

[2024-07-07 22:57:31,745][    INFO] ===========> Epoch: 33, LR: 0.00379, Previous best: 90.29
[2024-07-07 22:57:32,186][    INFO] Iters: 0, Total loss: 0.020
[2024-07-07 22:57:36,129][    INFO] Iters: 15, Total loss: 0.022
[2024-07-07 22:57:40,025][    INFO] Iters: 30, Total loss: 0.021
[2024-07-07 22:57:45,639][    INFO] Iters: 45, Total loss: 0.021
[2024-07-07 22:57:50,093][    INFO] Iters: 60, Total loss: 0.021
[2024-07-07 22:57:53,799][    INFO] Iters: 75, Total loss: 0.021
[2024-07-07 22:57:59,996][    INFO] Iters: 90, Total loss: 0.021
[2024-07-07 22:58:03,673][    INFO] Iters: 105, Total loss: 0.021
[2024-07-07 22:58:07,385][    INFO] Iters: 120, Total loss: 0.021
[2024-07-07 22:58:12,159][    INFO] ***** Evaluation ***** >>>> Class [0 Right Ventricle] Dice: 81.45
[2024-07-07 22:58:12,159][    INFO] ***** Evaluation ***** >>>> Class [1 Myocardium] Dice: 88.53
[2024-07-07 22:58:12,159][    INFO] ***** Evaluation ***** >>>> Class [2 Left Ventricle] Dice: 93.17
[2024-07-07 22:58:12,160][    INFO] ***** Evaluation ***** >>>> MeanDice: 87.72

[2024-07-07 22:58:12,257][    INFO] ===========> Epoch: 34, LR: 0.00359, Previous best: 90.29
[2024-07-07 22:58:13,112][    INFO] Iters: 0, Total loss: 0.019
[2024-07-07 22:58:17,476][    INFO] Iters: 15, Total loss: 0.022
[2024-07-07 22:58:21,337][    INFO] Iters: 30, Total loss: 0.021
[2024-07-07 22:58:25,293][    INFO] Iters: 45, Total loss: 0.021
[2024-07-07 22:58:31,056][    INFO] Iters: 60, Total loss: 0.021
[2024-07-07 22:58:34,869][    INFO] Iters: 75, Total loss: 0.021
[2024-07-07 22:58:38,739][    INFO] Iters: 90, Total loss: 0.021
[2024-07-07 22:58:42,560][    INFO] Iters: 105, Total loss: 0.021
[2024-07-07 22:58:46,368][    INFO] Iters: 120, Total loss: 0.021
[2024-07-07 22:58:50,870][    INFO] ***** Evaluation ***** >>>> Class [0 Right Ventricle] Dice: 81.12
[2024-07-07 22:58:50,870][    INFO] ***** Evaluation ***** >>>> Class [1 Myocardium] Dice: 88.44
[2024-07-07 22:58:50,870][    INFO] ***** Evaluation ***** >>>> Class [2 Left Ventricle] Dice: 92.85
[2024-07-07 22:58:50,870][    INFO] ***** Evaluation ***** >>>> MeanDice: 87.47

[2024-07-07 22:58:50,964][    INFO] ===========> Epoch: 35, LR: 0.00339, Previous best: 90.29
[2024-07-07 22:58:51,401][    INFO] Iters: 0, Total loss: 0.018
[2024-07-07 22:58:55,374][    INFO] Iters: 15, Total loss: 0.021
[2024-07-07 22:58:59,379][    INFO] Iters: 30, Total loss: 0.021
[2024-07-07 22:59:05,312][    INFO] Iters: 45, Total loss: 0.021
[2024-07-07 22:59:09,068][    INFO] Iters: 60, Total loss: 0.021
[2024-07-07 22:59:12,952][    INFO] Iters: 75, Total loss: 0.021
[2024-07-07 22:59:16,842][    INFO] Iters: 90, Total loss: 0.021
[2024-07-07 22:59:20,654][    INFO] Iters: 105, Total loss: 0.021
[2024-07-07 22:59:24,473][    INFO] Iters: 120, Total loss: 0.021
[2024-07-07 22:59:28,942][    INFO] ***** Evaluation ***** >>>> Class [0 Right Ventricle] Dice: 84.68
[2024-07-07 22:59:28,942][    INFO] ***** Evaluation ***** >>>> Class [1 Myocardium] Dice: 88.66
[2024-07-07 22:59:28,942][    INFO] ***** Evaluation ***** >>>> Class [2 Left Ventricle] Dice: 93.15
[2024-07-07 22:59:28,942][    INFO] ***** Evaluation ***** >>>> MeanDice: 88.83

[2024-07-07 22:59:29,002][    INFO] ===========> Epoch: 36, LR: 0.00318, Previous best: 90.29
[2024-07-07 22:59:29,429][    INFO] Iters: 0, Total loss: 0.019
[2024-07-07 22:59:33,775][    INFO] Iters: 15, Total loss: 0.020
[2024-07-07 22:59:40,013][    INFO] Iters: 30, Total loss: 0.020
[2024-07-07 22:59:43,791][    INFO] Iters: 45, Total loss: 0.020
[2024-07-07 22:59:49,506][    INFO] Iters: 60, Total loss: 0.021
[2024-07-07 22:59:53,327][    INFO] Iters: 75, Total loss: 0.021
[2024-07-07 22:59:57,180][    INFO] Iters: 90, Total loss: 0.021
[2024-07-07 23:00:00,979][    INFO] Iters: 105, Total loss: 0.021
[2024-07-07 23:00:04,786][    INFO] Iters: 120, Total loss: 0.021
[2024-07-07 23:00:09,341][    INFO] ***** Evaluation ***** >>>> Class [0 Right Ventricle] Dice: 84.77
[2024-07-07 23:00:09,341][    INFO] ***** Evaluation ***** >>>> Class [1 Myocardium] Dice: 88.95
[2024-07-07 23:00:09,341][    INFO] ***** Evaluation ***** >>>> Class [2 Left Ventricle] Dice: 93.00
[2024-07-07 23:00:09,341][    INFO] ***** Evaluation ***** >>>> MeanDice: 88.90

[2024-07-07 23:00:09,440][    INFO] ===========> Epoch: 37, LR: 0.00298, Previous best: 90.29
[2024-07-07 23:00:09,884][    INFO] Iters: 0, Total loss: 0.020
[2024-07-07 23:00:13,848][    INFO] Iters: 15, Total loss: 0.021
[2024-07-07 23:00:19,053][    INFO] Iters: 30, Total loss: 0.021
[2024-07-07 23:00:23,992][    INFO] Iters: 45, Total loss: 0.021
[2024-07-07 23:00:28,193][    INFO] Iters: 60, Total loss: 0.021
[2024-07-07 23:00:34,269][    INFO] Iters: 75, Total loss: 0.021
[2024-07-07 23:00:38,207][    INFO] Iters: 90, Total loss: 0.021
[2024-07-07 23:00:44,282][    INFO] Iters: 105, Total loss: 0.021
[2024-07-07 23:00:48,072][    INFO] Iters: 120, Total loss: 0.021
[2024-07-07 23:00:52,497][    INFO] ***** Evaluation ***** >>>> Class [0 Right Ventricle] Dice: 83.96
[2024-07-07 23:00:52,497][    INFO] ***** Evaluation ***** >>>> Class [1 Myocardium] Dice: 88.04
[2024-07-07 23:00:52,498][    INFO] ***** Evaluation ***** >>>> Class [2 Left Ventricle] Dice: 91.82
[2024-07-07 23:00:52,498][    INFO] ***** Evaluation ***** >>>> MeanDice: 87.94

[2024-07-07 23:00:52,558][    INFO] ===========> Epoch: 38, LR: 0.00277, Previous best: 90.29
[2024-07-07 23:00:52,977][    INFO] Iters: 0, Total loss: 0.019
[2024-07-07 23:00:56,874][    INFO] Iters: 15, Total loss: 0.022
[2024-07-07 23:01:00,953][    INFO] Iters: 30, Total loss: 0.021
[2024-07-07 23:01:05,064][    INFO] Iters: 45, Total loss: 0.021
[2024-07-07 23:01:09,063][    INFO] Iters: 60, Total loss: 0.021
[2024-07-07 23:01:13,147][    INFO] Iters: 75, Total loss: 0.021
[2024-07-07 23:01:19,305][    INFO] Iters: 90, Total loss: 0.021
[2024-07-07 23:01:23,372][    INFO] Iters: 105, Total loss: 0.021
[2024-07-07 23:01:29,812][    INFO] Iters: 120, Total loss: 0.021
[2024-07-07 23:01:34,651][    INFO] ***** Evaluation ***** >>>> Class [0 Right Ventricle] Dice: 84.30
[2024-07-07 23:01:34,651][    INFO] ***** Evaluation ***** >>>> Class [1 Myocardium] Dice: 88.26
[2024-07-07 23:01:34,651][    INFO] ***** Evaluation ***** >>>> Class [2 Left Ventricle] Dice: 91.34
[2024-07-07 23:01:34,651][    INFO] ***** Evaluation ***** >>>> MeanDice: 87.97

[2024-07-07 23:01:34,804][    INFO] ===========> Epoch: 39, LR: 0.00256, Previous best: 90.29
[2024-07-07 23:01:35,286][    INFO] Iters: 0, Total loss: 0.016
[2024-07-07 23:01:39,489][    INFO] Iters: 15, Total loss: 0.021
[2024-07-07 23:01:43,587][    INFO] Iters: 30, Total loss: 0.021
[2024-07-07 23:01:47,743][    INFO] Iters: 45, Total loss: 0.021
[2024-07-07 23:01:51,715][    INFO] Iters: 60, Total loss: 0.020
[2024-07-07 23:01:55,710][    INFO] Iters: 75, Total loss: 0.020
[2024-07-07 23:02:02,588][    INFO] Iters: 90, Total loss: 0.020
[2024-07-07 23:02:06,570][    INFO] Iters: 105, Total loss: 0.020
[2024-07-07 23:02:12,459][    INFO] Iters: 120, Total loss: 0.020
[2024-07-07 23:02:17,207][    INFO] ***** Evaluation ***** >>>> Class [0 Right Ventricle] Dice: 80.94
[2024-07-07 23:02:17,207][    INFO] ***** Evaluation ***** >>>> Class [1 Myocardium] Dice: 88.44
[2024-07-07 23:02:17,207][    INFO] ***** Evaluation ***** >>>> Class [2 Left Ventricle] Dice: 92.44
[2024-07-07 23:02:17,207][    INFO] ***** Evaluation ***** >>>> MeanDice: 87.27

[2024-07-07 23:02:17,268][    INFO] ===========> Epoch: 40, LR: 0.00235, Previous best: 90.29
[2024-07-07 23:02:17,709][    INFO] Iters: 0, Total loss: 0.025
[2024-07-07 23:02:21,764][    INFO] Iters: 15, Total loss: 0.021
[2024-07-07 23:02:25,758][    INFO] Iters: 30, Total loss: 0.021
[2024-07-07 23:02:29,674][    INFO] Iters: 45, Total loss: 0.021
[2024-07-07 23:02:33,569][    INFO] Iters: 60, Total loss: 0.020
[2024-07-07 23:02:37,330][    INFO] Iters: 75, Total loss: 0.021
[2024-07-07 23:02:41,272][    INFO] Iters: 90, Total loss: 0.021
[2024-07-07 23:02:47,856][    INFO] Iters: 105, Total loss: 0.021
[2024-07-07 23:02:52,118][    INFO] Iters: 120, Total loss: 0.021
[2024-07-07 23:02:59,850][    INFO] ***** Evaluation ***** >>>> Class [0 Right Ventricle] Dice: 84.04
[2024-07-07 23:02:59,850][    INFO] ***** Evaluation ***** >>>> Class [1 Myocardium] Dice: 88.24
[2024-07-07 23:02:59,850][    INFO] ***** Evaluation ***** >>>> Class [2 Left Ventricle] Dice: 91.52
[2024-07-07 23:02:59,850][    INFO] ***** Evaluation ***** >>>> MeanDice: 87.93

[2024-07-07 23:02:59,945][    INFO] ===========> Epoch: 41, LR: 0.00214, Previous best: 90.29
[2024-07-07 23:03:00,368][    INFO] Iters: 0, Total loss: 0.021
[2024-07-07 23:03:06,384][    INFO] Iters: 15, Total loss: 0.020
[2024-07-07 23:03:12,645][    INFO] Iters: 30, Total loss: 0.020
[2024-07-07 23:03:16,930][    INFO] Iters: 45, Total loss: 0.020
[2024-07-07 23:03:22,232][    INFO] Iters: 60, Total loss: 0.020
[2024-07-07 23:03:27,113][    INFO] Iters: 75, Total loss: 0.020
[2024-07-07 23:03:31,870][    INFO] Iters: 90, Total loss: 0.020
[2024-07-07 23:03:36,084][    INFO] Iters: 105, Total loss: 0.020
[2024-07-07 23:03:44,062][    INFO] Iters: 120, Total loss: 0.020
[2024-07-07 23:03:48,596][    INFO] ***** Evaluation ***** >>>> Class [0 Right Ventricle] Dice: 84.49
[2024-07-07 23:03:48,597][    INFO] ***** Evaluation ***** >>>> Class [1 Myocardium] Dice: 88.59
[2024-07-07 23:03:48,597][    INFO] ***** Evaluation ***** >>>> Class [2 Left Ventricle] Dice: 92.18
[2024-07-07 23:03:48,597][    INFO] ***** Evaluation ***** >>>> MeanDice: 88.42

[2024-07-07 23:03:48,687][    INFO] ===========> Epoch: 42, LR: 0.00192, Previous best: 90.29
[2024-07-07 23:03:49,159][    INFO] Iters: 0, Total loss: 0.022
[2024-07-07 23:03:57,528][    INFO] Iters: 15, Total loss: 0.020
[2024-07-07 23:04:01,498][    INFO] Iters: 30, Total loss: 0.020
[2024-07-07 23:04:08,404][    INFO] Iters: 45, Total loss: 0.020
[2024-07-07 23:04:12,112][    INFO] Iters: 60, Total loss: 0.020
[2024-07-07 23:04:16,118][    INFO] Iters: 75, Total loss: 0.020
[2024-07-07 23:04:20,925][    INFO] Iters: 90, Total loss: 0.020
[2024-07-07 23:04:24,687][    INFO] Iters: 105, Total loss: 0.020
[2024-07-07 23:04:28,467][    INFO] Iters: 120, Total loss: 0.020
[2024-07-07 23:04:33,780][    INFO] ***** Evaluation ***** >>>> Class [0 Right Ventricle] Dice: 82.44
[2024-07-07 23:04:33,781][    INFO] ***** Evaluation ***** >>>> Class [1 Myocardium] Dice: 88.56
[2024-07-07 23:04:33,781][    INFO] ***** Evaluation ***** >>>> Class [2 Left Ventricle] Dice: 92.36
[2024-07-07 23:04:33,781][    INFO] ***** Evaluation ***** >>>> MeanDice: 87.79

[2024-07-07 23:04:34,043][    INFO] ===========> Epoch: 43, LR: 0.00171, Previous best: 90.29
[2024-07-07 23:04:34,633][    INFO] Iters: 0, Total loss: 0.020
[2024-07-07 23:04:38,778][    INFO] Iters: 15, Total loss: 0.021
[2024-07-07 23:04:48,766][    INFO] Iters: 30, Total loss: 0.020
[2024-07-07 23:04:53,094][    INFO] Iters: 45, Total loss: 0.020
[2024-07-07 23:05:03,280][    INFO] Iters: 60, Total loss: 0.020
[2024-07-07 23:05:07,010][    INFO] Iters: 75, Total loss: 0.020
[2024-07-07 23:05:15,872][    INFO] Iters: 90, Total loss: 0.020
[2024-07-07 23:05:19,671][    INFO] Iters: 105, Total loss: 0.020
[2024-07-07 23:05:23,437][    INFO] Iters: 120, Total loss: 0.020
[2024-07-07 23:05:28,167][    INFO] ***** Evaluation ***** >>>> Class [0 Right Ventricle] Dice: 84.02
[2024-07-07 23:05:28,167][    INFO] ***** Evaluation ***** >>>> Class [1 Myocardium] Dice: 88.70
[2024-07-07 23:05:28,167][    INFO] ***** Evaluation ***** >>>> Class [2 Left Ventricle] Dice: 92.72
[2024-07-07 23:05:28,167][    INFO] ***** Evaluation ***** >>>> MeanDice: 88.48

[2024-07-07 23:05:28,236][    INFO] ===========> Epoch: 44, LR: 0.00149, Previous best: 90.29
[2024-07-07 23:05:28,689][    INFO] Iters: 0, Total loss: 0.020
[2024-07-07 23:05:32,782][    INFO] Iters: 15, Total loss: 0.019
[2024-07-07 23:05:36,674][    INFO] Iters: 30, Total loss: 0.020
[2024-07-07 23:05:41,030][    INFO] Iters: 45, Total loss: 0.020
[2024-07-07 23:05:47,354][    INFO] Iters: 60, Total loss: 0.020
[2024-07-07 23:05:51,974][    INFO] Iters: 75, Total loss: 0.020
[2024-07-07 23:05:55,766][    INFO] Iters: 90, Total loss: 0.020
[2024-07-07 23:05:59,670][    INFO] Iters: 105, Total loss: 0.020
[2024-07-07 23:06:03,682][    INFO] Iters: 120, Total loss: 0.020
[2024-07-07 23:06:08,587][    INFO] ***** Evaluation ***** >>>> Class [0 Right Ventricle] Dice: 84.06
[2024-07-07 23:06:08,588][    INFO] ***** Evaluation ***** >>>> Class [1 Myocardium] Dice: 89.09
[2024-07-07 23:06:08,588][    INFO] ***** Evaluation ***** >>>> Class [2 Left Ventricle] Dice: 92.94
[2024-07-07 23:06:08,588][    INFO] ***** Evaluation ***** >>>> MeanDice: 88.70

[2024-07-07 23:06:08,648][    INFO] ===========> Epoch: 45, LR: 0.00126, Previous best: 90.29
[2024-07-07 23:06:09,056][    INFO] Iters: 0, Total loss: 0.027
[2024-07-07 23:06:13,095][    INFO] Iters: 15, Total loss: 0.020
[2024-07-07 23:06:19,094][    INFO] Iters: 30, Total loss: 0.020
[2024-07-07 23:06:23,679][    INFO] Iters: 45, Total loss: 0.020
[2024-07-07 23:06:28,609][    INFO] Iters: 60, Total loss: 0.020
[2024-07-07 23:06:34,330][    INFO] Iters: 75, Total loss: 0.020
[2024-07-07 23:06:38,335][    INFO] Iters: 90, Total loss: 0.020
[2024-07-07 23:06:42,226][    INFO] Iters: 105, Total loss: 0.020
[2024-07-07 23:06:46,124][    INFO] Iters: 120, Total loss: 0.020
[2024-07-07 23:06:50,718][    INFO] ***** Evaluation ***** >>>> Class [0 Right Ventricle] Dice: 84.95
[2024-07-07 23:06:50,718][    INFO] ***** Evaluation ***** >>>> Class [1 Myocardium] Dice: 89.54
[2024-07-07 23:06:50,718][    INFO] ***** Evaluation ***** >>>> Class [2 Left Ventricle] Dice: 93.55
[2024-07-07 23:06:50,718][    INFO] ***** Evaluation ***** >>>> MeanDice: 89.35

[2024-07-07 23:06:50,812][    INFO] ===========> Epoch: 46, LR: 0.00103, Previous best: 90.29
[2024-07-07 23:06:51,244][    INFO] Iters: 0, Total loss: 0.026
[2024-07-07 23:06:55,479][    INFO] Iters: 15, Total loss: 0.021
[2024-07-07 23:06:59,486][    INFO] Iters: 30, Total loss: 0.020
[2024-07-07 23:07:05,672][    INFO] Iters: 45, Total loss: 0.020
[2024-07-07 23:07:09,717][    INFO] Iters: 60, Total loss: 0.020
[2024-07-07 23:07:24,942][    INFO] Iters: 75, Total loss: 0.020
[2024-07-07 23:07:28,944][    INFO] Iters: 90, Total loss: 0.020
[2024-07-07 23:07:45,948][    INFO] Iters: 105, Total loss: 0.020
[2024-07-07 23:07:49,812][    INFO] Iters: 120, Total loss: 0.020
[2024-07-07 23:07:54,543][    INFO] ***** Evaluation ***** >>>> Class [0 Right Ventricle] Dice: 84.81
[2024-07-07 23:07:54,543][    INFO] ***** Evaluation ***** >>>> Class [1 Myocardium] Dice: 89.42
[2024-07-07 23:07:54,543][    INFO] ***** Evaluation ***** >>>> Class [2 Left Ventricle] Dice: 93.54
[2024-07-07 23:07:54,543][    INFO] ***** Evaluation ***** >>>> MeanDice: 89.26

[2024-07-07 23:07:54,834][    INFO] ===========> Epoch: 47, LR: 0.00080, Previous best: 90.29
[2024-07-07 23:07:55,315][    INFO] Iters: 0, Total loss: 0.022
[2024-07-07 23:07:59,555][    INFO] Iters: 15, Total loss: 0.021
[2024-07-07 23:08:03,759][    INFO] Iters: 30, Total loss: 0.021
[2024-07-07 23:08:07,907][    INFO] Iters: 45, Total loss: 0.020
[2024-07-07 23:08:11,929][    INFO] Iters: 60, Total loss: 0.020
[2024-07-07 23:08:16,093][    INFO] Iters: 75, Total loss: 0.020
[2024-07-07 23:08:30,602][    INFO] Iters: 90, Total loss: 0.020
[2024-07-07 23:08:34,452][    INFO] Iters: 105, Total loss: 0.020
[2024-07-07 23:08:49,079][    INFO] Iters: 120, Total loss: 0.020
[2024-07-07 23:08:53,884][    INFO] ***** Evaluation ***** >>>> Class [0 Right Ventricle] Dice: 83.84
[2024-07-07 23:08:53,884][    INFO] ***** Evaluation ***** >>>> Class [1 Myocardium] Dice: 89.03
[2024-07-07 23:08:53,884][    INFO] ***** Evaluation ***** >>>> Class [2 Left Ventricle] Dice: 93.03
[2024-07-07 23:08:53,884][    INFO] ***** Evaluation ***** >>>> MeanDice: 88.63

[2024-07-07 23:08:53,944][    INFO] ===========> Epoch: 48, LR: 0.00055, Previous best: 90.29
[2024-07-07 23:08:54,378][    INFO] Iters: 0, Total loss: 0.020
[2024-07-07 23:08:58,403][    INFO] Iters: 15, Total loss: 0.020
[2024-07-07 23:09:02,386][    INFO] Iters: 30, Total loss: 0.020
[2024-07-07 23:09:06,208][    INFO] Iters: 45, Total loss: 0.020
[2024-07-07 23:09:10,034][    INFO] Iters: 60, Total loss: 0.020
[2024-07-07 23:09:13,981][    INFO] Iters: 75, Total loss: 0.020
[2024-07-07 23:09:17,992][    INFO] Iters: 90, Total loss: 0.020
[2024-07-07 23:09:35,409][    INFO] Iters: 105, Total loss: 0.020
[2024-07-07 23:09:39,166][    INFO] Iters: 120, Total loss: 0.020
[2024-07-07 23:09:56,185][    INFO] ***** Evaluation ***** >>>> Class [0 Right Ventricle] Dice: 84.17
[2024-07-07 23:09:56,186][    INFO] ***** Evaluation ***** >>>> Class [1 Myocardium] Dice: 89.15
[2024-07-07 23:09:56,186][    INFO] ***** Evaluation ***** >>>> Class [2 Left Ventricle] Dice: 93.15
[2024-07-07 23:09:56,186][    INFO] ***** Evaluation ***** >>>> MeanDice: 88.82

[2024-07-07 23:09:56,387][    INFO] ===========> Epoch: 49, LR: 0.00030, Previous best: 90.29
[2024-07-07 23:09:56,800][    INFO] Iters: 0, Total loss: 0.019
[2024-07-07 23:10:01,111][    INFO] Iters: 15, Total loss: 0.020
[2024-07-07 23:10:05,159][    INFO] Iters: 30, Total loss: 0.019
[2024-07-07 23:10:09,068][    INFO] Iters: 45, Total loss: 0.020
[2024-07-07 23:10:13,006][    INFO] Iters: 60, Total loss: 0.020
[2024-07-07 23:10:16,957][    INFO] Iters: 75, Total loss: 0.020
[2024-07-07 23:10:24,030][    INFO] Iters: 90, Total loss: 0.020
[2024-07-07 23:11:10,859][    INFO] Iters: 105, Total loss: 0.020
[2024-07-07 23:11:14,755][    INFO] Iters: 120, Total loss: 0.020
[2024-07-07 23:11:50,150][    INFO] ***** Evaluation ***** >>>> Class [0 Right Ventricle] Dice: 84.05
[2024-07-07 23:11:50,151][    INFO] ***** Evaluation ***** >>>> Class [1 Myocardium] Dice: 88.90
[2024-07-07 23:11:50,151][    INFO] ***** Evaluation ***** >>>> Class [2 Left Ventricle] Dice: 92.83
[2024-07-07 23:11:50,151][    INFO] ***** Evaluation ***** >>>> MeanDice: 88.59

