[2024-07-06 21:28:58,835][    INFO] {'batch_size': 12,
 'conf_thresh': 0.95,
 'crop_size': 256,
 'data_root': '/vol/aimspace/projects/ukbb/data/cardiac/cardiac_segmentations/subjects',
 'dataset': 'ukbb',
 'epochs': 1,
 'exp': '4',
 'local_rank': 0,
 'lr': 0.01,
 'mode': 'train',
 'nclass': 4,
 'nclass_classif': 3,
 'ngpus': 1,
 'num_workers': 1,
 'port': 8318,
 'seed': '42',
 'seg_model': 'unet',
 'split': 18,
 'task': 'multi_modal',
 'visualize': False}

[2024-07-06 21:29:00,941][    INFO] Total params: 2.0M

[2024-07-06 21:29:01,551][    INFO] ===========> Epoch: 0, LR: 0.01000, Previous best: 0.00
[2024-07-06 21:29:05,128][    INFO] Iters: 0, Total loss: 1.180
[2024-07-06 21:29:10,910][    INFO] Iters: 15, Total loss: 0.675
[2024-07-06 21:29:16,339][    INFO] Iters: 30, Total loss: 0.546
[2024-07-06 21:29:21,284][    INFO] Iters: 45, Total loss: 0.494
[2024-07-06 21:29:25,612][    INFO] Iters: 60, Total loss: 0.463
[2024-07-06 21:29:29,509][    INFO] Iters: 75, Total loss: 0.437
[2024-07-06 21:29:33,340][    INFO] Iters: 90, Total loss: 0.414
[2024-07-06 21:29:37,199][    INFO] Iters: 105, Total loss: 0.397
[2024-07-06 21:29:46,318][    INFO] ***** Evaluation ***** >>>> Class [0 Right Ventricle] Dice: 7.94
[2024-07-06 21:29:46,319][    INFO] ***** Evaluation ***** >>>> Class [1 Myocardium] Dice: 3.04
[2024-07-06 21:29:46,319][    INFO] ***** Evaluation ***** >>>> Class [2 Left Ventricle] Dice: 5.57
[2024-07-06 21:29:46,319][    INFO] ***** Evaluation ***** >>>> MeanDice: 5.52

