[2024-02-13 22:01:37,515][    INFO] Unimatch Unet 7 Pretrained on ACDC
[2024-02-13 22:01:37,515][    INFO] Test Data - 1 Patients
[2024-02-13 22:01:41,931][    INFO] ***** Evaluation ***** >>>> Class [0 Right Ventricle] Dice: 100.00
[2024-02-13 22:01:41,932][    INFO] ***** Evaluation ***** >>>> Class [1 Myocardium] Dice: 100.00
[2024-02-13 22:01:41,932][    INFO] ***** Evaluation ***** >>>> Class [2 Left Ventricle] Dice: 100.00
[2024-02-13 22:01:41,932][    INFO] ***** Evaluation ***** >>>> MeanDice: 100.00

[2024-02-13 22:01:41,935][    INFO] ***** Evaluation ***** >>>> Class [0 Right Ventricle] Dice: 0.00
[2024-02-13 22:01:41,935][    INFO] ***** Evaluation ***** >>>> Class [1 Myocardium] Dice: 100.00
[2024-02-13 22:01:41,935][    INFO] ***** Evaluation ***** >>>> Class [2 Left Ventricle] Dice: 100.00
[2024-02-13 22:01:41,935][    INFO] ***** Evaluation ***** >>>> MeanDice: 66.67

[2024-02-13 22:01:41,937][    INFO] ***** Evaluation ***** >>>> Class [0 Right Ventricle] Dice: 44.90
[2024-02-13 22:01:41,937][    INFO] ***** Evaluation ***** >>>> Class [1 Myocardium] Dice: 84.00
[2024-02-13 22:01:41,937][    INFO] ***** Evaluation ***** >>>> Class [2 Left Ventricle] Dice: 95.53
[2024-02-13 22:01:41,937][    INFO] ***** Evaluation ***** >>>> MeanDice: 74.81

[2024-02-13 22:01:41,938][    INFO] ***** Evaluation ***** >>>> Class [0 Right Ventricle] Dice: 93.59
[2024-02-13 22:01:41,938][    INFO] ***** Evaluation ***** >>>> Class [1 Myocardium] Dice: 86.47
[2024-02-13 22:01:41,938][    INFO] ***** Evaluation ***** >>>> Class [2 Left Ventricle] Dice: 91.68
[2024-02-13 22:01:41,938][    INFO] ***** Evaluation ***** >>>> MeanDice: 90.58

[2024-02-13 22:01:41,938][    INFO] ***** Evaluation ***** >>>> Class [0 Right Ventricle] Dice: 93.10
[2024-02-13 22:01:41,938][    INFO] ***** Evaluation ***** >>>> Class [1 Myocardium] Dice: 85.48
[2024-02-13 22:01:41,939][    INFO] ***** Evaluation ***** >>>> Class [2 Left Ventricle] Dice: 88.04
[2024-02-13 22:01:41,939][    INFO] ***** Evaluation ***** >>>> MeanDice: 88.87

[2024-02-13 22:01:41,939][    INFO] ***** Evaluation ***** >>>> Class [0 Right Ventricle] Dice: 88.89
[2024-02-13 22:01:41,939][    INFO] ***** Evaluation ***** >>>> Class [1 Myocardium] Dice: 78.57
[2024-02-13 22:01:41,939][    INFO] ***** Evaluation ***** >>>> Class [2 Left Ventricle] Dice: 86.70
[2024-02-13 22:01:41,939][    INFO] ***** Evaluation ***** >>>> MeanDice: 84.72

[2024-02-13 22:01:41,940][    INFO] ***** Evaluation ***** >>>> Class [0 Right Ventricle] Dice: 67.80
[2024-02-13 22:01:41,940][    INFO] ***** Evaluation ***** >>>> Class [1 Myocardium] Dice: 59.77
[2024-02-13 22:01:41,940][    INFO] ***** Evaluation ***** >>>> Class [2 Left Ventricle] Dice: 29.13
[2024-02-13 22:01:41,940][    INFO] ***** Evaluation ***** >>>> MeanDice: 52.23

[2024-02-13 22:01:41,941][    INFO] ***** Evaluation ***** >>>> Class [0 Right Ventricle] Dice: 0.00
[2024-02-13 22:01:41,941][    INFO] ***** Evaluation ***** >>>> Class [1 Myocardium] Dice: 89.16
[2024-02-13 22:01:41,941][    INFO] ***** Evaluation ***** >>>> Class [2 Left Ventricle] Dice: 85.56
[2024-02-13 22:01:41,941][    INFO] ***** Evaluation ***** >>>> MeanDice: 58.24

[2024-02-13 22:01:41,942][    INFO] ***** Evaluation ***** >>>> Class [0 Right Ventricle] Dice: 100.00
[2024-02-13 22:01:41,942][    INFO] ***** Evaluation ***** >>>> Class [1 Myocardium] Dice: 0.00
[2024-02-13 22:01:41,942][    INFO] ***** Evaluation ***** >>>> Class [2 Left Ventricle] Dice: 0.00
[2024-02-13 22:01:41,942][    INFO] ***** Evaluation ***** >>>> MeanDice: 33.33

[2024-02-13 22:01:41,943][    INFO] ***** Evaluation ***** >>>> Class [0 Right Ventricle] Dice: 100.00
[2024-02-13 22:01:41,943][    INFO] ***** Evaluation ***** >>>> Class [1 Myocardium] Dice: 100.00
[2024-02-13 22:01:41,943][    INFO] ***** Evaluation ***** >>>> Class [2 Left Ventricle] Dice: 100.00
[2024-02-13 22:01:41,943][    INFO] ***** Evaluation ***** >>>> MeanDice: 100.00

[2024-02-13 22:01:41,944][    INFO] ***** Evaluation ***** >>>> Class [0 Right Ventricle] Dice: 100.00
[2024-02-13 22:01:41,944][    INFO] ***** Evaluation ***** >>>> Class [1 Myocardium] Dice: 100.00
[2024-02-13 22:01:41,944][    INFO] ***** Evaluation ***** >>>> Class [2 Left Ventricle] Dice: 100.00
[2024-02-13 22:01:41,944][    INFO] ***** Evaluation ***** >>>> MeanDice: 100.00

[2024-02-13 22:01:41,961][    INFO] ***** Evaluation ***** >>>> Class [0 Right Ventricle] Dice: 0.00
[2024-02-13 22:01:41,961][    INFO] ***** Evaluation ***** >>>> Class [1 Myocardium] Dice: 28.05
[2024-02-13 22:01:41,961][    INFO] ***** Evaluation ***** >>>> Class [2 Left Ventricle] Dice: 5.39
[2024-02-13 22:01:41,961][    INFO] ***** Evaluation ***** >>>> MeanDice: 11.15

[2024-02-13 22:01:41,962][    INFO] ***** Evaluation ***** >>>> Class [0 Right Ventricle] Dice: 95.52
[2024-02-13 22:01:41,962][    INFO] ***** Evaluation ***** >>>> Class [1 Myocardium] Dice: 74.08
[2024-02-13 22:01:41,962][    INFO] ***** Evaluation ***** >>>> Class [2 Left Ventricle] Dice: 96.69
[2024-02-13 22:01:41,962][    INFO] ***** Evaluation ***** >>>> MeanDice: 88.77

[2024-02-13 22:01:41,963][    INFO] ***** Evaluation ***** >>>> Class [0 Right Ventricle] Dice: 93.65
[2024-02-13 22:01:41,963][    INFO] ***** Evaluation ***** >>>> Class [1 Myocardium] Dice: 80.38
[2024-02-13 22:01:41,963][    INFO] ***** Evaluation ***** >>>> Class [2 Left Ventricle] Dice: 96.82
[2024-02-13 22:01:41,963][    INFO] ***** Evaluation ***** >>>> MeanDice: 90.28

[2024-02-13 22:01:41,964][    INFO] ***** Evaluation ***** >>>> Class [0 Right Ventricle] Dice: 94.75
[2024-02-13 22:01:41,964][    INFO] ***** Evaluation ***** >>>> Class [1 Myocardium] Dice: 77.12
[2024-02-13 22:01:41,964][    INFO] ***** Evaluation ***** >>>> Class [2 Left Ventricle] Dice: 96.06
[2024-02-13 22:01:41,964][    INFO] ***** Evaluation ***** >>>> MeanDice: 89.31

[2024-02-13 22:01:41,965][    INFO] ***** Evaluation ***** >>>> Class [0 Right Ventricle] Dice: 94.92
[2024-02-13 22:01:41,965][    INFO] ***** Evaluation ***** >>>> Class [1 Myocardium] Dice: 76.15
[2024-02-13 22:01:41,965][    INFO] ***** Evaluation ***** >>>> Class [2 Left Ventricle] Dice: 94.93
[2024-02-13 22:01:41,965][    INFO] ***** Evaluation ***** >>>> MeanDice: 88.67

[2024-02-13 22:01:41,965][    INFO] ***** Evaluation ***** >>>> Class [0 Right Ventricle] Dice: 32.96
[2024-02-13 22:01:41,965][    INFO] ***** Evaluation ***** >>>> Class [1 Myocardium] Dice: 57.85
[2024-02-13 22:01:41,966][    INFO] ***** Evaluation ***** >>>> Class [2 Left Ventricle] Dice: 92.92
[2024-02-13 22:01:41,966][    INFO] ***** Evaluation ***** >>>> MeanDice: 61.24

[2024-02-13 22:01:41,966][    INFO] ***** Evaluation ***** >>>> Class [0 Right Ventricle] Dice: 0.00
[2024-02-13 22:01:41,966][    INFO] ***** Evaluation ***** >>>> Class [1 Myocardium] Dice: 36.23
[2024-02-13 22:01:41,966][    INFO] ***** Evaluation ***** >>>> Class [2 Left Ventricle] Dice: 43.26
[2024-02-13 22:01:41,966][    INFO] ***** Evaluation ***** >>>> MeanDice: 26.50

[2024-02-13 22:01:41,967][    INFO] ***** Evaluation ***** >>>> Class [0 Right Ventricle] Dice: 0.00
[2024-02-13 22:01:41,967][    INFO] ***** Evaluation ***** >>>> Class [1 Myocardium] Dice: 66.87
[2024-02-13 22:01:41,967][    INFO] ***** Evaluation ***** >>>> Class [2 Left Ventricle] Dice: 92.05
[2024-02-13 22:01:41,967][    INFO] ***** Evaluation ***** >>>> MeanDice: 52.97

[2024-02-13 22:01:41,968][    INFO] ***** Evaluation ***** >>>> Class [0 Right Ventricle] Dice: 100.00
[2024-02-13 22:01:41,968][    INFO] ***** Evaluation ***** >>>> Class [1 Myocardium] Dice: 0.00
[2024-02-13 22:01:41,968][    INFO] ***** Evaluation ***** >>>> Class [2 Left Ventricle] Dice: 0.00
[2024-02-13 22:01:41,968][    INFO] ***** Evaluation ***** >>>> MeanDice: 33.33

[2024-02-13 22:01:41,969][    INFO] ***** Evaluation ***** >>>> Class [0 Right Ventricle] Dice: 100.00
[2024-02-13 22:01:41,969][    INFO] ***** Evaluation ***** >>>> Class [1 Myocardium] Dice: 0.00
[2024-02-13 22:01:41,969][    INFO] ***** Evaluation ***** >>>> Class [2 Left Ventricle] Dice: 100.00
[2024-02-13 22:01:41,969][    INFO] ***** Evaluation ***** >>>> MeanDice: 66.67

[2024-02-13 22:01:41,970][    INFO] ***** Evaluation ***** >>>> Class [0 Right Ventricle] Dice: 100.00
[2024-02-13 22:01:41,970][    INFO] ***** Evaluation ***** >>>> Class [1 Myocardium] Dice: 100.00
[2024-02-13 22:01:41,970][    INFO] ***** Evaluation ***** >>>> Class [2 Left Ventricle] Dice: 100.00
[2024-02-13 22:01:41,970][    INFO] ***** Evaluation ***** >>>> MeanDice: 100.00

